[2023-12-06T22:05:56.717+0500] {taskinstance.py:1159} INFO - Dependencies all met for dep_context=non-requeueable deps ti=<TaskInstance: etl_dag2.extract_data scheduled__2023-02-04T00:00:00+00:00 [queued]>
[2023-12-06T22:05:56.728+0500] {taskinstance.py:1159} INFO - Dependencies all met for dep_context=requeueable deps ti=<TaskInstance: etl_dag2.extract_data scheduled__2023-02-04T00:00:00+00:00 [queued]>
[2023-12-06T22:05:56.728+0500] {taskinstance.py:1361} INFO - Starting attempt 2 of 2
[2023-12-06T22:05:56.863+0500] {taskinstance.py:1382} INFO - Executing <Task(PythonOperator): extract_data> on 2023-02-04 00:00:00+00:00
[2023-12-06T22:05:56.865+0500] {standard_task_runner.py:57} INFO - Started process 21223 to run task
[2023-12-06T22:05:56.871+0500] {standard_task_runner.py:84} INFO - Running: ['airflow', 'tasks', 'run', 'etl_dag2', 'extract_data', 'scheduled__2023-02-04T00:00:00+00:00', '--job-id', '131', '--raw', '--subdir', 'DAGS_FOLDER/airflow_dag.py', '--cfg-path', '/tmp/tmp9nabwmhk']
[2023-12-06T22:05:56.871+0500] {standard_task_runner.py:85} INFO - Job 131: Subtask extract_data
[2023-12-06T22:05:57.042+0500] {task_command.py:416} INFO - Running <TaskInstance: etl_dag2.extract_data scheduled__2023-02-04T00:00:00+00:00 [running]> on host amina-HP-ProBook-450-G2
[2023-12-06T22:05:57.222+0500] {taskinstance.py:1662} INFO - Exporting env vars: AIRFLOW_CTX_DAG_OWNER='amina_bibi' AIRFLOW_CTX_DAG_ID='etl_dag2' AIRFLOW_CTX_TASK_ID='extract_data' AIRFLOW_CTX_EXECUTION_DATE='2023-02-04T00:00:00+00:00' AIRFLOW_CTX_TRY_NUMBER='2' AIRFLOW_CTX_DAG_RUN_ID='scheduled__2023-02-04T00:00:00+00:00'
[2023-12-06T22:05:57.224+0500] {taskinstance.py:1937} ERROR - Task failed with exception
Traceback (most recent call last):
  File "/home/amina/miniconda/lib/python3.11/site-packages/airflow/operators/python.py", line 192, in execute
    return_value = self.execute_callable()
                   ^^^^^^^^^^^^^^^^^^^^^^^
  File "/home/amina/miniconda/lib/python3.11/site-packages/airflow/operators/python.py", line 209, in execute_callable
    return self.python_callable(*self.op_args, **self.op_kwargs)
           ^^^^^^^^^^^^^^^^^^^^^^^^^^^^^^^^^^^^^^^^^^^^^^^^^^^^^
  File "/home/amina/airflow/dags/airflow_dag.py", line 45, in extract_data
    with open(data_source_path, 'r') as file:
         ^^^^^^^^^^^^^^^^^^^^^^^^^^^
FileNotFoundError: [Errno 2] No such file or directory: '/home/amina/airflow/dags/data.csv'
[2023-12-06T22:05:57.228+0500] {taskinstance.py:1400} INFO - Marking task as FAILED. dag_id=etl_dag2, task_id=extract_data, execution_date=20230204T000000, start_date=20231206T170556, end_date=20231206T170557
[2023-12-06T22:05:57.407+0500] {standard_task_runner.py:104} ERROR - Failed to execute job 131 for task extract_data ([Errno 2] No such file or directory: '/home/amina/airflow/dags/data.csv'; 21223)
[2023-12-06T22:05:57.443+0500] {local_task_job_runner.py:228} INFO - Task exited with return code 1
[2023-12-06T22:05:57.464+0500] {taskinstance.py:2778} INFO - 0 downstream tasks scheduled from follow-on schedule check
