[2023-11-28T11:37:29.240+0500] {processor.py:157} INFO - Started process (PID=6479) to work on /home/amina/miniconda/lib/python3.11/site-packages/airflow/example_dags/example_xcomargs.py
[2023-11-28T11:37:29.241+0500] {processor.py:829} INFO - Processing file /home/amina/miniconda/lib/python3.11/site-packages/airflow/example_dags/example_xcomargs.py for tasks to queue
[2023-11-28T11:37:29.243+0500] {logging_mixin.py:154} INFO - [2023-11-28T11:37:29.242+0500] {dagbag.py:536} INFO - Filling up the DagBag from /home/amina/miniconda/lib/python3.11/site-packages/airflow/example_dags/example_xcomargs.py
[2023-11-28T11:37:29.256+0500] {processor.py:839} INFO - DAG(s) dict_keys(['example_xcom_args', 'example_xcom_args_with_operators']) retrieved from /home/amina/miniconda/lib/python3.11/site-packages/airflow/example_dags/example_xcomargs.py
[2023-11-28T11:37:29.285+0500] {logging_mixin.py:154} INFO - [2023-11-28T11:37:29.285+0500] {dag.py:2941} INFO - Sync 2 DAGs
[2023-11-28T11:37:29.301+0500] {logging_mixin.py:154} INFO - [2023-11-28T11:37:29.301+0500] {dag.py:3722} INFO - Setting next_dagrun for example_xcom_args to None, run_after=None
[2023-11-28T11:37:29.306+0500] {logging_mixin.py:154} INFO - [2023-11-28T11:37:29.306+0500] {dag.py:3722} INFO - Setting next_dagrun for example_xcom_args_with_operators to None, run_after=None
[2023-11-28T11:37:29.415+0500] {processor.py:179} INFO - Processing /home/amina/miniconda/lib/python3.11/site-packages/airflow/example_dags/example_xcomargs.py took 0.178 seconds
[2023-11-28T11:38:28.190+0500] {processor.py:157} INFO - Started process (PID=6625) to work on /home/amina/miniconda/lib/python3.11/site-packages/airflow/example_dags/example_xcomargs.py
[2023-11-28T11:38:28.214+0500] {processor.py:829} INFO - Processing file /home/amina/miniconda/lib/python3.11/site-packages/airflow/example_dags/example_xcomargs.py for tasks to queue
[2023-11-28T11:38:28.215+0500] {logging_mixin.py:154} INFO - [2023-11-28T11:38:28.215+0500] {dagbag.py:536} INFO - Filling up the DagBag from /home/amina/miniconda/lib/python3.11/site-packages/airflow/example_dags/example_xcomargs.py
[2023-11-28T11:38:28.223+0500] {processor.py:839} INFO - DAG(s) dict_keys(['example_xcom_args_with_operators', 'example_xcom_args']) retrieved from /home/amina/miniconda/lib/python3.11/site-packages/airflow/example_dags/example_xcomargs.py
[2023-11-28T11:38:28.239+0500] {logging_mixin.py:154} INFO - [2023-11-28T11:38:28.239+0500] {dag.py:2941} INFO - Sync 2 DAGs
[2023-11-28T11:38:28.249+0500] {logging_mixin.py:154} INFO - [2023-11-28T11:38:28.249+0500] {dag.py:3722} INFO - Setting next_dagrun for example_xcom_args to None, run_after=None
[2023-11-28T11:38:28.252+0500] {logging_mixin.py:154} INFO - [2023-11-28T11:38:28.252+0500] {dag.py:3722} INFO - Setting next_dagrun for example_xcom_args_with_operators to None, run_after=None
[2023-11-28T11:38:28.345+0500] {processor.py:179} INFO - Processing /home/amina/miniconda/lib/python3.11/site-packages/airflow/example_dags/example_xcomargs.py took 0.158 seconds
[2023-11-28T11:39:17.853+0500] {processor.py:157} INFO - Started process (PID=6743) to work on /home/amina/miniconda/lib/python3.11/site-packages/airflow/example_dags/example_xcomargs.py
[2023-11-28T11:39:17.889+0500] {processor.py:829} INFO - Processing file /home/amina/miniconda/lib/python3.11/site-packages/airflow/example_dags/example_xcomargs.py for tasks to queue
[2023-11-28T11:39:17.890+0500] {logging_mixin.py:154} INFO - [2023-11-28T11:39:17.890+0500] {dagbag.py:536} INFO - Filling up the DagBag from /home/amina/miniconda/lib/python3.11/site-packages/airflow/example_dags/example_xcomargs.py
[2023-11-28T11:39:17.903+0500] {processor.py:839} INFO - DAG(s) dict_keys(['example_xcom_args', 'example_xcom_args_with_operators']) retrieved from /home/amina/miniconda/lib/python3.11/site-packages/airflow/example_dags/example_xcomargs.py
[2023-11-28T11:39:17.926+0500] {logging_mixin.py:154} INFO - [2023-11-28T11:39:17.926+0500] {dag.py:2941} INFO - Sync 2 DAGs
[2023-11-28T11:39:18.041+0500] {logging_mixin.py:154} INFO - [2023-11-28T11:39:18.040+0500] {dag.py:3722} INFO - Setting next_dagrun for example_xcom_args to None, run_after=None
[2023-11-28T11:39:18.043+0500] {logging_mixin.py:154} INFO - [2023-11-28T11:39:18.043+0500] {dag.py:3722} INFO - Setting next_dagrun for example_xcom_args_with_operators to None, run_after=None
[2023-11-28T11:39:18.135+0500] {processor.py:179} INFO - Processing /home/amina/miniconda/lib/python3.11/site-packages/airflow/example_dags/example_xcomargs.py took 0.286 seconds
[2023-11-28T11:40:14.610+0500] {processor.py:157} INFO - Started process (PID=6796) to work on /home/amina/miniconda/lib/python3.11/site-packages/airflow/example_dags/example_xcomargs.py
[2023-11-28T11:40:14.629+0500] {processor.py:829} INFO - Processing file /home/amina/miniconda/lib/python3.11/site-packages/airflow/example_dags/example_xcomargs.py for tasks to queue
[2023-11-28T11:40:14.630+0500] {logging_mixin.py:154} INFO - [2023-11-28T11:40:14.629+0500] {dagbag.py:536} INFO - Filling up the DagBag from /home/amina/miniconda/lib/python3.11/site-packages/airflow/example_dags/example_xcomargs.py
[2023-11-28T11:40:14.638+0500] {processor.py:839} INFO - DAG(s) dict_keys(['example_xcom_args', 'example_xcom_args_with_operators']) retrieved from /home/amina/miniconda/lib/python3.11/site-packages/airflow/example_dags/example_xcomargs.py
[2023-11-28T11:40:14.655+0500] {logging_mixin.py:154} INFO - [2023-11-28T11:40:14.655+0500] {dag.py:2941} INFO - Sync 2 DAGs
[2023-11-28T11:40:14.667+0500] {logging_mixin.py:154} INFO - [2023-11-28T11:40:14.667+0500] {dag.py:3722} INFO - Setting next_dagrun for example_xcom_args to None, run_after=None
[2023-11-28T11:40:14.670+0500] {logging_mixin.py:154} INFO - [2023-11-28T11:40:14.669+0500] {dag.py:3722} INFO - Setting next_dagrun for example_xcom_args_with_operators to None, run_after=None
[2023-11-28T11:40:14.761+0500] {processor.py:179} INFO - Processing /home/amina/miniconda/lib/python3.11/site-packages/airflow/example_dags/example_xcomargs.py took 0.154 seconds
[2023-11-28T11:41:09.181+0500] {processor.py:157} INFO - Started process (PID=6857) to work on /home/amina/miniconda/lib/python3.11/site-packages/airflow/example_dags/example_xcomargs.py
[2023-11-28T11:41:09.229+0500] {processor.py:829} INFO - Processing file /home/amina/miniconda/lib/python3.11/site-packages/airflow/example_dags/example_xcomargs.py for tasks to queue
[2023-11-28T11:41:09.230+0500] {logging_mixin.py:154} INFO - [2023-11-28T11:41:09.229+0500] {dagbag.py:536} INFO - Filling up the DagBag from /home/amina/miniconda/lib/python3.11/site-packages/airflow/example_dags/example_xcomargs.py
[2023-11-28T11:41:09.238+0500] {processor.py:839} INFO - DAG(s) dict_keys(['example_xcom_args', 'example_xcom_args_with_operators']) retrieved from /home/amina/miniconda/lib/python3.11/site-packages/airflow/example_dags/example_xcomargs.py
[2023-11-28T11:41:09.256+0500] {logging_mixin.py:154} INFO - [2023-11-28T11:41:09.255+0500] {dag.py:2941} INFO - Sync 2 DAGs
[2023-11-28T11:41:09.266+0500] {logging_mixin.py:154} INFO - [2023-11-28T11:41:09.266+0500] {dag.py:3722} INFO - Setting next_dagrun for example_xcom_args to None, run_after=None
[2023-11-28T11:41:09.269+0500] {logging_mixin.py:154} INFO - [2023-11-28T11:41:09.269+0500] {dag.py:3722} INFO - Setting next_dagrun for example_xcom_args_with_operators to None, run_after=None
[2023-11-28T11:41:09.347+0500] {processor.py:179} INFO - Processing /home/amina/miniconda/lib/python3.11/site-packages/airflow/example_dags/example_xcomargs.py took 0.169 seconds
[2023-11-28T11:41:53.205+0500] {processor.py:157} INFO - Started process (PID=6905) to work on /home/amina/miniconda/lib/python3.11/site-packages/airflow/example_dags/example_xcomargs.py
[2023-11-28T11:41:53.206+0500] {processor.py:829} INFO - Processing file /home/amina/miniconda/lib/python3.11/site-packages/airflow/example_dags/example_xcomargs.py for tasks to queue
[2023-11-28T11:41:53.208+0500] {logging_mixin.py:154} INFO - [2023-11-28T11:41:53.207+0500] {dagbag.py:536} INFO - Filling up the DagBag from /home/amina/miniconda/lib/python3.11/site-packages/airflow/example_dags/example_xcomargs.py
[2023-11-28T11:41:53.217+0500] {processor.py:839} INFO - DAG(s) dict_keys(['example_xcom_args_with_operators', 'example_xcom_args']) retrieved from /home/amina/miniconda/lib/python3.11/site-packages/airflow/example_dags/example_xcomargs.py
[2023-11-28T11:41:53.236+0500] {logging_mixin.py:154} INFO - [2023-11-28T11:41:53.236+0500] {dag.py:2941} INFO - Sync 2 DAGs
[2023-11-28T11:41:53.248+0500] {logging_mixin.py:154} INFO - [2023-11-28T11:41:53.248+0500] {dag.py:3722} INFO - Setting next_dagrun for example_xcom_args to None, run_after=None
[2023-11-28T11:41:53.251+0500] {logging_mixin.py:154} INFO - [2023-11-28T11:41:53.251+0500] {dag.py:3722} INFO - Setting next_dagrun for example_xcom_args_with_operators to None, run_after=None
[2023-11-28T11:41:53.347+0500] {processor.py:179} INFO - Processing /home/amina/miniconda/lib/python3.11/site-packages/airflow/example_dags/example_xcomargs.py took 0.145 seconds
[2023-11-28T11:42:36.700+0500] {processor.py:157} INFO - Started process (PID=6947) to work on /home/amina/miniconda/lib/python3.11/site-packages/airflow/example_dags/example_xcomargs.py
[2023-11-28T11:42:36.761+0500] {processor.py:829} INFO - Processing file /home/amina/miniconda/lib/python3.11/site-packages/airflow/example_dags/example_xcomargs.py for tasks to queue
[2023-11-28T11:42:36.762+0500] {logging_mixin.py:154} INFO - [2023-11-28T11:42:36.762+0500] {dagbag.py:536} INFO - Filling up the DagBag from /home/amina/miniconda/lib/python3.11/site-packages/airflow/example_dags/example_xcomargs.py
[2023-11-28T11:42:36.770+0500] {processor.py:839} INFO - DAG(s) dict_keys(['example_xcom_args_with_operators', 'example_xcom_args']) retrieved from /home/amina/miniconda/lib/python3.11/site-packages/airflow/example_dags/example_xcomargs.py
[2023-11-28T11:42:36.787+0500] {logging_mixin.py:154} INFO - [2023-11-28T11:42:36.786+0500] {dag.py:2941} INFO - Sync 2 DAGs
[2023-11-28T11:42:36.798+0500] {logging_mixin.py:154} INFO - [2023-11-28T11:42:36.798+0500] {dag.py:3722} INFO - Setting next_dagrun for example_xcom_args to None, run_after=None
[2023-11-28T11:42:36.800+0500] {logging_mixin.py:154} INFO - [2023-11-28T11:42:36.800+0500] {dag.py:3722} INFO - Setting next_dagrun for example_xcom_args_with_operators to None, run_after=None
[2023-11-28T11:42:36.903+0500] {processor.py:179} INFO - Processing /home/amina/miniconda/lib/python3.11/site-packages/airflow/example_dags/example_xcomargs.py took 0.205 seconds
[2023-11-28T11:47:50.853+0500] {processor.py:157} INFO - Started process (PID=7363) to work on /home/amina/miniconda/lib/python3.11/site-packages/airflow/example_dags/example_xcomargs.py
[2023-11-28T11:47:50.854+0500] {processor.py:829} INFO - Processing file /home/amina/miniconda/lib/python3.11/site-packages/airflow/example_dags/example_xcomargs.py for tasks to queue
[2023-11-28T11:47:50.854+0500] {logging_mixin.py:154} INFO - [2023-11-28T11:47:50.854+0500] {dagbag.py:536} INFO - Filling up the DagBag from /home/amina/miniconda/lib/python3.11/site-packages/airflow/example_dags/example_xcomargs.py
[2023-11-28T11:47:50.866+0500] {processor.py:839} INFO - DAG(s) dict_keys(['example_xcom_args_with_operators', 'example_xcom_args']) retrieved from /home/amina/miniconda/lib/python3.11/site-packages/airflow/example_dags/example_xcomargs.py
[2023-11-28T11:47:50.890+0500] {logging_mixin.py:154} INFO - [2023-11-28T11:47:50.890+0500] {dag.py:2941} INFO - Sync 2 DAGs
[2023-11-28T11:47:50.903+0500] {logging_mixin.py:154} INFO - [2023-11-28T11:47:50.903+0500] {dag.py:3722} INFO - Setting next_dagrun for example_xcom_args to None, run_after=None
[2023-11-28T11:47:50.906+0500] {logging_mixin.py:154} INFO - [2023-11-28T11:47:50.906+0500] {dag.py:3722} INFO - Setting next_dagrun for example_xcom_args_with_operators to None, run_after=None
[2023-11-28T11:47:51.019+0500] {processor.py:179} INFO - Processing /home/amina/miniconda/lib/python3.11/site-packages/airflow/example_dags/example_xcomargs.py took 0.169 seconds
[2023-11-28T11:48:43.588+0500] {processor.py:157} INFO - Started process (PID=7418) to work on /home/amina/miniconda/lib/python3.11/site-packages/airflow/example_dags/example_xcomargs.py
[2023-11-28T11:48:43.598+0500] {processor.py:829} INFO - Processing file /home/amina/miniconda/lib/python3.11/site-packages/airflow/example_dags/example_xcomargs.py for tasks to queue
[2023-11-28T11:48:43.600+0500] {logging_mixin.py:154} INFO - [2023-11-28T11:48:43.599+0500] {dagbag.py:536} INFO - Filling up the DagBag from /home/amina/miniconda/lib/python3.11/site-packages/airflow/example_dags/example_xcomargs.py
[2023-11-28T11:48:43.613+0500] {processor.py:839} INFO - DAG(s) dict_keys(['example_xcom_args_with_operators', 'example_xcom_args']) retrieved from /home/amina/miniconda/lib/python3.11/site-packages/airflow/example_dags/example_xcomargs.py
[2023-11-28T11:48:43.631+0500] {logging_mixin.py:154} INFO - [2023-11-28T11:48:43.631+0500] {dag.py:2941} INFO - Sync 2 DAGs
[2023-11-28T11:48:43.643+0500] {logging_mixin.py:154} INFO - [2023-11-28T11:48:43.643+0500] {dag.py:3722} INFO - Setting next_dagrun for example_xcom_args to None, run_after=None
[2023-11-28T11:48:43.646+0500] {logging_mixin.py:154} INFO - [2023-11-28T11:48:43.646+0500] {dag.py:3722} INFO - Setting next_dagrun for example_xcom_args_with_operators to None, run_after=None
[2023-11-28T11:48:43.763+0500] {processor.py:179} INFO - Processing /home/amina/miniconda/lib/python3.11/site-packages/airflow/example_dags/example_xcomargs.py took 0.178 seconds
[2023-11-28T11:49:50.736+0500] {processor.py:157} INFO - Started process (PID=7457) to work on /home/amina/miniconda/lib/python3.11/site-packages/airflow/example_dags/example_xcomargs.py
[2023-11-28T11:49:50.776+0500] {processor.py:829} INFO - Processing file /home/amina/miniconda/lib/python3.11/site-packages/airflow/example_dags/example_xcomargs.py for tasks to queue
[2023-11-28T11:49:50.777+0500] {logging_mixin.py:154} INFO - [2023-11-28T11:49:50.777+0500] {dagbag.py:536} INFO - Filling up the DagBag from /home/amina/miniconda/lib/python3.11/site-packages/airflow/example_dags/example_xcomargs.py
[2023-11-28T11:49:50.786+0500] {processor.py:839} INFO - DAG(s) dict_keys(['example_xcom_args', 'example_xcom_args_with_operators']) retrieved from /home/amina/miniconda/lib/python3.11/site-packages/airflow/example_dags/example_xcomargs.py
[2023-11-28T11:49:50.805+0500] {logging_mixin.py:154} INFO - [2023-11-28T11:49:50.805+0500] {dag.py:2941} INFO - Sync 2 DAGs
[2023-11-28T11:49:50.818+0500] {logging_mixin.py:154} INFO - [2023-11-28T11:49:50.818+0500] {dag.py:3722} INFO - Setting next_dagrun for example_xcom_args to None, run_after=None
[2023-11-28T11:49:50.822+0500] {logging_mixin.py:154} INFO - [2023-11-28T11:49:50.821+0500] {dag.py:3722} INFO - Setting next_dagrun for example_xcom_args_with_operators to None, run_after=None
[2023-11-28T11:49:51.070+0500] {processor.py:179} INFO - Processing /home/amina/miniconda/lib/python3.11/site-packages/airflow/example_dags/example_xcomargs.py took 0.337 seconds
[2023-11-28T11:50:44.641+0500] {processor.py:157} INFO - Started process (PID=7502) to work on /home/amina/miniconda/lib/python3.11/site-packages/airflow/example_dags/example_xcomargs.py
[2023-11-28T11:50:44.659+0500] {processor.py:829} INFO - Processing file /home/amina/miniconda/lib/python3.11/site-packages/airflow/example_dags/example_xcomargs.py for tasks to queue
[2023-11-28T11:50:44.660+0500] {logging_mixin.py:154} INFO - [2023-11-28T11:50:44.659+0500] {dagbag.py:536} INFO - Filling up the DagBag from /home/amina/miniconda/lib/python3.11/site-packages/airflow/example_dags/example_xcomargs.py
[2023-11-28T11:50:44.786+0500] {processor.py:839} INFO - DAG(s) dict_keys(['example_xcom_args', 'example_xcom_args_with_operators']) retrieved from /home/amina/miniconda/lib/python3.11/site-packages/airflow/example_dags/example_xcomargs.py
[2023-11-28T11:50:44.804+0500] {logging_mixin.py:154} INFO - [2023-11-28T11:50:44.804+0500] {dag.py:2941} INFO - Sync 2 DAGs
[2023-11-28T11:50:44.816+0500] {logging_mixin.py:154} INFO - [2023-11-28T11:50:44.816+0500] {dag.py:3722} INFO - Setting next_dagrun for example_xcom_args to None, run_after=None
[2023-11-28T11:50:44.819+0500] {logging_mixin.py:154} INFO - [2023-11-28T11:50:44.819+0500] {dag.py:3722} INFO - Setting next_dagrun for example_xcom_args_with_operators to None, run_after=None
[2023-11-28T11:50:44.953+0500] {processor.py:179} INFO - Processing /home/amina/miniconda/lib/python3.11/site-packages/airflow/example_dags/example_xcomargs.py took 0.315 seconds
[2023-11-28T11:51:38.667+0500] {processor.py:157} INFO - Started process (PID=7559) to work on /home/amina/miniconda/lib/python3.11/site-packages/airflow/example_dags/example_xcomargs.py
[2023-11-28T11:51:38.688+0500] {processor.py:829} INFO - Processing file /home/amina/miniconda/lib/python3.11/site-packages/airflow/example_dags/example_xcomargs.py for tasks to queue
[2023-11-28T11:51:38.689+0500] {logging_mixin.py:154} INFO - [2023-11-28T11:51:38.688+0500] {dagbag.py:536} INFO - Filling up the DagBag from /home/amina/miniconda/lib/python3.11/site-packages/airflow/example_dags/example_xcomargs.py
[2023-11-28T11:51:38.697+0500] {processor.py:839} INFO - DAG(s) dict_keys(['example_xcom_args_with_operators', 'example_xcom_args']) retrieved from /home/amina/miniconda/lib/python3.11/site-packages/airflow/example_dags/example_xcomargs.py
[2023-11-28T11:51:38.721+0500] {logging_mixin.py:154} INFO - [2023-11-28T11:51:38.721+0500] {dag.py:2941} INFO - Sync 2 DAGs
[2023-11-28T11:51:38.734+0500] {logging_mixin.py:154} INFO - [2023-11-28T11:51:38.733+0500] {dag.py:3722} INFO - Setting next_dagrun for example_xcom_args to None, run_after=None
[2023-11-28T11:51:38.739+0500] {logging_mixin.py:154} INFO - [2023-11-28T11:51:38.738+0500] {dag.py:3722} INFO - Setting next_dagrun for example_xcom_args_with_operators to None, run_after=None
[2023-11-28T11:51:38.844+0500] {processor.py:179} INFO - Processing /home/amina/miniconda/lib/python3.11/site-packages/airflow/example_dags/example_xcomargs.py took 0.181 seconds
[2023-11-28T11:52:36.995+0500] {processor.py:157} INFO - Started process (PID=7647) to work on /home/amina/miniconda/lib/python3.11/site-packages/airflow/example_dags/example_xcomargs.py
[2023-11-28T11:52:37.007+0500] {processor.py:829} INFO - Processing file /home/amina/miniconda/lib/python3.11/site-packages/airflow/example_dags/example_xcomargs.py for tasks to queue
[2023-11-28T11:52:37.008+0500] {logging_mixin.py:154} INFO - [2023-11-28T11:52:37.008+0500] {dagbag.py:536} INFO - Filling up the DagBag from /home/amina/miniconda/lib/python3.11/site-packages/airflow/example_dags/example_xcomargs.py
[2023-11-28T11:52:37.017+0500] {processor.py:839} INFO - DAG(s) dict_keys(['example_xcom_args', 'example_xcom_args_with_operators']) retrieved from /home/amina/miniconda/lib/python3.11/site-packages/airflow/example_dags/example_xcomargs.py
[2023-11-28T11:52:37.036+0500] {logging_mixin.py:154} INFO - [2023-11-28T11:52:37.036+0500] {dag.py:2941} INFO - Sync 2 DAGs
[2023-11-28T11:52:37.050+0500] {logging_mixin.py:154} INFO - [2023-11-28T11:52:37.050+0500] {dag.py:3722} INFO - Setting next_dagrun for example_xcom_args to None, run_after=None
[2023-11-28T11:52:37.052+0500] {logging_mixin.py:154} INFO - [2023-11-28T11:52:37.052+0500] {dag.py:3722} INFO - Setting next_dagrun for example_xcom_args_with_operators to None, run_after=None
[2023-11-28T11:52:37.153+0500] {processor.py:179} INFO - Processing /home/amina/miniconda/lib/python3.11/site-packages/airflow/example_dags/example_xcomargs.py took 0.164 seconds
[2023-11-28T11:53:22.508+0500] {processor.py:157} INFO - Started process (PID=7745) to work on /home/amina/miniconda/lib/python3.11/site-packages/airflow/example_dags/example_xcomargs.py
[2023-11-28T11:53:22.572+0500] {processor.py:829} INFO - Processing file /home/amina/miniconda/lib/python3.11/site-packages/airflow/example_dags/example_xcomargs.py for tasks to queue
[2023-11-28T11:53:22.573+0500] {logging_mixin.py:154} INFO - [2023-11-28T11:53:22.572+0500] {dagbag.py:536} INFO - Filling up the DagBag from /home/amina/miniconda/lib/python3.11/site-packages/airflow/example_dags/example_xcomargs.py
[2023-11-28T11:53:22.584+0500] {processor.py:839} INFO - DAG(s) dict_keys(['example_xcom_args_with_operators', 'example_xcom_args']) retrieved from /home/amina/miniconda/lib/python3.11/site-packages/airflow/example_dags/example_xcomargs.py
[2023-11-28T11:53:22.604+0500] {logging_mixin.py:154} INFO - [2023-11-28T11:53:22.604+0500] {dag.py:2941} INFO - Sync 2 DAGs
[2023-11-28T11:53:22.618+0500] {logging_mixin.py:154} INFO - [2023-11-28T11:53:22.618+0500] {dag.py:3722} INFO - Setting next_dagrun for example_xcom_args to None, run_after=None
[2023-11-28T11:53:22.621+0500] {logging_mixin.py:154} INFO - [2023-11-28T11:53:22.621+0500] {dag.py:3722} INFO - Setting next_dagrun for example_xcom_args_with_operators to None, run_after=None
[2023-11-28T11:53:22.704+0500] {processor.py:179} INFO - Processing /home/amina/miniconda/lib/python3.11/site-packages/airflow/example_dags/example_xcomargs.py took 0.200 seconds
[2023-11-28T11:54:13.467+0500] {processor.py:157} INFO - Started process (PID=7795) to work on /home/amina/miniconda/lib/python3.11/site-packages/airflow/example_dags/example_xcomargs.py
[2023-11-28T11:54:13.509+0500] {processor.py:829} INFO - Processing file /home/amina/miniconda/lib/python3.11/site-packages/airflow/example_dags/example_xcomargs.py for tasks to queue
[2023-11-28T11:54:13.510+0500] {logging_mixin.py:154} INFO - [2023-11-28T11:54:13.509+0500] {dagbag.py:536} INFO - Filling up the DagBag from /home/amina/miniconda/lib/python3.11/site-packages/airflow/example_dags/example_xcomargs.py
[2023-11-28T11:54:13.519+0500] {processor.py:839} INFO - DAG(s) dict_keys(['example_xcom_args_with_operators', 'example_xcom_args']) retrieved from /home/amina/miniconda/lib/python3.11/site-packages/airflow/example_dags/example_xcomargs.py
[2023-11-28T11:54:13.541+0500] {logging_mixin.py:154} INFO - [2023-11-28T11:54:13.541+0500] {dag.py:2941} INFO - Sync 2 DAGs
[2023-11-28T11:54:13.553+0500] {logging_mixin.py:154} INFO - [2023-11-28T11:54:13.553+0500] {dag.py:3722} INFO - Setting next_dagrun for example_xcom_args to None, run_after=None
[2023-11-28T11:54:13.558+0500] {logging_mixin.py:154} INFO - [2023-11-28T11:54:13.558+0500] {dag.py:3722} INFO - Setting next_dagrun for example_xcom_args_with_operators to None, run_after=None
[2023-11-28T11:54:13.650+0500] {processor.py:179} INFO - Processing /home/amina/miniconda/lib/python3.11/site-packages/airflow/example_dags/example_xcomargs.py took 0.186 seconds
[2023-11-28T11:55:04.658+0500] {processor.py:157} INFO - Started process (PID=7847) to work on /home/amina/miniconda/lib/python3.11/site-packages/airflow/example_dags/example_xcomargs.py
[2023-11-28T11:55:04.680+0500] {processor.py:829} INFO - Processing file /home/amina/miniconda/lib/python3.11/site-packages/airflow/example_dags/example_xcomargs.py for tasks to queue
[2023-11-28T11:55:04.683+0500] {logging_mixin.py:154} INFO - [2023-11-28T11:55:04.682+0500] {dagbag.py:536} INFO - Filling up the DagBag from /home/amina/miniconda/lib/python3.11/site-packages/airflow/example_dags/example_xcomargs.py
[2023-11-28T11:55:04.697+0500] {processor.py:839} INFO - DAG(s) dict_keys(['example_xcom_args_with_operators', 'example_xcom_args']) retrieved from /home/amina/miniconda/lib/python3.11/site-packages/airflow/example_dags/example_xcomargs.py
[2023-11-28T11:55:04.728+0500] {logging_mixin.py:154} INFO - [2023-11-28T11:55:04.728+0500] {dag.py:2941} INFO - Sync 2 DAGs
[2023-11-28T11:55:04.744+0500] {logging_mixin.py:154} INFO - [2023-11-28T11:55:04.744+0500] {dag.py:3722} INFO - Setting next_dagrun for example_xcom_args to None, run_after=None
[2023-11-28T11:55:04.752+0500] {logging_mixin.py:154} INFO - [2023-11-28T11:55:04.752+0500] {dag.py:3722} INFO - Setting next_dagrun for example_xcom_args_with_operators to None, run_after=None
[2023-11-28T11:55:04.864+0500] {processor.py:179} INFO - Processing /home/amina/miniconda/lib/python3.11/site-packages/airflow/example_dags/example_xcomargs.py took 0.209 seconds
[2023-11-28T11:55:53.430+0500] {processor.py:157} INFO - Started process (PID=7893) to work on /home/amina/miniconda/lib/python3.11/site-packages/airflow/example_dags/example_xcomargs.py
[2023-11-28T11:55:53.478+0500] {processor.py:829} INFO - Processing file /home/amina/miniconda/lib/python3.11/site-packages/airflow/example_dags/example_xcomargs.py for tasks to queue
[2023-11-28T11:55:53.479+0500] {logging_mixin.py:154} INFO - [2023-11-28T11:55:53.478+0500] {dagbag.py:536} INFO - Filling up the DagBag from /home/amina/miniconda/lib/python3.11/site-packages/airflow/example_dags/example_xcomargs.py
[2023-11-28T11:55:53.488+0500] {processor.py:839} INFO - DAG(s) dict_keys(['example_xcom_args', 'example_xcom_args_with_operators']) retrieved from /home/amina/miniconda/lib/python3.11/site-packages/airflow/example_dags/example_xcomargs.py
[2023-11-28T11:55:53.510+0500] {logging_mixin.py:154} INFO - [2023-11-28T11:55:53.510+0500] {dag.py:2941} INFO - Sync 2 DAGs
[2023-11-28T11:55:53.523+0500] {logging_mixin.py:154} INFO - [2023-11-28T11:55:53.523+0500] {dag.py:3722} INFO - Setting next_dagrun for example_xcom_args to None, run_after=None
[2023-11-28T11:55:53.528+0500] {logging_mixin.py:154} INFO - [2023-11-28T11:55:53.528+0500] {dag.py:3722} INFO - Setting next_dagrun for example_xcom_args_with_operators to None, run_after=None
[2023-11-28T11:55:53.621+0500] {processor.py:179} INFO - Processing /home/amina/miniconda/lib/python3.11/site-packages/airflow/example_dags/example_xcomargs.py took 0.195 seconds
[2023-11-28T11:56:41.658+0500] {processor.py:157} INFO - Started process (PID=7940) to work on /home/amina/miniconda/lib/python3.11/site-packages/airflow/example_dags/example_xcomargs.py
[2023-11-28T11:56:41.695+0500] {processor.py:829} INFO - Processing file /home/amina/miniconda/lib/python3.11/site-packages/airflow/example_dags/example_xcomargs.py for tasks to queue
[2023-11-28T11:56:41.696+0500] {logging_mixin.py:154} INFO - [2023-11-28T11:56:41.695+0500] {dagbag.py:536} INFO - Filling up the DagBag from /home/amina/miniconda/lib/python3.11/site-packages/airflow/example_dags/example_xcomargs.py
[2023-11-28T11:56:41.714+0500] {processor.py:839} INFO - DAG(s) dict_keys(['example_xcom_args', 'example_xcom_args_with_operators']) retrieved from /home/amina/miniconda/lib/python3.11/site-packages/airflow/example_dags/example_xcomargs.py
[2023-11-28T11:56:41.749+0500] {logging_mixin.py:154} INFO - [2023-11-28T11:56:41.749+0500] {dag.py:2941} INFO - Sync 2 DAGs
[2023-11-28T11:56:41.776+0500] {logging_mixin.py:154} INFO - [2023-11-28T11:56:41.776+0500] {dag.py:3722} INFO - Setting next_dagrun for example_xcom_args to None, run_after=None
[2023-11-28T11:56:41.783+0500] {logging_mixin.py:154} INFO - [2023-11-28T11:56:41.783+0500] {dag.py:3722} INFO - Setting next_dagrun for example_xcom_args_with_operators to None, run_after=None
[2023-11-28T11:56:41.883+0500] {processor.py:179} INFO - Processing /home/amina/miniconda/lib/python3.11/site-packages/airflow/example_dags/example_xcomargs.py took 0.233 seconds
[2023-11-28T18:23:33.228+0500] {processor.py:157} INFO - Started process (PID=8267) to work on /home/amina/miniconda/lib/python3.11/site-packages/airflow/example_dags/example_xcomargs.py
[2023-11-28T18:23:33.291+0500] {processor.py:829} INFO - Processing file /home/amina/miniconda/lib/python3.11/site-packages/airflow/example_dags/example_xcomargs.py for tasks to queue
[2023-11-28T18:23:33.292+0500] {logging_mixin.py:154} INFO - [2023-11-28T18:23:33.291+0500] {dagbag.py:536} INFO - Filling up the DagBag from /home/amina/miniconda/lib/python3.11/site-packages/airflow/example_dags/example_xcomargs.py
[2023-11-28T18:23:33.301+0500] {processor.py:839} INFO - DAG(s) dict_keys(['example_xcom_args', 'example_xcom_args_with_operators']) retrieved from /home/amina/miniconda/lib/python3.11/site-packages/airflow/example_dags/example_xcomargs.py
[2023-11-28T18:23:33.319+0500] {logging_mixin.py:154} INFO - [2023-11-28T18:23:33.319+0500] {dag.py:2941} INFO - Sync 2 DAGs
[2023-11-28T18:23:33.330+0500] {logging_mixin.py:154} INFO - [2023-11-28T18:23:33.330+0500] {dag.py:3722} INFO - Setting next_dagrun for example_xcom_args to None, run_after=None
[2023-11-28T18:23:33.334+0500] {logging_mixin.py:154} INFO - [2023-11-28T18:23:33.334+0500] {dag.py:3722} INFO - Setting next_dagrun for example_xcom_args_with_operators to None, run_after=None
[2023-11-28T18:23:33.426+0500] {processor.py:179} INFO - Processing /home/amina/miniconda/lib/python3.11/site-packages/airflow/example_dags/example_xcomargs.py took 0.201 seconds
[2023-11-28T18:24:09.171+0500] {processor.py:157} INFO - Started process (PID=8377) to work on /home/amina/miniconda/lib/python3.11/site-packages/airflow/example_dags/example_xcomargs.py
[2023-11-28T18:24:09.221+0500] {processor.py:829} INFO - Processing file /home/amina/miniconda/lib/python3.11/site-packages/airflow/example_dags/example_xcomargs.py for tasks to queue
[2023-11-28T18:24:09.221+0500] {logging_mixin.py:154} INFO - [2023-11-28T18:24:09.221+0500] {dagbag.py:536} INFO - Filling up the DagBag from /home/amina/miniconda/lib/python3.11/site-packages/airflow/example_dags/example_xcomargs.py
[2023-11-28T18:24:09.230+0500] {processor.py:839} INFO - DAG(s) dict_keys(['example_xcom_args', 'example_xcom_args_with_operators']) retrieved from /home/amina/miniconda/lib/python3.11/site-packages/airflow/example_dags/example_xcomargs.py
[2023-11-28T18:24:09.247+0500] {logging_mixin.py:154} INFO - [2023-11-28T18:24:09.247+0500] {dag.py:2941} INFO - Sync 2 DAGs
[2023-11-28T18:24:09.258+0500] {logging_mixin.py:154} INFO - [2023-11-28T18:24:09.258+0500] {dag.py:3722} INFO - Setting next_dagrun for example_xcom_args to None, run_after=None
[2023-11-28T18:24:09.261+0500] {logging_mixin.py:154} INFO - [2023-11-28T18:24:09.261+0500] {dag.py:3722} INFO - Setting next_dagrun for example_xcom_args_with_operators to None, run_after=None
[2023-11-28T18:24:09.434+0500] {processor.py:179} INFO - Processing /home/amina/miniconda/lib/python3.11/site-packages/airflow/example_dags/example_xcomargs.py took 0.268 seconds
