[2023-11-28T11:38:08.559+0500] {processor.py:157} INFO - Started process (PID=6606) to work on /home/amina/miniconda/lib/python3.11/site-packages/airflow/example_dags/example_datasets.py
[2023-11-28T11:38:08.560+0500] {processor.py:829} INFO - Processing file /home/amina/miniconda/lib/python3.11/site-packages/airflow/example_dags/example_datasets.py for tasks to queue
[2023-11-28T11:38:08.561+0500] {logging_mixin.py:154} INFO - [2023-11-28T11:38:08.560+0500] {dagbag.py:536} INFO - Filling up the DagBag from /home/amina/miniconda/lib/python3.11/site-packages/airflow/example_dags/example_datasets.py
[2023-11-28T11:38:08.572+0500] {processor.py:839} INFO - DAG(s) dict_keys(['dataset_produces_1', 'dataset_consumes_unknown_never_scheduled', 'dataset_consumes_1_never_scheduled', 'dataset_produces_2', 'dataset_consumes_1_and_2', 'dataset_consumes_1']) retrieved from /home/amina/miniconda/lib/python3.11/site-packages/airflow/example_dags/example_datasets.py
[2023-11-28T11:38:08.615+0500] {logging_mixin.py:154} INFO - [2023-11-28T11:38:08.615+0500] {dag.py:2941} INFO - Sync 6 DAGs
[2023-11-28T11:38:08.642+0500] {logging_mixin.py:154} INFO - [2023-11-28T11:38:08.641+0500] {dag.py:3722} INFO - Setting next_dagrun for dataset_consumes_1 to None, run_after=None
[2023-11-28T11:38:08.646+0500] {logging_mixin.py:154} INFO - [2023-11-28T11:38:08.646+0500] {dag.py:3722} INFO - Setting next_dagrun for dataset_consumes_1_and_2 to None, run_after=None
[2023-11-28T11:38:08.647+0500] {logging_mixin.py:154} INFO - [2023-11-28T11:38:08.647+0500] {dag.py:3722} INFO - Setting next_dagrun for dataset_consumes_1_never_scheduled to None, run_after=None
[2023-11-28T11:38:08.648+0500] {logging_mixin.py:154} INFO - [2023-11-28T11:38:08.648+0500] {dag.py:3722} INFO - Setting next_dagrun for dataset_consumes_unknown_never_scheduled to None, run_after=None
[2023-11-28T11:38:08.651+0500] {logging_mixin.py:154} INFO - [2023-11-28T11:38:08.651+0500] {dag.py:3722} INFO - Setting next_dagrun for dataset_produces_1 to 2023-11-27T00:00:00+00:00, run_after=2023-11-28T00:00:00+00:00
[2023-11-28T11:38:08.652+0500] {logging_mixin.py:154} INFO - [2023-11-28T11:38:08.652+0500] {dag.py:3722} INFO - Setting next_dagrun for dataset_produces_2 to None, run_after=None
[2023-11-28T11:38:08.786+0500] {processor.py:179} INFO - Processing /home/amina/miniconda/lib/python3.11/site-packages/airflow/example_dags/example_datasets.py took 0.232 seconds
[2023-11-28T11:39:01.301+0500] {processor.py:157} INFO - Started process (PID=6689) to work on /home/amina/miniconda/lib/python3.11/site-packages/airflow/example_dags/example_datasets.py
[2023-11-28T11:39:01.330+0500] {processor.py:829} INFO - Processing file /home/amina/miniconda/lib/python3.11/site-packages/airflow/example_dags/example_datasets.py for tasks to queue
[2023-11-28T11:39:01.331+0500] {logging_mixin.py:154} INFO - [2023-11-28T11:39:01.331+0500] {dagbag.py:536} INFO - Filling up the DagBag from /home/amina/miniconda/lib/python3.11/site-packages/airflow/example_dags/example_datasets.py
[2023-11-28T11:39:01.340+0500] {processor.py:839} INFO - DAG(s) dict_keys(['dataset_consumes_1', 'dataset_consumes_1_never_scheduled', 'dataset_consumes_1_and_2', 'dataset_consumes_unknown_never_scheduled', 'dataset_produces_1', 'dataset_produces_2']) retrieved from /home/amina/miniconda/lib/python3.11/site-packages/airflow/example_dags/example_datasets.py
[2023-11-28T11:39:01.366+0500] {logging_mixin.py:154} INFO - [2023-11-28T11:39:01.366+0500] {dag.py:2941} INFO - Sync 6 DAGs
[2023-11-28T11:39:01.483+0500] {logging_mixin.py:154} INFO - [2023-11-28T11:39:01.483+0500] {dag.py:3722} INFO - Setting next_dagrun for dataset_consumes_1 to None, run_after=None
[2023-11-28T11:39:01.486+0500] {logging_mixin.py:154} INFO - [2023-11-28T11:39:01.486+0500] {dag.py:3722} INFO - Setting next_dagrun for dataset_consumes_1_and_2 to None, run_after=None
[2023-11-28T11:39:01.487+0500] {logging_mixin.py:154} INFO - [2023-11-28T11:39:01.487+0500] {dag.py:3722} INFO - Setting next_dagrun for dataset_consumes_1_never_scheduled to None, run_after=None
[2023-11-28T11:39:01.487+0500] {logging_mixin.py:154} INFO - [2023-11-28T11:39:01.487+0500] {dag.py:3722} INFO - Setting next_dagrun for dataset_consumes_unknown_never_scheduled to None, run_after=None
[2023-11-28T11:39:01.490+0500] {logging_mixin.py:154} INFO - [2023-11-28T11:39:01.490+0500] {dag.py:3722} INFO - Setting next_dagrun for dataset_produces_1 to 2023-11-27T00:00:00+00:00, run_after=2023-11-28T00:00:00+00:00
[2023-11-28T11:39:01.491+0500] {logging_mixin.py:154} INFO - [2023-11-28T11:39:01.491+0500] {dag.py:3722} INFO - Setting next_dagrun for dataset_produces_2 to None, run_after=None
[2023-11-28T11:39:01.605+0500] {processor.py:179} INFO - Processing /home/amina/miniconda/lib/python3.11/site-packages/airflow/example_dags/example_datasets.py took 0.307 seconds
[2023-11-28T11:40:00.256+0500] {processor.py:157} INFO - Started process (PID=6784) to work on /home/amina/miniconda/lib/python3.11/site-packages/airflow/example_dags/example_datasets.py
[2023-11-28T11:40:00.319+0500] {processor.py:829} INFO - Processing file /home/amina/miniconda/lib/python3.11/site-packages/airflow/example_dags/example_datasets.py for tasks to queue
[2023-11-28T11:40:00.320+0500] {logging_mixin.py:154} INFO - [2023-11-28T11:40:00.319+0500] {dagbag.py:536} INFO - Filling up the DagBag from /home/amina/miniconda/lib/python3.11/site-packages/airflow/example_dags/example_datasets.py
[2023-11-28T11:40:00.329+0500] {processor.py:839} INFO - DAG(s) dict_keys(['dataset_consumes_unknown_never_scheduled', 'dataset_consumes_1_and_2', 'dataset_consumes_1_never_scheduled', 'dataset_consumes_1', 'dataset_produces_2', 'dataset_produces_1']) retrieved from /home/amina/miniconda/lib/python3.11/site-packages/airflow/example_dags/example_datasets.py
[2023-11-28T11:40:00.353+0500] {logging_mixin.py:154} INFO - [2023-11-28T11:40:00.353+0500] {dag.py:2941} INFO - Sync 6 DAGs
[2023-11-28T11:40:00.372+0500] {logging_mixin.py:154} INFO - [2023-11-28T11:40:00.372+0500] {dag.py:3722} INFO - Setting next_dagrun for dataset_consumes_1 to None, run_after=None
[2023-11-28T11:40:00.375+0500] {logging_mixin.py:154} INFO - [2023-11-28T11:40:00.375+0500] {dag.py:3722} INFO - Setting next_dagrun for dataset_consumes_1_and_2 to None, run_after=None
[2023-11-28T11:40:00.376+0500] {logging_mixin.py:154} INFO - [2023-11-28T11:40:00.376+0500] {dag.py:3722} INFO - Setting next_dagrun for dataset_consumes_1_never_scheduled to None, run_after=None
[2023-11-28T11:40:00.377+0500] {logging_mixin.py:154} INFO - [2023-11-28T11:40:00.376+0500] {dag.py:3722} INFO - Setting next_dagrun for dataset_consumes_unknown_never_scheduled to None, run_after=None
[2023-11-28T11:40:00.379+0500] {logging_mixin.py:154} INFO - [2023-11-28T11:40:00.379+0500] {dag.py:3722} INFO - Setting next_dagrun for dataset_produces_1 to 2023-11-27T00:00:00+00:00, run_after=2023-11-28T00:00:00+00:00
[2023-11-28T11:40:00.380+0500] {logging_mixin.py:154} INFO - [2023-11-28T11:40:00.380+0500] {dag.py:3722} INFO - Setting next_dagrun for dataset_produces_2 to None, run_after=None
[2023-11-28T11:40:00.494+0500] {processor.py:179} INFO - Processing /home/amina/miniconda/lib/python3.11/site-packages/airflow/example_dags/example_datasets.py took 0.242 seconds
[2023-11-28T11:40:56.723+0500] {processor.py:157} INFO - Started process (PID=6846) to work on /home/amina/miniconda/lib/python3.11/site-packages/airflow/example_dags/example_datasets.py
[2023-11-28T11:40:56.777+0500] {processor.py:829} INFO - Processing file /home/amina/miniconda/lib/python3.11/site-packages/airflow/example_dags/example_datasets.py for tasks to queue
[2023-11-28T11:40:56.777+0500] {logging_mixin.py:154} INFO - [2023-11-28T11:40:56.777+0500] {dagbag.py:536} INFO - Filling up the DagBag from /home/amina/miniconda/lib/python3.11/site-packages/airflow/example_dags/example_datasets.py
[2023-11-28T11:40:56.787+0500] {processor.py:839} INFO - DAG(s) dict_keys(['dataset_produces_1', 'dataset_consumes_unknown_never_scheduled', 'dataset_consumes_1_and_2', 'dataset_consumes_1', 'dataset_produces_2', 'dataset_consumes_1_never_scheduled']) retrieved from /home/amina/miniconda/lib/python3.11/site-packages/airflow/example_dags/example_datasets.py
[2023-11-28T11:40:56.812+0500] {logging_mixin.py:154} INFO - [2023-11-28T11:40:56.812+0500] {dag.py:2941} INFO - Sync 6 DAGs
[2023-11-28T11:40:56.832+0500] {logging_mixin.py:154} INFO - [2023-11-28T11:40:56.832+0500] {dag.py:3722} INFO - Setting next_dagrun for dataset_consumes_1 to None, run_after=None
[2023-11-28T11:40:56.835+0500] {logging_mixin.py:154} INFO - [2023-11-28T11:40:56.835+0500] {dag.py:3722} INFO - Setting next_dagrun for dataset_consumes_1_and_2 to None, run_after=None
[2023-11-28T11:40:56.836+0500] {logging_mixin.py:154} INFO - [2023-11-28T11:40:56.836+0500] {dag.py:3722} INFO - Setting next_dagrun for dataset_consumes_1_never_scheduled to None, run_after=None
[2023-11-28T11:40:56.837+0500] {logging_mixin.py:154} INFO - [2023-11-28T11:40:56.837+0500] {dag.py:3722} INFO - Setting next_dagrun for dataset_consumes_unknown_never_scheduled to None, run_after=None
[2023-11-28T11:40:56.840+0500] {logging_mixin.py:154} INFO - [2023-11-28T11:40:56.840+0500] {dag.py:3722} INFO - Setting next_dagrun for dataset_produces_1 to 2023-11-27T00:00:00+00:00, run_after=2023-11-28T00:00:00+00:00
[2023-11-28T11:40:56.841+0500] {logging_mixin.py:154} INFO - [2023-11-28T11:40:56.841+0500] {dag.py:3722} INFO - Setting next_dagrun for dataset_produces_2 to None, run_after=None
[2023-11-28T11:40:57.236+0500] {processor.py:179} INFO - Processing /home/amina/miniconda/lib/python3.11/site-packages/airflow/example_dags/example_datasets.py took 0.517 seconds
[2023-11-28T11:41:44.129+0500] {processor.py:157} INFO - Started process (PID=6894) to work on /home/amina/miniconda/lib/python3.11/site-packages/airflow/example_dags/example_datasets.py
[2023-11-28T11:41:44.157+0500] {processor.py:829} INFO - Processing file /home/amina/miniconda/lib/python3.11/site-packages/airflow/example_dags/example_datasets.py for tasks to queue
[2023-11-28T11:41:44.158+0500] {logging_mixin.py:154} INFO - [2023-11-28T11:41:44.157+0500] {dagbag.py:536} INFO - Filling up the DagBag from /home/amina/miniconda/lib/python3.11/site-packages/airflow/example_dags/example_datasets.py
[2023-11-28T11:41:44.167+0500] {processor.py:839} INFO - DAG(s) dict_keys(['dataset_produces_1', 'dataset_consumes_1_never_scheduled', 'dataset_consumes_1', 'dataset_consumes_1_and_2', 'dataset_produces_2', 'dataset_consumes_unknown_never_scheduled']) retrieved from /home/amina/miniconda/lib/python3.11/site-packages/airflow/example_dags/example_datasets.py
[2023-11-28T11:41:44.192+0500] {logging_mixin.py:154} INFO - [2023-11-28T11:41:44.192+0500] {dag.py:2941} INFO - Sync 6 DAGs
[2023-11-28T11:41:44.211+0500] {logging_mixin.py:154} INFO - [2023-11-28T11:41:44.211+0500] {dag.py:3722} INFO - Setting next_dagrun for dataset_consumes_1 to None, run_after=None
[2023-11-28T11:41:44.214+0500] {logging_mixin.py:154} INFO - [2023-11-28T11:41:44.213+0500] {dag.py:3722} INFO - Setting next_dagrun for dataset_consumes_1_and_2 to None, run_after=None
[2023-11-28T11:41:44.215+0500] {logging_mixin.py:154} INFO - [2023-11-28T11:41:44.214+0500] {dag.py:3722} INFO - Setting next_dagrun for dataset_consumes_1_never_scheduled to None, run_after=None
[2023-11-28T11:41:44.215+0500] {logging_mixin.py:154} INFO - [2023-11-28T11:41:44.215+0500] {dag.py:3722} INFO - Setting next_dagrun for dataset_consumes_unknown_never_scheduled to None, run_after=None
[2023-11-28T11:41:44.218+0500] {logging_mixin.py:154} INFO - [2023-11-28T11:41:44.218+0500] {dag.py:3722} INFO - Setting next_dagrun for dataset_produces_1 to 2023-11-27T00:00:00+00:00, run_after=2023-11-28T00:00:00+00:00
[2023-11-28T11:41:44.219+0500] {logging_mixin.py:154} INFO - [2023-11-28T11:41:44.219+0500] {dag.py:3722} INFO - Setting next_dagrun for dataset_produces_2 to None, run_after=None
[2023-11-28T11:41:44.332+0500] {processor.py:179} INFO - Processing /home/amina/miniconda/lib/python3.11/site-packages/airflow/example_dags/example_datasets.py took 0.206 seconds
[2023-11-28T11:42:49.625+0500] {processor.py:157} INFO - Started process (PID=6961) to work on /home/amina/miniconda/lib/python3.11/site-packages/airflow/example_dags/example_datasets.py
[2023-11-28T11:42:49.626+0500] {processor.py:829} INFO - Processing file /home/amina/miniconda/lib/python3.11/site-packages/airflow/example_dags/example_datasets.py for tasks to queue
[2023-11-28T11:42:49.627+0500] {logging_mixin.py:154} INFO - [2023-11-28T11:42:49.627+0500] {dagbag.py:536} INFO - Filling up the DagBag from /home/amina/miniconda/lib/python3.11/site-packages/airflow/example_dags/example_datasets.py
[2023-11-28T11:42:49.639+0500] {processor.py:839} INFO - DAG(s) dict_keys(['dataset_consumes_unknown_never_scheduled', 'dataset_produces_1', 'dataset_produces_2', 'dataset_consumes_1', 'dataset_consumes_1_and_2', 'dataset_consumes_1_never_scheduled']) retrieved from /home/amina/miniconda/lib/python3.11/site-packages/airflow/example_dags/example_datasets.py
[2023-11-28T11:42:49.668+0500] {logging_mixin.py:154} INFO - [2023-11-28T11:42:49.668+0500] {dag.py:2941} INFO - Sync 6 DAGs
[2023-11-28T11:42:49.690+0500] {logging_mixin.py:154} INFO - [2023-11-28T11:42:49.689+0500] {dag.py:3722} INFO - Setting next_dagrun for dataset_consumes_1 to None, run_after=None
[2023-11-28T11:42:49.693+0500] {logging_mixin.py:154} INFO - [2023-11-28T11:42:49.692+0500] {dag.py:3722} INFO - Setting next_dagrun for dataset_consumes_1_and_2 to None, run_after=None
[2023-11-28T11:42:49.694+0500] {logging_mixin.py:154} INFO - [2023-11-28T11:42:49.693+0500] {dag.py:3722} INFO - Setting next_dagrun for dataset_consumes_1_never_scheduled to None, run_after=None
[2023-11-28T11:42:49.694+0500] {logging_mixin.py:154} INFO - [2023-11-28T11:42:49.694+0500] {dag.py:3722} INFO - Setting next_dagrun for dataset_consumes_unknown_never_scheduled to None, run_after=None
[2023-11-28T11:42:49.697+0500] {logging_mixin.py:154} INFO - [2023-11-28T11:42:49.697+0500] {dag.py:3722} INFO - Setting next_dagrun for dataset_produces_1 to 2023-11-27T00:00:00+00:00, run_after=2023-11-28T00:00:00+00:00
[2023-11-28T11:42:49.699+0500] {logging_mixin.py:154} INFO - [2023-11-28T11:42:49.698+0500] {dag.py:3722} INFO - Setting next_dagrun for dataset_produces_2 to None, run_after=None
[2023-11-28T11:42:49.813+0500] {processor.py:179} INFO - Processing /home/amina/miniconda/lib/python3.11/site-packages/airflow/example_dags/example_datasets.py took 0.191 seconds
[2023-11-28T11:48:24.746+0500] {processor.py:157} INFO - Started process (PID=7400) to work on /home/amina/miniconda/lib/python3.11/site-packages/airflow/example_dags/example_datasets.py
[2023-11-28T11:48:24.756+0500] {processor.py:829} INFO - Processing file /home/amina/miniconda/lib/python3.11/site-packages/airflow/example_dags/example_datasets.py for tasks to queue
[2023-11-28T11:48:24.757+0500] {logging_mixin.py:154} INFO - [2023-11-28T11:48:24.756+0500] {dagbag.py:536} INFO - Filling up the DagBag from /home/amina/miniconda/lib/python3.11/site-packages/airflow/example_dags/example_datasets.py
[2023-11-28T11:48:24.766+0500] {processor.py:839} INFO - DAG(s) dict_keys(['dataset_consumes_1_and_2', 'dataset_consumes_1_never_scheduled', 'dataset_produces_2', 'dataset_produces_1', 'dataset_consumes_unknown_never_scheduled', 'dataset_consumes_1']) retrieved from /home/amina/miniconda/lib/python3.11/site-packages/airflow/example_dags/example_datasets.py
[2023-11-28T11:48:24.796+0500] {logging_mixin.py:154} INFO - [2023-11-28T11:48:24.796+0500] {dag.py:2941} INFO - Sync 6 DAGs
[2023-11-28T11:48:24.816+0500] {logging_mixin.py:154} INFO - [2023-11-28T11:48:24.816+0500] {dag.py:3722} INFO - Setting next_dagrun for dataset_consumes_1 to None, run_after=None
[2023-11-28T11:48:24.819+0500] {logging_mixin.py:154} INFO - [2023-11-28T11:48:24.819+0500] {dag.py:3722} INFO - Setting next_dagrun for dataset_consumes_1_and_2 to None, run_after=None
[2023-11-28T11:48:24.820+0500] {logging_mixin.py:154} INFO - [2023-11-28T11:48:24.820+0500] {dag.py:3722} INFO - Setting next_dagrun for dataset_consumes_1_never_scheduled to None, run_after=None
[2023-11-28T11:48:24.822+0500] {logging_mixin.py:154} INFO - [2023-11-28T11:48:24.821+0500] {dag.py:3722} INFO - Setting next_dagrun for dataset_consumes_unknown_never_scheduled to None, run_after=None
[2023-11-28T11:48:24.825+0500] {logging_mixin.py:154} INFO - [2023-11-28T11:48:24.825+0500] {dag.py:3722} INFO - Setting next_dagrun for dataset_produces_1 to 2023-11-27T00:00:00+00:00, run_after=2023-11-28T00:00:00+00:00
[2023-11-28T11:48:24.826+0500] {logging_mixin.py:154} INFO - [2023-11-28T11:48:24.826+0500] {dag.py:3722} INFO - Setting next_dagrun for dataset_produces_2 to None, run_after=None
[2023-11-28T11:48:24.953+0500] {processor.py:179} INFO - Processing /home/amina/miniconda/lib/python3.11/site-packages/airflow/example_dags/example_datasets.py took 0.209 seconds
[2023-11-28T11:50:23.845+0500] {processor.py:157} INFO - Started process (PID=7483) to work on /home/amina/miniconda/lib/python3.11/site-packages/airflow/example_dags/example_datasets.py
[2023-11-28T11:50:23.883+0500] {processor.py:829} INFO - Processing file /home/amina/miniconda/lib/python3.11/site-packages/airflow/example_dags/example_datasets.py for tasks to queue
[2023-11-28T11:50:23.884+0500] {logging_mixin.py:154} INFO - [2023-11-28T11:50:23.883+0500] {dagbag.py:536} INFO - Filling up the DagBag from /home/amina/miniconda/lib/python3.11/site-packages/airflow/example_dags/example_datasets.py
[2023-11-28T11:50:23.897+0500] {processor.py:839} INFO - DAG(s) dict_keys(['dataset_produces_2', 'dataset_consumes_1_never_scheduled', 'dataset_consumes_1', 'dataset_consumes_unknown_never_scheduled', 'dataset_produces_1', 'dataset_consumes_1_and_2']) retrieved from /home/amina/miniconda/lib/python3.11/site-packages/airflow/example_dags/example_datasets.py
[2023-11-28T11:50:23.932+0500] {logging_mixin.py:154} INFO - [2023-11-28T11:50:23.932+0500] {dag.py:2941} INFO - Sync 6 DAGs
[2023-11-28T11:50:24.076+0500] {logging_mixin.py:154} INFO - [2023-11-28T11:50:24.076+0500] {dag.py:3722} INFO - Setting next_dagrun for dataset_consumes_1 to None, run_after=None
[2023-11-28T11:50:24.079+0500] {logging_mixin.py:154} INFO - [2023-11-28T11:50:24.079+0500] {dag.py:3722} INFO - Setting next_dagrun for dataset_consumes_1_and_2 to None, run_after=None
[2023-11-28T11:50:24.080+0500] {logging_mixin.py:154} INFO - [2023-11-28T11:50:24.080+0500] {dag.py:3722} INFO - Setting next_dagrun for dataset_consumes_1_never_scheduled to None, run_after=None
[2023-11-28T11:50:24.081+0500] {logging_mixin.py:154} INFO - [2023-11-28T11:50:24.081+0500] {dag.py:3722} INFO - Setting next_dagrun for dataset_consumes_unknown_never_scheduled to None, run_after=None
[2023-11-28T11:50:24.084+0500] {logging_mixin.py:154} INFO - [2023-11-28T11:50:24.084+0500] {dag.py:3722} INFO - Setting next_dagrun for dataset_produces_1 to 2023-11-27T00:00:00+00:00, run_after=2023-11-28T00:00:00+00:00
[2023-11-28T11:50:24.086+0500] {logging_mixin.py:154} INFO - [2023-11-28T11:50:24.086+0500] {dag.py:3722} INFO - Setting next_dagrun for dataset_produces_2 to None, run_after=None
[2023-11-28T11:50:24.356+0500] {processor.py:179} INFO - Processing /home/amina/miniconda/lib/python3.11/site-packages/airflow/example_dags/example_datasets.py took 0.516 seconds
[2023-11-28T11:51:19.663+0500] {processor.py:157} INFO - Started process (PID=7537) to work on /home/amina/miniconda/lib/python3.11/site-packages/airflow/example_dags/example_datasets.py
[2023-11-28T11:51:19.694+0500] {processor.py:829} INFO - Processing file /home/amina/miniconda/lib/python3.11/site-packages/airflow/example_dags/example_datasets.py for tasks to queue
[2023-11-28T11:51:19.695+0500] {logging_mixin.py:154} INFO - [2023-11-28T11:51:19.695+0500] {dagbag.py:536} INFO - Filling up the DagBag from /home/amina/miniconda/lib/python3.11/site-packages/airflow/example_dags/example_datasets.py
[2023-11-28T11:51:19.711+0500] {processor.py:839} INFO - DAG(s) dict_keys(['dataset_consumes_1_and_2', 'dataset_produces_2', 'dataset_consumes_unknown_never_scheduled', 'dataset_consumes_1_never_scheduled', 'dataset_produces_1', 'dataset_consumes_1']) retrieved from /home/amina/miniconda/lib/python3.11/site-packages/airflow/example_dags/example_datasets.py
[2023-11-28T11:51:19.748+0500] {logging_mixin.py:154} INFO - [2023-11-28T11:51:19.747+0500] {dag.py:2941} INFO - Sync 6 DAGs
[2023-11-28T11:51:19.771+0500] {logging_mixin.py:154} INFO - [2023-11-28T11:51:19.771+0500] {dag.py:3722} INFO - Setting next_dagrun for dataset_consumes_1 to None, run_after=None
[2023-11-28T11:51:19.777+0500] {logging_mixin.py:154} INFO - [2023-11-28T11:51:19.777+0500] {dag.py:3722} INFO - Setting next_dagrun for dataset_consumes_1_and_2 to None, run_after=None
[2023-11-28T11:51:19.778+0500] {logging_mixin.py:154} INFO - [2023-11-28T11:51:19.778+0500] {dag.py:3722} INFO - Setting next_dagrun for dataset_consumes_1_never_scheduled to None, run_after=None
[2023-11-28T11:51:19.779+0500] {logging_mixin.py:154} INFO - [2023-11-28T11:51:19.779+0500] {dag.py:3722} INFO - Setting next_dagrun for dataset_consumes_unknown_never_scheduled to None, run_after=None
[2023-11-28T11:51:19.782+0500] {logging_mixin.py:154} INFO - [2023-11-28T11:51:19.781+0500] {dag.py:3722} INFO - Setting next_dagrun for dataset_produces_1 to 2023-11-27T00:00:00+00:00, run_after=2023-11-28T00:00:00+00:00
[2023-11-28T11:51:19.782+0500] {logging_mixin.py:154} INFO - [2023-11-28T11:51:19.782+0500] {dag.py:3722} INFO - Setting next_dagrun for dataset_produces_2 to None, run_after=None
[2023-11-28T11:51:19.912+0500] {processor.py:179} INFO - Processing /home/amina/miniconda/lib/python3.11/site-packages/airflow/example_dags/example_datasets.py took 0.253 seconds
[2023-11-28T11:52:25.584+0500] {processor.py:157} INFO - Started process (PID=7636) to work on /home/amina/miniconda/lib/python3.11/site-packages/airflow/example_dags/example_datasets.py
[2023-11-28T11:52:25.626+0500] {processor.py:829} INFO - Processing file /home/amina/miniconda/lib/python3.11/site-packages/airflow/example_dags/example_datasets.py for tasks to queue
[2023-11-28T11:52:25.627+0500] {logging_mixin.py:154} INFO - [2023-11-28T11:52:25.627+0500] {dagbag.py:536} INFO - Filling up the DagBag from /home/amina/miniconda/lib/python3.11/site-packages/airflow/example_dags/example_datasets.py
[2023-11-28T11:52:25.637+0500] {processor.py:839} INFO - DAG(s) dict_keys(['dataset_consumes_1_never_scheduled', 'dataset_consumes_1_and_2', 'dataset_consumes_1', 'dataset_produces_1', 'dataset_consumes_unknown_never_scheduled', 'dataset_produces_2']) retrieved from /home/amina/miniconda/lib/python3.11/site-packages/airflow/example_dags/example_datasets.py
[2023-11-28T11:52:25.665+0500] {logging_mixin.py:154} INFO - [2023-11-28T11:52:25.665+0500] {dag.py:2941} INFO - Sync 6 DAGs
[2023-11-28T11:52:25.687+0500] {logging_mixin.py:154} INFO - [2023-11-28T11:52:25.687+0500] {dag.py:3722} INFO - Setting next_dagrun for dataset_consumes_1 to None, run_after=None
[2023-11-28T11:52:25.691+0500] {logging_mixin.py:154} INFO - [2023-11-28T11:52:25.691+0500] {dag.py:3722} INFO - Setting next_dagrun for dataset_consumes_1_and_2 to None, run_after=None
[2023-11-28T11:52:25.693+0500] {logging_mixin.py:154} INFO - [2023-11-28T11:52:25.693+0500] {dag.py:3722} INFO - Setting next_dagrun for dataset_consumes_1_never_scheduled to None, run_after=None
[2023-11-28T11:52:25.694+0500] {logging_mixin.py:154} INFO - [2023-11-28T11:52:25.694+0500] {dag.py:3722} INFO - Setting next_dagrun for dataset_consumes_unknown_never_scheduled to None, run_after=None
[2023-11-28T11:52:25.697+0500] {logging_mixin.py:154} INFO - [2023-11-28T11:52:25.697+0500] {dag.py:3722} INFO - Setting next_dagrun for dataset_produces_1 to 2023-11-27T00:00:00+00:00, run_after=2023-11-28T00:00:00+00:00
[2023-11-28T11:52:25.698+0500] {logging_mixin.py:154} INFO - [2023-11-28T11:52:25.698+0500] {dag.py:3722} INFO - Setting next_dagrun for dataset_produces_2 to None, run_after=None
[2023-11-28T11:52:25.835+0500] {processor.py:179} INFO - Processing /home/amina/miniconda/lib/python3.11/site-packages/airflow/example_dags/example_datasets.py took 0.253 seconds
[2023-11-28T11:53:17.577+0500] {processor.py:157} INFO - Started process (PID=7741) to work on /home/amina/miniconda/lib/python3.11/site-packages/airflow/example_dags/example_datasets.py
[2023-11-28T11:53:17.612+0500] {processor.py:829} INFO - Processing file /home/amina/miniconda/lib/python3.11/site-packages/airflow/example_dags/example_datasets.py for tasks to queue
[2023-11-28T11:53:17.613+0500] {logging_mixin.py:154} INFO - [2023-11-28T11:53:17.613+0500] {dagbag.py:536} INFO - Filling up the DagBag from /home/amina/miniconda/lib/python3.11/site-packages/airflow/example_dags/example_datasets.py
[2023-11-28T11:53:17.625+0500] {processor.py:839} INFO - DAG(s) dict_keys(['dataset_produces_2', 'dataset_produces_1', 'dataset_consumes_1_and_2', 'dataset_consumes_1', 'dataset_consumes_1_never_scheduled', 'dataset_consumes_unknown_never_scheduled']) retrieved from /home/amina/miniconda/lib/python3.11/site-packages/airflow/example_dags/example_datasets.py
[2023-11-28T11:53:17.657+0500] {logging_mixin.py:154} INFO - [2023-11-28T11:53:17.657+0500] {dag.py:2941} INFO - Sync 6 DAGs
[2023-11-28T11:53:17.680+0500] {logging_mixin.py:154} INFO - [2023-11-28T11:53:17.680+0500] {dag.py:3722} INFO - Setting next_dagrun for dataset_consumes_1 to None, run_after=None
[2023-11-28T11:53:17.687+0500] {logging_mixin.py:154} INFO - [2023-11-28T11:53:17.687+0500] {dag.py:3722} INFO - Setting next_dagrun for dataset_consumes_1_and_2 to None, run_after=None
[2023-11-28T11:53:17.688+0500] {logging_mixin.py:154} INFO - [2023-11-28T11:53:17.688+0500] {dag.py:3722} INFO - Setting next_dagrun for dataset_consumes_1_never_scheduled to None, run_after=None
[2023-11-28T11:53:17.689+0500] {logging_mixin.py:154} INFO - [2023-11-28T11:53:17.688+0500] {dag.py:3722} INFO - Setting next_dagrun for dataset_consumes_unknown_never_scheduled to None, run_after=None
[2023-11-28T11:53:17.692+0500] {logging_mixin.py:154} INFO - [2023-11-28T11:53:17.691+0500] {dag.py:3722} INFO - Setting next_dagrun for dataset_produces_1 to 2023-11-27T00:00:00+00:00, run_after=2023-11-28T00:00:00+00:00
[2023-11-28T11:53:17.693+0500] {logging_mixin.py:154} INFO - [2023-11-28T11:53:17.692+0500] {dag.py:3722} INFO - Setting next_dagrun for dataset_produces_2 to None, run_after=None
[2023-11-28T11:53:17.830+0500] {processor.py:179} INFO - Processing /home/amina/miniconda/lib/python3.11/site-packages/airflow/example_dags/example_datasets.py took 0.256 seconds
[2023-11-28T11:54:30.236+0500] {processor.py:157} INFO - Started process (PID=7808) to work on /home/amina/miniconda/lib/python3.11/site-packages/airflow/example_dags/example_datasets.py
[2023-11-28T11:54:30.254+0500] {processor.py:829} INFO - Processing file /home/amina/miniconda/lib/python3.11/site-packages/airflow/example_dags/example_datasets.py for tasks to queue
[2023-11-28T11:54:30.257+0500] {logging_mixin.py:154} INFO - [2023-11-28T11:54:30.255+0500] {dagbag.py:536} INFO - Filling up the DagBag from /home/amina/miniconda/lib/python3.11/site-packages/airflow/example_dags/example_datasets.py
[2023-11-28T11:54:30.275+0500] {processor.py:839} INFO - DAG(s) dict_keys(['dataset_produces_1', 'dataset_consumes_1_and_2', 'dataset_consumes_1', 'dataset_produces_2', 'dataset_consumes_unknown_never_scheduled', 'dataset_consumes_1_never_scheduled']) retrieved from /home/amina/miniconda/lib/python3.11/site-packages/airflow/example_dags/example_datasets.py
[2023-11-28T11:54:30.331+0500] {logging_mixin.py:154} INFO - [2023-11-28T11:54:30.331+0500] {dag.py:2941} INFO - Sync 6 DAGs
[2023-11-28T11:54:30.366+0500] {logging_mixin.py:154} INFO - [2023-11-28T11:54:30.366+0500] {dag.py:3722} INFO - Setting next_dagrun for dataset_consumes_1 to None, run_after=None
[2023-11-28T11:54:30.372+0500] {logging_mixin.py:154} INFO - [2023-11-28T11:54:30.371+0500] {dag.py:3722} INFO - Setting next_dagrun for dataset_consumes_1_and_2 to None, run_after=None
[2023-11-28T11:54:30.374+0500] {logging_mixin.py:154} INFO - [2023-11-28T11:54:30.373+0500] {dag.py:3722} INFO - Setting next_dagrun for dataset_consumes_1_never_scheduled to None, run_after=None
[2023-11-28T11:54:30.375+0500] {logging_mixin.py:154} INFO - [2023-11-28T11:54:30.375+0500] {dag.py:3722} INFO - Setting next_dagrun for dataset_consumes_unknown_never_scheduled to None, run_after=None
[2023-11-28T11:54:30.378+0500] {logging_mixin.py:154} INFO - [2023-11-28T11:54:30.378+0500] {dag.py:3722} INFO - Setting next_dagrun for dataset_produces_1 to 2023-11-27T00:00:00+00:00, run_after=2023-11-28T00:00:00+00:00
[2023-11-28T11:54:30.379+0500] {logging_mixin.py:154} INFO - [2023-11-28T11:54:30.379+0500] {dag.py:3722} INFO - Setting next_dagrun for dataset_produces_2 to None, run_after=None
[2023-11-28T11:54:30.528+0500] {processor.py:179} INFO - Processing /home/amina/miniconda/lib/python3.11/site-packages/airflow/example_dags/example_datasets.py took 0.298 seconds
[2023-11-28T11:55:20.260+0500] {processor.py:157} INFO - Started process (PID=7862) to work on /home/amina/miniconda/lib/python3.11/site-packages/airflow/example_dags/example_datasets.py
[2023-11-28T11:55:20.274+0500] {processor.py:829} INFO - Processing file /home/amina/miniconda/lib/python3.11/site-packages/airflow/example_dags/example_datasets.py for tasks to queue
[2023-11-28T11:55:20.275+0500] {logging_mixin.py:154} INFO - [2023-11-28T11:55:20.275+0500] {dagbag.py:536} INFO - Filling up the DagBag from /home/amina/miniconda/lib/python3.11/site-packages/airflow/example_dags/example_datasets.py
[2023-11-28T11:55:20.290+0500] {processor.py:839} INFO - DAG(s) dict_keys(['dataset_consumes_1', 'dataset_consumes_unknown_never_scheduled', 'dataset_produces_1', 'dataset_produces_2', 'dataset_consumes_1_never_scheduled', 'dataset_consumes_1_and_2']) retrieved from /home/amina/miniconda/lib/python3.11/site-packages/airflow/example_dags/example_datasets.py
[2023-11-28T11:55:20.325+0500] {logging_mixin.py:154} INFO - [2023-11-28T11:55:20.325+0500] {dag.py:2941} INFO - Sync 6 DAGs
[2023-11-28T11:55:20.352+0500] {logging_mixin.py:154} INFO - [2023-11-28T11:55:20.352+0500] {dag.py:3722} INFO - Setting next_dagrun for dataset_consumes_1 to None, run_after=None
[2023-11-28T11:55:20.355+0500] {logging_mixin.py:154} INFO - [2023-11-28T11:55:20.355+0500] {dag.py:3722} INFO - Setting next_dagrun for dataset_consumes_1_and_2 to None, run_after=None
[2023-11-28T11:55:20.356+0500] {logging_mixin.py:154} INFO - [2023-11-28T11:55:20.356+0500] {dag.py:3722} INFO - Setting next_dagrun for dataset_consumes_1_never_scheduled to None, run_after=None
[2023-11-28T11:55:20.357+0500] {logging_mixin.py:154} INFO - [2023-11-28T11:55:20.357+0500] {dag.py:3722} INFO - Setting next_dagrun for dataset_consumes_unknown_never_scheduled to None, run_after=None
[2023-11-28T11:55:20.360+0500] {logging_mixin.py:154} INFO - [2023-11-28T11:55:20.360+0500] {dag.py:3722} INFO - Setting next_dagrun for dataset_produces_1 to 2023-11-27T00:00:00+00:00, run_after=2023-11-28T00:00:00+00:00
[2023-11-28T11:55:20.361+0500] {logging_mixin.py:154} INFO - [2023-11-28T11:55:20.361+0500] {dag.py:3722} INFO - Setting next_dagrun for dataset_produces_2 to None, run_after=None
[2023-11-28T11:55:20.722+0500] {processor.py:179} INFO - Processing /home/amina/miniconda/lib/python3.11/site-packages/airflow/example_dags/example_datasets.py took 0.466 seconds
[2023-11-28T11:56:11.172+0500] {processor.py:157} INFO - Started process (PID=7908) to work on /home/amina/miniconda/lib/python3.11/site-packages/airflow/example_dags/example_datasets.py
[2023-11-28T11:56:11.199+0500] {processor.py:829} INFO - Processing file /home/amina/miniconda/lib/python3.11/site-packages/airflow/example_dags/example_datasets.py for tasks to queue
[2023-11-28T11:56:11.200+0500] {logging_mixin.py:154} INFO - [2023-11-28T11:56:11.199+0500] {dagbag.py:536} INFO - Filling up the DagBag from /home/amina/miniconda/lib/python3.11/site-packages/airflow/example_dags/example_datasets.py
[2023-11-28T11:56:11.214+0500] {processor.py:839} INFO - DAG(s) dict_keys(['dataset_consumes_1', 'dataset_consumes_1_never_scheduled', 'dataset_produces_2', 'dataset_consumes_unknown_never_scheduled', 'dataset_produces_1', 'dataset_consumes_1_and_2']) retrieved from /home/amina/miniconda/lib/python3.11/site-packages/airflow/example_dags/example_datasets.py
[2023-11-28T11:56:11.249+0500] {logging_mixin.py:154} INFO - [2023-11-28T11:56:11.249+0500] {dag.py:2941} INFO - Sync 6 DAGs
[2023-11-28T11:56:11.275+0500] {logging_mixin.py:154} INFO - [2023-11-28T11:56:11.275+0500] {dag.py:3722} INFO - Setting next_dagrun for dataset_consumes_1 to None, run_after=None
[2023-11-28T11:56:11.279+0500] {logging_mixin.py:154} INFO - [2023-11-28T11:56:11.279+0500] {dag.py:3722} INFO - Setting next_dagrun for dataset_consumes_1_and_2 to None, run_after=None
[2023-11-28T11:56:11.280+0500] {logging_mixin.py:154} INFO - [2023-11-28T11:56:11.280+0500] {dag.py:3722} INFO - Setting next_dagrun for dataset_consumes_1_never_scheduled to None, run_after=None
[2023-11-28T11:56:11.281+0500] {logging_mixin.py:154} INFO - [2023-11-28T11:56:11.281+0500] {dag.py:3722} INFO - Setting next_dagrun for dataset_consumes_unknown_never_scheduled to None, run_after=None
[2023-11-28T11:56:11.284+0500] {logging_mixin.py:154} INFO - [2023-11-28T11:56:11.284+0500] {dag.py:3722} INFO - Setting next_dagrun for dataset_produces_1 to 2023-11-27T00:00:00+00:00, run_after=2023-11-28T00:00:00+00:00
[2023-11-28T11:56:11.285+0500] {logging_mixin.py:154} INFO - [2023-11-28T11:56:11.285+0500] {dag.py:3722} INFO - Setting next_dagrun for dataset_produces_2 to None, run_after=None
[2023-11-28T11:56:11.425+0500] {processor.py:179} INFO - Processing /home/amina/miniconda/lib/python3.11/site-packages/airflow/example_dags/example_datasets.py took 0.256 seconds
[2023-11-28T18:23:22.752+0500] {processor.py:157} INFO - Started process (PID=8253) to work on /home/amina/miniconda/lib/python3.11/site-packages/airflow/example_dags/example_datasets.py
[2023-11-28T18:23:22.781+0500] {processor.py:829} INFO - Processing file /home/amina/miniconda/lib/python3.11/site-packages/airflow/example_dags/example_datasets.py for tasks to queue
[2023-11-28T18:23:22.781+0500] {logging_mixin.py:154} INFO - [2023-11-28T18:23:22.781+0500] {dagbag.py:536} INFO - Filling up the DagBag from /home/amina/miniconda/lib/python3.11/site-packages/airflow/example_dags/example_datasets.py
[2023-11-28T18:23:22.792+0500] {processor.py:839} INFO - DAG(s) dict_keys(['dataset_produces_2', 'dataset_consumes_1', 'dataset_consumes_1_and_2', 'dataset_consumes_1_never_scheduled', 'dataset_produces_1', 'dataset_consumes_unknown_never_scheduled']) retrieved from /home/amina/miniconda/lib/python3.11/site-packages/airflow/example_dags/example_datasets.py
[2023-11-28T18:23:22.819+0500] {logging_mixin.py:154} INFO - [2023-11-28T18:23:22.818+0500] {dag.py:2941} INFO - Sync 6 DAGs
[2023-11-28T18:23:22.839+0500] {logging_mixin.py:154} INFO - [2023-11-28T18:23:22.839+0500] {dag.py:3722} INFO - Setting next_dagrun for dataset_consumes_1 to None, run_after=None
[2023-11-28T18:23:22.843+0500] {logging_mixin.py:154} INFO - [2023-11-28T18:23:22.843+0500] {dag.py:3722} INFO - Setting next_dagrun for dataset_consumes_1_and_2 to None, run_after=None
[2023-11-28T18:23:22.845+0500] {logging_mixin.py:154} INFO - [2023-11-28T18:23:22.844+0500] {dag.py:3722} INFO - Setting next_dagrun for dataset_consumes_1_never_scheduled to None, run_after=None
[2023-11-28T18:23:22.846+0500] {logging_mixin.py:154} INFO - [2023-11-28T18:23:22.845+0500] {dag.py:3722} INFO - Setting next_dagrun for dataset_consumes_unknown_never_scheduled to None, run_after=None
[2023-11-28T18:23:22.849+0500] {logging_mixin.py:154} INFO - [2023-11-28T18:23:22.849+0500] {dag.py:3722} INFO - Setting next_dagrun for dataset_produces_1 to 2023-11-27T00:00:00+00:00, run_after=2023-11-28T00:00:00+00:00
[2023-11-28T18:23:22.850+0500] {logging_mixin.py:154} INFO - [2023-11-28T18:23:22.850+0500] {dag.py:3722} INFO - Setting next_dagrun for dataset_produces_2 to None, run_after=None
[2023-11-28T18:23:22.959+0500] {processor.py:179} INFO - Processing /home/amina/miniconda/lib/python3.11/site-packages/airflow/example_dags/example_datasets.py took 0.210 seconds
