[2023-11-28T11:37:58.445+0500] {processor.py:157} INFO - Started process (PID=6594) to work on /home/amina/miniconda/lib/python3.11/site-packages/airflow/example_dags/example_latest_only_with_trigger.py
[2023-11-28T11:37:58.446+0500] {processor.py:829} INFO - Processing file /home/amina/miniconda/lib/python3.11/site-packages/airflow/example_dags/example_latest_only_with_trigger.py for tasks to queue
[2023-11-28T11:37:58.447+0500] {logging_mixin.py:154} INFO - [2023-11-28T11:37:58.447+0500] {dagbag.py:536} INFO - Filling up the DagBag from /home/amina/miniconda/lib/python3.11/site-packages/airflow/example_dags/example_latest_only_with_trigger.py
[2023-11-28T11:37:58.453+0500] {processor.py:839} INFO - DAG(s) dict_keys(['latest_only_with_trigger']) retrieved from /home/amina/miniconda/lib/python3.11/site-packages/airflow/example_dags/example_latest_only_with_trigger.py
[2023-11-28T11:37:58.471+0500] {logging_mixin.py:154} INFO - [2023-11-28T11:37:58.471+0500] {dag.py:2941} INFO - Sync 1 DAGs
[2023-11-28T11:37:58.489+0500] {logging_mixin.py:154} INFO - [2023-11-28T11:37:58.489+0500] {dag.py:3722} INFO - Setting next_dagrun for latest_only_with_trigger to 2023-11-28T02:37:58.488889+00:00, run_after=2023-11-28T06:37:58.488889+00:00
[2023-11-28T11:37:58.594+0500] {processor.py:179} INFO - Processing /home/amina/miniconda/lib/python3.11/site-packages/airflow/example_dags/example_latest_only_with_trigger.py took 0.152 seconds
[2023-11-28T11:38:52.086+0500] {processor.py:157} INFO - Started process (PID=6648) to work on /home/amina/miniconda/lib/python3.11/site-packages/airflow/example_dags/example_latest_only_with_trigger.py
[2023-11-28T11:38:52.127+0500] {processor.py:829} INFO - Processing file /home/amina/miniconda/lib/python3.11/site-packages/airflow/example_dags/example_latest_only_with_trigger.py for tasks to queue
[2023-11-28T11:38:52.127+0500] {logging_mixin.py:154} INFO - [2023-11-28T11:38:52.127+0500] {dagbag.py:536} INFO - Filling up the DagBag from /home/amina/miniconda/lib/python3.11/site-packages/airflow/example_dags/example_latest_only_with_trigger.py
[2023-11-28T11:38:52.133+0500] {processor.py:839} INFO - DAG(s) dict_keys(['latest_only_with_trigger']) retrieved from /home/amina/miniconda/lib/python3.11/site-packages/airflow/example_dags/example_latest_only_with_trigger.py
[2023-11-28T11:38:52.148+0500] {logging_mixin.py:154} INFO - [2023-11-28T11:38:52.148+0500] {dag.py:2941} INFO - Sync 1 DAGs
[2023-11-28T11:38:52.166+0500] {logging_mixin.py:154} INFO - [2023-11-28T11:38:52.166+0500] {dag.py:3722} INFO - Setting next_dagrun for latest_only_with_trigger to 2023-11-28T02:38:52.165801+00:00, run_after=2023-11-28T06:38:52.165801+00:00
[2023-11-28T11:38:52.261+0500] {processor.py:179} INFO - Processing /home/amina/miniconda/lib/python3.11/site-packages/airflow/example_dags/example_latest_only_with_trigger.py took 0.178 seconds
[2023-11-28T11:39:49.900+0500] {processor.py:157} INFO - Started process (PID=6776) to work on /home/amina/miniconda/lib/python3.11/site-packages/airflow/example_dags/example_latest_only_with_trigger.py
[2023-11-28T11:39:49.962+0500] {processor.py:829} INFO - Processing file /home/amina/miniconda/lib/python3.11/site-packages/airflow/example_dags/example_latest_only_with_trigger.py for tasks to queue
[2023-11-28T11:39:49.963+0500] {logging_mixin.py:154} INFO - [2023-11-28T11:39:49.962+0500] {dagbag.py:536} INFO - Filling up the DagBag from /home/amina/miniconda/lib/python3.11/site-packages/airflow/example_dags/example_latest_only_with_trigger.py
[2023-11-28T11:39:49.971+0500] {processor.py:839} INFO - DAG(s) dict_keys(['latest_only_with_trigger']) retrieved from /home/amina/miniconda/lib/python3.11/site-packages/airflow/example_dags/example_latest_only_with_trigger.py
[2023-11-28T11:39:50.115+0500] {logging_mixin.py:154} INFO - [2023-11-28T11:39:50.115+0500] {dag.py:2941} INFO - Sync 1 DAGs
[2023-11-28T11:39:50.136+0500] {logging_mixin.py:154} INFO - [2023-11-28T11:39:50.136+0500] {dag.py:3722} INFO - Setting next_dagrun for latest_only_with_trigger to 2023-11-28T02:39:50.136055+00:00, run_after=2023-11-28T06:39:50.136055+00:00
[2023-11-28T11:39:50.321+0500] {processor.py:179} INFO - Processing /home/amina/miniconda/lib/python3.11/site-packages/airflow/example_dags/example_latest_only_with_trigger.py took 0.425 seconds
[2023-11-28T11:40:47.806+0500] {processor.py:157} INFO - Started process (PID=6838) to work on /home/amina/miniconda/lib/python3.11/site-packages/airflow/example_dags/example_latest_only_with_trigger.py
[2023-11-28T11:40:47.829+0500] {processor.py:829} INFO - Processing file /home/amina/miniconda/lib/python3.11/site-packages/airflow/example_dags/example_latest_only_with_trigger.py for tasks to queue
[2023-11-28T11:40:47.830+0500] {logging_mixin.py:154} INFO - [2023-11-28T11:40:47.829+0500] {dagbag.py:536} INFO - Filling up the DagBag from /home/amina/miniconda/lib/python3.11/site-packages/airflow/example_dags/example_latest_only_with_trigger.py
[2023-11-28T11:40:47.835+0500] {processor.py:839} INFO - DAG(s) dict_keys(['latest_only_with_trigger']) retrieved from /home/amina/miniconda/lib/python3.11/site-packages/airflow/example_dags/example_latest_only_with_trigger.py
[2023-11-28T11:40:47.850+0500] {logging_mixin.py:154} INFO - [2023-11-28T11:40:47.850+0500] {dag.py:2941} INFO - Sync 1 DAGs
[2023-11-28T11:40:47.868+0500] {logging_mixin.py:154} INFO - [2023-11-28T11:40:47.868+0500] {dag.py:3722} INFO - Setting next_dagrun for latest_only_with_trigger to 2023-11-28T02:40:47.868613+00:00, run_after=2023-11-28T06:40:47.868613+00:00
[2023-11-28T11:40:47.995+0500] {processor.py:179} INFO - Processing /home/amina/miniconda/lib/python3.11/site-packages/airflow/example_dags/example_latest_only_with_trigger.py took 0.193 seconds
[2023-11-28T11:41:35.891+0500] {processor.py:157} INFO - Started process (PID=6883) to work on /home/amina/miniconda/lib/python3.11/site-packages/airflow/example_dags/example_latest_only_with_trigger.py
[2023-11-28T11:41:35.902+0500] {processor.py:829} INFO - Processing file /home/amina/miniconda/lib/python3.11/site-packages/airflow/example_dags/example_latest_only_with_trigger.py for tasks to queue
[2023-11-28T11:41:35.903+0500] {logging_mixin.py:154} INFO - [2023-11-28T11:41:35.903+0500] {dagbag.py:536} INFO - Filling up the DagBag from /home/amina/miniconda/lib/python3.11/site-packages/airflow/example_dags/example_latest_only_with_trigger.py
[2023-11-28T11:41:35.908+0500] {processor.py:839} INFO - DAG(s) dict_keys(['latest_only_with_trigger']) retrieved from /home/amina/miniconda/lib/python3.11/site-packages/airflow/example_dags/example_latest_only_with_trigger.py
[2023-11-28T11:41:35.925+0500] {logging_mixin.py:154} INFO - [2023-11-28T11:41:35.925+0500] {dag.py:2941} INFO - Sync 1 DAGs
[2023-11-28T11:41:35.950+0500] {logging_mixin.py:154} INFO - [2023-11-28T11:41:35.950+0500] {dag.py:3722} INFO - Setting next_dagrun for latest_only_with_trigger to 2023-11-28T02:41:35.950572+00:00, run_after=2023-11-28T06:41:35.950572+00:00
[2023-11-28T11:41:36.089+0500] {processor.py:179} INFO - Processing /home/amina/miniconda/lib/python3.11/site-packages/airflow/example_dags/example_latest_only_with_trigger.py took 0.202 seconds
[2023-11-28T11:42:23.678+0500] {processor.py:157} INFO - Started process (PID=6933) to work on /home/amina/miniconda/lib/python3.11/site-packages/airflow/example_dags/example_latest_only_with_trigger.py
[2023-11-28T11:42:23.683+0500] {processor.py:829} INFO - Processing file /home/amina/miniconda/lib/python3.11/site-packages/airflow/example_dags/example_latest_only_with_trigger.py for tasks to queue
[2023-11-28T11:42:23.684+0500] {logging_mixin.py:154} INFO - [2023-11-28T11:42:23.684+0500] {dagbag.py:536} INFO - Filling up the DagBag from /home/amina/miniconda/lib/python3.11/site-packages/airflow/example_dags/example_latest_only_with_trigger.py
[2023-11-28T11:42:23.690+0500] {processor.py:839} INFO - DAG(s) dict_keys(['latest_only_with_trigger']) retrieved from /home/amina/miniconda/lib/python3.11/site-packages/airflow/example_dags/example_latest_only_with_trigger.py
[2023-11-28T11:42:23.706+0500] {logging_mixin.py:154} INFO - [2023-11-28T11:42:23.706+0500] {dag.py:2941} INFO - Sync 1 DAGs
[2023-11-28T11:42:23.726+0500] {logging_mixin.py:154} INFO - [2023-11-28T11:42:23.726+0500] {dag.py:3722} INFO - Setting next_dagrun for latest_only_with_trigger to 2023-11-28T02:42:23.725846+00:00, run_after=2023-11-28T06:42:23.725846+00:00
[2023-11-28T11:42:23.858+0500] {processor.py:179} INFO - Processing /home/amina/miniconda/lib/python3.11/site-packages/airflow/example_dags/example_latest_only_with_trigger.py took 0.183 seconds
[2023-11-28T11:48:16.180+0500] {processor.py:157} INFO - Started process (PID=7390) to work on /home/amina/miniconda/lib/python3.11/site-packages/airflow/example_dags/example_latest_only_with_trigger.py
[2023-11-28T11:48:16.191+0500] {processor.py:829} INFO - Processing file /home/amina/miniconda/lib/python3.11/site-packages/airflow/example_dags/example_latest_only_with_trigger.py for tasks to queue
[2023-11-28T11:48:16.192+0500] {logging_mixin.py:154} INFO - [2023-11-28T11:48:16.192+0500] {dagbag.py:536} INFO - Filling up the DagBag from /home/amina/miniconda/lib/python3.11/site-packages/airflow/example_dags/example_latest_only_with_trigger.py
[2023-11-28T11:48:16.198+0500] {processor.py:839} INFO - DAG(s) dict_keys(['latest_only_with_trigger']) retrieved from /home/amina/miniconda/lib/python3.11/site-packages/airflow/example_dags/example_latest_only_with_trigger.py
[2023-11-28T11:48:16.221+0500] {logging_mixin.py:154} INFO - [2023-11-28T11:48:16.220+0500] {dag.py:2941} INFO - Sync 1 DAGs
[2023-11-28T11:48:16.243+0500] {logging_mixin.py:154} INFO - [2023-11-28T11:48:16.243+0500] {dag.py:3722} INFO - Setting next_dagrun for latest_only_with_trigger to 2023-11-28T02:48:16.242975+00:00, run_after=2023-11-28T06:48:16.242975+00:00
[2023-11-28T11:48:16.381+0500] {processor.py:179} INFO - Processing /home/amina/miniconda/lib/python3.11/site-packages/airflow/example_dags/example_latest_only_with_trigger.py took 0.204 seconds
[2023-11-28T11:50:13.510+0500] {processor.py:157} INFO - Started process (PID=7475) to work on /home/amina/miniconda/lib/python3.11/site-packages/airflow/example_dags/example_latest_only_with_trigger.py
[2023-11-28T11:50:13.536+0500] {processor.py:829} INFO - Processing file /home/amina/miniconda/lib/python3.11/site-packages/airflow/example_dags/example_latest_only_with_trigger.py for tasks to queue
[2023-11-28T11:50:13.537+0500] {logging_mixin.py:154} INFO - [2023-11-28T11:50:13.536+0500] {dagbag.py:536} INFO - Filling up the DagBag from /home/amina/miniconda/lib/python3.11/site-packages/airflow/example_dags/example_latest_only_with_trigger.py
[2023-11-28T11:50:13.544+0500] {processor.py:839} INFO - DAG(s) dict_keys(['latest_only_with_trigger']) retrieved from /home/amina/miniconda/lib/python3.11/site-packages/airflow/example_dags/example_latest_only_with_trigger.py
[2023-11-28T11:50:13.561+0500] {logging_mixin.py:154} INFO - [2023-11-28T11:50:13.561+0500] {dag.py:2941} INFO - Sync 1 DAGs
[2023-11-28T11:50:13.693+0500] {logging_mixin.py:154} INFO - [2023-11-28T11:50:13.693+0500] {dag.py:3722} INFO - Setting next_dagrun for latest_only_with_trigger to 2023-11-28T02:50:13.693578+00:00, run_after=2023-11-28T06:50:13.693578+00:00
[2023-11-28T11:50:13.961+0500] {processor.py:179} INFO - Processing /home/amina/miniconda/lib/python3.11/site-packages/airflow/example_dags/example_latest_only_with_trigger.py took 0.453 seconds
[2023-11-28T11:51:09.622+0500] {processor.py:157} INFO - Started process (PID=7528) to work on /home/amina/miniconda/lib/python3.11/site-packages/airflow/example_dags/example_latest_only_with_trigger.py
[2023-11-28T11:51:09.655+0500] {processor.py:829} INFO - Processing file /home/amina/miniconda/lib/python3.11/site-packages/airflow/example_dags/example_latest_only_with_trigger.py for tasks to queue
[2023-11-28T11:51:09.657+0500] {logging_mixin.py:154} INFO - [2023-11-28T11:51:09.656+0500] {dagbag.py:536} INFO - Filling up the DagBag from /home/amina/miniconda/lib/python3.11/site-packages/airflow/example_dags/example_latest_only_with_trigger.py
[2023-11-28T11:51:09.663+0500] {processor.py:839} INFO - DAG(s) dict_keys(['latest_only_with_trigger']) retrieved from /home/amina/miniconda/lib/python3.11/site-packages/airflow/example_dags/example_latest_only_with_trigger.py
[2023-11-28T11:51:09.680+0500] {logging_mixin.py:154} INFO - [2023-11-28T11:51:09.680+0500] {dag.py:2941} INFO - Sync 1 DAGs
[2023-11-28T11:51:09.700+0500] {logging_mixin.py:154} INFO - [2023-11-28T11:51:09.700+0500] {dag.py:3722} INFO - Setting next_dagrun for latest_only_with_trigger to 2023-11-28T02:51:09.699995+00:00, run_after=2023-11-28T06:51:09.699995+00:00
[2023-11-28T11:51:09.794+0500] {processor.py:179} INFO - Processing /home/amina/miniconda/lib/python3.11/site-packages/airflow/example_dags/example_latest_only_with_trigger.py took 0.177 seconds
[2023-11-28T11:52:17.531+0500] {processor.py:157} INFO - Started process (PID=7627) to work on /home/amina/miniconda/lib/python3.11/site-packages/airflow/example_dags/example_latest_only_with_trigger.py
[2023-11-28T11:52:17.578+0500] {processor.py:829} INFO - Processing file /home/amina/miniconda/lib/python3.11/site-packages/airflow/example_dags/example_latest_only_with_trigger.py for tasks to queue
[2023-11-28T11:52:17.579+0500] {logging_mixin.py:154} INFO - [2023-11-28T11:52:17.578+0500] {dagbag.py:536} INFO - Filling up the DagBag from /home/amina/miniconda/lib/python3.11/site-packages/airflow/example_dags/example_latest_only_with_trigger.py
[2023-11-28T11:52:17.584+0500] {processor.py:839} INFO - DAG(s) dict_keys(['latest_only_with_trigger']) retrieved from /home/amina/miniconda/lib/python3.11/site-packages/airflow/example_dags/example_latest_only_with_trigger.py
[2023-11-28T11:52:17.602+0500] {logging_mixin.py:154} INFO - [2023-11-28T11:52:17.602+0500] {dag.py:2941} INFO - Sync 1 DAGs
[2023-11-28T11:52:17.622+0500] {logging_mixin.py:154} INFO - [2023-11-28T11:52:17.622+0500] {dag.py:3722} INFO - Setting next_dagrun for latest_only_with_trigger to 2023-11-28T02:52:17.622483+00:00, run_after=2023-11-28T06:52:17.622483+00:00
[2023-11-28T11:52:17.718+0500] {processor.py:179} INFO - Processing /home/amina/miniconda/lib/python3.11/site-packages/airflow/example_dags/example_latest_only_with_trigger.py took 0.190 seconds
[2023-11-28T11:53:08.167+0500] {processor.py:157} INFO - Started process (PID=7732) to work on /home/amina/miniconda/lib/python3.11/site-packages/airflow/example_dags/example_latest_only_with_trigger.py
[2023-11-28T11:53:08.177+0500] {processor.py:829} INFO - Processing file /home/amina/miniconda/lib/python3.11/site-packages/airflow/example_dags/example_latest_only_with_trigger.py for tasks to queue
[2023-11-28T11:53:08.178+0500] {logging_mixin.py:154} INFO - [2023-11-28T11:53:08.178+0500] {dagbag.py:536} INFO - Filling up the DagBag from /home/amina/miniconda/lib/python3.11/site-packages/airflow/example_dags/example_latest_only_with_trigger.py
[2023-11-28T11:53:08.186+0500] {processor.py:839} INFO - DAG(s) dict_keys(['latest_only_with_trigger']) retrieved from /home/amina/miniconda/lib/python3.11/site-packages/airflow/example_dags/example_latest_only_with_trigger.py
[2023-11-28T11:53:08.214+0500] {logging_mixin.py:154} INFO - [2023-11-28T11:53:08.214+0500] {dag.py:2941} INFO - Sync 1 DAGs
[2023-11-28T11:53:08.252+0500] {logging_mixin.py:154} INFO - [2023-11-28T11:53:08.252+0500] {dag.py:3722} INFO - Setting next_dagrun for latest_only_with_trigger to 2023-11-28T02:53:08.252262+00:00, run_after=2023-11-28T06:53:08.252262+00:00
[2023-11-28T11:53:08.375+0500] {processor.py:179} INFO - Processing /home/amina/miniconda/lib/python3.11/site-packages/airflow/example_dags/example_latest_only_with_trigger.py took 0.212 seconds
[2023-11-28T11:53:58.737+0500] {processor.py:157} INFO - Started process (PID=7780) to work on /home/amina/miniconda/lib/python3.11/site-packages/airflow/example_dags/example_latest_only_with_trigger.py
[2023-11-28T11:53:58.791+0500] {processor.py:829} INFO - Processing file /home/amina/miniconda/lib/python3.11/site-packages/airflow/example_dags/example_latest_only_with_trigger.py for tasks to queue
[2023-11-28T11:53:58.793+0500] {logging_mixin.py:154} INFO - [2023-11-28T11:53:58.792+0500] {dagbag.py:536} INFO - Filling up the DagBag from /home/amina/miniconda/lib/python3.11/site-packages/airflow/example_dags/example_latest_only_with_trigger.py
[2023-11-28T11:53:58.801+0500] {processor.py:839} INFO - DAG(s) dict_keys(['latest_only_with_trigger']) retrieved from /home/amina/miniconda/lib/python3.11/site-packages/airflow/example_dags/example_latest_only_with_trigger.py
[2023-11-28T11:53:58.826+0500] {logging_mixin.py:154} INFO - [2023-11-28T11:53:58.826+0500] {dag.py:2941} INFO - Sync 1 DAGs
[2023-11-28T11:53:58.874+0500] {logging_mixin.py:154} INFO - [2023-11-28T11:53:58.874+0500] {dag.py:3722} INFO - Setting next_dagrun for latest_only_with_trigger to 2023-11-28T02:53:58.873844+00:00, run_after=2023-11-28T06:53:58.873844+00:00
[2023-11-28T11:53:59.016+0500] {processor.py:179} INFO - Processing /home/amina/miniconda/lib/python3.11/site-packages/airflow/example_dags/example_latest_only_with_trigger.py took 0.283 seconds
[2023-11-28T11:54:49.897+0500] {processor.py:157} INFO - Started process (PID=7835) to work on /home/amina/miniconda/lib/python3.11/site-packages/airflow/example_dags/example_latest_only_with_trigger.py
[2023-11-28T11:54:49.950+0500] {processor.py:829} INFO - Processing file /home/amina/miniconda/lib/python3.11/site-packages/airflow/example_dags/example_latest_only_with_trigger.py for tasks to queue
[2023-11-28T11:54:49.952+0500] {logging_mixin.py:154} INFO - [2023-11-28T11:54:49.951+0500] {dagbag.py:536} INFO - Filling up the DagBag from /home/amina/miniconda/lib/python3.11/site-packages/airflow/example_dags/example_latest_only_with_trigger.py
[2023-11-28T11:54:49.958+0500] {processor.py:839} INFO - DAG(s) dict_keys(['latest_only_with_trigger']) retrieved from /home/amina/miniconda/lib/python3.11/site-packages/airflow/example_dags/example_latest_only_with_trigger.py
[2023-11-28T11:54:49.976+0500] {logging_mixin.py:154} INFO - [2023-11-28T11:54:49.976+0500] {dag.py:2941} INFO - Sync 1 DAGs
[2023-11-28T11:54:49.998+0500] {logging_mixin.py:154} INFO - [2023-11-28T11:54:49.997+0500] {dag.py:3722} INFO - Setting next_dagrun for latest_only_with_trigger to 2023-11-28T02:54:49.997533+00:00, run_after=2023-11-28T06:54:49.997533+00:00
[2023-11-28T11:54:50.121+0500] {processor.py:179} INFO - Processing /home/amina/miniconda/lib/python3.11/site-packages/airflow/example_dags/example_latest_only_with_trigger.py took 0.227 seconds
[2023-11-28T11:55:41.484+0500] {processor.py:157} INFO - Started process (PID=7882) to work on /home/amina/miniconda/lib/python3.11/site-packages/airflow/example_dags/example_latest_only_with_trigger.py
[2023-11-28T11:55:41.502+0500] {processor.py:829} INFO - Processing file /home/amina/miniconda/lib/python3.11/site-packages/airflow/example_dags/example_latest_only_with_trigger.py for tasks to queue
[2023-11-28T11:55:41.503+0500] {logging_mixin.py:154} INFO - [2023-11-28T11:55:41.503+0500] {dagbag.py:536} INFO - Filling up the DagBag from /home/amina/miniconda/lib/python3.11/site-packages/airflow/example_dags/example_latest_only_with_trigger.py
[2023-11-28T11:55:41.509+0500] {processor.py:839} INFO - DAG(s) dict_keys(['latest_only_with_trigger']) retrieved from /home/amina/miniconda/lib/python3.11/site-packages/airflow/example_dags/example_latest_only_with_trigger.py
[2023-11-28T11:55:41.528+0500] {logging_mixin.py:154} INFO - [2023-11-28T11:55:41.528+0500] {dag.py:2941} INFO - Sync 1 DAGs
[2023-11-28T11:55:41.551+0500] {logging_mixin.py:154} INFO - [2023-11-28T11:55:41.551+0500] {dag.py:3722} INFO - Setting next_dagrun for latest_only_with_trigger to 2023-11-28T02:55:41.551380+00:00, run_after=2023-11-28T06:55:41.551380+00:00
[2023-11-28T11:55:41.646+0500] {processor.py:179} INFO - Processing /home/amina/miniconda/lib/python3.11/site-packages/airflow/example_dags/example_latest_only_with_trigger.py took 0.165 seconds
[2023-11-28T11:56:29.027+0500] {processor.py:157} INFO - Started process (PID=7930) to work on /home/amina/miniconda/lib/python3.11/site-packages/airflow/example_dags/example_latest_only_with_trigger.py
[2023-11-28T11:56:29.053+0500] {processor.py:829} INFO - Processing file /home/amina/miniconda/lib/python3.11/site-packages/airflow/example_dags/example_latest_only_with_trigger.py for tasks to queue
[2023-11-28T11:56:29.055+0500] {logging_mixin.py:154} INFO - [2023-11-28T11:56:29.054+0500] {dagbag.py:536} INFO - Filling up the DagBag from /home/amina/miniconda/lib/python3.11/site-packages/airflow/example_dags/example_latest_only_with_trigger.py
[2023-11-28T11:56:29.062+0500] {processor.py:839} INFO - DAG(s) dict_keys(['latest_only_with_trigger']) retrieved from /home/amina/miniconda/lib/python3.11/site-packages/airflow/example_dags/example_latest_only_with_trigger.py
[2023-11-28T11:56:29.080+0500] {logging_mixin.py:154} INFO - [2023-11-28T11:56:29.080+0500] {dag.py:2941} INFO - Sync 1 DAGs
[2023-11-28T11:56:29.103+0500] {logging_mixin.py:154} INFO - [2023-11-28T11:56:29.103+0500] {dag.py:3722} INFO - Setting next_dagrun for latest_only_with_trigger to 2023-11-28T02:56:29.102974+00:00, run_after=2023-11-28T06:56:29.102974+00:00
[2023-11-28T11:56:29.221+0500] {processor.py:179} INFO - Processing /home/amina/miniconda/lib/python3.11/site-packages/airflow/example_dags/example_latest_only_with_trigger.py took 0.197 seconds
[2023-11-28T18:23:18.761+0500] {processor.py:157} INFO - Started process (PID=8199) to work on /home/amina/miniconda/lib/python3.11/site-packages/airflow/example_dags/example_latest_only_with_trigger.py
[2023-11-28T18:23:18.815+0500] {processor.py:829} INFO - Processing file /home/amina/miniconda/lib/python3.11/site-packages/airflow/example_dags/example_latest_only_with_trigger.py for tasks to queue
[2023-11-28T18:23:18.816+0500] {logging_mixin.py:154} INFO - [2023-11-28T18:23:18.815+0500] {dagbag.py:536} INFO - Filling up the DagBag from /home/amina/miniconda/lib/python3.11/site-packages/airflow/example_dags/example_latest_only_with_trigger.py
[2023-11-28T18:23:18.821+0500] {processor.py:839} INFO - DAG(s) dict_keys(['latest_only_with_trigger']) retrieved from /home/amina/miniconda/lib/python3.11/site-packages/airflow/example_dags/example_latest_only_with_trigger.py
[2023-11-28T18:23:18.837+0500] {logging_mixin.py:154} INFO - [2023-11-28T18:23:18.837+0500] {dag.py:2941} INFO - Sync 1 DAGs
[2023-11-28T18:23:18.857+0500] {logging_mixin.py:154} INFO - [2023-11-28T18:23:18.857+0500] {dag.py:3722} INFO - Setting next_dagrun for latest_only_with_trigger to 2023-11-28T09:23:18.857038+00:00, run_after=2023-11-28T13:23:18.857038+00:00
[2023-11-28T18:23:18.961+0500] {processor.py:179} INFO - Processing /home/amina/miniconda/lib/python3.11/site-packages/airflow/example_dags/example_latest_only_with_trigger.py took 0.203 seconds
