[2023-11-28T11:38:04.841+0500] {processor.py:157} INFO - Started process (PID=6599) to work on /home/amina/miniconda/lib/python3.11/site-packages/airflow/example_dags/example_kubernetes_executor.py
[2023-11-28T11:38:04.842+0500] {processor.py:829} INFO - Processing file /home/amina/miniconda/lib/python3.11/site-packages/airflow/example_dags/example_kubernetes_executor.py for tasks to queue
[2023-11-28T11:38:04.843+0500] {logging_mixin.py:154} INFO - [2023-11-28T11:38:04.842+0500] {dagbag.py:536} INFO - Filling up the DagBag from /home/amina/miniconda/lib/python3.11/site-packages/airflow/example_dags/example_kubernetes_executor.py
[2023-11-28T11:38:04.847+0500] {logging_mixin.py:154} INFO - [2023-11-28T11:38:04.846+0500] {example_kubernetes_executor.py:38} WARNING - The example_kubernetes_executor example DAG requires the kubernetes provider. Please install it with: pip install apache-airflow[cncf.kubernetes]
[2023-11-28T11:38:04.848+0500] {processor.py:841} WARNING - No viable dags retrieved from /home/amina/miniconda/lib/python3.11/site-packages/airflow/example_dags/example_kubernetes_executor.py
[2023-11-28T11:38:04.857+0500] {processor.py:179} INFO - Processing /home/amina/miniconda/lib/python3.11/site-packages/airflow/example_dags/example_kubernetes_executor.py took 0.020 seconds
[2023-11-28T11:38:57.355+0500] {processor.py:157} INFO - Started process (PID=6657) to work on /home/amina/miniconda/lib/python3.11/site-packages/airflow/example_dags/example_kubernetes_executor.py
[2023-11-28T11:38:57.385+0500] {processor.py:829} INFO - Processing file /home/amina/miniconda/lib/python3.11/site-packages/airflow/example_dags/example_kubernetes_executor.py for tasks to queue
[2023-11-28T11:38:57.386+0500] {logging_mixin.py:154} INFO - [2023-11-28T11:38:57.386+0500] {dagbag.py:536} INFO - Filling up the DagBag from /home/amina/miniconda/lib/python3.11/site-packages/airflow/example_dags/example_kubernetes_executor.py
[2023-11-28T11:38:57.390+0500] {logging_mixin.py:154} INFO - [2023-11-28T11:38:57.390+0500] {example_kubernetes_executor.py:38} WARNING - The example_kubernetes_executor example DAG requires the kubernetes provider. Please install it with: pip install apache-airflow[cncf.kubernetes]
[2023-11-28T11:38:57.391+0500] {processor.py:841} WARNING - No viable dags retrieved from /home/amina/miniconda/lib/python3.11/site-packages/airflow/example_dags/example_kubernetes_executor.py
[2023-11-28T11:38:57.402+0500] {processor.py:179} INFO - Processing /home/amina/miniconda/lib/python3.11/site-packages/airflow/example_dags/example_kubernetes_executor.py took 0.050 seconds
[2023-11-28T11:39:56.514+0500] {processor.py:157} INFO - Started process (PID=6781) to work on /home/amina/miniconda/lib/python3.11/site-packages/airflow/example_dags/example_kubernetes_executor.py
[2023-11-28T11:39:56.528+0500] {processor.py:829} INFO - Processing file /home/amina/miniconda/lib/python3.11/site-packages/airflow/example_dags/example_kubernetes_executor.py for tasks to queue
[2023-11-28T11:39:56.529+0500] {logging_mixin.py:154} INFO - [2023-11-28T11:39:56.528+0500] {dagbag.py:536} INFO - Filling up the DagBag from /home/amina/miniconda/lib/python3.11/site-packages/airflow/example_dags/example_kubernetes_executor.py
[2023-11-28T11:39:56.531+0500] {logging_mixin.py:154} INFO - [2023-11-28T11:39:56.531+0500] {example_kubernetes_executor.py:38} WARNING - The example_kubernetes_executor example DAG requires the kubernetes provider. Please install it with: pip install apache-airflow[cncf.kubernetes]
[2023-11-28T11:39:56.532+0500] {processor.py:841} WARNING - No viable dags retrieved from /home/amina/miniconda/lib/python3.11/site-packages/airflow/example_dags/example_kubernetes_executor.py
[2023-11-28T11:39:56.540+0500] {processor.py:179} INFO - Processing /home/amina/miniconda/lib/python3.11/site-packages/airflow/example_dags/example_kubernetes_executor.py took 0.030 seconds
[2023-11-28T11:40:53.200+0500] {processor.py:157} INFO - Started process (PID=6843) to work on /home/amina/miniconda/lib/python3.11/site-packages/airflow/example_dags/example_kubernetes_executor.py
[2023-11-28T11:40:53.218+0500] {processor.py:829} INFO - Processing file /home/amina/miniconda/lib/python3.11/site-packages/airflow/example_dags/example_kubernetes_executor.py for tasks to queue
[2023-11-28T11:40:53.219+0500] {logging_mixin.py:154} INFO - [2023-11-28T11:40:53.219+0500] {dagbag.py:536} INFO - Filling up the DagBag from /home/amina/miniconda/lib/python3.11/site-packages/airflow/example_dags/example_kubernetes_executor.py
[2023-11-28T11:40:53.222+0500] {logging_mixin.py:154} INFO - [2023-11-28T11:40:53.222+0500] {example_kubernetes_executor.py:38} WARNING - The example_kubernetes_executor example DAG requires the kubernetes provider. Please install it with: pip install apache-airflow[cncf.kubernetes]
[2023-11-28T11:40:53.222+0500] {processor.py:841} WARNING - No viable dags retrieved from /home/amina/miniconda/lib/python3.11/site-packages/airflow/example_dags/example_kubernetes_executor.py
[2023-11-28T11:40:53.231+0500] {processor.py:179} INFO - Processing /home/amina/miniconda/lib/python3.11/site-packages/airflow/example_dags/example_kubernetes_executor.py took 0.034 seconds
[2023-11-28T11:41:41.332+0500] {processor.py:157} INFO - Started process (PID=6890) to work on /home/amina/miniconda/lib/python3.11/site-packages/airflow/example_dags/example_kubernetes_executor.py
[2023-11-28T11:41:41.346+0500] {processor.py:829} INFO - Processing file /home/amina/miniconda/lib/python3.11/site-packages/airflow/example_dags/example_kubernetes_executor.py for tasks to queue
[2023-11-28T11:41:41.347+0500] {logging_mixin.py:154} INFO - [2023-11-28T11:41:41.346+0500] {dagbag.py:536} INFO - Filling up the DagBag from /home/amina/miniconda/lib/python3.11/site-packages/airflow/example_dags/example_kubernetes_executor.py
[2023-11-28T11:41:41.349+0500] {logging_mixin.py:154} INFO - [2023-11-28T11:41:41.349+0500] {example_kubernetes_executor.py:38} WARNING - The example_kubernetes_executor example DAG requires the kubernetes provider. Please install it with: pip install apache-airflow[cncf.kubernetes]
[2023-11-28T11:41:41.349+0500] {processor.py:841} WARNING - No viable dags retrieved from /home/amina/miniconda/lib/python3.11/site-packages/airflow/example_dags/example_kubernetes_executor.py
[2023-11-28T11:41:41.358+0500] {processor.py:179} INFO - Processing /home/amina/miniconda/lib/python3.11/site-packages/airflow/example_dags/example_kubernetes_executor.py took 0.028 seconds
[2023-11-28T11:42:45.985+0500] {processor.py:157} INFO - Started process (PID=6958) to work on /home/amina/miniconda/lib/python3.11/site-packages/airflow/example_dags/example_kubernetes_executor.py
[2023-11-28T11:42:45.993+0500] {processor.py:829} INFO - Processing file /home/amina/miniconda/lib/python3.11/site-packages/airflow/example_dags/example_kubernetes_executor.py for tasks to queue
[2023-11-28T11:42:45.994+0500] {logging_mixin.py:154} INFO - [2023-11-28T11:42:45.993+0500] {dagbag.py:536} INFO - Filling up the DagBag from /home/amina/miniconda/lib/python3.11/site-packages/airflow/example_dags/example_kubernetes_executor.py
[2023-11-28T11:42:45.999+0500] {logging_mixin.py:154} INFO - [2023-11-28T11:42:45.999+0500] {example_kubernetes_executor.py:38} WARNING - The example_kubernetes_executor example DAG requires the kubernetes provider. Please install it with: pip install apache-airflow[cncf.kubernetes]
[2023-11-28T11:42:45.999+0500] {processor.py:841} WARNING - No viable dags retrieved from /home/amina/miniconda/lib/python3.11/site-packages/airflow/example_dags/example_kubernetes_executor.py
[2023-11-28T11:42:46.009+0500] {processor.py:179} INFO - Processing /home/amina/miniconda/lib/python3.11/site-packages/airflow/example_dags/example_kubernetes_executor.py took 0.027 seconds
[2023-11-28T11:48:21.015+0500] {processor.py:157} INFO - Started process (PID=7397) to work on /home/amina/miniconda/lib/python3.11/site-packages/airflow/example_dags/example_kubernetes_executor.py
[2023-11-28T11:48:21.056+0500] {processor.py:829} INFO - Processing file /home/amina/miniconda/lib/python3.11/site-packages/airflow/example_dags/example_kubernetes_executor.py for tasks to queue
[2023-11-28T11:48:21.058+0500] {logging_mixin.py:154} INFO - [2023-11-28T11:48:21.057+0500] {dagbag.py:536} INFO - Filling up the DagBag from /home/amina/miniconda/lib/python3.11/site-packages/airflow/example_dags/example_kubernetes_executor.py
[2023-11-28T11:48:21.060+0500] {logging_mixin.py:154} INFO - [2023-11-28T11:48:21.060+0500] {example_kubernetes_executor.py:38} WARNING - The example_kubernetes_executor example DAG requires the kubernetes provider. Please install it with: pip install apache-airflow[cncf.kubernetes]
[2023-11-28T11:48:21.061+0500] {processor.py:841} WARNING - No viable dags retrieved from /home/amina/miniconda/lib/python3.11/site-packages/airflow/example_dags/example_kubernetes_executor.py
[2023-11-28T11:48:21.069+0500] {processor.py:179} INFO - Processing /home/amina/miniconda/lib/python3.11/site-packages/airflow/example_dags/example_kubernetes_executor.py took 0.057 seconds
[2023-11-28T11:50:19.504+0500] {processor.py:157} INFO - Started process (PID=7480) to work on /home/amina/miniconda/lib/python3.11/site-packages/airflow/example_dags/example_kubernetes_executor.py
[2023-11-28T11:50:19.536+0500] {processor.py:829} INFO - Processing file /home/amina/miniconda/lib/python3.11/site-packages/airflow/example_dags/example_kubernetes_executor.py for tasks to queue
[2023-11-28T11:50:19.538+0500] {logging_mixin.py:154} INFO - [2023-11-28T11:50:19.537+0500] {dagbag.py:536} INFO - Filling up the DagBag from /home/amina/miniconda/lib/python3.11/site-packages/airflow/example_dags/example_kubernetes_executor.py
[2023-11-28T11:50:19.542+0500] {logging_mixin.py:154} INFO - [2023-11-28T11:50:19.542+0500] {example_kubernetes_executor.py:38} WARNING - The example_kubernetes_executor example DAG requires the kubernetes provider. Please install it with: pip install apache-airflow[cncf.kubernetes]
[2023-11-28T11:50:19.542+0500] {processor.py:841} WARNING - No viable dags retrieved from /home/amina/miniconda/lib/python3.11/site-packages/airflow/example_dags/example_kubernetes_executor.py
[2023-11-28T11:50:19.555+0500] {processor.py:179} INFO - Processing /home/amina/miniconda/lib/python3.11/site-packages/airflow/example_dags/example_kubernetes_executor.py took 0.057 seconds
[2023-11-28T11:51:15.912+0500] {processor.py:157} INFO - Started process (PID=7534) to work on /home/amina/miniconda/lib/python3.11/site-packages/airflow/example_dags/example_kubernetes_executor.py
[2023-11-28T11:51:15.913+0500] {processor.py:829} INFO - Processing file /home/amina/miniconda/lib/python3.11/site-packages/airflow/example_dags/example_kubernetes_executor.py for tasks to queue
[2023-11-28T11:51:15.914+0500] {logging_mixin.py:154} INFO - [2023-11-28T11:51:15.914+0500] {dagbag.py:536} INFO - Filling up the DagBag from /home/amina/miniconda/lib/python3.11/site-packages/airflow/example_dags/example_kubernetes_executor.py
[2023-11-28T11:51:15.918+0500] {logging_mixin.py:154} INFO - [2023-11-28T11:51:15.918+0500] {example_kubernetes_executor.py:38} WARNING - The example_kubernetes_executor example DAG requires the kubernetes provider. Please install it with: pip install apache-airflow[cncf.kubernetes]
[2023-11-28T11:51:15.918+0500] {processor.py:841} WARNING - No viable dags retrieved from /home/amina/miniconda/lib/python3.11/site-packages/airflow/example_dags/example_kubernetes_executor.py
[2023-11-28T11:51:15.931+0500] {processor.py:179} INFO - Processing /home/amina/miniconda/lib/python3.11/site-packages/airflow/example_dags/example_kubernetes_executor.py took 0.021 seconds
[2023-11-28T11:52:21.837+0500] {processor.py:157} INFO - Started process (PID=7632) to work on /home/amina/miniconda/lib/python3.11/site-packages/airflow/example_dags/example_kubernetes_executor.py
[2023-11-28T11:52:21.872+0500] {processor.py:829} INFO - Processing file /home/amina/miniconda/lib/python3.11/site-packages/airflow/example_dags/example_kubernetes_executor.py for tasks to queue
[2023-11-28T11:52:21.873+0500] {logging_mixin.py:154} INFO - [2023-11-28T11:52:21.873+0500] {dagbag.py:536} INFO - Filling up the DagBag from /home/amina/miniconda/lib/python3.11/site-packages/airflow/example_dags/example_kubernetes_executor.py
[2023-11-28T11:52:21.879+0500] {logging_mixin.py:154} INFO - [2023-11-28T11:52:21.878+0500] {example_kubernetes_executor.py:38} WARNING - The example_kubernetes_executor example DAG requires the kubernetes provider. Please install it with: pip install apache-airflow[cncf.kubernetes]
[2023-11-28T11:52:21.879+0500] {processor.py:841} WARNING - No viable dags retrieved from /home/amina/miniconda/lib/python3.11/site-packages/airflow/example_dags/example_kubernetes_executor.py
[2023-11-28T11:52:21.895+0500] {processor.py:179} INFO - Processing /home/amina/miniconda/lib/python3.11/site-packages/airflow/example_dags/example_kubernetes_executor.py took 0.061 seconds
[2023-11-28T11:53:13.632+0500] {processor.py:157} INFO - Started process (PID=7738) to work on /home/amina/miniconda/lib/python3.11/site-packages/airflow/example_dags/example_kubernetes_executor.py
[2023-11-28T11:53:13.644+0500] {processor.py:829} INFO - Processing file /home/amina/miniconda/lib/python3.11/site-packages/airflow/example_dags/example_kubernetes_executor.py for tasks to queue
[2023-11-28T11:53:13.645+0500] {logging_mixin.py:154} INFO - [2023-11-28T11:53:13.644+0500] {dagbag.py:536} INFO - Filling up the DagBag from /home/amina/miniconda/lib/python3.11/site-packages/airflow/example_dags/example_kubernetes_executor.py
[2023-11-28T11:53:13.648+0500] {logging_mixin.py:154} INFO - [2023-11-28T11:53:13.647+0500] {example_kubernetes_executor.py:38} WARNING - The example_kubernetes_executor example DAG requires the kubernetes provider. Please install it with: pip install apache-airflow[cncf.kubernetes]
[2023-11-28T11:53:13.649+0500] {processor.py:841} WARNING - No viable dags retrieved from /home/amina/miniconda/lib/python3.11/site-packages/airflow/example_dags/example_kubernetes_executor.py
[2023-11-28T11:53:13.659+0500] {processor.py:179} INFO - Processing /home/amina/miniconda/lib/python3.11/site-packages/airflow/example_dags/example_kubernetes_executor.py took 0.031 seconds
[2023-11-28T11:54:04.768+0500] {processor.py:157} INFO - Started process (PID=7788) to work on /home/amina/miniconda/lib/python3.11/site-packages/airflow/example_dags/example_kubernetes_executor.py
[2023-11-28T11:54:04.784+0500] {processor.py:829} INFO - Processing file /home/amina/miniconda/lib/python3.11/site-packages/airflow/example_dags/example_kubernetes_executor.py for tasks to queue
[2023-11-28T11:54:04.785+0500] {logging_mixin.py:154} INFO - [2023-11-28T11:54:04.785+0500] {dagbag.py:536} INFO - Filling up the DagBag from /home/amina/miniconda/lib/python3.11/site-packages/airflow/example_dags/example_kubernetes_executor.py
[2023-11-28T11:54:04.790+0500] {logging_mixin.py:154} INFO - [2023-11-28T11:54:04.789+0500] {example_kubernetes_executor.py:38} WARNING - The example_kubernetes_executor example DAG requires the kubernetes provider. Please install it with: pip install apache-airflow[cncf.kubernetes]
[2023-11-28T11:54:04.791+0500] {processor.py:841} WARNING - No viable dags retrieved from /home/amina/miniconda/lib/python3.11/site-packages/airflow/example_dags/example_kubernetes_executor.py
[2023-11-28T11:54:04.808+0500] {processor.py:179} INFO - Processing /home/amina/miniconda/lib/python3.11/site-packages/airflow/example_dags/example_kubernetes_executor.py took 0.044 seconds
[2023-11-28T11:54:55.913+0500] {processor.py:157} INFO - Started process (PID=7840) to work on /home/amina/miniconda/lib/python3.11/site-packages/airflow/example_dags/example_kubernetes_executor.py
[2023-11-28T11:54:55.930+0500] {processor.py:829} INFO - Processing file /home/amina/miniconda/lib/python3.11/site-packages/airflow/example_dags/example_kubernetes_executor.py for tasks to queue
[2023-11-28T11:54:55.931+0500] {logging_mixin.py:154} INFO - [2023-11-28T11:54:55.931+0500] {dagbag.py:536} INFO - Filling up the DagBag from /home/amina/miniconda/lib/python3.11/site-packages/airflow/example_dags/example_kubernetes_executor.py
[2023-11-28T11:54:55.936+0500] {logging_mixin.py:154} INFO - [2023-11-28T11:54:55.936+0500] {example_kubernetes_executor.py:38} WARNING - The example_kubernetes_executor example DAG requires the kubernetes provider. Please install it with: pip install apache-airflow[cncf.kubernetes]
[2023-11-28T11:54:55.936+0500] {processor.py:841} WARNING - No viable dags retrieved from /home/amina/miniconda/lib/python3.11/site-packages/airflow/example_dags/example_kubernetes_executor.py
[2023-11-28T11:54:55.946+0500] {processor.py:179} INFO - Processing /home/amina/miniconda/lib/python3.11/site-packages/airflow/example_dags/example_kubernetes_executor.py took 0.036 seconds
[2023-11-28T11:55:47.373+0500] {processor.py:157} INFO - Started process (PID=7887) to work on /home/amina/miniconda/lib/python3.11/site-packages/airflow/example_dags/example_kubernetes_executor.py
[2023-11-28T11:55:47.439+0500] {processor.py:829} INFO - Processing file /home/amina/miniconda/lib/python3.11/site-packages/airflow/example_dags/example_kubernetes_executor.py for tasks to queue
[2023-11-28T11:55:47.440+0500] {logging_mixin.py:154} INFO - [2023-11-28T11:55:47.440+0500] {dagbag.py:536} INFO - Filling up the DagBag from /home/amina/miniconda/lib/python3.11/site-packages/airflow/example_dags/example_kubernetes_executor.py
[2023-11-28T11:55:47.444+0500] {logging_mixin.py:154} INFO - [2023-11-28T11:55:47.444+0500] {example_kubernetes_executor.py:38} WARNING - The example_kubernetes_executor example DAG requires the kubernetes provider. Please install it with: pip install apache-airflow[cncf.kubernetes]
[2023-11-28T11:55:47.445+0500] {processor.py:841} WARNING - No viable dags retrieved from /home/amina/miniconda/lib/python3.11/site-packages/airflow/example_dags/example_kubernetes_executor.py
[2023-11-28T11:55:47.455+0500] {processor.py:179} INFO - Processing /home/amina/miniconda/lib/python3.11/site-packages/airflow/example_dags/example_kubernetes_executor.py took 0.085 seconds
[2023-11-28T11:56:58.089+0500] {processor.py:157} INFO - Started process (PID=7955) to work on /home/amina/miniconda/lib/python3.11/site-packages/airflow/example_dags/example_kubernetes_executor.py
[2023-11-28T11:56:58.130+0500] {processor.py:829} INFO - Processing file /home/amina/miniconda/lib/python3.11/site-packages/airflow/example_dags/example_kubernetes_executor.py for tasks to queue
[2023-11-28T11:56:58.131+0500] {logging_mixin.py:154} INFO - [2023-11-28T11:56:58.131+0500] {dagbag.py:536} INFO - Filling up the DagBag from /home/amina/miniconda/lib/python3.11/site-packages/airflow/example_dags/example_kubernetes_executor.py
[2023-11-28T11:56:58.137+0500] {logging_mixin.py:154} INFO - [2023-11-28T11:56:58.137+0500] {example_kubernetes_executor.py:38} WARNING - The example_kubernetes_executor example DAG requires the kubernetes provider. Please install it with: pip install apache-airflow[cncf.kubernetes]
[2023-11-28T11:56:58.138+0500] {processor.py:841} WARNING - No viable dags retrieved from /home/amina/miniconda/lib/python3.11/site-packages/airflow/example_dags/example_kubernetes_executor.py
[2023-11-28T11:56:58.154+0500] {processor.py:179} INFO - Processing /home/amina/miniconda/lib/python3.11/site-packages/airflow/example_dags/example_kubernetes_executor.py took 0.068 seconds
[2023-11-28T18:23:51.915+0500] {processor.py:157} INFO - Started process (PID=8314) to work on /home/amina/miniconda/lib/python3.11/site-packages/airflow/example_dags/example_kubernetes_executor.py
[2023-11-28T18:23:51.943+0500] {processor.py:829} INFO - Processing file /home/amina/miniconda/lib/python3.11/site-packages/airflow/example_dags/example_kubernetes_executor.py for tasks to queue
[2023-11-28T18:23:51.944+0500] {logging_mixin.py:154} INFO - [2023-11-28T18:23:51.944+0500] {dagbag.py:536} INFO - Filling up the DagBag from /home/amina/miniconda/lib/python3.11/site-packages/airflow/example_dags/example_kubernetes_executor.py
[2023-11-28T18:23:51.947+0500] {logging_mixin.py:154} INFO - [2023-11-28T18:23:51.947+0500] {example_kubernetes_executor.py:38} WARNING - The example_kubernetes_executor example DAG requires the kubernetes provider. Please install it with: pip install apache-airflow[cncf.kubernetes]
[2023-11-28T18:23:51.947+0500] {processor.py:841} WARNING - No viable dags retrieved from /home/amina/miniconda/lib/python3.11/site-packages/airflow/example_dags/example_kubernetes_executor.py
[2023-11-28T18:23:51.956+0500] {processor.py:179} INFO - Processing /home/amina/miniconda/lib/python3.11/site-packages/airflow/example_dags/example_kubernetes_executor.py took 0.044 seconds
