[2023-11-28T11:37:45.704+0500] {processor.py:157} INFO - Started process (PID=6583) to work on /home/amina/miniconda/lib/python3.11/site-packages/airflow/example_dags/example_sensor_decorator.py
[2023-11-28T11:37:45.705+0500] {processor.py:829} INFO - Processing file /home/amina/miniconda/lib/python3.11/site-packages/airflow/example_dags/example_sensor_decorator.py for tasks to queue
[2023-11-28T11:37:45.706+0500] {logging_mixin.py:154} INFO - [2023-11-28T11:37:45.706+0500] {dagbag.py:536} INFO - Filling up the DagBag from /home/amina/miniconda/lib/python3.11/site-packages/airflow/example_dags/example_sensor_decorator.py
[2023-11-28T11:37:45.712+0500] {processor.py:839} INFO - DAG(s) dict_keys(['example_sensor_decorator']) retrieved from /home/amina/miniconda/lib/python3.11/site-packages/airflow/example_dags/example_sensor_decorator.py
[2023-11-28T11:37:46.890+0500] {logging_mixin.py:154} INFO - [2023-11-28T11:37:46.889+0500] {dag.py:2941} INFO - Sync 1 DAGs
[2023-11-28T11:37:47.635+0500] {logging_mixin.py:154} INFO - [2023-11-28T11:37:47.635+0500] {dag.py:3722} INFO - Setting next_dagrun for example_sensor_decorator to None, run_after=None
[2023-11-28T11:37:47.769+0500] {processor.py:179} INFO - Processing /home/amina/miniconda/lib/python3.11/site-packages/airflow/example_dags/example_sensor_decorator.py took 2.068 seconds
[2023-11-28T11:38:42.890+0500] {processor.py:157} INFO - Started process (PID=6638) to work on /home/amina/miniconda/lib/python3.11/site-packages/airflow/example_dags/example_sensor_decorator.py
[2023-11-28T11:38:42.904+0500] {processor.py:829} INFO - Processing file /home/amina/miniconda/lib/python3.11/site-packages/airflow/example_dags/example_sensor_decorator.py for tasks to queue
[2023-11-28T11:38:42.905+0500] {logging_mixin.py:154} INFO - [2023-11-28T11:38:42.905+0500] {dagbag.py:536} INFO - Filling up the DagBag from /home/amina/miniconda/lib/python3.11/site-packages/airflow/example_dags/example_sensor_decorator.py
[2023-11-28T11:38:42.910+0500] {processor.py:839} INFO - DAG(s) dict_keys(['example_sensor_decorator']) retrieved from /home/amina/miniconda/lib/python3.11/site-packages/airflow/example_dags/example_sensor_decorator.py
[2023-11-28T11:38:42.924+0500] {logging_mixin.py:154} INFO - [2023-11-28T11:38:42.924+0500] {dag.py:2941} INFO - Sync 1 DAGs
[2023-11-28T11:38:42.935+0500] {logging_mixin.py:154} INFO - [2023-11-28T11:38:42.934+0500] {dag.py:3722} INFO - Setting next_dagrun for example_sensor_decorator to None, run_after=None
[2023-11-28T11:38:43.047+0500] {processor.py:179} INFO - Processing /home/amina/miniconda/lib/python3.11/site-packages/airflow/example_dags/example_sensor_decorator.py took 0.159 seconds
[2023-11-28T11:39:39.848+0500] {processor.py:157} INFO - Started process (PID=6768) to work on /home/amina/miniconda/lib/python3.11/site-packages/airflow/example_dags/example_sensor_decorator.py
[2023-11-28T11:39:39.867+0500] {processor.py:829} INFO - Processing file /home/amina/miniconda/lib/python3.11/site-packages/airflow/example_dags/example_sensor_decorator.py for tasks to queue
[2023-11-28T11:39:39.868+0500] {logging_mixin.py:154} INFO - [2023-11-28T11:39:39.867+0500] {dagbag.py:536} INFO - Filling up the DagBag from /home/amina/miniconda/lib/python3.11/site-packages/airflow/example_dags/example_sensor_decorator.py
[2023-11-28T11:39:39.873+0500] {processor.py:839} INFO - DAG(s) dict_keys(['example_sensor_decorator']) retrieved from /home/amina/miniconda/lib/python3.11/site-packages/airflow/example_dags/example_sensor_decorator.py
[2023-11-28T11:39:39.887+0500] {logging_mixin.py:154} INFO - [2023-11-28T11:39:39.887+0500] {dag.py:2941} INFO - Sync 1 DAGs
[2023-11-28T11:39:39.995+0500] {logging_mixin.py:154} INFO - [2023-11-28T11:39:39.995+0500] {dag.py:3722} INFO - Setting next_dagrun for example_sensor_decorator to None, run_after=None
[2023-11-28T11:39:40.426+0500] {processor.py:179} INFO - Processing /home/amina/miniconda/lib/python3.11/site-packages/airflow/example_dags/example_sensor_decorator.py took 0.581 seconds
[2023-11-28T11:40:37.677+0500] {processor.py:157} INFO - Started process (PID=6820) to work on /home/amina/miniconda/lib/python3.11/site-packages/airflow/example_dags/example_sensor_decorator.py
[2023-11-28T11:40:37.709+0500] {processor.py:829} INFO - Processing file /home/amina/miniconda/lib/python3.11/site-packages/airflow/example_dags/example_sensor_decorator.py for tasks to queue
[2023-11-28T11:40:37.710+0500] {logging_mixin.py:154} INFO - [2023-11-28T11:40:37.710+0500] {dagbag.py:536} INFO - Filling up the DagBag from /home/amina/miniconda/lib/python3.11/site-packages/airflow/example_dags/example_sensor_decorator.py
[2023-11-28T11:40:37.715+0500] {processor.py:839} INFO - DAG(s) dict_keys(['example_sensor_decorator']) retrieved from /home/amina/miniconda/lib/python3.11/site-packages/airflow/example_dags/example_sensor_decorator.py
[2023-11-28T11:40:37.730+0500] {logging_mixin.py:154} INFO - [2023-11-28T11:40:37.730+0500] {dag.py:2941} INFO - Sync 1 DAGs
[2023-11-28T11:40:37.741+0500] {logging_mixin.py:154} INFO - [2023-11-28T11:40:37.740+0500] {dag.py:3722} INFO - Setting next_dagrun for example_sensor_decorator to None, run_after=None
[2023-11-28T11:40:37.874+0500] {processor.py:179} INFO - Processing /home/amina/miniconda/lib/python3.11/site-packages/airflow/example_dags/example_sensor_decorator.py took 0.200 seconds
[2023-11-28T11:41:27.624+0500] {processor.py:157} INFO - Started process (PID=6875) to work on /home/amina/miniconda/lib/python3.11/site-packages/airflow/example_dags/example_sensor_decorator.py
[2023-11-28T11:41:27.657+0500] {processor.py:829} INFO - Processing file /home/amina/miniconda/lib/python3.11/site-packages/airflow/example_dags/example_sensor_decorator.py for tasks to queue
[2023-11-28T11:41:27.658+0500] {logging_mixin.py:154} INFO - [2023-11-28T11:41:27.658+0500] {dagbag.py:536} INFO - Filling up the DagBag from /home/amina/miniconda/lib/python3.11/site-packages/airflow/example_dags/example_sensor_decorator.py
[2023-11-28T11:41:27.663+0500] {processor.py:839} INFO - DAG(s) dict_keys(['example_sensor_decorator']) retrieved from /home/amina/miniconda/lib/python3.11/site-packages/airflow/example_dags/example_sensor_decorator.py
[2023-11-28T11:41:27.678+0500] {logging_mixin.py:154} INFO - [2023-11-28T11:41:27.678+0500] {dag.py:2941} INFO - Sync 1 DAGs
[2023-11-28T11:41:27.689+0500] {logging_mixin.py:154} INFO - [2023-11-28T11:41:27.689+0500] {dag.py:3722} INFO - Setting next_dagrun for example_sensor_decorator to None, run_after=None
[2023-11-28T11:41:27.789+0500] {processor.py:179} INFO - Processing /home/amina/miniconda/lib/python3.11/site-packages/airflow/example_dags/example_sensor_decorator.py took 0.168 seconds
[2023-11-28T11:42:14.729+0500] {processor.py:157} INFO - Started process (PID=6925) to work on /home/amina/miniconda/lib/python3.11/site-packages/airflow/example_dags/example_sensor_decorator.py
[2023-11-28T11:42:14.769+0500] {processor.py:829} INFO - Processing file /home/amina/miniconda/lib/python3.11/site-packages/airflow/example_dags/example_sensor_decorator.py for tasks to queue
[2023-11-28T11:42:14.769+0500] {logging_mixin.py:154} INFO - [2023-11-28T11:42:14.769+0500] {dagbag.py:536} INFO - Filling up the DagBag from /home/amina/miniconda/lib/python3.11/site-packages/airflow/example_dags/example_sensor_decorator.py
[2023-11-28T11:42:14.775+0500] {processor.py:839} INFO - DAG(s) dict_keys(['example_sensor_decorator']) retrieved from /home/amina/miniconda/lib/python3.11/site-packages/airflow/example_dags/example_sensor_decorator.py
[2023-11-28T11:42:14.789+0500] {logging_mixin.py:154} INFO - [2023-11-28T11:42:14.789+0500] {dag.py:2941} INFO - Sync 1 DAGs
[2023-11-28T11:42:14.800+0500] {logging_mixin.py:154} INFO - [2023-11-28T11:42:14.799+0500] {dag.py:3722} INFO - Setting next_dagrun for example_sensor_decorator to None, run_after=None
[2023-11-28T11:42:14.900+0500] {processor.py:179} INFO - Processing /home/amina/miniconda/lib/python3.11/site-packages/airflow/example_dags/example_sensor_decorator.py took 0.174 seconds
[2023-11-28T11:42:59.416+0500] {processor.py:157} INFO - Started process (PID=6996) to work on /home/amina/miniconda/lib/python3.11/site-packages/airflow/example_dags/example_sensor_decorator.py
[2023-11-28T11:42:59.429+0500] {processor.py:829} INFO - Processing file /home/amina/miniconda/lib/python3.11/site-packages/airflow/example_dags/example_sensor_decorator.py for tasks to queue
[2023-11-28T11:42:59.429+0500] {logging_mixin.py:154} INFO - [2023-11-28T11:42:59.429+0500] {dagbag.py:536} INFO - Filling up the DagBag from /home/amina/miniconda/lib/python3.11/site-packages/airflow/example_dags/example_sensor_decorator.py
[2023-11-28T11:42:59.436+0500] {processor.py:839} INFO - DAG(s) dict_keys(['example_sensor_decorator']) retrieved from /home/amina/miniconda/lib/python3.11/site-packages/airflow/example_dags/example_sensor_decorator.py
[2023-11-28T11:42:59.452+0500] {logging_mixin.py:154} INFO - [2023-11-28T11:42:59.451+0500] {dag.py:2941} INFO - Sync 1 DAGs
[2023-11-28T11:42:59.464+0500] {logging_mixin.py:154} INFO - [2023-11-28T11:42:59.464+0500] {dag.py:3722} INFO - Setting next_dagrun for example_sensor_decorator to None, run_after=None
[2023-11-28T11:42:59.571+0500] {processor.py:179} INFO - Processing /home/amina/miniconda/lib/python3.11/site-packages/airflow/example_dags/example_sensor_decorator.py took 0.157 seconds
[2023-11-28T11:48:06.188+0500] {processor.py:157} INFO - Started process (PID=7376) to work on /home/amina/miniconda/lib/python3.11/site-packages/airflow/example_dags/example_sensor_decorator.py
[2023-11-28T11:48:06.247+0500] {processor.py:829} INFO - Processing file /home/amina/miniconda/lib/python3.11/site-packages/airflow/example_dags/example_sensor_decorator.py for tasks to queue
[2023-11-28T11:48:06.248+0500] {logging_mixin.py:154} INFO - [2023-11-28T11:48:06.248+0500] {dagbag.py:536} INFO - Filling up the DagBag from /home/amina/miniconda/lib/python3.11/site-packages/airflow/example_dags/example_sensor_decorator.py
[2023-11-28T11:48:06.254+0500] {processor.py:839} INFO - DAG(s) dict_keys(['example_sensor_decorator']) retrieved from /home/amina/miniconda/lib/python3.11/site-packages/airflow/example_dags/example_sensor_decorator.py
[2023-11-28T11:48:06.274+0500] {logging_mixin.py:154} INFO - [2023-11-28T11:48:06.273+0500] {dag.py:2941} INFO - Sync 1 DAGs
[2023-11-28T11:48:06.288+0500] {logging_mixin.py:154} INFO - [2023-11-28T11:48:06.287+0500] {dag.py:3722} INFO - Setting next_dagrun for example_sensor_decorator to None, run_after=None
[2023-11-28T11:48:06.392+0500] {processor.py:179} INFO - Processing /home/amina/miniconda/lib/python3.11/site-packages/airflow/example_dags/example_sensor_decorator.py took 0.207 seconds
[2023-11-28T11:49:40.059+0500] {processor.py:157} INFO - Started process (PID=7446) to work on /home/amina/miniconda/lib/python3.11/site-packages/airflow/example_dags/example_sensor_decorator.py
[2023-11-28T11:49:40.093+0500] {processor.py:829} INFO - Processing file /home/amina/miniconda/lib/python3.11/site-packages/airflow/example_dags/example_sensor_decorator.py for tasks to queue
[2023-11-28T11:49:40.094+0500] {logging_mixin.py:154} INFO - [2023-11-28T11:49:40.094+0500] {dagbag.py:536} INFO - Filling up the DagBag from /home/amina/miniconda/lib/python3.11/site-packages/airflow/example_dags/example_sensor_decorator.py
[2023-11-28T11:49:40.100+0500] {processor.py:839} INFO - DAG(s) dict_keys(['example_sensor_decorator']) retrieved from /home/amina/miniconda/lib/python3.11/site-packages/airflow/example_dags/example_sensor_decorator.py
[2023-11-28T11:49:40.118+0500] {logging_mixin.py:154} INFO - [2023-11-28T11:49:40.117+0500] {dag.py:2941} INFO - Sync 1 DAGs
[2023-11-28T11:49:40.131+0500] {logging_mixin.py:154} INFO - [2023-11-28T11:49:40.131+0500] {dag.py:3722} INFO - Setting next_dagrun for example_sensor_decorator to None, run_after=None
[2023-11-28T11:49:40.383+0500] {processor.py:179} INFO - Processing /home/amina/miniconda/lib/python3.11/site-packages/airflow/example_dags/example_sensor_decorator.py took 0.328 seconds
[2023-11-28T11:51:01.005+0500] {processor.py:157} INFO - Started process (PID=7518) to work on /home/amina/miniconda/lib/python3.11/site-packages/airflow/example_dags/example_sensor_decorator.py
[2023-11-28T11:51:01.028+0500] {processor.py:829} INFO - Processing file /home/amina/miniconda/lib/python3.11/site-packages/airflow/example_dags/example_sensor_decorator.py for tasks to queue
[2023-11-28T11:51:01.029+0500] {logging_mixin.py:154} INFO - [2023-11-28T11:51:01.028+0500] {dagbag.py:536} INFO - Filling up the DagBag from /home/amina/miniconda/lib/python3.11/site-packages/airflow/example_dags/example_sensor_decorator.py
[2023-11-28T11:51:01.034+0500] {processor.py:839} INFO - DAG(s) dict_keys(['example_sensor_decorator']) retrieved from /home/amina/miniconda/lib/python3.11/site-packages/airflow/example_dags/example_sensor_decorator.py
[2023-11-28T11:51:01.053+0500] {logging_mixin.py:154} INFO - [2023-11-28T11:51:01.053+0500] {dag.py:2941} INFO - Sync 1 DAGs
[2023-11-28T11:51:01.065+0500] {logging_mixin.py:154} INFO - [2023-11-28T11:51:01.065+0500] {dag.py:3722} INFO - Setting next_dagrun for example_sensor_decorator to None, run_after=None
[2023-11-28T11:51:01.161+0500] {processor.py:179} INFO - Processing /home/amina/miniconda/lib/python3.11/site-packages/airflow/example_dags/example_sensor_decorator.py took 0.158 seconds
[2023-11-28T11:51:59.475+0500] {processor.py:157} INFO - Started process (PID=7611) to work on /home/amina/miniconda/lib/python3.11/site-packages/airflow/example_dags/example_sensor_decorator.py
[2023-11-28T11:51:59.497+0500] {processor.py:829} INFO - Processing file /home/amina/miniconda/lib/python3.11/site-packages/airflow/example_dags/example_sensor_decorator.py for tasks to queue
[2023-11-28T11:51:59.499+0500] {logging_mixin.py:154} INFO - [2023-11-28T11:51:59.498+0500] {dagbag.py:536} INFO - Filling up the DagBag from /home/amina/miniconda/lib/python3.11/site-packages/airflow/example_dags/example_sensor_decorator.py
[2023-11-28T11:51:59.507+0500] {processor.py:839} INFO - DAG(s) dict_keys(['example_sensor_decorator']) retrieved from /home/amina/miniconda/lib/python3.11/site-packages/airflow/example_dags/example_sensor_decorator.py
[2023-11-28T11:51:59.526+0500] {logging_mixin.py:154} INFO - [2023-11-28T11:51:59.526+0500] {dag.py:2941} INFO - Sync 1 DAGs
[2023-11-28T11:51:59.540+0500] {logging_mixin.py:154} INFO - [2023-11-28T11:51:59.540+0500] {dag.py:3722} INFO - Setting next_dagrun for example_sensor_decorator to None, run_after=None
[2023-11-28T11:51:59.637+0500] {processor.py:179} INFO - Processing /home/amina/miniconda/lib/python3.11/site-packages/airflow/example_dags/example_sensor_decorator.py took 0.165 seconds
[2023-11-28T11:52:52.111+0500] {processor.py:157} INFO - Started process (PID=7716) to work on /home/amina/miniconda/lib/python3.11/site-packages/airflow/example_dags/example_sensor_decorator.py
[2023-11-28T11:52:52.136+0500] {processor.py:829} INFO - Processing file /home/amina/miniconda/lib/python3.11/site-packages/airflow/example_dags/example_sensor_decorator.py for tasks to queue
[2023-11-28T11:52:52.137+0500] {logging_mixin.py:154} INFO - [2023-11-28T11:52:52.136+0500] {dagbag.py:536} INFO - Filling up the DagBag from /home/amina/miniconda/lib/python3.11/site-packages/airflow/example_dags/example_sensor_decorator.py
[2023-11-28T11:52:52.145+0500] {processor.py:839} INFO - DAG(s) dict_keys(['example_sensor_decorator']) retrieved from /home/amina/miniconda/lib/python3.11/site-packages/airflow/example_dags/example_sensor_decorator.py
[2023-11-28T11:52:52.169+0500] {logging_mixin.py:154} INFO - [2023-11-28T11:52:52.168+0500] {dag.py:2941} INFO - Sync 1 DAGs
[2023-11-28T11:52:52.182+0500] {logging_mixin.py:154} INFO - [2023-11-28T11:52:52.182+0500] {dag.py:3722} INFO - Setting next_dagrun for example_sensor_decorator to None, run_after=None
[2023-11-28T11:52:52.293+0500] {processor.py:179} INFO - Processing /home/amina/miniconda/lib/python3.11/site-packages/airflow/example_dags/example_sensor_decorator.py took 0.187 seconds
[2023-11-28T11:53:50.915+0500] {processor.py:157} INFO - Started process (PID=7768) to work on /home/amina/miniconda/lib/python3.11/site-packages/airflow/example_dags/example_sensor_decorator.py
[2023-11-28T11:53:50.917+0500] {processor.py:829} INFO - Processing file /home/amina/miniconda/lib/python3.11/site-packages/airflow/example_dags/example_sensor_decorator.py for tasks to queue
[2023-11-28T11:53:50.918+0500] {logging_mixin.py:154} INFO - [2023-11-28T11:53:50.918+0500] {dagbag.py:536} INFO - Filling up the DagBag from /home/amina/miniconda/lib/python3.11/site-packages/airflow/example_dags/example_sensor_decorator.py
[2023-11-28T11:53:50.928+0500] {processor.py:839} INFO - DAG(s) dict_keys(['example_sensor_decorator']) retrieved from /home/amina/miniconda/lib/python3.11/site-packages/airflow/example_dags/example_sensor_decorator.py
[2023-11-28T11:53:50.956+0500] {logging_mixin.py:154} INFO - [2023-11-28T11:53:50.956+0500] {dag.py:2941} INFO - Sync 1 DAGs
[2023-11-28T11:53:50.978+0500] {logging_mixin.py:154} INFO - [2023-11-28T11:53:50.977+0500] {dag.py:3722} INFO - Setting next_dagrun for example_sensor_decorator to None, run_after=None
[2023-11-28T11:53:51.081+0500] {processor.py:179} INFO - Processing /home/amina/miniconda/lib/python3.11/site-packages/airflow/example_dags/example_sensor_decorator.py took 0.175 seconds
[2023-11-28T11:54:41.144+0500] {processor.py:157} INFO - Started process (PID=7825) to work on /home/amina/miniconda/lib/python3.11/site-packages/airflow/example_dags/example_sensor_decorator.py
[2023-11-28T11:54:41.159+0500] {processor.py:829} INFO - Processing file /home/amina/miniconda/lib/python3.11/site-packages/airflow/example_dags/example_sensor_decorator.py for tasks to queue
[2023-11-28T11:54:41.160+0500] {logging_mixin.py:154} INFO - [2023-11-28T11:54:41.160+0500] {dagbag.py:536} INFO - Filling up the DagBag from /home/amina/miniconda/lib/python3.11/site-packages/airflow/example_dags/example_sensor_decorator.py
[2023-11-28T11:54:41.167+0500] {processor.py:839} INFO - DAG(s) dict_keys(['example_sensor_decorator']) retrieved from /home/amina/miniconda/lib/python3.11/site-packages/airflow/example_dags/example_sensor_decorator.py
[2023-11-28T11:54:41.192+0500] {logging_mixin.py:154} INFO - [2023-11-28T11:54:41.191+0500] {dag.py:2941} INFO - Sync 1 DAGs
[2023-11-28T11:54:41.207+0500] {logging_mixin.py:154} INFO - [2023-11-28T11:54:41.206+0500] {dag.py:3722} INFO - Setting next_dagrun for example_sensor_decorator to None, run_after=None
[2023-11-28T11:54:41.323+0500] {processor.py:179} INFO - Processing /home/amina/miniconda/lib/python3.11/site-packages/airflow/example_dags/example_sensor_decorator.py took 0.182 seconds
[2023-11-28T11:55:32.298+0500] {processor.py:157} INFO - Started process (PID=7874) to work on /home/amina/miniconda/lib/python3.11/site-packages/airflow/example_dags/example_sensor_decorator.py
[2023-11-28T11:55:32.348+0500] {processor.py:829} INFO - Processing file /home/amina/miniconda/lib/python3.11/site-packages/airflow/example_dags/example_sensor_decorator.py for tasks to queue
[2023-11-28T11:55:32.349+0500] {logging_mixin.py:154} INFO - [2023-11-28T11:55:32.349+0500] {dagbag.py:536} INFO - Filling up the DagBag from /home/amina/miniconda/lib/python3.11/site-packages/airflow/example_dags/example_sensor_decorator.py
[2023-11-28T11:55:32.355+0500] {processor.py:839} INFO - DAG(s) dict_keys(['example_sensor_decorator']) retrieved from /home/amina/miniconda/lib/python3.11/site-packages/airflow/example_dags/example_sensor_decorator.py
[2023-11-28T11:55:32.373+0500] {logging_mixin.py:154} INFO - [2023-11-28T11:55:32.372+0500] {dag.py:2941} INFO - Sync 1 DAGs
[2023-11-28T11:55:32.387+0500] {logging_mixin.py:154} INFO - [2023-11-28T11:55:32.387+0500] {dag.py:3722} INFO - Setting next_dagrun for example_sensor_decorator to None, run_after=None
[2023-11-28T11:55:32.491+0500] {processor.py:179} INFO - Processing /home/amina/miniconda/lib/python3.11/site-packages/airflow/example_dags/example_sensor_decorator.py took 0.198 seconds
[2023-11-28T11:56:19.760+0500] {processor.py:157} INFO - Started process (PID=7918) to work on /home/amina/miniconda/lib/python3.11/site-packages/airflow/example_dags/example_sensor_decorator.py
[2023-11-28T11:56:19.800+0500] {processor.py:829} INFO - Processing file /home/amina/miniconda/lib/python3.11/site-packages/airflow/example_dags/example_sensor_decorator.py for tasks to queue
[2023-11-28T11:56:19.801+0500] {logging_mixin.py:154} INFO - [2023-11-28T11:56:19.801+0500] {dagbag.py:536} INFO - Filling up the DagBag from /home/amina/miniconda/lib/python3.11/site-packages/airflow/example_dags/example_sensor_decorator.py
[2023-11-28T11:56:19.809+0500] {processor.py:839} INFO - DAG(s) dict_keys(['example_sensor_decorator']) retrieved from /home/amina/miniconda/lib/python3.11/site-packages/airflow/example_dags/example_sensor_decorator.py
[2023-11-28T11:56:19.827+0500] {logging_mixin.py:154} INFO - [2023-11-28T11:56:19.826+0500] {dag.py:2941} INFO - Sync 1 DAGs
[2023-11-28T11:56:19.839+0500] {logging_mixin.py:154} INFO - [2023-11-28T11:56:19.838+0500] {dag.py:3722} INFO - Setting next_dagrun for example_sensor_decorator to None, run_after=None
[2023-11-28T11:56:19.959+0500] {processor.py:179} INFO - Processing /home/amina/miniconda/lib/python3.11/site-packages/airflow/example_dags/example_sensor_decorator.py took 0.203 seconds
[2023-11-28T11:57:10.574+0500] {processor.py:157} INFO - Started process (PID=7975) to work on /home/amina/miniconda/lib/python3.11/site-packages/airflow/example_dags/example_sensor_decorator.py
[2023-11-28T11:57:10.585+0500] {processor.py:829} INFO - Processing file /home/amina/miniconda/lib/python3.11/site-packages/airflow/example_dags/example_sensor_decorator.py for tasks to queue
[2023-11-28T11:57:10.586+0500] {logging_mixin.py:154} INFO - [2023-11-28T11:57:10.585+0500] {dagbag.py:536} INFO - Filling up the DagBag from /home/amina/miniconda/lib/python3.11/site-packages/airflow/example_dags/example_sensor_decorator.py
[2023-11-28T11:57:10.592+0500] {processor.py:839} INFO - DAG(s) dict_keys(['example_sensor_decorator']) retrieved from /home/amina/miniconda/lib/python3.11/site-packages/airflow/example_dags/example_sensor_decorator.py
[2023-11-28T11:57:10.610+0500] {logging_mixin.py:154} INFO - [2023-11-28T11:57:10.610+0500] {dag.py:2941} INFO - Sync 1 DAGs
[2023-11-28T11:57:10.623+0500] {logging_mixin.py:154} INFO - [2023-11-28T11:57:10.623+0500] {dag.py:3722} INFO - Setting next_dagrun for example_sensor_decorator to None, run_after=None
[2023-11-28T11:57:10.745+0500] {processor.py:179} INFO - Processing /home/amina/miniconda/lib/python3.11/site-packages/airflow/example_dags/example_sensor_decorator.py took 0.174 seconds
[2023-11-28T18:23:45.762+0500] {processor.py:157} INFO - Started process (PID=8308) to work on /home/amina/miniconda/lib/python3.11/site-packages/airflow/example_dags/example_sensor_decorator.py
[2023-11-28T18:23:45.846+0500] {processor.py:829} INFO - Processing file /home/amina/miniconda/lib/python3.11/site-packages/airflow/example_dags/example_sensor_decorator.py for tasks to queue
[2023-11-28T18:23:45.847+0500] {logging_mixin.py:154} INFO - [2023-11-28T18:23:45.847+0500] {dagbag.py:536} INFO - Filling up the DagBag from /home/amina/miniconda/lib/python3.11/site-packages/airflow/example_dags/example_sensor_decorator.py
[2023-11-28T18:23:45.853+0500] {processor.py:839} INFO - DAG(s) dict_keys(['example_sensor_decorator']) retrieved from /home/amina/miniconda/lib/python3.11/site-packages/airflow/example_dags/example_sensor_decorator.py
[2023-11-28T18:23:45.867+0500] {logging_mixin.py:154} INFO - [2023-11-28T18:23:45.867+0500] {dag.py:2941} INFO - Sync 1 DAGs
[2023-11-28T18:23:45.878+0500] {logging_mixin.py:154} INFO - [2023-11-28T18:23:45.877+0500] {dag.py:3722} INFO - Setting next_dagrun for example_sensor_decorator to None, run_after=None
[2023-11-28T18:23:45.958+0500] {processor.py:179} INFO - Processing /home/amina/miniconda/lib/python3.11/site-packages/airflow/example_dags/example_sensor_decorator.py took 0.199 seconds
