[2023-11-28T11:37:37.853+0500] {processor.py:157} INFO - Started process (PID=6523) to work on /home/amina/miniconda/lib/python3.11/site-packages/airflow/example_dags/example_short_circuit_operator.py
[2023-11-28T11:37:37.854+0500] {processor.py:829} INFO - Processing file /home/amina/miniconda/lib/python3.11/site-packages/airflow/example_dags/example_short_circuit_operator.py for tasks to queue
[2023-11-28T11:37:37.854+0500] {logging_mixin.py:154} INFO - [2023-11-28T11:37:37.854+0500] {dagbag.py:536} INFO - Filling up the DagBag from /home/amina/miniconda/lib/python3.11/site-packages/airflow/example_dags/example_short_circuit_operator.py
[2023-11-28T11:37:37.866+0500] {processor.py:839} INFO - DAG(s) dict_keys(['example_short_circuit_operator']) retrieved from /home/amina/miniconda/lib/python3.11/site-packages/airflow/example_dags/example_short_circuit_operator.py
[2023-11-28T11:37:37.888+0500] {logging_mixin.py:154} INFO - [2023-11-28T11:37:37.888+0500] {dag.py:2941} INFO - Sync 1 DAGs
[2023-11-28T11:37:37.917+0500] {logging_mixin.py:154} INFO - [2023-11-28T11:37:37.917+0500] {dag.py:3722} INFO - Setting next_dagrun for example_short_circuit_operator to 2023-11-27T06:37:37.917403+00:00, run_after=2023-11-28T06:37:37.917403+00:00
[2023-11-28T11:37:38.081+0500] {processor.py:179} INFO - Processing /home/amina/miniconda/lib/python3.11/site-packages/airflow/example_dags/example_short_circuit_operator.py took 0.230 seconds
[2023-11-28T11:38:36.124+0500] {processor.py:157} INFO - Started process (PID=6632) to work on /home/amina/miniconda/lib/python3.11/site-packages/airflow/example_dags/example_short_circuit_operator.py
[2023-11-28T11:38:36.125+0500] {processor.py:829} INFO - Processing file /home/amina/miniconda/lib/python3.11/site-packages/airflow/example_dags/example_short_circuit_operator.py for tasks to queue
[2023-11-28T11:38:36.126+0500] {logging_mixin.py:154} INFO - [2023-11-28T11:38:36.125+0500] {dagbag.py:536} INFO - Filling up the DagBag from /home/amina/miniconda/lib/python3.11/site-packages/airflow/example_dags/example_short_circuit_operator.py
[2023-11-28T11:38:36.133+0500] {processor.py:839} INFO - DAG(s) dict_keys(['example_short_circuit_operator']) retrieved from /home/amina/miniconda/lib/python3.11/site-packages/airflow/example_dags/example_short_circuit_operator.py
[2023-11-28T11:38:36.150+0500] {logging_mixin.py:154} INFO - [2023-11-28T11:38:36.150+0500] {dag.py:2941} INFO - Sync 1 DAGs
[2023-11-28T11:38:36.168+0500] {logging_mixin.py:154} INFO - [2023-11-28T11:38:36.168+0500] {dag.py:3722} INFO - Setting next_dagrun for example_short_circuit_operator to 2023-11-27T06:38:36.168052+00:00, run_after=2023-11-28T06:38:36.168052+00:00
[2023-11-28T11:38:36.335+0500] {processor.py:179} INFO - Processing /home/amina/miniconda/lib/python3.11/site-packages/airflow/example_dags/example_short_circuit_operator.py took 0.216 seconds
[2023-11-28T11:39:24.755+0500] {processor.py:157} INFO - Started process (PID=6750) to work on /home/amina/miniconda/lib/python3.11/site-packages/airflow/example_dags/example_short_circuit_operator.py
[2023-11-28T11:39:24.769+0500] {processor.py:829} INFO - Processing file /home/amina/miniconda/lib/python3.11/site-packages/airflow/example_dags/example_short_circuit_operator.py for tasks to queue
[2023-11-28T11:39:24.770+0500] {logging_mixin.py:154} INFO - [2023-11-28T11:39:24.769+0500] {dagbag.py:536} INFO - Filling up the DagBag from /home/amina/miniconda/lib/python3.11/site-packages/airflow/example_dags/example_short_circuit_operator.py
[2023-11-28T11:39:24.777+0500] {processor.py:839} INFO - DAG(s) dict_keys(['example_short_circuit_operator']) retrieved from /home/amina/miniconda/lib/python3.11/site-packages/airflow/example_dags/example_short_circuit_operator.py
[2023-11-28T11:39:24.795+0500] {logging_mixin.py:154} INFO - [2023-11-28T11:39:24.795+0500] {dag.py:2941} INFO - Sync 1 DAGs
[2023-11-28T11:39:24.949+0500] {logging_mixin.py:154} INFO - [2023-11-28T11:39:24.948+0500] {dag.py:3722} INFO - Setting next_dagrun for example_short_circuit_operator to 2023-11-27T06:39:24.948685+00:00, run_after=2023-11-28T06:39:24.948685+00:00
[2023-11-28T11:39:25.101+0500] {processor.py:179} INFO - Processing /home/amina/miniconda/lib/python3.11/site-packages/airflow/example_dags/example_short_circuit_operator.py took 0.349 seconds
[2023-11-28T11:40:23.623+0500] {processor.py:157} INFO - Started process (PID=6803) to work on /home/amina/miniconda/lib/python3.11/site-packages/airflow/example_dags/example_short_circuit_operator.py
[2023-11-28T11:40:23.647+0500] {processor.py:829} INFO - Processing file /home/amina/miniconda/lib/python3.11/site-packages/airflow/example_dags/example_short_circuit_operator.py for tasks to queue
[2023-11-28T11:40:23.648+0500] {logging_mixin.py:154} INFO - [2023-11-28T11:40:23.648+0500] {dagbag.py:536} INFO - Filling up the DagBag from /home/amina/miniconda/lib/python3.11/site-packages/airflow/example_dags/example_short_circuit_operator.py
[2023-11-28T11:40:23.656+0500] {processor.py:839} INFO - DAG(s) dict_keys(['example_short_circuit_operator']) retrieved from /home/amina/miniconda/lib/python3.11/site-packages/airflow/example_dags/example_short_circuit_operator.py
[2023-11-28T11:40:23.672+0500] {logging_mixin.py:154} INFO - [2023-11-28T11:40:23.672+0500] {dag.py:2941} INFO - Sync 1 DAGs
[2023-11-28T11:40:23.692+0500] {logging_mixin.py:154} INFO - [2023-11-28T11:40:23.692+0500] {dag.py:3722} INFO - Setting next_dagrun for example_short_circuit_operator to 2023-11-27T06:40:23.692037+00:00, run_after=2023-11-28T06:40:23.692037+00:00
[2023-11-28T11:40:23.802+0500] {processor.py:179} INFO - Processing /home/amina/miniconda/lib/python3.11/site-packages/airflow/example_dags/example_short_circuit_operator.py took 0.181 seconds
[2023-11-28T11:41:17.221+0500] {processor.py:157} INFO - Started process (PID=6865) to work on /home/amina/miniconda/lib/python3.11/site-packages/airflow/example_dags/example_short_circuit_operator.py
[2023-11-28T11:41:17.236+0500] {processor.py:829} INFO - Processing file /home/amina/miniconda/lib/python3.11/site-packages/airflow/example_dags/example_short_circuit_operator.py for tasks to queue
[2023-11-28T11:41:17.237+0500] {logging_mixin.py:154} INFO - [2023-11-28T11:41:17.236+0500] {dagbag.py:536} INFO - Filling up the DagBag from /home/amina/miniconda/lib/python3.11/site-packages/airflow/example_dags/example_short_circuit_operator.py
[2023-11-28T11:41:17.245+0500] {processor.py:839} INFO - DAG(s) dict_keys(['example_short_circuit_operator']) retrieved from /home/amina/miniconda/lib/python3.11/site-packages/airflow/example_dags/example_short_circuit_operator.py
[2023-11-28T11:41:17.262+0500] {logging_mixin.py:154} INFO - [2023-11-28T11:41:17.262+0500] {dag.py:2941} INFO - Sync 1 DAGs
[2023-11-28T11:41:17.280+0500] {logging_mixin.py:154} INFO - [2023-11-28T11:41:17.280+0500] {dag.py:3722} INFO - Setting next_dagrun for example_short_circuit_operator to 2023-11-27T06:41:17.280471+00:00, run_after=2023-11-28T06:41:17.280471+00:00
[2023-11-28T11:41:17.402+0500] {processor.py:179} INFO - Processing /home/amina/miniconda/lib/python3.11/site-packages/airflow/example_dags/example_short_circuit_operator.py took 0.184 seconds
[2023-11-28T11:42:01.309+0500] {processor.py:157} INFO - Started process (PID=6914) to work on /home/amina/miniconda/lib/python3.11/site-packages/airflow/example_dags/example_short_circuit_operator.py
[2023-11-28T11:42:01.324+0500] {processor.py:829} INFO - Processing file /home/amina/miniconda/lib/python3.11/site-packages/airflow/example_dags/example_short_circuit_operator.py for tasks to queue
[2023-11-28T11:42:01.325+0500] {logging_mixin.py:154} INFO - [2023-11-28T11:42:01.324+0500] {dagbag.py:536} INFO - Filling up the DagBag from /home/amina/miniconda/lib/python3.11/site-packages/airflow/example_dags/example_short_circuit_operator.py
[2023-11-28T11:42:01.338+0500] {processor.py:839} INFO - DAG(s) dict_keys(['example_short_circuit_operator']) retrieved from /home/amina/miniconda/lib/python3.11/site-packages/airflow/example_dags/example_short_circuit_operator.py
[2023-11-28T11:42:01.367+0500] {logging_mixin.py:154} INFO - [2023-11-28T11:42:01.367+0500] {dag.py:2941} INFO - Sync 1 DAGs
[2023-11-28T11:42:01.397+0500] {logging_mixin.py:154} INFO - [2023-11-28T11:42:01.397+0500] {dag.py:3722} INFO - Setting next_dagrun for example_short_circuit_operator to 2023-11-27T06:42:01.397386+00:00, run_after=2023-11-28T06:42:01.397386+00:00
[2023-11-28T11:42:01.513+0500] {processor.py:179} INFO - Processing /home/amina/miniconda/lib/python3.11/site-packages/airflow/example_dags/example_short_circuit_operator.py took 0.209 seconds
[2023-11-28T11:42:52.583+0500] {processor.py:157} INFO - Started process (PID=6964) to work on /home/amina/miniconda/lib/python3.11/site-packages/airflow/example_dags/example_short_circuit_operator.py
[2023-11-28T11:42:52.605+0500] {processor.py:829} INFO - Processing file /home/amina/miniconda/lib/python3.11/site-packages/airflow/example_dags/example_short_circuit_operator.py for tasks to queue
[2023-11-28T11:42:52.606+0500] {logging_mixin.py:154} INFO - [2023-11-28T11:42:52.606+0500] {dagbag.py:536} INFO - Filling up the DagBag from /home/amina/miniconda/lib/python3.11/site-packages/airflow/example_dags/example_short_circuit_operator.py
[2023-11-28T11:42:52.614+0500] {processor.py:839} INFO - DAG(s) dict_keys(['example_short_circuit_operator']) retrieved from /home/amina/miniconda/lib/python3.11/site-packages/airflow/example_dags/example_short_circuit_operator.py
[2023-11-28T11:42:52.632+0500] {logging_mixin.py:154} INFO - [2023-11-28T11:42:52.632+0500] {dag.py:2941} INFO - Sync 1 DAGs
[2023-11-28T11:42:52.650+0500] {logging_mixin.py:154} INFO - [2023-11-28T11:42:52.650+0500] {dag.py:3722} INFO - Setting next_dagrun for example_short_circuit_operator to 2023-11-27T06:42:52.650180+00:00, run_after=2023-11-28T06:42:52.650180+00:00
[2023-11-28T11:42:52.759+0500] {processor.py:179} INFO - Processing /home/amina/miniconda/lib/python3.11/site-packages/airflow/example_dags/example_short_circuit_operator.py took 0.178 seconds
[2023-11-28T11:47:59.890+0500] {processor.py:157} INFO - Started process (PID=7370) to work on /home/amina/miniconda/lib/python3.11/site-packages/airflow/example_dags/example_short_circuit_operator.py
[2023-11-28T11:47:59.927+0500] {processor.py:829} INFO - Processing file /home/amina/miniconda/lib/python3.11/site-packages/airflow/example_dags/example_short_circuit_operator.py for tasks to queue
[2023-11-28T11:47:59.929+0500] {logging_mixin.py:154} INFO - [2023-11-28T11:47:59.928+0500] {dagbag.py:536} INFO - Filling up the DagBag from /home/amina/miniconda/lib/python3.11/site-packages/airflow/example_dags/example_short_circuit_operator.py
[2023-11-28T11:47:59.937+0500] {processor.py:839} INFO - DAG(s) dict_keys(['example_short_circuit_operator']) retrieved from /home/amina/miniconda/lib/python3.11/site-packages/airflow/example_dags/example_short_circuit_operator.py
[2023-11-28T11:47:59.959+0500] {logging_mixin.py:154} INFO - [2023-11-28T11:47:59.959+0500] {dag.py:2941} INFO - Sync 1 DAGs
[2023-11-28T11:47:59.983+0500] {logging_mixin.py:154} INFO - [2023-11-28T11:47:59.983+0500] {dag.py:3722} INFO - Setting next_dagrun for example_short_circuit_operator to 2023-11-27T06:47:59.983216+00:00, run_after=2023-11-28T06:47:59.983216+00:00
[2023-11-28T11:48:00.193+0500] {processor.py:179} INFO - Processing /home/amina/miniconda/lib/python3.11/site-packages/airflow/example_dags/example_short_circuit_operator.py took 0.307 seconds
[2023-11-28T11:49:09.953+0500] {processor.py:157} INFO - Started process (PID=7429) to work on /home/amina/miniconda/lib/python3.11/site-packages/airflow/example_dags/example_short_circuit_operator.py
[2023-11-28T11:49:09.954+0500] {processor.py:829} INFO - Processing file /home/amina/miniconda/lib/python3.11/site-packages/airflow/example_dags/example_short_circuit_operator.py for tasks to queue
[2023-11-28T11:49:09.955+0500] {logging_mixin.py:154} INFO - [2023-11-28T11:49:09.954+0500] {dagbag.py:536} INFO - Filling up the DagBag from /home/amina/miniconda/lib/python3.11/site-packages/airflow/example_dags/example_short_circuit_operator.py
[2023-11-28T11:49:09.966+0500] {processor.py:839} INFO - DAG(s) dict_keys(['example_short_circuit_operator']) retrieved from /home/amina/miniconda/lib/python3.11/site-packages/airflow/example_dags/example_short_circuit_operator.py
[2023-11-28T11:49:09.988+0500] {logging_mixin.py:154} INFO - [2023-11-28T11:49:09.988+0500] {dag.py:2941} INFO - Sync 1 DAGs
[2023-11-28T11:49:10.018+0500] {logging_mixin.py:154} INFO - [2023-11-28T11:49:10.018+0500] {dag.py:3722} INFO - Setting next_dagrun for example_short_circuit_operator to 2023-11-27T06:49:10.018011+00:00, run_after=2023-11-28T06:49:10.018011+00:00
[2023-11-28T11:49:10.263+0500] {processor.py:179} INFO - Processing /home/amina/miniconda/lib/python3.11/site-packages/airflow/example_dags/example_short_circuit_operator.py took 0.313 seconds
[2023-11-28T11:50:04.047+0500] {processor.py:157} INFO - Started process (PID=7465) to work on /home/amina/miniconda/lib/python3.11/site-packages/airflow/example_dags/example_short_circuit_operator.py
[2023-11-28T11:50:04.059+0500] {processor.py:829} INFO - Processing file /home/amina/miniconda/lib/python3.11/site-packages/airflow/example_dags/example_short_circuit_operator.py for tasks to queue
[2023-11-28T11:50:04.059+0500] {logging_mixin.py:154} INFO - [2023-11-28T11:50:04.059+0500] {dagbag.py:536} INFO - Filling up the DagBag from /home/amina/miniconda/lib/python3.11/site-packages/airflow/example_dags/example_short_circuit_operator.py
[2023-11-28T11:50:04.068+0500] {processor.py:839} INFO - DAG(s) dict_keys(['example_short_circuit_operator']) retrieved from /home/amina/miniconda/lib/python3.11/site-packages/airflow/example_dags/example_short_circuit_operator.py
[2023-11-28T11:50:04.091+0500] {logging_mixin.py:154} INFO - [2023-11-28T11:50:04.091+0500] {dag.py:2941} INFO - Sync 1 DAGs
[2023-11-28T11:50:04.111+0500] {logging_mixin.py:154} INFO - [2023-11-28T11:50:04.111+0500] {dag.py:3722} INFO - Setting next_dagrun for example_short_circuit_operator to 2023-11-27T06:50:04.111439+00:00, run_after=2023-11-28T06:50:04.111439+00:00
[2023-11-28T11:50:04.370+0500] {processor.py:179} INFO - Processing /home/amina/miniconda/lib/python3.11/site-packages/airflow/example_dags/example_short_circuit_operator.py took 0.325 seconds
[2023-11-28T11:50:54.358+0500] {processor.py:157} INFO - Started process (PID=7512) to work on /home/amina/miniconda/lib/python3.11/site-packages/airflow/example_dags/example_short_circuit_operator.py
[2023-11-28T11:50:54.410+0500] {processor.py:829} INFO - Processing file /home/amina/miniconda/lib/python3.11/site-packages/airflow/example_dags/example_short_circuit_operator.py for tasks to queue
[2023-11-28T11:50:54.412+0500] {logging_mixin.py:154} INFO - [2023-11-28T11:50:54.411+0500] {dagbag.py:536} INFO - Filling up the DagBag from /home/amina/miniconda/lib/python3.11/site-packages/airflow/example_dags/example_short_circuit_operator.py
[2023-11-28T11:50:54.530+0500] {processor.py:839} INFO - DAG(s) dict_keys(['example_short_circuit_operator']) retrieved from /home/amina/miniconda/lib/python3.11/site-packages/airflow/example_dags/example_short_circuit_operator.py
[2023-11-28T11:50:54.543+0500] {logging_mixin.py:154} INFO - [2023-11-28T11:50:54.543+0500] {dag.py:2941} INFO - Sync 1 DAGs
[2023-11-28T11:50:54.562+0500] {logging_mixin.py:154} INFO - [2023-11-28T11:50:54.562+0500] {dag.py:3722} INFO - Setting next_dagrun for example_short_circuit_operator to 2023-11-27T06:50:54.561868+00:00, run_after=2023-11-28T06:50:54.561868+00:00
[2023-11-28T11:50:54.672+0500] {processor.py:179} INFO - Processing /home/amina/miniconda/lib/python3.11/site-packages/airflow/example_dags/example_short_circuit_operator.py took 0.317 seconds
[2023-11-28T11:51:51.319+0500] {processor.py:157} INFO - Started process (PID=7605) to work on /home/amina/miniconda/lib/python3.11/site-packages/airflow/example_dags/example_short_circuit_operator.py
[2023-11-28T11:51:51.367+0500] {processor.py:829} INFO - Processing file /home/amina/miniconda/lib/python3.11/site-packages/airflow/example_dags/example_short_circuit_operator.py for tasks to queue
[2023-11-28T11:51:51.368+0500] {logging_mixin.py:154} INFO - [2023-11-28T11:51:51.368+0500] {dagbag.py:536} INFO - Filling up the DagBag from /home/amina/miniconda/lib/python3.11/site-packages/airflow/example_dags/example_short_circuit_operator.py
[2023-11-28T11:51:51.378+0500] {processor.py:839} INFO - DAG(s) dict_keys(['example_short_circuit_operator']) retrieved from /home/amina/miniconda/lib/python3.11/site-packages/airflow/example_dags/example_short_circuit_operator.py
[2023-11-28T11:51:51.403+0500] {logging_mixin.py:154} INFO - [2023-11-28T11:51:51.403+0500] {dag.py:2941} INFO - Sync 1 DAGs
[2023-11-28T11:51:51.428+0500] {logging_mixin.py:154} INFO - [2023-11-28T11:51:51.428+0500] {dag.py:3722} INFO - Setting next_dagrun for example_short_circuit_operator to 2023-11-27T06:51:51.428470+00:00, run_after=2023-11-28T06:51:51.428470+00:00
[2023-11-28T11:51:51.534+0500] {processor.py:179} INFO - Processing /home/amina/miniconda/lib/python3.11/site-packages/airflow/example_dags/example_short_circuit_operator.py took 0.220 seconds
[2023-11-28T11:52:44.741+0500] {processor.py:157} INFO - Started process (PID=7654) to work on /home/amina/miniconda/lib/python3.11/site-packages/airflow/example_dags/example_short_circuit_operator.py
[2023-11-28T11:52:44.779+0500] {processor.py:829} INFO - Processing file /home/amina/miniconda/lib/python3.11/site-packages/airflow/example_dags/example_short_circuit_operator.py for tasks to queue
[2023-11-28T11:52:44.780+0500] {logging_mixin.py:154} INFO - [2023-11-28T11:52:44.780+0500] {dagbag.py:536} INFO - Filling up the DagBag from /home/amina/miniconda/lib/python3.11/site-packages/airflow/example_dags/example_short_circuit_operator.py
[2023-11-28T11:52:44.795+0500] {processor.py:839} INFO - DAG(s) dict_keys(['example_short_circuit_operator']) retrieved from /home/amina/miniconda/lib/python3.11/site-packages/airflow/example_dags/example_short_circuit_operator.py
[2023-11-28T11:52:44.824+0500] {logging_mixin.py:154} INFO - [2023-11-28T11:52:44.824+0500] {dag.py:2941} INFO - Sync 1 DAGs
[2023-11-28T11:52:44.858+0500] {logging_mixin.py:154} INFO - [2023-11-28T11:52:44.857+0500] {dag.py:3722} INFO - Setting next_dagrun for example_short_circuit_operator to 2023-11-27T06:52:44.857322+00:00, run_after=2023-11-28T06:52:44.857322+00:00
[2023-11-28T11:52:44.963+0500] {processor.py:179} INFO - Processing /home/amina/miniconda/lib/python3.11/site-packages/airflow/example_dags/example_short_circuit_operator.py took 0.229 seconds
[2023-11-28T11:53:31.098+0500] {processor.py:157} INFO - Started process (PID=7752) to work on /home/amina/miniconda/lib/python3.11/site-packages/airflow/example_dags/example_short_circuit_operator.py
[2023-11-28T11:53:31.110+0500] {processor.py:829} INFO - Processing file /home/amina/miniconda/lib/python3.11/site-packages/airflow/example_dags/example_short_circuit_operator.py for tasks to queue
[2023-11-28T11:53:31.111+0500] {logging_mixin.py:154} INFO - [2023-11-28T11:53:31.110+0500] {dagbag.py:536} INFO - Filling up the DagBag from /home/amina/miniconda/lib/python3.11/site-packages/airflow/example_dags/example_short_circuit_operator.py
[2023-11-28T11:53:31.121+0500] {processor.py:839} INFO - DAG(s) dict_keys(['example_short_circuit_operator']) retrieved from /home/amina/miniconda/lib/python3.11/site-packages/airflow/example_dags/example_short_circuit_operator.py
[2023-11-28T11:53:31.141+0500] {logging_mixin.py:154} INFO - [2023-11-28T11:53:31.141+0500] {dag.py:2941} INFO - Sync 1 DAGs
[2023-11-28T11:53:31.165+0500] {logging_mixin.py:154} INFO - [2023-11-28T11:53:31.165+0500] {dag.py:3722} INFO - Setting next_dagrun for example_short_circuit_operator to 2023-11-27T06:53:31.165383+00:00, run_after=2023-11-28T06:53:31.165383+00:00
[2023-11-28T11:53:31.277+0500] {processor.py:179} INFO - Processing /home/amina/miniconda/lib/python3.11/site-packages/airflow/example_dags/example_short_circuit_operator.py took 0.184 seconds
[2023-11-28T11:54:22.373+0500] {processor.py:157} INFO - Started process (PID=7802) to work on /home/amina/miniconda/lib/python3.11/site-packages/airflow/example_dags/example_short_circuit_operator.py
[2023-11-28T11:54:22.415+0500] {processor.py:829} INFO - Processing file /home/amina/miniconda/lib/python3.11/site-packages/airflow/example_dags/example_short_circuit_operator.py for tasks to queue
[2023-11-28T11:54:22.416+0500] {logging_mixin.py:154} INFO - [2023-11-28T11:54:22.416+0500] {dagbag.py:536} INFO - Filling up the DagBag from /home/amina/miniconda/lib/python3.11/site-packages/airflow/example_dags/example_short_circuit_operator.py
[2023-11-28T11:54:22.427+0500] {processor.py:839} INFO - DAG(s) dict_keys(['example_short_circuit_operator']) retrieved from /home/amina/miniconda/lib/python3.11/site-packages/airflow/example_dags/example_short_circuit_operator.py
[2023-11-28T11:54:22.449+0500] {logging_mixin.py:154} INFO - [2023-11-28T11:54:22.448+0500] {dag.py:2941} INFO - Sync 1 DAGs
[2023-11-28T11:54:22.476+0500] {logging_mixin.py:154} INFO - [2023-11-28T11:54:22.476+0500] {dag.py:3722} INFO - Setting next_dagrun for example_short_circuit_operator to 2023-11-27T06:54:22.475793+00:00, run_after=2023-11-28T06:54:22.475793+00:00
[2023-11-28T11:54:22.575+0500] {processor.py:179} INFO - Processing /home/amina/miniconda/lib/python3.11/site-packages/airflow/example_dags/example_short_circuit_operator.py took 0.206 seconds
[2023-11-28T11:55:12.907+0500] {processor.py:157} INFO - Started process (PID=7854) to work on /home/amina/miniconda/lib/python3.11/site-packages/airflow/example_dags/example_short_circuit_operator.py
[2023-11-28T11:55:12.939+0500] {processor.py:829} INFO - Processing file /home/amina/miniconda/lib/python3.11/site-packages/airflow/example_dags/example_short_circuit_operator.py for tasks to queue
[2023-11-28T11:55:12.940+0500] {logging_mixin.py:154} INFO - [2023-11-28T11:55:12.939+0500] {dagbag.py:536} INFO - Filling up the DagBag from /home/amina/miniconda/lib/python3.11/site-packages/airflow/example_dags/example_short_circuit_operator.py
[2023-11-28T11:55:12.951+0500] {processor.py:839} INFO - DAG(s) dict_keys(['example_short_circuit_operator']) retrieved from /home/amina/miniconda/lib/python3.11/site-packages/airflow/example_dags/example_short_circuit_operator.py
[2023-11-28T11:55:12.973+0500] {logging_mixin.py:154} INFO - [2023-11-28T11:55:12.973+0500] {dag.py:2941} INFO - Sync 1 DAGs
[2023-11-28T11:55:12.996+0500] {logging_mixin.py:154} INFO - [2023-11-28T11:55:12.996+0500] {dag.py:3722} INFO - Setting next_dagrun for example_short_circuit_operator to 2023-11-27T06:55:12.996061+00:00, run_after=2023-11-28T06:55:12.996061+00:00
[2023-11-28T11:55:13.105+0500] {processor.py:179} INFO - Processing /home/amina/miniconda/lib/python3.11/site-packages/airflow/example_dags/example_short_circuit_operator.py took 0.202 seconds
[2023-11-28T11:56:02.543+0500] {processor.py:157} INFO - Started process (PID=7901) to work on /home/amina/miniconda/lib/python3.11/site-packages/airflow/example_dags/example_short_circuit_operator.py
[2023-11-28T11:56:02.555+0500] {processor.py:829} INFO - Processing file /home/amina/miniconda/lib/python3.11/site-packages/airflow/example_dags/example_short_circuit_operator.py for tasks to queue
[2023-11-28T11:56:02.555+0500] {logging_mixin.py:154} INFO - [2023-11-28T11:56:02.555+0500] {dagbag.py:536} INFO - Filling up the DagBag from /home/amina/miniconda/lib/python3.11/site-packages/airflow/example_dags/example_short_circuit_operator.py
[2023-11-28T11:56:02.566+0500] {processor.py:839} INFO - DAG(s) dict_keys(['example_short_circuit_operator']) retrieved from /home/amina/miniconda/lib/python3.11/site-packages/airflow/example_dags/example_short_circuit_operator.py
[2023-11-28T11:56:02.587+0500] {logging_mixin.py:154} INFO - [2023-11-28T11:56:02.587+0500] {dag.py:2941} INFO - Sync 1 DAGs
[2023-11-28T11:56:02.610+0500] {logging_mixin.py:154} INFO - [2023-11-28T11:56:02.609+0500] {dag.py:3722} INFO - Setting next_dagrun for example_short_circuit_operator to 2023-11-27T06:56:02.609423+00:00, run_after=2023-11-28T06:56:02.609423+00:00
[2023-11-28T11:56:02.735+0500] {processor.py:179} INFO - Processing /home/amina/miniconda/lib/python3.11/site-packages/airflow/example_dags/example_short_circuit_operator.py took 0.197 seconds
[2023-11-28T11:56:50.060+0500] {processor.py:157} INFO - Started process (PID=7947) to work on /home/amina/miniconda/lib/python3.11/site-packages/airflow/example_dags/example_short_circuit_operator.py
[2023-11-28T11:56:50.074+0500] {processor.py:829} INFO - Processing file /home/amina/miniconda/lib/python3.11/site-packages/airflow/example_dags/example_short_circuit_operator.py for tasks to queue
[2023-11-28T11:56:50.075+0500] {logging_mixin.py:154} INFO - [2023-11-28T11:56:50.075+0500] {dagbag.py:536} INFO - Filling up the DagBag from /home/amina/miniconda/lib/python3.11/site-packages/airflow/example_dags/example_short_circuit_operator.py
[2023-11-28T11:56:50.084+0500] {processor.py:839} INFO - DAG(s) dict_keys(['example_short_circuit_operator']) retrieved from /home/amina/miniconda/lib/python3.11/site-packages/airflow/example_dags/example_short_circuit_operator.py
[2023-11-28T11:56:50.105+0500] {logging_mixin.py:154} INFO - [2023-11-28T11:56:50.105+0500] {dag.py:2941} INFO - Sync 1 DAGs
[2023-11-28T11:56:50.127+0500] {logging_mixin.py:154} INFO - [2023-11-28T11:56:50.127+0500] {dag.py:3722} INFO - Setting next_dagrun for example_short_circuit_operator to 2023-11-27T06:56:50.127255+00:00, run_after=2023-11-28T06:56:50.127255+00:00
[2023-11-28T11:56:50.248+0500] {processor.py:179} INFO - Processing /home/amina/miniconda/lib/python3.11/site-packages/airflow/example_dags/example_short_circuit_operator.py took 0.191 seconds
[2023-11-28T18:23:39.726+0500] {processor.py:157} INFO - Started process (PID=8300) to work on /home/amina/miniconda/lib/python3.11/site-packages/airflow/example_dags/example_short_circuit_operator.py
[2023-11-28T18:23:39.743+0500] {processor.py:829} INFO - Processing file /home/amina/miniconda/lib/python3.11/site-packages/airflow/example_dags/example_short_circuit_operator.py for tasks to queue
[2023-11-28T18:23:39.744+0500] {logging_mixin.py:154} INFO - [2023-11-28T18:23:39.744+0500] {dagbag.py:536} INFO - Filling up the DagBag from /home/amina/miniconda/lib/python3.11/site-packages/airflow/example_dags/example_short_circuit_operator.py
[2023-11-28T18:23:39.752+0500] {processor.py:839} INFO - DAG(s) dict_keys(['example_short_circuit_operator']) retrieved from /home/amina/miniconda/lib/python3.11/site-packages/airflow/example_dags/example_short_circuit_operator.py
[2023-11-28T18:23:39.769+0500] {logging_mixin.py:154} INFO - [2023-11-28T18:23:39.768+0500] {dag.py:2941} INFO - Sync 1 DAGs
[2023-11-28T18:23:39.787+0500] {logging_mixin.py:154} INFO - [2023-11-28T18:23:39.786+0500] {dag.py:3722} INFO - Setting next_dagrun for example_short_circuit_operator to 2023-11-27T13:23:39.786723+00:00, run_after=2023-11-28T13:23:39.786723+00:00
[2023-11-28T18:23:39.904+0500] {processor.py:179} INFO - Processing /home/amina/miniconda/lib/python3.11/site-packages/airflow/example_dags/example_short_circuit_operator.py took 0.181 seconds
