[2023-11-28T11:37:38.280+0500] {processor.py:157} INFO - Started process (PID=6535) to work on /home/amina/miniconda/lib/python3.11/site-packages/airflow/example_dags/example_trigger_target_dag.py
[2023-11-28T11:37:38.280+0500] {processor.py:829} INFO - Processing file /home/amina/miniconda/lib/python3.11/site-packages/airflow/example_dags/example_trigger_target_dag.py for tasks to queue
[2023-11-28T11:37:38.281+0500] {logging_mixin.py:154} INFO - [2023-11-28T11:37:38.281+0500] {dagbag.py:536} INFO - Filling up the DagBag from /home/amina/miniconda/lib/python3.11/site-packages/airflow/example_dags/example_trigger_target_dag.py
[2023-11-28T11:37:38.288+0500] {processor.py:839} INFO - DAG(s) dict_keys(['example_trigger_target_dag']) retrieved from /home/amina/miniconda/lib/python3.11/site-packages/airflow/example_dags/example_trigger_target_dag.py
[2023-11-28T11:37:38.308+0500] {logging_mixin.py:154} INFO - [2023-11-28T11:37:38.308+0500] {dag.py:2941} INFO - Sync 1 DAGs
[2023-11-28T11:37:38.321+0500] {logging_mixin.py:154} INFO - [2023-11-28T11:37:38.321+0500] {dag.py:3722} INFO - Setting next_dagrun for example_trigger_target_dag to None, run_after=None
[2023-11-28T11:37:38.468+0500] {processor.py:179} INFO - Processing /home/amina/miniconda/lib/python3.11/site-packages/airflow/example_dags/example_trigger_target_dag.py took 0.191 seconds
[2023-11-28T11:38:37.549+0500] {processor.py:157} INFO - Started process (PID=6633) to work on /home/amina/miniconda/lib/python3.11/site-packages/airflow/example_dags/example_trigger_target_dag.py
[2023-11-28T11:38:37.550+0500] {processor.py:829} INFO - Processing file /home/amina/miniconda/lib/python3.11/site-packages/airflow/example_dags/example_trigger_target_dag.py for tasks to queue
[2023-11-28T11:38:37.550+0500] {logging_mixin.py:154} INFO - [2023-11-28T11:38:37.550+0500] {dagbag.py:536} INFO - Filling up the DagBag from /home/amina/miniconda/lib/python3.11/site-packages/airflow/example_dags/example_trigger_target_dag.py
[2023-11-28T11:38:37.556+0500] {processor.py:839} INFO - DAG(s) dict_keys(['example_trigger_target_dag']) retrieved from /home/amina/miniconda/lib/python3.11/site-packages/airflow/example_dags/example_trigger_target_dag.py
[2023-11-28T11:38:37.569+0500] {logging_mixin.py:154} INFO - [2023-11-28T11:38:37.569+0500] {dag.py:2941} INFO - Sync 1 DAGs
[2023-11-28T11:38:37.579+0500] {logging_mixin.py:154} INFO - [2023-11-28T11:38:37.579+0500] {dag.py:3722} INFO - Setting next_dagrun for example_trigger_target_dag to None, run_after=None
[2023-11-28T11:38:37.667+0500] {processor.py:179} INFO - Processing /home/amina/miniconda/lib/python3.11/site-packages/airflow/example_dags/example_trigger_target_dag.py took 0.121 seconds
[2023-11-28T11:39:25.503+0500] {processor.py:157} INFO - Started process (PID=6751) to work on /home/amina/miniconda/lib/python3.11/site-packages/airflow/example_dags/example_trigger_target_dag.py
[2023-11-28T11:39:25.547+0500] {processor.py:829} INFO - Processing file /home/amina/miniconda/lib/python3.11/site-packages/airflow/example_dags/example_trigger_target_dag.py for tasks to queue
[2023-11-28T11:39:25.548+0500] {logging_mixin.py:154} INFO - [2023-11-28T11:39:25.547+0500] {dagbag.py:536} INFO - Filling up the DagBag from /home/amina/miniconda/lib/python3.11/site-packages/airflow/example_dags/example_trigger_target_dag.py
[2023-11-28T11:39:25.553+0500] {processor.py:839} INFO - DAG(s) dict_keys(['example_trigger_target_dag']) retrieved from /home/amina/miniconda/lib/python3.11/site-packages/airflow/example_dags/example_trigger_target_dag.py
[2023-11-28T11:39:25.567+0500] {logging_mixin.py:154} INFO - [2023-11-28T11:39:25.566+0500] {dag.py:2941} INFO - Sync 1 DAGs
[2023-11-28T11:39:25.674+0500] {logging_mixin.py:154} INFO - [2023-11-28T11:39:25.674+0500] {dag.py:3722} INFO - Setting next_dagrun for example_trigger_target_dag to None, run_after=None
[2023-11-28T11:39:25.789+0500] {processor.py:179} INFO - Processing /home/amina/miniconda/lib/python3.11/site-packages/airflow/example_dags/example_trigger_target_dag.py took 0.289 seconds
[2023-11-28T11:40:24.882+0500] {processor.py:157} INFO - Started process (PID=6807) to work on /home/amina/miniconda/lib/python3.11/site-packages/airflow/example_dags/example_trigger_target_dag.py
[2023-11-28T11:40:24.925+0500] {processor.py:829} INFO - Processing file /home/amina/miniconda/lib/python3.11/site-packages/airflow/example_dags/example_trigger_target_dag.py for tasks to queue
[2023-11-28T11:40:24.926+0500] {logging_mixin.py:154} INFO - [2023-11-28T11:40:24.925+0500] {dagbag.py:536} INFO - Filling up the DagBag from /home/amina/miniconda/lib/python3.11/site-packages/airflow/example_dags/example_trigger_target_dag.py
[2023-11-28T11:40:24.931+0500] {processor.py:839} INFO - DAG(s) dict_keys(['example_trigger_target_dag']) retrieved from /home/amina/miniconda/lib/python3.11/site-packages/airflow/example_dags/example_trigger_target_dag.py
[2023-11-28T11:40:24.945+0500] {logging_mixin.py:154} INFO - [2023-11-28T11:40:24.945+0500] {dag.py:2941} INFO - Sync 1 DAGs
[2023-11-28T11:40:24.956+0500] {logging_mixin.py:154} INFO - [2023-11-28T11:40:24.956+0500] {dag.py:3722} INFO - Setting next_dagrun for example_trigger_target_dag to None, run_after=None
[2023-11-28T11:40:25.044+0500] {processor.py:179} INFO - Processing /home/amina/miniconda/lib/python3.11/site-packages/airflow/example_dags/example_trigger_target_dag.py took 0.165 seconds
[2023-11-28T11:41:18.465+0500] {processor.py:157} INFO - Started process (PID=6866) to work on /home/amina/miniconda/lib/python3.11/site-packages/airflow/example_dags/example_trigger_target_dag.py
[2023-11-28T11:41:18.469+0500] {processor.py:829} INFO - Processing file /home/amina/miniconda/lib/python3.11/site-packages/airflow/example_dags/example_trigger_target_dag.py for tasks to queue
[2023-11-28T11:41:18.470+0500] {logging_mixin.py:154} INFO - [2023-11-28T11:41:18.469+0500] {dagbag.py:536} INFO - Filling up the DagBag from /home/amina/miniconda/lib/python3.11/site-packages/airflow/example_dags/example_trigger_target_dag.py
[2023-11-28T11:41:18.477+0500] {processor.py:839} INFO - DAG(s) dict_keys(['example_trigger_target_dag']) retrieved from /home/amina/miniconda/lib/python3.11/site-packages/airflow/example_dags/example_trigger_target_dag.py
[2023-11-28T11:41:18.493+0500] {logging_mixin.py:154} INFO - [2023-11-28T11:41:18.493+0500] {dag.py:2941} INFO - Sync 1 DAGs
[2023-11-28T11:41:18.505+0500] {logging_mixin.py:154} INFO - [2023-11-28T11:41:18.505+0500] {dag.py:3722} INFO - Setting next_dagrun for example_trigger_target_dag to None, run_after=None
[2023-11-28T11:41:18.616+0500] {processor.py:179} INFO - Processing /home/amina/miniconda/lib/python3.11/site-packages/airflow/example_dags/example_trigger_target_dag.py took 0.153 seconds
[2023-11-28T11:42:09.065+0500] {processor.py:157} INFO - Started process (PID=6920) to work on /home/amina/miniconda/lib/python3.11/site-packages/airflow/example_dags/example_trigger_target_dag.py
[2023-11-28T11:42:09.087+0500] {processor.py:829} INFO - Processing file /home/amina/miniconda/lib/python3.11/site-packages/airflow/example_dags/example_trigger_target_dag.py for tasks to queue
[2023-11-28T11:42:09.087+0500] {logging_mixin.py:154} INFO - [2023-11-28T11:42:09.087+0500] {dagbag.py:536} INFO - Filling up the DagBag from /home/amina/miniconda/lib/python3.11/site-packages/airflow/example_dags/example_trigger_target_dag.py
[2023-11-28T11:42:09.093+0500] {processor.py:839} INFO - DAG(s) dict_keys(['example_trigger_target_dag']) retrieved from /home/amina/miniconda/lib/python3.11/site-packages/airflow/example_dags/example_trigger_target_dag.py
[2023-11-28T11:42:09.109+0500] {logging_mixin.py:154} INFO - [2023-11-28T11:42:09.109+0500] {dag.py:2941} INFO - Sync 1 DAGs
[2023-11-28T11:42:09.120+0500] {logging_mixin.py:154} INFO - [2023-11-28T11:42:09.119+0500] {dag.py:3722} INFO - Setting next_dagrun for example_trigger_target_dag to None, run_after=None
[2023-11-28T11:42:09.201+0500] {processor.py:179} INFO - Processing /home/amina/miniconda/lib/python3.11/site-packages/airflow/example_dags/example_trigger_target_dag.py took 0.138 seconds
[2023-11-28T11:42:53.823+0500] {processor.py:157} INFO - Started process (PID=6965) to work on /home/amina/miniconda/lib/python3.11/site-packages/airflow/example_dags/example_trigger_target_dag.py
[2023-11-28T11:42:53.838+0500] {processor.py:829} INFO - Processing file /home/amina/miniconda/lib/python3.11/site-packages/airflow/example_dags/example_trigger_target_dag.py for tasks to queue
[2023-11-28T11:42:53.839+0500] {logging_mixin.py:154} INFO - [2023-11-28T11:42:53.838+0500] {dagbag.py:536} INFO - Filling up the DagBag from /home/amina/miniconda/lib/python3.11/site-packages/airflow/example_dags/example_trigger_target_dag.py
[2023-11-28T11:42:53.844+0500] {processor.py:839} INFO - DAG(s) dict_keys(['example_trigger_target_dag']) retrieved from /home/amina/miniconda/lib/python3.11/site-packages/airflow/example_dags/example_trigger_target_dag.py
[2023-11-28T11:42:53.859+0500] {logging_mixin.py:154} INFO - [2023-11-28T11:42:53.859+0500] {dag.py:2941} INFO - Sync 1 DAGs
[2023-11-28T11:42:53.870+0500] {logging_mixin.py:154} INFO - [2023-11-28T11:42:53.870+0500] {dag.py:3722} INFO - Setting next_dagrun for example_trigger_target_dag to None, run_after=None
[2023-11-28T11:42:53.969+0500] {processor.py:179} INFO - Processing /home/amina/miniconda/lib/python3.11/site-packages/airflow/example_dags/example_trigger_target_dag.py took 0.149 seconds
[2023-11-28T11:48:00.835+0500] {processor.py:157} INFO - Started process (PID=7371) to work on /home/amina/miniconda/lib/python3.11/site-packages/airflow/example_dags/example_trigger_target_dag.py
[2023-11-28T11:48:00.861+0500] {processor.py:829} INFO - Processing file /home/amina/miniconda/lib/python3.11/site-packages/airflow/example_dags/example_trigger_target_dag.py for tasks to queue
[2023-11-28T11:48:00.862+0500] {logging_mixin.py:154} INFO - [2023-11-28T11:48:00.862+0500] {dagbag.py:536} INFO - Filling up the DagBag from /home/amina/miniconda/lib/python3.11/site-packages/airflow/example_dags/example_trigger_target_dag.py
[2023-11-28T11:48:00.868+0500] {processor.py:839} INFO - DAG(s) dict_keys(['example_trigger_target_dag']) retrieved from /home/amina/miniconda/lib/python3.11/site-packages/airflow/example_dags/example_trigger_target_dag.py
[2023-11-28T11:48:00.886+0500] {logging_mixin.py:154} INFO - [2023-11-28T11:48:00.886+0500] {dag.py:2941} INFO - Sync 1 DAGs
[2023-11-28T11:48:00.900+0500] {logging_mixin.py:154} INFO - [2023-11-28T11:48:00.899+0500] {dag.py:3722} INFO - Setting next_dagrun for example_trigger_target_dag to None, run_after=None
[2023-11-28T11:48:01.017+0500] {processor.py:179} INFO - Processing /home/amina/miniconda/lib/python3.11/site-packages/airflow/example_dags/example_trigger_target_dag.py took 0.185 seconds
[2023-11-28T11:49:20.647+0500] {processor.py:157} INFO - Started process (PID=7430) to work on /home/amina/miniconda/lib/python3.11/site-packages/airflow/example_dags/example_trigger_target_dag.py
[2023-11-28T11:49:20.694+0500] {processor.py:829} INFO - Processing file /home/amina/miniconda/lib/python3.11/site-packages/airflow/example_dags/example_trigger_target_dag.py for tasks to queue
[2023-11-28T11:49:20.695+0500] {logging_mixin.py:154} INFO - [2023-11-28T11:49:20.695+0500] {dagbag.py:536} INFO - Filling up the DagBag from /home/amina/miniconda/lib/python3.11/site-packages/airflow/example_dags/example_trigger_target_dag.py
[2023-11-28T11:49:20.701+0500] {processor.py:839} INFO - DAG(s) dict_keys(['example_trigger_target_dag']) retrieved from /home/amina/miniconda/lib/python3.11/site-packages/airflow/example_dags/example_trigger_target_dag.py
[2023-11-28T11:49:32.811+0500] {logging_mixin.py:154} INFO - [2023-11-28T11:49:32.811+0500] {dag.py:2941} INFO - Sync 1 DAGs
[2023-11-28T11:49:32.823+0500] {logging_mixin.py:154} INFO - [2023-11-28T11:49:32.823+0500] {dag.py:3722} INFO - Setting next_dagrun for example_trigger_target_dag to None, run_after=None
[2023-11-28T11:49:33.070+0500] {processor.py:179} INFO - Processing /home/amina/miniconda/lib/python3.11/site-packages/airflow/example_dags/example_trigger_target_dag.py took 12.428 seconds
[2023-11-28T11:50:55.564+0500] {processor.py:157} INFO - Started process (PID=7513) to work on /home/amina/miniconda/lib/python3.11/site-packages/airflow/example_dags/example_trigger_target_dag.py
[2023-11-28T11:50:55.594+0500] {processor.py:829} INFO - Processing file /home/amina/miniconda/lib/python3.11/site-packages/airflow/example_dags/example_trigger_target_dag.py for tasks to queue
[2023-11-28T11:50:55.596+0500] {logging_mixin.py:154} INFO - [2023-11-28T11:50:55.595+0500] {dagbag.py:536} INFO - Filling up the DagBag from /home/amina/miniconda/lib/python3.11/site-packages/airflow/example_dags/example_trigger_target_dag.py
[2023-11-28T11:50:55.716+0500] {processor.py:839} INFO - DAG(s) dict_keys(['example_trigger_target_dag']) retrieved from /home/amina/miniconda/lib/python3.11/site-packages/airflow/example_dags/example_trigger_target_dag.py
[2023-11-28T11:50:55.726+0500] {logging_mixin.py:154} INFO - [2023-11-28T11:50:55.726+0500] {dag.py:2941} INFO - Sync 1 DAGs
[2023-11-28T11:50:55.737+0500] {logging_mixin.py:154} INFO - [2023-11-28T11:50:55.736+0500] {dag.py:3722} INFO - Setting next_dagrun for example_trigger_target_dag to None, run_after=None
[2023-11-28T11:50:55.825+0500] {processor.py:179} INFO - Processing /home/amina/miniconda/lib/python3.11/site-packages/airflow/example_dags/example_trigger_target_dag.py took 0.266 seconds
[2023-11-28T11:51:52.683+0500] {processor.py:157} INFO - Started process (PID=7606) to work on /home/amina/miniconda/lib/python3.11/site-packages/airflow/example_dags/example_trigger_target_dag.py
[2023-11-28T11:51:52.743+0500] {processor.py:829} INFO - Processing file /home/amina/miniconda/lib/python3.11/site-packages/airflow/example_dags/example_trigger_target_dag.py for tasks to queue
[2023-11-28T11:51:52.745+0500] {logging_mixin.py:154} INFO - [2023-11-28T11:51:52.744+0500] {dagbag.py:536} INFO - Filling up the DagBag from /home/amina/miniconda/lib/python3.11/site-packages/airflow/example_dags/example_trigger_target_dag.py
[2023-11-28T11:51:52.755+0500] {processor.py:839} INFO - DAG(s) dict_keys(['example_trigger_target_dag']) retrieved from /home/amina/miniconda/lib/python3.11/site-packages/airflow/example_dags/example_trigger_target_dag.py
[2023-11-28T11:51:52.778+0500] {logging_mixin.py:154} INFO - [2023-11-28T11:51:52.778+0500] {dag.py:2941} INFO - Sync 1 DAGs
[2023-11-28T11:51:52.799+0500] {logging_mixin.py:154} INFO - [2023-11-28T11:51:52.799+0500] {dag.py:3722} INFO - Setting next_dagrun for example_trigger_target_dag to None, run_after=None
[2023-11-28T11:51:52.891+0500] {processor.py:179} INFO - Processing /home/amina/miniconda/lib/python3.11/site-packages/airflow/example_dags/example_trigger_target_dag.py took 0.214 seconds
[2023-11-28T11:52:45.879+0500] {processor.py:157} INFO - Started process (PID=7655) to work on /home/amina/miniconda/lib/python3.11/site-packages/airflow/example_dags/example_trigger_target_dag.py
[2023-11-28T11:52:45.904+0500] {processor.py:829} INFO - Processing file /home/amina/miniconda/lib/python3.11/site-packages/airflow/example_dags/example_trigger_target_dag.py for tasks to queue
[2023-11-28T11:52:45.906+0500] {logging_mixin.py:154} INFO - [2023-11-28T11:52:45.905+0500] {dagbag.py:536} INFO - Filling up the DagBag from /home/amina/miniconda/lib/python3.11/site-packages/airflow/example_dags/example_trigger_target_dag.py
[2023-11-28T11:52:45.912+0500] {processor.py:839} INFO - DAG(s) dict_keys(['example_trigger_target_dag']) retrieved from /home/amina/miniconda/lib/python3.11/site-packages/airflow/example_dags/example_trigger_target_dag.py
[2023-11-28T11:52:45.931+0500] {logging_mixin.py:154} INFO - [2023-11-28T11:52:45.931+0500] {dag.py:2941} INFO - Sync 1 DAGs
[2023-11-28T11:52:45.947+0500] {logging_mixin.py:154} INFO - [2023-11-28T11:52:45.947+0500] {dag.py:3722} INFO - Setting next_dagrun for example_trigger_target_dag to None, run_after=None
[2023-11-28T11:52:46.039+0500] {processor.py:179} INFO - Processing /home/amina/miniconda/lib/python3.11/site-packages/airflow/example_dags/example_trigger_target_dag.py took 0.163 seconds
[2023-11-28T11:53:32.345+0500] {processor.py:157} INFO - Started process (PID=7753) to work on /home/amina/miniconda/lib/python3.11/site-packages/airflow/example_dags/example_trigger_target_dag.py
[2023-11-28T11:53:32.377+0500] {processor.py:829} INFO - Processing file /home/amina/miniconda/lib/python3.11/site-packages/airflow/example_dags/example_trigger_target_dag.py for tasks to queue
[2023-11-28T11:53:32.380+0500] {logging_mixin.py:154} INFO - [2023-11-28T11:53:32.379+0500] {dagbag.py:536} INFO - Filling up the DagBag from /home/amina/miniconda/lib/python3.11/site-packages/airflow/example_dags/example_trigger_target_dag.py
[2023-11-28T11:53:32.391+0500] {processor.py:839} INFO - DAG(s) dict_keys(['example_trigger_target_dag']) retrieved from /home/amina/miniconda/lib/python3.11/site-packages/airflow/example_dags/example_trigger_target_dag.py
[2023-11-28T11:53:32.418+0500] {logging_mixin.py:154} INFO - [2023-11-28T11:53:32.418+0500] {dag.py:2941} INFO - Sync 1 DAGs
[2023-11-28T11:53:32.439+0500] {logging_mixin.py:154} INFO - [2023-11-28T11:53:32.439+0500] {dag.py:3722} INFO - Setting next_dagrun for example_trigger_target_dag to None, run_after=None
[2023-11-28T11:53:32.551+0500] {processor.py:179} INFO - Processing /home/amina/miniconda/lib/python3.11/site-packages/airflow/example_dags/example_trigger_target_dag.py took 0.210 seconds
[2023-11-28T11:54:23.502+0500] {processor.py:157} INFO - Started process (PID=7803) to work on /home/amina/miniconda/lib/python3.11/site-packages/airflow/example_dags/example_trigger_target_dag.py
[2023-11-28T11:54:23.527+0500] {processor.py:829} INFO - Processing file /home/amina/miniconda/lib/python3.11/site-packages/airflow/example_dags/example_trigger_target_dag.py for tasks to queue
[2023-11-28T11:54:23.528+0500] {logging_mixin.py:154} INFO - [2023-11-28T11:54:23.528+0500] {dagbag.py:536} INFO - Filling up the DagBag from /home/amina/miniconda/lib/python3.11/site-packages/airflow/example_dags/example_trigger_target_dag.py
[2023-11-28T11:54:23.536+0500] {processor.py:839} INFO - DAG(s) dict_keys(['example_trigger_target_dag']) retrieved from /home/amina/miniconda/lib/python3.11/site-packages/airflow/example_dags/example_trigger_target_dag.py
[2023-11-28T11:54:23.558+0500] {logging_mixin.py:154} INFO - [2023-11-28T11:54:23.558+0500] {dag.py:2941} INFO - Sync 1 DAGs
[2023-11-28T11:54:23.574+0500] {logging_mixin.py:154} INFO - [2023-11-28T11:54:23.574+0500] {dag.py:3722} INFO - Setting next_dagrun for example_trigger_target_dag to None, run_after=None
[2023-11-28T11:54:23.699+0500] {processor.py:179} INFO - Processing /home/amina/miniconda/lib/python3.11/site-packages/airflow/example_dags/example_trigger_target_dag.py took 0.201 seconds
[2023-11-28T11:55:14.267+0500] {processor.py:157} INFO - Started process (PID=7855) to work on /home/amina/miniconda/lib/python3.11/site-packages/airflow/example_dags/example_trigger_target_dag.py
[2023-11-28T11:55:14.280+0500] {processor.py:829} INFO - Processing file /home/amina/miniconda/lib/python3.11/site-packages/airflow/example_dags/example_trigger_target_dag.py for tasks to queue
[2023-11-28T11:55:14.282+0500] {logging_mixin.py:154} INFO - [2023-11-28T11:55:14.281+0500] {dagbag.py:536} INFO - Filling up the DagBag from /home/amina/miniconda/lib/python3.11/site-packages/airflow/example_dags/example_trigger_target_dag.py
[2023-11-28T11:55:14.289+0500] {processor.py:839} INFO - DAG(s) dict_keys(['example_trigger_target_dag']) retrieved from /home/amina/miniconda/lib/python3.11/site-packages/airflow/example_dags/example_trigger_target_dag.py
[2023-11-28T11:55:14.308+0500] {logging_mixin.py:154} INFO - [2023-11-28T11:55:14.307+0500] {dag.py:2941} INFO - Sync 1 DAGs
[2023-11-28T11:55:14.322+0500] {logging_mixin.py:154} INFO - [2023-11-28T11:55:14.322+0500] {dag.py:3722} INFO - Setting next_dagrun for example_trigger_target_dag to None, run_after=None
[2023-11-28T11:55:14.425+0500] {processor.py:179} INFO - Processing /home/amina/miniconda/lib/python3.11/site-packages/airflow/example_dags/example_trigger_target_dag.py took 0.163 seconds
[2023-11-28T11:56:03.885+0500] {processor.py:157} INFO - Started process (PID=7902) to work on /home/amina/miniconda/lib/python3.11/site-packages/airflow/example_dags/example_trigger_target_dag.py
[2023-11-28T11:56:03.959+0500] {processor.py:829} INFO - Processing file /home/amina/miniconda/lib/python3.11/site-packages/airflow/example_dags/example_trigger_target_dag.py for tasks to queue
[2023-11-28T11:56:03.960+0500] {logging_mixin.py:154} INFO - [2023-11-28T11:56:03.960+0500] {dagbag.py:536} INFO - Filling up the DagBag from /home/amina/miniconda/lib/python3.11/site-packages/airflow/example_dags/example_trigger_target_dag.py
[2023-11-28T11:56:03.967+0500] {processor.py:839} INFO - DAG(s) dict_keys(['example_trigger_target_dag']) retrieved from /home/amina/miniconda/lib/python3.11/site-packages/airflow/example_dags/example_trigger_target_dag.py
[2023-11-28T11:56:03.983+0500] {logging_mixin.py:154} INFO - [2023-11-28T11:56:03.983+0500] {dag.py:2941} INFO - Sync 1 DAGs
[2023-11-28T11:56:03.997+0500] {logging_mixin.py:154} INFO - [2023-11-28T11:56:03.996+0500] {dag.py:3722} INFO - Setting next_dagrun for example_trigger_target_dag to None, run_after=None
[2023-11-28T11:56:04.077+0500] {processor.py:179} INFO - Processing /home/amina/miniconda/lib/python3.11/site-packages/airflow/example_dags/example_trigger_target_dag.py took 0.196 seconds
[2023-11-28T11:56:50.586+0500] {processor.py:157} INFO - Started process (PID=7949) to work on /home/amina/miniconda/lib/python3.11/site-packages/airflow/example_dags/example_trigger_target_dag.py
[2023-11-28T11:56:50.608+0500] {processor.py:829} INFO - Processing file /home/amina/miniconda/lib/python3.11/site-packages/airflow/example_dags/example_trigger_target_dag.py for tasks to queue
[2023-11-28T11:56:50.609+0500] {logging_mixin.py:154} INFO - [2023-11-28T11:56:50.609+0500] {dagbag.py:536} INFO - Filling up the DagBag from /home/amina/miniconda/lib/python3.11/site-packages/airflow/example_dags/example_trigger_target_dag.py
[2023-11-28T11:56:50.616+0500] {processor.py:839} INFO - DAG(s) dict_keys(['example_trigger_target_dag']) retrieved from /home/amina/miniconda/lib/python3.11/site-packages/airflow/example_dags/example_trigger_target_dag.py
[2023-11-28T11:56:50.633+0500] {logging_mixin.py:154} INFO - [2023-11-28T11:56:50.633+0500] {dag.py:2941} INFO - Sync 1 DAGs
[2023-11-28T11:56:50.649+0500] {logging_mixin.py:154} INFO - [2023-11-28T11:56:50.649+0500] {dag.py:3722} INFO - Setting next_dagrun for example_trigger_target_dag to None, run_after=None
[2023-11-28T11:56:50.772+0500] {processor.py:179} INFO - Processing /home/amina/miniconda/lib/python3.11/site-packages/airflow/example_dags/example_trigger_target_dag.py took 0.190 seconds
[2023-11-28T18:23:40.098+0500] {processor.py:157} INFO - Started process (PID=8301) to work on /home/amina/miniconda/lib/python3.11/site-packages/airflow/example_dags/example_trigger_target_dag.py
[2023-11-28T18:23:40.146+0500] {processor.py:829} INFO - Processing file /home/amina/miniconda/lib/python3.11/site-packages/airflow/example_dags/example_trigger_target_dag.py for tasks to queue
[2023-11-28T18:23:40.147+0500] {logging_mixin.py:154} INFO - [2023-11-28T18:23:40.147+0500] {dagbag.py:536} INFO - Filling up the DagBag from /home/amina/miniconda/lib/python3.11/site-packages/airflow/example_dags/example_trigger_target_dag.py
[2023-11-28T18:23:40.153+0500] {processor.py:839} INFO - DAG(s) dict_keys(['example_trigger_target_dag']) retrieved from /home/amina/miniconda/lib/python3.11/site-packages/airflow/example_dags/example_trigger_target_dag.py
[2023-11-28T18:23:40.167+0500] {logging_mixin.py:154} INFO - [2023-11-28T18:23:40.167+0500] {dag.py:2941} INFO - Sync 1 DAGs
[2023-11-28T18:23:40.178+0500] {logging_mixin.py:154} INFO - [2023-11-28T18:23:40.178+0500] {dag.py:3722} INFO - Setting next_dagrun for example_trigger_target_dag to None, run_after=None
[2023-11-28T18:23:40.257+0500] {processor.py:179} INFO - Processing /home/amina/miniconda/lib/python3.11/site-packages/airflow/example_dags/example_trigger_target_dag.py took 0.163 seconds
