[2023-11-28T11:38:13.841+0500] {processor.py:157} INFO - Started process (PID=6611) to work on /home/amina/miniconda/lib/python3.11/site-packages/airflow/example_dags/example_branch_python_dop_operator_3.py
[2023-11-28T11:38:13.842+0500] {processor.py:829} INFO - Processing file /home/amina/miniconda/lib/python3.11/site-packages/airflow/example_dags/example_branch_python_dop_operator_3.py for tasks to queue
[2023-11-28T11:38:13.842+0500] {logging_mixin.py:154} INFO - [2023-11-28T11:38:13.842+0500] {dagbag.py:536} INFO - Filling up the DagBag from /home/amina/miniconda/lib/python3.11/site-packages/airflow/example_dags/example_branch_python_dop_operator_3.py
[2023-11-28T11:38:13.850+0500] {processor.py:839} INFO - DAG(s) dict_keys(['example_branch_dop_operator_v3']) retrieved from /home/amina/miniconda/lib/python3.11/site-packages/airflow/example_dags/example_branch_python_dop_operator_3.py
[2023-11-28T11:38:13.868+0500] {logging_mixin.py:154} INFO - [2023-11-28T11:38:13.868+0500] {dag.py:2941} INFO - Sync 1 DAGs
[2023-11-28T11:38:13.890+0500] {logging_mixin.py:154} INFO - [2023-11-28T11:38:13.890+0500] {dag.py:3722} INFO - Setting next_dagrun for example_branch_dop_operator_v3 to 2023-11-28T06:37:00+00:00, run_after=2023-11-28T06:38:00+00:00
[2023-11-28T11:38:14.013+0500] {processor.py:179} INFO - Processing /home/amina/miniconda/lib/python3.11/site-packages/airflow/example_dags/example_branch_python_dop_operator_3.py took 0.175 seconds
[2023-11-28T11:39:06.346+0500] {processor.py:157} INFO - Started process (PID=6716) to work on /home/amina/miniconda/lib/python3.11/site-packages/airflow/example_dags/example_branch_python_dop_operator_3.py
[2023-11-28T11:39:06.413+0500] {processor.py:829} INFO - Processing file /home/amina/miniconda/lib/python3.11/site-packages/airflow/example_dags/example_branch_python_dop_operator_3.py for tasks to queue
[2023-11-28T11:39:06.414+0500] {logging_mixin.py:154} INFO - [2023-11-28T11:39:06.414+0500] {dagbag.py:536} INFO - Filling up the DagBag from /home/amina/miniconda/lib/python3.11/site-packages/airflow/example_dags/example_branch_python_dop_operator_3.py
[2023-11-28T11:39:06.424+0500] {processor.py:839} INFO - DAG(s) dict_keys(['example_branch_dop_operator_v3']) retrieved from /home/amina/miniconda/lib/python3.11/site-packages/airflow/example_dags/example_branch_python_dop_operator_3.py
[2023-11-28T11:39:06.440+0500] {logging_mixin.py:154} INFO - [2023-11-28T11:39:06.440+0500] {dag.py:2941} INFO - Sync 1 DAGs
[2023-11-28T11:39:06.563+0500] {logging_mixin.py:154} INFO - [2023-11-28T11:39:06.563+0500] {dag.py:3722} INFO - Setting next_dagrun for example_branch_dop_operator_v3 to 2023-11-28T06:38:00+00:00, run_after=2023-11-28T06:39:00+00:00
[2023-11-28T11:39:06.753+0500] {processor.py:179} INFO - Processing /home/amina/miniconda/lib/python3.11/site-packages/airflow/example_dags/example_branch_python_dop_operator_3.py took 0.410 seconds
[2023-11-28T11:40:05.546+0500] {processor.py:157} INFO - Started process (PID=6788) to work on /home/amina/miniconda/lib/python3.11/site-packages/airflow/example_dags/example_branch_python_dop_operator_3.py
[2023-11-28T11:40:05.581+0500] {processor.py:829} INFO - Processing file /home/amina/miniconda/lib/python3.11/site-packages/airflow/example_dags/example_branch_python_dop_operator_3.py for tasks to queue
[2023-11-28T11:40:05.582+0500] {logging_mixin.py:154} INFO - [2023-11-28T11:40:05.582+0500] {dagbag.py:536} INFO - Filling up the DagBag from /home/amina/miniconda/lib/python3.11/site-packages/airflow/example_dags/example_branch_python_dop_operator_3.py
[2023-11-28T11:40:05.592+0500] {processor.py:839} INFO - DAG(s) dict_keys(['example_branch_dop_operator_v3']) retrieved from /home/amina/miniconda/lib/python3.11/site-packages/airflow/example_dags/example_branch_python_dop_operator_3.py
[2023-11-28T11:40:05.611+0500] {logging_mixin.py:154} INFO - [2023-11-28T11:40:05.611+0500] {dag.py:2941} INFO - Sync 1 DAGs
[2023-11-28T11:40:05.638+0500] {logging_mixin.py:154} INFO - [2023-11-28T11:40:05.638+0500] {dag.py:3722} INFO - Setting next_dagrun for example_branch_dop_operator_v3 to 2023-11-28T06:39:00+00:00, run_after=2023-11-28T06:40:00+00:00
[2023-11-28T11:40:05.734+0500] {processor.py:179} INFO - Processing /home/amina/miniconda/lib/python3.11/site-packages/airflow/example_dags/example_branch_python_dop_operator_3.py took 0.190 seconds
[2023-11-28T11:41:02.499+0500] {processor.py:157} INFO - Started process (PID=6850) to work on /home/amina/miniconda/lib/python3.11/site-packages/airflow/example_dags/example_branch_python_dop_operator_3.py
[2023-11-28T11:41:02.526+0500] {processor.py:829} INFO - Processing file /home/amina/miniconda/lib/python3.11/site-packages/airflow/example_dags/example_branch_python_dop_operator_3.py for tasks to queue
[2023-11-28T11:41:02.527+0500] {logging_mixin.py:154} INFO - [2023-11-28T11:41:02.527+0500] {dagbag.py:536} INFO - Filling up the DagBag from /home/amina/miniconda/lib/python3.11/site-packages/airflow/example_dags/example_branch_python_dop_operator_3.py
[2023-11-28T11:41:02.536+0500] {processor.py:839} INFO - DAG(s) dict_keys(['example_branch_dop_operator_v3']) retrieved from /home/amina/miniconda/lib/python3.11/site-packages/airflow/example_dags/example_branch_python_dop_operator_3.py
[2023-11-28T11:41:02.551+0500] {logging_mixin.py:154} INFO - [2023-11-28T11:41:02.551+0500] {dag.py:2941} INFO - Sync 1 DAGs
[2023-11-28T11:41:02.574+0500] {logging_mixin.py:154} INFO - [2023-11-28T11:41:02.574+0500] {dag.py:3722} INFO - Setting next_dagrun for example_branch_dop_operator_v3 to 2023-11-28T06:40:00+00:00, run_after=2023-11-28T06:41:00+00:00
[2023-11-28T11:41:02.692+0500] {processor.py:179} INFO - Processing /home/amina/miniconda/lib/python3.11/site-packages/airflow/example_dags/example_branch_python_dop_operator_3.py took 0.196 seconds
[2023-11-28T11:42:06.399+0500] {processor.py:157} INFO - Started process (PID=6918) to work on /home/amina/miniconda/lib/python3.11/site-packages/airflow/example_dags/example_branch_python_dop_operator_3.py
[2023-11-28T11:42:06.413+0500] {processor.py:829} INFO - Processing file /home/amina/miniconda/lib/python3.11/site-packages/airflow/example_dags/example_branch_python_dop_operator_3.py for tasks to queue
[2023-11-28T11:42:06.414+0500] {logging_mixin.py:154} INFO - [2023-11-28T11:42:06.413+0500] {dagbag.py:536} INFO - Filling up the DagBag from /home/amina/miniconda/lib/python3.11/site-packages/airflow/example_dags/example_branch_python_dop_operator_3.py
[2023-11-28T11:42:06.424+0500] {processor.py:839} INFO - DAG(s) dict_keys(['example_branch_dop_operator_v3']) retrieved from /home/amina/miniconda/lib/python3.11/site-packages/airflow/example_dags/example_branch_python_dop_operator_3.py
[2023-11-28T11:42:06.441+0500] {logging_mixin.py:154} INFO - [2023-11-28T11:42:06.441+0500] {dag.py:2941} INFO - Sync 1 DAGs
[2023-11-28T11:42:06.464+0500] {logging_mixin.py:154} INFO - [2023-11-28T11:42:06.464+0500] {dag.py:3722} INFO - Setting next_dagrun for example_branch_dop_operator_v3 to 2023-11-28T06:41:00+00:00, run_after=2023-11-28T06:42:00+00:00
[2023-11-28T11:42:06.578+0500] {processor.py:179} INFO - Processing /home/amina/miniconda/lib/python3.11/site-packages/airflow/example_dags/example_branch_python_dop_operator_3.py took 0.183 seconds
[2023-11-28T11:48:28.952+0500] {processor.py:157} INFO - Started process (PID=7404) to work on /home/amina/miniconda/lib/python3.11/site-packages/airflow/example_dags/example_branch_python_dop_operator_3.py
[2023-11-28T11:48:28.955+0500] {processor.py:829} INFO - Processing file /home/amina/miniconda/lib/python3.11/site-packages/airflow/example_dags/example_branch_python_dop_operator_3.py for tasks to queue
[2023-11-28T11:48:28.956+0500] {logging_mixin.py:154} INFO - [2023-11-28T11:48:28.956+0500] {dagbag.py:536} INFO - Filling up the DagBag from /home/amina/miniconda/lib/python3.11/site-packages/airflow/example_dags/example_branch_python_dop_operator_3.py
[2023-11-28T11:48:28.967+0500] {processor.py:839} INFO - DAG(s) dict_keys(['example_branch_dop_operator_v3']) retrieved from /home/amina/miniconda/lib/python3.11/site-packages/airflow/example_dags/example_branch_python_dop_operator_3.py
[2023-11-28T11:48:28.989+0500] {logging_mixin.py:154} INFO - [2023-11-28T11:48:28.988+0500] {dag.py:2941} INFO - Sync 1 DAGs
[2023-11-28T11:48:29.012+0500] {logging_mixin.py:154} INFO - [2023-11-28T11:48:29.012+0500] {dag.py:3722} INFO - Setting next_dagrun for example_branch_dop_operator_v3 to 2023-11-28T06:47:00+00:00, run_after=2023-11-28T06:48:00+00:00
[2023-11-28T11:48:29.124+0500] {processor.py:179} INFO - Processing /home/amina/miniconda/lib/python3.11/site-packages/airflow/example_dags/example_branch_python_dop_operator_3.py took 0.175 seconds
[2023-11-28T11:50:29.359+0500] {processor.py:157} INFO - Started process (PID=7489) to work on /home/amina/miniconda/lib/python3.11/site-packages/airflow/example_dags/example_branch_python_dop_operator_3.py
[2023-11-28T11:50:29.401+0500] {processor.py:829} INFO - Processing file /home/amina/miniconda/lib/python3.11/site-packages/airflow/example_dags/example_branch_python_dop_operator_3.py for tasks to queue
[2023-11-28T11:50:29.402+0500] {logging_mixin.py:154} INFO - [2023-11-28T11:50:29.401+0500] {dagbag.py:536} INFO - Filling up the DagBag from /home/amina/miniconda/lib/python3.11/site-packages/airflow/example_dags/example_branch_python_dop_operator_3.py
[2023-11-28T11:50:29.411+0500] {processor.py:839} INFO - DAG(s) dict_keys(['example_branch_dop_operator_v3']) retrieved from /home/amina/miniconda/lib/python3.11/site-packages/airflow/example_dags/example_branch_python_dop_operator_3.py
[2023-11-28T11:50:29.427+0500] {logging_mixin.py:154} INFO - [2023-11-28T11:50:29.427+0500] {dag.py:2941} INFO - Sync 1 DAGs
[2023-11-28T11:50:29.561+0500] {logging_mixin.py:154} INFO - [2023-11-28T11:50:29.561+0500] {dag.py:3722} INFO - Setting next_dagrun for example_branch_dop_operator_v3 to 2023-11-28T06:49:00+00:00, run_after=2023-11-28T06:50:00+00:00
[2023-11-28T11:50:29.824+0500] {processor.py:179} INFO - Processing /home/amina/miniconda/lib/python3.11/site-packages/airflow/example_dags/example_branch_python_dop_operator_3.py took 0.468 seconds
[2023-11-28T11:51:25.126+0500] {processor.py:157} INFO - Started process (PID=7544) to work on /home/amina/miniconda/lib/python3.11/site-packages/airflow/example_dags/example_branch_python_dop_operator_3.py
[2023-11-28T11:51:25.171+0500] {processor.py:829} INFO - Processing file /home/amina/miniconda/lib/python3.11/site-packages/airflow/example_dags/example_branch_python_dop_operator_3.py for tasks to queue
[2023-11-28T11:51:25.172+0500] {logging_mixin.py:154} INFO - [2023-11-28T11:51:25.172+0500] {dagbag.py:536} INFO - Filling up the DagBag from /home/amina/miniconda/lib/python3.11/site-packages/airflow/example_dags/example_branch_python_dop_operator_3.py
[2023-11-28T11:51:25.181+0500] {processor.py:839} INFO - DAG(s) dict_keys(['example_branch_dop_operator_v3']) retrieved from /home/amina/miniconda/lib/python3.11/site-packages/airflow/example_dags/example_branch_python_dop_operator_3.py
[2023-11-28T11:51:25.484+0500] {logging_mixin.py:154} INFO - [2023-11-28T11:51:25.484+0500] {dag.py:2941} INFO - Sync 1 DAGs
[2023-11-28T11:51:25.956+0500] {logging_mixin.py:154} INFO - [2023-11-28T11:51:25.955+0500] {dag.py:3722} INFO - Setting next_dagrun for example_branch_dop_operator_v3 to 2023-11-28T06:50:00+00:00, run_after=2023-11-28T06:51:00+00:00
[2023-11-28T11:51:26.905+0500] {processor.py:179} INFO - Processing /home/amina/miniconda/lib/python3.11/site-packages/airflow/example_dags/example_branch_python_dop_operator_3.py took 1.783 seconds
[2023-11-28T11:52:30.976+0500] {processor.py:157} INFO - Started process (PID=7641) to work on /home/amina/miniconda/lib/python3.11/site-packages/airflow/example_dags/example_branch_python_dop_operator_3.py
[2023-11-28T11:52:30.982+0500] {processor.py:829} INFO - Processing file /home/amina/miniconda/lib/python3.11/site-packages/airflow/example_dags/example_branch_python_dop_operator_3.py for tasks to queue
[2023-11-28T11:52:30.983+0500] {logging_mixin.py:154} INFO - [2023-11-28T11:52:30.982+0500] {dagbag.py:536} INFO - Filling up the DagBag from /home/amina/miniconda/lib/python3.11/site-packages/airflow/example_dags/example_branch_python_dop_operator_3.py
[2023-11-28T11:52:30.994+0500] {processor.py:839} INFO - DAG(s) dict_keys(['example_branch_dop_operator_v3']) retrieved from /home/amina/miniconda/lib/python3.11/site-packages/airflow/example_dags/example_branch_python_dop_operator_3.py
[2023-11-28T11:52:31.010+0500] {logging_mixin.py:154} INFO - [2023-11-28T11:52:31.010+0500] {dag.py:2941} INFO - Sync 1 DAGs
[2023-11-28T11:52:31.034+0500] {logging_mixin.py:154} INFO - [2023-11-28T11:52:31.034+0500] {dag.py:3722} INFO - Setting next_dagrun for example_branch_dop_operator_v3 to 2023-11-28T06:51:00+00:00, run_after=2023-11-28T06:52:00+00:00
[2023-11-28T11:52:31.136+0500] {processor.py:179} INFO - Processing /home/amina/miniconda/lib/python3.11/site-packages/airflow/example_dags/example_branch_python_dop_operator_3.py took 0.164 seconds
[2023-11-28T11:53:40.355+0500] {processor.py:157} INFO - Started process (PID=7759) to work on /home/amina/miniconda/lib/python3.11/site-packages/airflow/example_dags/example_branch_python_dop_operator_3.py
[2023-11-28T11:53:40.363+0500] {processor.py:829} INFO - Processing file /home/amina/miniconda/lib/python3.11/site-packages/airflow/example_dags/example_branch_python_dop_operator_3.py for tasks to queue
[2023-11-28T11:53:40.365+0500] {logging_mixin.py:154} INFO - [2023-11-28T11:53:40.364+0500] {dagbag.py:536} INFO - Filling up the DagBag from /home/amina/miniconda/lib/python3.11/site-packages/airflow/example_dags/example_branch_python_dop_operator_3.py
[2023-11-28T11:53:40.376+0500] {processor.py:839} INFO - DAG(s) dict_keys(['example_branch_dop_operator_v3']) retrieved from /home/amina/miniconda/lib/python3.11/site-packages/airflow/example_dags/example_branch_python_dop_operator_3.py
[2023-11-28T11:53:40.403+0500] {logging_mixin.py:154} INFO - [2023-11-28T11:53:40.403+0500] {dag.py:2941} INFO - Sync 1 DAGs
[2023-11-28T11:53:40.453+0500] {logging_mixin.py:154} INFO - [2023-11-28T11:53:40.453+0500] {dag.py:3722} INFO - Setting next_dagrun for example_branch_dop_operator_v3 to 2023-11-28T06:52:00+00:00, run_after=2023-11-28T06:53:00+00:00
[2023-11-28T11:53:40.555+0500] {processor.py:179} INFO - Processing /home/amina/miniconda/lib/python3.11/site-packages/airflow/example_dags/example_branch_python_dop_operator_3.py took 0.203 seconds
[2023-11-28T11:54:35.197+0500] {processor.py:157} INFO - Started process (PID=7815) to work on /home/amina/miniconda/lib/python3.11/site-packages/airflow/example_dags/example_branch_python_dop_operator_3.py
[2023-11-28T11:54:35.226+0500] {processor.py:829} INFO - Processing file /home/amina/miniconda/lib/python3.11/site-packages/airflow/example_dags/example_branch_python_dop_operator_3.py for tasks to queue
[2023-11-28T11:54:35.227+0500] {logging_mixin.py:154} INFO - [2023-11-28T11:54:35.227+0500] {dagbag.py:536} INFO - Filling up the DagBag from /home/amina/miniconda/lib/python3.11/site-packages/airflow/example_dags/example_branch_python_dop_operator_3.py
[2023-11-28T11:54:35.239+0500] {processor.py:839} INFO - DAG(s) dict_keys(['example_branch_dop_operator_v3']) retrieved from /home/amina/miniconda/lib/python3.11/site-packages/airflow/example_dags/example_branch_python_dop_operator_3.py
[2023-11-28T11:54:35.259+0500] {logging_mixin.py:154} INFO - [2023-11-28T11:54:35.259+0500] {dag.py:2941} INFO - Sync 1 DAGs
[2023-11-28T11:54:35.290+0500] {logging_mixin.py:154} INFO - [2023-11-28T11:54:35.290+0500] {dag.py:3722} INFO - Setting next_dagrun for example_branch_dop_operator_v3 to 2023-11-28T06:53:00+00:00, run_after=2023-11-28T06:54:00+00:00
[2023-11-28T11:54:35.412+0500] {processor.py:179} INFO - Processing /home/amina/miniconda/lib/python3.11/site-packages/airflow/example_dags/example_branch_python_dop_operator_3.py took 0.218 seconds
[2023-11-28T11:55:50.243+0500] {processor.py:157} INFO - Started process (PID=7890) to work on /home/amina/miniconda/lib/python3.11/site-packages/airflow/example_dags/example_branch_python_dop_operator_3.py
[2023-11-28T11:55:50.266+0500] {processor.py:829} INFO - Processing file /home/amina/miniconda/lib/python3.11/site-packages/airflow/example_dags/example_branch_python_dop_operator_3.py for tasks to queue
[2023-11-28T11:55:50.267+0500] {logging_mixin.py:154} INFO - [2023-11-28T11:55:50.267+0500] {dagbag.py:536} INFO - Filling up the DagBag from /home/amina/miniconda/lib/python3.11/site-packages/airflow/example_dags/example_branch_python_dop_operator_3.py
[2023-11-28T11:55:50.279+0500] {processor.py:839} INFO - DAG(s) dict_keys(['example_branch_dop_operator_v3']) retrieved from /home/amina/miniconda/lib/python3.11/site-packages/airflow/example_dags/example_branch_python_dop_operator_3.py
[2023-11-28T11:55:50.297+0500] {logging_mixin.py:154} INFO - [2023-11-28T11:55:50.297+0500] {dag.py:2941} INFO - Sync 1 DAGs
[2023-11-28T11:55:50.323+0500] {logging_mixin.py:154} INFO - [2023-11-28T11:55:50.323+0500] {dag.py:3722} INFO - Setting next_dagrun for example_branch_dop_operator_v3 to 2023-11-28T06:54:00+00:00, run_after=2023-11-28T06:55:00+00:00
[2023-11-28T11:55:50.447+0500] {processor.py:179} INFO - Processing /home/amina/miniconda/lib/python3.11/site-packages/airflow/example_dags/example_branch_python_dop_operator_3.py took 0.208 seconds
[2023-11-28T11:57:03.246+0500] {processor.py:157} INFO - Started process (PID=7961) to work on /home/amina/miniconda/lib/python3.11/site-packages/airflow/example_dags/example_branch_python_dop_operator_3.py
[2023-11-28T11:57:03.247+0500] {processor.py:829} INFO - Processing file /home/amina/miniconda/lib/python3.11/site-packages/airflow/example_dags/example_branch_python_dop_operator_3.py for tasks to queue
[2023-11-28T11:57:03.248+0500] {logging_mixin.py:154} INFO - [2023-11-28T11:57:03.248+0500] {dagbag.py:536} INFO - Filling up the DagBag from /home/amina/miniconda/lib/python3.11/site-packages/airflow/example_dags/example_branch_python_dop_operator_3.py
[2023-11-28T11:57:03.264+0500] {processor.py:839} INFO - DAG(s) dict_keys(['example_branch_dop_operator_v3']) retrieved from /home/amina/miniconda/lib/python3.11/site-packages/airflow/example_dags/example_branch_python_dop_operator_3.py
[2023-11-28T11:57:03.291+0500] {logging_mixin.py:154} INFO - [2023-11-28T11:57:03.291+0500] {dag.py:2941} INFO - Sync 1 DAGs
[2023-11-28T11:57:03.332+0500] {logging_mixin.py:154} INFO - [2023-11-28T11:57:03.331+0500] {dag.py:3722} INFO - Setting next_dagrun for example_branch_dop_operator_v3 to 2023-11-28T06:56:00+00:00, run_after=2023-11-28T06:57:00+00:00
[2023-11-28T11:57:03.446+0500] {processor.py:179} INFO - Processing /home/amina/miniconda/lib/python3.11/site-packages/airflow/example_dags/example_branch_python_dop_operator_3.py took 0.208 seconds
[2023-11-28T18:23:57.147+0500] {processor.py:157} INFO - Started process (PID=8319) to work on /home/amina/miniconda/lib/python3.11/site-packages/airflow/example_dags/example_branch_python_dop_operator_3.py
[2023-11-28T18:23:57.170+0500] {processor.py:829} INFO - Processing file /home/amina/miniconda/lib/python3.11/site-packages/airflow/example_dags/example_branch_python_dop_operator_3.py for tasks to queue
[2023-11-28T18:23:57.171+0500] {logging_mixin.py:154} INFO - [2023-11-28T18:23:57.171+0500] {dagbag.py:536} INFO - Filling up the DagBag from /home/amina/miniconda/lib/python3.11/site-packages/airflow/example_dags/example_branch_python_dop_operator_3.py
[2023-11-28T18:23:57.179+0500] {processor.py:839} INFO - DAG(s) dict_keys(['example_branch_dop_operator_v3']) retrieved from /home/amina/miniconda/lib/python3.11/site-packages/airflow/example_dags/example_branch_python_dop_operator_3.py
[2023-11-28T18:23:57.194+0500] {logging_mixin.py:154} INFO - [2023-11-28T18:23:57.194+0500] {dag.py:2941} INFO - Sync 1 DAGs
[2023-11-28T18:23:57.217+0500] {logging_mixin.py:154} INFO - [2023-11-28T18:23:57.217+0500] {dag.py:3722} INFO - Setting next_dagrun for example_branch_dop_operator_v3 to 2023-11-28T13:22:00+00:00, run_after=2023-11-28T13:23:00+00:00
[2023-11-28T18:23:57.325+0500] {processor.py:179} INFO - Processing /home/amina/miniconda/lib/python3.11/site-packages/airflow/example_dags/example_branch_python_dop_operator_3.py took 0.181 seconds
