[2023-11-28T11:37:27.796+0500] {processor.py:157} INFO - Started process (PID=6478) to work on /home/amina/miniconda/lib/python3.11/site-packages/airflow/example_dags/example_sensors.py
[2023-11-28T11:37:27.797+0500] {processor.py:829} INFO - Processing file /home/amina/miniconda/lib/python3.11/site-packages/airflow/example_dags/example_sensors.py for tasks to queue
[2023-11-28T11:37:27.798+0500] {logging_mixin.py:154} INFO - [2023-11-28T11:37:27.797+0500] {dagbag.py:536} INFO - Filling up the DagBag from /home/amina/miniconda/lib/python3.11/site-packages/airflow/example_dags/example_sensors.py
[2023-11-28T11:37:27.817+0500] {processor.py:839} INFO - DAG(s) dict_keys(['example_sensors']) retrieved from /home/amina/miniconda/lib/python3.11/site-packages/airflow/example_dags/example_sensors.py
[2023-11-28T11:37:27.878+0500] {logging_mixin.py:154} INFO - [2023-11-28T11:37:27.878+0500] {dag.py:2941} INFO - Sync 1 DAGs
[2023-11-28T11:37:27.895+0500] {logging_mixin.py:154} INFO - [2023-11-28T11:37:27.895+0500] {dag.py:3722} INFO - Setting next_dagrun for example_sensors to None, run_after=None
[2023-11-28T11:37:28.027+0500] {processor.py:179} INFO - Processing /home/amina/miniconda/lib/python3.11/site-packages/airflow/example_dags/example_sensors.py took 0.237 seconds
[2023-11-28T11:38:26.943+0500] {processor.py:157} INFO - Started process (PID=6624) to work on /home/amina/miniconda/lib/python3.11/site-packages/airflow/example_dags/example_sensors.py
[2023-11-28T11:38:26.975+0500] {processor.py:829} INFO - Processing file /home/amina/miniconda/lib/python3.11/site-packages/airflow/example_dags/example_sensors.py for tasks to queue
[2023-11-28T11:38:26.976+0500] {logging_mixin.py:154} INFO - [2023-11-28T11:38:26.975+0500] {dagbag.py:536} INFO - Filling up the DagBag from /home/amina/miniconda/lib/python3.11/site-packages/airflow/example_dags/example_sensors.py
[2023-11-28T11:38:26.985+0500] {processor.py:839} INFO - DAG(s) dict_keys(['example_sensors']) retrieved from /home/amina/miniconda/lib/python3.11/site-packages/airflow/example_dags/example_sensors.py
[2023-11-28T11:38:27.006+0500] {logging_mixin.py:154} INFO - [2023-11-28T11:38:27.006+0500] {dag.py:2941} INFO - Sync 1 DAGs
[2023-11-28T11:38:27.016+0500] {logging_mixin.py:154} INFO - [2023-11-28T11:38:27.016+0500] {dag.py:3722} INFO - Setting next_dagrun for example_sensors to None, run_after=None
[2023-11-28T11:38:27.099+0500] {processor.py:179} INFO - Processing /home/amina/miniconda/lib/python3.11/site-packages/airflow/example_dags/example_sensors.py took 0.159 seconds
[2023-11-28T11:39:16.503+0500] {processor.py:157} INFO - Started process (PID=6742) to work on /home/amina/miniconda/lib/python3.11/site-packages/airflow/example_dags/example_sensors.py
[2023-11-28T11:39:16.552+0500] {processor.py:829} INFO - Processing file /home/amina/miniconda/lib/python3.11/site-packages/airflow/example_dags/example_sensors.py for tasks to queue
[2023-11-28T11:39:16.553+0500] {logging_mixin.py:154} INFO - [2023-11-28T11:39:16.553+0500] {dagbag.py:536} INFO - Filling up the DagBag from /home/amina/miniconda/lib/python3.11/site-packages/airflow/example_dags/example_sensors.py
[2023-11-28T11:39:16.562+0500] {processor.py:839} INFO - DAG(s) dict_keys(['example_sensors']) retrieved from /home/amina/miniconda/lib/python3.11/site-packages/airflow/example_dags/example_sensors.py
[2023-11-28T11:39:16.580+0500] {logging_mixin.py:154} INFO - [2023-11-28T11:39:16.580+0500] {dag.py:2941} INFO - Sync 1 DAGs
[2023-11-28T11:39:16.689+0500] {logging_mixin.py:154} INFO - [2023-11-28T11:39:16.689+0500] {dag.py:3722} INFO - Setting next_dagrun for example_sensors to None, run_after=None
[2023-11-28T11:39:16.764+0500] {processor.py:179} INFO - Processing /home/amina/miniconda/lib/python3.11/site-packages/airflow/example_dags/example_sensors.py took 0.264 seconds
[2023-11-28T11:40:13.362+0500] {processor.py:157} INFO - Started process (PID=6795) to work on /home/amina/miniconda/lib/python3.11/site-packages/airflow/example_dags/example_sensors.py
[2023-11-28T11:40:13.392+0500] {processor.py:829} INFO - Processing file /home/amina/miniconda/lib/python3.11/site-packages/airflow/example_dags/example_sensors.py for tasks to queue
[2023-11-28T11:40:13.393+0500] {logging_mixin.py:154} INFO - [2023-11-28T11:40:13.393+0500] {dagbag.py:536} INFO - Filling up the DagBag from /home/amina/miniconda/lib/python3.11/site-packages/airflow/example_dags/example_sensors.py
[2023-11-28T11:40:13.402+0500] {processor.py:839} INFO - DAG(s) dict_keys(['example_sensors']) retrieved from /home/amina/miniconda/lib/python3.11/site-packages/airflow/example_dags/example_sensors.py
[2023-11-28T11:40:13.421+0500] {logging_mixin.py:154} INFO - [2023-11-28T11:40:13.421+0500] {dag.py:2941} INFO - Sync 1 DAGs
[2023-11-28T11:40:13.432+0500] {logging_mixin.py:154} INFO - [2023-11-28T11:40:13.432+0500] {dag.py:3722} INFO - Setting next_dagrun for example_sensors to None, run_after=None
[2023-11-28T11:40:13.516+0500] {processor.py:179} INFO - Processing /home/amina/miniconda/lib/python3.11/site-packages/airflow/example_dags/example_sensors.py took 0.157 seconds
[2023-11-28T11:41:08.804+0500] {processor.py:157} INFO - Started process (PID=6856) to work on /home/amina/miniconda/lib/python3.11/site-packages/airflow/example_dags/example_sensors.py
[2023-11-28T11:41:08.832+0500] {processor.py:829} INFO - Processing file /home/amina/miniconda/lib/python3.11/site-packages/airflow/example_dags/example_sensors.py for tasks to queue
[2023-11-28T11:41:08.833+0500] {logging_mixin.py:154} INFO - [2023-11-28T11:41:08.832+0500] {dagbag.py:536} INFO - Filling up the DagBag from /home/amina/miniconda/lib/python3.11/site-packages/airflow/example_dags/example_sensors.py
[2023-11-28T11:41:08.842+0500] {processor.py:839} INFO - DAG(s) dict_keys(['example_sensors']) retrieved from /home/amina/miniconda/lib/python3.11/site-packages/airflow/example_dags/example_sensors.py
[2023-11-28T11:41:08.861+0500] {logging_mixin.py:154} INFO - [2023-11-28T11:41:08.860+0500] {dag.py:2941} INFO - Sync 1 DAGs
[2023-11-28T11:41:08.871+0500] {logging_mixin.py:154} INFO - [2023-11-28T11:41:08.871+0500] {dag.py:3722} INFO - Setting next_dagrun for example_sensors to None, run_after=None
[2023-11-28T11:41:08.979+0500] {processor.py:179} INFO - Processing /home/amina/miniconda/lib/python3.11/site-packages/airflow/example_dags/example_sensors.py took 0.179 seconds
[2023-11-28T11:41:51.894+0500] {processor.py:157} INFO - Started process (PID=6903) to work on /home/amina/miniconda/lib/python3.11/site-packages/airflow/example_dags/example_sensors.py
[2023-11-28T11:41:51.913+0500] {processor.py:829} INFO - Processing file /home/amina/miniconda/lib/python3.11/site-packages/airflow/example_dags/example_sensors.py for tasks to queue
[2023-11-28T11:41:51.914+0500] {logging_mixin.py:154} INFO - [2023-11-28T11:41:51.914+0500] {dagbag.py:536} INFO - Filling up the DagBag from /home/amina/miniconda/lib/python3.11/site-packages/airflow/example_dags/example_sensors.py
[2023-11-28T11:41:51.927+0500] {processor.py:839} INFO - DAG(s) dict_keys(['example_sensors']) retrieved from /home/amina/miniconda/lib/python3.11/site-packages/airflow/example_dags/example_sensors.py
[2023-11-28T11:41:51.948+0500] {logging_mixin.py:154} INFO - [2023-11-28T11:41:51.948+0500] {dag.py:2941} INFO - Sync 1 DAGs
[2023-11-28T11:41:51.960+0500] {logging_mixin.py:154} INFO - [2023-11-28T11:41:51.960+0500] {dag.py:3722} INFO - Setting next_dagrun for example_sensors to None, run_after=None
[2023-11-28T11:41:52.056+0500] {processor.py:179} INFO - Processing /home/amina/miniconda/lib/python3.11/site-packages/airflow/example_dags/example_sensors.py took 0.164 seconds
[2023-11-28T11:42:35.448+0500] {processor.py:157} INFO - Started process (PID=6944) to work on /home/amina/miniconda/lib/python3.11/site-packages/airflow/example_dags/example_sensors.py
[2023-11-28T11:42:35.498+0500] {processor.py:829} INFO - Processing file /home/amina/miniconda/lib/python3.11/site-packages/airflow/example_dags/example_sensors.py for tasks to queue
[2023-11-28T11:42:35.499+0500] {logging_mixin.py:154} INFO - [2023-11-28T11:42:35.499+0500] {dagbag.py:536} INFO - Filling up the DagBag from /home/amina/miniconda/lib/python3.11/site-packages/airflow/example_dags/example_sensors.py
[2023-11-28T11:42:35.508+0500] {processor.py:839} INFO - DAG(s) dict_keys(['example_sensors']) retrieved from /home/amina/miniconda/lib/python3.11/site-packages/airflow/example_dags/example_sensors.py
[2023-11-28T11:42:35.527+0500] {logging_mixin.py:154} INFO - [2023-11-28T11:42:35.527+0500] {dag.py:2941} INFO - Sync 1 DAGs
[2023-11-28T11:42:35.538+0500] {logging_mixin.py:154} INFO - [2023-11-28T11:42:35.537+0500] {dag.py:3722} INFO - Setting next_dagrun for example_sensors to None, run_after=None
[2023-11-28T11:42:35.612+0500] {processor.py:179} INFO - Processing /home/amina/miniconda/lib/python3.11/site-packages/airflow/example_dags/example_sensors.py took 0.167 seconds
[2023-11-28T11:47:50.541+0500] {processor.py:157} INFO - Started process (PID=7362) to work on /home/amina/miniconda/lib/python3.11/site-packages/airflow/example_dags/example_sensors.py
[2023-11-28T11:47:50.552+0500] {processor.py:829} INFO - Processing file /home/amina/miniconda/lib/python3.11/site-packages/airflow/example_dags/example_sensors.py for tasks to queue
[2023-11-28T11:47:50.553+0500] {logging_mixin.py:154} INFO - [2023-11-28T11:47:50.553+0500] {dagbag.py:536} INFO - Filling up the DagBag from /home/amina/miniconda/lib/python3.11/site-packages/airflow/example_dags/example_sensors.py
[2023-11-28T11:47:50.566+0500] {processor.py:839} INFO - DAG(s) dict_keys(['example_sensors']) retrieved from /home/amina/miniconda/lib/python3.11/site-packages/airflow/example_dags/example_sensors.py
[2023-11-28T11:47:50.592+0500] {logging_mixin.py:154} INFO - [2023-11-28T11:47:50.591+0500] {dag.py:2941} INFO - Sync 1 DAGs
[2023-11-28T11:47:50.603+0500] {logging_mixin.py:154} INFO - [2023-11-28T11:47:50.603+0500] {dag.py:3722} INFO - Setting next_dagrun for example_sensors to None, run_after=None
[2023-11-28T11:47:50.707+0500] {processor.py:179} INFO - Processing /home/amina/miniconda/lib/python3.11/site-packages/airflow/example_dags/example_sensors.py took 0.169 seconds
[2023-11-28T11:48:43.040+0500] {processor.py:157} INFO - Started process (PID=7417) to work on /home/amina/miniconda/lib/python3.11/site-packages/airflow/example_dags/example_sensors.py
[2023-11-28T11:48:43.064+0500] {processor.py:829} INFO - Processing file /home/amina/miniconda/lib/python3.11/site-packages/airflow/example_dags/example_sensors.py for tasks to queue
[2023-11-28T11:48:43.065+0500] {logging_mixin.py:154} INFO - [2023-11-28T11:48:43.065+0500] {dagbag.py:536} INFO - Filling up the DagBag from /home/amina/miniconda/lib/python3.11/site-packages/airflow/example_dags/example_sensors.py
[2023-11-28T11:48:43.076+0500] {processor.py:839} INFO - DAG(s) dict_keys(['example_sensors']) retrieved from /home/amina/miniconda/lib/python3.11/site-packages/airflow/example_dags/example_sensors.py
[2023-11-28T11:48:43.095+0500] {logging_mixin.py:154} INFO - [2023-11-28T11:48:43.095+0500] {dag.py:2941} INFO - Sync 1 DAGs
[2023-11-28T11:48:43.107+0500] {logging_mixin.py:154} INFO - [2023-11-28T11:48:43.107+0500] {dag.py:3722} INFO - Setting next_dagrun for example_sensors to None, run_after=None
[2023-11-28T11:48:43.208+0500] {processor.py:179} INFO - Processing /home/amina/miniconda/lib/python3.11/site-packages/airflow/example_dags/example_sensors.py took 0.170 seconds
[2023-11-28T11:49:49.385+0500] {processor.py:157} INFO - Started process (PID=7456) to work on /home/amina/miniconda/lib/python3.11/site-packages/airflow/example_dags/example_sensors.py
[2023-11-28T11:49:49.403+0500] {processor.py:829} INFO - Processing file /home/amina/miniconda/lib/python3.11/site-packages/airflow/example_dags/example_sensors.py for tasks to queue
[2023-11-28T11:49:49.404+0500] {logging_mixin.py:154} INFO - [2023-11-28T11:49:49.403+0500] {dagbag.py:536} INFO - Filling up the DagBag from /home/amina/miniconda/lib/python3.11/site-packages/airflow/example_dags/example_sensors.py
[2023-11-28T11:49:49.415+0500] {processor.py:839} INFO - DAG(s) dict_keys(['example_sensors']) retrieved from /home/amina/miniconda/lib/python3.11/site-packages/airflow/example_dags/example_sensors.py
[2023-11-28T11:49:49.438+0500] {logging_mixin.py:154} INFO - [2023-11-28T11:49:49.438+0500] {dag.py:2941} INFO - Sync 1 DAGs
[2023-11-28T11:49:49.452+0500] {logging_mixin.py:154} INFO - [2023-11-28T11:49:49.452+0500] {dag.py:3722} INFO - Setting next_dagrun for example_sensors to None, run_after=None
[2023-11-28T11:49:49.565+0500] {processor.py:179} INFO - Processing /home/amina/miniconda/lib/python3.11/site-packages/airflow/example_dags/example_sensors.py took 0.182 seconds
[2023-11-28T11:50:44.083+0500] {processor.py:157} INFO - Started process (PID=7501) to work on /home/amina/miniconda/lib/python3.11/site-packages/airflow/example_dags/example_sensors.py
[2023-11-28T11:50:44.158+0500] {processor.py:829} INFO - Processing file /home/amina/miniconda/lib/python3.11/site-packages/airflow/example_dags/example_sensors.py for tasks to queue
[2023-11-28T11:50:44.159+0500] {logging_mixin.py:154} INFO - [2023-11-28T11:50:44.159+0500] {dagbag.py:536} INFO - Filling up the DagBag from /home/amina/miniconda/lib/python3.11/site-packages/airflow/example_dags/example_sensors.py
[2023-11-28T11:50:44.290+0500] {processor.py:839} INFO - DAG(s) dict_keys(['example_sensors']) retrieved from /home/amina/miniconda/lib/python3.11/site-packages/airflow/example_dags/example_sensors.py
[2023-11-28T11:50:44.309+0500] {logging_mixin.py:154} INFO - [2023-11-28T11:50:44.309+0500] {dag.py:2941} INFO - Sync 1 DAGs
[2023-11-28T11:50:44.322+0500] {logging_mixin.py:154} INFO - [2023-11-28T11:50:44.322+0500] {dag.py:3722} INFO - Setting next_dagrun for example_sensors to None, run_after=None
[2023-11-28T11:50:44.407+0500] {processor.py:179} INFO - Processing /home/amina/miniconda/lib/python3.11/site-packages/airflow/example_dags/example_sensors.py took 0.330 seconds
[2023-11-28T11:51:37.318+0500] {processor.py:157} INFO - Started process (PID=7558) to work on /home/amina/miniconda/lib/python3.11/site-packages/airflow/example_dags/example_sensors.py
[2023-11-28T11:51:37.393+0500] {processor.py:829} INFO - Processing file /home/amina/miniconda/lib/python3.11/site-packages/airflow/example_dags/example_sensors.py for tasks to queue
[2023-11-28T11:51:37.394+0500] {logging_mixin.py:154} INFO - [2023-11-28T11:51:37.394+0500] {dagbag.py:536} INFO - Filling up the DagBag from /home/amina/miniconda/lib/python3.11/site-packages/airflow/example_dags/example_sensors.py
[2023-11-28T11:51:37.407+0500] {processor.py:839} INFO - DAG(s) dict_keys(['example_sensors']) retrieved from /home/amina/miniconda/lib/python3.11/site-packages/airflow/example_dags/example_sensors.py
[2023-11-28T11:51:37.432+0500] {logging_mixin.py:154} INFO - [2023-11-28T11:51:37.431+0500] {dag.py:2941} INFO - Sync 1 DAGs
[2023-11-28T11:51:37.445+0500] {logging_mixin.py:154} INFO - [2023-11-28T11:51:37.444+0500] {dag.py:3722} INFO - Setting next_dagrun for example_sensors to None, run_after=None
[2023-11-28T11:51:37.530+0500] {processor.py:179} INFO - Processing /home/amina/miniconda/lib/python3.11/site-packages/airflow/example_dags/example_sensors.py took 0.217 seconds
[2023-11-28T11:52:36.336+0500] {processor.py:157} INFO - Started process (PID=7646) to work on /home/amina/miniconda/lib/python3.11/site-packages/airflow/example_dags/example_sensors.py
[2023-11-28T11:52:36.375+0500] {processor.py:829} INFO - Processing file /home/amina/miniconda/lib/python3.11/site-packages/airflow/example_dags/example_sensors.py for tasks to queue
[2023-11-28T11:52:36.376+0500] {logging_mixin.py:154} INFO - [2023-11-28T11:52:36.375+0500] {dagbag.py:536} INFO - Filling up the DagBag from /home/amina/miniconda/lib/python3.11/site-packages/airflow/example_dags/example_sensors.py
[2023-11-28T11:52:36.385+0500] {processor.py:839} INFO - DAG(s) dict_keys(['example_sensors']) retrieved from /home/amina/miniconda/lib/python3.11/site-packages/airflow/example_dags/example_sensors.py
[2023-11-28T11:52:36.409+0500] {logging_mixin.py:154} INFO - [2023-11-28T11:52:36.408+0500] {dag.py:2941} INFO - Sync 1 DAGs
[2023-11-28T11:52:36.419+0500] {logging_mixin.py:154} INFO - [2023-11-28T11:52:36.419+0500] {dag.py:3722} INFO - Setting next_dagrun for example_sensors to None, run_after=None
[2023-11-28T11:52:36.580+0500] {processor.py:179} INFO - Processing /home/amina/miniconda/lib/python3.11/site-packages/airflow/example_dags/example_sensors.py took 0.247 seconds
[2023-11-28T11:53:21.678+0500] {processor.py:157} INFO - Started process (PID=7744) to work on /home/amina/miniconda/lib/python3.11/site-packages/airflow/example_dags/example_sensors.py
[2023-11-28T11:53:21.710+0500] {processor.py:829} INFO - Processing file /home/amina/miniconda/lib/python3.11/site-packages/airflow/example_dags/example_sensors.py for tasks to queue
[2023-11-28T11:53:21.710+0500] {logging_mixin.py:154} INFO - [2023-11-28T11:53:21.710+0500] {dagbag.py:536} INFO - Filling up the DagBag from /home/amina/miniconda/lib/python3.11/site-packages/airflow/example_dags/example_sensors.py
[2023-11-28T11:53:21.728+0500] {processor.py:839} INFO - DAG(s) dict_keys(['example_sensors']) retrieved from /home/amina/miniconda/lib/python3.11/site-packages/airflow/example_dags/example_sensors.py
[2023-11-28T11:53:21.765+0500] {logging_mixin.py:154} INFO - [2023-11-28T11:53:21.765+0500] {dag.py:2941} INFO - Sync 1 DAGs
[2023-11-28T11:53:21.781+0500] {logging_mixin.py:154} INFO - [2023-11-28T11:53:21.781+0500] {dag.py:3722} INFO - Setting next_dagrun for example_sensors to None, run_after=None
[2023-11-28T11:53:21.903+0500] {processor.py:179} INFO - Processing /home/amina/miniconda/lib/python3.11/site-packages/airflow/example_dags/example_sensors.py took 0.228 seconds
[2023-11-28T11:54:12.136+0500] {processor.py:157} INFO - Started process (PID=7794) to work on /home/amina/miniconda/lib/python3.11/site-packages/airflow/example_dags/example_sensors.py
[2023-11-28T11:54:12.172+0500] {processor.py:829} INFO - Processing file /home/amina/miniconda/lib/python3.11/site-packages/airflow/example_dags/example_sensors.py for tasks to queue
[2023-11-28T11:54:12.174+0500] {logging_mixin.py:154} INFO - [2023-11-28T11:54:12.173+0500] {dagbag.py:536} INFO - Filling up the DagBag from /home/amina/miniconda/lib/python3.11/site-packages/airflow/example_dags/example_sensors.py
[2023-11-28T11:54:12.185+0500] {processor.py:839} INFO - DAG(s) dict_keys(['example_sensors']) retrieved from /home/amina/miniconda/lib/python3.11/site-packages/airflow/example_dags/example_sensors.py
[2023-11-28T11:54:12.209+0500] {logging_mixin.py:154} INFO - [2023-11-28T11:54:12.208+0500] {dag.py:2941} INFO - Sync 1 DAGs
[2023-11-28T11:54:12.220+0500] {logging_mixin.py:154} INFO - [2023-11-28T11:54:12.220+0500] {dag.py:3722} INFO - Setting next_dagrun for example_sensors to None, run_after=None
[2023-11-28T11:54:12.309+0500] {processor.py:179} INFO - Processing /home/amina/miniconda/lib/python3.11/site-packages/airflow/example_dags/example_sensors.py took 0.177 seconds
[2023-11-28T11:55:03.353+0500] {processor.py:157} INFO - Started process (PID=7846) to work on /home/amina/miniconda/lib/python3.11/site-packages/airflow/example_dags/example_sensors.py
[2023-11-28T11:55:03.402+0500] {processor.py:829} INFO - Processing file /home/amina/miniconda/lib/python3.11/site-packages/airflow/example_dags/example_sensors.py for tasks to queue
[2023-11-28T11:55:03.403+0500] {logging_mixin.py:154} INFO - [2023-11-28T11:55:03.403+0500] {dagbag.py:536} INFO - Filling up the DagBag from /home/amina/miniconda/lib/python3.11/site-packages/airflow/example_dags/example_sensors.py
[2023-11-28T11:55:03.414+0500] {processor.py:839} INFO - DAG(s) dict_keys(['example_sensors']) retrieved from /home/amina/miniconda/lib/python3.11/site-packages/airflow/example_dags/example_sensors.py
[2023-11-28T11:55:03.440+0500] {logging_mixin.py:154} INFO - [2023-11-28T11:55:03.439+0500] {dag.py:2941} INFO - Sync 1 DAGs
[2023-11-28T11:55:03.454+0500] {logging_mixin.py:154} INFO - [2023-11-28T11:55:03.454+0500] {dag.py:3722} INFO - Setting next_dagrun for example_sensors to None, run_after=None
[2023-11-28T11:55:03.547+0500] {processor.py:179} INFO - Processing /home/amina/miniconda/lib/python3.11/site-packages/airflow/example_dags/example_sensors.py took 0.200 seconds
[2023-11-28T11:55:52.101+0500] {processor.py:157} INFO - Started process (PID=7892) to work on /home/amina/miniconda/lib/python3.11/site-packages/airflow/example_dags/example_sensors.py
[2023-11-28T11:55:52.122+0500] {processor.py:829} INFO - Processing file /home/amina/miniconda/lib/python3.11/site-packages/airflow/example_dags/example_sensors.py for tasks to queue
[2023-11-28T11:55:52.123+0500] {logging_mixin.py:154} INFO - [2023-11-28T11:55:52.122+0500] {dagbag.py:536} INFO - Filling up the DagBag from /home/amina/miniconda/lib/python3.11/site-packages/airflow/example_dags/example_sensors.py
[2023-11-28T11:55:52.135+0500] {processor.py:839} INFO - DAG(s) dict_keys(['example_sensors']) retrieved from /home/amina/miniconda/lib/python3.11/site-packages/airflow/example_dags/example_sensors.py
[2023-11-28T11:55:52.156+0500] {logging_mixin.py:154} INFO - [2023-11-28T11:55:52.156+0500] {dag.py:2941} INFO - Sync 1 DAGs
[2023-11-28T11:55:52.169+0500] {logging_mixin.py:154} INFO - [2023-11-28T11:55:52.169+0500] {dag.py:3722} INFO - Setting next_dagrun for example_sensors to None, run_after=None
[2023-11-28T11:55:52.276+0500] {processor.py:179} INFO - Processing /home/amina/miniconda/lib/python3.11/site-packages/airflow/example_dags/example_sensors.py took 0.178 seconds
[2023-11-28T11:56:40.284+0500] {processor.py:157} INFO - Started process (PID=7939) to work on /home/amina/miniconda/lib/python3.11/site-packages/airflow/example_dags/example_sensors.py
[2023-11-28T11:56:40.320+0500] {processor.py:829} INFO - Processing file /home/amina/miniconda/lib/python3.11/site-packages/airflow/example_dags/example_sensors.py for tasks to queue
[2023-11-28T11:56:40.321+0500] {logging_mixin.py:154} INFO - [2023-11-28T11:56:40.321+0500] {dagbag.py:536} INFO - Filling up the DagBag from /home/amina/miniconda/lib/python3.11/site-packages/airflow/example_dags/example_sensors.py
[2023-11-28T11:56:40.337+0500] {processor.py:839} INFO - DAG(s) dict_keys(['example_sensors']) retrieved from /home/amina/miniconda/lib/python3.11/site-packages/airflow/example_dags/example_sensors.py
[2023-11-28T11:56:40.375+0500] {logging_mixin.py:154} INFO - [2023-11-28T11:56:40.375+0500] {dag.py:2941} INFO - Sync 1 DAGs
[2023-11-28T11:56:40.394+0500] {logging_mixin.py:154} INFO - [2023-11-28T11:56:40.394+0500] {dag.py:3722} INFO - Setting next_dagrun for example_sensors to None, run_after=None
[2023-11-28T11:56:40.508+0500] {processor.py:179} INFO - Processing /home/amina/miniconda/lib/python3.11/site-packages/airflow/example_dags/example_sensors.py took 0.227 seconds
[2023-11-28T18:23:31.993+0500] {processor.py:157} INFO - Started process (PID=8266) to work on /home/amina/miniconda/lib/python3.11/site-packages/airflow/example_dags/example_sensors.py
[2023-11-28T18:23:32.039+0500] {processor.py:829} INFO - Processing file /home/amina/miniconda/lib/python3.11/site-packages/airflow/example_dags/example_sensors.py for tasks to queue
[2023-11-28T18:23:32.040+0500] {logging_mixin.py:154} INFO - [2023-11-28T18:23:32.040+0500] {dagbag.py:536} INFO - Filling up the DagBag from /home/amina/miniconda/lib/python3.11/site-packages/airflow/example_dags/example_sensors.py
[2023-11-28T18:23:32.050+0500] {processor.py:839} INFO - DAG(s) dict_keys(['example_sensors']) retrieved from /home/amina/miniconda/lib/python3.11/site-packages/airflow/example_dags/example_sensors.py
[2023-11-28T18:23:32.070+0500] {logging_mixin.py:154} INFO - [2023-11-28T18:23:32.069+0500] {dag.py:2941} INFO - Sync 1 DAGs
[2023-11-28T18:23:32.080+0500] {logging_mixin.py:154} INFO - [2023-11-28T18:23:32.080+0500] {dag.py:3722} INFO - Setting next_dagrun for example_sensors to None, run_after=None
[2023-11-28T18:23:32.169+0500] {processor.py:179} INFO - Processing /home/amina/miniconda/lib/python3.11/site-packages/airflow/example_dags/example_sensors.py took 0.180 seconds
[2023-11-28T18:24:07.516+0500] {processor.py:157} INFO - Started process (PID=8376) to work on /home/amina/miniconda/lib/python3.11/site-packages/airflow/example_dags/example_sensors.py
[2023-11-28T18:24:07.815+0500] {processor.py:829} INFO - Processing file /home/amina/miniconda/lib/python3.11/site-packages/airflow/example_dags/example_sensors.py for tasks to queue
[2023-11-28T18:24:07.816+0500] {logging_mixin.py:154} INFO - [2023-11-28T18:24:07.816+0500] {dagbag.py:536} INFO - Filling up the DagBag from /home/amina/miniconda/lib/python3.11/site-packages/airflow/example_dags/example_sensors.py
[2023-11-28T18:24:07.826+0500] {processor.py:839} INFO - DAG(s) dict_keys(['example_sensors']) retrieved from /home/amina/miniconda/lib/python3.11/site-packages/airflow/example_dags/example_sensors.py
[2023-11-28T18:24:07.846+0500] {logging_mixin.py:154} INFO - [2023-11-28T18:24:07.846+0500] {dag.py:2941} INFO - Sync 1 DAGs
[2023-11-28T18:24:07.859+0500] {logging_mixin.py:154} INFO - [2023-11-28T18:24:07.859+0500] {dag.py:3722} INFO - Setting next_dagrun for example_sensors to None, run_after=None
[2023-11-28T18:24:07.956+0500] {processor.py:179} INFO - Processing /home/amina/miniconda/lib/python3.11/site-packages/airflow/example_dags/example_sensors.py took 0.442 seconds
