[2023-11-28T11:38:00.962+0500] {processor.py:157} INFO - Started process (PID=6596) to work on /home/amina/miniconda/lib/python3.11/site-packages/airflow/example_dags/example_branch_datetime_operator.py
[2023-11-28T11:38:00.963+0500] {processor.py:829} INFO - Processing file /home/amina/miniconda/lib/python3.11/site-packages/airflow/example_dags/example_branch_datetime_operator.py for tasks to queue
[2023-11-28T11:38:00.965+0500] {logging_mixin.py:154} INFO - [2023-11-28T11:38:00.964+0500] {dagbag.py:536} INFO - Filling up the DagBag from /home/amina/miniconda/lib/python3.11/site-packages/airflow/example_dags/example_branch_datetime_operator.py
[2023-11-28T11:38:00.984+0500] {processor.py:839} INFO - DAG(s) dict_keys(['example_branch_datetime_operator_2', 'example_branch_datetime_operator_3', 'example_branch_datetime_operator']) retrieved from /home/amina/miniconda/lib/python3.11/site-packages/airflow/example_dags/example_branch_datetime_operator.py
[2023-11-28T11:38:01.025+0500] {logging_mixin.py:154} INFO - [2023-11-28T11:38:01.025+0500] {dag.py:2941} INFO - Sync 3 DAGs
[2023-11-28T11:38:01.070+0500] {logging_mixin.py:154} INFO - [2023-11-28T11:38:01.070+0500] {dag.py:3722} INFO - Setting next_dagrun for example_branch_datetime_operator to 2023-11-27T00:00:00+00:00, run_after=2023-11-28T00:00:00+00:00
[2023-11-28T11:38:01.081+0500] {logging_mixin.py:154} INFO - [2023-11-28T11:38:01.080+0500] {dag.py:3722} INFO - Setting next_dagrun for example_branch_datetime_operator_2 to 2023-11-27T00:00:00+00:00, run_after=2023-11-28T00:00:00+00:00
[2023-11-28T11:38:01.086+0500] {logging_mixin.py:154} INFO - [2023-11-28T11:38:01.086+0500] {dag.py:3722} INFO - Setting next_dagrun for example_branch_datetime_operator_3 to 2023-11-27T00:00:00+00:00, run_after=2023-11-28T00:00:00+00:00
[2023-11-28T11:38:01.198+0500] {processor.py:179} INFO - Processing /home/amina/miniconda/lib/python3.11/site-packages/airflow/example_dags/example_branch_datetime_operator.py took 0.240 seconds
[2023-11-28T11:38:54.325+0500] {processor.py:157} INFO - Started process (PID=6650) to work on /home/amina/miniconda/lib/python3.11/site-packages/airflow/example_dags/example_branch_datetime_operator.py
[2023-11-28T11:38:54.340+0500] {processor.py:829} INFO - Processing file /home/amina/miniconda/lib/python3.11/site-packages/airflow/example_dags/example_branch_datetime_operator.py for tasks to queue
[2023-11-28T11:38:54.341+0500] {logging_mixin.py:154} INFO - [2023-11-28T11:38:54.340+0500] {dagbag.py:536} INFO - Filling up the DagBag from /home/amina/miniconda/lib/python3.11/site-packages/airflow/example_dags/example_branch_datetime_operator.py
[2023-11-28T11:38:54.350+0500] {processor.py:839} INFO - DAG(s) dict_keys(['example_branch_datetime_operator_3', 'example_branch_datetime_operator', 'example_branch_datetime_operator_2']) retrieved from /home/amina/miniconda/lib/python3.11/site-packages/airflow/example_dags/example_branch_datetime_operator.py
[2023-11-28T11:38:54.370+0500] {logging_mixin.py:154} INFO - [2023-11-28T11:38:54.370+0500] {dag.py:2941} INFO - Sync 3 DAGs
[2023-11-28T11:38:54.390+0500] {logging_mixin.py:154} INFO - [2023-11-28T11:38:54.390+0500] {dag.py:3722} INFO - Setting next_dagrun for example_branch_datetime_operator to 2023-11-27T00:00:00+00:00, run_after=2023-11-28T00:00:00+00:00
[2023-11-28T11:38:54.394+0500] {logging_mixin.py:154} INFO - [2023-11-28T11:38:54.394+0500] {dag.py:3722} INFO - Setting next_dagrun for example_branch_datetime_operator_2 to 2023-11-27T00:00:00+00:00, run_after=2023-11-28T00:00:00+00:00
[2023-11-28T11:38:54.396+0500] {logging_mixin.py:154} INFO - [2023-11-28T11:38:54.396+0500] {dag.py:3722} INFO - Setting next_dagrun for example_branch_datetime_operator_3 to 2023-11-27T00:00:00+00:00, run_after=2023-11-28T00:00:00+00:00
[2023-11-28T11:38:54.504+0500] {processor.py:179} INFO - Processing /home/amina/miniconda/lib/python3.11/site-packages/airflow/example_dags/example_branch_datetime_operator.py took 0.182 seconds
[2023-11-28T11:39:52.712+0500] {processor.py:157} INFO - Started process (PID=6778) to work on /home/amina/miniconda/lib/python3.11/site-packages/airflow/example_dags/example_branch_datetime_operator.py
[2023-11-28T11:39:52.741+0500] {processor.py:829} INFO - Processing file /home/amina/miniconda/lib/python3.11/site-packages/airflow/example_dags/example_branch_datetime_operator.py for tasks to queue
[2023-11-28T11:39:52.742+0500] {logging_mixin.py:154} INFO - [2023-11-28T11:39:52.742+0500] {dagbag.py:536} INFO - Filling up the DagBag from /home/amina/miniconda/lib/python3.11/site-packages/airflow/example_dags/example_branch_datetime_operator.py
[2023-11-28T11:39:52.751+0500] {processor.py:839} INFO - DAG(s) dict_keys(['example_branch_datetime_operator_2', 'example_branch_datetime_operator', 'example_branch_datetime_operator_3']) retrieved from /home/amina/miniconda/lib/python3.11/site-packages/airflow/example_dags/example_branch_datetime_operator.py
[2023-11-28T11:39:52.872+0500] {logging_mixin.py:154} INFO - [2023-11-28T11:39:52.872+0500] {dag.py:2941} INFO - Sync 3 DAGs
[2023-11-28T11:39:52.890+0500] {logging_mixin.py:154} INFO - [2023-11-28T11:39:52.889+0500] {dag.py:3722} INFO - Setting next_dagrun for example_branch_datetime_operator to 2023-11-27T00:00:00+00:00, run_after=2023-11-28T00:00:00+00:00
[2023-11-28T11:39:52.894+0500] {logging_mixin.py:154} INFO - [2023-11-28T11:39:52.894+0500] {dag.py:3722} INFO - Setting next_dagrun for example_branch_datetime_operator_2 to 2023-11-27T00:00:00+00:00, run_after=2023-11-28T00:00:00+00:00
[2023-11-28T11:39:52.896+0500] {logging_mixin.py:154} INFO - [2023-11-28T11:39:52.896+0500] {dag.py:3722} INFO - Setting next_dagrun for example_branch_datetime_operator_3 to 2023-11-27T00:00:00+00:00, run_after=2023-11-28T00:00:00+00:00
[2023-11-28T11:39:52.995+0500] {processor.py:179} INFO - Processing /home/amina/miniconda/lib/python3.11/site-packages/airflow/example_dags/example_branch_datetime_operator.py took 0.285 seconds
[2023-11-28T11:40:49.354+0500] {processor.py:157} INFO - Started process (PID=6840) to work on /home/amina/miniconda/lib/python3.11/site-packages/airflow/example_dags/example_branch_datetime_operator.py
[2023-11-28T11:40:49.373+0500] {processor.py:829} INFO - Processing file /home/amina/miniconda/lib/python3.11/site-packages/airflow/example_dags/example_branch_datetime_operator.py for tasks to queue
[2023-11-28T11:40:49.374+0500] {logging_mixin.py:154} INFO - [2023-11-28T11:40:49.373+0500] {dagbag.py:536} INFO - Filling up the DagBag from /home/amina/miniconda/lib/python3.11/site-packages/airflow/example_dags/example_branch_datetime_operator.py
[2023-11-28T11:40:49.383+0500] {processor.py:839} INFO - DAG(s) dict_keys(['example_branch_datetime_operator_3', 'example_branch_datetime_operator', 'example_branch_datetime_operator_2']) retrieved from /home/amina/miniconda/lib/python3.11/site-packages/airflow/example_dags/example_branch_datetime_operator.py
[2023-11-28T11:40:49.404+0500] {logging_mixin.py:154} INFO - [2023-11-28T11:40:49.404+0500] {dag.py:2941} INFO - Sync 3 DAGs
[2023-11-28T11:40:49.424+0500] {logging_mixin.py:154} INFO - [2023-11-28T11:40:49.424+0500] {dag.py:3722} INFO - Setting next_dagrun for example_branch_datetime_operator to 2023-11-27T00:00:00+00:00, run_after=2023-11-28T00:00:00+00:00
[2023-11-28T11:40:49.428+0500] {logging_mixin.py:154} INFO - [2023-11-28T11:40:49.428+0500] {dag.py:3722} INFO - Setting next_dagrun for example_branch_datetime_operator_2 to 2023-11-27T00:00:00+00:00, run_after=2023-11-28T00:00:00+00:00
[2023-11-28T11:40:49.431+0500] {logging_mixin.py:154} INFO - [2023-11-28T11:40:49.431+0500] {dag.py:3722} INFO - Setting next_dagrun for example_branch_datetime_operator_3 to 2023-11-27T00:00:00+00:00, run_after=2023-11-28T00:00:00+00:00
[2023-11-28T11:40:49.549+0500] {processor.py:179} INFO - Processing /home/amina/miniconda/lib/python3.11/site-packages/airflow/example_dags/example_branch_datetime_operator.py took 0.197 seconds
[2023-11-28T11:41:38.483+0500] {processor.py:157} INFO - Started process (PID=6887) to work on /home/amina/miniconda/lib/python3.11/site-packages/airflow/example_dags/example_branch_datetime_operator.py
[2023-11-28T11:41:38.501+0500] {processor.py:829} INFO - Processing file /home/amina/miniconda/lib/python3.11/site-packages/airflow/example_dags/example_branch_datetime_operator.py for tasks to queue
[2023-11-28T11:41:38.502+0500] {logging_mixin.py:154} INFO - [2023-11-28T11:41:38.502+0500] {dagbag.py:536} INFO - Filling up the DagBag from /home/amina/miniconda/lib/python3.11/site-packages/airflow/example_dags/example_branch_datetime_operator.py
[2023-11-28T11:41:38.512+0500] {processor.py:839} INFO - DAG(s) dict_keys(['example_branch_datetime_operator_3', 'example_branch_datetime_operator', 'example_branch_datetime_operator_2']) retrieved from /home/amina/miniconda/lib/python3.11/site-packages/airflow/example_dags/example_branch_datetime_operator.py
[2023-11-28T11:41:38.532+0500] {logging_mixin.py:154} INFO - [2023-11-28T11:41:38.532+0500] {dag.py:2941} INFO - Sync 3 DAGs
[2023-11-28T11:41:38.562+0500] {logging_mixin.py:154} INFO - [2023-11-28T11:41:38.562+0500] {dag.py:3722} INFO - Setting next_dagrun for example_branch_datetime_operator to 2023-11-27T00:00:00+00:00, run_after=2023-11-28T00:00:00+00:00
[2023-11-28T11:41:38.568+0500] {logging_mixin.py:154} INFO - [2023-11-28T11:41:38.568+0500] {dag.py:3722} INFO - Setting next_dagrun for example_branch_datetime_operator_2 to 2023-11-27T00:00:00+00:00, run_after=2023-11-28T00:00:00+00:00
[2023-11-28T11:41:38.571+0500] {logging_mixin.py:154} INFO - [2023-11-28T11:41:38.571+0500] {dag.py:3722} INFO - Setting next_dagrun for example_branch_datetime_operator_3 to 2023-11-27T00:00:00+00:00, run_after=2023-11-28T00:00:00+00:00
[2023-11-28T11:41:38.689+0500] {processor.py:179} INFO - Processing /home/amina/miniconda/lib/python3.11/site-packages/airflow/example_dags/example_branch_datetime_operator.py took 0.208 seconds
[2023-11-28T11:42:25.391+0500] {processor.py:157} INFO - Started process (PID=6935) to work on /home/amina/miniconda/lib/python3.11/site-packages/airflow/example_dags/example_branch_datetime_operator.py
[2023-11-28T11:42:25.425+0500] {processor.py:829} INFO - Processing file /home/amina/miniconda/lib/python3.11/site-packages/airflow/example_dags/example_branch_datetime_operator.py for tasks to queue
[2023-11-28T11:42:25.425+0500] {logging_mixin.py:154} INFO - [2023-11-28T11:42:25.425+0500] {dagbag.py:536} INFO - Filling up the DagBag from /home/amina/miniconda/lib/python3.11/site-packages/airflow/example_dags/example_branch_datetime_operator.py
[2023-11-28T11:42:25.438+0500] {processor.py:839} INFO - DAG(s) dict_keys(['example_branch_datetime_operator_2', 'example_branch_datetime_operator', 'example_branch_datetime_operator_3']) retrieved from /home/amina/miniconda/lib/python3.11/site-packages/airflow/example_dags/example_branch_datetime_operator.py
[2023-11-28T11:42:25.467+0500] {logging_mixin.py:154} INFO - [2023-11-28T11:42:25.467+0500] {dag.py:2941} INFO - Sync 3 DAGs
[2023-11-28T11:42:25.492+0500] {logging_mixin.py:154} INFO - [2023-11-28T11:42:25.491+0500] {dag.py:3722} INFO - Setting next_dagrun for example_branch_datetime_operator to 2023-11-27T00:00:00+00:00, run_after=2023-11-28T00:00:00+00:00
[2023-11-28T11:42:25.498+0500] {logging_mixin.py:154} INFO - [2023-11-28T11:42:25.498+0500] {dag.py:3722} INFO - Setting next_dagrun for example_branch_datetime_operator_2 to 2023-11-27T00:00:00+00:00, run_after=2023-11-28T00:00:00+00:00
[2023-11-28T11:42:25.503+0500] {logging_mixin.py:154} INFO - [2023-11-28T11:42:25.502+0500] {dag.py:3722} INFO - Setting next_dagrun for example_branch_datetime_operator_3 to 2023-11-27T00:00:00+00:00, run_after=2023-11-28T00:00:00+00:00
[2023-11-28T11:42:25.605+0500] {processor.py:179} INFO - Processing /home/amina/miniconda/lib/python3.11/site-packages/airflow/example_dags/example_branch_datetime_operator.py took 0.217 seconds
[2023-11-28T11:48:17.081+0500] {processor.py:157} INFO - Started process (PID=7392) to work on /home/amina/miniconda/lib/python3.11/site-packages/airflow/example_dags/example_branch_datetime_operator.py
[2023-11-28T11:48:17.098+0500] {processor.py:829} INFO - Processing file /home/amina/miniconda/lib/python3.11/site-packages/airflow/example_dags/example_branch_datetime_operator.py for tasks to queue
[2023-11-28T11:48:17.099+0500] {logging_mixin.py:154} INFO - [2023-11-28T11:48:17.099+0500] {dagbag.py:536} INFO - Filling up the DagBag from /home/amina/miniconda/lib/python3.11/site-packages/airflow/example_dags/example_branch_datetime_operator.py
[2023-11-28T11:48:17.111+0500] {processor.py:839} INFO - DAG(s) dict_keys(['example_branch_datetime_operator_3', 'example_branch_datetime_operator', 'example_branch_datetime_operator_2']) retrieved from /home/amina/miniconda/lib/python3.11/site-packages/airflow/example_dags/example_branch_datetime_operator.py
[2023-11-28T11:48:17.137+0500] {logging_mixin.py:154} INFO - [2023-11-28T11:48:17.136+0500] {dag.py:2941} INFO - Sync 3 DAGs
[2023-11-28T11:48:17.161+0500] {logging_mixin.py:154} INFO - [2023-11-28T11:48:17.161+0500] {dag.py:3722} INFO - Setting next_dagrun for example_branch_datetime_operator to 2023-11-27T00:00:00+00:00, run_after=2023-11-28T00:00:00+00:00
[2023-11-28T11:48:17.166+0500] {logging_mixin.py:154} INFO - [2023-11-28T11:48:17.165+0500] {dag.py:3722} INFO - Setting next_dagrun for example_branch_datetime_operator_2 to 2023-11-27T00:00:00+00:00, run_after=2023-11-28T00:00:00+00:00
[2023-11-28T11:48:17.168+0500] {logging_mixin.py:154} INFO - [2023-11-28T11:48:17.168+0500] {dag.py:3722} INFO - Setting next_dagrun for example_branch_datetime_operator_3 to 2023-11-27T00:00:00+00:00, run_after=2023-11-28T00:00:00+00:00
[2023-11-28T11:48:17.247+0500] {processor.py:179} INFO - Processing /home/amina/miniconda/lib/python3.11/site-packages/airflow/example_dags/example_branch_datetime_operator.py took 0.169 seconds
[2023-11-28T11:50:16.209+0500] {processor.py:157} INFO - Started process (PID=7477) to work on /home/amina/miniconda/lib/python3.11/site-packages/airflow/example_dags/example_branch_datetime_operator.py
[2023-11-28T11:50:16.225+0500] {processor.py:829} INFO - Processing file /home/amina/miniconda/lib/python3.11/site-packages/airflow/example_dags/example_branch_datetime_operator.py for tasks to queue
[2023-11-28T11:50:16.225+0500] {logging_mixin.py:154} INFO - [2023-11-28T11:50:16.225+0500] {dagbag.py:536} INFO - Filling up the DagBag from /home/amina/miniconda/lib/python3.11/site-packages/airflow/example_dags/example_branch_datetime_operator.py
[2023-11-28T11:50:16.235+0500] {processor.py:839} INFO - DAG(s) dict_keys(['example_branch_datetime_operator_2', 'example_branch_datetime_operator_3', 'example_branch_datetime_operator']) retrieved from /home/amina/miniconda/lib/python3.11/site-packages/airflow/example_dags/example_branch_datetime_operator.py
[2023-11-28T11:50:16.259+0500] {logging_mixin.py:154} INFO - [2023-11-28T11:50:16.259+0500] {dag.py:2941} INFO - Sync 3 DAGs
[2023-11-28T11:50:16.401+0500] {logging_mixin.py:154} INFO - [2023-11-28T11:50:16.401+0500] {dag.py:3722} INFO - Setting next_dagrun for example_branch_datetime_operator to 2023-11-27T00:00:00+00:00, run_after=2023-11-28T00:00:00+00:00
[2023-11-28T11:50:16.409+0500] {logging_mixin.py:154} INFO - [2023-11-28T11:50:16.409+0500] {dag.py:3722} INFO - Setting next_dagrun for example_branch_datetime_operator_2 to 2023-11-27T00:00:00+00:00, run_after=2023-11-28T00:00:00+00:00
[2023-11-28T11:50:16.414+0500] {logging_mixin.py:154} INFO - [2023-11-28T11:50:16.414+0500] {dag.py:3722} INFO - Setting next_dagrun for example_branch_datetime_operator_3 to 2023-11-27T00:00:00+00:00, run_after=2023-11-28T00:00:00+00:00
[2023-11-28T11:50:16.670+0500] {processor.py:179} INFO - Processing /home/amina/miniconda/lib/python3.11/site-packages/airflow/example_dags/example_branch_datetime_operator.py took 0.464 seconds
[2023-11-28T11:51:11.683+0500] {processor.py:157} INFO - Started process (PID=7530) to work on /home/amina/miniconda/lib/python3.11/site-packages/airflow/example_dags/example_branch_datetime_operator.py
[2023-11-28T11:51:11.725+0500] {processor.py:829} INFO - Processing file /home/amina/miniconda/lib/python3.11/site-packages/airflow/example_dags/example_branch_datetime_operator.py for tasks to queue
[2023-11-28T11:51:11.726+0500] {logging_mixin.py:154} INFO - [2023-11-28T11:51:11.726+0500] {dagbag.py:536} INFO - Filling up the DagBag from /home/amina/miniconda/lib/python3.11/site-packages/airflow/example_dags/example_branch_datetime_operator.py
[2023-11-28T11:51:11.736+0500] {processor.py:839} INFO - DAG(s) dict_keys(['example_branch_datetime_operator_3', 'example_branch_datetime_operator_2', 'example_branch_datetime_operator']) retrieved from /home/amina/miniconda/lib/python3.11/site-packages/airflow/example_dags/example_branch_datetime_operator.py
[2023-11-28T11:51:11.765+0500] {logging_mixin.py:154} INFO - [2023-11-28T11:51:11.765+0500] {dag.py:2941} INFO - Sync 3 DAGs
[2023-11-28T11:51:11.788+0500] {logging_mixin.py:154} INFO - [2023-11-28T11:51:11.788+0500] {dag.py:3722} INFO - Setting next_dagrun for example_branch_datetime_operator to 2023-11-27T00:00:00+00:00, run_after=2023-11-28T00:00:00+00:00
[2023-11-28T11:51:11.795+0500] {logging_mixin.py:154} INFO - [2023-11-28T11:51:11.795+0500] {dag.py:3722} INFO - Setting next_dagrun for example_branch_datetime_operator_2 to 2023-11-27T00:00:00+00:00, run_after=2023-11-28T00:00:00+00:00
[2023-11-28T11:51:11.797+0500] {logging_mixin.py:154} INFO - [2023-11-28T11:51:11.797+0500] {dag.py:3722} INFO - Setting next_dagrun for example_branch_datetime_operator_3 to 2023-11-27T00:00:00+00:00, run_after=2023-11-28T00:00:00+00:00
[2023-11-28T11:51:11.902+0500] {processor.py:179} INFO - Processing /home/amina/miniconda/lib/python3.11/site-packages/airflow/example_dags/example_branch_datetime_operator.py took 0.222 seconds
[2023-11-28T11:52:19.928+0500] {processor.py:157} INFO - Started process (PID=7629) to work on /home/amina/miniconda/lib/python3.11/site-packages/airflow/example_dags/example_branch_datetime_operator.py
[2023-11-28T11:52:19.947+0500] {processor.py:829} INFO - Processing file /home/amina/miniconda/lib/python3.11/site-packages/airflow/example_dags/example_branch_datetime_operator.py for tasks to queue
[2023-11-28T11:52:19.948+0500] {logging_mixin.py:154} INFO - [2023-11-28T11:52:19.948+0500] {dagbag.py:536} INFO - Filling up the DagBag from /home/amina/miniconda/lib/python3.11/site-packages/airflow/example_dags/example_branch_datetime_operator.py
[2023-11-28T11:52:19.959+0500] {processor.py:839} INFO - DAG(s) dict_keys(['example_branch_datetime_operator_2', 'example_branch_datetime_operator_3', 'example_branch_datetime_operator']) retrieved from /home/amina/miniconda/lib/python3.11/site-packages/airflow/example_dags/example_branch_datetime_operator.py
[2023-11-28T11:52:19.983+0500] {logging_mixin.py:154} INFO - [2023-11-28T11:52:19.983+0500] {dag.py:2941} INFO - Sync 3 DAGs
[2023-11-28T11:52:20.006+0500] {logging_mixin.py:154} INFO - [2023-11-28T11:52:20.005+0500] {dag.py:3722} INFO - Setting next_dagrun for example_branch_datetime_operator to 2023-11-27T00:00:00+00:00, run_after=2023-11-28T00:00:00+00:00
[2023-11-28T11:52:20.012+0500] {logging_mixin.py:154} INFO - [2023-11-28T11:52:20.012+0500] {dag.py:3722} INFO - Setting next_dagrun for example_branch_datetime_operator_2 to 2023-11-27T00:00:00+00:00, run_after=2023-11-28T00:00:00+00:00
[2023-11-28T11:52:20.014+0500] {logging_mixin.py:154} INFO - [2023-11-28T11:52:20.014+0500] {dag.py:3722} INFO - Setting next_dagrun for example_branch_datetime_operator_3 to 2023-11-27T00:00:00+00:00, run_after=2023-11-28T00:00:00+00:00
[2023-11-28T11:52:20.103+0500] {processor.py:179} INFO - Processing /home/amina/miniconda/lib/python3.11/site-packages/airflow/example_dags/example_branch_datetime_operator.py took 0.180 seconds
[2023-11-28T11:53:10.784+0500] {processor.py:157} INFO - Started process (PID=7735) to work on /home/amina/miniconda/lib/python3.11/site-packages/airflow/example_dags/example_branch_datetime_operator.py
[2023-11-28T11:53:10.800+0500] {processor.py:829} INFO - Processing file /home/amina/miniconda/lib/python3.11/site-packages/airflow/example_dags/example_branch_datetime_operator.py for tasks to queue
[2023-11-28T11:53:10.801+0500] {logging_mixin.py:154} INFO - [2023-11-28T11:53:10.800+0500] {dagbag.py:536} INFO - Filling up the DagBag from /home/amina/miniconda/lib/python3.11/site-packages/airflow/example_dags/example_branch_datetime_operator.py
[2023-11-28T11:53:10.812+0500] {processor.py:839} INFO - DAG(s) dict_keys(['example_branch_datetime_operator', 'example_branch_datetime_operator_2', 'example_branch_datetime_operator_3']) retrieved from /home/amina/miniconda/lib/python3.11/site-packages/airflow/example_dags/example_branch_datetime_operator.py
[2023-11-28T11:53:10.838+0500] {logging_mixin.py:154} INFO - [2023-11-28T11:53:10.838+0500] {dag.py:2941} INFO - Sync 3 DAGs
[2023-11-28T11:53:10.861+0500] {logging_mixin.py:154} INFO - [2023-11-28T11:53:10.861+0500] {dag.py:3722} INFO - Setting next_dagrun for example_branch_datetime_operator to 2023-11-27T00:00:00+00:00, run_after=2023-11-28T00:00:00+00:00
[2023-11-28T11:53:10.867+0500] {logging_mixin.py:154} INFO - [2023-11-28T11:53:10.867+0500] {dag.py:3722} INFO - Setting next_dagrun for example_branch_datetime_operator_2 to 2023-11-27T00:00:00+00:00, run_after=2023-11-28T00:00:00+00:00
[2023-11-28T11:53:10.870+0500] {logging_mixin.py:154} INFO - [2023-11-28T11:53:10.870+0500] {dag.py:3722} INFO - Setting next_dagrun for example_branch_datetime_operator_3 to 2023-11-27T00:00:00+00:00, run_after=2023-11-28T00:00:00+00:00
[2023-11-28T11:53:10.983+0500] {processor.py:179} INFO - Processing /home/amina/miniconda/lib/python3.11/site-packages/airflow/example_dags/example_branch_datetime_operator.py took 0.203 seconds
[2023-11-28T11:54:01.249+0500] {processor.py:157} INFO - Started process (PID=7785) to work on /home/amina/miniconda/lib/python3.11/site-packages/airflow/example_dags/example_branch_datetime_operator.py
[2023-11-28T11:54:01.284+0500] {processor.py:829} INFO - Processing file /home/amina/miniconda/lib/python3.11/site-packages/airflow/example_dags/example_branch_datetime_operator.py for tasks to queue
[2023-11-28T11:54:01.285+0500] {logging_mixin.py:154} INFO - [2023-11-28T11:54:01.285+0500] {dagbag.py:536} INFO - Filling up the DagBag from /home/amina/miniconda/lib/python3.11/site-packages/airflow/example_dags/example_branch_datetime_operator.py
[2023-11-28T11:54:01.301+0500] {processor.py:839} INFO - DAG(s) dict_keys(['example_branch_datetime_operator_2', 'example_branch_datetime_operator_3', 'example_branch_datetime_operator']) retrieved from /home/amina/miniconda/lib/python3.11/site-packages/airflow/example_dags/example_branch_datetime_operator.py
[2023-11-28T11:54:01.336+0500] {logging_mixin.py:154} INFO - [2023-11-28T11:54:01.336+0500] {dag.py:2941} INFO - Sync 3 DAGs
[2023-11-28T11:54:01.363+0500] {logging_mixin.py:154} INFO - [2023-11-28T11:54:01.363+0500] {dag.py:3722} INFO - Setting next_dagrun for example_branch_datetime_operator to 2023-11-27T00:00:00+00:00, run_after=2023-11-28T00:00:00+00:00
[2023-11-28T11:54:01.368+0500] {logging_mixin.py:154} INFO - [2023-11-28T11:54:01.368+0500] {dag.py:3722} INFO - Setting next_dagrun for example_branch_datetime_operator_2 to 2023-11-27T00:00:00+00:00, run_after=2023-11-28T00:00:00+00:00
[2023-11-28T11:54:01.371+0500] {logging_mixin.py:154} INFO - [2023-11-28T11:54:01.371+0500] {dag.py:3722} INFO - Setting next_dagrun for example_branch_datetime_operator_3 to 2023-11-27T00:00:00+00:00, run_after=2023-11-28T00:00:00+00:00
[2023-11-28T11:54:01.497+0500] {processor.py:179} INFO - Processing /home/amina/miniconda/lib/python3.11/site-packages/airflow/example_dags/example_branch_datetime_operator.py took 0.254 seconds
[2023-11-28T11:54:52.394+0500] {processor.py:157} INFO - Started process (PID=7837) to work on /home/amina/miniconda/lib/python3.11/site-packages/airflow/example_dags/example_branch_datetime_operator.py
[2023-11-28T11:54:52.425+0500] {processor.py:829} INFO - Processing file /home/amina/miniconda/lib/python3.11/site-packages/airflow/example_dags/example_branch_datetime_operator.py for tasks to queue
[2023-11-28T11:54:52.426+0500] {logging_mixin.py:154} INFO - [2023-11-28T11:54:52.426+0500] {dagbag.py:536} INFO - Filling up the DagBag from /home/amina/miniconda/lib/python3.11/site-packages/airflow/example_dags/example_branch_datetime_operator.py
[2023-11-28T11:54:52.441+0500] {processor.py:839} INFO - DAG(s) dict_keys(['example_branch_datetime_operator_3', 'example_branch_datetime_operator_2', 'example_branch_datetime_operator']) retrieved from /home/amina/miniconda/lib/python3.11/site-packages/airflow/example_dags/example_branch_datetime_operator.py
[2023-11-28T11:54:52.470+0500] {logging_mixin.py:154} INFO - [2023-11-28T11:54:52.470+0500] {dag.py:2941} INFO - Sync 3 DAGs
[2023-11-28T11:54:52.511+0500] {logging_mixin.py:154} INFO - [2023-11-28T11:54:52.510+0500] {dag.py:3722} INFO - Setting next_dagrun for example_branch_datetime_operator to 2023-11-27T00:00:00+00:00, run_after=2023-11-28T00:00:00+00:00
[2023-11-28T11:54:52.522+0500] {logging_mixin.py:154} INFO - [2023-11-28T11:54:52.522+0500] {dag.py:3722} INFO - Setting next_dagrun for example_branch_datetime_operator_2 to 2023-11-27T00:00:00+00:00, run_after=2023-11-28T00:00:00+00:00
[2023-11-28T11:54:52.527+0500] {logging_mixin.py:154} INFO - [2023-11-28T11:54:52.527+0500] {dag.py:3722} INFO - Setting next_dagrun for example_branch_datetime_operator_3 to 2023-11-27T00:00:00+00:00, run_after=2023-11-28T00:00:00+00:00
[2023-11-28T11:54:52.640+0500] {processor.py:179} INFO - Processing /home/amina/miniconda/lib/python3.11/site-packages/airflow/example_dags/example_branch_datetime_operator.py took 0.250 seconds
[2023-11-28T11:55:43.968+0500] {processor.py:157} INFO - Started process (PID=7884) to work on /home/amina/miniconda/lib/python3.11/site-packages/airflow/example_dags/example_branch_datetime_operator.py
[2023-11-28T11:55:43.983+0500] {processor.py:829} INFO - Processing file /home/amina/miniconda/lib/python3.11/site-packages/airflow/example_dags/example_branch_datetime_operator.py for tasks to queue
[2023-11-28T11:55:43.984+0500] {logging_mixin.py:154} INFO - [2023-11-28T11:55:43.984+0500] {dagbag.py:536} INFO - Filling up the DagBag from /home/amina/miniconda/lib/python3.11/site-packages/airflow/example_dags/example_branch_datetime_operator.py
[2023-11-28T11:55:44.005+0500] {processor.py:839} INFO - DAG(s) dict_keys(['example_branch_datetime_operator_3', 'example_branch_datetime_operator_2', 'example_branch_datetime_operator']) retrieved from /home/amina/miniconda/lib/python3.11/site-packages/airflow/example_dags/example_branch_datetime_operator.py
[2023-11-28T11:55:44.049+0500] {logging_mixin.py:154} INFO - [2023-11-28T11:55:44.049+0500] {dag.py:2941} INFO - Sync 3 DAGs
[2023-11-28T11:55:44.096+0500] {logging_mixin.py:154} INFO - [2023-11-28T11:55:44.096+0500] {dag.py:3722} INFO - Setting next_dagrun for example_branch_datetime_operator to 2023-11-27T00:00:00+00:00, run_after=2023-11-28T00:00:00+00:00
[2023-11-28T11:55:44.105+0500] {logging_mixin.py:154} INFO - [2023-11-28T11:55:44.105+0500] {dag.py:3722} INFO - Setting next_dagrun for example_branch_datetime_operator_2 to 2023-11-27T00:00:00+00:00, run_after=2023-11-28T00:00:00+00:00
[2023-11-28T11:55:44.110+0500] {logging_mixin.py:154} INFO - [2023-11-28T11:55:44.109+0500] {dag.py:3722} INFO - Setting next_dagrun for example_branch_datetime_operator_3 to 2023-11-27T00:00:00+00:00, run_after=2023-11-28T00:00:00+00:00
[2023-11-28T11:55:44.235+0500] {processor.py:179} INFO - Processing /home/amina/miniconda/lib/python3.11/site-packages/airflow/example_dags/example_branch_datetime_operator.py took 0.271 seconds
[2023-11-28T11:56:31.626+0500] {processor.py:157} INFO - Started process (PID=7932) to work on /home/amina/miniconda/lib/python3.11/site-packages/airflow/example_dags/example_branch_datetime_operator.py
[2023-11-28T11:56:31.653+0500] {processor.py:829} INFO - Processing file /home/amina/miniconda/lib/python3.11/site-packages/airflow/example_dags/example_branch_datetime_operator.py for tasks to queue
[2023-11-28T11:56:31.655+0500] {logging_mixin.py:154} INFO - [2023-11-28T11:56:31.655+0500] {dagbag.py:536} INFO - Filling up the DagBag from /home/amina/miniconda/lib/python3.11/site-packages/airflow/example_dags/example_branch_datetime_operator.py
[2023-11-28T11:56:31.668+0500] {processor.py:839} INFO - DAG(s) dict_keys(['example_branch_datetime_operator_3', 'example_branch_datetime_operator_2', 'example_branch_datetime_operator']) retrieved from /home/amina/miniconda/lib/python3.11/site-packages/airflow/example_dags/example_branch_datetime_operator.py
[2023-11-28T11:56:31.697+0500] {logging_mixin.py:154} INFO - [2023-11-28T11:56:31.696+0500] {dag.py:2941} INFO - Sync 3 DAGs
[2023-11-28T11:56:31.725+0500] {logging_mixin.py:154} INFO - [2023-11-28T11:56:31.724+0500] {dag.py:3722} INFO - Setting next_dagrun for example_branch_datetime_operator to 2023-11-27T00:00:00+00:00, run_after=2023-11-28T00:00:00+00:00
[2023-11-28T11:56:31.731+0500] {logging_mixin.py:154} INFO - [2023-11-28T11:56:31.730+0500] {dag.py:3722} INFO - Setting next_dagrun for example_branch_datetime_operator_2 to 2023-11-27T00:00:00+00:00, run_after=2023-11-28T00:00:00+00:00
[2023-11-28T11:56:31.733+0500] {logging_mixin.py:154} INFO - [2023-11-28T11:56:31.733+0500] {dag.py:3722} INFO - Setting next_dagrun for example_branch_datetime_operator_3 to 2023-11-27T00:00:00+00:00, run_after=2023-11-28T00:00:00+00:00
[2023-11-28T11:56:31.845+0500] {processor.py:179} INFO - Processing /home/amina/miniconda/lib/python3.11/site-packages/airflow/example_dags/example_branch_datetime_operator.py took 0.223 seconds
[2023-11-28T18:23:20.177+0500] {processor.py:157} INFO - Started process (PID=8214) to work on /home/amina/miniconda/lib/python3.11/site-packages/airflow/example_dags/example_branch_datetime_operator.py
[2023-11-28T18:23:20.216+0500] {processor.py:829} INFO - Processing file /home/amina/miniconda/lib/python3.11/site-packages/airflow/example_dags/example_branch_datetime_operator.py for tasks to queue
[2023-11-28T18:23:20.217+0500] {logging_mixin.py:154} INFO - [2023-11-28T18:23:20.217+0500] {dagbag.py:536} INFO - Filling up the DagBag from /home/amina/miniconda/lib/python3.11/site-packages/airflow/example_dags/example_branch_datetime_operator.py
[2023-11-28T18:23:20.229+0500] {processor.py:839} INFO - DAG(s) dict_keys(['example_branch_datetime_operator', 'example_branch_datetime_operator_3', 'example_branch_datetime_operator_2']) retrieved from /home/amina/miniconda/lib/python3.11/site-packages/airflow/example_dags/example_branch_datetime_operator.py
[2023-11-28T18:23:20.254+0500] {logging_mixin.py:154} INFO - [2023-11-28T18:23:20.254+0500] {dag.py:2941} INFO - Sync 3 DAGs
[2023-11-28T18:23:20.277+0500] {logging_mixin.py:154} INFO - [2023-11-28T18:23:20.277+0500] {dag.py:3722} INFO - Setting next_dagrun for example_branch_datetime_operator to 2023-11-27T00:00:00+00:00, run_after=2023-11-28T00:00:00+00:00
[2023-11-28T18:23:20.282+0500] {logging_mixin.py:154} INFO - [2023-11-28T18:23:20.282+0500] {dag.py:3722} INFO - Setting next_dagrun for example_branch_datetime_operator_2 to 2023-11-27T00:00:00+00:00, run_after=2023-11-28T00:00:00+00:00
[2023-11-28T18:23:20.284+0500] {logging_mixin.py:154} INFO - [2023-11-28T18:23:20.284+0500] {dag.py:3722} INFO - Setting next_dagrun for example_branch_datetime_operator_3 to 2023-11-27T00:00:00+00:00, run_after=2023-11-28T00:00:00+00:00
[2023-11-28T18:23:20.404+0500] {processor.py:179} INFO - Processing /home/amina/miniconda/lib/python3.11/site-packages/airflow/example_dags/example_branch_datetime_operator.py took 0.230 seconds
