[2023-11-28T11:37:41.173+0500] {processor.py:157} INFO - Started process (PID=6551) to work on /home/amina/miniconda/lib/python3.11/site-packages/airflow/example_dags/example_time_delta_sensor_async.py
[2023-11-28T11:37:41.174+0500] {processor.py:829} INFO - Processing file /home/amina/miniconda/lib/python3.11/site-packages/airflow/example_dags/example_time_delta_sensor_async.py for tasks to queue
[2023-11-28T11:37:41.176+0500] {logging_mixin.py:154} INFO - [2023-11-28T11:37:41.175+0500] {dagbag.py:536} INFO - Filling up the DagBag from /home/amina/miniconda/lib/python3.11/site-packages/airflow/example_dags/example_time_delta_sensor_async.py
[2023-11-28T11:37:41.182+0500] {processor.py:839} INFO - DAG(s) dict_keys(['example_time_delta_sensor_async']) retrieved from /home/amina/miniconda/lib/python3.11/site-packages/airflow/example_dags/example_time_delta_sensor_async.py
[2023-11-28T11:37:41.206+0500] {logging_mixin.py:154} INFO - [2023-11-28T11:37:41.206+0500] {dag.py:2941} INFO - Sync 1 DAGs
[2023-11-28T11:37:41.229+0500] {logging_mixin.py:154} INFO - [2023-11-28T11:37:41.229+0500] {dag.py:3722} INFO - Setting next_dagrun for example_time_delta_sensor_async to None, run_after=None
[2023-11-28T11:37:41.762+0500] {processor.py:179} INFO - Processing /home/amina/miniconda/lib/python3.11/site-packages/airflow/example_dags/example_time_delta_sensor_async.py took 0.593 seconds
[2023-11-28T11:38:39.070+0500] {processor.py:157} INFO - Started process (PID=6635) to work on /home/amina/miniconda/lib/python3.11/site-packages/airflow/example_dags/example_time_delta_sensor_async.py
[2023-11-28T11:38:39.072+0500] {processor.py:829} INFO - Processing file /home/amina/miniconda/lib/python3.11/site-packages/airflow/example_dags/example_time_delta_sensor_async.py for tasks to queue
[2023-11-28T11:38:39.073+0500] {logging_mixin.py:154} INFO - [2023-11-28T11:38:39.072+0500] {dagbag.py:536} INFO - Filling up the DagBag from /home/amina/miniconda/lib/python3.11/site-packages/airflow/example_dags/example_time_delta_sensor_async.py
[2023-11-28T11:38:39.078+0500] {processor.py:839} INFO - DAG(s) dict_keys(['example_time_delta_sensor_async']) retrieved from /home/amina/miniconda/lib/python3.11/site-packages/airflow/example_dags/example_time_delta_sensor_async.py
[2023-11-28T11:38:39.093+0500] {logging_mixin.py:154} INFO - [2023-11-28T11:38:39.092+0500] {dag.py:2941} INFO - Sync 1 DAGs
[2023-11-28T11:38:39.103+0500] {logging_mixin.py:154} INFO - [2023-11-28T11:38:39.103+0500] {dag.py:3722} INFO - Setting next_dagrun for example_time_delta_sensor_async to None, run_after=None
[2023-11-28T11:38:39.201+0500] {processor.py:179} INFO - Processing /home/amina/miniconda/lib/python3.11/site-packages/airflow/example_dags/example_time_delta_sensor_async.py took 0.134 seconds
[2023-11-28T11:39:29.482+0500] {processor.py:157} INFO - Started process (PID=6754) to work on /home/amina/miniconda/lib/python3.11/site-packages/airflow/example_dags/example_time_delta_sensor_async.py
[2023-11-28T11:39:29.556+0500] {processor.py:829} INFO - Processing file /home/amina/miniconda/lib/python3.11/site-packages/airflow/example_dags/example_time_delta_sensor_async.py for tasks to queue
[2023-11-28T11:39:29.557+0500] {logging_mixin.py:154} INFO - [2023-11-28T11:39:29.556+0500] {dagbag.py:536} INFO - Filling up the DagBag from /home/amina/miniconda/lib/python3.11/site-packages/airflow/example_dags/example_time_delta_sensor_async.py
[2023-11-28T11:39:29.562+0500] {processor.py:839} INFO - DAG(s) dict_keys(['example_time_delta_sensor_async']) retrieved from /home/amina/miniconda/lib/python3.11/site-packages/airflow/example_dags/example_time_delta_sensor_async.py
[2023-11-28T11:39:29.890+0500] {logging_mixin.py:154} INFO - [2023-11-28T11:39:29.889+0500] {dag.py:2941} INFO - Sync 1 DAGs
[2023-11-28T11:39:30.241+0500] {logging_mixin.py:154} INFO - [2023-11-28T11:39:30.241+0500] {dag.py:3722} INFO - Setting next_dagrun for example_time_delta_sensor_async to None, run_after=None
[2023-11-28T11:39:30.369+0500] {processor.py:179} INFO - Processing /home/amina/miniconda/lib/python3.11/site-packages/airflow/example_dags/example_time_delta_sensor_async.py took 0.890 seconds
[2023-11-28T11:40:27.438+0500] {processor.py:157} INFO - Started process (PID=6809) to work on /home/amina/miniconda/lib/python3.11/site-packages/airflow/example_dags/example_time_delta_sensor_async.py
[2023-11-28T11:40:27.446+0500] {processor.py:829} INFO - Processing file /home/amina/miniconda/lib/python3.11/site-packages/airflow/example_dags/example_time_delta_sensor_async.py for tasks to queue
[2023-11-28T11:40:27.447+0500] {logging_mixin.py:154} INFO - [2023-11-28T11:40:27.446+0500] {dagbag.py:536} INFO - Filling up the DagBag from /home/amina/miniconda/lib/python3.11/site-packages/airflow/example_dags/example_time_delta_sensor_async.py
[2023-11-28T11:40:27.451+0500] {processor.py:839} INFO - DAG(s) dict_keys(['example_time_delta_sensor_async']) retrieved from /home/amina/miniconda/lib/python3.11/site-packages/airflow/example_dags/example_time_delta_sensor_async.py
[2023-11-28T11:40:27.468+0500] {logging_mixin.py:154} INFO - [2023-11-28T11:40:27.468+0500] {dag.py:2941} INFO - Sync 1 DAGs
[2023-11-28T11:40:27.479+0500] {logging_mixin.py:154} INFO - [2023-11-28T11:40:27.479+0500] {dag.py:3722} INFO - Setting next_dagrun for example_time_delta_sensor_async to None, run_after=None
[2023-11-28T11:40:27.577+0500] {processor.py:179} INFO - Processing /home/amina/miniconda/lib/python3.11/site-packages/airflow/example_dags/example_time_delta_sensor_async.py took 0.142 seconds
[2023-11-28T11:41:19.867+0500] {processor.py:157} INFO - Started process (PID=6868) to work on /home/amina/miniconda/lib/python3.11/site-packages/airflow/example_dags/example_time_delta_sensor_async.py
[2023-11-28T11:41:19.880+0500] {processor.py:829} INFO - Processing file /home/amina/miniconda/lib/python3.11/site-packages/airflow/example_dags/example_time_delta_sensor_async.py for tasks to queue
[2023-11-28T11:41:19.881+0500] {logging_mixin.py:154} INFO - [2023-11-28T11:41:19.880+0500] {dagbag.py:536} INFO - Filling up the DagBag from /home/amina/miniconda/lib/python3.11/site-packages/airflow/example_dags/example_time_delta_sensor_async.py
[2023-11-28T11:41:19.885+0500] {processor.py:839} INFO - DAG(s) dict_keys(['example_time_delta_sensor_async']) retrieved from /home/amina/miniconda/lib/python3.11/site-packages/airflow/example_dags/example_time_delta_sensor_async.py
[2023-11-28T11:41:19.901+0500] {logging_mixin.py:154} INFO - [2023-11-28T11:41:19.901+0500] {dag.py:2941} INFO - Sync 1 DAGs
[2023-11-28T11:41:19.913+0500] {logging_mixin.py:154} INFO - [2023-11-28T11:41:19.912+0500] {dag.py:3722} INFO - Setting next_dagrun for example_time_delta_sensor_async to None, run_after=None
[2023-11-28T11:41:20.024+0500] {processor.py:179} INFO - Processing /home/amina/miniconda/lib/python3.11/site-packages/airflow/example_dags/example_time_delta_sensor_async.py took 0.159 seconds
[2023-11-28T11:42:11.660+0500] {processor.py:157} INFO - Started process (PID=6922) to work on /home/amina/miniconda/lib/python3.11/site-packages/airflow/example_dags/example_time_delta_sensor_async.py
[2023-11-28T11:42:11.694+0500] {processor.py:829} INFO - Processing file /home/amina/miniconda/lib/python3.11/site-packages/airflow/example_dags/example_time_delta_sensor_async.py for tasks to queue
[2023-11-28T11:42:11.695+0500] {logging_mixin.py:154} INFO - [2023-11-28T11:42:11.695+0500] {dagbag.py:536} INFO - Filling up the DagBag from /home/amina/miniconda/lib/python3.11/site-packages/airflow/example_dags/example_time_delta_sensor_async.py
[2023-11-28T11:42:11.699+0500] {processor.py:839} INFO - DAG(s) dict_keys(['example_time_delta_sensor_async']) retrieved from /home/amina/miniconda/lib/python3.11/site-packages/airflow/example_dags/example_time_delta_sensor_async.py
[2023-11-28T11:42:11.714+0500] {logging_mixin.py:154} INFO - [2023-11-28T11:42:11.714+0500] {dag.py:2941} INFO - Sync 1 DAGs
[2023-11-28T11:42:11.724+0500] {logging_mixin.py:154} INFO - [2023-11-28T11:42:11.724+0500] {dag.py:3722} INFO - Setting next_dagrun for example_time_delta_sensor_async to None, run_after=None
[2023-11-28T11:42:11.811+0500] {processor.py:179} INFO - Processing /home/amina/miniconda/lib/python3.11/site-packages/airflow/example_dags/example_time_delta_sensor_async.py took 0.154 seconds
[2023-11-28T11:42:56.402+0500] {processor.py:157} INFO - Started process (PID=6992) to work on /home/amina/miniconda/lib/python3.11/site-packages/airflow/example_dags/example_time_delta_sensor_async.py
[2023-11-28T11:42:56.405+0500] {processor.py:829} INFO - Processing file /home/amina/miniconda/lib/python3.11/site-packages/airflow/example_dags/example_time_delta_sensor_async.py for tasks to queue
[2023-11-28T11:42:56.406+0500] {logging_mixin.py:154} INFO - [2023-11-28T11:42:56.405+0500] {dagbag.py:536} INFO - Filling up the DagBag from /home/amina/miniconda/lib/python3.11/site-packages/airflow/example_dags/example_time_delta_sensor_async.py
[2023-11-28T11:42:56.411+0500] {processor.py:839} INFO - DAG(s) dict_keys(['example_time_delta_sensor_async']) retrieved from /home/amina/miniconda/lib/python3.11/site-packages/airflow/example_dags/example_time_delta_sensor_async.py
[2023-11-28T11:42:56.427+0500] {logging_mixin.py:154} INFO - [2023-11-28T11:42:56.427+0500] {dag.py:2941} INFO - Sync 1 DAGs
[2023-11-28T11:42:56.438+0500] {logging_mixin.py:154} INFO - [2023-11-28T11:42:56.438+0500] {dag.py:3722} INFO - Setting next_dagrun for example_time_delta_sensor_async to None, run_after=None
[2023-11-28T11:42:56.525+0500] {processor.py:179} INFO - Processing /home/amina/miniconda/lib/python3.11/site-packages/airflow/example_dags/example_time_delta_sensor_async.py took 0.125 seconds
[2023-11-28T11:48:02.441+0500] {processor.py:157} INFO - Started process (PID=7373) to work on /home/amina/miniconda/lib/python3.11/site-packages/airflow/example_dags/example_time_delta_sensor_async.py
[2023-11-28T11:48:02.471+0500] {processor.py:829} INFO - Processing file /home/amina/miniconda/lib/python3.11/site-packages/airflow/example_dags/example_time_delta_sensor_async.py for tasks to queue
[2023-11-28T11:48:02.472+0500] {logging_mixin.py:154} INFO - [2023-11-28T11:48:02.471+0500] {dagbag.py:536} INFO - Filling up the DagBag from /home/amina/miniconda/lib/python3.11/site-packages/airflow/example_dags/example_time_delta_sensor_async.py
[2023-11-28T11:48:02.478+0500] {processor.py:839} INFO - DAG(s) dict_keys(['example_time_delta_sensor_async']) retrieved from /home/amina/miniconda/lib/python3.11/site-packages/airflow/example_dags/example_time_delta_sensor_async.py
[2023-11-28T11:48:02.499+0500] {logging_mixin.py:154} INFO - [2023-11-28T11:48:02.499+0500] {dag.py:2941} INFO - Sync 1 DAGs
[2023-11-28T11:48:02.514+0500] {logging_mixin.py:154} INFO - [2023-11-28T11:48:02.514+0500] {dag.py:3722} INFO - Setting next_dagrun for example_time_delta_sensor_async to None, run_after=None
[2023-11-28T11:48:02.615+0500] {processor.py:179} INFO - Processing /home/amina/miniconda/lib/python3.11/site-packages/airflow/example_dags/example_time_delta_sensor_async.py took 0.177 seconds
[2023-11-28T11:49:35.830+0500] {processor.py:157} INFO - Started process (PID=7442) to work on /home/amina/miniconda/lib/python3.11/site-packages/airflow/example_dags/example_time_delta_sensor_async.py
[2023-11-28T11:49:35.883+0500] {processor.py:829} INFO - Processing file /home/amina/miniconda/lib/python3.11/site-packages/airflow/example_dags/example_time_delta_sensor_async.py for tasks to queue
[2023-11-28T11:49:35.884+0500] {logging_mixin.py:154} INFO - [2023-11-28T11:49:35.883+0500] {dagbag.py:536} INFO - Filling up the DagBag from /home/amina/miniconda/lib/python3.11/site-packages/airflow/example_dags/example_time_delta_sensor_async.py
[2023-11-28T11:49:35.888+0500] {processor.py:839} INFO - DAG(s) dict_keys(['example_time_delta_sensor_async']) retrieved from /home/amina/miniconda/lib/python3.11/site-packages/airflow/example_dags/example_time_delta_sensor_async.py
[2023-11-28T11:49:35.904+0500] {logging_mixin.py:154} INFO - [2023-11-28T11:49:35.904+0500] {dag.py:2941} INFO - Sync 1 DAGs
[2023-11-28T11:49:35.916+0500] {logging_mixin.py:154} INFO - [2023-11-28T11:49:35.916+0500] {dag.py:3722} INFO - Setting next_dagrun for example_time_delta_sensor_async to None, run_after=None
[2023-11-28T11:49:36.159+0500] {processor.py:179} INFO - Processing /home/amina/miniconda/lib/python3.11/site-packages/airflow/example_dags/example_time_delta_sensor_async.py took 0.331 seconds
[2023-11-28T11:50:58.350+0500] {processor.py:157} INFO - Started process (PID=7515) to work on /home/amina/miniconda/lib/python3.11/site-packages/airflow/example_dags/example_time_delta_sensor_async.py
[2023-11-28T11:50:58.362+0500] {processor.py:829} INFO - Processing file /home/amina/miniconda/lib/python3.11/site-packages/airflow/example_dags/example_time_delta_sensor_async.py for tasks to queue
[2023-11-28T11:50:58.363+0500] {logging_mixin.py:154} INFO - [2023-11-28T11:50:58.363+0500] {dagbag.py:536} INFO - Filling up the DagBag from /home/amina/miniconda/lib/python3.11/site-packages/airflow/example_dags/example_time_delta_sensor_async.py
[2023-11-28T11:50:58.367+0500] {processor.py:839} INFO - DAG(s) dict_keys(['example_time_delta_sensor_async']) retrieved from /home/amina/miniconda/lib/python3.11/site-packages/airflow/example_dags/example_time_delta_sensor_async.py
[2023-11-28T11:50:58.491+0500] {logging_mixin.py:154} INFO - [2023-11-28T11:50:58.491+0500] {dag.py:2941} INFO - Sync 1 DAGs
[2023-11-28T11:50:58.502+0500] {logging_mixin.py:154} INFO - [2023-11-28T11:50:58.502+0500] {dag.py:3722} INFO - Setting next_dagrun for example_time_delta_sensor_async to None, run_after=None
[2023-11-28T11:50:58.594+0500] {processor.py:179} INFO - Processing /home/amina/miniconda/lib/python3.11/site-packages/airflow/example_dags/example_time_delta_sensor_async.py took 0.246 seconds
[2023-11-28T11:51:55.472+0500] {processor.py:157} INFO - Started process (PID=7608) to work on /home/amina/miniconda/lib/python3.11/site-packages/airflow/example_dags/example_time_delta_sensor_async.py
[2023-11-28T11:51:55.508+0500] {processor.py:829} INFO - Processing file /home/amina/miniconda/lib/python3.11/site-packages/airflow/example_dags/example_time_delta_sensor_async.py for tasks to queue
[2023-11-28T11:51:55.509+0500] {logging_mixin.py:154} INFO - [2023-11-28T11:51:55.508+0500] {dagbag.py:536} INFO - Filling up the DagBag from /home/amina/miniconda/lib/python3.11/site-packages/airflow/example_dags/example_time_delta_sensor_async.py
[2023-11-28T11:51:55.515+0500] {processor.py:839} INFO - DAG(s) dict_keys(['example_time_delta_sensor_async']) retrieved from /home/amina/miniconda/lib/python3.11/site-packages/airflow/example_dags/example_time_delta_sensor_async.py
[2023-11-28T11:51:55.532+0500] {logging_mixin.py:154} INFO - [2023-11-28T11:51:55.532+0500] {dag.py:2941} INFO - Sync 1 DAGs
[2023-11-28T11:51:55.542+0500] {logging_mixin.py:154} INFO - [2023-11-28T11:51:55.542+0500] {dag.py:3722} INFO - Setting next_dagrun for example_time_delta_sensor_async to None, run_after=None
[2023-11-28T11:51:55.730+0500] {processor.py:179} INFO - Processing /home/amina/miniconda/lib/python3.11/site-packages/airflow/example_dags/example_time_delta_sensor_async.py took 0.261 seconds
[2023-11-28T11:52:48.480+0500] {processor.py:157} INFO - Started process (PID=7657) to work on /home/amina/miniconda/lib/python3.11/site-packages/airflow/example_dags/example_time_delta_sensor_async.py
[2023-11-28T11:52:48.508+0500] {processor.py:829} INFO - Processing file /home/amina/miniconda/lib/python3.11/site-packages/airflow/example_dags/example_time_delta_sensor_async.py for tasks to queue
[2023-11-28T11:52:48.509+0500] {logging_mixin.py:154} INFO - [2023-11-28T11:52:48.508+0500] {dagbag.py:536} INFO - Filling up the DagBag from /home/amina/miniconda/lib/python3.11/site-packages/airflow/example_dags/example_time_delta_sensor_async.py
[2023-11-28T11:52:48.513+0500] {processor.py:839} INFO - DAG(s) dict_keys(['example_time_delta_sensor_async']) retrieved from /home/amina/miniconda/lib/python3.11/site-packages/airflow/example_dags/example_time_delta_sensor_async.py
[2023-11-28T11:52:48.533+0500] {logging_mixin.py:154} INFO - [2023-11-28T11:52:48.532+0500] {dag.py:2941} INFO - Sync 1 DAGs
[2023-11-28T11:52:48.546+0500] {logging_mixin.py:154} INFO - [2023-11-28T11:52:48.545+0500] {dag.py:3722} INFO - Setting next_dagrun for example_time_delta_sensor_async to None, run_after=None
[2023-11-28T11:52:48.634+0500] {processor.py:179} INFO - Processing /home/amina/miniconda/lib/python3.11/site-packages/airflow/example_dags/example_time_delta_sensor_async.py took 0.157 seconds
[2023-11-28T11:53:35.057+0500] {processor.py:157} INFO - Started process (PID=7755) to work on /home/amina/miniconda/lib/python3.11/site-packages/airflow/example_dags/example_time_delta_sensor_async.py
[2023-11-28T11:53:35.064+0500] {processor.py:829} INFO - Processing file /home/amina/miniconda/lib/python3.11/site-packages/airflow/example_dags/example_time_delta_sensor_async.py for tasks to queue
[2023-11-28T11:53:35.065+0500] {logging_mixin.py:154} INFO - [2023-11-28T11:53:35.065+0500] {dagbag.py:536} INFO - Filling up the DagBag from /home/amina/miniconda/lib/python3.11/site-packages/airflow/example_dags/example_time_delta_sensor_async.py
[2023-11-28T11:53:35.070+0500] {processor.py:839} INFO - DAG(s) dict_keys(['example_time_delta_sensor_async']) retrieved from /home/amina/miniconda/lib/python3.11/site-packages/airflow/example_dags/example_time_delta_sensor_async.py
[2023-11-28T11:53:35.088+0500] {logging_mixin.py:154} INFO - [2023-11-28T11:53:35.088+0500] {dag.py:2941} INFO - Sync 1 DAGs
[2023-11-28T11:53:35.101+0500] {logging_mixin.py:154} INFO - [2023-11-28T11:53:35.101+0500] {dag.py:3722} INFO - Setting next_dagrun for example_time_delta_sensor_async to None, run_after=None
[2023-11-28T11:53:35.199+0500] {processor.py:179} INFO - Processing /home/amina/miniconda/lib/python3.11/site-packages/airflow/example_dags/example_time_delta_sensor_async.py took 0.145 seconds
[2023-11-28T11:54:26.191+0500] {processor.py:157} INFO - Started process (PID=7805) to work on /home/amina/miniconda/lib/python3.11/site-packages/airflow/example_dags/example_time_delta_sensor_async.py
[2023-11-28T11:54:26.227+0500] {processor.py:829} INFO - Processing file /home/amina/miniconda/lib/python3.11/site-packages/airflow/example_dags/example_time_delta_sensor_async.py for tasks to queue
[2023-11-28T11:54:26.228+0500] {logging_mixin.py:154} INFO - [2023-11-28T11:54:26.227+0500] {dagbag.py:536} INFO - Filling up the DagBag from /home/amina/miniconda/lib/python3.11/site-packages/airflow/example_dags/example_time_delta_sensor_async.py
[2023-11-28T11:54:26.233+0500] {processor.py:839} INFO - DAG(s) dict_keys(['example_time_delta_sensor_async']) retrieved from /home/amina/miniconda/lib/python3.11/site-packages/airflow/example_dags/example_time_delta_sensor_async.py
[2023-11-28T11:54:26.251+0500] {logging_mixin.py:154} INFO - [2023-11-28T11:54:26.251+0500] {dag.py:2941} INFO - Sync 1 DAGs
[2023-11-28T11:54:26.272+0500] {logging_mixin.py:154} INFO - [2023-11-28T11:54:26.272+0500] {dag.py:3722} INFO - Setting next_dagrun for example_time_delta_sensor_async to None, run_after=None
[2023-11-28T11:54:26.384+0500] {processor.py:179} INFO - Processing /home/amina/miniconda/lib/python3.11/site-packages/airflow/example_dags/example_time_delta_sensor_async.py took 0.197 seconds
[2023-11-28T11:55:16.406+0500] {processor.py:157} INFO - Started process (PID=7859) to work on /home/amina/miniconda/lib/python3.11/site-packages/airflow/example_dags/example_time_delta_sensor_async.py
[2023-11-28T11:55:16.446+0500] {processor.py:829} INFO - Processing file /home/amina/miniconda/lib/python3.11/site-packages/airflow/example_dags/example_time_delta_sensor_async.py for tasks to queue
[2023-11-28T11:55:16.448+0500] {logging_mixin.py:154} INFO - [2023-11-28T11:55:16.447+0500] {dagbag.py:536} INFO - Filling up the DagBag from /home/amina/miniconda/lib/python3.11/site-packages/airflow/example_dags/example_time_delta_sensor_async.py
[2023-11-28T11:55:16.455+0500] {processor.py:839} INFO - DAG(s) dict_keys(['example_time_delta_sensor_async']) retrieved from /home/amina/miniconda/lib/python3.11/site-packages/airflow/example_dags/example_time_delta_sensor_async.py
[2023-11-28T11:55:16.475+0500] {logging_mixin.py:154} INFO - [2023-11-28T11:55:16.475+0500] {dag.py:2941} INFO - Sync 1 DAGs
[2023-11-28T11:55:16.494+0500] {logging_mixin.py:154} INFO - [2023-11-28T11:55:16.494+0500] {dag.py:3722} INFO - Setting next_dagrun for example_time_delta_sensor_async to None, run_after=None
[2023-11-28T11:55:16.596+0500] {processor.py:179} INFO - Processing /home/amina/miniconda/lib/python3.11/site-packages/airflow/example_dags/example_time_delta_sensor_async.py took 0.193 seconds
[2023-11-28T11:56:06.372+0500] {processor.py:157} INFO - Started process (PID=7904) to work on /home/amina/miniconda/lib/python3.11/site-packages/airflow/example_dags/example_time_delta_sensor_async.py
[2023-11-28T11:56:06.373+0500] {processor.py:829} INFO - Processing file /home/amina/miniconda/lib/python3.11/site-packages/airflow/example_dags/example_time_delta_sensor_async.py for tasks to queue
[2023-11-28T11:56:06.375+0500] {logging_mixin.py:154} INFO - [2023-11-28T11:56:06.375+0500] {dagbag.py:536} INFO - Filling up the DagBag from /home/amina/miniconda/lib/python3.11/site-packages/airflow/example_dags/example_time_delta_sensor_async.py
[2023-11-28T11:56:06.381+0500] {processor.py:839} INFO - DAG(s) dict_keys(['example_time_delta_sensor_async']) retrieved from /home/amina/miniconda/lib/python3.11/site-packages/airflow/example_dags/example_time_delta_sensor_async.py
[2023-11-28T11:56:06.399+0500] {logging_mixin.py:154} INFO - [2023-11-28T11:56:06.398+0500] {dag.py:2941} INFO - Sync 1 DAGs
[2023-11-28T11:56:06.412+0500] {logging_mixin.py:154} INFO - [2023-11-28T11:56:06.412+0500] {dag.py:3722} INFO - Setting next_dagrun for example_time_delta_sensor_async to None, run_after=None
[2023-11-28T11:56:06.501+0500] {processor.py:179} INFO - Processing /home/amina/miniconda/lib/python3.11/site-packages/airflow/example_dags/example_time_delta_sensor_async.py took 0.132 seconds
[2023-11-28T11:56:53.197+0500] {processor.py:157} INFO - Started process (PID=7951) to work on /home/amina/miniconda/lib/python3.11/site-packages/airflow/example_dags/example_time_delta_sensor_async.py
[2023-11-28T11:56:53.220+0500] {processor.py:829} INFO - Processing file /home/amina/miniconda/lib/python3.11/site-packages/airflow/example_dags/example_time_delta_sensor_async.py for tasks to queue
[2023-11-28T11:56:53.222+0500] {logging_mixin.py:154} INFO - [2023-11-28T11:56:53.221+0500] {dagbag.py:536} INFO - Filling up the DagBag from /home/amina/miniconda/lib/python3.11/site-packages/airflow/example_dags/example_time_delta_sensor_async.py
[2023-11-28T11:56:53.230+0500] {processor.py:839} INFO - DAG(s) dict_keys(['example_time_delta_sensor_async']) retrieved from /home/amina/miniconda/lib/python3.11/site-packages/airflow/example_dags/example_time_delta_sensor_async.py
[2023-11-28T11:56:53.256+0500] {logging_mixin.py:154} INFO - [2023-11-28T11:56:53.256+0500] {dag.py:2941} INFO - Sync 1 DAGs
[2023-11-28T11:56:53.277+0500] {logging_mixin.py:154} INFO - [2023-11-28T11:56:53.277+0500] {dag.py:3722} INFO - Setting next_dagrun for example_time_delta_sensor_async to None, run_after=None
[2023-11-28T11:56:53.405+0500] {processor.py:179} INFO - Processing /home/amina/miniconda/lib/python3.11/site-packages/airflow/example_dags/example_time_delta_sensor_async.py took 0.213 seconds
[2023-11-28T18:23:42.576+0500] {processor.py:157} INFO - Started process (PID=8303) to work on /home/amina/miniconda/lib/python3.11/site-packages/airflow/example_dags/example_time_delta_sensor_async.py
[2023-11-28T18:23:42.628+0500] {processor.py:829} INFO - Processing file /home/amina/miniconda/lib/python3.11/site-packages/airflow/example_dags/example_time_delta_sensor_async.py for tasks to queue
[2023-11-28T18:23:42.629+0500] {logging_mixin.py:154} INFO - [2023-11-28T18:23:42.628+0500] {dagbag.py:536} INFO - Filling up the DagBag from /home/amina/miniconda/lib/python3.11/site-packages/airflow/example_dags/example_time_delta_sensor_async.py
[2023-11-28T18:23:42.634+0500] {processor.py:839} INFO - DAG(s) dict_keys(['example_time_delta_sensor_async']) retrieved from /home/amina/miniconda/lib/python3.11/site-packages/airflow/example_dags/example_time_delta_sensor_async.py
[2023-11-28T18:23:42.647+0500] {logging_mixin.py:154} INFO - [2023-11-28T18:23:42.647+0500] {dag.py:2941} INFO - Sync 1 DAGs
[2023-11-28T18:23:42.658+0500] {logging_mixin.py:154} INFO - [2023-11-28T18:23:42.658+0500] {dag.py:3722} INFO - Setting next_dagrun for example_time_delta_sensor_async to None, run_after=None
[2023-11-28T18:23:42.747+0500] {processor.py:179} INFO - Processing /home/amina/miniconda/lib/python3.11/site-packages/airflow/example_dags/example_time_delta_sensor_async.py took 0.175 seconds
