[2023-11-28T11:38:20.376+0500] {processor.py:157} INFO - Started process (PID=6617) to work on /home/amina/miniconda/lib/python3.11/site-packages/airflow/example_dags/example_branch_operator.py
[2023-11-28T11:38:20.376+0500] {processor.py:829} INFO - Processing file /home/amina/miniconda/lib/python3.11/site-packages/airflow/example_dags/example_branch_operator.py for tasks to queue
[2023-11-28T11:38:20.377+0500] {logging_mixin.py:154} INFO - [2023-11-28T11:38:20.377+0500] {dagbag.py:536} INFO - Filling up the DagBag from /home/amina/miniconda/lib/python3.11/site-packages/airflow/example_dags/example_branch_operator.py
[2023-11-28T11:38:20.387+0500] {processor.py:839} INFO - DAG(s) dict_keys(['example_branch_operator']) retrieved from /home/amina/miniconda/lib/python3.11/site-packages/airflow/example_dags/example_branch_operator.py
[2023-11-28T11:38:20.403+0500] {logging_mixin.py:154} INFO - [2023-11-28T11:38:20.402+0500] {dag.py:2941} INFO - Sync 1 DAGs
[2023-11-28T11:38:20.423+0500] {logging_mixin.py:154} INFO - [2023-11-28T11:38:20.423+0500] {dag.py:3722} INFO - Setting next_dagrun for example_branch_operator to 2023-11-27T00:00:00+00:00, run_after=2023-11-28T00:00:00+00:00
[2023-11-28T11:38:20.531+0500] {processor.py:179} INFO - Processing /home/amina/miniconda/lib/python3.11/site-packages/airflow/example_dags/example_branch_operator.py took 0.158 seconds
[2023-11-28T11:39:35.520+0500] {processor.py:157} INFO - Started process (PID=6763) to work on /home/amina/miniconda/lib/python3.11/site-packages/airflow/example_dags/example_branch_operator.py
[2023-11-28T11:39:35.560+0500] {processor.py:829} INFO - Processing file /home/amina/miniconda/lib/python3.11/site-packages/airflow/example_dags/example_branch_operator.py for tasks to queue
[2023-11-28T11:39:35.561+0500] {logging_mixin.py:154} INFO - [2023-11-28T11:39:35.561+0500] {dagbag.py:536} INFO - Filling up the DagBag from /home/amina/miniconda/lib/python3.11/site-packages/airflow/example_dags/example_branch_operator.py
[2023-11-28T11:39:35.570+0500] {processor.py:839} INFO - DAG(s) dict_keys(['example_branch_operator']) retrieved from /home/amina/miniconda/lib/python3.11/site-packages/airflow/example_dags/example_branch_operator.py
[2023-11-28T11:39:35.587+0500] {logging_mixin.py:154} INFO - [2023-11-28T11:39:35.587+0500] {dag.py:2941} INFO - Sync 1 DAGs
[2023-11-28T11:39:35.700+0500] {logging_mixin.py:154} INFO - [2023-11-28T11:39:35.700+0500] {dag.py:3722} INFO - Setting next_dagrun for example_branch_operator to 2023-11-27T00:00:00+00:00, run_after=2023-11-28T00:00:00+00:00
[2023-11-28T11:39:35.813+0500] {processor.py:179} INFO - Processing /home/amina/miniconda/lib/python3.11/site-packages/airflow/example_dags/example_branch_operator.py took 0.298 seconds
[2023-11-28T11:40:33.941+0500] {processor.py:157} INFO - Started process (PID=6814) to work on /home/amina/miniconda/lib/python3.11/site-packages/airflow/example_dags/example_branch_operator.py
[2023-11-28T11:40:33.955+0500] {processor.py:829} INFO - Processing file /home/amina/miniconda/lib/python3.11/site-packages/airflow/example_dags/example_branch_operator.py for tasks to queue
[2023-11-28T11:40:33.956+0500] {logging_mixin.py:154} INFO - [2023-11-28T11:40:33.955+0500] {dagbag.py:536} INFO - Filling up the DagBag from /home/amina/miniconda/lib/python3.11/site-packages/airflow/example_dags/example_branch_operator.py
[2023-11-28T11:40:33.964+0500] {processor.py:839} INFO - DAG(s) dict_keys(['example_branch_operator']) retrieved from /home/amina/miniconda/lib/python3.11/site-packages/airflow/example_dags/example_branch_operator.py
[2023-11-28T11:40:33.981+0500] {logging_mixin.py:154} INFO - [2023-11-28T11:40:33.981+0500] {dag.py:2941} INFO - Sync 1 DAGs
[2023-11-28T11:40:34.002+0500] {logging_mixin.py:154} INFO - [2023-11-28T11:40:34.002+0500] {dag.py:3722} INFO - Setting next_dagrun for example_branch_operator to 2023-11-27T00:00:00+00:00, run_after=2023-11-28T00:00:00+00:00
[2023-11-28T11:40:34.120+0500] {processor.py:179} INFO - Processing /home/amina/miniconda/lib/python3.11/site-packages/airflow/example_dags/example_branch_operator.py took 0.182 seconds
[2023-11-28T11:41:26.558+0500] {processor.py:157} INFO - Started process (PID=6874) to work on /home/amina/miniconda/lib/python3.11/site-packages/airflow/example_dags/example_branch_operator.py
[2023-11-28T11:41:26.602+0500] {processor.py:829} INFO - Processing file /home/amina/miniconda/lib/python3.11/site-packages/airflow/example_dags/example_branch_operator.py for tasks to queue
[2023-11-28T11:41:26.603+0500] {logging_mixin.py:154} INFO - [2023-11-28T11:41:26.602+0500] {dagbag.py:536} INFO - Filling up the DagBag from /home/amina/miniconda/lib/python3.11/site-packages/airflow/example_dags/example_branch_operator.py
[2023-11-28T11:41:26.611+0500] {processor.py:839} INFO - DAG(s) dict_keys(['example_branch_operator']) retrieved from /home/amina/miniconda/lib/python3.11/site-packages/airflow/example_dags/example_branch_operator.py
[2023-11-28T11:41:26.628+0500] {logging_mixin.py:154} INFO - [2023-11-28T11:41:26.628+0500] {dag.py:2941} INFO - Sync 1 DAGs
[2023-11-28T11:41:26.648+0500] {logging_mixin.py:154} INFO - [2023-11-28T11:41:26.648+0500] {dag.py:3722} INFO - Setting next_dagrun for example_branch_operator to 2023-11-27T00:00:00+00:00, run_after=2023-11-28T00:00:00+00:00
[2023-11-28T11:41:26.744+0500] {processor.py:179} INFO - Processing /home/amina/miniconda/lib/python3.11/site-packages/airflow/example_dags/example_branch_operator.py took 0.190 seconds
[2023-11-28T11:42:30.162+0500] {processor.py:157} INFO - Started process (PID=6939) to work on /home/amina/miniconda/lib/python3.11/site-packages/airflow/example_dags/example_branch_operator.py
[2023-11-28T11:42:30.180+0500] {processor.py:829} INFO - Processing file /home/amina/miniconda/lib/python3.11/site-packages/airflow/example_dags/example_branch_operator.py for tasks to queue
[2023-11-28T11:42:30.181+0500] {logging_mixin.py:154} INFO - [2023-11-28T11:42:30.181+0500] {dagbag.py:536} INFO - Filling up the DagBag from /home/amina/miniconda/lib/python3.11/site-packages/airflow/example_dags/example_branch_operator.py
[2023-11-28T11:42:30.190+0500] {processor.py:839} INFO - DAG(s) dict_keys(['example_branch_operator']) retrieved from /home/amina/miniconda/lib/python3.11/site-packages/airflow/example_dags/example_branch_operator.py
[2023-11-28T11:42:30.208+0500] {logging_mixin.py:154} INFO - [2023-11-28T11:42:30.208+0500] {dag.py:2941} INFO - Sync 1 DAGs
[2023-11-28T11:42:30.228+0500] {logging_mixin.py:154} INFO - [2023-11-28T11:42:30.228+0500] {dag.py:3722} INFO - Setting next_dagrun for example_branch_operator to 2023-11-27T00:00:00+00:00, run_after=2023-11-28T00:00:00+00:00
[2023-11-28T11:42:30.323+0500] {processor.py:179} INFO - Processing /home/amina/miniconda/lib/python3.11/site-packages/airflow/example_dags/example_branch_operator.py took 0.163 seconds
[2023-11-28T11:48:35.580+0500] {processor.py:157} INFO - Started process (PID=7410) to work on /home/amina/miniconda/lib/python3.11/site-packages/airflow/example_dags/example_branch_operator.py
[2023-11-28T11:48:35.599+0500] {processor.py:829} INFO - Processing file /home/amina/miniconda/lib/python3.11/site-packages/airflow/example_dags/example_branch_operator.py for tasks to queue
[2023-11-28T11:48:35.599+0500] {logging_mixin.py:154} INFO - [2023-11-28T11:48:35.599+0500] {dagbag.py:536} INFO - Filling up the DagBag from /home/amina/miniconda/lib/python3.11/site-packages/airflow/example_dags/example_branch_operator.py
[2023-11-28T11:48:35.610+0500] {processor.py:839} INFO - DAG(s) dict_keys(['example_branch_operator']) retrieved from /home/amina/miniconda/lib/python3.11/site-packages/airflow/example_dags/example_branch_operator.py
[2023-11-28T11:48:35.629+0500] {logging_mixin.py:154} INFO - [2023-11-28T11:48:35.629+0500] {dag.py:2941} INFO - Sync 1 DAGs
[2023-11-28T11:48:35.651+0500] {logging_mixin.py:154} INFO - [2023-11-28T11:48:35.651+0500] {dag.py:3722} INFO - Setting next_dagrun for example_branch_operator to 2023-11-27T00:00:00+00:00, run_after=2023-11-28T00:00:00+00:00
[2023-11-28T11:48:35.753+0500] {processor.py:179} INFO - Processing /home/amina/miniconda/lib/python3.11/site-packages/airflow/example_dags/example_branch_operator.py took 0.176 seconds
[2023-11-28T11:50:36.011+0500] {processor.py:157} INFO - Started process (PID=7494) to work on /home/amina/miniconda/lib/python3.11/site-packages/airflow/example_dags/example_branch_operator.py
[2023-11-28T11:50:36.033+0500] {processor.py:829} INFO - Processing file /home/amina/miniconda/lib/python3.11/site-packages/airflow/example_dags/example_branch_operator.py for tasks to queue
[2023-11-28T11:50:36.034+0500] {logging_mixin.py:154} INFO - [2023-11-28T11:50:36.034+0500] {dagbag.py:536} INFO - Filling up the DagBag from /home/amina/miniconda/lib/python3.11/site-packages/airflow/example_dags/example_branch_operator.py
[2023-11-28T11:50:36.045+0500] {processor.py:839} INFO - DAG(s) dict_keys(['example_branch_operator']) retrieved from /home/amina/miniconda/lib/python3.11/site-packages/airflow/example_dags/example_branch_operator.py
[2023-11-28T11:50:36.180+0500] {logging_mixin.py:154} INFO - [2023-11-28T11:50:36.180+0500] {dag.py:2941} INFO - Sync 1 DAGs
[2023-11-28T11:50:36.205+0500] {logging_mixin.py:154} INFO - [2023-11-28T11:50:36.205+0500] {dag.py:3722} INFO - Setting next_dagrun for example_branch_operator to 2023-11-27T00:00:00+00:00, run_after=2023-11-28T00:00:00+00:00
[2023-11-28T11:50:36.474+0500] {processor.py:179} INFO - Processing /home/amina/miniconda/lib/python3.11/site-packages/airflow/example_dags/example_branch_operator.py took 0.466 seconds
[2023-11-28T11:52:03.332+0500] {processor.py:157} INFO - Started process (PID=7615) to work on /home/amina/miniconda/lib/python3.11/site-packages/airflow/example_dags/example_branch_operator.py
[2023-11-28T11:52:03.397+0500] {processor.py:829} INFO - Processing file /home/amina/miniconda/lib/python3.11/site-packages/airflow/example_dags/example_branch_operator.py for tasks to queue
[2023-11-28T11:52:03.398+0500] {logging_mixin.py:154} INFO - [2023-11-28T11:52:03.398+0500] {dagbag.py:536} INFO - Filling up the DagBag from /home/amina/miniconda/lib/python3.11/site-packages/airflow/example_dags/example_branch_operator.py
[2023-11-28T11:52:03.409+0500] {processor.py:839} INFO - DAG(s) dict_keys(['example_branch_operator']) retrieved from /home/amina/miniconda/lib/python3.11/site-packages/airflow/example_dags/example_branch_operator.py
[2023-11-28T11:52:03.430+0500] {logging_mixin.py:154} INFO - [2023-11-28T11:52:03.429+0500] {dag.py:2941} INFO - Sync 1 DAGs
[2023-11-28T11:52:03.453+0500] {logging_mixin.py:154} INFO - [2023-11-28T11:52:03.453+0500] {dag.py:3722} INFO - Setting next_dagrun for example_branch_operator to 2023-11-27T00:00:00+00:00, run_after=2023-11-28T00:00:00+00:00
[2023-11-28T11:52:03.539+0500] {processor.py:179} INFO - Processing /home/amina/miniconda/lib/python3.11/site-packages/airflow/example_dags/example_branch_operator.py took 0.213 seconds
[2023-11-28T11:52:54.956+0500] {processor.py:157} INFO - Started process (PID=7719) to work on /home/amina/miniconda/lib/python3.11/site-packages/airflow/example_dags/example_branch_operator.py
[2023-11-28T11:52:54.991+0500] {processor.py:829} INFO - Processing file /home/amina/miniconda/lib/python3.11/site-packages/airflow/example_dags/example_branch_operator.py for tasks to queue
[2023-11-28T11:52:54.992+0500] {logging_mixin.py:154} INFO - [2023-11-28T11:52:54.992+0500] {dagbag.py:536} INFO - Filling up the DagBag from /home/amina/miniconda/lib/python3.11/site-packages/airflow/example_dags/example_branch_operator.py
[2023-11-28T11:52:55.003+0500] {processor.py:839} INFO - DAG(s) dict_keys(['example_branch_operator']) retrieved from /home/amina/miniconda/lib/python3.11/site-packages/airflow/example_dags/example_branch_operator.py
[2023-11-28T11:52:55.024+0500] {logging_mixin.py:154} INFO - [2023-11-28T11:52:55.024+0500] {dag.py:2941} INFO - Sync 1 DAGs
[2023-11-28T11:52:55.048+0500] {logging_mixin.py:154} INFO - [2023-11-28T11:52:55.048+0500] {dag.py:3722} INFO - Setting next_dagrun for example_branch_operator to 2023-11-27T00:00:00+00:00, run_after=2023-11-28T00:00:00+00:00
[2023-11-28T11:52:55.147+0500] {processor.py:179} INFO - Processing /home/amina/miniconda/lib/python3.11/site-packages/airflow/example_dags/example_branch_operator.py took 0.194 seconds
[2023-11-28T11:54:08.138+0500] {processor.py:157} INFO - Started process (PID=7791) to work on /home/amina/miniconda/lib/python3.11/site-packages/airflow/example_dags/example_branch_operator.py
[2023-11-28T11:54:08.198+0500] {processor.py:829} INFO - Processing file /home/amina/miniconda/lib/python3.11/site-packages/airflow/example_dags/example_branch_operator.py for tasks to queue
[2023-11-28T11:54:08.199+0500] {logging_mixin.py:154} INFO - [2023-11-28T11:54:08.199+0500] {dagbag.py:536} INFO - Filling up the DagBag from /home/amina/miniconda/lib/python3.11/site-packages/airflow/example_dags/example_branch_operator.py
[2023-11-28T11:54:08.216+0500] {processor.py:839} INFO - DAG(s) dict_keys(['example_branch_operator']) retrieved from /home/amina/miniconda/lib/python3.11/site-packages/airflow/example_dags/example_branch_operator.py
[2023-11-28T11:54:08.242+0500] {logging_mixin.py:154} INFO - [2023-11-28T11:54:08.242+0500] {dag.py:2941} INFO - Sync 1 DAGs
[2023-11-28T11:54:08.270+0500] {logging_mixin.py:154} INFO - [2023-11-28T11:54:08.270+0500] {dag.py:3722} INFO - Setting next_dagrun for example_branch_operator to 2023-11-27T00:00:00+00:00, run_after=2023-11-28T00:00:00+00:00
[2023-11-28T11:54:08.362+0500] {processor.py:179} INFO - Processing /home/amina/miniconda/lib/python3.11/site-packages/airflow/example_dags/example_branch_operator.py took 0.227 seconds
[2023-11-28T11:55:24.460+0500] {processor.py:157} INFO - Started process (PID=7865) to work on /home/amina/miniconda/lib/python3.11/site-packages/airflow/example_dags/example_branch_operator.py
[2023-11-28T11:55:24.493+0500] {processor.py:829} INFO - Processing file /home/amina/miniconda/lib/python3.11/site-packages/airflow/example_dags/example_branch_operator.py for tasks to queue
[2023-11-28T11:55:24.494+0500] {logging_mixin.py:154} INFO - [2023-11-28T11:55:24.494+0500] {dagbag.py:536} INFO - Filling up the DagBag from /home/amina/miniconda/lib/python3.11/site-packages/airflow/example_dags/example_branch_operator.py
[2023-11-28T11:55:24.506+0500] {processor.py:839} INFO - DAG(s) dict_keys(['example_branch_operator']) retrieved from /home/amina/miniconda/lib/python3.11/site-packages/airflow/example_dags/example_branch_operator.py
[2023-11-28T11:55:24.525+0500] {logging_mixin.py:154} INFO - [2023-11-28T11:55:24.525+0500] {dag.py:2941} INFO - Sync 1 DAGs
[2023-11-28T11:55:24.550+0500] {logging_mixin.py:154} INFO - [2023-11-28T11:55:24.550+0500] {dag.py:3722} INFO - Setting next_dagrun for example_branch_operator to 2023-11-27T00:00:00+00:00, run_after=2023-11-28T00:00:00+00:00
[2023-11-28T11:55:24.634+0500] {processor.py:179} INFO - Processing /home/amina/miniconda/lib/python3.11/site-packages/airflow/example_dags/example_branch_operator.py took 0.177 seconds
[2023-11-28T11:56:36.994+0500] {processor.py:157} INFO - Started process (PID=7936) to work on /home/amina/miniconda/lib/python3.11/site-packages/airflow/example_dags/example_branch_operator.py
[2023-11-28T11:56:36.999+0500] {processor.py:829} INFO - Processing file /home/amina/miniconda/lib/python3.11/site-packages/airflow/example_dags/example_branch_operator.py for tasks to queue
[2023-11-28T11:56:36.999+0500] {logging_mixin.py:154} INFO - [2023-11-28T11:56:36.999+0500] {dagbag.py:536} INFO - Filling up the DagBag from /home/amina/miniconda/lib/python3.11/site-packages/airflow/example_dags/example_branch_operator.py
[2023-11-28T11:56:37.012+0500] {processor.py:839} INFO - DAG(s) dict_keys(['example_branch_operator']) retrieved from /home/amina/miniconda/lib/python3.11/site-packages/airflow/example_dags/example_branch_operator.py
[2023-11-28T11:56:37.034+0500] {logging_mixin.py:154} INFO - [2023-11-28T11:56:37.033+0500] {dag.py:2941} INFO - Sync 1 DAGs
[2023-11-28T11:56:37.068+0500] {logging_mixin.py:154} INFO - [2023-11-28T11:56:37.067+0500] {dag.py:3722} INFO - Setting next_dagrun for example_branch_operator to 2023-11-27T00:00:00+00:00, run_after=2023-11-28T00:00:00+00:00
[2023-11-28T11:56:37.389+0500] {processor.py:179} INFO - Processing /home/amina/miniconda/lib/python3.11/site-packages/airflow/example_dags/example_branch_operator.py took 0.399 seconds
[2023-11-28T18:23:59.840+0500] {processor.py:157} INFO - Started process (PID=8334) to work on /home/amina/miniconda/lib/python3.11/site-packages/airflow/example_dags/example_branch_operator.py
[2023-11-28T18:23:59.871+0500] {processor.py:829} INFO - Processing file /home/amina/miniconda/lib/python3.11/site-packages/airflow/example_dags/example_branch_operator.py for tasks to queue
[2023-11-28T18:23:59.872+0500] {logging_mixin.py:154} INFO - [2023-11-28T18:23:59.872+0500] {dagbag.py:536} INFO - Filling up the DagBag from /home/amina/miniconda/lib/python3.11/site-packages/airflow/example_dags/example_branch_operator.py
[2023-11-28T18:23:59.882+0500] {processor.py:839} INFO - DAG(s) dict_keys(['example_branch_operator']) retrieved from /home/amina/miniconda/lib/python3.11/site-packages/airflow/example_dags/example_branch_operator.py
[2023-11-28T18:23:59.899+0500] {logging_mixin.py:154} INFO - [2023-11-28T18:23:59.899+0500] {dag.py:2941} INFO - Sync 1 DAGs
[2023-11-28T18:23:59.919+0500] {logging_mixin.py:154} INFO - [2023-11-28T18:23:59.919+0500] {dag.py:3722} INFO - Setting next_dagrun for example_branch_operator to 2023-11-27T00:00:00+00:00, run_after=2023-11-28T00:00:00+00:00
[2023-11-28T18:24:00.000+0500] {processor.py:179} INFO - Processing /home/amina/miniconda/lib/python3.11/site-packages/airflow/example_dags/example_branch_operator.py took 0.164 seconds
