[2023-11-28T11:38:06.094+0500] {processor.py:157} INFO - Started process (PID=6601) to work on /home/amina/miniconda/lib/python3.11/site-packages/airflow/example_dags/example_branch_labels.py
[2023-11-28T11:38:06.095+0500] {processor.py:829} INFO - Processing file /home/amina/miniconda/lib/python3.11/site-packages/airflow/example_dags/example_branch_labels.py for tasks to queue
[2023-11-28T11:38:06.096+0500] {logging_mixin.py:154} INFO - [2023-11-28T11:38:06.096+0500] {dagbag.py:536} INFO - Filling up the DagBag from /home/amina/miniconda/lib/python3.11/site-packages/airflow/example_dags/example_branch_labels.py
[2023-11-28T11:38:06.106+0500] {processor.py:839} INFO - DAG(s) dict_keys(['example_branch_labels']) retrieved from /home/amina/miniconda/lib/python3.11/site-packages/airflow/example_dags/example_branch_labels.py
[2023-11-28T11:38:06.130+0500] {logging_mixin.py:154} INFO - [2023-11-28T11:38:06.130+0500] {dag.py:2941} INFO - Sync 1 DAGs
[2023-11-28T11:38:06.150+0500] {logging_mixin.py:154} INFO - [2023-11-28T11:38:06.150+0500] {dag.py:3722} INFO - Setting next_dagrun for example_branch_labels to 2023-11-27T00:00:00+00:00, run_after=2023-11-28T00:00:00+00:00
[2023-11-28T11:38:06.284+0500] {processor.py:179} INFO - Processing /home/amina/miniconda/lib/python3.11/site-packages/airflow/example_dags/example_branch_labels.py took 0.192 seconds
[2023-11-28T11:38:58.604+0500] {processor.py:157} INFO - Started process (PID=6658) to work on /home/amina/miniconda/lib/python3.11/site-packages/airflow/example_dags/example_branch_labels.py
[2023-11-28T11:38:58.605+0500] {processor.py:829} INFO - Processing file /home/amina/miniconda/lib/python3.11/site-packages/airflow/example_dags/example_branch_labels.py for tasks to queue
[2023-11-28T11:38:58.606+0500] {logging_mixin.py:154} INFO - [2023-11-28T11:38:58.606+0500] {dagbag.py:536} INFO - Filling up the DagBag from /home/amina/miniconda/lib/python3.11/site-packages/airflow/example_dags/example_branch_labels.py
[2023-11-28T11:38:58.613+0500] {processor.py:839} INFO - DAG(s) dict_keys(['example_branch_labels']) retrieved from /home/amina/miniconda/lib/python3.11/site-packages/airflow/example_dags/example_branch_labels.py
[2023-11-28T11:38:58.629+0500] {logging_mixin.py:154} INFO - [2023-11-28T11:38:58.628+0500] {dag.py:2941} INFO - Sync 1 DAGs
[2023-11-28T11:38:58.745+0500] {logging_mixin.py:154} INFO - [2023-11-28T11:38:58.745+0500] {dag.py:3722} INFO - Setting next_dagrun for example_branch_labels to 2023-11-27T00:00:00+00:00, run_after=2023-11-28T00:00:00+00:00
[2023-11-28T11:38:58.838+0500] {processor.py:179} INFO - Processing /home/amina/miniconda/lib/python3.11/site-packages/airflow/example_dags/example_branch_labels.py took 0.236 seconds
[2023-11-28T11:39:57.753+0500] {processor.py:157} INFO - Started process (PID=6782) to work on /home/amina/miniconda/lib/python3.11/site-packages/airflow/example_dags/example_branch_labels.py
[2023-11-28T11:39:57.760+0500] {processor.py:829} INFO - Processing file /home/amina/miniconda/lib/python3.11/site-packages/airflow/example_dags/example_branch_labels.py for tasks to queue
[2023-11-28T11:39:57.761+0500] {logging_mixin.py:154} INFO - [2023-11-28T11:39:57.760+0500] {dagbag.py:536} INFO - Filling up the DagBag from /home/amina/miniconda/lib/python3.11/site-packages/airflow/example_dags/example_branch_labels.py
[2023-11-28T11:39:57.768+0500] {processor.py:839} INFO - DAG(s) dict_keys(['example_branch_labels']) retrieved from /home/amina/miniconda/lib/python3.11/site-packages/airflow/example_dags/example_branch_labels.py
[2023-11-28T11:39:57.784+0500] {logging_mixin.py:154} INFO - [2023-11-28T11:39:57.784+0500] {dag.py:2941} INFO - Sync 1 DAGs
[2023-11-28T11:39:57.804+0500] {logging_mixin.py:154} INFO - [2023-11-28T11:39:57.804+0500] {dag.py:3722} INFO - Setting next_dagrun for example_branch_labels to 2023-11-27T00:00:00+00:00, run_after=2023-11-28T00:00:00+00:00
[2023-11-28T11:39:57.914+0500] {processor.py:179} INFO - Processing /home/amina/miniconda/lib/python3.11/site-packages/airflow/example_dags/example_branch_labels.py took 0.164 seconds
[2023-11-28T11:40:54.459+0500] {processor.py:157} INFO - Started process (PID=6844) to work on /home/amina/miniconda/lib/python3.11/site-packages/airflow/example_dags/example_branch_labels.py
[2023-11-28T11:40:54.491+0500] {processor.py:829} INFO - Processing file /home/amina/miniconda/lib/python3.11/site-packages/airflow/example_dags/example_branch_labels.py for tasks to queue
[2023-11-28T11:40:54.492+0500] {logging_mixin.py:154} INFO - [2023-11-28T11:40:54.491+0500] {dagbag.py:536} INFO - Filling up the DagBag from /home/amina/miniconda/lib/python3.11/site-packages/airflow/example_dags/example_branch_labels.py
[2023-11-28T11:40:54.499+0500] {processor.py:839} INFO - DAG(s) dict_keys(['example_branch_labels']) retrieved from /home/amina/miniconda/lib/python3.11/site-packages/airflow/example_dags/example_branch_labels.py
[2023-11-28T11:40:54.515+0500] {logging_mixin.py:154} INFO - [2023-11-28T11:40:54.515+0500] {dag.py:2941} INFO - Sync 1 DAGs
[2023-11-28T11:40:54.535+0500] {logging_mixin.py:154} INFO - [2023-11-28T11:40:54.535+0500] {dag.py:3722} INFO - Setting next_dagrun for example_branch_labels to 2023-11-27T00:00:00+00:00, run_after=2023-11-28T00:00:00+00:00
[2023-11-28T11:40:54.636+0500] {processor.py:179} INFO - Processing /home/amina/miniconda/lib/python3.11/site-packages/airflow/example_dags/example_branch_labels.py took 0.180 seconds
[2023-11-28T11:41:42.569+0500] {processor.py:157} INFO - Started process (PID=6891) to work on /home/amina/miniconda/lib/python3.11/site-packages/airflow/example_dags/example_branch_labels.py
[2023-11-28T11:41:42.579+0500] {processor.py:829} INFO - Processing file /home/amina/miniconda/lib/python3.11/site-packages/airflow/example_dags/example_branch_labels.py for tasks to queue
[2023-11-28T11:41:42.580+0500] {logging_mixin.py:154} INFO - [2023-11-28T11:41:42.579+0500] {dagbag.py:536} INFO - Filling up the DagBag from /home/amina/miniconda/lib/python3.11/site-packages/airflow/example_dags/example_branch_labels.py
[2023-11-28T11:41:42.587+0500] {processor.py:839} INFO - DAG(s) dict_keys(['example_branch_labels']) retrieved from /home/amina/miniconda/lib/python3.11/site-packages/airflow/example_dags/example_branch_labels.py
[2023-11-28T11:41:42.603+0500] {logging_mixin.py:154} INFO - [2023-11-28T11:41:42.603+0500] {dag.py:2941} INFO - Sync 1 DAGs
[2023-11-28T11:41:42.622+0500] {logging_mixin.py:154} INFO - [2023-11-28T11:41:42.622+0500] {dag.py:3722} INFO - Setting next_dagrun for example_branch_labels to 2023-11-27T00:00:00+00:00, run_after=2023-11-28T00:00:00+00:00
[2023-11-28T11:41:42.721+0500] {processor.py:179} INFO - Processing /home/amina/miniconda/lib/python3.11/site-packages/airflow/example_dags/example_branch_labels.py took 0.156 seconds
[2023-11-28T11:42:47.135+0500] {processor.py:157} INFO - Started process (PID=6959) to work on /home/amina/miniconda/lib/python3.11/site-packages/airflow/example_dags/example_branch_labels.py
[2023-11-28T11:42:47.159+0500] {processor.py:829} INFO - Processing file /home/amina/miniconda/lib/python3.11/site-packages/airflow/example_dags/example_branch_labels.py for tasks to queue
[2023-11-28T11:42:47.160+0500] {logging_mixin.py:154} INFO - [2023-11-28T11:42:47.160+0500] {dagbag.py:536} INFO - Filling up the DagBag from /home/amina/miniconda/lib/python3.11/site-packages/airflow/example_dags/example_branch_labels.py
[2023-11-28T11:42:47.168+0500] {processor.py:839} INFO - DAG(s) dict_keys(['example_branch_labels']) retrieved from /home/amina/miniconda/lib/python3.11/site-packages/airflow/example_dags/example_branch_labels.py
[2023-11-28T11:42:47.184+0500] {logging_mixin.py:154} INFO - [2023-11-28T11:42:47.184+0500] {dag.py:2941} INFO - Sync 1 DAGs
[2023-11-28T11:42:47.204+0500] {logging_mixin.py:154} INFO - [2023-11-28T11:42:47.204+0500] {dag.py:3722} INFO - Setting next_dagrun for example_branch_labels to 2023-11-27T00:00:00+00:00, run_after=2023-11-28T00:00:00+00:00
[2023-11-28T11:42:47.303+0500] {processor.py:179} INFO - Processing /home/amina/miniconda/lib/python3.11/site-packages/airflow/example_dags/example_branch_labels.py took 0.171 seconds
[2023-11-28T11:48:22.163+0500] {processor.py:157} INFO - Started process (PID=7398) to work on /home/amina/miniconda/lib/python3.11/site-packages/airflow/example_dags/example_branch_labels.py
[2023-11-28T11:48:22.167+0500] {processor.py:829} INFO - Processing file /home/amina/miniconda/lib/python3.11/site-packages/airflow/example_dags/example_branch_labels.py for tasks to queue
[2023-11-28T11:48:22.168+0500] {logging_mixin.py:154} INFO - [2023-11-28T11:48:22.168+0500] {dagbag.py:536} INFO - Filling up the DagBag from /home/amina/miniconda/lib/python3.11/site-packages/airflow/example_dags/example_branch_labels.py
[2023-11-28T11:48:22.178+0500] {processor.py:839} INFO - DAG(s) dict_keys(['example_branch_labels']) retrieved from /home/amina/miniconda/lib/python3.11/site-packages/airflow/example_dags/example_branch_labels.py
[2023-11-28T11:48:22.199+0500] {logging_mixin.py:154} INFO - [2023-11-28T11:48:22.199+0500] {dag.py:2941} INFO - Sync 1 DAGs
[2023-11-28T11:48:22.225+0500] {logging_mixin.py:154} INFO - [2023-11-28T11:48:22.225+0500] {dag.py:3722} INFO - Setting next_dagrun for example_branch_labels to 2023-11-27T00:00:00+00:00, run_after=2023-11-28T00:00:00+00:00
[2023-11-28T11:48:22.324+0500] {processor.py:179} INFO - Processing /home/amina/miniconda/lib/python3.11/site-packages/airflow/example_dags/example_branch_labels.py took 0.163 seconds
[2023-11-28T11:50:20.660+0500] {processor.py:157} INFO - Started process (PID=7481) to work on /home/amina/miniconda/lib/python3.11/site-packages/airflow/example_dags/example_branch_labels.py
[2023-11-28T11:50:20.670+0500] {processor.py:829} INFO - Processing file /home/amina/miniconda/lib/python3.11/site-packages/airflow/example_dags/example_branch_labels.py for tasks to queue
[2023-11-28T11:50:20.672+0500] {logging_mixin.py:154} INFO - [2023-11-28T11:50:20.671+0500] {dagbag.py:536} INFO - Filling up the DagBag from /home/amina/miniconda/lib/python3.11/site-packages/airflow/example_dags/example_branch_labels.py
[2023-11-28T11:50:20.680+0500] {processor.py:839} INFO - DAG(s) dict_keys(['example_branch_labels']) retrieved from /home/amina/miniconda/lib/python3.11/site-packages/airflow/example_dags/example_branch_labels.py
[2023-11-28T11:50:20.707+0500] {logging_mixin.py:154} INFO - [2023-11-28T11:50:20.707+0500] {dag.py:2941} INFO - Sync 1 DAGs
[2023-11-28T11:50:20.845+0500] {logging_mixin.py:154} INFO - [2023-11-28T11:50:20.845+0500] {dag.py:3722} INFO - Setting next_dagrun for example_branch_labels to 2023-11-27T00:00:00+00:00, run_after=2023-11-28T00:00:00+00:00
[2023-11-28T11:50:21.134+0500] {processor.py:179} INFO - Processing /home/amina/miniconda/lib/python3.11/site-packages/airflow/example_dags/example_branch_labels.py took 0.477 seconds
[2023-11-28T11:51:17.062+0500] {processor.py:157} INFO - Started process (PID=7535) to work on /home/amina/miniconda/lib/python3.11/site-packages/airflow/example_dags/example_branch_labels.py
[2023-11-28T11:51:17.080+0500] {processor.py:829} INFO - Processing file /home/amina/miniconda/lib/python3.11/site-packages/airflow/example_dags/example_branch_labels.py for tasks to queue
[2023-11-28T11:51:17.081+0500] {logging_mixin.py:154} INFO - [2023-11-28T11:51:17.081+0500] {dagbag.py:536} INFO - Filling up the DagBag from /home/amina/miniconda/lib/python3.11/site-packages/airflow/example_dags/example_branch_labels.py
[2023-11-28T11:51:17.092+0500] {processor.py:839} INFO - DAG(s) dict_keys(['example_branch_labels']) retrieved from /home/amina/miniconda/lib/python3.11/site-packages/airflow/example_dags/example_branch_labels.py
[2023-11-28T11:51:17.116+0500] {logging_mixin.py:154} INFO - [2023-11-28T11:51:17.116+0500] {dag.py:2941} INFO - Sync 1 DAGs
[2023-11-28T11:51:17.147+0500] {logging_mixin.py:154} INFO - [2023-11-28T11:51:17.147+0500] {dag.py:3722} INFO - Setting next_dagrun for example_branch_labels to 2023-11-27T00:00:00+00:00, run_after=2023-11-28T00:00:00+00:00
[2023-11-28T11:51:17.246+0500] {processor.py:179} INFO - Processing /home/amina/miniconda/lib/python3.11/site-packages/airflow/example_dags/example_branch_labels.py took 0.188 seconds
[2023-11-28T11:52:22.989+0500] {processor.py:157} INFO - Started process (PID=7633) to work on /home/amina/miniconda/lib/python3.11/site-packages/airflow/example_dags/example_branch_labels.py
[2023-11-28T11:52:23.057+0500] {processor.py:829} INFO - Processing file /home/amina/miniconda/lib/python3.11/site-packages/airflow/example_dags/example_branch_labels.py for tasks to queue
[2023-11-28T11:52:23.059+0500] {logging_mixin.py:154} INFO - [2023-11-28T11:52:23.058+0500] {dagbag.py:536} INFO - Filling up the DagBag from /home/amina/miniconda/lib/python3.11/site-packages/airflow/example_dags/example_branch_labels.py
[2023-11-28T11:52:23.069+0500] {processor.py:839} INFO - DAG(s) dict_keys(['example_branch_labels']) retrieved from /home/amina/miniconda/lib/python3.11/site-packages/airflow/example_dags/example_branch_labels.py
[2023-11-28T11:52:23.089+0500] {logging_mixin.py:154} INFO - [2023-11-28T11:52:23.089+0500] {dag.py:2941} INFO - Sync 1 DAGs
[2023-11-28T11:52:23.114+0500] {logging_mixin.py:154} INFO - [2023-11-28T11:52:23.114+0500] {dag.py:3722} INFO - Setting next_dagrun for example_branch_labels to 2023-11-27T00:00:00+00:00, run_after=2023-11-28T00:00:00+00:00
[2023-11-28T11:52:23.202+0500] {processor.py:179} INFO - Processing /home/amina/miniconda/lib/python3.11/site-packages/airflow/example_dags/example_branch_labels.py took 0.217 seconds
[2023-11-28T11:53:14.876+0500] {processor.py:157} INFO - Started process (PID=7739) to work on /home/amina/miniconda/lib/python3.11/site-packages/airflow/example_dags/example_branch_labels.py
[2023-11-28T11:53:14.929+0500] {processor.py:829} INFO - Processing file /home/amina/miniconda/lib/python3.11/site-packages/airflow/example_dags/example_branch_labels.py for tasks to queue
[2023-11-28T11:53:14.930+0500] {logging_mixin.py:154} INFO - [2023-11-28T11:53:14.930+0500] {dagbag.py:536} INFO - Filling up the DagBag from /home/amina/miniconda/lib/python3.11/site-packages/airflow/example_dags/example_branch_labels.py
[2023-11-28T11:53:14.944+0500] {processor.py:839} INFO - DAG(s) dict_keys(['example_branch_labels']) retrieved from /home/amina/miniconda/lib/python3.11/site-packages/airflow/example_dags/example_branch_labels.py
[2023-11-28T11:53:14.975+0500] {logging_mixin.py:154} INFO - [2023-11-28T11:53:14.974+0500] {dag.py:2941} INFO - Sync 1 DAGs
[2023-11-28T11:53:15.009+0500] {logging_mixin.py:154} INFO - [2023-11-28T11:53:15.008+0500] {dag.py:3722} INFO - Setting next_dagrun for example_branch_labels to 2023-11-27T00:00:00+00:00, run_after=2023-11-28T00:00:00+00:00
[2023-11-28T11:53:15.105+0500] {processor.py:179} INFO - Processing /home/amina/miniconda/lib/python3.11/site-packages/airflow/example_dags/example_branch_labels.py took 0.233 seconds
[2023-11-28T11:54:05.924+0500] {processor.py:157} INFO - Started process (PID=7789) to work on /home/amina/miniconda/lib/python3.11/site-packages/airflow/example_dags/example_branch_labels.py
[2023-11-28T11:54:05.959+0500] {processor.py:829} INFO - Processing file /home/amina/miniconda/lib/python3.11/site-packages/airflow/example_dags/example_branch_labels.py for tasks to queue
[2023-11-28T11:54:05.960+0500] {logging_mixin.py:154} INFO - [2023-11-28T11:54:05.960+0500] {dagbag.py:536} INFO - Filling up the DagBag from /home/amina/miniconda/lib/python3.11/site-packages/airflow/example_dags/example_branch_labels.py
[2023-11-28T11:54:05.969+0500] {processor.py:839} INFO - DAG(s) dict_keys(['example_branch_labels']) retrieved from /home/amina/miniconda/lib/python3.11/site-packages/airflow/example_dags/example_branch_labels.py
[2023-11-28T11:54:05.989+0500] {logging_mixin.py:154} INFO - [2023-11-28T11:54:05.988+0500] {dag.py:2941} INFO - Sync 1 DAGs
[2023-11-28T11:54:06.025+0500] {logging_mixin.py:154} INFO - [2023-11-28T11:54:06.025+0500] {dag.py:3722} INFO - Setting next_dagrun for example_branch_labels to 2023-11-27T00:00:00+00:00, run_after=2023-11-28T00:00:00+00:00
[2023-11-28T11:54:06.115+0500] {processor.py:179} INFO - Processing /home/amina/miniconda/lib/python3.11/site-packages/airflow/example_dags/example_branch_labels.py took 0.194 seconds
[2023-11-28T11:54:57.058+0500] {processor.py:157} INFO - Started process (PID=7841) to work on /home/amina/miniconda/lib/python3.11/site-packages/airflow/example_dags/example_branch_labels.py
[2023-11-28T11:54:57.059+0500] {processor.py:829} INFO - Processing file /home/amina/miniconda/lib/python3.11/site-packages/airflow/example_dags/example_branch_labels.py for tasks to queue
[2023-11-28T11:54:57.060+0500] {logging_mixin.py:154} INFO - [2023-11-28T11:54:57.060+0500] {dagbag.py:536} INFO - Filling up the DagBag from /home/amina/miniconda/lib/python3.11/site-packages/airflow/example_dags/example_branch_labels.py
[2023-11-28T11:54:57.070+0500] {processor.py:839} INFO - DAG(s) dict_keys(['example_branch_labels']) retrieved from /home/amina/miniconda/lib/python3.11/site-packages/airflow/example_dags/example_branch_labels.py
[2023-11-28T11:54:57.088+0500] {logging_mixin.py:154} INFO - [2023-11-28T11:54:57.088+0500] {dag.py:2941} INFO - Sync 1 DAGs
[2023-11-28T11:54:57.112+0500] {logging_mixin.py:154} INFO - [2023-11-28T11:54:57.111+0500] {dag.py:3722} INFO - Setting next_dagrun for example_branch_labels to 2023-11-27T00:00:00+00:00, run_after=2023-11-28T00:00:00+00:00
[2023-11-28T11:54:57.328+0500] {processor.py:179} INFO - Processing /home/amina/miniconda/lib/python3.11/site-packages/airflow/example_dags/example_branch_labels.py took 0.272 seconds
[2023-11-28T11:55:48.516+0500] {processor.py:157} INFO - Started process (PID=7888) to work on /home/amina/miniconda/lib/python3.11/site-packages/airflow/example_dags/example_branch_labels.py
[2023-11-28T11:55:48.545+0500] {processor.py:829} INFO - Processing file /home/amina/miniconda/lib/python3.11/site-packages/airflow/example_dags/example_branch_labels.py for tasks to queue
[2023-11-28T11:55:48.546+0500] {logging_mixin.py:154} INFO - [2023-11-28T11:55:48.545+0500] {dagbag.py:536} INFO - Filling up the DagBag from /home/amina/miniconda/lib/python3.11/site-packages/airflow/example_dags/example_branch_labels.py
[2023-11-28T11:55:48.554+0500] {processor.py:839} INFO - DAG(s) dict_keys(['example_branch_labels']) retrieved from /home/amina/miniconda/lib/python3.11/site-packages/airflow/example_dags/example_branch_labels.py
[2023-11-28T11:55:48.574+0500] {logging_mixin.py:154} INFO - [2023-11-28T11:55:48.574+0500] {dag.py:2941} INFO - Sync 1 DAGs
[2023-11-28T11:55:48.600+0500] {logging_mixin.py:154} INFO - [2023-11-28T11:55:48.600+0500] {dag.py:3722} INFO - Setting next_dagrun for example_branch_labels to 2023-11-27T00:00:00+00:00, run_after=2023-11-28T00:00:00+00:00
[2023-11-28T11:55:48.700+0500] {processor.py:179} INFO - Processing /home/amina/miniconda/lib/python3.11/site-packages/airflow/example_dags/example_branch_labels.py took 0.187 seconds
[2023-11-28T11:56:59.060+0500] {processor.py:157} INFO - Started process (PID=7956) to work on /home/amina/miniconda/lib/python3.11/site-packages/airflow/example_dags/example_branch_labels.py
[2023-11-28T11:56:59.099+0500] {processor.py:829} INFO - Processing file /home/amina/miniconda/lib/python3.11/site-packages/airflow/example_dags/example_branch_labels.py for tasks to queue
[2023-11-28T11:56:59.100+0500] {logging_mixin.py:154} INFO - [2023-11-28T11:56:59.100+0500] {dagbag.py:536} INFO - Filling up the DagBag from /home/amina/miniconda/lib/python3.11/site-packages/airflow/example_dags/example_branch_labels.py
[2023-11-28T11:56:59.110+0500] {processor.py:839} INFO - DAG(s) dict_keys(['example_branch_labels']) retrieved from /home/amina/miniconda/lib/python3.11/site-packages/airflow/example_dags/example_branch_labels.py
[2023-11-28T11:56:59.129+0500] {logging_mixin.py:154} INFO - [2023-11-28T11:56:59.128+0500] {dag.py:2941} INFO - Sync 1 DAGs
[2023-11-28T11:56:59.163+0500] {logging_mixin.py:154} INFO - [2023-11-28T11:56:59.163+0500] {dag.py:3722} INFO - Setting next_dagrun for example_branch_labels to 2023-11-27T00:00:00+00:00, run_after=2023-11-28T00:00:00+00:00
[2023-11-28T11:56:59.270+0500] {processor.py:179} INFO - Processing /home/amina/miniconda/lib/python3.11/site-packages/airflow/example_dags/example_branch_labels.py took 0.213 seconds
[2023-11-28T18:23:53.148+0500] {processor.py:157} INFO - Started process (PID=8315) to work on /home/amina/miniconda/lib/python3.11/site-packages/airflow/example_dags/example_branch_labels.py
[2023-11-28T18:23:53.193+0500] {processor.py:829} INFO - Processing file /home/amina/miniconda/lib/python3.11/site-packages/airflow/example_dags/example_branch_labels.py for tasks to queue
[2023-11-28T18:23:53.194+0500] {logging_mixin.py:154} INFO - [2023-11-28T18:23:53.193+0500] {dagbag.py:536} INFO - Filling up the DagBag from /home/amina/miniconda/lib/python3.11/site-packages/airflow/example_dags/example_branch_labels.py
[2023-11-28T18:23:53.201+0500] {processor.py:839} INFO - DAG(s) dict_keys(['example_branch_labels']) retrieved from /home/amina/miniconda/lib/python3.11/site-packages/airflow/example_dags/example_branch_labels.py
[2023-11-28T18:23:53.218+0500] {logging_mixin.py:154} INFO - [2023-11-28T18:23:53.217+0500] {dag.py:2941} INFO - Sync 1 DAGs
[2023-11-28T18:23:53.238+0500] {logging_mixin.py:154} INFO - [2023-11-28T18:23:53.237+0500] {dag.py:3722} INFO - Setting next_dagrun for example_branch_labels to 2023-11-27T00:00:00+00:00, run_after=2023-11-28T00:00:00+00:00
[2023-11-28T18:23:53.334+0500] {processor.py:179} INFO - Processing /home/amina/miniconda/lib/python3.11/site-packages/airflow/example_dags/example_branch_labels.py took 0.189 seconds
