[2023-11-28T11:38:17.890+0500] {processor.py:157} INFO - Started process (PID=6615) to work on /home/amina/miniconda/lib/python3.11/site-packages/airflow/example_dags/example_params_ui_tutorial.py
[2023-11-28T11:38:17.891+0500] {processor.py:829} INFO - Processing file /home/amina/miniconda/lib/python3.11/site-packages/airflow/example_dags/example_params_ui_tutorial.py for tasks to queue
[2023-11-28T11:38:17.891+0500] {logging_mixin.py:154} INFO - [2023-11-28T11:38:17.891+0500] {dagbag.py:536} INFO - Filling up the DagBag from /home/amina/miniconda/lib/python3.11/site-packages/airflow/example_dags/example_params_ui_tutorial.py
[2023-11-28T11:38:17.944+0500] {processor.py:839} INFO - DAG(s) dict_keys(['example_params_ui_tutorial']) retrieved from /home/amina/miniconda/lib/python3.11/site-packages/airflow/example_dags/example_params_ui_tutorial.py
[2023-11-28T11:38:17.989+0500] {logging_mixin.py:154} INFO - [2023-11-28T11:38:17.989+0500] {dag.py:2941} INFO - Sync 1 DAGs
[2023-11-28T11:38:17.999+0500] {logging_mixin.py:154} INFO - [2023-11-28T11:38:17.999+0500] {dag.py:3722} INFO - Setting next_dagrun for example_params_ui_tutorial to None, run_after=None
[2023-11-28T11:38:18.076+0500] {processor.py:179} INFO - Processing /home/amina/miniconda/lib/python3.11/site-packages/airflow/example_dags/example_params_ui_tutorial.py took 0.189 seconds
[2023-11-28T11:39:10.760+0500] {processor.py:157} INFO - Started process (PID=6732) to work on /home/amina/miniconda/lib/python3.11/site-packages/airflow/example_dags/example_params_ui_tutorial.py
[2023-11-28T11:39:10.766+0500] {processor.py:829} INFO - Processing file /home/amina/miniconda/lib/python3.11/site-packages/airflow/example_dags/example_params_ui_tutorial.py for tasks to queue
[2023-11-28T11:39:10.766+0500] {logging_mixin.py:154} INFO - [2023-11-28T11:39:10.766+0500] {dagbag.py:536} INFO - Filling up the DagBag from /home/amina/miniconda/lib/python3.11/site-packages/airflow/example_dags/example_params_ui_tutorial.py
[2023-11-28T11:39:10.799+0500] {processor.py:839} INFO - DAG(s) dict_keys(['example_params_ui_tutorial']) retrieved from /home/amina/miniconda/lib/python3.11/site-packages/airflow/example_dags/example_params_ui_tutorial.py
[2023-11-28T11:39:10.939+0500] {logging_mixin.py:154} INFO - [2023-11-28T11:39:10.939+0500] {dag.py:2941} INFO - Sync 1 DAGs
[2023-11-28T11:39:10.948+0500] {logging_mixin.py:154} INFO - [2023-11-28T11:39:10.948+0500] {dag.py:3722} INFO - Setting next_dagrun for example_params_ui_tutorial to None, run_after=None
[2023-11-28T11:39:11.098+0500] {processor.py:179} INFO - Processing /home/amina/miniconda/lib/python3.11/site-packages/airflow/example_dags/example_params_ui_tutorial.py took 0.341 seconds
[2023-11-28T11:40:31.355+0500] {processor.py:157} INFO - Started process (PID=6812) to work on /home/amina/miniconda/lib/python3.11/site-packages/airflow/example_dags/example_params_ui_tutorial.py
[2023-11-28T11:40:31.357+0500] {processor.py:829} INFO - Processing file /home/amina/miniconda/lib/python3.11/site-packages/airflow/example_dags/example_params_ui_tutorial.py for tasks to queue
[2023-11-28T11:40:31.358+0500] {logging_mixin.py:154} INFO - [2023-11-28T11:40:31.357+0500] {dagbag.py:536} INFO - Filling up the DagBag from /home/amina/miniconda/lib/python3.11/site-packages/airflow/example_dags/example_params_ui_tutorial.py
[2023-11-28T11:40:31.393+0500] {processor.py:839} INFO - DAG(s) dict_keys(['example_params_ui_tutorial']) retrieved from /home/amina/miniconda/lib/python3.11/site-packages/airflow/example_dags/example_params_ui_tutorial.py
[2023-11-28T11:40:31.443+0500] {logging_mixin.py:154} INFO - [2023-11-28T11:40:31.443+0500] {dag.py:2941} INFO - Sync 1 DAGs
[2023-11-28T11:40:31.453+0500] {logging_mixin.py:154} INFO - [2023-11-28T11:40:31.453+0500] {dag.py:3722} INFO - Setting next_dagrun for example_params_ui_tutorial to None, run_after=None
[2023-11-28T11:40:31.532+0500] {processor.py:179} INFO - Processing /home/amina/miniconda/lib/python3.11/site-packages/airflow/example_dags/example_params_ui_tutorial.py took 0.180 seconds
[2023-11-28T11:41:23.882+0500] {processor.py:157} INFO - Started process (PID=6872) to work on /home/amina/miniconda/lib/python3.11/site-packages/airflow/example_dags/example_params_ui_tutorial.py
[2023-11-28T11:41:23.939+0500] {processor.py:829} INFO - Processing file /home/amina/miniconda/lib/python3.11/site-packages/airflow/example_dags/example_params_ui_tutorial.py for tasks to queue
[2023-11-28T11:41:23.940+0500] {logging_mixin.py:154} INFO - [2023-11-28T11:41:23.940+0500] {dagbag.py:536} INFO - Filling up the DagBag from /home/amina/miniconda/lib/python3.11/site-packages/airflow/example_dags/example_params_ui_tutorial.py
[2023-11-28T11:41:23.972+0500] {processor.py:839} INFO - DAG(s) dict_keys(['example_params_ui_tutorial']) retrieved from /home/amina/miniconda/lib/python3.11/site-packages/airflow/example_dags/example_params_ui_tutorial.py
[2023-11-28T11:41:24.017+0500] {logging_mixin.py:154} INFO - [2023-11-28T11:41:24.017+0500] {dag.py:2941} INFO - Sync 1 DAGs
[2023-11-28T11:41:24.027+0500] {logging_mixin.py:154} INFO - [2023-11-28T11:41:24.027+0500] {dag.py:3722} INFO - Setting next_dagrun for example_params_ui_tutorial to None, run_after=None
[2023-11-28T11:41:24.146+0500] {processor.py:179} INFO - Processing /home/amina/miniconda/lib/python3.11/site-packages/airflow/example_dags/example_params_ui_tutorial.py took 0.267 seconds
[2023-11-28T11:42:27.986+0500] {processor.py:157} INFO - Started process (PID=6937) to work on /home/amina/miniconda/lib/python3.11/site-packages/airflow/example_dags/example_params_ui_tutorial.py
[2023-11-28T11:42:28.014+0500] {processor.py:829} INFO - Processing file /home/amina/miniconda/lib/python3.11/site-packages/airflow/example_dags/example_params_ui_tutorial.py for tasks to queue
[2023-11-28T11:42:28.015+0500] {logging_mixin.py:154} INFO - [2023-11-28T11:42:28.015+0500] {dagbag.py:536} INFO - Filling up the DagBag from /home/amina/miniconda/lib/python3.11/site-packages/airflow/example_dags/example_params_ui_tutorial.py
[2023-11-28T11:42:28.056+0500] {processor.py:839} INFO - DAG(s) dict_keys(['example_params_ui_tutorial']) retrieved from /home/amina/miniconda/lib/python3.11/site-packages/airflow/example_dags/example_params_ui_tutorial.py
[2023-11-28T11:42:28.112+0500] {logging_mixin.py:154} INFO - [2023-11-28T11:42:28.112+0500] {dag.py:2941} INFO - Sync 1 DAGs
[2023-11-28T11:42:28.126+0500] {logging_mixin.py:154} INFO - [2023-11-28T11:42:28.125+0500] {dag.py:3722} INFO - Setting next_dagrun for example_params_ui_tutorial to None, run_after=None
[2023-11-28T11:42:28.248+0500] {processor.py:179} INFO - Processing /home/amina/miniconda/lib/python3.11/site-packages/airflow/example_dags/example_params_ui_tutorial.py took 0.265 seconds
[2023-11-28T11:48:32.889+0500] {processor.py:157} INFO - Started process (PID=7408) to work on /home/amina/miniconda/lib/python3.11/site-packages/airflow/example_dags/example_params_ui_tutorial.py
[2023-11-28T11:48:32.957+0500] {processor.py:829} INFO - Processing file /home/amina/miniconda/lib/python3.11/site-packages/airflow/example_dags/example_params_ui_tutorial.py for tasks to queue
[2023-11-28T11:48:32.958+0500] {logging_mixin.py:154} INFO - [2023-11-28T11:48:32.957+0500] {dagbag.py:536} INFO - Filling up the DagBag from /home/amina/miniconda/lib/python3.11/site-packages/airflow/example_dags/example_params_ui_tutorial.py
[2023-11-28T11:48:32.993+0500] {processor.py:839} INFO - DAG(s) dict_keys(['example_params_ui_tutorial']) retrieved from /home/amina/miniconda/lib/python3.11/site-packages/airflow/example_dags/example_params_ui_tutorial.py
[2023-11-28T11:48:33.043+0500] {logging_mixin.py:154} INFO - [2023-11-28T11:48:33.043+0500] {dag.py:2941} INFO - Sync 1 DAGs
[2023-11-28T11:48:33.056+0500] {logging_mixin.py:154} INFO - [2023-11-28T11:48:33.055+0500] {dag.py:3722} INFO - Setting next_dagrun for example_params_ui_tutorial to None, run_after=None
[2023-11-28T11:48:33.164+0500] {processor.py:179} INFO - Processing /home/amina/miniconda/lib/python3.11/site-packages/airflow/example_dags/example_params_ui_tutorial.py took 0.280 seconds
[2023-11-28T11:50:33.359+0500] {processor.py:157} INFO - Started process (PID=7492) to work on /home/amina/miniconda/lib/python3.11/site-packages/airflow/example_dags/example_params_ui_tutorial.py
[2023-11-28T11:50:33.366+0500] {processor.py:829} INFO - Processing file /home/amina/miniconda/lib/python3.11/site-packages/airflow/example_dags/example_params_ui_tutorial.py for tasks to queue
[2023-11-28T11:50:33.368+0500] {logging_mixin.py:154} INFO - [2023-11-28T11:50:33.367+0500] {dagbag.py:536} INFO - Filling up the DagBag from /home/amina/miniconda/lib/python3.11/site-packages/airflow/example_dags/example_params_ui_tutorial.py
[2023-11-28T11:50:33.404+0500] {processor.py:839} INFO - DAG(s) dict_keys(['example_params_ui_tutorial']) retrieved from /home/amina/miniconda/lib/python3.11/site-packages/airflow/example_dags/example_params_ui_tutorial.py
[2023-11-28T11:50:33.557+0500] {logging_mixin.py:154} INFO - [2023-11-28T11:50:33.557+0500] {dag.py:2941} INFO - Sync 1 DAGs
[2023-11-28T11:50:33.567+0500] {logging_mixin.py:154} INFO - [2023-11-28T11:50:33.567+0500] {dag.py:3722} INFO - Setting next_dagrun for example_params_ui_tutorial to None, run_after=None
[2023-11-28T11:50:34.064+0500] {processor.py:179} INFO - Processing /home/amina/miniconda/lib/python3.11/site-packages/airflow/example_dags/example_params_ui_tutorial.py took 0.709 seconds
[2023-11-28T11:51:31.279+0500] {processor.py:157} INFO - Started process (PID=7547) to work on /home/amina/miniconda/lib/python3.11/site-packages/airflow/example_dags/example_params_ui_tutorial.py
[2023-11-28T11:51:31.283+0500] {processor.py:829} INFO - Processing file /home/amina/miniconda/lib/python3.11/site-packages/airflow/example_dags/example_params_ui_tutorial.py for tasks to queue
[2023-11-28T11:51:31.284+0500] {logging_mixin.py:154} INFO - [2023-11-28T11:51:31.283+0500] {dagbag.py:536} INFO - Filling up the DagBag from /home/amina/miniconda/lib/python3.11/site-packages/airflow/example_dags/example_params_ui_tutorial.py
[2023-11-28T11:51:31.327+0500] {processor.py:839} INFO - DAG(s) dict_keys(['example_params_ui_tutorial']) retrieved from /home/amina/miniconda/lib/python3.11/site-packages/airflow/example_dags/example_params_ui_tutorial.py
[2023-11-28T11:51:31.424+0500] {logging_mixin.py:154} INFO - [2023-11-28T11:51:31.424+0500] {dag.py:2941} INFO - Sync 1 DAGs
[2023-11-28T11:51:31.443+0500] {logging_mixin.py:154} INFO - [2023-11-28T11:51:31.443+0500] {dag.py:3722} INFO - Setting next_dagrun for example_params_ui_tutorial to None, run_after=None
[2023-11-28T11:51:31.559+0500] {processor.py:179} INFO - Processing /home/amina/miniconda/lib/python3.11/site-packages/airflow/example_dags/example_params_ui_tutorial.py took 0.283 seconds
[2023-11-28T11:52:34.485+0500] {processor.py:157} INFO - Started process (PID=7644) to work on /home/amina/miniconda/lib/python3.11/site-packages/airflow/example_dags/example_params_ui_tutorial.py
[2023-11-28T11:52:34.502+0500] {processor.py:829} INFO - Processing file /home/amina/miniconda/lib/python3.11/site-packages/airflow/example_dags/example_params_ui_tutorial.py for tasks to queue
[2023-11-28T11:52:34.503+0500] {logging_mixin.py:154} INFO - [2023-11-28T11:52:34.503+0500] {dagbag.py:536} INFO - Filling up the DagBag from /home/amina/miniconda/lib/python3.11/site-packages/airflow/example_dags/example_params_ui_tutorial.py
[2023-11-28T11:52:34.542+0500] {processor.py:839} INFO - DAG(s) dict_keys(['example_params_ui_tutorial']) retrieved from /home/amina/miniconda/lib/python3.11/site-packages/airflow/example_dags/example_params_ui_tutorial.py
[2023-11-28T11:52:34.595+0500] {logging_mixin.py:154} INFO - [2023-11-28T11:52:34.595+0500] {dag.py:2941} INFO - Sync 1 DAGs
[2023-11-28T11:52:34.607+0500] {logging_mixin.py:154} INFO - [2023-11-28T11:52:34.606+0500] {dag.py:3722} INFO - Setting next_dagrun for example_params_ui_tutorial to None, run_after=None
[2023-11-28T11:52:34.693+0500] {processor.py:179} INFO - Processing /home/amina/miniconda/lib/python3.11/site-packages/airflow/example_dags/example_params_ui_tutorial.py took 0.211 seconds
[2023-11-28T11:53:44.063+0500] {processor.py:157} INFO - Started process (PID=7762) to work on /home/amina/miniconda/lib/python3.11/site-packages/airflow/example_dags/example_params_ui_tutorial.py
[2023-11-28T11:53:44.099+0500] {processor.py:829} INFO - Processing file /home/amina/miniconda/lib/python3.11/site-packages/airflow/example_dags/example_params_ui_tutorial.py for tasks to queue
[2023-11-28T11:53:44.100+0500] {logging_mixin.py:154} INFO - [2023-11-28T11:53:44.100+0500] {dagbag.py:536} INFO - Filling up the DagBag from /home/amina/miniconda/lib/python3.11/site-packages/airflow/example_dags/example_params_ui_tutorial.py
[2023-11-28T11:53:44.156+0500] {processor.py:839} INFO - DAG(s) dict_keys(['example_params_ui_tutorial']) retrieved from /home/amina/miniconda/lib/python3.11/site-packages/airflow/example_dags/example_params_ui_tutorial.py
[2023-11-28T11:53:44.238+0500] {logging_mixin.py:154} INFO - [2023-11-28T11:53:44.237+0500] {dag.py:2941} INFO - Sync 1 DAGs
[2023-11-28T11:53:44.254+0500] {logging_mixin.py:154} INFO - [2023-11-28T11:53:44.254+0500] {dag.py:3722} INFO - Setting next_dagrun for example_params_ui_tutorial to None, run_after=None
[2023-11-28T11:53:44.367+0500] {processor.py:179} INFO - Processing /home/amina/miniconda/lib/python3.11/site-packages/airflow/example_dags/example_params_ui_tutorial.py took 0.310 seconds
[2023-11-28T11:55:00.658+0500] {processor.py:157} INFO - Started process (PID=7844) to work on /home/amina/miniconda/lib/python3.11/site-packages/airflow/example_dags/example_params_ui_tutorial.py
[2023-11-28T11:55:00.667+0500] {processor.py:829} INFO - Processing file /home/amina/miniconda/lib/python3.11/site-packages/airflow/example_dags/example_params_ui_tutorial.py for tasks to queue
[2023-11-28T11:55:00.669+0500] {logging_mixin.py:154} INFO - [2023-11-28T11:55:00.668+0500] {dagbag.py:536} INFO - Filling up the DagBag from /home/amina/miniconda/lib/python3.11/site-packages/airflow/example_dags/example_params_ui_tutorial.py
[2023-11-28T11:55:00.713+0500] {processor.py:839} INFO - DAG(s) dict_keys(['example_params_ui_tutorial']) retrieved from /home/amina/miniconda/lib/python3.11/site-packages/airflow/example_dags/example_params_ui_tutorial.py
[2023-11-28T11:55:00.771+0500] {logging_mixin.py:154} INFO - [2023-11-28T11:55:00.771+0500] {dag.py:2941} INFO - Sync 1 DAGs
[2023-11-28T11:55:00.784+0500] {logging_mixin.py:154} INFO - [2023-11-28T11:55:00.784+0500] {dag.py:3722} INFO - Setting next_dagrun for example_params_ui_tutorial to None, run_after=None
[2023-11-28T11:55:00.893+0500] {processor.py:179} INFO - Processing /home/amina/miniconda/lib/python3.11/site-packages/airflow/example_dags/example_params_ui_tutorial.py took 0.238 seconds
[2023-11-28T11:56:13.043+0500] {processor.py:157} INFO - Started process (PID=7910) to work on /home/amina/miniconda/lib/python3.11/site-packages/airflow/example_dags/example_params_ui_tutorial.py
[2023-11-28T11:56:13.057+0500] {processor.py:829} INFO - Processing file /home/amina/miniconda/lib/python3.11/site-packages/airflow/example_dags/example_params_ui_tutorial.py for tasks to queue
[2023-11-28T11:56:13.058+0500] {logging_mixin.py:154} INFO - [2023-11-28T11:56:13.058+0500] {dagbag.py:536} INFO - Filling up the DagBag from /home/amina/miniconda/lib/python3.11/site-packages/airflow/example_dags/example_params_ui_tutorial.py
[2023-11-28T11:56:13.096+0500] {processor.py:839} INFO - DAG(s) dict_keys(['example_params_ui_tutorial']) retrieved from /home/amina/miniconda/lib/python3.11/site-packages/airflow/example_dags/example_params_ui_tutorial.py
[2023-11-28T11:56:13.150+0500] {logging_mixin.py:154} INFO - [2023-11-28T11:56:13.150+0500] {dag.py:2941} INFO - Sync 1 DAGs
[2023-11-28T11:56:13.164+0500] {logging_mixin.py:154} INFO - [2023-11-28T11:56:13.164+0500] {dag.py:3722} INFO - Setting next_dagrun for example_params_ui_tutorial to None, run_after=None
[2023-11-28T11:56:13.267+0500] {processor.py:179} INFO - Processing /home/amina/miniconda/lib/python3.11/site-packages/airflow/example_dags/example_params_ui_tutorial.py took 0.229 seconds
[2023-11-28T18:23:25.516+0500] {processor.py:157} INFO - Started process (PID=8260) to work on /home/amina/miniconda/lib/python3.11/site-packages/airflow/example_dags/example_params_ui_tutorial.py
[2023-11-28T18:23:25.576+0500] {processor.py:829} INFO - Processing file /home/amina/miniconda/lib/python3.11/site-packages/airflow/example_dags/example_params_ui_tutorial.py for tasks to queue
[2023-11-28T18:23:25.577+0500] {logging_mixin.py:154} INFO - [2023-11-28T18:23:25.577+0500] {dagbag.py:536} INFO - Filling up the DagBag from /home/amina/miniconda/lib/python3.11/site-packages/airflow/example_dags/example_params_ui_tutorial.py
[2023-11-28T18:23:25.611+0500] {processor.py:839} INFO - DAG(s) dict_keys(['example_params_ui_tutorial']) retrieved from /home/amina/miniconda/lib/python3.11/site-packages/airflow/example_dags/example_params_ui_tutorial.py
[2023-11-28T18:23:25.659+0500] {logging_mixin.py:154} INFO - [2023-11-28T18:23:25.659+0500] {dag.py:2941} INFO - Sync 1 DAGs
[2023-11-28T18:23:25.670+0500] {logging_mixin.py:154} INFO - [2023-11-28T18:23:25.670+0500] {dag.py:3722} INFO - Setting next_dagrun for example_params_ui_tutorial to None, run_after=None
[2023-11-28T18:23:25.771+0500] {processor.py:179} INFO - Processing /home/amina/miniconda/lib/python3.11/site-packages/airflow/example_dags/example_params_ui_tutorial.py took 0.258 seconds
