[2023-11-28T11:37:35.633+0500] {processor.py:157} INFO - Started process (PID=6519) to work on /home/amina/miniconda/lib/python3.11/site-packages/airflow/example_dags/example_task_group_decorator.py
[2023-11-28T11:37:35.634+0500] {processor.py:829} INFO - Processing file /home/amina/miniconda/lib/python3.11/site-packages/airflow/example_dags/example_task_group_decorator.py for tasks to queue
[2023-11-28T11:37:35.635+0500] {logging_mixin.py:154} INFO - [2023-11-28T11:37:35.635+0500] {dagbag.py:536} INFO - Filling up the DagBag from /home/amina/miniconda/lib/python3.11/site-packages/airflow/example_dags/example_task_group_decorator.py
[2023-11-28T11:37:35.661+0500] {processor.py:839} INFO - DAG(s) dict_keys(['example_task_group_decorator']) retrieved from /home/amina/miniconda/lib/python3.11/site-packages/airflow/example_dags/example_task_group_decorator.py
[2023-11-28T11:37:35.696+0500] {logging_mixin.py:154} INFO - [2023-11-28T11:37:35.696+0500] {dag.py:2941} INFO - Sync 1 DAGs
[2023-11-28T11:37:35.733+0500] {logging_mixin.py:154} INFO - [2023-11-28T11:37:35.733+0500] {dag.py:3722} INFO - Setting next_dagrun for example_task_group_decorator to 2023-11-27T06:37:35.733124+00:00, run_after=2023-11-28T06:37:35.733124+00:00
[2023-11-28T11:37:35.872+0500] {processor.py:179} INFO - Processing /home/amina/miniconda/lib/python3.11/site-packages/airflow/example_dags/example_task_group_decorator.py took 0.243 seconds
[2023-11-28T11:38:34.246+0500] {processor.py:157} INFO - Started process (PID=6630) to work on /home/amina/miniconda/lib/python3.11/site-packages/airflow/example_dags/example_task_group_decorator.py
[2023-11-28T11:38:34.258+0500] {processor.py:829} INFO - Processing file /home/amina/miniconda/lib/python3.11/site-packages/airflow/example_dags/example_task_group_decorator.py for tasks to queue
[2023-11-28T11:38:34.259+0500] {logging_mixin.py:154} INFO - [2023-11-28T11:38:34.258+0500] {dagbag.py:536} INFO - Filling up the DagBag from /home/amina/miniconda/lib/python3.11/site-packages/airflow/example_dags/example_task_group_decorator.py
[2023-11-28T11:38:34.274+0500] {processor.py:839} INFO - DAG(s) dict_keys(['example_task_group_decorator']) retrieved from /home/amina/miniconda/lib/python3.11/site-packages/airflow/example_dags/example_task_group_decorator.py
[2023-11-28T11:38:34.291+0500] {logging_mixin.py:154} INFO - [2023-11-28T11:38:34.291+0500] {dag.py:2941} INFO - Sync 1 DAGs
[2023-11-28T11:38:34.309+0500] {logging_mixin.py:154} INFO - [2023-11-28T11:38:34.308+0500] {dag.py:3722} INFO - Setting next_dagrun for example_task_group_decorator to 2023-11-27T06:38:34.308654+00:00, run_after=2023-11-28T06:38:34.308654+00:00
[2023-11-28T11:38:34.425+0500] {processor.py:179} INFO - Processing /home/amina/miniconda/lib/python3.11/site-packages/airflow/example_dags/example_task_group_decorator.py took 0.182 seconds
[2023-11-28T11:39:23.215+0500] {processor.py:157} INFO - Started process (PID=6748) to work on /home/amina/miniconda/lib/python3.11/site-packages/airflow/example_dags/example_task_group_decorator.py
[2023-11-28T11:39:23.258+0500] {processor.py:829} INFO - Processing file /home/amina/miniconda/lib/python3.11/site-packages/airflow/example_dags/example_task_group_decorator.py for tasks to queue
[2023-11-28T11:39:23.259+0500] {logging_mixin.py:154} INFO - [2023-11-28T11:39:23.258+0500] {dagbag.py:536} INFO - Filling up the DagBag from /home/amina/miniconda/lib/python3.11/site-packages/airflow/example_dags/example_task_group_decorator.py
[2023-11-28T11:39:23.274+0500] {processor.py:839} INFO - DAG(s) dict_keys(['example_task_group_decorator']) retrieved from /home/amina/miniconda/lib/python3.11/site-packages/airflow/example_dags/example_task_group_decorator.py
[2023-11-28T11:39:23.293+0500] {logging_mixin.py:154} INFO - [2023-11-28T11:39:23.293+0500] {dag.py:2941} INFO - Sync 1 DAGs
[2023-11-28T11:39:23.410+0500] {logging_mixin.py:154} INFO - [2023-11-28T11:39:23.410+0500] {dag.py:3722} INFO - Setting next_dagrun for example_task_group_decorator to 2023-11-27T06:39:23.410330+00:00, run_after=2023-11-28T06:39:23.410330+00:00
[2023-11-28T11:39:23.524+0500] {processor.py:179} INFO - Processing /home/amina/miniconda/lib/python3.11/site-packages/airflow/example_dags/example_task_group_decorator.py took 0.312 seconds
[2023-11-28T11:40:20.932+0500] {processor.py:157} INFO - Started process (PID=6801) to work on /home/amina/miniconda/lib/python3.11/site-packages/airflow/example_dags/example_task_group_decorator.py
[2023-11-28T11:40:20.970+0500] {processor.py:829} INFO - Processing file /home/amina/miniconda/lib/python3.11/site-packages/airflow/example_dags/example_task_group_decorator.py for tasks to queue
[2023-11-28T11:40:20.971+0500] {logging_mixin.py:154} INFO - [2023-11-28T11:40:20.971+0500] {dagbag.py:536} INFO - Filling up the DagBag from /home/amina/miniconda/lib/python3.11/site-packages/airflow/example_dags/example_task_group_decorator.py
[2023-11-28T11:40:20.986+0500] {processor.py:839} INFO - DAG(s) dict_keys(['example_task_group_decorator']) retrieved from /home/amina/miniconda/lib/python3.11/site-packages/airflow/example_dags/example_task_group_decorator.py
[2023-11-28T11:40:21.004+0500] {logging_mixin.py:154} INFO - [2023-11-28T11:40:21.004+0500] {dag.py:2941} INFO - Sync 1 DAGs
[2023-11-28T11:40:21.023+0500] {logging_mixin.py:154} INFO - [2023-11-28T11:40:21.023+0500] {dag.py:3722} INFO - Setting next_dagrun for example_task_group_decorator to 2023-11-27T06:40:21.023227+00:00, run_after=2023-11-28T06:40:21.023227+00:00
[2023-11-28T11:40:21.137+0500] {processor.py:179} INFO - Processing /home/amina/miniconda/lib/python3.11/site-packages/airflow/example_dags/example_task_group_decorator.py took 0.207 seconds
[2023-11-28T11:41:14.525+0500] {processor.py:157} INFO - Started process (PID=6863) to work on /home/amina/miniconda/lib/python3.11/site-packages/airflow/example_dags/example_task_group_decorator.py
[2023-11-28T11:41:14.533+0500] {processor.py:829} INFO - Processing file /home/amina/miniconda/lib/python3.11/site-packages/airflow/example_dags/example_task_group_decorator.py for tasks to queue
[2023-11-28T11:41:14.534+0500] {logging_mixin.py:154} INFO - [2023-11-28T11:41:14.534+0500] {dagbag.py:536} INFO - Filling up the DagBag from /home/amina/miniconda/lib/python3.11/site-packages/airflow/example_dags/example_task_group_decorator.py
[2023-11-28T11:41:14.553+0500] {processor.py:839} INFO - DAG(s) dict_keys(['example_task_group_decorator']) retrieved from /home/amina/miniconda/lib/python3.11/site-packages/airflow/example_dags/example_task_group_decorator.py
[2023-11-28T11:41:14.585+0500] {logging_mixin.py:154} INFO - [2023-11-28T11:41:14.584+0500] {dag.py:2941} INFO - Sync 1 DAGs
[2023-11-28T11:41:14.608+0500] {logging_mixin.py:154} INFO - [2023-11-28T11:41:14.608+0500] {dag.py:3722} INFO - Setting next_dagrun for example_task_group_decorator to 2023-11-27T06:41:14.607792+00:00, run_after=2023-11-28T06:41:14.607792+00:00
[2023-11-28T11:41:14.715+0500] {processor.py:179} INFO - Processing /home/amina/miniconda/lib/python3.11/site-packages/airflow/example_dags/example_task_group_decorator.py took 0.193 seconds
[2023-11-28T11:41:59.484+0500] {processor.py:157} INFO - Started process (PID=6912) to work on /home/amina/miniconda/lib/python3.11/site-packages/airflow/example_dags/example_task_group_decorator.py
[2023-11-28T11:41:59.501+0500] {processor.py:829} INFO - Processing file /home/amina/miniconda/lib/python3.11/site-packages/airflow/example_dags/example_task_group_decorator.py for tasks to queue
[2023-11-28T11:41:59.502+0500] {logging_mixin.py:154} INFO - [2023-11-28T11:41:59.502+0500] {dagbag.py:536} INFO - Filling up the DagBag from /home/amina/miniconda/lib/python3.11/site-packages/airflow/example_dags/example_task_group_decorator.py
[2023-11-28T11:41:59.519+0500] {processor.py:839} INFO - DAG(s) dict_keys(['example_task_group_decorator']) retrieved from /home/amina/miniconda/lib/python3.11/site-packages/airflow/example_dags/example_task_group_decorator.py
[2023-11-28T11:41:59.539+0500] {logging_mixin.py:154} INFO - [2023-11-28T11:41:59.538+0500] {dag.py:2941} INFO - Sync 1 DAGs
[2023-11-28T11:41:59.560+0500] {logging_mixin.py:154} INFO - [2023-11-28T11:41:59.559+0500] {dag.py:3722} INFO - Setting next_dagrun for example_task_group_decorator to 2023-11-27T06:41:59.559433+00:00, run_after=2023-11-28T06:41:59.559433+00:00
[2023-11-28T11:41:59.669+0500] {processor.py:179} INFO - Processing /home/amina/miniconda/lib/python3.11/site-packages/airflow/example_dags/example_task_group_decorator.py took 0.188 seconds
[2023-11-28T11:42:42.414+0500] {processor.py:157} INFO - Started process (PID=6952) to work on /home/amina/miniconda/lib/python3.11/site-packages/airflow/example_dags/example_task_group_decorator.py
[2023-11-28T11:42:42.440+0500] {processor.py:829} INFO - Processing file /home/amina/miniconda/lib/python3.11/site-packages/airflow/example_dags/example_task_group_decorator.py for tasks to queue
[2023-11-28T11:42:42.441+0500] {logging_mixin.py:154} INFO - [2023-11-28T11:42:42.440+0500] {dagbag.py:536} INFO - Filling up the DagBag from /home/amina/miniconda/lib/python3.11/site-packages/airflow/example_dags/example_task_group_decorator.py
[2023-11-28T11:42:42.457+0500] {processor.py:839} INFO - DAG(s) dict_keys(['example_task_group_decorator']) retrieved from /home/amina/miniconda/lib/python3.11/site-packages/airflow/example_dags/example_task_group_decorator.py
[2023-11-28T11:42:42.476+0500] {logging_mixin.py:154} INFO - [2023-11-28T11:42:42.476+0500] {dag.py:2941} INFO - Sync 1 DAGs
[2023-11-28T11:42:42.497+0500] {logging_mixin.py:154} INFO - [2023-11-28T11:42:42.497+0500] {dag.py:3722} INFO - Setting next_dagrun for example_task_group_decorator to 2023-11-27T06:42:42.497598+00:00, run_after=2023-11-28T06:42:42.497598+00:00
[2023-11-28T11:42:42.626+0500] {processor.py:179} INFO - Processing /home/amina/miniconda/lib/python3.11/site-packages/airflow/example_dags/example_task_group_decorator.py took 0.217 seconds
[2023-11-28T11:47:57.189+0500] {processor.py:157} INFO - Started process (PID=7368) to work on /home/amina/miniconda/lib/python3.11/site-packages/airflow/example_dags/example_task_group_decorator.py
[2023-11-28T11:47:57.216+0500] {processor.py:829} INFO - Processing file /home/amina/miniconda/lib/python3.11/site-packages/airflow/example_dags/example_task_group_decorator.py for tasks to queue
[2023-11-28T11:47:57.217+0500] {logging_mixin.py:154} INFO - [2023-11-28T11:47:57.217+0500] {dagbag.py:536} INFO - Filling up the DagBag from /home/amina/miniconda/lib/python3.11/site-packages/airflow/example_dags/example_task_group_decorator.py
[2023-11-28T11:47:57.236+0500] {processor.py:839} INFO - DAG(s) dict_keys(['example_task_group_decorator']) retrieved from /home/amina/miniconda/lib/python3.11/site-packages/airflow/example_dags/example_task_group_decorator.py
[2023-11-28T11:47:57.258+0500] {logging_mixin.py:154} INFO - [2023-11-28T11:47:57.258+0500] {dag.py:2941} INFO - Sync 1 DAGs
[2023-11-28T11:47:57.283+0500] {logging_mixin.py:154} INFO - [2023-11-28T11:47:57.283+0500] {dag.py:3722} INFO - Setting next_dagrun for example_task_group_decorator to 2023-11-27T06:47:57.283368+00:00, run_after=2023-11-28T06:47:57.283368+00:00
[2023-11-28T11:47:57.405+0500] {processor.py:179} INFO - Processing /home/amina/miniconda/lib/python3.11/site-packages/airflow/example_dags/example_task_group_decorator.py took 0.219 seconds
[2023-11-28T11:48:57.385+0500] {processor.py:157} INFO - Started process (PID=7427) to work on /home/amina/miniconda/lib/python3.11/site-packages/airflow/example_dags/example_task_group_decorator.py
[2023-11-28T11:48:57.386+0500] {processor.py:829} INFO - Processing file /home/amina/miniconda/lib/python3.11/site-packages/airflow/example_dags/example_task_group_decorator.py for tasks to queue
[2023-11-28T11:48:57.387+0500] {logging_mixin.py:154} INFO - [2023-11-28T11:48:57.387+0500] {dagbag.py:536} INFO - Filling up the DagBag from /home/amina/miniconda/lib/python3.11/site-packages/airflow/example_dags/example_task_group_decorator.py
[2023-11-28T11:48:57.405+0500] {processor.py:839} INFO - DAG(s) dict_keys(['example_task_group_decorator']) retrieved from /home/amina/miniconda/lib/python3.11/site-packages/airflow/example_dags/example_task_group_decorator.py
[2023-11-28T11:48:58.615+0500] {logging_mixin.py:154} INFO - [2023-11-28T11:48:58.614+0500] {dag.py:2941} INFO - Sync 1 DAGs
[2023-11-28T11:48:59.251+0500] {logging_mixin.py:154} INFO - [2023-11-28T11:48:59.251+0500] {dag.py:3722} INFO - Setting next_dagrun for example_task_group_decorator to 2023-11-27T06:48:59.251294+00:00, run_after=2023-11-28T06:48:59.251294+00:00
[2023-11-28T11:49:00.688+0500] {processor.py:179} INFO - Processing /home/amina/miniconda/lib/python3.11/site-packages/airflow/example_dags/example_task_group_decorator.py took 3.309 seconds
[2023-11-28T11:50:01.494+0500] {processor.py:157} INFO - Started process (PID=7463) to work on /home/amina/miniconda/lib/python3.11/site-packages/airflow/example_dags/example_task_group_decorator.py
[2023-11-28T11:50:01.550+0500] {processor.py:829} INFO - Processing file /home/amina/miniconda/lib/python3.11/site-packages/airflow/example_dags/example_task_group_decorator.py for tasks to queue
[2023-11-28T11:50:01.551+0500] {logging_mixin.py:154} INFO - [2023-11-28T11:50:01.551+0500] {dagbag.py:536} INFO - Filling up the DagBag from /home/amina/miniconda/lib/python3.11/site-packages/airflow/example_dags/example_task_group_decorator.py
[2023-11-28T11:50:01.585+0500] {processor.py:839} INFO - DAG(s) dict_keys(['example_task_group_decorator']) retrieved from /home/amina/miniconda/lib/python3.11/site-packages/airflow/example_dags/example_task_group_decorator.py
[2023-11-28T11:50:01.621+0500] {logging_mixin.py:154} INFO - [2023-11-28T11:50:01.621+0500] {dag.py:2941} INFO - Sync 1 DAGs
[2023-11-28T11:50:01.658+0500] {logging_mixin.py:154} INFO - [2023-11-28T11:50:01.657+0500] {dag.py:3722} INFO - Setting next_dagrun for example_task_group_decorator to 2023-11-27T06:50:01.657394+00:00, run_after=2023-11-28T06:50:01.657394+00:00
[2023-11-28T11:50:01.982+0500] {processor.py:179} INFO - Processing /home/amina/miniconda/lib/python3.11/site-packages/airflow/example_dags/example_task_group_decorator.py took 0.491 seconds
[2023-11-28T11:50:51.567+0500] {processor.py:157} INFO - Started process (PID=7510) to work on /home/amina/miniconda/lib/python3.11/site-packages/airflow/example_dags/example_task_group_decorator.py
[2023-11-28T11:50:51.587+0500] {processor.py:829} INFO - Processing file /home/amina/miniconda/lib/python3.11/site-packages/airflow/example_dags/example_task_group_decorator.py for tasks to queue
[2023-11-28T11:50:51.588+0500] {logging_mixin.py:154} INFO - [2023-11-28T11:50:51.587+0500] {dagbag.py:536} INFO - Filling up the DagBag from /home/amina/miniconda/lib/python3.11/site-packages/airflow/example_dags/example_task_group_decorator.py
[2023-11-28T11:50:51.718+0500] {processor.py:839} INFO - DAG(s) dict_keys(['example_task_group_decorator']) retrieved from /home/amina/miniconda/lib/python3.11/site-packages/airflow/example_dags/example_task_group_decorator.py
[2023-11-28T11:50:51.734+0500] {logging_mixin.py:154} INFO - [2023-11-28T11:50:51.734+0500] {dag.py:2941} INFO - Sync 1 DAGs
[2023-11-28T11:50:51.753+0500] {logging_mixin.py:154} INFO - [2023-11-28T11:50:51.752+0500] {dag.py:3722} INFO - Setting next_dagrun for example_task_group_decorator to 2023-11-27T06:50:51.752757+00:00, run_after=2023-11-28T06:50:51.752757+00:00
[2023-11-28T11:50:51.852+0500] {processor.py:179} INFO - Processing /home/amina/miniconda/lib/python3.11/site-packages/airflow/example_dags/example_task_group_decorator.py took 0.289 seconds
[2023-11-28T11:51:45.311+0500] {processor.py:157} INFO - Started process (PID=7603) to work on /home/amina/miniconda/lib/python3.11/site-packages/airflow/example_dags/example_task_group_decorator.py
[2023-11-28T11:51:45.323+0500] {processor.py:829} INFO - Processing file /home/amina/miniconda/lib/python3.11/site-packages/airflow/example_dags/example_task_group_decorator.py for tasks to queue
[2023-11-28T11:51:45.325+0500] {logging_mixin.py:154} INFO - [2023-11-28T11:51:45.324+0500] {dagbag.py:536} INFO - Filling up the DagBag from /home/amina/miniconda/lib/python3.11/site-packages/airflow/example_dags/example_task_group_decorator.py
[2023-11-28T11:51:45.354+0500] {processor.py:839} INFO - DAG(s) dict_keys(['example_task_group_decorator']) retrieved from /home/amina/miniconda/lib/python3.11/site-packages/airflow/example_dags/example_task_group_decorator.py
[2023-11-28T11:51:45.388+0500] {logging_mixin.py:154} INFO - [2023-11-28T11:51:45.388+0500] {dag.py:2941} INFO - Sync 1 DAGs
[2023-11-28T11:51:47.981+0500] {logging_mixin.py:154} INFO - [2023-11-28T11:51:47.980+0500] {dag.py:3722} INFO - Setting next_dagrun for example_task_group_decorator to 2023-11-27T06:51:47.980062+00:00, run_after=2023-11-28T06:51:47.980062+00:00
[2023-11-28T11:51:48.690+0500] {processor.py:179} INFO - Processing /home/amina/miniconda/lib/python3.11/site-packages/airflow/example_dags/example_task_group_decorator.py took 3.382 seconds
[2023-11-28T11:52:42.133+0500] {processor.py:157} INFO - Started process (PID=7652) to work on /home/amina/miniconda/lib/python3.11/site-packages/airflow/example_dags/example_task_group_decorator.py
[2023-11-28T11:52:42.134+0500] {processor.py:829} INFO - Processing file /home/amina/miniconda/lib/python3.11/site-packages/airflow/example_dags/example_task_group_decorator.py for tasks to queue
[2023-11-28T11:52:42.135+0500] {logging_mixin.py:154} INFO - [2023-11-28T11:52:42.135+0500] {dagbag.py:536} INFO - Filling up the DagBag from /home/amina/miniconda/lib/python3.11/site-packages/airflow/example_dags/example_task_group_decorator.py
[2023-11-28T11:52:42.157+0500] {processor.py:839} INFO - DAG(s) dict_keys(['example_task_group_decorator']) retrieved from /home/amina/miniconda/lib/python3.11/site-packages/airflow/example_dags/example_task_group_decorator.py
[2023-11-28T11:52:42.177+0500] {logging_mixin.py:154} INFO - [2023-11-28T11:52:42.176+0500] {dag.py:2941} INFO - Sync 1 DAGs
[2023-11-28T11:52:42.196+0500] {logging_mixin.py:154} INFO - [2023-11-28T11:52:42.196+0500] {dag.py:3722} INFO - Setting next_dagrun for example_task_group_decorator to 2023-11-27T06:52:42.196532+00:00, run_after=2023-11-28T06:52:42.196532+00:00
[2023-11-28T11:52:42.315+0500] {processor.py:179} INFO - Processing /home/amina/miniconda/lib/python3.11/site-packages/airflow/example_dags/example_task_group_decorator.py took 0.185 seconds
[2023-11-28T11:53:28.372+0500] {processor.py:157} INFO - Started process (PID=7750) to work on /home/amina/miniconda/lib/python3.11/site-packages/airflow/example_dags/example_task_group_decorator.py
[2023-11-28T11:53:28.387+0500] {processor.py:829} INFO - Processing file /home/amina/miniconda/lib/python3.11/site-packages/airflow/example_dags/example_task_group_decorator.py for tasks to queue
[2023-11-28T11:53:28.388+0500] {logging_mixin.py:154} INFO - [2023-11-28T11:53:28.387+0500] {dagbag.py:536} INFO - Filling up the DagBag from /home/amina/miniconda/lib/python3.11/site-packages/airflow/example_dags/example_task_group_decorator.py
[2023-11-28T11:53:28.406+0500] {processor.py:839} INFO - DAG(s) dict_keys(['example_task_group_decorator']) retrieved from /home/amina/miniconda/lib/python3.11/site-packages/airflow/example_dags/example_task_group_decorator.py
[2023-11-28T11:53:28.426+0500] {logging_mixin.py:154} INFO - [2023-11-28T11:53:28.426+0500] {dag.py:2941} INFO - Sync 1 DAGs
[2023-11-28T11:53:28.458+0500] {logging_mixin.py:154} INFO - [2023-11-28T11:53:28.458+0500] {dag.py:3722} INFO - Setting next_dagrun for example_task_group_decorator to 2023-11-27T06:53:28.458016+00:00, run_after=2023-11-28T06:53:28.458016+00:00
[2023-11-28T11:53:28.571+0500] {processor.py:179} INFO - Processing /home/amina/miniconda/lib/python3.11/site-packages/airflow/example_dags/example_task_group_decorator.py took 0.203 seconds
[2023-11-28T11:54:19.874+0500] {processor.py:157} INFO - Started process (PID=7800) to work on /home/amina/miniconda/lib/python3.11/site-packages/airflow/example_dags/example_task_group_decorator.py
[2023-11-28T11:54:19.883+0500] {processor.py:829} INFO - Processing file /home/amina/miniconda/lib/python3.11/site-packages/airflow/example_dags/example_task_group_decorator.py for tasks to queue
[2023-11-28T11:54:19.884+0500] {logging_mixin.py:154} INFO - [2023-11-28T11:54:19.883+0500] {dagbag.py:536} INFO - Filling up the DagBag from /home/amina/miniconda/lib/python3.11/site-packages/airflow/example_dags/example_task_group_decorator.py
[2023-11-28T11:54:19.902+0500] {processor.py:839} INFO - DAG(s) dict_keys(['example_task_group_decorator']) retrieved from /home/amina/miniconda/lib/python3.11/site-packages/airflow/example_dags/example_task_group_decorator.py
[2023-11-28T11:54:19.924+0500] {logging_mixin.py:154} INFO - [2023-11-28T11:54:19.924+0500] {dag.py:2941} INFO - Sync 1 DAGs
[2023-11-28T11:54:19.945+0500] {logging_mixin.py:154} INFO - [2023-11-28T11:54:19.945+0500] {dag.py:3722} INFO - Setting next_dagrun for example_task_group_decorator to 2023-11-27T06:54:19.945576+00:00, run_after=2023-11-28T06:54:19.945576+00:00
[2023-11-28T11:54:20.064+0500] {processor.py:179} INFO - Processing /home/amina/miniconda/lib/python3.11/site-packages/airflow/example_dags/example_task_group_decorator.py took 0.195 seconds
[2023-11-28T11:55:10.108+0500] {processor.py:157} INFO - Started process (PID=7852) to work on /home/amina/miniconda/lib/python3.11/site-packages/airflow/example_dags/example_task_group_decorator.py
[2023-11-28T11:55:10.117+0500] {processor.py:829} INFO - Processing file /home/amina/miniconda/lib/python3.11/site-packages/airflow/example_dags/example_task_group_decorator.py for tasks to queue
[2023-11-28T11:55:10.119+0500] {logging_mixin.py:154} INFO - [2023-11-28T11:55:10.118+0500] {dagbag.py:536} INFO - Filling up the DagBag from /home/amina/miniconda/lib/python3.11/site-packages/airflow/example_dags/example_task_group_decorator.py
[2023-11-28T11:55:10.157+0500] {processor.py:839} INFO - DAG(s) dict_keys(['example_task_group_decorator']) retrieved from /home/amina/miniconda/lib/python3.11/site-packages/airflow/example_dags/example_task_group_decorator.py
[2023-11-28T11:55:10.188+0500] {logging_mixin.py:154} INFO - [2023-11-28T11:55:10.188+0500] {dag.py:2941} INFO - Sync 1 DAGs
[2023-11-28T11:55:10.225+0500] {logging_mixin.py:154} INFO - [2023-11-28T11:55:10.225+0500] {dag.py:3722} INFO - Setting next_dagrun for example_task_group_decorator to 2023-11-27T06:55:10.225436+00:00, run_after=2023-11-28T06:55:10.225436+00:00
[2023-11-28T11:55:10.346+0500] {processor.py:179} INFO - Processing /home/amina/miniconda/lib/python3.11/site-packages/airflow/example_dags/example_task_group_decorator.py took 0.242 seconds
[2023-11-28T11:55:59.851+0500] {processor.py:157} INFO - Started process (PID=7899) to work on /home/amina/miniconda/lib/python3.11/site-packages/airflow/example_dags/example_task_group_decorator.py
[2023-11-28T11:55:59.903+0500] {processor.py:829} INFO - Processing file /home/amina/miniconda/lib/python3.11/site-packages/airflow/example_dags/example_task_group_decorator.py for tasks to queue
[2023-11-28T11:55:59.904+0500] {logging_mixin.py:154} INFO - [2023-11-28T11:55:59.903+0500] {dagbag.py:536} INFO - Filling up the DagBag from /home/amina/miniconda/lib/python3.11/site-packages/airflow/example_dags/example_task_group_decorator.py
[2023-11-28T11:55:59.922+0500] {processor.py:839} INFO - DAG(s) dict_keys(['example_task_group_decorator']) retrieved from /home/amina/miniconda/lib/python3.11/site-packages/airflow/example_dags/example_task_group_decorator.py
[2023-11-28T11:55:59.945+0500] {logging_mixin.py:154} INFO - [2023-11-28T11:55:59.945+0500] {dag.py:2941} INFO - Sync 1 DAGs
[2023-11-28T11:55:59.969+0500] {logging_mixin.py:154} INFO - [2023-11-28T11:55:59.969+0500] {dag.py:3722} INFO - Setting next_dagrun for example_task_group_decorator to 2023-11-27T06:55:59.969175+00:00, run_after=2023-11-28T06:55:59.969175+00:00
[2023-11-28T11:56:00.082+0500] {processor.py:179} INFO - Processing /home/amina/miniconda/lib/python3.11/site-packages/airflow/example_dags/example_task_group_decorator.py took 0.234 seconds
[2023-11-28T11:56:47.590+0500] {processor.py:157} INFO - Started process (PID=7945) to work on /home/amina/miniconda/lib/python3.11/site-packages/airflow/example_dags/example_task_group_decorator.py
[2023-11-28T11:56:47.623+0500] {processor.py:829} INFO - Processing file /home/amina/miniconda/lib/python3.11/site-packages/airflow/example_dags/example_task_group_decorator.py for tasks to queue
[2023-11-28T11:56:47.623+0500] {logging_mixin.py:154} INFO - [2023-11-28T11:56:47.623+0500] {dagbag.py:536} INFO - Filling up the DagBag from /home/amina/miniconda/lib/python3.11/site-packages/airflow/example_dags/example_task_group_decorator.py
[2023-11-28T11:56:47.655+0500] {processor.py:839} INFO - DAG(s) dict_keys(['example_task_group_decorator']) retrieved from /home/amina/miniconda/lib/python3.11/site-packages/airflow/example_dags/example_task_group_decorator.py
[2023-11-28T11:56:47.684+0500] {logging_mixin.py:154} INFO - [2023-11-28T11:56:47.684+0500] {dag.py:2941} INFO - Sync 1 DAGs
[2023-11-28T11:56:47.716+0500] {logging_mixin.py:154} INFO - [2023-11-28T11:56:47.716+0500] {dag.py:3722} INFO - Setting next_dagrun for example_task_group_decorator to 2023-11-27T06:56:47.716233+00:00, run_after=2023-11-28T06:56:47.716233+00:00
[2023-11-28T11:56:47.828+0500] {processor.py:179} INFO - Processing /home/amina/miniconda/lib/python3.11/site-packages/airflow/example_dags/example_task_group_decorator.py took 0.245 seconds
[2023-11-28T18:23:37.236+0500] {processor.py:157} INFO - Started process (PID=8272) to work on /home/amina/miniconda/lib/python3.11/site-packages/airflow/example_dags/example_task_group_decorator.py
[2023-11-28T18:23:37.241+0500] {processor.py:829} INFO - Processing file /home/amina/miniconda/lib/python3.11/site-packages/airflow/example_dags/example_task_group_decorator.py for tasks to queue
[2023-11-28T18:23:37.242+0500] {logging_mixin.py:154} INFO - [2023-11-28T18:23:37.242+0500] {dagbag.py:536} INFO - Filling up the DagBag from /home/amina/miniconda/lib/python3.11/site-packages/airflow/example_dags/example_task_group_decorator.py
[2023-11-28T18:23:37.258+0500] {processor.py:839} INFO - DAG(s) dict_keys(['example_task_group_decorator']) retrieved from /home/amina/miniconda/lib/python3.11/site-packages/airflow/example_dags/example_task_group_decorator.py
[2023-11-28T18:23:37.277+0500] {logging_mixin.py:154} INFO - [2023-11-28T18:23:37.276+0500] {dag.py:2941} INFO - Sync 1 DAGs
[2023-11-28T18:23:37.295+0500] {logging_mixin.py:154} INFO - [2023-11-28T18:23:37.295+0500] {dag.py:3722} INFO - Setting next_dagrun for example_task_group_decorator to 2023-11-27T13:23:37.295484+00:00, run_after=2023-11-28T13:23:37.295484+00:00
[2023-11-28T18:23:37.405+0500] {processor.py:179} INFO - Processing /home/amina/miniconda/lib/python3.11/site-packages/airflow/example_dags/example_task_group_decorator.py took 0.171 seconds
