[2023-11-28T11:38:16.643+0500] {processor.py:157} INFO - Started process (PID=6614) to work on /home/amina/miniconda/lib/python3.11/site-packages/airflow/example_dags/example_external_task_marker_dag.py
[2023-11-28T11:38:16.644+0500] {processor.py:829} INFO - Processing file /home/amina/miniconda/lib/python3.11/site-packages/airflow/example_dags/example_external_task_marker_dag.py for tasks to queue
[2023-11-28T11:38:16.645+0500] {logging_mixin.py:154} INFO - [2023-11-28T11:38:16.645+0500] {dagbag.py:536} INFO - Filling up the DagBag from /home/amina/miniconda/lib/python3.11/site-packages/airflow/example_dags/example_external_task_marker_dag.py
[2023-11-28T11:38:16.652+0500] {processor.py:839} INFO - DAG(s) dict_keys(['example_external_task_marker_parent', 'example_external_task_marker_child']) retrieved from /home/amina/miniconda/lib/python3.11/site-packages/airflow/example_dags/example_external_task_marker_dag.py
[2023-11-28T11:38:16.670+0500] {logging_mixin.py:154} INFO - [2023-11-28T11:38:16.670+0500] {dag.py:2941} INFO - Sync 2 DAGs
[2023-11-28T11:38:16.681+0500] {logging_mixin.py:154} INFO - [2023-11-28T11:38:16.681+0500] {dag.py:3722} INFO - Setting next_dagrun for example_external_task_marker_child to None, run_after=None
[2023-11-28T11:38:16.684+0500] {logging_mixin.py:154} INFO - [2023-11-28T11:38:16.684+0500] {dag.py:3722} INFO - Setting next_dagrun for example_external_task_marker_parent to None, run_after=None
[2023-11-28T11:38:16.787+0500] {processor.py:179} INFO - Processing /home/amina/miniconda/lib/python3.11/site-packages/airflow/example_dags/example_external_task_marker_dag.py took 0.147 seconds
[2023-11-28T11:39:09.406+0500] {processor.py:157} INFO - Started process (PID=6722) to work on /home/amina/miniconda/lib/python3.11/site-packages/airflow/example_dags/example_external_task_marker_dag.py
[2023-11-28T11:39:09.432+0500] {processor.py:829} INFO - Processing file /home/amina/miniconda/lib/python3.11/site-packages/airflow/example_dags/example_external_task_marker_dag.py for tasks to queue
[2023-11-28T11:39:09.433+0500] {logging_mixin.py:154} INFO - [2023-11-28T11:39:09.433+0500] {dagbag.py:536} INFO - Filling up the DagBag from /home/amina/miniconda/lib/python3.11/site-packages/airflow/example_dags/example_external_task_marker_dag.py
[2023-11-28T11:39:09.438+0500] {processor.py:839} INFO - DAG(s) dict_keys(['example_external_task_marker_parent', 'example_external_task_marker_child']) retrieved from /home/amina/miniconda/lib/python3.11/site-packages/airflow/example_dags/example_external_task_marker_dag.py
[2023-11-28T11:39:09.456+0500] {logging_mixin.py:154} INFO - [2023-11-28T11:39:09.456+0500] {dag.py:2941} INFO - Sync 2 DAGs
[2023-11-28T11:39:09.565+0500] {logging_mixin.py:154} INFO - [2023-11-28T11:39:09.564+0500] {dag.py:3722} INFO - Setting next_dagrun for example_external_task_marker_child to None, run_after=None
[2023-11-28T11:39:09.567+0500] {logging_mixin.py:154} INFO - [2023-11-28T11:39:09.567+0500] {dag.py:3722} INFO - Setting next_dagrun for example_external_task_marker_parent to None, run_after=None
[2023-11-28T11:39:09.664+0500] {processor.py:179} INFO - Processing /home/amina/miniconda/lib/python3.11/site-packages/airflow/example_dags/example_external_task_marker_dag.py took 0.261 seconds
[2023-11-28T11:40:08.187+0500] {processor.py:157} INFO - Started process (PID=6790) to work on /home/amina/miniconda/lib/python3.11/site-packages/airflow/example_dags/example_external_task_marker_dag.py
[2023-11-28T11:40:08.221+0500] {processor.py:829} INFO - Processing file /home/amina/miniconda/lib/python3.11/site-packages/airflow/example_dags/example_external_task_marker_dag.py for tasks to queue
[2023-11-28T11:40:08.221+0500] {logging_mixin.py:154} INFO - [2023-11-28T11:40:08.221+0500] {dagbag.py:536} INFO - Filling up the DagBag from /home/amina/miniconda/lib/python3.11/site-packages/airflow/example_dags/example_external_task_marker_dag.py
[2023-11-28T11:40:08.227+0500] {processor.py:839} INFO - DAG(s) dict_keys(['example_external_task_marker_child', 'example_external_task_marker_parent']) retrieved from /home/amina/miniconda/lib/python3.11/site-packages/airflow/example_dags/example_external_task_marker_dag.py
[2023-11-28T11:40:08.245+0500] {logging_mixin.py:154} INFO - [2023-11-28T11:40:08.245+0500] {dag.py:2941} INFO - Sync 2 DAGs
[2023-11-28T11:40:08.255+0500] {logging_mixin.py:154} INFO - [2023-11-28T11:40:08.255+0500] {dag.py:3722} INFO - Setting next_dagrun for example_external_task_marker_child to None, run_after=None
[2023-11-28T11:40:08.258+0500] {logging_mixin.py:154} INFO - [2023-11-28T11:40:08.258+0500] {dag.py:3722} INFO - Setting next_dagrun for example_external_task_marker_parent to None, run_after=None
[2023-11-28T11:40:08.364+0500] {processor.py:179} INFO - Processing /home/amina/miniconda/lib/python3.11/site-packages/airflow/example_dags/example_external_task_marker_dag.py took 0.180 seconds
[2023-11-28T11:41:23.187+0500] {processor.py:157} INFO - Started process (PID=6871) to work on /home/amina/miniconda/lib/python3.11/site-packages/airflow/example_dags/example_external_task_marker_dag.py
[2023-11-28T11:41:23.210+0500] {processor.py:829} INFO - Processing file /home/amina/miniconda/lib/python3.11/site-packages/airflow/example_dags/example_external_task_marker_dag.py for tasks to queue
[2023-11-28T11:41:23.211+0500] {logging_mixin.py:154} INFO - [2023-11-28T11:41:23.210+0500] {dagbag.py:536} INFO - Filling up the DagBag from /home/amina/miniconda/lib/python3.11/site-packages/airflow/example_dags/example_external_task_marker_dag.py
[2023-11-28T11:41:23.216+0500] {processor.py:839} INFO - DAG(s) dict_keys(['example_external_task_marker_child', 'example_external_task_marker_parent']) retrieved from /home/amina/miniconda/lib/python3.11/site-packages/airflow/example_dags/example_external_task_marker_dag.py
[2023-11-28T11:41:23.239+0500] {logging_mixin.py:154} INFO - [2023-11-28T11:41:23.239+0500] {dag.py:2941} INFO - Sync 2 DAGs
[2023-11-28T11:41:23.250+0500] {logging_mixin.py:154} INFO - [2023-11-28T11:41:23.250+0500] {dag.py:3722} INFO - Setting next_dagrun for example_external_task_marker_child to None, run_after=None
[2023-11-28T11:41:23.253+0500] {logging_mixin.py:154} INFO - [2023-11-28T11:41:23.253+0500] {dag.py:3722} INFO - Setting next_dagrun for example_external_task_marker_parent to None, run_after=None
[2023-11-28T11:41:23.379+0500] {processor.py:179} INFO - Processing /home/amina/miniconda/lib/python3.11/site-packages/airflow/example_dags/example_external_task_marker_dag.py took 0.195 seconds
[2023-11-28T11:42:26.739+0500] {processor.py:157} INFO - Started process (PID=6936) to work on /home/amina/miniconda/lib/python3.11/site-packages/airflow/example_dags/example_external_task_marker_dag.py
[2023-11-28T11:42:26.777+0500] {processor.py:829} INFO - Processing file /home/amina/miniconda/lib/python3.11/site-packages/airflow/example_dags/example_external_task_marker_dag.py for tasks to queue
[2023-11-28T11:42:26.778+0500] {logging_mixin.py:154} INFO - [2023-11-28T11:42:26.778+0500] {dagbag.py:536} INFO - Filling up the DagBag from /home/amina/miniconda/lib/python3.11/site-packages/airflow/example_dags/example_external_task_marker_dag.py
[2023-11-28T11:42:26.785+0500] {processor.py:839} INFO - DAG(s) dict_keys(['example_external_task_marker_child', 'example_external_task_marker_parent']) retrieved from /home/amina/miniconda/lib/python3.11/site-packages/airflow/example_dags/example_external_task_marker_dag.py
[2023-11-28T11:42:26.805+0500] {logging_mixin.py:154} INFO - [2023-11-28T11:42:26.805+0500] {dag.py:2941} INFO - Sync 2 DAGs
[2023-11-28T11:42:26.820+0500] {logging_mixin.py:154} INFO - [2023-11-28T11:42:26.820+0500] {dag.py:3722} INFO - Setting next_dagrun for example_external_task_marker_child to None, run_after=None
[2023-11-28T11:42:26.824+0500] {logging_mixin.py:154} INFO - [2023-11-28T11:42:26.824+0500] {dag.py:3722} INFO - Setting next_dagrun for example_external_task_marker_parent to None, run_after=None
[2023-11-28T11:42:26.917+0500] {processor.py:179} INFO - Processing /home/amina/miniconda/lib/python3.11/site-packages/airflow/example_dags/example_external_task_marker_dag.py took 0.180 seconds
[2023-11-28T11:48:31.535+0500] {processor.py:157} INFO - Started process (PID=7406) to work on /home/amina/miniconda/lib/python3.11/site-packages/airflow/example_dags/example_external_task_marker_dag.py
[2023-11-28T11:48:31.573+0500] {processor.py:829} INFO - Processing file /home/amina/miniconda/lib/python3.11/site-packages/airflow/example_dags/example_external_task_marker_dag.py for tasks to queue
[2023-11-28T11:48:31.574+0500] {logging_mixin.py:154} INFO - [2023-11-28T11:48:31.574+0500] {dagbag.py:536} INFO - Filling up the DagBag from /home/amina/miniconda/lib/python3.11/site-packages/airflow/example_dags/example_external_task_marker_dag.py
[2023-11-28T11:48:31.580+0500] {processor.py:839} INFO - DAG(s) dict_keys(['example_external_task_marker_parent', 'example_external_task_marker_child']) retrieved from /home/amina/miniconda/lib/python3.11/site-packages/airflow/example_dags/example_external_task_marker_dag.py
[2023-11-28T11:48:31.600+0500] {logging_mixin.py:154} INFO - [2023-11-28T11:48:31.600+0500] {dag.py:2941} INFO - Sync 2 DAGs
[2023-11-28T11:48:31.613+0500] {logging_mixin.py:154} INFO - [2023-11-28T11:48:31.613+0500] {dag.py:3722} INFO - Setting next_dagrun for example_external_task_marker_child to None, run_after=None
[2023-11-28T11:48:31.616+0500] {logging_mixin.py:154} INFO - [2023-11-28T11:48:31.616+0500] {dag.py:3722} INFO - Setting next_dagrun for example_external_task_marker_parent to None, run_after=None
[2023-11-28T11:48:31.731+0500] {processor.py:179} INFO - Processing /home/amina/miniconda/lib/python3.11/site-packages/airflow/example_dags/example_external_task_marker_dag.py took 0.199 seconds
[2023-11-28T11:50:32.555+0500] {processor.py:157} INFO - Started process (PID=7491) to work on /home/amina/miniconda/lib/python3.11/site-packages/airflow/example_dags/example_external_task_marker_dag.py
[2023-11-28T11:50:32.588+0500] {processor.py:829} INFO - Processing file /home/amina/miniconda/lib/python3.11/site-packages/airflow/example_dags/example_external_task_marker_dag.py for tasks to queue
[2023-11-28T11:50:32.589+0500] {logging_mixin.py:154} INFO - [2023-11-28T11:50:32.589+0500] {dagbag.py:536} INFO - Filling up the DagBag from /home/amina/miniconda/lib/python3.11/site-packages/airflow/example_dags/example_external_task_marker_dag.py
[2023-11-28T11:50:32.595+0500] {processor.py:839} INFO - DAG(s) dict_keys(['example_external_task_marker_child', 'example_external_task_marker_parent']) retrieved from /home/amina/miniconda/lib/python3.11/site-packages/airflow/example_dags/example_external_task_marker_dag.py
[2023-11-28T11:50:32.614+0500] {logging_mixin.py:154} INFO - [2023-11-28T11:50:32.614+0500] {dag.py:2941} INFO - Sync 2 DAGs
[2023-11-28T11:50:32.730+0500] {logging_mixin.py:154} INFO - [2023-11-28T11:50:32.730+0500] {dag.py:3722} INFO - Setting next_dagrun for example_external_task_marker_child to None, run_after=None
[2023-11-28T11:50:32.734+0500] {logging_mixin.py:154} INFO - [2023-11-28T11:50:32.734+0500] {dag.py:3722} INFO - Setting next_dagrun for example_external_task_marker_parent to None, run_after=None
[2023-11-28T11:50:32.944+0500] {processor.py:179} INFO - Processing /home/amina/miniconda/lib/python3.11/site-packages/airflow/example_dags/example_external_task_marker_dag.py took 0.392 seconds
[2023-11-28T11:51:30.018+0500] {processor.py:157} INFO - Started process (PID=7546) to work on /home/amina/miniconda/lib/python3.11/site-packages/airflow/example_dags/example_external_task_marker_dag.py
[2023-11-28T11:51:30.030+0500] {processor.py:829} INFO - Processing file /home/amina/miniconda/lib/python3.11/site-packages/airflow/example_dags/example_external_task_marker_dag.py for tasks to queue
[2023-11-28T11:51:30.031+0500] {logging_mixin.py:154} INFO - [2023-11-28T11:51:30.031+0500] {dagbag.py:536} INFO - Filling up the DagBag from /home/amina/miniconda/lib/python3.11/site-packages/airflow/example_dags/example_external_task_marker_dag.py
[2023-11-28T11:51:30.041+0500] {processor.py:839} INFO - DAG(s) dict_keys(['example_external_task_marker_child', 'example_external_task_marker_parent']) retrieved from /home/amina/miniconda/lib/python3.11/site-packages/airflow/example_dags/example_external_task_marker_dag.py
[2023-11-28T11:51:30.063+0500] {logging_mixin.py:154} INFO - [2023-11-28T11:51:30.063+0500] {dag.py:2941} INFO - Sync 2 DAGs
[2023-11-28T11:51:30.079+0500] {logging_mixin.py:154} INFO - [2023-11-28T11:51:30.079+0500] {dag.py:3722} INFO - Setting next_dagrun for example_external_task_marker_child to None, run_after=None
[2023-11-28T11:51:30.083+0500] {logging_mixin.py:154} INFO - [2023-11-28T11:51:30.083+0500] {dag.py:3722} INFO - Setting next_dagrun for example_external_task_marker_parent to None, run_after=None
[2023-11-28T11:51:30.189+0500] {processor.py:179} INFO - Processing /home/amina/miniconda/lib/python3.11/site-packages/airflow/example_dags/example_external_task_marker_dag.py took 0.175 seconds
[2023-11-28T11:52:33.135+0500] {processor.py:157} INFO - Started process (PID=7643) to work on /home/amina/miniconda/lib/python3.11/site-packages/airflow/example_dags/example_external_task_marker_dag.py
[2023-11-28T11:52:33.159+0500] {processor.py:829} INFO - Processing file /home/amina/miniconda/lib/python3.11/site-packages/airflow/example_dags/example_external_task_marker_dag.py for tasks to queue
[2023-11-28T11:52:33.160+0500] {logging_mixin.py:154} INFO - [2023-11-28T11:52:33.160+0500] {dagbag.py:536} INFO - Filling up the DagBag from /home/amina/miniconda/lib/python3.11/site-packages/airflow/example_dags/example_external_task_marker_dag.py
[2023-11-28T11:52:33.170+0500] {processor.py:839} INFO - DAG(s) dict_keys(['example_external_task_marker_parent', 'example_external_task_marker_child']) retrieved from /home/amina/miniconda/lib/python3.11/site-packages/airflow/example_dags/example_external_task_marker_dag.py
[2023-11-28T11:52:33.199+0500] {logging_mixin.py:154} INFO - [2023-11-28T11:52:33.199+0500] {dag.py:2941} INFO - Sync 2 DAGs
[2023-11-28T11:52:33.216+0500] {logging_mixin.py:154} INFO - [2023-11-28T11:52:33.216+0500] {dag.py:3722} INFO - Setting next_dagrun for example_external_task_marker_child to None, run_after=None
[2023-11-28T11:52:33.219+0500] {logging_mixin.py:154} INFO - [2023-11-28T11:52:33.219+0500] {dag.py:3722} INFO - Setting next_dagrun for example_external_task_marker_parent to None, run_after=None
[2023-11-28T11:52:33.330+0500] {processor.py:179} INFO - Processing /home/amina/miniconda/lib/python3.11/site-packages/airflow/example_dags/example_external_task_marker_dag.py took 0.198 seconds
[2023-11-28T11:53:43.136+0500] {processor.py:157} INFO - Started process (PID=7761) to work on /home/amina/miniconda/lib/python3.11/site-packages/airflow/example_dags/example_external_task_marker_dag.py
[2023-11-28T11:53:43.137+0500] {processor.py:829} INFO - Processing file /home/amina/miniconda/lib/python3.11/site-packages/airflow/example_dags/example_external_task_marker_dag.py for tasks to queue
[2023-11-28T11:53:43.137+0500] {logging_mixin.py:154} INFO - [2023-11-28T11:53:43.137+0500] {dagbag.py:536} INFO - Filling up the DagBag from /home/amina/miniconda/lib/python3.11/site-packages/airflow/example_dags/example_external_task_marker_dag.py
[2023-11-28T11:53:43.144+0500] {processor.py:839} INFO - DAG(s) dict_keys(['example_external_task_marker_child', 'example_external_task_marker_parent']) retrieved from /home/amina/miniconda/lib/python3.11/site-packages/airflow/example_dags/example_external_task_marker_dag.py
[2023-11-28T11:53:43.167+0500] {logging_mixin.py:154} INFO - [2023-11-28T11:53:43.167+0500] {dag.py:2941} INFO - Sync 2 DAGs
[2023-11-28T11:53:43.181+0500] {logging_mixin.py:154} INFO - [2023-11-28T11:53:43.181+0500] {dag.py:3722} INFO - Setting next_dagrun for example_external_task_marker_child to None, run_after=None
[2023-11-28T11:53:43.184+0500] {logging_mixin.py:154} INFO - [2023-11-28T11:53:43.184+0500] {dag.py:3722} INFO - Setting next_dagrun for example_external_task_marker_parent to None, run_after=None
[2023-11-28T11:53:43.266+0500] {processor.py:179} INFO - Processing /home/amina/miniconda/lib/python3.11/site-packages/airflow/example_dags/example_external_task_marker_dag.py took 0.133 seconds
[2023-11-28T11:54:59.218+0500] {processor.py:157} INFO - Started process (PID=7843) to work on /home/amina/miniconda/lib/python3.11/site-packages/airflow/example_dags/example_external_task_marker_dag.py
[2023-11-28T11:54:59.258+0500] {processor.py:829} INFO - Processing file /home/amina/miniconda/lib/python3.11/site-packages/airflow/example_dags/example_external_task_marker_dag.py for tasks to queue
[2023-11-28T11:54:59.259+0500] {logging_mixin.py:154} INFO - [2023-11-28T11:54:59.259+0500] {dagbag.py:536} INFO - Filling up the DagBag from /home/amina/miniconda/lib/python3.11/site-packages/airflow/example_dags/example_external_task_marker_dag.py
[2023-11-28T11:54:59.271+0500] {processor.py:839} INFO - DAG(s) dict_keys(['example_external_task_marker_parent', 'example_external_task_marker_child']) retrieved from /home/amina/miniconda/lib/python3.11/site-packages/airflow/example_dags/example_external_task_marker_dag.py
[2023-11-28T11:54:59.307+0500] {logging_mixin.py:154} INFO - [2023-11-28T11:54:59.307+0500] {dag.py:2941} INFO - Sync 2 DAGs
[2023-11-28T11:54:59.327+0500] {logging_mixin.py:154} INFO - [2023-11-28T11:54:59.327+0500] {dag.py:3722} INFO - Setting next_dagrun for example_external_task_marker_child to None, run_after=None
[2023-11-28T11:54:59.335+0500] {logging_mixin.py:154} INFO - [2023-11-28T11:54:59.334+0500] {dag.py:3722} INFO - Setting next_dagrun for example_external_task_marker_parent to None, run_after=None
[2023-11-28T11:54:59.419+0500] {processor.py:179} INFO - Processing /home/amina/miniconda/lib/python3.11/site-packages/airflow/example_dags/example_external_task_marker_dag.py took 0.211 seconds
[2023-11-28T11:56:12.515+0500] {processor.py:157} INFO - Started process (PID=7909) to work on /home/amina/miniconda/lib/python3.11/site-packages/airflow/example_dags/example_external_task_marker_dag.py
[2023-11-28T11:56:12.532+0500] {processor.py:829} INFO - Processing file /home/amina/miniconda/lib/python3.11/site-packages/airflow/example_dags/example_external_task_marker_dag.py for tasks to queue
[2023-11-28T11:56:12.533+0500] {logging_mixin.py:154} INFO - [2023-11-28T11:56:12.532+0500] {dagbag.py:536} INFO - Filling up the DagBag from /home/amina/miniconda/lib/python3.11/site-packages/airflow/example_dags/example_external_task_marker_dag.py
[2023-11-28T11:56:12.539+0500] {processor.py:839} INFO - DAG(s) dict_keys(['example_external_task_marker_parent', 'example_external_task_marker_child']) retrieved from /home/amina/miniconda/lib/python3.11/site-packages/airflow/example_dags/example_external_task_marker_dag.py
[2023-11-28T11:56:12.571+0500] {logging_mixin.py:154} INFO - [2023-11-28T11:56:12.571+0500] {dag.py:2941} INFO - Sync 2 DAGs
[2023-11-28T11:56:12.594+0500] {logging_mixin.py:154} INFO - [2023-11-28T11:56:12.594+0500] {dag.py:3722} INFO - Setting next_dagrun for example_external_task_marker_child to None, run_after=None
[2023-11-28T11:56:12.599+0500] {logging_mixin.py:154} INFO - [2023-11-28T11:56:12.599+0500] {dag.py:3722} INFO - Setting next_dagrun for example_external_task_marker_parent to None, run_after=None
[2023-11-28T11:56:12.711+0500] {processor.py:179} INFO - Processing /home/amina/miniconda/lib/python3.11/site-packages/airflow/example_dags/example_external_task_marker_dag.py took 0.199 seconds
[2023-11-28T18:23:25.181+0500] {processor.py:157} INFO - Started process (PID=8259) to work on /home/amina/miniconda/lib/python3.11/site-packages/airflow/example_dags/example_external_task_marker_dag.py
[2023-11-28T18:23:25.194+0500] {processor.py:829} INFO - Processing file /home/amina/miniconda/lib/python3.11/site-packages/airflow/example_dags/example_external_task_marker_dag.py for tasks to queue
[2023-11-28T18:23:25.195+0500] {logging_mixin.py:154} INFO - [2023-11-28T18:23:25.194+0500] {dagbag.py:536} INFO - Filling up the DagBag from /home/amina/miniconda/lib/python3.11/site-packages/airflow/example_dags/example_external_task_marker_dag.py
[2023-11-28T18:23:25.200+0500] {processor.py:839} INFO - DAG(s) dict_keys(['example_external_task_marker_child', 'example_external_task_marker_parent']) retrieved from /home/amina/miniconda/lib/python3.11/site-packages/airflow/example_dags/example_external_task_marker_dag.py
[2023-11-28T18:23:25.219+0500] {logging_mixin.py:154} INFO - [2023-11-28T18:23:25.219+0500] {dag.py:2941} INFO - Sync 2 DAGs
[2023-11-28T18:23:25.231+0500] {logging_mixin.py:154} INFO - [2023-11-28T18:23:25.230+0500] {dag.py:3722} INFO - Setting next_dagrun for example_external_task_marker_child to None, run_after=None
[2023-11-28T18:23:25.234+0500] {logging_mixin.py:154} INFO - [2023-11-28T18:23:25.234+0500] {dag.py:3722} INFO - Setting next_dagrun for example_external_task_marker_parent to None, run_after=None
[2023-11-28T18:23:25.326+0500] {processor.py:179} INFO - Processing /home/amina/miniconda/lib/python3.11/site-packages/airflow/example_dags/example_external_task_marker_dag.py took 0.148 seconds
