[2023-11-28T11:37:52.217+0500] {processor.py:157} INFO - Started process (PID=6589) to work on /home/amina/miniconda/lib/python3.11/site-packages/airflow/example_dags/example_xcom.py
[2023-11-28T11:37:52.219+0500] {processor.py:829} INFO - Processing file /home/amina/miniconda/lib/python3.11/site-packages/airflow/example_dags/example_xcom.py for tasks to queue
[2023-11-28T11:37:52.222+0500] {logging_mixin.py:154} INFO - [2023-11-28T11:37:52.221+0500] {dagbag.py:536} INFO - Filling up the DagBag from /home/amina/miniconda/lib/python3.11/site-packages/airflow/example_dags/example_xcom.py
[2023-11-28T11:37:52.233+0500] {processor.py:839} INFO - DAG(s) dict_keys(['example_xcom']) retrieved from /home/amina/miniconda/lib/python3.11/site-packages/airflow/example_dags/example_xcom.py
[2023-11-28T11:37:52.256+0500] {logging_mixin.py:154} INFO - [2023-11-28T11:37:52.256+0500] {dag.py:2941} INFO - Sync 1 DAGs
[2023-11-28T11:37:52.278+0500] {logging_mixin.py:154} INFO - [2023-11-28T11:37:52.278+0500] {dag.py:3722} INFO - Setting next_dagrun for example_xcom to 2021-01-01T00:00:00+00:00, run_after=2021-01-01T00:00:00+00:00
[2023-11-28T11:37:52.426+0500] {processor.py:179} INFO - Processing /home/amina/miniconda/lib/python3.11/site-packages/airflow/example_dags/example_xcom.py took 0.211 seconds
[2023-11-28T11:38:45.751+0500] {processor.py:157} INFO - Started process (PID=6641) to work on /home/amina/miniconda/lib/python3.11/site-packages/airflow/example_dags/example_xcom.py
[2023-11-28T11:38:45.782+0500] {processor.py:829} INFO - Processing file /home/amina/miniconda/lib/python3.11/site-packages/airflow/example_dags/example_xcom.py for tasks to queue
[2023-11-28T11:38:45.783+0500] {logging_mixin.py:154} INFO - [2023-11-28T11:38:45.783+0500] {dagbag.py:536} INFO - Filling up the DagBag from /home/amina/miniconda/lib/python3.11/site-packages/airflow/example_dags/example_xcom.py
[2023-11-28T11:38:45.794+0500] {processor.py:839} INFO - DAG(s) dict_keys(['example_xcom']) retrieved from /home/amina/miniconda/lib/python3.11/site-packages/airflow/example_dags/example_xcom.py
[2023-11-28T11:38:45.813+0500] {logging_mixin.py:154} INFO - [2023-11-28T11:38:45.813+0500] {dag.py:2941} INFO - Sync 1 DAGs
[2023-11-28T11:38:45.834+0500] {logging_mixin.py:154} INFO - [2023-11-28T11:38:45.834+0500] {dag.py:3722} INFO - Setting next_dagrun for example_xcom to 2021-01-01T00:00:00+00:00, run_after=2021-01-01T00:00:00+00:00
[2023-11-28T11:38:45.971+0500] {processor.py:179} INFO - Processing /home/amina/miniconda/lib/python3.11/site-packages/airflow/example_dags/example_xcom.py took 0.223 seconds
[2023-11-28T11:39:43.752+0500] {processor.py:157} INFO - Started process (PID=6771) to work on /home/amina/miniconda/lib/python3.11/site-packages/airflow/example_dags/example_xcom.py
[2023-11-28T11:39:43.780+0500] {processor.py:829} INFO - Processing file /home/amina/miniconda/lib/python3.11/site-packages/airflow/example_dags/example_xcom.py for tasks to queue
[2023-11-28T11:39:43.781+0500] {logging_mixin.py:154} INFO - [2023-11-28T11:39:43.780+0500] {dagbag.py:536} INFO - Filling up the DagBag from /home/amina/miniconda/lib/python3.11/site-packages/airflow/example_dags/example_xcom.py
[2023-11-28T11:39:43.791+0500] {processor.py:839} INFO - DAG(s) dict_keys(['example_xcom']) retrieved from /home/amina/miniconda/lib/python3.11/site-packages/airflow/example_dags/example_xcom.py
[2023-11-28T11:39:43.930+0500] {logging_mixin.py:154} INFO - [2023-11-28T11:39:43.929+0500] {dag.py:2941} INFO - Sync 1 DAGs
[2023-11-28T11:39:43.949+0500] {logging_mixin.py:154} INFO - [2023-11-28T11:39:43.948+0500] {dag.py:3722} INFO - Setting next_dagrun for example_xcom to 2021-01-01T00:00:00+00:00, run_after=2021-01-01T00:00:00+00:00
[2023-11-28T11:39:44.110+0500] {processor.py:179} INFO - Processing /home/amina/miniconda/lib/python3.11/site-packages/airflow/example_dags/example_xcom.py took 0.363 seconds
[2023-11-28T11:40:41.468+0500] {processor.py:157} INFO - Started process (PID=6823) to work on /home/amina/miniconda/lib/python3.11/site-packages/airflow/example_dags/example_xcom.py
[2023-11-28T11:40:41.487+0500] {processor.py:829} INFO - Processing file /home/amina/miniconda/lib/python3.11/site-packages/airflow/example_dags/example_xcom.py for tasks to queue
[2023-11-28T11:40:41.487+0500] {logging_mixin.py:154} INFO - [2023-11-28T11:40:41.487+0500] {dagbag.py:536} INFO - Filling up the DagBag from /home/amina/miniconda/lib/python3.11/site-packages/airflow/example_dags/example_xcom.py
[2023-11-28T11:40:41.495+0500] {processor.py:839} INFO - DAG(s) dict_keys(['example_xcom']) retrieved from /home/amina/miniconda/lib/python3.11/site-packages/airflow/example_dags/example_xcom.py
[2023-11-28T11:40:41.510+0500] {logging_mixin.py:154} INFO - [2023-11-28T11:40:41.510+0500] {dag.py:2941} INFO - Sync 1 DAGs
[2023-11-28T11:40:41.528+0500] {logging_mixin.py:154} INFO - [2023-11-28T11:40:41.528+0500] {dag.py:3722} INFO - Setting next_dagrun for example_xcom to 2021-01-01T00:00:00+00:00, run_after=2021-01-01T00:00:00+00:00
[2023-11-28T11:40:41.640+0500] {processor.py:179} INFO - Processing /home/amina/miniconda/lib/python3.11/site-packages/airflow/example_dags/example_xcom.py took 0.175 seconds
[2023-11-28T11:41:30.555+0500] {processor.py:157} INFO - Started process (PID=6878) to work on /home/amina/miniconda/lib/python3.11/site-packages/airflow/example_dags/example_xcom.py
[2023-11-28T11:41:30.572+0500] {processor.py:829} INFO - Processing file /home/amina/miniconda/lib/python3.11/site-packages/airflow/example_dags/example_xcom.py for tasks to queue
[2023-11-28T11:41:30.573+0500] {logging_mixin.py:154} INFO - [2023-11-28T11:41:30.573+0500] {dagbag.py:536} INFO - Filling up the DagBag from /home/amina/miniconda/lib/python3.11/site-packages/airflow/example_dags/example_xcom.py
[2023-11-28T11:41:30.581+0500] {processor.py:839} INFO - DAG(s) dict_keys(['example_xcom']) retrieved from /home/amina/miniconda/lib/python3.11/site-packages/airflow/example_dags/example_xcom.py
[2023-11-28T11:41:30.597+0500] {logging_mixin.py:154} INFO - [2023-11-28T11:41:30.596+0500] {dag.py:2941} INFO - Sync 1 DAGs
[2023-11-28T11:41:30.615+0500] {logging_mixin.py:154} INFO - [2023-11-28T11:41:30.615+0500] {dag.py:3722} INFO - Setting next_dagrun for example_xcom to 2021-01-01T00:00:00+00:00, run_after=2021-01-01T00:00:00+00:00
[2023-11-28T11:41:30.711+0500] {processor.py:179} INFO - Processing /home/amina/miniconda/lib/python3.11/site-packages/airflow/example_dags/example_xcom.py took 0.159 seconds
[2023-11-28T11:42:18.355+0500] {processor.py:157} INFO - Started process (PID=6928) to work on /home/amina/miniconda/lib/python3.11/site-packages/airflow/example_dags/example_xcom.py
[2023-11-28T11:42:18.374+0500] {processor.py:829} INFO - Processing file /home/amina/miniconda/lib/python3.11/site-packages/airflow/example_dags/example_xcom.py for tasks to queue
[2023-11-28T11:42:18.375+0500] {logging_mixin.py:154} INFO - [2023-11-28T11:42:18.375+0500] {dagbag.py:536} INFO - Filling up the DagBag from /home/amina/miniconda/lib/python3.11/site-packages/airflow/example_dags/example_xcom.py
[2023-11-28T11:42:18.383+0500] {processor.py:839} INFO - DAG(s) dict_keys(['example_xcom']) retrieved from /home/amina/miniconda/lib/python3.11/site-packages/airflow/example_dags/example_xcom.py
[2023-11-28T11:42:18.398+0500] {logging_mixin.py:154} INFO - [2023-11-28T11:42:18.397+0500] {dag.py:2941} INFO - Sync 1 DAGs
[2023-11-28T11:42:18.415+0500] {logging_mixin.py:154} INFO - [2023-11-28T11:42:18.415+0500] {dag.py:3722} INFO - Setting next_dagrun for example_xcom to 2021-01-01T00:00:00+00:00, run_after=2021-01-01T00:00:00+00:00
[2023-11-28T11:42:18.512+0500] {processor.py:179} INFO - Processing /home/amina/miniconda/lib/python3.11/site-packages/airflow/example_dags/example_xcom.py took 0.160 seconds
[2023-11-28T11:48:10.416+0500] {processor.py:157} INFO - Started process (PID=7381) to work on /home/amina/miniconda/lib/python3.11/site-packages/airflow/example_dags/example_xcom.py
[2023-11-28T11:48:10.425+0500] {processor.py:829} INFO - Processing file /home/amina/miniconda/lib/python3.11/site-packages/airflow/example_dags/example_xcom.py for tasks to queue
[2023-11-28T11:48:10.426+0500] {logging_mixin.py:154} INFO - [2023-11-28T11:48:10.426+0500] {dagbag.py:536} INFO - Filling up the DagBag from /home/amina/miniconda/lib/python3.11/site-packages/airflow/example_dags/example_xcom.py
[2023-11-28T11:48:10.433+0500] {processor.py:839} INFO - DAG(s) dict_keys(['example_xcom']) retrieved from /home/amina/miniconda/lib/python3.11/site-packages/airflow/example_dags/example_xcom.py
[2023-11-28T11:48:10.452+0500] {logging_mixin.py:154} INFO - [2023-11-28T11:48:10.452+0500] {dag.py:2941} INFO - Sync 1 DAGs
[2023-11-28T11:48:10.474+0500] {logging_mixin.py:154} INFO - [2023-11-28T11:48:10.473+0500] {dag.py:3722} INFO - Setting next_dagrun for example_xcom to 2021-01-01T00:00:00+00:00, run_after=2021-01-01T00:00:00+00:00
[2023-11-28T11:48:10.580+0500] {processor.py:179} INFO - Processing /home/amina/miniconda/lib/python3.11/site-packages/airflow/example_dags/example_xcom.py took 0.166 seconds
[2023-11-28T11:50:06.492+0500] {processor.py:157} INFO - Started process (PID=7468) to work on /home/amina/miniconda/lib/python3.11/site-packages/airflow/example_dags/example_xcom.py
[2023-11-28T11:50:06.527+0500] {processor.py:829} INFO - Processing file /home/amina/miniconda/lib/python3.11/site-packages/airflow/example_dags/example_xcom.py for tasks to queue
[2023-11-28T11:50:06.528+0500] {logging_mixin.py:154} INFO - [2023-11-28T11:50:06.528+0500] {dagbag.py:536} INFO - Filling up the DagBag from /home/amina/miniconda/lib/python3.11/site-packages/airflow/example_dags/example_xcom.py
[2023-11-28T11:50:06.535+0500] {processor.py:839} INFO - DAG(s) dict_keys(['example_xcom']) retrieved from /home/amina/miniconda/lib/python3.11/site-packages/airflow/example_dags/example_xcom.py
[2023-11-28T11:50:06.554+0500] {logging_mixin.py:154} INFO - [2023-11-28T11:50:06.554+0500] {dag.py:2941} INFO - Sync 1 DAGs
[2023-11-28T11:50:06.576+0500] {logging_mixin.py:154} INFO - [2023-11-28T11:50:06.576+0500] {dag.py:3722} INFO - Setting next_dagrun for example_xcom to 2021-01-01T00:00:00+00:00, run_after=2021-01-01T00:00:00+00:00
[2023-11-28T11:50:06.933+0500] {processor.py:179} INFO - Processing /home/amina/miniconda/lib/python3.11/site-packages/airflow/example_dags/example_xcom.py took 0.446 seconds
[2023-11-28T11:51:04.844+0500] {processor.py:157} INFO - Started process (PID=7522) to work on /home/amina/miniconda/lib/python3.11/site-packages/airflow/example_dags/example_xcom.py
[2023-11-28T11:51:04.884+0500] {processor.py:829} INFO - Processing file /home/amina/miniconda/lib/python3.11/site-packages/airflow/example_dags/example_xcom.py for tasks to queue
[2023-11-28T11:51:04.885+0500] {logging_mixin.py:154} INFO - [2023-11-28T11:51:04.885+0500] {dagbag.py:536} INFO - Filling up the DagBag from /home/amina/miniconda/lib/python3.11/site-packages/airflow/example_dags/example_xcom.py
[2023-11-28T11:51:04.895+0500] {processor.py:839} INFO - DAG(s) dict_keys(['example_xcom']) retrieved from /home/amina/miniconda/lib/python3.11/site-packages/airflow/example_dags/example_xcom.py
[2023-11-28T11:51:04.917+0500] {logging_mixin.py:154} INFO - [2023-11-28T11:51:04.917+0500] {dag.py:2941} INFO - Sync 1 DAGs
[2023-11-28T11:51:04.950+0500] {logging_mixin.py:154} INFO - [2023-11-28T11:51:04.950+0500] {dag.py:3722} INFO - Setting next_dagrun for example_xcom to 2021-01-01T00:00:00+00:00, run_after=2021-01-01T00:00:00+00:00
[2023-11-28T11:51:05.055+0500] {processor.py:179} INFO - Processing /home/amina/miniconda/lib/python3.11/site-packages/airflow/example_dags/example_xcom.py took 0.216 seconds
[2023-11-28T11:52:11.073+0500] {processor.py:157} INFO - Started process (PID=7622) to work on /home/amina/miniconda/lib/python3.11/site-packages/airflow/example_dags/example_xcom.py
[2023-11-28T11:52:11.130+0500] {processor.py:829} INFO - Processing file /home/amina/miniconda/lib/python3.11/site-packages/airflow/example_dags/example_xcom.py for tasks to queue
[2023-11-28T11:52:11.131+0500] {logging_mixin.py:154} INFO - [2023-11-28T11:52:11.131+0500] {dagbag.py:536} INFO - Filling up the DagBag from /home/amina/miniconda/lib/python3.11/site-packages/airflow/example_dags/example_xcom.py
[2023-11-28T11:52:11.139+0500] {processor.py:839} INFO - DAG(s) dict_keys(['example_xcom']) retrieved from /home/amina/miniconda/lib/python3.11/site-packages/airflow/example_dags/example_xcom.py
[2023-11-28T11:52:11.158+0500] {logging_mixin.py:154} INFO - [2023-11-28T11:52:11.158+0500] {dag.py:2941} INFO - Sync 1 DAGs
[2023-11-28T11:52:11.184+0500] {logging_mixin.py:154} INFO - [2023-11-28T11:52:11.183+0500] {dag.py:3722} INFO - Setting next_dagrun for example_xcom to 2021-01-01T00:00:00+00:00, run_after=2021-01-01T00:00:00+00:00
[2023-11-28T11:52:11.293+0500] {processor.py:179} INFO - Processing /home/amina/miniconda/lib/python3.11/site-packages/airflow/example_dags/example_xcom.py took 0.223 seconds
[2023-11-28T11:53:02.720+0500] {processor.py:157} INFO - Started process (PID=7727) to work on /home/amina/miniconda/lib/python3.11/site-packages/airflow/example_dags/example_xcom.py
[2023-11-28T11:53:02.745+0500] {processor.py:829} INFO - Processing file /home/amina/miniconda/lib/python3.11/site-packages/airflow/example_dags/example_xcom.py for tasks to queue
[2023-11-28T11:53:02.747+0500] {logging_mixin.py:154} INFO - [2023-11-28T11:53:02.746+0500] {dagbag.py:536} INFO - Filling up the DagBag from /home/amina/miniconda/lib/python3.11/site-packages/airflow/example_dags/example_xcom.py
[2023-11-28T11:53:02.761+0500] {processor.py:839} INFO - DAG(s) dict_keys(['example_xcom']) retrieved from /home/amina/miniconda/lib/python3.11/site-packages/airflow/example_dags/example_xcom.py
[2023-11-28T11:53:02.792+0500] {logging_mixin.py:154} INFO - [2023-11-28T11:53:02.791+0500] {dag.py:2941} INFO - Sync 1 DAGs
[2023-11-28T11:53:02.826+0500] {logging_mixin.py:154} INFO - [2023-11-28T11:53:02.825+0500] {dag.py:3722} INFO - Setting next_dagrun for example_xcom to 2021-01-01T00:00:00+00:00, run_after=2021-01-01T00:00:00+00:00
[2023-11-28T11:53:02.939+0500] {processor.py:179} INFO - Processing /home/amina/miniconda/lib/python3.11/site-packages/airflow/example_dags/example_xcom.py took 0.226 seconds
[2023-11-28T11:53:54.237+0500] {processor.py:157} INFO - Started process (PID=7771) to work on /home/amina/miniconda/lib/python3.11/site-packages/airflow/example_dags/example_xcom.py
[2023-11-28T11:53:54.282+0500] {processor.py:829} INFO - Processing file /home/amina/miniconda/lib/python3.11/site-packages/airflow/example_dags/example_xcom.py for tasks to queue
[2023-11-28T11:53:54.283+0500] {logging_mixin.py:154} INFO - [2023-11-28T11:53:54.282+0500] {dagbag.py:536} INFO - Filling up the DagBag from /home/amina/miniconda/lib/python3.11/site-packages/airflow/example_dags/example_xcom.py
[2023-11-28T11:53:54.291+0500] {processor.py:839} INFO - DAG(s) dict_keys(['example_xcom']) retrieved from /home/amina/miniconda/lib/python3.11/site-packages/airflow/example_dags/example_xcom.py
[2023-11-28T11:53:54.311+0500] {logging_mixin.py:154} INFO - [2023-11-28T11:53:54.311+0500] {dag.py:2941} INFO - Sync 1 DAGs
[2023-11-28T11:53:54.333+0500] {logging_mixin.py:154} INFO - [2023-11-28T11:53:54.333+0500] {dag.py:3722} INFO - Setting next_dagrun for example_xcom to 2021-01-01T00:00:00+00:00, run_after=2021-01-01T00:00:00+00:00
[2023-11-28T11:53:54.421+0500] {processor.py:179} INFO - Processing /home/amina/miniconda/lib/python3.11/site-packages/airflow/example_dags/example_xcom.py took 0.187 seconds
[2023-11-28T11:54:44.925+0500] {processor.py:157} INFO - Started process (PID=7830) to work on /home/amina/miniconda/lib/python3.11/site-packages/airflow/example_dags/example_xcom.py
[2023-11-28T11:54:44.938+0500] {processor.py:829} INFO - Processing file /home/amina/miniconda/lib/python3.11/site-packages/airflow/example_dags/example_xcom.py for tasks to queue
[2023-11-28T11:54:44.939+0500] {logging_mixin.py:154} INFO - [2023-11-28T11:54:44.938+0500] {dagbag.py:536} INFO - Filling up the DagBag from /home/amina/miniconda/lib/python3.11/site-packages/airflow/example_dags/example_xcom.py
[2023-11-28T11:54:44.950+0500] {processor.py:839} INFO - DAG(s) dict_keys(['example_xcom']) retrieved from /home/amina/miniconda/lib/python3.11/site-packages/airflow/example_dags/example_xcom.py
[2023-11-28T11:54:44.971+0500] {logging_mixin.py:154} INFO - [2023-11-28T11:54:44.971+0500] {dag.py:2941} INFO - Sync 1 DAGs
[2023-11-28T11:54:44.994+0500] {logging_mixin.py:154} INFO - [2023-11-28T11:54:44.994+0500] {dag.py:3722} INFO - Setting next_dagrun for example_xcom to 2021-01-01T00:00:00+00:00, run_after=2021-01-01T00:00:00+00:00
[2023-11-28T11:54:45.105+0500] {processor.py:179} INFO - Processing /home/amina/miniconda/lib/python3.11/site-packages/airflow/example_dags/example_xcom.py took 0.184 seconds
[2023-11-28T11:55:36.150+0500] {processor.py:157} INFO - Started process (PID=7877) to work on /home/amina/miniconda/lib/python3.11/site-packages/airflow/example_dags/example_xcom.py
[2023-11-28T11:55:36.167+0500] {processor.py:829} INFO - Processing file /home/amina/miniconda/lib/python3.11/site-packages/airflow/example_dags/example_xcom.py for tasks to queue
[2023-11-28T11:55:36.168+0500] {logging_mixin.py:154} INFO - [2023-11-28T11:55:36.168+0500] {dagbag.py:536} INFO - Filling up the DagBag from /home/amina/miniconda/lib/python3.11/site-packages/airflow/example_dags/example_xcom.py
[2023-11-28T11:55:36.176+0500] {processor.py:839} INFO - DAG(s) dict_keys(['example_xcom']) retrieved from /home/amina/miniconda/lib/python3.11/site-packages/airflow/example_dags/example_xcom.py
[2023-11-28T11:55:36.196+0500] {logging_mixin.py:154} INFO - [2023-11-28T11:55:36.195+0500] {dag.py:2941} INFO - Sync 1 DAGs
[2023-11-28T11:55:36.219+0500] {logging_mixin.py:154} INFO - [2023-11-28T11:55:36.219+0500] {dag.py:3722} INFO - Setting next_dagrun for example_xcom to 2021-01-01T00:00:00+00:00, run_after=2021-01-01T00:00:00+00:00
[2023-11-28T11:55:36.334+0500] {processor.py:179} INFO - Processing /home/amina/miniconda/lib/python3.11/site-packages/airflow/example_dags/example_xcom.py took 0.187 seconds
[2023-11-28T11:56:23.681+0500] {processor.py:157} INFO - Started process (PID=7925) to work on /home/amina/miniconda/lib/python3.11/site-packages/airflow/example_dags/example_xcom.py
[2023-11-28T11:56:23.699+0500] {processor.py:829} INFO - Processing file /home/amina/miniconda/lib/python3.11/site-packages/airflow/example_dags/example_xcom.py for tasks to queue
[2023-11-28T11:56:23.700+0500] {logging_mixin.py:154} INFO - [2023-11-28T11:56:23.700+0500] {dagbag.py:536} INFO - Filling up the DagBag from /home/amina/miniconda/lib/python3.11/site-packages/airflow/example_dags/example_xcom.py
[2023-11-28T11:56:23.711+0500] {processor.py:839} INFO - DAG(s) dict_keys(['example_xcom']) retrieved from /home/amina/miniconda/lib/python3.11/site-packages/airflow/example_dags/example_xcom.py
[2023-11-28T11:56:23.730+0500] {logging_mixin.py:154} INFO - [2023-11-28T11:56:23.730+0500] {dag.py:2941} INFO - Sync 1 DAGs
[2023-11-28T11:56:23.752+0500] {logging_mixin.py:154} INFO - [2023-11-28T11:56:23.751+0500] {dag.py:3722} INFO - Setting next_dagrun for example_xcom to 2021-01-01T00:00:00+00:00, run_after=2021-01-01T00:00:00+00:00
[2023-11-28T11:56:23.852+0500] {processor.py:179} INFO - Processing /home/amina/miniconda/lib/python3.11/site-packages/airflow/example_dags/example_xcom.py took 0.174 seconds
[2023-11-28T11:57:13.747+0500] {processor.py:157} INFO - Started process (PID=7978) to work on /home/amina/miniconda/lib/python3.11/site-packages/airflow/example_dags/example_xcom.py
[2023-11-28T11:57:13.773+0500] {processor.py:829} INFO - Processing file /home/amina/miniconda/lib/python3.11/site-packages/airflow/example_dags/example_xcom.py for tasks to queue
[2023-11-28T11:57:13.774+0500] {logging_mixin.py:154} INFO - [2023-11-28T11:57:13.774+0500] {dagbag.py:536} INFO - Filling up the DagBag from /home/amina/miniconda/lib/python3.11/site-packages/airflow/example_dags/example_xcom.py
[2023-11-28T11:57:13.783+0500] {processor.py:839} INFO - DAG(s) dict_keys(['example_xcom']) retrieved from /home/amina/miniconda/lib/python3.11/site-packages/airflow/example_dags/example_xcom.py
[2023-11-28T11:57:13.799+0500] {logging_mixin.py:154} INFO - [2023-11-28T11:57:13.799+0500] {dag.py:2941} INFO - Sync 1 DAGs
[2023-11-28T11:57:13.819+0500] {logging_mixin.py:154} INFO - [2023-11-28T11:57:13.819+0500] {dag.py:3722} INFO - Setting next_dagrun for example_xcom to 2021-01-01T00:00:00+00:00, run_after=2021-01-01T00:00:00+00:00
[2023-11-28T11:57:13.922+0500] {processor.py:179} INFO - Processing /home/amina/miniconda/lib/python3.11/site-packages/airflow/example_dags/example_xcom.py took 0.178 seconds
[2023-11-28T18:23:49.157+0500] {processor.py:157} INFO - Started process (PID=8311) to work on /home/amina/miniconda/lib/python3.11/site-packages/airflow/example_dags/example_xcom.py
[2023-11-28T18:23:49.218+0500] {processor.py:829} INFO - Processing file /home/amina/miniconda/lib/python3.11/site-packages/airflow/example_dags/example_xcom.py for tasks to queue
[2023-11-28T18:23:49.218+0500] {logging_mixin.py:154} INFO - [2023-11-28T18:23:49.218+0500] {dagbag.py:536} INFO - Filling up the DagBag from /home/amina/miniconda/lib/python3.11/site-packages/airflow/example_dags/example_xcom.py
[2023-11-28T18:23:49.226+0500] {processor.py:839} INFO - DAG(s) dict_keys(['example_xcom']) retrieved from /home/amina/miniconda/lib/python3.11/site-packages/airflow/example_dags/example_xcom.py
[2023-11-28T18:23:49.241+0500] {logging_mixin.py:154} INFO - [2023-11-28T18:23:49.241+0500] {dag.py:2941} INFO - Sync 1 DAGs
[2023-11-28T18:23:49.259+0500] {logging_mixin.py:154} INFO - [2023-11-28T18:23:49.259+0500] {dag.py:3722} INFO - Setting next_dagrun for example_xcom to 2021-01-01T00:00:00+00:00, run_after=2021-01-01T00:00:00+00:00
[2023-11-28T18:23:49.368+0500] {processor.py:179} INFO - Processing /home/amina/miniconda/lib/python3.11/site-packages/airflow/example_dags/example_xcom.py took 0.215 seconds
