[2023-11-28T11:37:50.868+0500] {processor.py:157} INFO - Started process (PID=6586) to work on /home/amina/miniconda/lib/python3.11/site-packages/airflow/example_dags/tutorial_dag.py
[2023-11-28T11:37:50.868+0500] {processor.py:829} INFO - Processing file /home/amina/miniconda/lib/python3.11/site-packages/airflow/example_dags/tutorial_dag.py for tasks to queue
[2023-11-28T11:37:50.869+0500] {logging_mixin.py:154} INFO - [2023-11-28T11:37:50.869+0500] {dagbag.py:536} INFO - Filling up the DagBag from /home/amina/miniconda/lib/python3.11/site-packages/airflow/example_dags/tutorial_dag.py
[2023-11-28T11:37:50.877+0500] {processor.py:839} INFO - DAG(s) dict_keys(['tutorial_dag']) retrieved from /home/amina/miniconda/lib/python3.11/site-packages/airflow/example_dags/tutorial_dag.py
[2023-11-28T11:37:50.896+0500] {logging_mixin.py:154} INFO - [2023-11-28T11:37:50.896+0500] {dag.py:2941} INFO - Sync 1 DAGs
[2023-11-28T11:37:50.912+0500] {logging_mixin.py:154} INFO - [2023-11-28T11:37:50.912+0500] {dag.py:3722} INFO - Setting next_dagrun for tutorial_dag to None, run_after=None
[2023-11-28T11:37:51.142+0500] {processor.py:179} INFO - Processing /home/amina/miniconda/lib/python3.11/site-packages/airflow/example_dags/tutorial_dag.py took 0.277 seconds
[2023-11-28T11:38:44.497+0500] {processor.py:157} INFO - Started process (PID=6640) to work on /home/amina/miniconda/lib/python3.11/site-packages/airflow/example_dags/tutorial_dag.py
[2023-11-28T11:38:44.498+0500] {processor.py:829} INFO - Processing file /home/amina/miniconda/lib/python3.11/site-packages/airflow/example_dags/tutorial_dag.py for tasks to queue
[2023-11-28T11:38:44.499+0500] {logging_mixin.py:154} INFO - [2023-11-28T11:38:44.499+0500] {dagbag.py:536} INFO - Filling up the DagBag from /home/amina/miniconda/lib/python3.11/site-packages/airflow/example_dags/tutorial_dag.py
[2023-11-28T11:38:44.504+0500] {processor.py:839} INFO - DAG(s) dict_keys(['tutorial_dag']) retrieved from /home/amina/miniconda/lib/python3.11/site-packages/airflow/example_dags/tutorial_dag.py
[2023-11-28T11:38:44.520+0500] {logging_mixin.py:154} INFO - [2023-11-28T11:38:44.520+0500] {dag.py:2941} INFO - Sync 1 DAGs
[2023-11-28T11:38:44.532+0500] {logging_mixin.py:154} INFO - [2023-11-28T11:38:44.532+0500] {dag.py:3722} INFO - Setting next_dagrun for tutorial_dag to None, run_after=None
[2023-11-28T11:38:44.636+0500] {processor.py:179} INFO - Processing /home/amina/miniconda/lib/python3.11/site-packages/airflow/example_dags/tutorial_dag.py took 0.142 seconds
[2023-11-28T11:39:42.403+0500] {processor.py:157} INFO - Started process (PID=6770) to work on /home/amina/miniconda/lib/python3.11/site-packages/airflow/example_dags/tutorial_dag.py
[2023-11-28T11:39:42.430+0500] {processor.py:829} INFO - Processing file /home/amina/miniconda/lib/python3.11/site-packages/airflow/example_dags/tutorial_dag.py for tasks to queue
[2023-11-28T11:39:42.431+0500] {logging_mixin.py:154} INFO - [2023-11-28T11:39:42.431+0500] {dagbag.py:536} INFO - Filling up the DagBag from /home/amina/miniconda/lib/python3.11/site-packages/airflow/example_dags/tutorial_dag.py
[2023-11-28T11:39:42.436+0500] {processor.py:839} INFO - DAG(s) dict_keys(['tutorial_dag']) retrieved from /home/amina/miniconda/lib/python3.11/site-packages/airflow/example_dags/tutorial_dag.py
[2023-11-28T11:39:42.451+0500] {logging_mixin.py:154} INFO - [2023-11-28T11:39:42.450+0500] {dag.py:2941} INFO - Sync 1 DAGs
[2023-11-28T11:39:42.564+0500] {logging_mixin.py:154} INFO - [2023-11-28T11:39:42.563+0500] {dag.py:3722} INFO - Setting next_dagrun for tutorial_dag to None, run_after=None
[2023-11-28T11:39:42.673+0500] {processor.py:179} INFO - Processing /home/amina/miniconda/lib/python3.11/site-packages/airflow/example_dags/tutorial_dag.py took 0.273 seconds
[2023-11-28T11:40:40.372+0500] {processor.py:157} INFO - Started process (PID=6822) to work on /home/amina/miniconda/lib/python3.11/site-packages/airflow/example_dags/tutorial_dag.py
[2023-11-28T11:40:40.408+0500] {processor.py:829} INFO - Processing file /home/amina/miniconda/lib/python3.11/site-packages/airflow/example_dags/tutorial_dag.py for tasks to queue
[2023-11-28T11:40:40.409+0500] {logging_mixin.py:154} INFO - [2023-11-28T11:40:40.409+0500] {dagbag.py:536} INFO - Filling up the DagBag from /home/amina/miniconda/lib/python3.11/site-packages/airflow/example_dags/tutorial_dag.py
[2023-11-28T11:40:40.414+0500] {processor.py:839} INFO - DAG(s) dict_keys(['tutorial_dag']) retrieved from /home/amina/miniconda/lib/python3.11/site-packages/airflow/example_dags/tutorial_dag.py
[2023-11-28T11:40:40.429+0500] {logging_mixin.py:154} INFO - [2023-11-28T11:40:40.429+0500] {dag.py:2941} INFO - Sync 1 DAGs
[2023-11-28T11:40:40.440+0500] {logging_mixin.py:154} INFO - [2023-11-28T11:40:40.440+0500] {dag.py:3722} INFO - Setting next_dagrun for tutorial_dag to None, run_after=None
[2023-11-28T11:40:40.562+0500] {processor.py:179} INFO - Processing /home/amina/miniconda/lib/python3.11/site-packages/airflow/example_dags/tutorial_dag.py took 0.192 seconds
[2023-11-28T11:41:29.311+0500] {processor.py:157} INFO - Started process (PID=6877) to work on /home/amina/miniconda/lib/python3.11/site-packages/airflow/example_dags/tutorial_dag.py
[2023-11-28T11:41:29.335+0500] {processor.py:829} INFO - Processing file /home/amina/miniconda/lib/python3.11/site-packages/airflow/example_dags/tutorial_dag.py for tasks to queue
[2023-11-28T11:41:29.336+0500] {logging_mixin.py:154} INFO - [2023-11-28T11:41:29.335+0500] {dagbag.py:536} INFO - Filling up the DagBag from /home/amina/miniconda/lib/python3.11/site-packages/airflow/example_dags/tutorial_dag.py
[2023-11-28T11:41:29.340+0500] {processor.py:839} INFO - DAG(s) dict_keys(['tutorial_dag']) retrieved from /home/amina/miniconda/lib/python3.11/site-packages/airflow/example_dags/tutorial_dag.py
[2023-11-28T11:41:29.355+0500] {logging_mixin.py:154} INFO - [2023-11-28T11:41:29.355+0500] {dag.py:2941} INFO - Sync 1 DAGs
[2023-11-28T11:41:29.368+0500] {logging_mixin.py:154} INFO - [2023-11-28T11:41:29.367+0500] {dag.py:3722} INFO - Setting next_dagrun for tutorial_dag to None, run_after=None
[2023-11-28T11:41:29.466+0500] {processor.py:179} INFO - Processing /home/amina/miniconda/lib/python3.11/site-packages/airflow/example_dags/tutorial_dag.py took 0.159 seconds
[2023-11-28T11:42:17.223+0500] {processor.py:157} INFO - Started process (PID=6927) to work on /home/amina/miniconda/lib/python3.11/site-packages/airflow/example_dags/tutorial_dag.py
[2023-11-28T11:42:17.258+0500] {processor.py:829} INFO - Processing file /home/amina/miniconda/lib/python3.11/site-packages/airflow/example_dags/tutorial_dag.py for tasks to queue
[2023-11-28T11:42:17.258+0500] {logging_mixin.py:154} INFO - [2023-11-28T11:42:17.258+0500] {dagbag.py:536} INFO - Filling up the DagBag from /home/amina/miniconda/lib/python3.11/site-packages/airflow/example_dags/tutorial_dag.py
[2023-11-28T11:42:17.263+0500] {processor.py:839} INFO - DAG(s) dict_keys(['tutorial_dag']) retrieved from /home/amina/miniconda/lib/python3.11/site-packages/airflow/example_dags/tutorial_dag.py
[2023-11-28T11:42:17.278+0500] {logging_mixin.py:154} INFO - [2023-11-28T11:42:17.278+0500] {dag.py:2941} INFO - Sync 1 DAGs
[2023-11-28T11:42:17.288+0500] {logging_mixin.py:154} INFO - [2023-11-28T11:42:17.288+0500] {dag.py:3722} INFO - Setting next_dagrun for tutorial_dag to None, run_after=None
[2023-11-28T11:42:17.378+0500] {processor.py:179} INFO - Processing /home/amina/miniconda/lib/python3.11/site-packages/airflow/example_dags/tutorial_dag.py took 0.157 seconds
[2023-11-28T11:48:09.085+0500] {processor.py:157} INFO - Started process (PID=7380) to work on /home/amina/miniconda/lib/python3.11/site-packages/airflow/example_dags/tutorial_dag.py
[2023-11-28T11:48:09.106+0500] {processor.py:829} INFO - Processing file /home/amina/miniconda/lib/python3.11/site-packages/airflow/example_dags/tutorial_dag.py for tasks to queue
[2023-11-28T11:48:09.109+0500] {logging_mixin.py:154} INFO - [2023-11-28T11:48:09.107+0500] {dagbag.py:536} INFO - Filling up the DagBag from /home/amina/miniconda/lib/python3.11/site-packages/airflow/example_dags/tutorial_dag.py
[2023-11-28T11:48:09.120+0500] {processor.py:839} INFO - DAG(s) dict_keys(['tutorial_dag']) retrieved from /home/amina/miniconda/lib/python3.11/site-packages/airflow/example_dags/tutorial_dag.py
[2023-11-28T11:48:09.144+0500] {logging_mixin.py:154} INFO - [2023-11-28T11:48:09.144+0500] {dag.py:2941} INFO - Sync 1 DAGs
[2023-11-28T11:48:09.163+0500] {logging_mixin.py:154} INFO - [2023-11-28T11:48:09.163+0500] {dag.py:3722} INFO - Setting next_dagrun for tutorial_dag to None, run_after=None
[2023-11-28T11:48:09.272+0500] {processor.py:179} INFO - Processing /home/amina/miniconda/lib/python3.11/site-packages/airflow/example_dags/tutorial_dag.py took 0.199 seconds
[2023-11-28T11:50:05.497+0500] {processor.py:157} INFO - Started process (PID=7467) to work on /home/amina/miniconda/lib/python3.11/site-packages/airflow/example_dags/tutorial_dag.py
[2023-11-28T11:50:05.559+0500] {processor.py:829} INFO - Processing file /home/amina/miniconda/lib/python3.11/site-packages/airflow/example_dags/tutorial_dag.py for tasks to queue
[2023-11-28T11:50:05.560+0500] {logging_mixin.py:154} INFO - [2023-11-28T11:50:05.559+0500] {dagbag.py:536} INFO - Filling up the DagBag from /home/amina/miniconda/lib/python3.11/site-packages/airflow/example_dags/tutorial_dag.py
[2023-11-28T11:50:05.565+0500] {processor.py:839} INFO - DAG(s) dict_keys(['tutorial_dag']) retrieved from /home/amina/miniconda/lib/python3.11/site-packages/airflow/example_dags/tutorial_dag.py
[2023-11-28T11:50:05.581+0500] {logging_mixin.py:154} INFO - [2023-11-28T11:50:05.581+0500] {dag.py:2941} INFO - Sync 1 DAGs
[2023-11-28T11:50:05.593+0500] {logging_mixin.py:154} INFO - [2023-11-28T11:50:05.593+0500] {dag.py:3722} INFO - Setting next_dagrun for tutorial_dag to None, run_after=None
[2023-11-28T11:50:05.846+0500] {processor.py:179} INFO - Processing /home/amina/miniconda/lib/python3.11/site-packages/airflow/example_dags/tutorial_dag.py took 0.352 seconds
[2023-11-28T11:51:03.595+0500] {processor.py:157} INFO - Started process (PID=7520) to work on /home/amina/miniconda/lib/python3.11/site-packages/airflow/example_dags/tutorial_dag.py
[2023-11-28T11:51:03.650+0500] {processor.py:829} INFO - Processing file /home/amina/miniconda/lib/python3.11/site-packages/airflow/example_dags/tutorial_dag.py for tasks to queue
[2023-11-28T11:51:03.650+0500] {logging_mixin.py:154} INFO - [2023-11-28T11:51:03.650+0500] {dagbag.py:536} INFO - Filling up the DagBag from /home/amina/miniconda/lib/python3.11/site-packages/airflow/example_dags/tutorial_dag.py
[2023-11-28T11:51:03.655+0500] {processor.py:839} INFO - DAG(s) dict_keys(['tutorial_dag']) retrieved from /home/amina/miniconda/lib/python3.11/site-packages/airflow/example_dags/tutorial_dag.py
[2023-11-28T11:51:03.673+0500] {logging_mixin.py:154} INFO - [2023-11-28T11:51:03.672+0500] {dag.py:2941} INFO - Sync 1 DAGs
[2023-11-28T11:51:03.686+0500] {logging_mixin.py:154} INFO - [2023-11-28T11:51:03.686+0500] {dag.py:3722} INFO - Setting next_dagrun for tutorial_dag to None, run_after=None
[2023-11-28T11:51:03.770+0500] {processor.py:179} INFO - Processing /home/amina/miniconda/lib/python3.11/site-packages/airflow/example_dags/tutorial_dag.py took 0.179 seconds
[2023-11-28T11:52:02.075+0500] {processor.py:157} INFO - Started process (PID=7614) to work on /home/amina/miniconda/lib/python3.11/site-packages/airflow/example_dags/tutorial_dag.py
[2023-11-28T11:52:02.107+0500] {processor.py:829} INFO - Processing file /home/amina/miniconda/lib/python3.11/site-packages/airflow/example_dags/tutorial_dag.py for tasks to queue
[2023-11-28T11:52:02.108+0500] {logging_mixin.py:154} INFO - [2023-11-28T11:52:02.108+0500] {dagbag.py:536} INFO - Filling up the DagBag from /home/amina/miniconda/lib/python3.11/site-packages/airflow/example_dags/tutorial_dag.py
[2023-11-28T11:52:02.116+0500] {processor.py:839} INFO - DAG(s) dict_keys(['tutorial_dag']) retrieved from /home/amina/miniconda/lib/python3.11/site-packages/airflow/example_dags/tutorial_dag.py
[2023-11-28T11:52:02.139+0500] {logging_mixin.py:154} INFO - [2023-11-28T11:52:02.139+0500] {dag.py:2941} INFO - Sync 1 DAGs
[2023-11-28T11:52:02.156+0500] {logging_mixin.py:154} INFO - [2023-11-28T11:52:02.156+0500] {dag.py:3722} INFO - Setting next_dagrun for tutorial_dag to None, run_after=None
[2023-11-28T11:52:02.254+0500] {processor.py:179} INFO - Processing /home/amina/miniconda/lib/python3.11/site-packages/airflow/example_dags/tutorial_dag.py took 0.181 seconds
[2023-11-28T11:52:53.712+0500] {processor.py:157} INFO - Started process (PID=7718) to work on /home/amina/miniconda/lib/python3.11/site-packages/airflow/example_dags/tutorial_dag.py
[2023-11-28T11:52:53.736+0500] {processor.py:829} INFO - Processing file /home/amina/miniconda/lib/python3.11/site-packages/airflow/example_dags/tutorial_dag.py for tasks to queue
[2023-11-28T11:52:53.737+0500] {logging_mixin.py:154} INFO - [2023-11-28T11:52:53.736+0500] {dagbag.py:536} INFO - Filling up the DagBag from /home/amina/miniconda/lib/python3.11/site-packages/airflow/example_dags/tutorial_dag.py
[2023-11-28T11:52:53.743+0500] {processor.py:839} INFO - DAG(s) dict_keys(['tutorial_dag']) retrieved from /home/amina/miniconda/lib/python3.11/site-packages/airflow/example_dags/tutorial_dag.py
[2023-11-28T11:52:53.761+0500] {logging_mixin.py:154} INFO - [2023-11-28T11:52:53.761+0500] {dag.py:2941} INFO - Sync 1 DAGs
[2023-11-28T11:52:53.774+0500] {logging_mixin.py:154} INFO - [2023-11-28T11:52:53.774+0500] {dag.py:3722} INFO - Setting next_dagrun for tutorial_dag to None, run_after=None
[2023-11-28T11:52:53.890+0500] {processor.py:179} INFO - Processing /home/amina/miniconda/lib/python3.11/site-packages/airflow/example_dags/tutorial_dag.py took 0.182 seconds
[2023-11-28T11:53:52.995+0500] {processor.py:157} INFO - Started process (PID=7770) to work on /home/amina/miniconda/lib/python3.11/site-packages/airflow/example_dags/tutorial_dag.py
[2023-11-28T11:53:53.029+0500] {processor.py:829} INFO - Processing file /home/amina/miniconda/lib/python3.11/site-packages/airflow/example_dags/tutorial_dag.py for tasks to queue
[2023-11-28T11:53:53.030+0500] {logging_mixin.py:154} INFO - [2023-11-28T11:53:53.030+0500] {dagbag.py:536} INFO - Filling up the DagBag from /home/amina/miniconda/lib/python3.11/site-packages/airflow/example_dags/tutorial_dag.py
[2023-11-28T11:53:53.035+0500] {processor.py:839} INFO - DAG(s) dict_keys(['tutorial_dag']) retrieved from /home/amina/miniconda/lib/python3.11/site-packages/airflow/example_dags/tutorial_dag.py
[2023-11-28T11:53:53.055+0500] {logging_mixin.py:154} INFO - [2023-11-28T11:53:53.054+0500] {dag.py:2941} INFO - Sync 1 DAGs
[2023-11-28T11:53:53.070+0500] {logging_mixin.py:154} INFO - [2023-11-28T11:53:53.070+0500] {dag.py:3722} INFO - Setting next_dagrun for tutorial_dag to None, run_after=None
[2023-11-28T11:53:53.172+0500] {processor.py:179} INFO - Processing /home/amina/miniconda/lib/python3.11/site-packages/airflow/example_dags/tutorial_dag.py took 0.182 seconds
[2023-11-28T11:54:43.569+0500] {processor.py:157} INFO - Started process (PID=7828) to work on /home/amina/miniconda/lib/python3.11/site-packages/airflow/example_dags/tutorial_dag.py
[2023-11-28T11:54:43.602+0500] {processor.py:829} INFO - Processing file /home/amina/miniconda/lib/python3.11/site-packages/airflow/example_dags/tutorial_dag.py for tasks to queue
[2023-11-28T11:54:43.603+0500] {logging_mixin.py:154} INFO - [2023-11-28T11:54:43.603+0500] {dagbag.py:536} INFO - Filling up the DagBag from /home/amina/miniconda/lib/python3.11/site-packages/airflow/example_dags/tutorial_dag.py
[2023-11-28T11:54:43.611+0500] {processor.py:839} INFO - DAG(s) dict_keys(['tutorial_dag']) retrieved from /home/amina/miniconda/lib/python3.11/site-packages/airflow/example_dags/tutorial_dag.py
[2023-11-28T11:54:43.631+0500] {logging_mixin.py:154} INFO - [2023-11-28T11:54:43.631+0500] {dag.py:2941} INFO - Sync 1 DAGs
[2023-11-28T11:54:43.646+0500] {logging_mixin.py:154} INFO - [2023-11-28T11:54:43.646+0500] {dag.py:3722} INFO - Setting next_dagrun for tutorial_dag to None, run_after=None
[2023-11-28T11:54:43.738+0500] {processor.py:179} INFO - Processing /home/amina/miniconda/lib/python3.11/site-packages/airflow/example_dags/tutorial_dag.py took 0.173 seconds
[2023-11-28T11:55:34.910+0500] {processor.py:157} INFO - Started process (PID=7876) to work on /home/amina/miniconda/lib/python3.11/site-packages/airflow/example_dags/tutorial_dag.py
[2023-11-28T11:55:34.923+0500] {processor.py:829} INFO - Processing file /home/amina/miniconda/lib/python3.11/site-packages/airflow/example_dags/tutorial_dag.py for tasks to queue
[2023-11-28T11:55:34.924+0500] {logging_mixin.py:154} INFO - [2023-11-28T11:55:34.924+0500] {dagbag.py:536} INFO - Filling up the DagBag from /home/amina/miniconda/lib/python3.11/site-packages/airflow/example_dags/tutorial_dag.py
[2023-11-28T11:55:34.934+0500] {processor.py:839} INFO - DAG(s) dict_keys(['tutorial_dag']) retrieved from /home/amina/miniconda/lib/python3.11/site-packages/airflow/example_dags/tutorial_dag.py
[2023-11-28T11:55:34.956+0500] {logging_mixin.py:154} INFO - [2023-11-28T11:55:34.955+0500] {dag.py:2941} INFO - Sync 1 DAGs
[2023-11-28T11:55:34.972+0500] {logging_mixin.py:154} INFO - [2023-11-28T11:55:34.971+0500] {dag.py:3722} INFO - Setting next_dagrun for tutorial_dag to None, run_after=None
[2023-11-28T11:55:35.082+0500] {processor.py:179} INFO - Processing /home/amina/miniconda/lib/python3.11/site-packages/airflow/example_dags/tutorial_dag.py took 0.176 seconds
[2023-11-28T11:56:22.442+0500] {processor.py:157} INFO - Started process (PID=7924) to work on /home/amina/miniconda/lib/python3.11/site-packages/airflow/example_dags/tutorial_dag.py
[2023-11-28T11:56:22.468+0500] {processor.py:829} INFO - Processing file /home/amina/miniconda/lib/python3.11/site-packages/airflow/example_dags/tutorial_dag.py for tasks to queue
[2023-11-28T11:56:22.469+0500] {logging_mixin.py:154} INFO - [2023-11-28T11:56:22.469+0500] {dagbag.py:536} INFO - Filling up the DagBag from /home/amina/miniconda/lib/python3.11/site-packages/airflow/example_dags/tutorial_dag.py
[2023-11-28T11:56:22.476+0500] {processor.py:839} INFO - DAG(s) dict_keys(['tutorial_dag']) retrieved from /home/amina/miniconda/lib/python3.11/site-packages/airflow/example_dags/tutorial_dag.py
[2023-11-28T11:56:22.495+0500] {logging_mixin.py:154} INFO - [2023-11-28T11:56:22.495+0500] {dag.py:2941} INFO - Sync 1 DAGs
[2023-11-28T11:56:22.509+0500] {logging_mixin.py:154} INFO - [2023-11-28T11:56:22.509+0500] {dag.py:3722} INFO - Setting next_dagrun for tutorial_dag to None, run_after=None
[2023-11-28T11:56:22.613+0500] {processor.py:179} INFO - Processing /home/amina/miniconda/lib/python3.11/site-packages/airflow/example_dags/tutorial_dag.py took 0.176 seconds
[2023-11-28T11:57:12.503+0500] {processor.py:157} INFO - Started process (PID=7977) to work on /home/amina/miniconda/lib/python3.11/site-packages/airflow/example_dags/tutorial_dag.py
[2023-11-28T11:57:12.529+0500] {processor.py:829} INFO - Processing file /home/amina/miniconda/lib/python3.11/site-packages/airflow/example_dags/tutorial_dag.py for tasks to queue
[2023-11-28T11:57:12.530+0500] {logging_mixin.py:154} INFO - [2023-11-28T11:57:12.529+0500] {dagbag.py:536} INFO - Filling up the DagBag from /home/amina/miniconda/lib/python3.11/site-packages/airflow/example_dags/tutorial_dag.py
[2023-11-28T11:57:12.535+0500] {processor.py:839} INFO - DAG(s) dict_keys(['tutorial_dag']) retrieved from /home/amina/miniconda/lib/python3.11/site-packages/airflow/example_dags/tutorial_dag.py
[2023-11-28T11:57:12.551+0500] {logging_mixin.py:154} INFO - [2023-11-28T11:57:12.551+0500] {dag.py:2941} INFO - Sync 1 DAGs
[2023-11-28T11:57:12.563+0500] {logging_mixin.py:154} INFO - [2023-11-28T11:57:12.563+0500] {dag.py:3722} INFO - Setting next_dagrun for tutorial_dag to None, run_after=None
[2023-11-28T11:57:12.661+0500] {processor.py:179} INFO - Processing /home/amina/miniconda/lib/python3.11/site-packages/airflow/example_dags/tutorial_dag.py took 0.161 seconds
[2023-11-28T18:23:47.914+0500] {processor.py:157} INFO - Started process (PID=8310) to work on /home/amina/miniconda/lib/python3.11/site-packages/airflow/example_dags/tutorial_dag.py
[2023-11-28T18:23:47.955+0500] {processor.py:829} INFO - Processing file /home/amina/miniconda/lib/python3.11/site-packages/airflow/example_dags/tutorial_dag.py for tasks to queue
[2023-11-28T18:23:47.956+0500] {logging_mixin.py:154} INFO - [2023-11-28T18:23:47.955+0500] {dagbag.py:536} INFO - Filling up the DagBag from /home/amina/miniconda/lib/python3.11/site-packages/airflow/example_dags/tutorial_dag.py
[2023-11-28T18:23:47.960+0500] {processor.py:839} INFO - DAG(s) dict_keys(['tutorial_dag']) retrieved from /home/amina/miniconda/lib/python3.11/site-packages/airflow/example_dags/tutorial_dag.py
[2023-11-28T18:23:47.976+0500] {logging_mixin.py:154} INFO - [2023-11-28T18:23:47.976+0500] {dag.py:2941} INFO - Sync 1 DAGs
[2023-11-28T18:23:47.987+0500] {logging_mixin.py:154} INFO - [2023-11-28T18:23:47.987+0500] {dag.py:3722} INFO - Setting next_dagrun for tutorial_dag to None, run_after=None
[2023-11-28T18:23:48.069+0500] {processor.py:179} INFO - Processing /home/amina/miniconda/lib/python3.11/site-packages/airflow/example_dags/tutorial_dag.py took 0.158 seconds
