[2023-11-28T11:37:54.562+0500] {processor.py:157} INFO - Started process (PID=6591) to work on /home/amina/miniconda/lib/python3.11/site-packages/airflow/example_dags/tutorial_taskflow_api.py
[2023-11-28T11:37:54.562+0500] {processor.py:829} INFO - Processing file /home/amina/miniconda/lib/python3.11/site-packages/airflow/example_dags/tutorial_taskflow_api.py for tasks to queue
[2023-11-28T11:37:54.563+0500] {logging_mixin.py:154} INFO - [2023-11-28T11:37:54.563+0500] {dagbag.py:536} INFO - Filling up the DagBag from /home/amina/miniconda/lib/python3.11/site-packages/airflow/example_dags/tutorial_taskflow_api.py
[2023-11-28T11:37:54.572+0500] {processor.py:839} INFO - DAG(s) dict_keys(['tutorial_taskflow_api']) retrieved from /home/amina/miniconda/lib/python3.11/site-packages/airflow/example_dags/tutorial_taskflow_api.py
[2023-11-28T11:37:54.590+0500] {logging_mixin.py:154} INFO - [2023-11-28T11:37:54.590+0500] {dag.py:2941} INFO - Sync 1 DAGs
[2023-11-28T11:37:54.604+0500] {logging_mixin.py:154} INFO - [2023-11-28T11:37:54.604+0500] {dag.py:3722} INFO - Setting next_dagrun for tutorial_taskflow_api to None, run_after=None
[2023-11-28T11:37:54.751+0500] {processor.py:179} INFO - Processing /home/amina/miniconda/lib/python3.11/site-packages/airflow/example_dags/tutorial_taskflow_api.py took 0.193 seconds
[2023-11-28T11:38:48.237+0500] {processor.py:157} INFO - Started process (PID=6643) to work on /home/amina/miniconda/lib/python3.11/site-packages/airflow/example_dags/tutorial_taskflow_api.py
[2023-11-28T11:38:48.261+0500] {processor.py:829} INFO - Processing file /home/amina/miniconda/lib/python3.11/site-packages/airflow/example_dags/tutorial_taskflow_api.py for tasks to queue
[2023-11-28T11:38:48.262+0500] {logging_mixin.py:154} INFO - [2023-11-28T11:38:48.261+0500] {dagbag.py:536} INFO - Filling up the DagBag from /home/amina/miniconda/lib/python3.11/site-packages/airflow/example_dags/tutorial_taskflow_api.py
[2023-11-28T11:38:48.268+0500] {processor.py:839} INFO - DAG(s) dict_keys(['tutorial_taskflow_api']) retrieved from /home/amina/miniconda/lib/python3.11/site-packages/airflow/example_dags/tutorial_taskflow_api.py
[2023-11-28T11:38:48.285+0500] {logging_mixin.py:154} INFO - [2023-11-28T11:38:48.284+0500] {dag.py:2941} INFO - Sync 1 DAGs
[2023-11-28T11:38:48.297+0500] {logging_mixin.py:154} INFO - [2023-11-28T11:38:48.297+0500] {dag.py:3722} INFO - Setting next_dagrun for tutorial_taskflow_api to None, run_after=None
[2023-11-28T11:38:48.629+0500] {processor.py:179} INFO - Processing /home/amina/miniconda/lib/python3.11/site-packages/airflow/example_dags/tutorial_taskflow_api.py took 0.396 seconds
[2023-11-28T11:39:45.967+0500] {processor.py:157} INFO - Started process (PID=6773) to work on /home/amina/miniconda/lib/python3.11/site-packages/airflow/example_dags/tutorial_taskflow_api.py
[2023-11-28T11:39:45.996+0500] {processor.py:829} INFO - Processing file /home/amina/miniconda/lib/python3.11/site-packages/airflow/example_dags/tutorial_taskflow_api.py for tasks to queue
[2023-11-28T11:39:45.997+0500] {logging_mixin.py:154} INFO - [2023-11-28T11:39:45.996+0500] {dagbag.py:536} INFO - Filling up the DagBag from /home/amina/miniconda/lib/python3.11/site-packages/airflow/example_dags/tutorial_taskflow_api.py
[2023-11-28T11:39:46.003+0500] {processor.py:839} INFO - DAG(s) dict_keys(['tutorial_taskflow_api']) retrieved from /home/amina/miniconda/lib/python3.11/site-packages/airflow/example_dags/tutorial_taskflow_api.py
[2023-11-28T11:39:46.017+0500] {logging_mixin.py:154} INFO - [2023-11-28T11:39:46.017+0500] {dag.py:2941} INFO - Sync 1 DAGs
[2023-11-28T11:39:46.121+0500] {logging_mixin.py:154} INFO - [2023-11-28T11:39:46.121+0500] {dag.py:3722} INFO - Setting next_dagrun for tutorial_taskflow_api to None, run_after=None
[2023-11-28T11:39:46.227+0500] {processor.py:179} INFO - Processing /home/amina/miniconda/lib/python3.11/site-packages/airflow/example_dags/tutorial_taskflow_api.py took 0.263 seconds
[2023-11-28T11:40:44.163+0500] {processor.py:157} INFO - Started process (PID=6825) to work on /home/amina/miniconda/lib/python3.11/site-packages/airflow/example_dags/tutorial_taskflow_api.py
[2023-11-28T11:40:44.192+0500] {processor.py:829} INFO - Processing file /home/amina/miniconda/lib/python3.11/site-packages/airflow/example_dags/tutorial_taskflow_api.py for tasks to queue
[2023-11-28T11:40:44.193+0500] {logging_mixin.py:154} INFO - [2023-11-28T11:40:44.192+0500] {dagbag.py:536} INFO - Filling up the DagBag from /home/amina/miniconda/lib/python3.11/site-packages/airflow/example_dags/tutorial_taskflow_api.py
[2023-11-28T11:40:44.199+0500] {processor.py:839} INFO - DAG(s) dict_keys(['tutorial_taskflow_api']) retrieved from /home/amina/miniconda/lib/python3.11/site-packages/airflow/example_dags/tutorial_taskflow_api.py
[2023-11-28T11:40:44.213+0500] {logging_mixin.py:154} INFO - [2023-11-28T11:40:44.213+0500] {dag.py:2941} INFO - Sync 1 DAGs
[2023-11-28T11:40:44.224+0500] {logging_mixin.py:154} INFO - [2023-11-28T11:40:44.224+0500] {dag.py:3722} INFO - Setting next_dagrun for tutorial_taskflow_api to None, run_after=None
[2023-11-28T11:40:44.317+0500] {processor.py:179} INFO - Processing /home/amina/miniconda/lib/python3.11/site-packages/airflow/example_dags/tutorial_taskflow_api.py took 0.157 seconds
[2023-11-28T11:41:33.137+0500] {processor.py:157} INFO - Started process (PID=6880) to work on /home/amina/miniconda/lib/python3.11/site-packages/airflow/example_dags/tutorial_taskflow_api.py
[2023-11-28T11:41:33.157+0500] {processor.py:829} INFO - Processing file /home/amina/miniconda/lib/python3.11/site-packages/airflow/example_dags/tutorial_taskflow_api.py for tasks to queue
[2023-11-28T11:41:33.158+0500] {logging_mixin.py:154} INFO - [2023-11-28T11:41:33.158+0500] {dagbag.py:536} INFO - Filling up the DagBag from /home/amina/miniconda/lib/python3.11/site-packages/airflow/example_dags/tutorial_taskflow_api.py
[2023-11-28T11:41:33.164+0500] {processor.py:839} INFO - DAG(s) dict_keys(['tutorial_taskflow_api']) retrieved from /home/amina/miniconda/lib/python3.11/site-packages/airflow/example_dags/tutorial_taskflow_api.py
[2023-11-28T11:41:33.181+0500] {logging_mixin.py:154} INFO - [2023-11-28T11:41:33.181+0500] {dag.py:2941} INFO - Sync 1 DAGs
[2023-11-28T11:41:33.195+0500] {logging_mixin.py:154} INFO - [2023-11-28T11:41:33.195+0500] {dag.py:3722} INFO - Setting next_dagrun for tutorial_taskflow_api to None, run_after=None
[2023-11-28T11:41:33.300+0500] {processor.py:179} INFO - Processing /home/amina/miniconda/lib/python3.11/site-packages/airflow/example_dags/tutorial_taskflow_api.py took 0.167 seconds
[2023-11-28T11:42:20.663+0500] {processor.py:157} INFO - Started process (PID=6930) to work on /home/amina/miniconda/lib/python3.11/site-packages/airflow/example_dags/tutorial_taskflow_api.py
[2023-11-28T11:42:20.691+0500] {processor.py:829} INFO - Processing file /home/amina/miniconda/lib/python3.11/site-packages/airflow/example_dags/tutorial_taskflow_api.py for tasks to queue
[2023-11-28T11:42:20.692+0500] {logging_mixin.py:154} INFO - [2023-11-28T11:42:20.691+0500] {dagbag.py:536} INFO - Filling up the DagBag from /home/amina/miniconda/lib/python3.11/site-packages/airflow/example_dags/tutorial_taskflow_api.py
[2023-11-28T11:42:20.698+0500] {processor.py:839} INFO - DAG(s) dict_keys(['tutorial_taskflow_api']) retrieved from /home/amina/miniconda/lib/python3.11/site-packages/airflow/example_dags/tutorial_taskflow_api.py
[2023-11-28T11:42:20.712+0500] {logging_mixin.py:154} INFO - [2023-11-28T11:42:20.712+0500] {dag.py:2941} INFO - Sync 1 DAGs
[2023-11-28T11:42:20.723+0500] {logging_mixin.py:154} INFO - [2023-11-28T11:42:20.723+0500] {dag.py:3722} INFO - Setting next_dagrun for tutorial_taskflow_api to None, run_after=None
[2023-11-28T11:42:20.834+0500] {processor.py:179} INFO - Processing /home/amina/miniconda/lib/python3.11/site-packages/airflow/example_dags/tutorial_taskflow_api.py took 0.174 seconds
[2023-11-28T11:48:13.080+0500] {processor.py:157} INFO - Started process (PID=7387) to work on /home/amina/miniconda/lib/python3.11/site-packages/airflow/example_dags/tutorial_taskflow_api.py
[2023-11-28T11:48:13.091+0500] {processor.py:829} INFO - Processing file /home/amina/miniconda/lib/python3.11/site-packages/airflow/example_dags/tutorial_taskflow_api.py for tasks to queue
[2023-11-28T11:48:13.093+0500] {logging_mixin.py:154} INFO - [2023-11-28T11:48:13.092+0500] {dagbag.py:536} INFO - Filling up the DagBag from /home/amina/miniconda/lib/python3.11/site-packages/airflow/example_dags/tutorial_taskflow_api.py
[2023-11-28T11:48:13.099+0500] {processor.py:839} INFO - DAG(s) dict_keys(['tutorial_taskflow_api']) retrieved from /home/amina/miniconda/lib/python3.11/site-packages/airflow/example_dags/tutorial_taskflow_api.py
[2023-11-28T11:48:13.119+0500] {logging_mixin.py:154} INFO - [2023-11-28T11:48:13.119+0500] {dag.py:2941} INFO - Sync 1 DAGs
[2023-11-28T11:48:13.134+0500] {logging_mixin.py:154} INFO - [2023-11-28T11:48:13.133+0500] {dag.py:3722} INFO - Setting next_dagrun for tutorial_taskflow_api to None, run_after=None
[2023-11-28T11:48:13.255+0500] {processor.py:179} INFO - Processing /home/amina/miniconda/lib/python3.11/site-packages/airflow/example_dags/tutorial_taskflow_api.py took 0.178 seconds
[2023-11-28T11:50:09.483+0500] {processor.py:157} INFO - Started process (PID=7470) to work on /home/amina/miniconda/lib/python3.11/site-packages/airflow/example_dags/tutorial_taskflow_api.py
[2023-11-28T11:50:09.492+0500] {processor.py:829} INFO - Processing file /home/amina/miniconda/lib/python3.11/site-packages/airflow/example_dags/tutorial_taskflow_api.py for tasks to queue
[2023-11-28T11:50:09.492+0500] {logging_mixin.py:154} INFO - [2023-11-28T11:50:09.492+0500] {dagbag.py:536} INFO - Filling up the DagBag from /home/amina/miniconda/lib/python3.11/site-packages/airflow/example_dags/tutorial_taskflow_api.py
[2023-11-28T11:50:09.498+0500] {processor.py:839} INFO - DAG(s) dict_keys(['tutorial_taskflow_api']) retrieved from /home/amina/miniconda/lib/python3.11/site-packages/airflow/example_dags/tutorial_taskflow_api.py
[2023-11-28T11:50:09.514+0500] {logging_mixin.py:154} INFO - [2023-11-28T11:50:09.514+0500] {dag.py:2941} INFO - Sync 1 DAGs
[2023-11-28T11:50:09.527+0500] {logging_mixin.py:154} INFO - [2023-11-28T11:50:09.527+0500] {dag.py:3722} INFO - Setting next_dagrun for tutorial_taskflow_api to None, run_after=None
[2023-11-28T11:50:09.802+0500] {processor.py:179} INFO - Processing /home/amina/miniconda/lib/python3.11/site-packages/airflow/example_dags/tutorial_taskflow_api.py took 0.321 seconds
[2023-11-28T11:51:06.349+0500] {processor.py:157} INFO - Started process (PID=7524) to work on /home/amina/miniconda/lib/python3.11/site-packages/airflow/example_dags/tutorial_taskflow_api.py
[2023-11-28T11:51:06.350+0500] {processor.py:829} INFO - Processing file /home/amina/miniconda/lib/python3.11/site-packages/airflow/example_dags/tutorial_taskflow_api.py for tasks to queue
[2023-11-28T11:51:06.351+0500] {logging_mixin.py:154} INFO - [2023-11-28T11:51:06.350+0500] {dagbag.py:536} INFO - Filling up the DagBag from /home/amina/miniconda/lib/python3.11/site-packages/airflow/example_dags/tutorial_taskflow_api.py
[2023-11-28T11:51:06.361+0500] {processor.py:839} INFO - DAG(s) dict_keys(['tutorial_taskflow_api']) retrieved from /home/amina/miniconda/lib/python3.11/site-packages/airflow/example_dags/tutorial_taskflow_api.py
[2023-11-28T11:51:06.383+0500] {logging_mixin.py:154} INFO - [2023-11-28T11:51:06.382+0500] {dag.py:2941} INFO - Sync 1 DAGs
[2023-11-28T11:51:06.399+0500] {logging_mixin.py:154} INFO - [2023-11-28T11:51:06.399+0500] {dag.py:3722} INFO - Setting next_dagrun for tutorial_taskflow_api to None, run_after=None
[2023-11-28T11:51:06.495+0500] {processor.py:179} INFO - Processing /home/amina/miniconda/lib/python3.11/site-packages/airflow/example_dags/tutorial_taskflow_api.py took 0.150 seconds
[2023-11-28T11:52:13.782+0500] {processor.py:157} INFO - Started process (PID=7624) to work on /home/amina/miniconda/lib/python3.11/site-packages/airflow/example_dags/tutorial_taskflow_api.py
[2023-11-28T11:52:13.805+0500] {processor.py:829} INFO - Processing file /home/amina/miniconda/lib/python3.11/site-packages/airflow/example_dags/tutorial_taskflow_api.py for tasks to queue
[2023-11-28T11:52:13.806+0500] {logging_mixin.py:154} INFO - [2023-11-28T11:52:13.806+0500] {dagbag.py:536} INFO - Filling up the DagBag from /home/amina/miniconda/lib/python3.11/site-packages/airflow/example_dags/tutorial_taskflow_api.py
[2023-11-28T11:52:13.814+0500] {processor.py:839} INFO - DAG(s) dict_keys(['tutorial_taskflow_api']) retrieved from /home/amina/miniconda/lib/python3.11/site-packages/airflow/example_dags/tutorial_taskflow_api.py
[2023-11-28T11:52:13.831+0500] {logging_mixin.py:154} INFO - [2023-11-28T11:52:13.831+0500] {dag.py:2941} INFO - Sync 1 DAGs
[2023-11-28T11:52:13.842+0500] {logging_mixin.py:154} INFO - [2023-11-28T11:52:13.842+0500] {dag.py:3722} INFO - Setting next_dagrun for tutorial_taskflow_api to None, run_after=None
[2023-11-28T11:52:13.949+0500] {processor.py:179} INFO - Processing /home/amina/miniconda/lib/python3.11/site-packages/airflow/example_dags/tutorial_taskflow_api.py took 0.170 seconds
[2023-11-28T11:53:05.511+0500] {processor.py:157} INFO - Started process (PID=7729) to work on /home/amina/miniconda/lib/python3.11/site-packages/airflow/example_dags/tutorial_taskflow_api.py
[2023-11-28T11:53:05.522+0500] {processor.py:829} INFO - Processing file /home/amina/miniconda/lib/python3.11/site-packages/airflow/example_dags/tutorial_taskflow_api.py for tasks to queue
[2023-11-28T11:53:05.523+0500] {logging_mixin.py:154} INFO - [2023-11-28T11:53:05.523+0500] {dagbag.py:536} INFO - Filling up the DagBag from /home/amina/miniconda/lib/python3.11/site-packages/airflow/example_dags/tutorial_taskflow_api.py
[2023-11-28T11:53:05.530+0500] {processor.py:839} INFO - DAG(s) dict_keys(['tutorial_taskflow_api']) retrieved from /home/amina/miniconda/lib/python3.11/site-packages/airflow/example_dags/tutorial_taskflow_api.py
[2023-11-28T11:53:05.552+0500] {logging_mixin.py:154} INFO - [2023-11-28T11:53:05.551+0500] {dag.py:2941} INFO - Sync 1 DAGs
[2023-11-28T11:53:05.565+0500] {logging_mixin.py:154} INFO - [2023-11-28T11:53:05.565+0500] {dag.py:3722} INFO - Setting next_dagrun for tutorial_taskflow_api to None, run_after=None
[2023-11-28T11:53:05.666+0500] {processor.py:179} INFO - Processing /home/amina/miniconda/lib/python3.11/site-packages/airflow/example_dags/tutorial_taskflow_api.py took 0.158 seconds
[2023-11-28T11:53:55.756+0500] {processor.py:157} INFO - Started process (PID=7773) to work on /home/amina/miniconda/lib/python3.11/site-packages/airflow/example_dags/tutorial_taskflow_api.py
[2023-11-28T11:53:55.774+0500] {processor.py:829} INFO - Processing file /home/amina/miniconda/lib/python3.11/site-packages/airflow/example_dags/tutorial_taskflow_api.py for tasks to queue
[2023-11-28T11:53:55.775+0500] {logging_mixin.py:154} INFO - [2023-11-28T11:53:55.774+0500] {dagbag.py:536} INFO - Filling up the DagBag from /home/amina/miniconda/lib/python3.11/site-packages/airflow/example_dags/tutorial_taskflow_api.py
[2023-11-28T11:53:55.784+0500] {processor.py:839} INFO - DAG(s) dict_keys(['tutorial_taskflow_api']) retrieved from /home/amina/miniconda/lib/python3.11/site-packages/airflow/example_dags/tutorial_taskflow_api.py
[2023-11-28T11:53:55.801+0500] {logging_mixin.py:154} INFO - [2023-11-28T11:53:55.801+0500] {dag.py:2941} INFO - Sync 1 DAGs
[2023-11-28T11:53:55.815+0500] {logging_mixin.py:154} INFO - [2023-11-28T11:53:55.815+0500] {dag.py:3722} INFO - Setting next_dagrun for tutorial_taskflow_api to None, run_after=None
[2023-11-28T11:53:55.921+0500] {processor.py:179} INFO - Processing /home/amina/miniconda/lib/python3.11/site-packages/airflow/example_dags/tutorial_taskflow_api.py took 0.168 seconds
[2023-11-28T11:54:46.908+0500] {processor.py:157} INFO - Started process (PID=7832) to work on /home/amina/miniconda/lib/python3.11/site-packages/airflow/example_dags/tutorial_taskflow_api.py
[2023-11-28T11:54:46.926+0500] {processor.py:829} INFO - Processing file /home/amina/miniconda/lib/python3.11/site-packages/airflow/example_dags/tutorial_taskflow_api.py for tasks to queue
[2023-11-28T11:54:46.926+0500] {logging_mixin.py:154} INFO - [2023-11-28T11:54:46.926+0500] {dagbag.py:536} INFO - Filling up the DagBag from /home/amina/miniconda/lib/python3.11/site-packages/airflow/example_dags/tutorial_taskflow_api.py
[2023-11-28T11:54:46.933+0500] {processor.py:839} INFO - DAG(s) dict_keys(['tutorial_taskflow_api']) retrieved from /home/amina/miniconda/lib/python3.11/site-packages/airflow/example_dags/tutorial_taskflow_api.py
[2023-11-28T11:54:46.951+0500] {logging_mixin.py:154} INFO - [2023-11-28T11:54:46.951+0500] {dag.py:2941} INFO - Sync 1 DAGs
[2023-11-28T11:54:46.964+0500] {logging_mixin.py:154} INFO - [2023-11-28T11:54:46.964+0500] {dag.py:3722} INFO - Setting next_dagrun for tutorial_taskflow_api to None, run_after=None
[2023-11-28T11:54:47.093+0500] {processor.py:179} INFO - Processing /home/amina/miniconda/lib/python3.11/site-packages/airflow/example_dags/tutorial_taskflow_api.py took 0.188 seconds
[2023-11-28T11:55:38.374+0500] {processor.py:157} INFO - Started process (PID=7879) to work on /home/amina/miniconda/lib/python3.11/site-packages/airflow/example_dags/tutorial_taskflow_api.py
[2023-11-28T11:55:38.412+0500] {processor.py:829} INFO - Processing file /home/amina/miniconda/lib/python3.11/site-packages/airflow/example_dags/tutorial_taskflow_api.py for tasks to queue
[2023-11-28T11:55:38.413+0500] {logging_mixin.py:154} INFO - [2023-11-28T11:55:38.412+0500] {dagbag.py:536} INFO - Filling up the DagBag from /home/amina/miniconda/lib/python3.11/site-packages/airflow/example_dags/tutorial_taskflow_api.py
[2023-11-28T11:55:38.422+0500] {processor.py:839} INFO - DAG(s) dict_keys(['tutorial_taskflow_api']) retrieved from /home/amina/miniconda/lib/python3.11/site-packages/airflow/example_dags/tutorial_taskflow_api.py
[2023-11-28T11:55:38.444+0500] {logging_mixin.py:154} INFO - [2023-11-28T11:55:38.444+0500] {dag.py:2941} INFO - Sync 1 DAGs
[2023-11-28T11:55:38.464+0500] {logging_mixin.py:154} INFO - [2023-11-28T11:55:38.464+0500] {dag.py:3722} INFO - Setting next_dagrun for tutorial_taskflow_api to None, run_after=None
[2023-11-28T11:55:38.568+0500] {processor.py:179} INFO - Processing /home/amina/miniconda/lib/python3.11/site-packages/airflow/example_dags/tutorial_taskflow_api.py took 0.197 seconds
[2023-11-28T11:56:26.281+0500] {processor.py:157} INFO - Started process (PID=7927) to work on /home/amina/miniconda/lib/python3.11/site-packages/airflow/example_dags/tutorial_taskflow_api.py
[2023-11-28T11:56:26.320+0500] {processor.py:829} INFO - Processing file /home/amina/miniconda/lib/python3.11/site-packages/airflow/example_dags/tutorial_taskflow_api.py for tasks to queue
[2023-11-28T11:56:26.322+0500] {logging_mixin.py:154} INFO - [2023-11-28T11:56:26.322+0500] {dagbag.py:536} INFO - Filling up the DagBag from /home/amina/miniconda/lib/python3.11/site-packages/airflow/example_dags/tutorial_taskflow_api.py
[2023-11-28T11:56:26.335+0500] {processor.py:839} INFO - DAG(s) dict_keys(['tutorial_taskflow_api']) retrieved from /home/amina/miniconda/lib/python3.11/site-packages/airflow/example_dags/tutorial_taskflow_api.py
[2023-11-28T11:56:26.360+0500] {logging_mixin.py:154} INFO - [2023-11-28T11:56:26.360+0500] {dag.py:2941} INFO - Sync 1 DAGs
[2023-11-28T11:56:26.377+0500] {logging_mixin.py:154} INFO - [2023-11-28T11:56:26.377+0500] {dag.py:3722} INFO - Setting next_dagrun for tutorial_taskflow_api to None, run_after=None
[2023-11-28T11:56:26.502+0500] {processor.py:179} INFO - Processing /home/amina/miniconda/lib/python3.11/site-packages/airflow/example_dags/tutorial_taskflow_api.py took 0.224 seconds
[2023-11-28T11:57:16.232+0500] {processor.py:157} INFO - Started process (PID=8016) to work on /home/amina/miniconda/lib/python3.11/site-packages/airflow/example_dags/tutorial_taskflow_api.py
[2023-11-28T11:57:16.352+0500] {processor.py:829} INFO - Processing file /home/amina/miniconda/lib/python3.11/site-packages/airflow/example_dags/tutorial_taskflow_api.py for tasks to queue
[2023-11-28T11:57:16.353+0500] {logging_mixin.py:154} INFO - [2023-11-28T11:57:16.353+0500] {dagbag.py:536} INFO - Filling up the DagBag from /home/amina/miniconda/lib/python3.11/site-packages/airflow/example_dags/tutorial_taskflow_api.py
[2023-11-28T11:57:16.361+0500] {processor.py:839} INFO - DAG(s) dict_keys(['tutorial_taskflow_api']) retrieved from /home/amina/miniconda/lib/python3.11/site-packages/airflow/example_dags/tutorial_taskflow_api.py
[2023-11-28T11:57:16.378+0500] {logging_mixin.py:154} INFO - [2023-11-28T11:57:16.378+0500] {dag.py:2941} INFO - Sync 1 DAGs
[2023-11-28T11:57:16.391+0500] {logging_mixin.py:154} INFO - [2023-11-28T11:57:16.390+0500] {dag.py:3722} INFO - Setting next_dagrun for tutorial_taskflow_api to None, run_after=None
[2023-11-28T18:23:13.353+0500] {processor.py:179} INFO - Processing /home/amina/miniconda/lib/python3.11/site-packages/airflow/example_dags/tutorial_taskflow_api.py took 3.157 seconds
