[2023-12-06T22:47:30.846+0500] {taskinstance.py:1159} INFO - Dependencies all met for dep_context=non-requeueable deps ti=<TaskInstance: etl_dag2.extract_data scheduled__2023-03-09T00:00:00+00:00 [queued]>
[2023-12-06T22:47:30.855+0500] {taskinstance.py:1159} INFO - Dependencies all met for dep_context=requeueable deps ti=<TaskInstance: etl_dag2.extract_data scheduled__2023-03-09T00:00:00+00:00 [queued]>
[2023-12-06T22:47:30.855+0500] {taskinstance.py:1361} INFO - Starting attempt 1 of 2
[2023-12-06T22:47:31.010+0500] {taskinstance.py:1382} INFO - Executing <Task(PythonOperator): extract_data> on 2023-03-09 00:00:00+00:00
[2023-12-06T22:47:31.014+0500] {standard_task_runner.py:57} INFO - Started process 26672 to run task
[2023-12-06T22:47:31.018+0500] {standard_task_runner.py:84} INFO - Running: ['airflow', 'tasks', 'run', 'etl_dag2', 'extract_data', 'scheduled__2023-03-09T00:00:00+00:00', '--job-id', '204', '--raw', '--subdir', 'DAGS_FOLDER/airflow_dag.py', '--cfg-path', '/tmp/tmpgg7clnle']
[2023-12-06T22:47:31.019+0500] {standard_task_runner.py:85} INFO - Job 204: Subtask extract_data
[2023-12-06T22:47:31.197+0500] {task_command.py:416} INFO - Running <TaskInstance: etl_dag2.extract_data scheduled__2023-03-09T00:00:00+00:00 [running]> on host amina-HP-ProBook-450-G2
[2023-12-06T22:47:31.570+0500] {taskinstance.py:1662} INFO - Exporting env vars: AIRFLOW_CTX_DAG_OWNER='amina_bibi' AIRFLOW_CTX_DAG_ID='etl_dag2' AIRFLOW_CTX_TASK_ID='extract_data' AIRFLOW_CTX_EXECUTION_DATE='2023-03-09T00:00:00+00:00' AIRFLOW_CTX_TRY_NUMBER='1' AIRFLOW_CTX_DAG_RUN_ID='scheduled__2023-03-09T00:00:00+00:00'
[2023-12-06T22:47:31.571+0500] {taskinstance.py:1937} ERROR - Task failed with exception
Traceback (most recent call last):
  File "/home/amina/miniconda/lib/python3.11/site-packages/airflow/operators/python.py", line 192, in execute
    return_value = self.execute_callable()
                   ^^^^^^^^^^^^^^^^^^^^^^^
  File "/home/amina/miniconda/lib/python3.11/site-packages/airflow/operators/python.py", line 209, in execute_callable
    return self.python_callable(*self.op_args, **self.op_kwargs)
           ^^^^^^^^^^^^^^^^^^^^^^^^^^^^^^^^^^^^^^^^^^^^^^^^^^^^^
  File "/home/amina/airflow/dags/airflow_dag.py", line 45, in extract_data
    with open(data_source_path, 'r') as file:
         ^^^^^^^^^^^^^^^^^^^^^^^^^^^
FileNotFoundError: [Errno 2] No such file or directory: '/home/amina/airflow/dags/data.csv'
[2023-12-06T22:47:31.576+0500] {taskinstance.py:1400} INFO - Marking task as UP_FOR_RETRY. dag_id=etl_dag2, task_id=extract_data, execution_date=20230309T000000, start_date=20231206T174730, end_date=20231206T174731
[2023-12-06T22:47:31.771+0500] {standard_task_runner.py:104} ERROR - Failed to execute job 204 for task extract_data ([Errno 2] No such file or directory: '/home/amina/airflow/dags/data.csv'; 26672)
[2023-12-06T22:47:31.792+0500] {local_task_job_runner.py:228} INFO - Task exited with return code 1
[2023-12-06T22:47:31.831+0500] {taskinstance.py:2778} INFO - 0 downstream tasks scheduled from follow-on schedule check
