[2023-12-06T22:43:43.808+0500] {taskinstance.py:1159} INFO - Dependencies all met for dep_context=non-requeueable deps ti=<TaskInstance: etl_dag2.extract_data scheduled__2023-02-14T00:00:00+00:00 [queued]>
[2023-12-06T22:43:43.817+0500] {taskinstance.py:1159} INFO - Dependencies all met for dep_context=requeueable deps ti=<TaskInstance: etl_dag2.extract_data scheduled__2023-02-14T00:00:00+00:00 [queued]>
[2023-12-06T22:43:43.817+0500] {taskinstance.py:1361} INFO - Starting attempt 2 of 2
[2023-12-06T22:43:43.978+0500] {taskinstance.py:1382} INFO - Executing <Task(PythonOperator): extract_data> on 2023-02-14 00:00:00+00:00
[2023-12-06T22:43:43.983+0500] {standard_task_runner.py:57} INFO - Started process 26281 to run task
[2023-12-06T22:43:43.987+0500] {standard_task_runner.py:84} INFO - Running: ['airflow', 'tasks', 'run', 'etl_dag2', 'extract_data', 'scheduled__2023-02-14T00:00:00+00:00', '--job-id', '170', '--raw', '--subdir', 'DAGS_FOLDER/airflow_dag.py', '--cfg-path', '/tmp/tmp5zoaw9k9']
[2023-12-06T22:43:43.988+0500] {standard_task_runner.py:85} INFO - Job 170: Subtask extract_data
[2023-12-06T22:43:44.187+0500] {task_command.py:416} INFO - Running <TaskInstance: etl_dag2.extract_data scheduled__2023-02-14T00:00:00+00:00 [running]> on host amina-HP-ProBook-450-G2
[2023-12-06T22:43:44.345+0500] {taskinstance.py:1662} INFO - Exporting env vars: AIRFLOW_CTX_DAG_OWNER='amina_bibi' AIRFLOW_CTX_DAG_ID='etl_dag2' AIRFLOW_CTX_TASK_ID='extract_data' AIRFLOW_CTX_EXECUTION_DATE='2023-02-14T00:00:00+00:00' AIRFLOW_CTX_TRY_NUMBER='2' AIRFLOW_CTX_DAG_RUN_ID='scheduled__2023-02-14T00:00:00+00:00'
[2023-12-06T22:43:44.347+0500] {taskinstance.py:1937} ERROR - Task failed with exception
Traceback (most recent call last):
  File "/home/amina/miniconda/lib/python3.11/site-packages/airflow/operators/python.py", line 192, in execute
    return_value = self.execute_callable()
                   ^^^^^^^^^^^^^^^^^^^^^^^
  File "/home/amina/miniconda/lib/python3.11/site-packages/airflow/operators/python.py", line 209, in execute_callable
    return self.python_callable(*self.op_args, **self.op_kwargs)
           ^^^^^^^^^^^^^^^^^^^^^^^^^^^^^^^^^^^^^^^^^^^^^^^^^^^^^
  File "/home/amina/airflow/dags/airflow_dag.py", line 45, in extract_data
    with open(data_source_path, 'r') as file:
         ^^^^^^^^^^^^^^^^^^^^^^^^^^^
FileNotFoundError: [Errno 2] No such file or directory: '/home/amina/airflow/dags/data.csv'
[2023-12-06T22:43:44.351+0500] {taskinstance.py:1400} INFO - Marking task as FAILED. dag_id=etl_dag2, task_id=extract_data, execution_date=20230214T000000, start_date=20231206T174343, end_date=20231206T174344
[2023-12-06T22:43:44.497+0500] {standard_task_runner.py:104} ERROR - Failed to execute job 170 for task extract_data ([Errno 2] No such file or directory: '/home/amina/airflow/dags/data.csv'; 26281)
[2023-12-06T22:43:44.520+0500] {local_task_job_runner.py:228} INFO - Task exited with return code 1
[2023-12-06T22:43:44.544+0500] {taskinstance.py:2778} INFO - 0 downstream tasks scheduled from follow-on schedule check
