[2023-12-15T21:43:44.956+0500] {processor.py:157} INFO - Started process (PID=7519) to work on /home/amina/miniconda/lib/python3.11/site-packages/airflow/example_dags/example_params_ui_tutorial.py
[2023-12-15T21:43:44.956+0500] {processor.py:829} INFO - Processing file /home/amina/miniconda/lib/python3.11/site-packages/airflow/example_dags/example_params_ui_tutorial.py for tasks to queue
[2023-12-15T21:43:44.957+0500] {logging_mixin.py:154} INFO - [2023-12-15T21:43:44.957+0500] {dagbag.py:536} INFO - Filling up the DagBag from /home/amina/miniconda/lib/python3.11/site-packages/airflow/example_dags/example_params_ui_tutorial.py
[2023-12-15T21:43:45.000+0500] {processor.py:839} INFO - DAG(s) dict_keys(['example_params_ui_tutorial']) retrieved from /home/amina/miniconda/lib/python3.11/site-packages/airflow/example_dags/example_params_ui_tutorial.py
[2023-12-15T21:43:45.051+0500] {logging_mixin.py:154} INFO - [2023-12-15T21:43:45.051+0500] {dag.py:2941} INFO - Sync 1 DAGs
[2023-12-15T21:43:45.062+0500] {logging_mixin.py:154} INFO - [2023-12-15T21:43:45.062+0500] {dag.py:3722} INFO - Setting next_dagrun for example_params_ui_tutorial to None, run_after=None
[2023-12-15T21:43:45.198+0500] {processor.py:179} INFO - Processing /home/amina/miniconda/lib/python3.11/site-packages/airflow/example_dags/example_params_ui_tutorial.py took 0.247 seconds
[2023-12-15T21:44:43.124+0500] {processor.py:157} INFO - Started process (PID=7582) to work on /home/amina/miniconda/lib/python3.11/site-packages/airflow/example_dags/example_params_ui_tutorial.py
[2023-12-15T21:44:43.164+0500] {processor.py:829} INFO - Processing file /home/amina/miniconda/lib/python3.11/site-packages/airflow/example_dags/example_params_ui_tutorial.py for tasks to queue
[2023-12-15T21:44:43.166+0500] {logging_mixin.py:154} INFO - [2023-12-15T21:44:43.165+0500] {dagbag.py:536} INFO - Filling up the DagBag from /home/amina/miniconda/lib/python3.11/site-packages/airflow/example_dags/example_params_ui_tutorial.py
[2023-12-15T21:44:43.226+0500] {processor.py:839} INFO - DAG(s) dict_keys(['example_params_ui_tutorial']) retrieved from /home/amina/miniconda/lib/python3.11/site-packages/airflow/example_dags/example_params_ui_tutorial.py
[2023-12-15T21:44:43.428+0500] {logging_mixin.py:154} INFO - [2023-12-15T21:44:43.428+0500] {dag.py:2941} INFO - Sync 1 DAGs
[2023-12-15T21:44:43.445+0500] {logging_mixin.py:154} INFO - [2023-12-15T21:44:43.444+0500] {dag.py:3722} INFO - Setting next_dagrun for example_params_ui_tutorial to None, run_after=None
[2023-12-15T21:44:43.568+0500] {processor.py:179} INFO - Processing /home/amina/miniconda/lib/python3.11/site-packages/airflow/example_dags/example_params_ui_tutorial.py took 0.447 seconds
[2023-12-15T21:48:25.816+0500] {processor.py:157} INFO - Started process (PID=7789) to work on /home/amina/miniconda/lib/python3.11/site-packages/airflow/example_dags/example_params_ui_tutorial.py
[2023-12-15T21:48:25.832+0500] {processor.py:829} INFO - Processing file /home/amina/miniconda/lib/python3.11/site-packages/airflow/example_dags/example_params_ui_tutorial.py for tasks to queue
[2023-12-15T21:48:25.833+0500] {logging_mixin.py:154} INFO - [2023-12-15T21:48:25.832+0500] {dagbag.py:536} INFO - Filling up the DagBag from /home/amina/miniconda/lib/python3.11/site-packages/airflow/example_dags/example_params_ui_tutorial.py
[2023-12-15T21:48:25.870+0500] {processor.py:839} INFO - DAG(s) dict_keys(['example_params_ui_tutorial']) retrieved from /home/amina/miniconda/lib/python3.11/site-packages/airflow/example_dags/example_params_ui_tutorial.py
[2023-12-15T21:48:25.926+0500] {logging_mixin.py:154} INFO - [2023-12-15T21:48:25.926+0500] {dag.py:2941} INFO - Sync 1 DAGs
[2023-12-15T21:48:25.938+0500] {logging_mixin.py:154} INFO - [2023-12-15T21:48:25.938+0500] {dag.py:3722} INFO - Setting next_dagrun for example_params_ui_tutorial to None, run_after=None
[2023-12-15T21:48:26.232+0500] {processor.py:179} INFO - Processing /home/amina/miniconda/lib/python3.11/site-packages/airflow/example_dags/example_params_ui_tutorial.py took 0.419 seconds
[2023-12-15T21:49:35.425+0500] {processor.py:157} INFO - Started process (PID=7871) to work on /home/amina/miniconda/lib/python3.11/site-packages/airflow/example_dags/example_params_ui_tutorial.py
[2023-12-15T21:49:35.454+0500] {processor.py:829} INFO - Processing file /home/amina/miniconda/lib/python3.11/site-packages/airflow/example_dags/example_params_ui_tutorial.py for tasks to queue
[2023-12-15T21:49:35.455+0500] {logging_mixin.py:154} INFO - [2023-12-15T21:49:35.454+0500] {dagbag.py:536} INFO - Filling up the DagBag from /home/amina/miniconda/lib/python3.11/site-packages/airflow/example_dags/example_params_ui_tutorial.py
[2023-12-15T21:49:35.499+0500] {processor.py:839} INFO - DAG(s) dict_keys(['example_params_ui_tutorial']) retrieved from /home/amina/miniconda/lib/python3.11/site-packages/airflow/example_dags/example_params_ui_tutorial.py
[2023-12-15T21:49:35.559+0500] {logging_mixin.py:154} INFO - [2023-12-15T21:49:35.559+0500] {dag.py:2941} INFO - Sync 1 DAGs
[2023-12-15T21:49:35.573+0500] {logging_mixin.py:154} INFO - [2023-12-15T21:49:35.573+0500] {dag.py:3722} INFO - Setting next_dagrun for example_params_ui_tutorial to None, run_after=None
[2023-12-15T21:49:35.690+0500] {processor.py:179} INFO - Processing /home/amina/miniconda/lib/python3.11/site-packages/airflow/example_dags/example_params_ui_tutorial.py took 0.268 seconds
[2023-12-15T21:50:50.283+0500] {processor.py:157} INFO - Started process (PID=7939) to work on /home/amina/miniconda/lib/python3.11/site-packages/airflow/example_dags/example_params_ui_tutorial.py
[2023-12-15T21:50:50.284+0500] {processor.py:829} INFO - Processing file /home/amina/miniconda/lib/python3.11/site-packages/airflow/example_dags/example_params_ui_tutorial.py for tasks to queue
[2023-12-15T21:50:50.285+0500] {logging_mixin.py:154} INFO - [2023-12-15T21:50:50.284+0500] {dagbag.py:536} INFO - Filling up the DagBag from /home/amina/miniconda/lib/python3.11/site-packages/airflow/example_dags/example_params_ui_tutorial.py
[2023-12-15T21:50:50.322+0500] {processor.py:839} INFO - DAG(s) dict_keys(['example_params_ui_tutorial']) retrieved from /home/amina/miniconda/lib/python3.11/site-packages/airflow/example_dags/example_params_ui_tutorial.py
[2023-12-15T21:50:50.372+0500] {logging_mixin.py:154} INFO - [2023-12-15T21:50:50.372+0500] {dag.py:2941} INFO - Sync 1 DAGs
[2023-12-15T21:50:50.387+0500] {logging_mixin.py:154} INFO - [2023-12-15T21:50:50.387+0500] {dag.py:3722} INFO - Setting next_dagrun for example_params_ui_tutorial to None, run_after=None
[2023-12-15T21:50:50.499+0500] {processor.py:179} INFO - Processing /home/amina/miniconda/lib/python3.11/site-packages/airflow/example_dags/example_params_ui_tutorial.py took 0.220 seconds
[2023-12-15T21:52:39.669+0500] {processor.py:157} INFO - Started process (PID=8108) to work on /home/amina/miniconda/lib/python3.11/site-packages/airflow/example_dags/example_params_ui_tutorial.py
[2023-12-15T21:52:39.677+0500] {processor.py:829} INFO - Processing file /home/amina/miniconda/lib/python3.11/site-packages/airflow/example_dags/example_params_ui_tutorial.py for tasks to queue
[2023-12-15T21:52:39.678+0500] {logging_mixin.py:154} INFO - [2023-12-15T21:52:39.677+0500] {dagbag.py:536} INFO - Filling up the DagBag from /home/amina/miniconda/lib/python3.11/site-packages/airflow/example_dags/example_params_ui_tutorial.py
[2023-12-15T21:52:39.722+0500] {processor.py:839} INFO - DAG(s) dict_keys(['example_params_ui_tutorial']) retrieved from /home/amina/miniconda/lib/python3.11/site-packages/airflow/example_dags/example_params_ui_tutorial.py
[2023-12-15T21:52:39.777+0500] {logging_mixin.py:154} INFO - [2023-12-15T21:52:39.777+0500] {dag.py:2941} INFO - Sync 1 DAGs
[2023-12-15T21:52:39.788+0500] {logging_mixin.py:154} INFO - [2023-12-15T21:52:39.788+0500] {dag.py:3722} INFO - Setting next_dagrun for example_params_ui_tutorial to None, run_after=None
[2023-12-15T21:52:39.901+0500] {processor.py:179} INFO - Processing /home/amina/miniconda/lib/python3.11/site-packages/airflow/example_dags/example_params_ui_tutorial.py took 0.236 seconds
[2023-12-15T21:53:46.622+0500] {processor.py:157} INFO - Started process (PID=8182) to work on /home/amina/miniconda/lib/python3.11/site-packages/airflow/example_dags/example_params_ui_tutorial.py
[2023-12-15T21:53:46.625+0500] {processor.py:829} INFO - Processing file /home/amina/miniconda/lib/python3.11/site-packages/airflow/example_dags/example_params_ui_tutorial.py for tasks to queue
[2023-12-15T21:53:46.627+0500] {logging_mixin.py:154} INFO - [2023-12-15T21:53:46.626+0500] {dagbag.py:536} INFO - Filling up the DagBag from /home/amina/miniconda/lib/python3.11/site-packages/airflow/example_dags/example_params_ui_tutorial.py
[2023-12-15T21:53:46.664+0500] {processor.py:839} INFO - DAG(s) dict_keys(['example_params_ui_tutorial']) retrieved from /home/amina/miniconda/lib/python3.11/site-packages/airflow/example_dags/example_params_ui_tutorial.py
[2023-12-15T21:53:46.715+0500] {logging_mixin.py:154} INFO - [2023-12-15T21:53:46.715+0500] {dag.py:2941} INFO - Sync 1 DAGs
[2023-12-15T21:53:46.727+0500] {logging_mixin.py:154} INFO - [2023-12-15T21:53:46.727+0500] {dag.py:3722} INFO - Setting next_dagrun for example_params_ui_tutorial to None, run_after=None
[2023-12-15T21:53:46.842+0500] {processor.py:179} INFO - Processing /home/amina/miniconda/lib/python3.11/site-packages/airflow/example_dags/example_params_ui_tutorial.py took 0.224 seconds
[2023-12-15T21:54:54.068+0500] {processor.py:157} INFO - Started process (PID=8269) to work on /home/amina/miniconda/lib/python3.11/site-packages/airflow/example_dags/example_params_ui_tutorial.py
[2023-12-15T21:54:54.085+0500] {processor.py:829} INFO - Processing file /home/amina/miniconda/lib/python3.11/site-packages/airflow/example_dags/example_params_ui_tutorial.py for tasks to queue
[2023-12-15T21:54:54.086+0500] {logging_mixin.py:154} INFO - [2023-12-15T21:54:54.085+0500] {dagbag.py:536} INFO - Filling up the DagBag from /home/amina/miniconda/lib/python3.11/site-packages/airflow/example_dags/example_params_ui_tutorial.py
[2023-12-15T21:54:54.119+0500] {processor.py:839} INFO - DAG(s) dict_keys(['example_params_ui_tutorial']) retrieved from /home/amina/miniconda/lib/python3.11/site-packages/airflow/example_dags/example_params_ui_tutorial.py
[2023-12-15T21:54:54.165+0500] {logging_mixin.py:154} INFO - [2023-12-15T21:54:54.165+0500] {dag.py:2941} INFO - Sync 1 DAGs
[2023-12-15T21:54:54.176+0500] {logging_mixin.py:154} INFO - [2023-12-15T21:54:54.176+0500] {dag.py:3722} INFO - Setting next_dagrun for example_params_ui_tutorial to None, run_after=None
[2023-12-15T21:54:54.298+0500] {processor.py:179} INFO - Processing /home/amina/miniconda/lib/python3.11/site-packages/airflow/example_dags/example_params_ui_tutorial.py took 0.234 seconds
[2023-12-15T21:56:03.078+0500] {processor.py:157} INFO - Started process (PID=8340) to work on /home/amina/miniconda/lib/python3.11/site-packages/airflow/example_dags/example_params_ui_tutorial.py
[2023-12-15T21:56:03.092+0500] {processor.py:829} INFO - Processing file /home/amina/miniconda/lib/python3.11/site-packages/airflow/example_dags/example_params_ui_tutorial.py for tasks to queue
[2023-12-15T21:56:03.093+0500] {logging_mixin.py:154} INFO - [2023-12-15T21:56:03.093+0500] {dagbag.py:536} INFO - Filling up the DagBag from /home/amina/miniconda/lib/python3.11/site-packages/airflow/example_dags/example_params_ui_tutorial.py
[2023-12-15T21:56:03.134+0500] {processor.py:839} INFO - DAG(s) dict_keys(['example_params_ui_tutorial']) retrieved from /home/amina/miniconda/lib/python3.11/site-packages/airflow/example_dags/example_params_ui_tutorial.py
[2023-12-15T21:56:03.198+0500] {logging_mixin.py:154} INFO - [2023-12-15T21:56:03.197+0500] {dag.py:2941} INFO - Sync 1 DAGs
[2023-12-15T21:56:03.210+0500] {logging_mixin.py:154} INFO - [2023-12-15T21:56:03.210+0500] {dag.py:3722} INFO - Setting next_dagrun for example_params_ui_tutorial to None, run_after=None
[2023-12-15T21:56:03.331+0500] {processor.py:179} INFO - Processing /home/amina/miniconda/lib/python3.11/site-packages/airflow/example_dags/example_params_ui_tutorial.py took 0.255 seconds
[2023-12-15T21:57:20.609+0500] {processor.py:157} INFO - Started process (PID=8429) to work on /home/amina/miniconda/lib/python3.11/site-packages/airflow/example_dags/example_params_ui_tutorial.py
[2023-12-15T21:57:20.630+0500] {processor.py:829} INFO - Processing file /home/amina/miniconda/lib/python3.11/site-packages/airflow/example_dags/example_params_ui_tutorial.py for tasks to queue
[2023-12-15T21:57:20.631+0500] {logging_mixin.py:154} INFO - [2023-12-15T21:57:20.630+0500] {dagbag.py:536} INFO - Filling up the DagBag from /home/amina/miniconda/lib/python3.11/site-packages/airflow/example_dags/example_params_ui_tutorial.py
[2023-12-15T21:57:20.667+0500] {processor.py:839} INFO - DAG(s) dict_keys(['example_params_ui_tutorial']) retrieved from /home/amina/miniconda/lib/python3.11/site-packages/airflow/example_dags/example_params_ui_tutorial.py
[2023-12-15T21:57:20.725+0500] {logging_mixin.py:154} INFO - [2023-12-15T21:57:20.725+0500] {dag.py:2941} INFO - Sync 1 DAGs
[2023-12-15T21:57:20.736+0500] {logging_mixin.py:154} INFO - [2023-12-15T21:57:20.736+0500] {dag.py:3722} INFO - Setting next_dagrun for example_params_ui_tutorial to None, run_after=None
[2023-12-15T21:57:20.857+0500] {processor.py:179} INFO - Processing /home/amina/miniconda/lib/python3.11/site-packages/airflow/example_dags/example_params_ui_tutorial.py took 0.251 seconds
[2023-12-15T21:58:41.472+0500] {processor.py:157} INFO - Started process (PID=8512) to work on /home/amina/miniconda/lib/python3.11/site-packages/airflow/example_dags/example_params_ui_tutorial.py
[2023-12-15T21:58:41.485+0500] {processor.py:829} INFO - Processing file /home/amina/miniconda/lib/python3.11/site-packages/airflow/example_dags/example_params_ui_tutorial.py for tasks to queue
[2023-12-15T21:58:41.486+0500] {logging_mixin.py:154} INFO - [2023-12-15T21:58:41.486+0500] {dagbag.py:536} INFO - Filling up the DagBag from /home/amina/miniconda/lib/python3.11/site-packages/airflow/example_dags/example_params_ui_tutorial.py
[2023-12-15T21:58:41.530+0500] {processor.py:839} INFO - DAG(s) dict_keys(['example_params_ui_tutorial']) retrieved from /home/amina/miniconda/lib/python3.11/site-packages/airflow/example_dags/example_params_ui_tutorial.py
[2023-12-15T21:58:41.591+0500] {logging_mixin.py:154} INFO - [2023-12-15T21:58:41.591+0500] {dag.py:2941} INFO - Sync 1 DAGs
[2023-12-15T21:58:41.608+0500] {logging_mixin.py:154} INFO - [2023-12-15T21:58:41.608+0500] {dag.py:3722} INFO - Setting next_dagrun for example_params_ui_tutorial to None, run_after=None
[2023-12-15T21:58:41.738+0500] {processor.py:179} INFO - Processing /home/amina/miniconda/lib/python3.11/site-packages/airflow/example_dags/example_params_ui_tutorial.py took 0.270 seconds
[2023-12-15T22:00:00.427+0500] {processor.py:157} INFO - Started process (PID=8607) to work on /home/amina/miniconda/lib/python3.11/site-packages/airflow/example_dags/example_params_ui_tutorial.py
[2023-12-15T22:00:00.481+0500] {processor.py:829} INFO - Processing file /home/amina/miniconda/lib/python3.11/site-packages/airflow/example_dags/example_params_ui_tutorial.py for tasks to queue
[2023-12-15T22:00:00.482+0500] {logging_mixin.py:154} INFO - [2023-12-15T22:00:00.481+0500] {dagbag.py:536} INFO - Filling up the DagBag from /home/amina/miniconda/lib/python3.11/site-packages/airflow/example_dags/example_params_ui_tutorial.py
[2023-12-15T22:00:00.514+0500] {processor.py:839} INFO - DAG(s) dict_keys(['example_params_ui_tutorial']) retrieved from /home/amina/miniconda/lib/python3.11/site-packages/airflow/example_dags/example_params_ui_tutorial.py
[2023-12-15T22:00:00.561+0500] {logging_mixin.py:154} INFO - [2023-12-15T22:00:00.561+0500] {dag.py:2941} INFO - Sync 1 DAGs
[2023-12-15T22:00:00.571+0500] {logging_mixin.py:154} INFO - [2023-12-15T22:00:00.571+0500] {dag.py:3722} INFO - Setting next_dagrun for example_params_ui_tutorial to None, run_after=None
[2023-12-15T22:00:00.670+0500] {processor.py:179} INFO - Processing /home/amina/miniconda/lib/python3.11/site-packages/airflow/example_dags/example_params_ui_tutorial.py took 0.246 seconds
[2023-12-15T22:00:56.393+0500] {processor.py:157} INFO - Started process (PID=8680) to work on /home/amina/miniconda/lib/python3.11/site-packages/airflow/example_dags/example_params_ui_tutorial.py
[2023-12-15T22:00:56.402+0500] {processor.py:829} INFO - Processing file /home/amina/miniconda/lib/python3.11/site-packages/airflow/example_dags/example_params_ui_tutorial.py for tasks to queue
[2023-12-15T22:00:56.403+0500] {logging_mixin.py:154} INFO - [2023-12-15T22:00:56.402+0500] {dagbag.py:536} INFO - Filling up the DagBag from /home/amina/miniconda/lib/python3.11/site-packages/airflow/example_dags/example_params_ui_tutorial.py
[2023-12-15T22:00:56.435+0500] {processor.py:839} INFO - DAG(s) dict_keys(['example_params_ui_tutorial']) retrieved from /home/amina/miniconda/lib/python3.11/site-packages/airflow/example_dags/example_params_ui_tutorial.py
[2023-12-15T22:00:56.480+0500] {logging_mixin.py:154} INFO - [2023-12-15T22:00:56.480+0500] {dag.py:2941} INFO - Sync 1 DAGs
[2023-12-15T22:00:56.490+0500] {logging_mixin.py:154} INFO - [2023-12-15T22:00:56.490+0500] {dag.py:3722} INFO - Setting next_dagrun for example_params_ui_tutorial to None, run_after=None
[2023-12-15T22:00:56.581+0500] {processor.py:179} INFO - Processing /home/amina/miniconda/lib/python3.11/site-packages/airflow/example_dags/example_params_ui_tutorial.py took 0.191 seconds
[2023-12-15T22:02:12.125+0500] {processor.py:157} INFO - Started process (PID=8772) to work on /home/amina/miniconda/lib/python3.11/site-packages/airflow/example_dags/example_params_ui_tutorial.py
[2023-12-15T22:02:12.173+0500] {processor.py:829} INFO - Processing file /home/amina/miniconda/lib/python3.11/site-packages/airflow/example_dags/example_params_ui_tutorial.py for tasks to queue
[2023-12-15T22:02:12.174+0500] {logging_mixin.py:154} INFO - [2023-12-15T22:02:12.173+0500] {dagbag.py:536} INFO - Filling up the DagBag from /home/amina/miniconda/lib/python3.11/site-packages/airflow/example_dags/example_params_ui_tutorial.py
[2023-12-15T22:02:12.206+0500] {processor.py:839} INFO - DAG(s) dict_keys(['example_params_ui_tutorial']) retrieved from /home/amina/miniconda/lib/python3.11/site-packages/airflow/example_dags/example_params_ui_tutorial.py
[2023-12-15T22:02:12.252+0500] {logging_mixin.py:154} INFO - [2023-12-15T22:02:12.252+0500] {dag.py:2941} INFO - Sync 1 DAGs
[2023-12-15T22:02:12.263+0500] {logging_mixin.py:154} INFO - [2023-12-15T22:02:12.263+0500] {dag.py:3722} INFO - Setting next_dagrun for example_params_ui_tutorial to None, run_after=None
[2023-12-15T22:02:12.372+0500] {processor.py:179} INFO - Processing /home/amina/miniconda/lib/python3.11/site-packages/airflow/example_dags/example_params_ui_tutorial.py took 0.250 seconds
[2023-12-15T22:03:28.332+0500] {processor.py:157} INFO - Started process (PID=8858) to work on /home/amina/miniconda/lib/python3.11/site-packages/airflow/example_dags/example_params_ui_tutorial.py
[2023-12-15T22:03:28.384+0500] {processor.py:829} INFO - Processing file /home/amina/miniconda/lib/python3.11/site-packages/airflow/example_dags/example_params_ui_tutorial.py for tasks to queue
[2023-12-15T22:03:28.385+0500] {logging_mixin.py:154} INFO - [2023-12-15T22:03:28.385+0500] {dagbag.py:536} INFO - Filling up the DagBag from /home/amina/miniconda/lib/python3.11/site-packages/airflow/example_dags/example_params_ui_tutorial.py
[2023-12-15T22:03:28.450+0500] {processor.py:839} INFO - DAG(s) dict_keys(['example_params_ui_tutorial']) retrieved from /home/amina/miniconda/lib/python3.11/site-packages/airflow/example_dags/example_params_ui_tutorial.py
[2023-12-15T22:03:28.700+0500] {logging_mixin.py:154} INFO - [2023-12-15T22:03:28.699+0500] {dag.py:2941} INFO - Sync 1 DAGs
[2023-12-15T22:03:28.715+0500] {logging_mixin.py:154} INFO - [2023-12-15T22:03:28.715+0500] {dag.py:3722} INFO - Setting next_dagrun for example_params_ui_tutorial to None, run_after=None
[2023-12-15T22:03:28.814+0500] {processor.py:179} INFO - Processing /home/amina/miniconda/lib/python3.11/site-packages/airflow/example_dags/example_params_ui_tutorial.py took 0.487 seconds
[2023-12-15T22:04:47.765+0500] {processor.py:157} INFO - Started process (PID=8949) to work on /home/amina/miniconda/lib/python3.11/site-packages/airflow/example_dags/example_params_ui_tutorial.py
[2023-12-15T22:04:47.767+0500] {processor.py:829} INFO - Processing file /home/amina/miniconda/lib/python3.11/site-packages/airflow/example_dags/example_params_ui_tutorial.py for tasks to queue
[2023-12-15T22:04:47.768+0500] {logging_mixin.py:154} INFO - [2023-12-15T22:04:47.767+0500] {dagbag.py:536} INFO - Filling up the DagBag from /home/amina/miniconda/lib/python3.11/site-packages/airflow/example_dags/example_params_ui_tutorial.py
[2023-12-15T22:04:47.822+0500] {processor.py:839} INFO - DAG(s) dict_keys(['example_params_ui_tutorial']) retrieved from /home/amina/miniconda/lib/python3.11/site-packages/airflow/example_dags/example_params_ui_tutorial.py
[2023-12-15T22:04:47.896+0500] {logging_mixin.py:154} INFO - [2023-12-15T22:04:47.896+0500] {dag.py:2941} INFO - Sync 1 DAGs
[2023-12-15T22:04:47.912+0500] {logging_mixin.py:154} INFO - [2023-12-15T22:04:47.912+0500] {dag.py:3722} INFO - Setting next_dagrun for example_params_ui_tutorial to None, run_after=None
[2023-12-15T22:04:48.009+0500] {processor.py:179} INFO - Processing /home/amina/miniconda/lib/python3.11/site-packages/airflow/example_dags/example_params_ui_tutorial.py took 0.247 seconds
[2023-12-15T22:05:48.964+0500] {processor.py:157} INFO - Started process (PID=9012) to work on /home/amina/miniconda/lib/python3.11/site-packages/airflow/example_dags/example_params_ui_tutorial.py
[2023-12-15T22:05:48.982+0500] {processor.py:829} INFO - Processing file /home/amina/miniconda/lib/python3.11/site-packages/airflow/example_dags/example_params_ui_tutorial.py for tasks to queue
[2023-12-15T22:05:48.983+0500] {logging_mixin.py:154} INFO - [2023-12-15T22:05:48.982+0500] {dagbag.py:536} INFO - Filling up the DagBag from /home/amina/miniconda/lib/python3.11/site-packages/airflow/example_dags/example_params_ui_tutorial.py
[2023-12-15T22:05:49.019+0500] {processor.py:839} INFO - DAG(s) dict_keys(['example_params_ui_tutorial']) retrieved from /home/amina/miniconda/lib/python3.11/site-packages/airflow/example_dags/example_params_ui_tutorial.py
[2023-12-15T22:05:49.074+0500] {logging_mixin.py:154} INFO - [2023-12-15T22:05:49.074+0500] {dag.py:2941} INFO - Sync 1 DAGs
[2023-12-15T22:05:49.088+0500] {logging_mixin.py:154} INFO - [2023-12-15T22:05:49.088+0500] {dag.py:3722} INFO - Setting next_dagrun for example_params_ui_tutorial to None, run_after=None
[2023-12-15T22:05:49.239+0500] {processor.py:179} INFO - Processing /home/amina/miniconda/lib/python3.11/site-packages/airflow/example_dags/example_params_ui_tutorial.py took 0.279 seconds
[2023-12-15T22:06:46.993+0500] {processor.py:157} INFO - Started process (PID=9068) to work on /home/amina/miniconda/lib/python3.11/site-packages/airflow/example_dags/example_params_ui_tutorial.py
[2023-12-15T22:06:47.010+0500] {processor.py:829} INFO - Processing file /home/amina/miniconda/lib/python3.11/site-packages/airflow/example_dags/example_params_ui_tutorial.py for tasks to queue
[2023-12-15T22:06:47.011+0500] {logging_mixin.py:154} INFO - [2023-12-15T22:06:47.010+0500] {dagbag.py:536} INFO - Filling up the DagBag from /home/amina/miniconda/lib/python3.11/site-packages/airflow/example_dags/example_params_ui_tutorial.py
[2023-12-15T22:06:47.047+0500] {processor.py:839} INFO - DAG(s) dict_keys(['example_params_ui_tutorial']) retrieved from /home/amina/miniconda/lib/python3.11/site-packages/airflow/example_dags/example_params_ui_tutorial.py
[2023-12-15T22:06:47.117+0500] {logging_mixin.py:154} INFO - [2023-12-15T22:06:47.117+0500] {dag.py:2941} INFO - Sync 1 DAGs
[2023-12-15T22:06:47.131+0500] {logging_mixin.py:154} INFO - [2023-12-15T22:06:47.130+0500] {dag.py:3722} INFO - Setting next_dagrun for example_params_ui_tutorial to None, run_after=None
[2023-12-15T22:06:47.245+0500] {processor.py:179} INFO - Processing /home/amina/miniconda/lib/python3.11/site-packages/airflow/example_dags/example_params_ui_tutorial.py took 0.255 seconds
[2023-12-15T22:07:52.775+0500] {processor.py:157} INFO - Started process (PID=9136) to work on /home/amina/miniconda/lib/python3.11/site-packages/airflow/example_dags/example_params_ui_tutorial.py
[2023-12-15T22:07:52.810+0500] {processor.py:829} INFO - Processing file /home/amina/miniconda/lib/python3.11/site-packages/airflow/example_dags/example_params_ui_tutorial.py for tasks to queue
[2023-12-15T22:07:52.811+0500] {logging_mixin.py:154} INFO - [2023-12-15T22:07:52.810+0500] {dagbag.py:536} INFO - Filling up the DagBag from /home/amina/miniconda/lib/python3.11/site-packages/airflow/example_dags/example_params_ui_tutorial.py
[2023-12-15T22:07:52.846+0500] {processor.py:839} INFO - DAG(s) dict_keys(['example_params_ui_tutorial']) retrieved from /home/amina/miniconda/lib/python3.11/site-packages/airflow/example_dags/example_params_ui_tutorial.py
[2023-12-15T22:07:52.898+0500] {logging_mixin.py:154} INFO - [2023-12-15T22:07:52.898+0500] {dag.py:2941} INFO - Sync 1 DAGs
[2023-12-15T22:07:52.913+0500] {logging_mixin.py:154} INFO - [2023-12-15T22:07:52.913+0500] {dag.py:3722} INFO - Setting next_dagrun for example_params_ui_tutorial to None, run_after=None
[2023-12-15T22:07:53.009+0500] {processor.py:179} INFO - Processing /home/amina/miniconda/lib/python3.11/site-packages/airflow/example_dags/example_params_ui_tutorial.py took 0.239 seconds
[2023-12-15T22:08:57.612+0500] {processor.py:157} INFO - Started process (PID=9214) to work on /home/amina/miniconda/lib/python3.11/site-packages/airflow/example_dags/example_params_ui_tutorial.py
[2023-12-15T22:08:57.613+0500] {processor.py:829} INFO - Processing file /home/amina/miniconda/lib/python3.11/site-packages/airflow/example_dags/example_params_ui_tutorial.py for tasks to queue
[2023-12-15T22:08:57.614+0500] {logging_mixin.py:154} INFO - [2023-12-15T22:08:57.613+0500] {dagbag.py:536} INFO - Filling up the DagBag from /home/amina/miniconda/lib/python3.11/site-packages/airflow/example_dags/example_params_ui_tutorial.py
[2023-12-15T22:08:57.649+0500] {processor.py:839} INFO - DAG(s) dict_keys(['example_params_ui_tutorial']) retrieved from /home/amina/miniconda/lib/python3.11/site-packages/airflow/example_dags/example_params_ui_tutorial.py
[2023-12-15T22:08:57.699+0500] {logging_mixin.py:154} INFO - [2023-12-15T22:08:57.699+0500] {dag.py:2941} INFO - Sync 1 DAGs
[2023-12-15T22:08:57.710+0500] {logging_mixin.py:154} INFO - [2023-12-15T22:08:57.710+0500] {dag.py:3722} INFO - Setting next_dagrun for example_params_ui_tutorial to None, run_after=None
[2023-12-15T22:08:57.812+0500] {processor.py:179} INFO - Processing /home/amina/miniconda/lib/python3.11/site-packages/airflow/example_dags/example_params_ui_tutorial.py took 0.204 seconds
[2023-12-15T22:09:58.636+0500] {processor.py:157} INFO - Started process (PID=9275) to work on /home/amina/miniconda/lib/python3.11/site-packages/airflow/example_dags/example_params_ui_tutorial.py
[2023-12-15T22:09:58.653+0500] {processor.py:829} INFO - Processing file /home/amina/miniconda/lib/python3.11/site-packages/airflow/example_dags/example_params_ui_tutorial.py for tasks to queue
[2023-12-15T22:09:58.654+0500] {logging_mixin.py:154} INFO - [2023-12-15T22:09:58.653+0500] {dagbag.py:536} INFO - Filling up the DagBag from /home/amina/miniconda/lib/python3.11/site-packages/airflow/example_dags/example_params_ui_tutorial.py
[2023-12-15T22:09:58.690+0500] {processor.py:839} INFO - DAG(s) dict_keys(['example_params_ui_tutorial']) retrieved from /home/amina/miniconda/lib/python3.11/site-packages/airflow/example_dags/example_params_ui_tutorial.py
[2023-12-15T22:09:58.744+0500] {logging_mixin.py:154} INFO - [2023-12-15T22:09:58.744+0500] {dag.py:2941} INFO - Sync 1 DAGs
[2023-12-15T22:09:58.756+0500] {logging_mixin.py:154} INFO - [2023-12-15T22:09:58.755+0500] {dag.py:3722} INFO - Setting next_dagrun for example_params_ui_tutorial to None, run_after=None
[2023-12-15T22:09:58.868+0500] {processor.py:179} INFO - Processing /home/amina/miniconda/lib/python3.11/site-packages/airflow/example_dags/example_params_ui_tutorial.py took 0.235 seconds
[2023-12-15T22:11:04.925+0500] {processor.py:157} INFO - Started process (PID=9342) to work on /home/amina/miniconda/lib/python3.11/site-packages/airflow/example_dags/example_params_ui_tutorial.py
[2023-12-15T22:11:04.961+0500] {processor.py:829} INFO - Processing file /home/amina/miniconda/lib/python3.11/site-packages/airflow/example_dags/example_params_ui_tutorial.py for tasks to queue
[2023-12-15T22:11:04.962+0500] {logging_mixin.py:154} INFO - [2023-12-15T22:11:04.962+0500] {dagbag.py:536} INFO - Filling up the DagBag from /home/amina/miniconda/lib/python3.11/site-packages/airflow/example_dags/example_params_ui_tutorial.py
[2023-12-15T22:11:04.999+0500] {processor.py:839} INFO - DAG(s) dict_keys(['example_params_ui_tutorial']) retrieved from /home/amina/miniconda/lib/python3.11/site-packages/airflow/example_dags/example_params_ui_tutorial.py
[2023-12-15T22:11:05.049+0500] {logging_mixin.py:154} INFO - [2023-12-15T22:11:05.049+0500] {dag.py:2941} INFO - Sync 1 DAGs
[2023-12-15T22:11:05.060+0500] {logging_mixin.py:154} INFO - [2023-12-15T22:11:05.060+0500] {dag.py:3722} INFO - Setting next_dagrun for example_params_ui_tutorial to None, run_after=None
[2023-12-15T22:11:05.172+0500] {processor.py:179} INFO - Processing /home/amina/miniconda/lib/python3.11/site-packages/airflow/example_dags/example_params_ui_tutorial.py took 0.250 seconds
[2023-12-15T22:12:02.393+0500] {processor.py:157} INFO - Started process (PID=9403) to work on /home/amina/miniconda/lib/python3.11/site-packages/airflow/example_dags/example_params_ui_tutorial.py
[2023-12-15T22:12:02.424+0500] {processor.py:829} INFO - Processing file /home/amina/miniconda/lib/python3.11/site-packages/airflow/example_dags/example_params_ui_tutorial.py for tasks to queue
[2023-12-15T22:12:02.425+0500] {logging_mixin.py:154} INFO - [2023-12-15T22:12:02.424+0500] {dagbag.py:536} INFO - Filling up the DagBag from /home/amina/miniconda/lib/python3.11/site-packages/airflow/example_dags/example_params_ui_tutorial.py
[2023-12-15T22:12:02.461+0500] {processor.py:839} INFO - DAG(s) dict_keys(['example_params_ui_tutorial']) retrieved from /home/amina/miniconda/lib/python3.11/site-packages/airflow/example_dags/example_params_ui_tutorial.py
[2023-12-15T22:12:02.515+0500] {logging_mixin.py:154} INFO - [2023-12-15T22:12:02.515+0500] {dag.py:2941} INFO - Sync 1 DAGs
[2023-12-15T22:12:02.527+0500] {logging_mixin.py:154} INFO - [2023-12-15T22:12:02.527+0500] {dag.py:3722} INFO - Setting next_dagrun for example_params_ui_tutorial to None, run_after=None
[2023-12-15T22:12:02.633+0500] {processor.py:179} INFO - Processing /home/amina/miniconda/lib/python3.11/site-packages/airflow/example_dags/example_params_ui_tutorial.py took 0.243 seconds
[2023-12-15T22:13:01.535+0500] {processor.py:157} INFO - Started process (PID=9466) to work on /home/amina/miniconda/lib/python3.11/site-packages/airflow/example_dags/example_params_ui_tutorial.py
[2023-12-15T22:13:01.559+0500] {processor.py:829} INFO - Processing file /home/amina/miniconda/lib/python3.11/site-packages/airflow/example_dags/example_params_ui_tutorial.py for tasks to queue
[2023-12-15T22:13:01.559+0500] {logging_mixin.py:154} INFO - [2023-12-15T22:13:01.559+0500] {dagbag.py:536} INFO - Filling up the DagBag from /home/amina/miniconda/lib/python3.11/site-packages/airflow/example_dags/example_params_ui_tutorial.py
[2023-12-15T22:13:01.595+0500] {processor.py:839} INFO - DAG(s) dict_keys(['example_params_ui_tutorial']) retrieved from /home/amina/miniconda/lib/python3.11/site-packages/airflow/example_dags/example_params_ui_tutorial.py
[2023-12-15T22:13:01.646+0500] {logging_mixin.py:154} INFO - [2023-12-15T22:13:01.646+0500] {dag.py:2941} INFO - Sync 1 DAGs
[2023-12-15T22:13:01.658+0500] {logging_mixin.py:154} INFO - [2023-12-15T22:13:01.658+0500] {dag.py:3722} INFO - Setting next_dagrun for example_params_ui_tutorial to None, run_after=None
[2023-12-15T22:13:01.773+0500] {processor.py:179} INFO - Processing /home/amina/miniconda/lib/python3.11/site-packages/airflow/example_dags/example_params_ui_tutorial.py took 0.241 seconds
[2023-12-15T22:14:12.836+0500] {processor.py:157} INFO - Started process (PID=9550) to work on /home/amina/miniconda/lib/python3.11/site-packages/airflow/example_dags/example_params_ui_tutorial.py
[2023-12-15T22:14:12.854+0500] {processor.py:829} INFO - Processing file /home/amina/miniconda/lib/python3.11/site-packages/airflow/example_dags/example_params_ui_tutorial.py for tasks to queue
[2023-12-15T22:14:12.855+0500] {logging_mixin.py:154} INFO - [2023-12-15T22:14:12.854+0500] {dagbag.py:536} INFO - Filling up the DagBag from /home/amina/miniconda/lib/python3.11/site-packages/airflow/example_dags/example_params_ui_tutorial.py
[2023-12-15T22:14:12.889+0500] {processor.py:839} INFO - DAG(s) dict_keys(['example_params_ui_tutorial']) retrieved from /home/amina/miniconda/lib/python3.11/site-packages/airflow/example_dags/example_params_ui_tutorial.py
[2023-12-15T22:14:12.937+0500] {logging_mixin.py:154} INFO - [2023-12-15T22:14:12.937+0500] {dag.py:2941} INFO - Sync 1 DAGs
[2023-12-15T22:14:12.951+0500] {logging_mixin.py:154} INFO - [2023-12-15T22:14:12.951+0500] {dag.py:3722} INFO - Setting next_dagrun for example_params_ui_tutorial to None, run_after=None
[2023-12-15T22:14:13.080+0500] {processor.py:179} INFO - Processing /home/amina/miniconda/lib/python3.11/site-packages/airflow/example_dags/example_params_ui_tutorial.py took 0.247 seconds
[2023-12-15T22:16:04.083+0500] {processor.py:157} INFO - Started process (PID=9674) to work on /home/amina/miniconda/lib/python3.11/site-packages/airflow/example_dags/example_params_ui_tutorial.py
[2023-12-15T22:16:04.118+0500] {processor.py:829} INFO - Processing file /home/amina/miniconda/lib/python3.11/site-packages/airflow/example_dags/example_params_ui_tutorial.py for tasks to queue
[2023-12-15T22:16:04.119+0500] {logging_mixin.py:154} INFO - [2023-12-15T22:16:04.118+0500] {dagbag.py:536} INFO - Filling up the DagBag from /home/amina/miniconda/lib/python3.11/site-packages/airflow/example_dags/example_params_ui_tutorial.py
[2023-12-15T22:16:04.156+0500] {processor.py:839} INFO - DAG(s) dict_keys(['example_params_ui_tutorial']) retrieved from /home/amina/miniconda/lib/python3.11/site-packages/airflow/example_dags/example_params_ui_tutorial.py
[2023-12-15T22:16:04.208+0500] {logging_mixin.py:154} INFO - [2023-12-15T22:16:04.208+0500] {dag.py:2941} INFO - Sync 1 DAGs
[2023-12-15T22:16:04.219+0500] {logging_mixin.py:154} INFO - [2023-12-15T22:16:04.219+0500] {dag.py:3722} INFO - Setting next_dagrun for example_params_ui_tutorial to None, run_after=None
[2023-12-15T22:16:04.309+0500] {processor.py:179} INFO - Processing /home/amina/miniconda/lib/python3.11/site-packages/airflow/example_dags/example_params_ui_tutorial.py took 0.230 seconds
[2023-12-15T22:17:08.096+0500] {processor.py:157} INFO - Started process (PID=9745) to work on /home/amina/miniconda/lib/python3.11/site-packages/airflow/example_dags/example_params_ui_tutorial.py
[2023-12-15T22:17:08.127+0500] {processor.py:829} INFO - Processing file /home/amina/miniconda/lib/python3.11/site-packages/airflow/example_dags/example_params_ui_tutorial.py for tasks to queue
[2023-12-15T22:17:08.128+0500] {logging_mixin.py:154} INFO - [2023-12-15T22:17:08.128+0500] {dagbag.py:536} INFO - Filling up the DagBag from /home/amina/miniconda/lib/python3.11/site-packages/airflow/example_dags/example_params_ui_tutorial.py
[2023-12-15T22:17:08.169+0500] {processor.py:839} INFO - DAG(s) dict_keys(['example_params_ui_tutorial']) retrieved from /home/amina/miniconda/lib/python3.11/site-packages/airflow/example_dags/example_params_ui_tutorial.py
[2023-12-15T22:17:08.232+0500] {logging_mixin.py:154} INFO - [2023-12-15T22:17:08.232+0500] {dag.py:2941} INFO - Sync 1 DAGs
[2023-12-15T22:17:08.247+0500] {logging_mixin.py:154} INFO - [2023-12-15T22:17:08.247+0500] {dag.py:3722} INFO - Setting next_dagrun for example_params_ui_tutorial to None, run_after=None
[2023-12-15T22:17:08.349+0500] {processor.py:179} INFO - Processing /home/amina/miniconda/lib/python3.11/site-packages/airflow/example_dags/example_params_ui_tutorial.py took 0.257 seconds
[2023-12-15T22:18:11.982+0500] {processor.py:157} INFO - Started process (PID=9814) to work on /home/amina/miniconda/lib/python3.11/site-packages/airflow/example_dags/example_params_ui_tutorial.py
[2023-12-15T22:18:12.023+0500] {processor.py:829} INFO - Processing file /home/amina/miniconda/lib/python3.11/site-packages/airflow/example_dags/example_params_ui_tutorial.py for tasks to queue
[2023-12-15T22:18:12.024+0500] {logging_mixin.py:154} INFO - [2023-12-15T22:18:12.024+0500] {dagbag.py:536} INFO - Filling up the DagBag from /home/amina/miniconda/lib/python3.11/site-packages/airflow/example_dags/example_params_ui_tutorial.py
[2023-12-15T22:18:12.060+0500] {processor.py:839} INFO - DAG(s) dict_keys(['example_params_ui_tutorial']) retrieved from /home/amina/miniconda/lib/python3.11/site-packages/airflow/example_dags/example_params_ui_tutorial.py
[2023-12-15T22:18:12.116+0500] {logging_mixin.py:154} INFO - [2023-12-15T22:18:12.116+0500] {dag.py:2941} INFO - Sync 1 DAGs
[2023-12-15T22:18:12.128+0500] {logging_mixin.py:154} INFO - [2023-12-15T22:18:12.127+0500] {dag.py:3722} INFO - Setting next_dagrun for example_params_ui_tutorial to None, run_after=None
[2023-12-15T22:18:12.239+0500] {processor.py:179} INFO - Processing /home/amina/miniconda/lib/python3.11/site-packages/airflow/example_dags/example_params_ui_tutorial.py took 0.260 seconds
[2023-12-15T22:19:14.480+0500] {processor.py:157} INFO - Started process (PID=9893) to work on /home/amina/miniconda/lib/python3.11/site-packages/airflow/example_dags/example_params_ui_tutorial.py
[2023-12-15T22:19:14.509+0500] {processor.py:829} INFO - Processing file /home/amina/miniconda/lib/python3.11/site-packages/airflow/example_dags/example_params_ui_tutorial.py for tasks to queue
[2023-12-15T22:19:14.510+0500] {logging_mixin.py:154} INFO - [2023-12-15T22:19:14.510+0500] {dagbag.py:536} INFO - Filling up the DagBag from /home/amina/miniconda/lib/python3.11/site-packages/airflow/example_dags/example_params_ui_tutorial.py
[2023-12-15T22:19:14.546+0500] {processor.py:839} INFO - DAG(s) dict_keys(['example_params_ui_tutorial']) retrieved from /home/amina/miniconda/lib/python3.11/site-packages/airflow/example_dags/example_params_ui_tutorial.py
[2023-12-15T22:19:14.597+0500] {logging_mixin.py:154} INFO - [2023-12-15T22:19:14.597+0500] {dag.py:2941} INFO - Sync 1 DAGs
[2023-12-15T22:19:14.608+0500] {logging_mixin.py:154} INFO - [2023-12-15T22:19:14.608+0500] {dag.py:3722} INFO - Setting next_dagrun for example_params_ui_tutorial to None, run_after=None
[2023-12-15T22:19:14.709+0500] {processor.py:179} INFO - Processing /home/amina/miniconda/lib/python3.11/site-packages/airflow/example_dags/example_params_ui_tutorial.py took 0.234 seconds
[2023-12-15T22:20:23.962+0500] {processor.py:157} INFO - Started process (PID=10090) to work on /home/amina/miniconda/lib/python3.11/site-packages/airflow/example_dags/example_params_ui_tutorial.py
[2023-12-15T22:20:23.981+0500] {processor.py:829} INFO - Processing file /home/amina/miniconda/lib/python3.11/site-packages/airflow/example_dags/example_params_ui_tutorial.py for tasks to queue
[2023-12-15T22:20:23.982+0500] {logging_mixin.py:154} INFO - [2023-12-15T22:20:23.982+0500] {dagbag.py:536} INFO - Filling up the DagBag from /home/amina/miniconda/lib/python3.11/site-packages/airflow/example_dags/example_params_ui_tutorial.py
[2023-12-15T22:20:24.022+0500] {processor.py:839} INFO - DAG(s) dict_keys(['example_params_ui_tutorial']) retrieved from /home/amina/miniconda/lib/python3.11/site-packages/airflow/example_dags/example_params_ui_tutorial.py
[2023-12-15T22:20:24.075+0500] {logging_mixin.py:154} INFO - [2023-12-15T22:20:24.075+0500] {dag.py:2941} INFO - Sync 1 DAGs
[2023-12-15T22:20:24.087+0500] {logging_mixin.py:154} INFO - [2023-12-15T22:20:24.087+0500] {dag.py:3722} INFO - Setting next_dagrun for example_params_ui_tutorial to None, run_after=None
[2023-12-15T22:20:24.202+0500] {processor.py:179} INFO - Processing /home/amina/miniconda/lib/python3.11/site-packages/airflow/example_dags/example_params_ui_tutorial.py took 0.244 seconds
[2023-12-15T22:21:24.630+0500] {processor.py:157} INFO - Started process (PID=10160) to work on /home/amina/miniconda/lib/python3.11/site-packages/airflow/example_dags/example_params_ui_tutorial.py
[2023-12-15T22:21:24.648+0500] {processor.py:829} INFO - Processing file /home/amina/miniconda/lib/python3.11/site-packages/airflow/example_dags/example_params_ui_tutorial.py for tasks to queue
[2023-12-15T22:21:24.649+0500] {logging_mixin.py:154} INFO - [2023-12-15T22:21:24.648+0500] {dagbag.py:536} INFO - Filling up the DagBag from /home/amina/miniconda/lib/python3.11/site-packages/airflow/example_dags/example_params_ui_tutorial.py
[2023-12-15T22:21:24.685+0500] {processor.py:839} INFO - DAG(s) dict_keys(['example_params_ui_tutorial']) retrieved from /home/amina/miniconda/lib/python3.11/site-packages/airflow/example_dags/example_params_ui_tutorial.py
[2023-12-15T22:21:24.742+0500] {logging_mixin.py:154} INFO - [2023-12-15T22:21:24.742+0500] {dag.py:2941} INFO - Sync 1 DAGs
[2023-12-15T22:21:24.762+0500] {logging_mixin.py:154} INFO - [2023-12-15T22:21:24.762+0500] {dag.py:3722} INFO - Setting next_dagrun for example_params_ui_tutorial to None, run_after=None
[2023-12-15T22:21:24.871+0500] {processor.py:179} INFO - Processing /home/amina/miniconda/lib/python3.11/site-packages/airflow/example_dags/example_params_ui_tutorial.py took 0.244 seconds
[2023-12-15T22:22:42.326+0500] {processor.py:157} INFO - Started process (PID=10249) to work on /home/amina/miniconda/lib/python3.11/site-packages/airflow/example_dags/example_params_ui_tutorial.py
[2023-12-15T22:22:42.349+0500] {processor.py:829} INFO - Processing file /home/amina/miniconda/lib/python3.11/site-packages/airflow/example_dags/example_params_ui_tutorial.py for tasks to queue
[2023-12-15T22:22:42.350+0500] {logging_mixin.py:154} INFO - [2023-12-15T22:22:42.349+0500] {dagbag.py:536} INFO - Filling up the DagBag from /home/amina/miniconda/lib/python3.11/site-packages/airflow/example_dags/example_params_ui_tutorial.py
[2023-12-15T22:22:42.387+0500] {processor.py:839} INFO - DAG(s) dict_keys(['example_params_ui_tutorial']) retrieved from /home/amina/miniconda/lib/python3.11/site-packages/airflow/example_dags/example_params_ui_tutorial.py
[2023-12-15T22:22:42.446+0500] {logging_mixin.py:154} INFO - [2023-12-15T22:22:42.446+0500] {dag.py:2941} INFO - Sync 1 DAGs
[2023-12-15T22:22:42.459+0500] {logging_mixin.py:154} INFO - [2023-12-15T22:22:42.459+0500] {dag.py:3722} INFO - Setting next_dagrun for example_params_ui_tutorial to None, run_after=None
[2023-12-15T22:22:42.588+0500] {processor.py:179} INFO - Processing /home/amina/miniconda/lib/python3.11/site-packages/airflow/example_dags/example_params_ui_tutorial.py took 0.267 seconds
[2023-12-15T22:23:35.583+0500] {processor.py:157} INFO - Started process (PID=10312) to work on /home/amina/miniconda/lib/python3.11/site-packages/airflow/example_dags/example_params_ui_tutorial.py
[2023-12-15T22:23:35.619+0500] {processor.py:829} INFO - Processing file /home/amina/miniconda/lib/python3.11/site-packages/airflow/example_dags/example_params_ui_tutorial.py for tasks to queue
[2023-12-15T22:23:35.621+0500] {logging_mixin.py:154} INFO - [2023-12-15T22:23:35.620+0500] {dagbag.py:536} INFO - Filling up the DagBag from /home/amina/miniconda/lib/python3.11/site-packages/airflow/example_dags/example_params_ui_tutorial.py
[2023-12-15T22:23:35.661+0500] {processor.py:839} INFO - DAG(s) dict_keys(['example_params_ui_tutorial']) retrieved from /home/amina/miniconda/lib/python3.11/site-packages/airflow/example_dags/example_params_ui_tutorial.py
[2023-12-15T22:23:35.718+0500] {logging_mixin.py:154} INFO - [2023-12-15T22:23:35.718+0500] {dag.py:2941} INFO - Sync 1 DAGs
[2023-12-15T22:23:35.730+0500] {logging_mixin.py:154} INFO - [2023-12-15T22:23:35.730+0500] {dag.py:3722} INFO - Setting next_dagrun for example_params_ui_tutorial to None, run_after=None
[2023-12-15T22:23:35.839+0500] {processor.py:179} INFO - Processing /home/amina/miniconda/lib/python3.11/site-packages/airflow/example_dags/example_params_ui_tutorial.py took 0.260 seconds
[2023-12-15T22:24:54.652+0500] {processor.py:157} INFO - Started process (PID=10401) to work on /home/amina/miniconda/lib/python3.11/site-packages/airflow/example_dags/example_params_ui_tutorial.py
[2023-12-15T22:24:54.665+0500] {processor.py:829} INFO - Processing file /home/amina/miniconda/lib/python3.11/site-packages/airflow/example_dags/example_params_ui_tutorial.py for tasks to queue
[2023-12-15T22:24:54.666+0500] {logging_mixin.py:154} INFO - [2023-12-15T22:24:54.666+0500] {dagbag.py:536} INFO - Filling up the DagBag from /home/amina/miniconda/lib/python3.11/site-packages/airflow/example_dags/example_params_ui_tutorial.py
[2023-12-15T22:24:54.718+0500] {processor.py:839} INFO - DAG(s) dict_keys(['example_params_ui_tutorial']) retrieved from /home/amina/miniconda/lib/python3.11/site-packages/airflow/example_dags/example_params_ui_tutorial.py
[2023-12-15T22:24:54.821+0500] {logging_mixin.py:154} INFO - [2023-12-15T22:24:54.821+0500] {dag.py:2941} INFO - Sync 1 DAGs
[2023-12-15T22:24:54.841+0500] {logging_mixin.py:154} INFO - [2023-12-15T22:24:54.841+0500] {dag.py:3722} INFO - Setting next_dagrun for example_params_ui_tutorial to None, run_after=None
[2023-12-15T22:24:54.999+0500] {processor.py:179} INFO - Processing /home/amina/miniconda/lib/python3.11/site-packages/airflow/example_dags/example_params_ui_tutorial.py took 0.353 seconds
[2023-12-15T22:25:54.183+0500] {processor.py:157} INFO - Started process (PID=10453) to work on /home/amina/miniconda/lib/python3.11/site-packages/airflow/example_dags/example_params_ui_tutorial.py
[2023-12-15T22:25:54.203+0500] {processor.py:829} INFO - Processing file /home/amina/miniconda/lib/python3.11/site-packages/airflow/example_dags/example_params_ui_tutorial.py for tasks to queue
[2023-12-15T22:25:54.204+0500] {logging_mixin.py:154} INFO - [2023-12-15T22:25:54.203+0500] {dagbag.py:536} INFO - Filling up the DagBag from /home/amina/miniconda/lib/python3.11/site-packages/airflow/example_dags/example_params_ui_tutorial.py
[2023-12-15T22:25:54.242+0500] {processor.py:839} INFO - DAG(s) dict_keys(['example_params_ui_tutorial']) retrieved from /home/amina/miniconda/lib/python3.11/site-packages/airflow/example_dags/example_params_ui_tutorial.py
[2023-12-15T22:25:54.297+0500] {logging_mixin.py:154} INFO - [2023-12-15T22:25:54.297+0500] {dag.py:2941} INFO - Sync 1 DAGs
[2023-12-15T22:25:54.311+0500] {logging_mixin.py:154} INFO - [2023-12-15T22:25:54.310+0500] {dag.py:3722} INFO - Setting next_dagrun for example_params_ui_tutorial to None, run_after=None
[2023-12-15T22:25:54.431+0500] {processor.py:179} INFO - Processing /home/amina/miniconda/lib/python3.11/site-packages/airflow/example_dags/example_params_ui_tutorial.py took 0.251 seconds
[2023-12-15T22:27:15.466+0500] {processor.py:157} INFO - Started process (PID=10538) to work on /home/amina/miniconda/lib/python3.11/site-packages/airflow/example_dags/example_params_ui_tutorial.py
[2023-12-15T22:27:15.478+0500] {processor.py:829} INFO - Processing file /home/amina/miniconda/lib/python3.11/site-packages/airflow/example_dags/example_params_ui_tutorial.py for tasks to queue
[2023-12-15T22:27:15.478+0500] {logging_mixin.py:154} INFO - [2023-12-15T22:27:15.478+0500] {dagbag.py:536} INFO - Filling up the DagBag from /home/amina/miniconda/lib/python3.11/site-packages/airflow/example_dags/example_params_ui_tutorial.py
[2023-12-15T22:27:15.518+0500] {processor.py:839} INFO - DAG(s) dict_keys(['example_params_ui_tutorial']) retrieved from /home/amina/miniconda/lib/python3.11/site-packages/airflow/example_dags/example_params_ui_tutorial.py
[2023-12-15T22:27:15.574+0500] {logging_mixin.py:154} INFO - [2023-12-15T22:27:15.574+0500] {dag.py:2941} INFO - Sync 1 DAGs
[2023-12-15T22:27:15.588+0500] {logging_mixin.py:154} INFO - [2023-12-15T22:27:15.587+0500] {dag.py:3722} INFO - Setting next_dagrun for example_params_ui_tutorial to None, run_after=None
[2023-12-15T22:27:15.686+0500] {processor.py:179} INFO - Processing /home/amina/miniconda/lib/python3.11/site-packages/airflow/example_dags/example_params_ui_tutorial.py took 0.223 seconds
[2023-12-15T22:28:32.240+0500] {processor.py:157} INFO - Started process (PID=10629) to work on /home/amina/miniconda/lib/python3.11/site-packages/airflow/example_dags/example_params_ui_tutorial.py
[2023-12-15T22:28:32.286+0500] {processor.py:829} INFO - Processing file /home/amina/miniconda/lib/python3.11/site-packages/airflow/example_dags/example_params_ui_tutorial.py for tasks to queue
[2023-12-15T22:28:32.287+0500] {logging_mixin.py:154} INFO - [2023-12-15T22:28:32.286+0500] {dagbag.py:536} INFO - Filling up the DagBag from /home/amina/miniconda/lib/python3.11/site-packages/airflow/example_dags/example_params_ui_tutorial.py
[2023-12-15T22:28:32.348+0500] {processor.py:839} INFO - DAG(s) dict_keys(['example_params_ui_tutorial']) retrieved from /home/amina/miniconda/lib/python3.11/site-packages/airflow/example_dags/example_params_ui_tutorial.py
[2023-12-15T22:28:32.426+0500] {logging_mixin.py:154} INFO - [2023-12-15T22:28:32.426+0500] {dag.py:2941} INFO - Sync 1 DAGs
[2023-12-15T22:28:32.444+0500] {logging_mixin.py:154} INFO - [2023-12-15T22:28:32.444+0500] {dag.py:3722} INFO - Setting next_dagrun for example_params_ui_tutorial to None, run_after=None
[2023-12-15T22:28:32.551+0500] {processor.py:179} INFO - Processing /home/amina/miniconda/lib/python3.11/site-packages/airflow/example_dags/example_params_ui_tutorial.py took 0.314 seconds
[2023-12-15T22:29:29.951+0500] {processor.py:157} INFO - Started process (PID=10697) to work on /home/amina/miniconda/lib/python3.11/site-packages/airflow/example_dags/example_params_ui_tutorial.py
[2023-12-15T22:29:29.970+0500] {processor.py:829} INFO - Processing file /home/amina/miniconda/lib/python3.11/site-packages/airflow/example_dags/example_params_ui_tutorial.py for tasks to queue
[2023-12-15T22:29:29.971+0500] {logging_mixin.py:154} INFO - [2023-12-15T22:29:29.970+0500] {dagbag.py:536} INFO - Filling up the DagBag from /home/amina/miniconda/lib/python3.11/site-packages/airflow/example_dags/example_params_ui_tutorial.py
[2023-12-15T22:29:30.012+0500] {processor.py:839} INFO - DAG(s) dict_keys(['example_params_ui_tutorial']) retrieved from /home/amina/miniconda/lib/python3.11/site-packages/airflow/example_dags/example_params_ui_tutorial.py
[2023-12-15T22:29:30.068+0500] {logging_mixin.py:154} INFO - [2023-12-15T22:29:30.068+0500] {dag.py:2941} INFO - Sync 1 DAGs
[2023-12-15T22:29:30.087+0500] {logging_mixin.py:154} INFO - [2023-12-15T22:29:30.087+0500] {dag.py:3722} INFO - Setting next_dagrun for example_params_ui_tutorial to None, run_after=None
[2023-12-15T22:29:30.204+0500] {processor.py:179} INFO - Processing /home/amina/miniconda/lib/python3.11/site-packages/airflow/example_dags/example_params_ui_tutorial.py took 0.256 seconds
[2023-12-15T22:30:56.447+0500] {processor.py:157} INFO - Started process (PID=10803) to work on /home/amina/miniconda/lib/python3.11/site-packages/airflow/example_dags/example_params_ui_tutorial.py
[2023-12-15T22:30:56.489+0500] {processor.py:829} INFO - Processing file /home/amina/miniconda/lib/python3.11/site-packages/airflow/example_dags/example_params_ui_tutorial.py for tasks to queue
[2023-12-15T22:30:56.490+0500] {logging_mixin.py:154} INFO - [2023-12-15T22:30:56.490+0500] {dagbag.py:536} INFO - Filling up the DagBag from /home/amina/miniconda/lib/python3.11/site-packages/airflow/example_dags/example_params_ui_tutorial.py
[2023-12-15T22:30:56.527+0500] {processor.py:839} INFO - DAG(s) dict_keys(['example_params_ui_tutorial']) retrieved from /home/amina/miniconda/lib/python3.11/site-packages/airflow/example_dags/example_params_ui_tutorial.py
[2023-12-15T22:30:56.585+0500] {logging_mixin.py:154} INFO - [2023-12-15T22:30:56.584+0500] {dag.py:2941} INFO - Sync 1 DAGs
[2023-12-15T22:30:56.597+0500] {logging_mixin.py:154} INFO - [2023-12-15T22:30:56.597+0500] {dag.py:3722} INFO - Setting next_dagrun for example_params_ui_tutorial to None, run_after=None
[2023-12-15T22:30:56.704+0500] {processor.py:179} INFO - Processing /home/amina/miniconda/lib/python3.11/site-packages/airflow/example_dags/example_params_ui_tutorial.py took 0.259 seconds
[2023-12-15T22:31:49.844+0500] {processor.py:157} INFO - Started process (PID=10857) to work on /home/amina/miniconda/lib/python3.11/site-packages/airflow/example_dags/example_params_ui_tutorial.py
[2023-12-15T22:31:49.845+0500] {processor.py:829} INFO - Processing file /home/amina/miniconda/lib/python3.11/site-packages/airflow/example_dags/example_params_ui_tutorial.py for tasks to queue
[2023-12-15T22:31:49.846+0500] {logging_mixin.py:154} INFO - [2023-12-15T22:31:49.846+0500] {dagbag.py:536} INFO - Filling up the DagBag from /home/amina/miniconda/lib/python3.11/site-packages/airflow/example_dags/example_params_ui_tutorial.py
[2023-12-15T22:31:49.888+0500] {processor.py:839} INFO - DAG(s) dict_keys(['example_params_ui_tutorial']) retrieved from /home/amina/miniconda/lib/python3.11/site-packages/airflow/example_dags/example_params_ui_tutorial.py
[2023-12-15T22:31:49.953+0500] {logging_mixin.py:154} INFO - [2023-12-15T22:31:49.953+0500] {dag.py:2941} INFO - Sync 1 DAGs
[2023-12-15T22:31:49.969+0500] {logging_mixin.py:154} INFO - [2023-12-15T22:31:49.969+0500] {dag.py:3722} INFO - Setting next_dagrun for example_params_ui_tutorial to None, run_after=None
[2023-12-15T22:31:50.057+0500] {processor.py:179} INFO - Processing /home/amina/miniconda/lib/python3.11/site-packages/airflow/example_dags/example_params_ui_tutorial.py took 0.217 seconds
[2023-12-15T22:33:11.112+0500] {processor.py:157} INFO - Started process (PID=10943) to work on /home/amina/miniconda/lib/python3.11/site-packages/airflow/example_dags/example_params_ui_tutorial.py
[2023-12-15T22:33:11.197+0500] {processor.py:829} INFO - Processing file /home/amina/miniconda/lib/python3.11/site-packages/airflow/example_dags/example_params_ui_tutorial.py for tasks to queue
[2023-12-15T22:33:11.199+0500] {logging_mixin.py:154} INFO - [2023-12-15T22:33:11.198+0500] {dagbag.py:536} INFO - Filling up the DagBag from /home/amina/miniconda/lib/python3.11/site-packages/airflow/example_dags/example_params_ui_tutorial.py
[2023-12-15T22:33:11.250+0500] {processor.py:839} INFO - DAG(s) dict_keys(['example_params_ui_tutorial']) retrieved from /home/amina/miniconda/lib/python3.11/site-packages/airflow/example_dags/example_params_ui_tutorial.py
[2023-12-15T22:33:11.326+0500] {logging_mixin.py:154} INFO - [2023-12-15T22:33:11.326+0500] {dag.py:2941} INFO - Sync 1 DAGs
[2023-12-15T22:33:11.340+0500] {logging_mixin.py:154} INFO - [2023-12-15T22:33:11.340+0500] {dag.py:3722} INFO - Setting next_dagrun for example_params_ui_tutorial to None, run_after=None
[2023-12-15T22:33:11.449+0500] {processor.py:179} INFO - Processing /home/amina/miniconda/lib/python3.11/site-packages/airflow/example_dags/example_params_ui_tutorial.py took 0.342 seconds
[2023-12-15T22:34:31.612+0500] {processor.py:157} INFO - Started process (PID=11035) to work on /home/amina/miniconda/lib/python3.11/site-packages/airflow/example_dags/example_params_ui_tutorial.py
[2023-12-15T22:34:31.617+0500] {processor.py:829} INFO - Processing file /home/amina/miniconda/lib/python3.11/site-packages/airflow/example_dags/example_params_ui_tutorial.py for tasks to queue
[2023-12-15T22:34:31.619+0500] {logging_mixin.py:154} INFO - [2023-12-15T22:34:31.618+0500] {dagbag.py:536} INFO - Filling up the DagBag from /home/amina/miniconda/lib/python3.11/site-packages/airflow/example_dags/example_params_ui_tutorial.py
[2023-12-15T22:34:31.658+0500] {processor.py:839} INFO - DAG(s) dict_keys(['example_params_ui_tutorial']) retrieved from /home/amina/miniconda/lib/python3.11/site-packages/airflow/example_dags/example_params_ui_tutorial.py
[2023-12-15T22:34:31.711+0500] {logging_mixin.py:154} INFO - [2023-12-15T22:34:31.711+0500] {dag.py:2941} INFO - Sync 1 DAGs
[2023-12-15T22:34:31.723+0500] {logging_mixin.py:154} INFO - [2023-12-15T22:34:31.723+0500] {dag.py:3722} INFO - Setting next_dagrun for example_params_ui_tutorial to None, run_after=None
[2023-12-15T22:34:31.861+0500] {processor.py:179} INFO - Processing /home/amina/miniconda/lib/python3.11/site-packages/airflow/example_dags/example_params_ui_tutorial.py took 0.252 seconds
[2023-12-15T22:35:54.732+0500] {processor.py:157} INFO - Started process (PID=11132) to work on /home/amina/miniconda/lib/python3.11/site-packages/airflow/example_dags/example_params_ui_tutorial.py
[2023-12-15T22:35:54.792+0500] {processor.py:829} INFO - Processing file /home/amina/miniconda/lib/python3.11/site-packages/airflow/example_dags/example_params_ui_tutorial.py for tasks to queue
[2023-12-15T22:35:54.793+0500] {logging_mixin.py:154} INFO - [2023-12-15T22:35:54.792+0500] {dagbag.py:536} INFO - Filling up the DagBag from /home/amina/miniconda/lib/python3.11/site-packages/airflow/example_dags/example_params_ui_tutorial.py
[2023-12-15T22:35:54.833+0500] {processor.py:839} INFO - DAG(s) dict_keys(['example_params_ui_tutorial']) retrieved from /home/amina/miniconda/lib/python3.11/site-packages/airflow/example_dags/example_params_ui_tutorial.py
[2023-12-15T22:35:54.887+0500] {logging_mixin.py:154} INFO - [2023-12-15T22:35:54.887+0500] {dag.py:2941} INFO - Sync 1 DAGs
[2023-12-15T22:35:54.902+0500] {logging_mixin.py:154} INFO - [2023-12-15T22:35:54.902+0500] {dag.py:3722} INFO - Setting next_dagrun for example_params_ui_tutorial to None, run_after=None
[2023-12-15T22:35:55.000+0500] {processor.py:179} INFO - Processing /home/amina/miniconda/lib/python3.11/site-packages/airflow/example_dags/example_params_ui_tutorial.py took 0.272 seconds
[2023-12-15T22:37:18.168+0500] {processor.py:157} INFO - Started process (PID=11219) to work on /home/amina/miniconda/lib/python3.11/site-packages/airflow/example_dags/example_params_ui_tutorial.py
[2023-12-15T22:37:18.209+0500] {processor.py:829} INFO - Processing file /home/amina/miniconda/lib/python3.11/site-packages/airflow/example_dags/example_params_ui_tutorial.py for tasks to queue
[2023-12-15T22:37:18.210+0500] {logging_mixin.py:154} INFO - [2023-12-15T22:37:18.210+0500] {dagbag.py:536} INFO - Filling up the DagBag from /home/amina/miniconda/lib/python3.11/site-packages/airflow/example_dags/example_params_ui_tutorial.py
[2023-12-15T22:37:18.254+0500] {processor.py:839} INFO - DAG(s) dict_keys(['example_params_ui_tutorial']) retrieved from /home/amina/miniconda/lib/python3.11/site-packages/airflow/example_dags/example_params_ui_tutorial.py
[2023-12-15T22:37:18.321+0500] {logging_mixin.py:154} INFO - [2023-12-15T22:37:18.321+0500] {dag.py:2941} INFO - Sync 1 DAGs
[2023-12-15T22:37:18.333+0500] {logging_mixin.py:154} INFO - [2023-12-15T22:37:18.333+0500] {dag.py:3722} INFO - Setting next_dagrun for example_params_ui_tutorial to None, run_after=None
[2023-12-15T22:37:18.694+0500] {processor.py:179} INFO - Processing /home/amina/miniconda/lib/python3.11/site-packages/airflow/example_dags/example_params_ui_tutorial.py took 0.530 seconds
[2023-12-15T22:38:37.883+0500] {processor.py:157} INFO - Started process (PID=11303) to work on /home/amina/miniconda/lib/python3.11/site-packages/airflow/example_dags/example_params_ui_tutorial.py
[2023-12-15T22:38:37.945+0500] {processor.py:829} INFO - Processing file /home/amina/miniconda/lib/python3.11/site-packages/airflow/example_dags/example_params_ui_tutorial.py for tasks to queue
[2023-12-15T22:38:37.946+0500] {logging_mixin.py:154} INFO - [2023-12-15T22:38:37.946+0500] {dagbag.py:536} INFO - Filling up the DagBag from /home/amina/miniconda/lib/python3.11/site-packages/airflow/example_dags/example_params_ui_tutorial.py
[2023-12-15T22:38:37.986+0500] {processor.py:839} INFO - DAG(s) dict_keys(['example_params_ui_tutorial']) retrieved from /home/amina/miniconda/lib/python3.11/site-packages/airflow/example_dags/example_params_ui_tutorial.py
[2023-12-15T22:38:38.046+0500] {logging_mixin.py:154} INFO - [2023-12-15T22:38:38.045+0500] {dag.py:2941} INFO - Sync 1 DAGs
[2023-12-15T22:38:38.058+0500] {logging_mixin.py:154} INFO - [2023-12-15T22:38:38.058+0500] {dag.py:3722} INFO - Setting next_dagrun for example_params_ui_tutorial to None, run_after=None
[2023-12-15T22:38:38.172+0500] {processor.py:179} INFO - Processing /home/amina/miniconda/lib/python3.11/site-packages/airflow/example_dags/example_params_ui_tutorial.py took 0.292 seconds
[2023-12-15T22:39:57.626+0500] {processor.py:157} INFO - Started process (PID=11388) to work on /home/amina/miniconda/lib/python3.11/site-packages/airflow/example_dags/example_params_ui_tutorial.py
[2023-12-15T22:39:57.644+0500] {processor.py:829} INFO - Processing file /home/amina/miniconda/lib/python3.11/site-packages/airflow/example_dags/example_params_ui_tutorial.py for tasks to queue
[2023-12-15T22:39:57.644+0500] {logging_mixin.py:154} INFO - [2023-12-15T22:39:57.644+0500] {dagbag.py:536} INFO - Filling up the DagBag from /home/amina/miniconda/lib/python3.11/site-packages/airflow/example_dags/example_params_ui_tutorial.py
[2023-12-15T22:39:57.676+0500] {processor.py:839} INFO - DAG(s) dict_keys(['example_params_ui_tutorial']) retrieved from /home/amina/miniconda/lib/python3.11/site-packages/airflow/example_dags/example_params_ui_tutorial.py
[2023-12-15T22:39:57.727+0500] {logging_mixin.py:154} INFO - [2023-12-15T22:39:57.726+0500] {dag.py:2941} INFO - Sync 1 DAGs
[2023-12-15T22:39:57.737+0500] {logging_mixin.py:154} INFO - [2023-12-15T22:39:57.737+0500] {dag.py:3722} INFO - Setting next_dagrun for example_params_ui_tutorial to None, run_after=None
[2023-12-15T22:39:57.854+0500] {processor.py:179} INFO - Processing /home/amina/miniconda/lib/python3.11/site-packages/airflow/example_dags/example_params_ui_tutorial.py took 0.232 seconds
[2023-12-15T22:40:55.396+0500] {processor.py:157} INFO - Started process (PID=11522) to work on /home/amina/miniconda/lib/python3.11/site-packages/airflow/example_dags/example_params_ui_tutorial.py
[2023-12-15T22:40:55.448+0500] {processor.py:829} INFO - Processing file /home/amina/miniconda/lib/python3.11/site-packages/airflow/example_dags/example_params_ui_tutorial.py for tasks to queue
[2023-12-15T22:40:55.449+0500] {logging_mixin.py:154} INFO - [2023-12-15T22:40:55.448+0500] {dagbag.py:536} INFO - Filling up the DagBag from /home/amina/miniconda/lib/python3.11/site-packages/airflow/example_dags/example_params_ui_tutorial.py
[2023-12-15T22:40:55.487+0500] {processor.py:839} INFO - DAG(s) dict_keys(['example_params_ui_tutorial']) retrieved from /home/amina/miniconda/lib/python3.11/site-packages/airflow/example_dags/example_params_ui_tutorial.py
[2023-12-15T22:40:55.548+0500] {logging_mixin.py:154} INFO - [2023-12-15T22:40:55.547+0500] {dag.py:2941} INFO - Sync 1 DAGs
[2023-12-15T22:40:55.559+0500] {logging_mixin.py:154} INFO - [2023-12-15T22:40:55.559+0500] {dag.py:3722} INFO - Setting next_dagrun for example_params_ui_tutorial to None, run_after=None
[2023-12-15T22:40:55.649+0500] {processor.py:179} INFO - Processing /home/amina/miniconda/lib/python3.11/site-packages/airflow/example_dags/example_params_ui_tutorial.py took 0.256 seconds
[2023-12-15T22:41:50.001+0500] {processor.py:157} INFO - Started process (PID=11601) to work on /home/amina/miniconda/lib/python3.11/site-packages/airflow/example_dags/example_params_ui_tutorial.py
[2023-12-15T22:41:50.030+0500] {processor.py:829} INFO - Processing file /home/amina/miniconda/lib/python3.11/site-packages/airflow/example_dags/example_params_ui_tutorial.py for tasks to queue
[2023-12-15T22:41:50.031+0500] {logging_mixin.py:154} INFO - [2023-12-15T22:41:50.030+0500] {dagbag.py:536} INFO - Filling up the DagBag from /home/amina/miniconda/lib/python3.11/site-packages/airflow/example_dags/example_params_ui_tutorial.py
[2023-12-15T22:41:50.062+0500] {processor.py:839} INFO - DAG(s) dict_keys(['example_params_ui_tutorial']) retrieved from /home/amina/miniconda/lib/python3.11/site-packages/airflow/example_dags/example_params_ui_tutorial.py
[2023-12-15T22:41:50.107+0500] {logging_mixin.py:154} INFO - [2023-12-15T22:41:50.107+0500] {dag.py:2941} INFO - Sync 1 DAGs
[2023-12-15T22:41:50.117+0500] {logging_mixin.py:154} INFO - [2023-12-15T22:41:50.117+0500] {dag.py:3722} INFO - Setting next_dagrun for example_params_ui_tutorial to None, run_after=None
[2023-12-15T22:41:50.208+0500] {processor.py:179} INFO - Processing /home/amina/miniconda/lib/python3.11/site-packages/airflow/example_dags/example_params_ui_tutorial.py took 0.210 seconds
[2023-12-15T22:43:16.410+0500] {processor.py:157} INFO - Started process (PID=11683) to work on /home/amina/miniconda/lib/python3.11/site-packages/airflow/example_dags/example_params_ui_tutorial.py
[2023-12-15T22:43:16.447+0500] {processor.py:829} INFO - Processing file /home/amina/miniconda/lib/python3.11/site-packages/airflow/example_dags/example_params_ui_tutorial.py for tasks to queue
[2023-12-15T22:43:16.448+0500] {logging_mixin.py:154} INFO - [2023-12-15T22:43:16.447+0500] {dagbag.py:536} INFO - Filling up the DagBag from /home/amina/miniconda/lib/python3.11/site-packages/airflow/example_dags/example_params_ui_tutorial.py
[2023-12-15T22:43:16.480+0500] {processor.py:839} INFO - DAG(s) dict_keys(['example_params_ui_tutorial']) retrieved from /home/amina/miniconda/lib/python3.11/site-packages/airflow/example_dags/example_params_ui_tutorial.py
[2023-12-15T22:43:16.526+0500] {logging_mixin.py:154} INFO - [2023-12-15T22:43:16.526+0500] {dag.py:2941} INFO - Sync 1 DAGs
[2023-12-15T22:43:16.536+0500] {logging_mixin.py:154} INFO - [2023-12-15T22:43:16.536+0500] {dag.py:3722} INFO - Setting next_dagrun for example_params_ui_tutorial to None, run_after=None
[2023-12-15T22:43:17.324+0500] {processor.py:179} INFO - Processing /home/amina/miniconda/lib/python3.11/site-packages/airflow/example_dags/example_params_ui_tutorial.py took 0.917 seconds
[2023-12-15T22:44:16.541+0500] {processor.py:157} INFO - Started process (PID=11759) to work on /home/amina/miniconda/lib/python3.11/site-packages/airflow/example_dags/example_params_ui_tutorial.py
[2023-12-15T22:44:16.602+0500] {processor.py:829} INFO - Processing file /home/amina/miniconda/lib/python3.11/site-packages/airflow/example_dags/example_params_ui_tutorial.py for tasks to queue
[2023-12-15T22:44:16.603+0500] {logging_mixin.py:154} INFO - [2023-12-15T22:44:16.603+0500] {dagbag.py:536} INFO - Filling up the DagBag from /home/amina/miniconda/lib/python3.11/site-packages/airflow/example_dags/example_params_ui_tutorial.py
[2023-12-15T22:44:16.643+0500] {processor.py:839} INFO - DAG(s) dict_keys(['example_params_ui_tutorial']) retrieved from /home/amina/miniconda/lib/python3.11/site-packages/airflow/example_dags/example_params_ui_tutorial.py
[2023-12-15T22:44:16.688+0500] {logging_mixin.py:154} INFO - [2023-12-15T22:44:16.688+0500] {dag.py:2941} INFO - Sync 1 DAGs
[2023-12-15T22:44:16.698+0500] {logging_mixin.py:154} INFO - [2023-12-15T22:44:16.698+0500] {dag.py:3722} INFO - Setting next_dagrun for example_params_ui_tutorial to None, run_after=None
[2023-12-15T22:44:16.793+0500] {processor.py:179} INFO - Processing /home/amina/miniconda/lib/python3.11/site-packages/airflow/example_dags/example_params_ui_tutorial.py took 0.256 seconds
[2023-12-15T22:45:37.137+0500] {processor.py:157} INFO - Started process (PID=11854) to work on /home/amina/miniconda/lib/python3.11/site-packages/airflow/example_dags/example_params_ui_tutorial.py
[2023-12-15T22:45:37.194+0500] {processor.py:829} INFO - Processing file /home/amina/miniconda/lib/python3.11/site-packages/airflow/example_dags/example_params_ui_tutorial.py for tasks to queue
[2023-12-15T22:45:37.195+0500] {logging_mixin.py:154} INFO - [2023-12-15T22:45:37.195+0500] {dagbag.py:536} INFO - Filling up the DagBag from /home/amina/miniconda/lib/python3.11/site-packages/airflow/example_dags/example_params_ui_tutorial.py
[2023-12-15T22:45:37.229+0500] {processor.py:839} INFO - DAG(s) dict_keys(['example_params_ui_tutorial']) retrieved from /home/amina/miniconda/lib/python3.11/site-packages/airflow/example_dags/example_params_ui_tutorial.py
[2023-12-15T22:45:37.275+0500] {logging_mixin.py:154} INFO - [2023-12-15T22:45:37.274+0500] {dag.py:2941} INFO - Sync 1 DAGs
[2023-12-15T22:45:37.285+0500] {logging_mixin.py:154} INFO - [2023-12-15T22:45:37.285+0500] {dag.py:3722} INFO - Setting next_dagrun for example_params_ui_tutorial to None, run_after=None
[2023-12-15T22:45:37.375+0500] {processor.py:179} INFO - Processing /home/amina/miniconda/lib/python3.11/site-packages/airflow/example_dags/example_params_ui_tutorial.py took 0.241 seconds
[2023-12-15T22:47:00.943+0500] {processor.py:157} INFO - Started process (PID=11955) to work on /home/amina/miniconda/lib/python3.11/site-packages/airflow/example_dags/example_params_ui_tutorial.py
[2023-12-15T22:47:01.009+0500] {processor.py:829} INFO - Processing file /home/amina/miniconda/lib/python3.11/site-packages/airflow/example_dags/example_params_ui_tutorial.py for tasks to queue
[2023-12-15T22:47:01.010+0500] {logging_mixin.py:154} INFO - [2023-12-15T22:47:01.010+0500] {dagbag.py:536} INFO - Filling up the DagBag from /home/amina/miniconda/lib/python3.11/site-packages/airflow/example_dags/example_params_ui_tutorial.py
[2023-12-15T22:47:01.043+0500] {processor.py:839} INFO - DAG(s) dict_keys(['example_params_ui_tutorial']) retrieved from /home/amina/miniconda/lib/python3.11/site-packages/airflow/example_dags/example_params_ui_tutorial.py
[2023-12-15T22:47:01.099+0500] {logging_mixin.py:154} INFO - [2023-12-15T22:47:01.099+0500] {dag.py:2941} INFO - Sync 1 DAGs
[2023-12-15T22:47:01.115+0500] {logging_mixin.py:154} INFO - [2023-12-15T22:47:01.114+0500] {dag.py:3722} INFO - Setting next_dagrun for example_params_ui_tutorial to None, run_after=None
[2023-12-15T22:47:01.212+0500] {processor.py:179} INFO - Processing /home/amina/miniconda/lib/python3.11/site-packages/airflow/example_dags/example_params_ui_tutorial.py took 0.272 seconds
[2023-12-15T22:47:58.189+0500] {processor.py:157} INFO - Started process (PID=12045) to work on /home/amina/miniconda/lib/python3.11/site-packages/airflow/example_dags/example_params_ui_tutorial.py
[2023-12-15T22:47:58.252+0500] {processor.py:829} INFO - Processing file /home/amina/miniconda/lib/python3.11/site-packages/airflow/example_dags/example_params_ui_tutorial.py for tasks to queue
[2023-12-15T22:47:58.253+0500] {logging_mixin.py:154} INFO - [2023-12-15T22:47:58.253+0500] {dagbag.py:536} INFO - Filling up the DagBag from /home/amina/miniconda/lib/python3.11/site-packages/airflow/example_dags/example_params_ui_tutorial.py
[2023-12-15T22:47:58.285+0500] {processor.py:839} INFO - DAG(s) dict_keys(['example_params_ui_tutorial']) retrieved from /home/amina/miniconda/lib/python3.11/site-packages/airflow/example_dags/example_params_ui_tutorial.py
[2023-12-15T22:47:58.330+0500] {logging_mixin.py:154} INFO - [2023-12-15T22:47:58.330+0500] {dag.py:2941} INFO - Sync 1 DAGs
[2023-12-15T22:47:58.340+0500] {logging_mixin.py:154} INFO - [2023-12-15T22:47:58.340+0500] {dag.py:3722} INFO - Setting next_dagrun for example_params_ui_tutorial to None, run_after=None
[2023-12-15T22:47:58.427+0500] {processor.py:179} INFO - Processing /home/amina/miniconda/lib/python3.11/site-packages/airflow/example_dags/example_params_ui_tutorial.py took 0.241 seconds
[2023-12-15T22:50:00.355+0500] {processor.py:157} INFO - Started process (PID=12234) to work on /home/amina/miniconda/lib/python3.11/site-packages/airflow/example_dags/example_params_ui_tutorial.py
[2023-12-15T22:50:00.392+0500] {processor.py:829} INFO - Processing file /home/amina/miniconda/lib/python3.11/site-packages/airflow/example_dags/example_params_ui_tutorial.py for tasks to queue
[2023-12-15T22:50:00.393+0500] {logging_mixin.py:154} INFO - [2023-12-15T22:50:00.392+0500] {dagbag.py:536} INFO - Filling up the DagBag from /home/amina/miniconda/lib/python3.11/site-packages/airflow/example_dags/example_params_ui_tutorial.py
[2023-12-15T22:50:00.429+0500] {processor.py:839} INFO - DAG(s) dict_keys(['example_params_ui_tutorial']) retrieved from /home/amina/miniconda/lib/python3.11/site-packages/airflow/example_dags/example_params_ui_tutorial.py
[2023-12-15T22:50:00.481+0500] {logging_mixin.py:154} INFO - [2023-12-15T22:50:00.480+0500] {dag.py:2941} INFO - Sync 1 DAGs
[2023-12-15T22:50:00.492+0500] {logging_mixin.py:154} INFO - [2023-12-15T22:50:00.492+0500] {dag.py:3722} INFO - Setting next_dagrun for example_params_ui_tutorial to None, run_after=None
[2023-12-15T22:50:00.578+0500] {processor.py:179} INFO - Processing /home/amina/miniconda/lib/python3.11/site-packages/airflow/example_dags/example_params_ui_tutorial.py took 0.226 seconds
[2023-12-15T22:50:59.416+0500] {processor.py:157} INFO - Started process (PID=12333) to work on /home/amina/miniconda/lib/python3.11/site-packages/airflow/example_dags/example_params_ui_tutorial.py
[2023-12-15T22:50:59.440+0500] {processor.py:829} INFO - Processing file /home/amina/miniconda/lib/python3.11/site-packages/airflow/example_dags/example_params_ui_tutorial.py for tasks to queue
[2023-12-15T22:50:59.441+0500] {logging_mixin.py:154} INFO - [2023-12-15T22:50:59.441+0500] {dagbag.py:536} INFO - Filling up the DagBag from /home/amina/miniconda/lib/python3.11/site-packages/airflow/example_dags/example_params_ui_tutorial.py
[2023-12-15T22:50:59.480+0500] {processor.py:839} INFO - DAG(s) dict_keys(['example_params_ui_tutorial']) retrieved from /home/amina/miniconda/lib/python3.11/site-packages/airflow/example_dags/example_params_ui_tutorial.py
[2023-12-15T22:50:59.530+0500] {logging_mixin.py:154} INFO - [2023-12-15T22:50:59.530+0500] {dag.py:2941} INFO - Sync 1 DAGs
[2023-12-15T22:50:59.542+0500] {logging_mixin.py:154} INFO - [2023-12-15T22:50:59.542+0500] {dag.py:3722} INFO - Setting next_dagrun for example_params_ui_tutorial to None, run_after=None
[2023-12-15T22:50:59.649+0500] {processor.py:179} INFO - Processing /home/amina/miniconda/lib/python3.11/site-packages/airflow/example_dags/example_params_ui_tutorial.py took 0.237 seconds
[2023-12-15T22:52:21.673+0500] {processor.py:157} INFO - Started process (PID=12418) to work on /home/amina/miniconda/lib/python3.11/site-packages/airflow/example_dags/example_params_ui_tutorial.py
[2023-12-15T22:52:21.682+0500] {processor.py:829} INFO - Processing file /home/amina/miniconda/lib/python3.11/site-packages/airflow/example_dags/example_params_ui_tutorial.py for tasks to queue
[2023-12-15T22:52:21.683+0500] {logging_mixin.py:154} INFO - [2023-12-15T22:52:21.683+0500] {dagbag.py:536} INFO - Filling up the DagBag from /home/amina/miniconda/lib/python3.11/site-packages/airflow/example_dags/example_params_ui_tutorial.py
[2023-12-15T22:52:21.719+0500] {processor.py:839} INFO - DAG(s) dict_keys(['example_params_ui_tutorial']) retrieved from /home/amina/miniconda/lib/python3.11/site-packages/airflow/example_dags/example_params_ui_tutorial.py
[2023-12-15T22:52:21.773+0500] {logging_mixin.py:154} INFO - [2023-12-15T22:52:21.773+0500] {dag.py:2941} INFO - Sync 1 DAGs
[2023-12-15T22:52:21.785+0500] {logging_mixin.py:154} INFO - [2023-12-15T22:52:21.785+0500] {dag.py:3722} INFO - Setting next_dagrun for example_params_ui_tutorial to None, run_after=None
[2023-12-15T22:52:21.897+0500] {processor.py:179} INFO - Processing /home/amina/miniconda/lib/python3.11/site-packages/airflow/example_dags/example_params_ui_tutorial.py took 0.228 seconds
[2023-12-15T22:53:41.938+0500] {processor.py:157} INFO - Started process (PID=12520) to work on /home/amina/miniconda/lib/python3.11/site-packages/airflow/example_dags/example_params_ui_tutorial.py
[2023-12-15T22:53:42.009+0500] {processor.py:829} INFO - Processing file /home/amina/miniconda/lib/python3.11/site-packages/airflow/example_dags/example_params_ui_tutorial.py for tasks to queue
[2023-12-15T22:53:42.010+0500] {logging_mixin.py:154} INFO - [2023-12-15T22:53:42.010+0500] {dagbag.py:536} INFO - Filling up the DagBag from /home/amina/miniconda/lib/python3.11/site-packages/airflow/example_dags/example_params_ui_tutorial.py
[2023-12-15T22:53:42.052+0500] {processor.py:839} INFO - DAG(s) dict_keys(['example_params_ui_tutorial']) retrieved from /home/amina/miniconda/lib/python3.11/site-packages/airflow/example_dags/example_params_ui_tutorial.py
[2023-12-15T22:53:42.111+0500] {logging_mixin.py:154} INFO - [2023-12-15T22:53:42.111+0500] {dag.py:2941} INFO - Sync 1 DAGs
[2023-12-15T22:53:42.124+0500] {logging_mixin.py:154} INFO - [2023-12-15T22:53:42.124+0500] {dag.py:3722} INFO - Setting next_dagrun for example_params_ui_tutorial to None, run_after=None
[2023-12-15T22:53:42.214+0500] {processor.py:179} INFO - Processing /home/amina/miniconda/lib/python3.11/site-packages/airflow/example_dags/example_params_ui_tutorial.py took 0.281 seconds
[2023-12-15T22:54:58.608+0500] {processor.py:157} INFO - Started process (PID=12599) to work on /home/amina/miniconda/lib/python3.11/site-packages/airflow/example_dags/example_params_ui_tutorial.py
[2023-12-15T22:54:58.625+0500] {processor.py:829} INFO - Processing file /home/amina/miniconda/lib/python3.11/site-packages/airflow/example_dags/example_params_ui_tutorial.py for tasks to queue
[2023-12-15T22:54:58.626+0500] {logging_mixin.py:154} INFO - [2023-12-15T22:54:58.626+0500] {dagbag.py:536} INFO - Filling up the DagBag from /home/amina/miniconda/lib/python3.11/site-packages/airflow/example_dags/example_params_ui_tutorial.py
[2023-12-15T22:54:58.664+0500] {processor.py:839} INFO - DAG(s) dict_keys(['example_params_ui_tutorial']) retrieved from /home/amina/miniconda/lib/python3.11/site-packages/airflow/example_dags/example_params_ui_tutorial.py
[2023-12-15T22:54:58.716+0500] {logging_mixin.py:154} INFO - [2023-12-15T22:54:58.716+0500] {dag.py:2941} INFO - Sync 1 DAGs
[2023-12-15T22:54:58.729+0500] {logging_mixin.py:154} INFO - [2023-12-15T22:54:58.728+0500] {dag.py:3722} INFO - Setting next_dagrun for example_params_ui_tutorial to None, run_after=None
[2023-12-15T22:54:58.830+0500] {processor.py:179} INFO - Processing /home/amina/miniconda/lib/python3.11/site-packages/airflow/example_dags/example_params_ui_tutorial.py took 0.225 seconds
