[2023-12-15T21:43:30.133+0500] {processor.py:157} INFO - Started process (PID=7505) to work on /home/amina/miniconda/lib/python3.11/site-packages/airflow/example_dags/example_complex.py
[2023-12-15T21:43:30.135+0500] {processor.py:829} INFO - Processing file /home/amina/miniconda/lib/python3.11/site-packages/airflow/example_dags/example_complex.py for tasks to queue
[2023-12-15T21:43:30.137+0500] {logging_mixin.py:154} INFO - [2023-12-15T21:43:30.136+0500] {dagbag.py:536} INFO - Filling up the DagBag from /home/amina/miniconda/lib/python3.11/site-packages/airflow/example_dags/example_complex.py
[2023-12-15T21:43:30.149+0500] {processor.py:839} INFO - DAG(s) dict_keys(['example_complex']) retrieved from /home/amina/miniconda/lib/python3.11/site-packages/airflow/example_dags/example_complex.py
[2023-12-15T21:43:30.185+0500] {logging_mixin.py:154} INFO - [2023-12-15T21:43:30.185+0500] {dag.py:2941} INFO - Sync 1 DAGs
[2023-12-15T21:43:30.200+0500] {logging_mixin.py:154} INFO - [2023-12-15T21:43:30.200+0500] {dag.py:3722} INFO - Setting next_dagrun for example_complex to None, run_after=None
[2023-12-15T21:43:30.369+0500] {processor.py:179} INFO - Processing /home/amina/miniconda/lib/python3.11/site-packages/airflow/example_dags/example_complex.py took 0.239 seconds
[2023-12-15T21:44:26.534+0500] {processor.py:157} INFO - Started process (PID=7558) to work on /home/amina/miniconda/lib/python3.11/site-packages/airflow/example_dags/example_complex.py
[2023-12-15T21:44:26.565+0500] {processor.py:829} INFO - Processing file /home/amina/miniconda/lib/python3.11/site-packages/airflow/example_dags/example_complex.py for tasks to queue
[2023-12-15T21:44:26.567+0500] {logging_mixin.py:154} INFO - [2023-12-15T21:44:26.566+0500] {dagbag.py:536} INFO - Filling up the DagBag from /home/amina/miniconda/lib/python3.11/site-packages/airflow/example_dags/example_complex.py
[2023-12-15T21:44:26.587+0500] {processor.py:839} INFO - DAG(s) dict_keys(['example_complex']) retrieved from /home/amina/miniconda/lib/python3.11/site-packages/airflow/example_dags/example_complex.py
[2023-12-15T21:44:26.628+0500] {logging_mixin.py:154} INFO - [2023-12-15T21:44:26.627+0500] {dag.py:2941} INFO - Sync 1 DAGs
[2023-12-15T21:44:26.750+0500] {logging_mixin.py:154} INFO - [2023-12-15T21:44:26.749+0500] {dag.py:3722} INFO - Setting next_dagrun for example_complex to None, run_after=None
[2023-12-15T21:44:26.897+0500] {processor.py:179} INFO - Processing /home/amina/miniconda/lib/python3.11/site-packages/airflow/example_dags/example_complex.py took 0.368 seconds
[2023-12-15T21:48:07.272+0500] {processor.py:157} INFO - Started process (PID=7755) to work on /home/amina/miniconda/lib/python3.11/site-packages/airflow/example_dags/example_complex.py
[2023-12-15T21:48:07.317+0500] {processor.py:829} INFO - Processing file /home/amina/miniconda/lib/python3.11/site-packages/airflow/example_dags/example_complex.py for tasks to queue
[2023-12-15T21:48:07.318+0500] {logging_mixin.py:154} INFO - [2023-12-15T21:48:07.318+0500] {dagbag.py:536} INFO - Filling up the DagBag from /home/amina/miniconda/lib/python3.11/site-packages/airflow/example_dags/example_complex.py
[2023-12-15T21:48:07.330+0500] {processor.py:839} INFO - DAG(s) dict_keys(['example_complex']) retrieved from /home/amina/miniconda/lib/python3.11/site-packages/airflow/example_dags/example_complex.py
[2023-12-15T21:48:07.361+0500] {logging_mixin.py:154} INFO - [2023-12-15T21:48:07.361+0500] {dag.py:2941} INFO - Sync 1 DAGs
[2023-12-15T21:48:07.373+0500] {logging_mixin.py:154} INFO - [2023-12-15T21:48:07.373+0500] {dag.py:3722} INFO - Setting next_dagrun for example_complex to None, run_after=None
[2023-12-15T21:48:07.521+0500] {processor.py:179} INFO - Processing /home/amina/miniconda/lib/python3.11/site-packages/airflow/example_dags/example_complex.py took 0.253 seconds
[2023-12-15T21:49:18.975+0500] {processor.py:157} INFO - Started process (PID=7854) to work on /home/amina/miniconda/lib/python3.11/site-packages/airflow/example_dags/example_complex.py
[2023-12-15T21:49:19.007+0500] {processor.py:829} INFO - Processing file /home/amina/miniconda/lib/python3.11/site-packages/airflow/example_dags/example_complex.py for tasks to queue
[2023-12-15T21:49:19.008+0500] {logging_mixin.py:154} INFO - [2023-12-15T21:49:19.008+0500] {dagbag.py:536} INFO - Filling up the DagBag from /home/amina/miniconda/lib/python3.11/site-packages/airflow/example_dags/example_complex.py
[2023-12-15T21:49:19.019+0500] {processor.py:839} INFO - DAG(s) dict_keys(['example_complex']) retrieved from /home/amina/miniconda/lib/python3.11/site-packages/airflow/example_dags/example_complex.py
[2023-12-15T21:49:19.042+0500] {logging_mixin.py:154} INFO - [2023-12-15T21:49:19.042+0500] {dag.py:2941} INFO - Sync 1 DAGs
[2023-12-15T21:49:19.052+0500] {logging_mixin.py:154} INFO - [2023-12-15T21:49:19.052+0500] {dag.py:3722} INFO - Setting next_dagrun for example_complex to None, run_after=None
[2023-12-15T21:49:19.162+0500] {processor.py:179} INFO - Processing /home/amina/miniconda/lib/python3.11/site-packages/airflow/example_dags/example_complex.py took 0.191 seconds
[2023-12-15T21:50:26.239+0500] {processor.py:157} INFO - Started process (PID=7918) to work on /home/amina/miniconda/lib/python3.11/site-packages/airflow/example_dags/example_complex.py
[2023-12-15T21:50:26.279+0500] {processor.py:829} INFO - Processing file /home/amina/miniconda/lib/python3.11/site-packages/airflow/example_dags/example_complex.py for tasks to queue
[2023-12-15T21:50:26.280+0500] {logging_mixin.py:154} INFO - [2023-12-15T21:50:26.280+0500] {dagbag.py:536} INFO - Filling up the DagBag from /home/amina/miniconda/lib/python3.11/site-packages/airflow/example_dags/example_complex.py
[2023-12-15T21:50:26.295+0500] {processor.py:839} INFO - DAG(s) dict_keys(['example_complex']) retrieved from /home/amina/miniconda/lib/python3.11/site-packages/airflow/example_dags/example_complex.py
[2023-12-15T21:50:26.331+0500] {logging_mixin.py:154} INFO - [2023-12-15T21:50:26.330+0500] {dag.py:2941} INFO - Sync 1 DAGs
[2023-12-15T21:50:26.347+0500] {logging_mixin.py:154} INFO - [2023-12-15T21:50:26.346+0500] {dag.py:3722} INFO - Setting next_dagrun for example_complex to None, run_after=None
[2023-12-15T21:50:26.463+0500] {processor.py:179} INFO - Processing /home/amina/miniconda/lib/python3.11/site-packages/airflow/example_dags/example_complex.py took 0.227 seconds
[2023-12-15T21:52:20.306+0500] {processor.py:157} INFO - Started process (PID=8091) to work on /home/amina/miniconda/lib/python3.11/site-packages/airflow/example_dags/example_complex.py
[2023-12-15T21:52:20.332+0500] {processor.py:829} INFO - Processing file /home/amina/miniconda/lib/python3.11/site-packages/airflow/example_dags/example_complex.py for tasks to queue
[2023-12-15T21:52:20.333+0500] {logging_mixin.py:154} INFO - [2023-12-15T21:52:20.333+0500] {dagbag.py:536} INFO - Filling up the DagBag from /home/amina/miniconda/lib/python3.11/site-packages/airflow/example_dags/example_complex.py
[2023-12-15T21:52:20.345+0500] {processor.py:839} INFO - DAG(s) dict_keys(['example_complex']) retrieved from /home/amina/miniconda/lib/python3.11/site-packages/airflow/example_dags/example_complex.py
[2023-12-15T21:52:20.375+0500] {logging_mixin.py:154} INFO - [2023-12-15T21:52:20.375+0500] {dag.py:2941} INFO - Sync 1 DAGs
[2023-12-15T21:52:20.394+0500] {logging_mixin.py:154} INFO - [2023-12-15T21:52:20.394+0500] {dag.py:3722} INFO - Setting next_dagrun for example_complex to None, run_after=None
[2023-12-15T21:52:20.517+0500] {processor.py:179} INFO - Processing /home/amina/miniconda/lib/python3.11/site-packages/airflow/example_dags/example_complex.py took 0.215 seconds
[2023-12-15T21:53:32.094+0500] {processor.py:157} INFO - Started process (PID=8166) to work on /home/amina/miniconda/lib/python3.11/site-packages/airflow/example_dags/example_complex.py
[2023-12-15T21:53:32.129+0500] {processor.py:829} INFO - Processing file /home/amina/miniconda/lib/python3.11/site-packages/airflow/example_dags/example_complex.py for tasks to queue
[2023-12-15T21:53:32.130+0500] {logging_mixin.py:154} INFO - [2023-12-15T21:53:32.130+0500] {dagbag.py:536} INFO - Filling up the DagBag from /home/amina/miniconda/lib/python3.11/site-packages/airflow/example_dags/example_complex.py
[2023-12-15T21:53:32.144+0500] {processor.py:839} INFO - DAG(s) dict_keys(['example_complex']) retrieved from /home/amina/miniconda/lib/python3.11/site-packages/airflow/example_dags/example_complex.py
[2023-12-15T21:53:32.195+0500] {logging_mixin.py:154} INFO - [2023-12-15T21:53:32.195+0500] {dag.py:2941} INFO - Sync 1 DAGs
[2023-12-15T21:53:32.220+0500] {logging_mixin.py:154} INFO - [2023-12-15T21:53:32.220+0500] {dag.py:3722} INFO - Setting next_dagrun for example_complex to None, run_after=None
[2023-12-15T21:53:32.361+0500] {processor.py:179} INFO - Processing /home/amina/miniconda/lib/python3.11/site-packages/airflow/example_dags/example_complex.py took 0.270 seconds
[2023-12-15T21:54:23.432+0500] {processor.py:157} INFO - Started process (PID=8227) to work on /home/amina/miniconda/lib/python3.11/site-packages/airflow/example_dags/example_complex.py
[2023-12-15T21:54:23.459+0500] {processor.py:829} INFO - Processing file /home/amina/miniconda/lib/python3.11/site-packages/airflow/example_dags/example_complex.py for tasks to queue
[2023-12-15T21:54:23.460+0500] {logging_mixin.py:154} INFO - [2023-12-15T21:54:23.459+0500] {dagbag.py:536} INFO - Filling up the DagBag from /home/amina/miniconda/lib/python3.11/site-packages/airflow/example_dags/example_complex.py
[2023-12-15T21:54:23.470+0500] {processor.py:839} INFO - DAG(s) dict_keys(['example_complex']) retrieved from /home/amina/miniconda/lib/python3.11/site-packages/airflow/example_dags/example_complex.py
[2023-12-15T21:54:23.493+0500] {logging_mixin.py:154} INFO - [2023-12-15T21:54:23.493+0500] {dag.py:2941} INFO - Sync 1 DAGs
[2023-12-15T21:54:23.510+0500] {logging_mixin.py:154} INFO - [2023-12-15T21:54:23.510+0500] {dag.py:3722} INFO - Setting next_dagrun for example_complex to None, run_after=None
[2023-12-15T21:54:23.640+0500] {processor.py:179} INFO - Processing /home/amina/miniconda/lib/python3.11/site-packages/airflow/example_dags/example_complex.py took 0.211 seconds
[2023-12-15T21:55:11.944+0500] {processor.py:157} INFO - Started process (PID=8286) to work on /home/amina/miniconda/lib/python3.11/site-packages/airflow/example_dags/example_complex.py
[2023-12-15T21:55:11.975+0500] {processor.py:829} INFO - Processing file /home/amina/miniconda/lib/python3.11/site-packages/airflow/example_dags/example_complex.py for tasks to queue
[2023-12-15T21:55:11.976+0500] {logging_mixin.py:154} INFO - [2023-12-15T21:55:11.975+0500] {dagbag.py:536} INFO - Filling up the DagBag from /home/amina/miniconda/lib/python3.11/site-packages/airflow/example_dags/example_complex.py
[2023-12-15T21:55:11.989+0500] {processor.py:839} INFO - DAG(s) dict_keys(['example_complex']) retrieved from /home/amina/miniconda/lib/python3.11/site-packages/airflow/example_dags/example_complex.py
[2023-12-15T21:55:12.024+0500] {logging_mixin.py:154} INFO - [2023-12-15T21:55:12.023+0500] {dag.py:2941} INFO - Sync 1 DAGs
[2023-12-15T21:55:12.041+0500] {logging_mixin.py:154} INFO - [2023-12-15T21:55:12.041+0500] {dag.py:3722} INFO - Setting next_dagrun for example_complex to None, run_after=None
[2023-12-15T21:55:12.189+0500] {processor.py:179} INFO - Processing /home/amina/miniconda/lib/python3.11/site-packages/airflow/example_dags/example_complex.py took 0.248 seconds
[2023-12-15T21:56:19.115+0500] {processor.py:157} INFO - Started process (PID=8358) to work on /home/amina/miniconda/lib/python3.11/site-packages/airflow/example_dags/example_complex.py
[2023-12-15T21:56:19.151+0500] {processor.py:829} INFO - Processing file /home/amina/miniconda/lib/python3.11/site-packages/airflow/example_dags/example_complex.py for tasks to queue
[2023-12-15T21:56:19.152+0500] {logging_mixin.py:154} INFO - [2023-12-15T21:56:19.151+0500] {dagbag.py:536} INFO - Filling up the DagBag from /home/amina/miniconda/lib/python3.11/site-packages/airflow/example_dags/example_complex.py
[2023-12-15T21:56:19.162+0500] {processor.py:839} INFO - DAG(s) dict_keys(['example_complex']) retrieved from /home/amina/miniconda/lib/python3.11/site-packages/airflow/example_dags/example_complex.py
[2023-12-15T21:56:19.185+0500] {logging_mixin.py:154} INFO - [2023-12-15T21:56:19.185+0500] {dag.py:2941} INFO - Sync 1 DAGs
[2023-12-15T21:56:19.195+0500] {logging_mixin.py:154} INFO - [2023-12-15T21:56:19.195+0500] {dag.py:3722} INFO - Setting next_dagrun for example_complex to None, run_after=None
[2023-12-15T21:56:19.307+0500] {processor.py:179} INFO - Processing /home/amina/miniconda/lib/python3.11/site-packages/airflow/example_dags/example_complex.py took 0.194 seconds
[2023-12-15T21:57:11.204+0500] {processor.py:157} INFO - Started process (PID=8419) to work on /home/amina/miniconda/lib/python3.11/site-packages/airflow/example_dags/example_complex.py
[2023-12-15T21:57:11.242+0500] {processor.py:829} INFO - Processing file /home/amina/miniconda/lib/python3.11/site-packages/airflow/example_dags/example_complex.py for tasks to queue
[2023-12-15T21:57:11.243+0500] {logging_mixin.py:154} INFO - [2023-12-15T21:57:11.243+0500] {dagbag.py:536} INFO - Filling up the DagBag from /home/amina/miniconda/lib/python3.11/site-packages/airflow/example_dags/example_complex.py
[2023-12-15T21:57:11.254+0500] {processor.py:839} INFO - DAG(s) dict_keys(['example_complex']) retrieved from /home/amina/miniconda/lib/python3.11/site-packages/airflow/example_dags/example_complex.py
[2023-12-15T21:57:11.283+0500] {logging_mixin.py:154} INFO - [2023-12-15T21:57:11.283+0500] {dag.py:2941} INFO - Sync 1 DAGs
[2023-12-15T21:57:11.295+0500] {logging_mixin.py:154} INFO - [2023-12-15T21:57:11.295+0500] {dag.py:3722} INFO - Setting next_dagrun for example_complex to None, run_after=None
[2023-12-15T21:57:11.426+0500] {processor.py:179} INFO - Processing /home/amina/miniconda/lib/python3.11/site-packages/airflow/example_dags/example_complex.py took 0.226 seconds
[2023-12-15T21:58:04.733+0500] {processor.py:157} INFO - Started process (PID=8477) to work on /home/amina/miniconda/lib/python3.11/site-packages/airflow/example_dags/example_complex.py
[2023-12-15T21:58:04.755+0500] {processor.py:829} INFO - Processing file /home/amina/miniconda/lib/python3.11/site-packages/airflow/example_dags/example_complex.py for tasks to queue
[2023-12-15T21:58:04.756+0500] {logging_mixin.py:154} INFO - [2023-12-15T21:58:04.755+0500] {dagbag.py:536} INFO - Filling up the DagBag from /home/amina/miniconda/lib/python3.11/site-packages/airflow/example_dags/example_complex.py
[2023-12-15T21:58:04.766+0500] {processor.py:839} INFO - DAG(s) dict_keys(['example_complex']) retrieved from /home/amina/miniconda/lib/python3.11/site-packages/airflow/example_dags/example_complex.py
[2023-12-15T21:58:04.791+0500] {logging_mixin.py:154} INFO - [2023-12-15T21:58:04.791+0500] {dag.py:2941} INFO - Sync 1 DAGs
[2023-12-15T21:58:04.803+0500] {logging_mixin.py:154} INFO - [2023-12-15T21:58:04.802+0500] {dag.py:3722} INFO - Setting next_dagrun for example_complex to None, run_after=None
[2023-12-15T21:58:04.924+0500] {processor.py:179} INFO - Processing /home/amina/miniconda/lib/python3.11/site-packages/airflow/example_dags/example_complex.py took 0.194 seconds
[2023-12-15T21:59:00.692+0500] {processor.py:157} INFO - Started process (PID=8532) to work on /home/amina/miniconda/lib/python3.11/site-packages/airflow/example_dags/example_complex.py
[2023-12-15T21:59:00.708+0500] {processor.py:829} INFO - Processing file /home/amina/miniconda/lib/python3.11/site-packages/airflow/example_dags/example_complex.py for tasks to queue
[2023-12-15T21:59:00.709+0500] {logging_mixin.py:154} INFO - [2023-12-15T21:59:00.708+0500] {dagbag.py:536} INFO - Filling up the DagBag from /home/amina/miniconda/lib/python3.11/site-packages/airflow/example_dags/example_complex.py
[2023-12-15T21:59:00.719+0500] {processor.py:839} INFO - DAG(s) dict_keys(['example_complex']) retrieved from /home/amina/miniconda/lib/python3.11/site-packages/airflow/example_dags/example_complex.py
[2023-12-15T21:59:00.744+0500] {logging_mixin.py:154} INFO - [2023-12-15T21:59:00.744+0500] {dag.py:2941} INFO - Sync 1 DAGs
[2023-12-15T21:59:00.755+0500] {logging_mixin.py:154} INFO - [2023-12-15T21:59:00.755+0500] {dag.py:3722} INFO - Setting next_dagrun for example_complex to None, run_after=None
[2023-12-15T21:59:00.873+0500] {processor.py:179} INFO - Processing /home/amina/miniconda/lib/python3.11/site-packages/airflow/example_dags/example_complex.py took 0.184 seconds
[2023-12-15T21:59:52.646+0500] {processor.py:157} INFO - Started process (PID=8597) to work on /home/amina/miniconda/lib/python3.11/site-packages/airflow/example_dags/example_complex.py
[2023-12-15T21:59:52.687+0500] {processor.py:829} INFO - Processing file /home/amina/miniconda/lib/python3.11/site-packages/airflow/example_dags/example_complex.py for tasks to queue
[2023-12-15T21:59:52.688+0500] {logging_mixin.py:154} INFO - [2023-12-15T21:59:52.688+0500] {dagbag.py:536} INFO - Filling up the DagBag from /home/amina/miniconda/lib/python3.11/site-packages/airflow/example_dags/example_complex.py
[2023-12-15T21:59:52.700+0500] {processor.py:839} INFO - DAG(s) dict_keys(['example_complex']) retrieved from /home/amina/miniconda/lib/python3.11/site-packages/airflow/example_dags/example_complex.py
[2023-12-15T21:59:52.723+0500] {logging_mixin.py:154} INFO - [2023-12-15T21:59:52.723+0500] {dag.py:2941} INFO - Sync 1 DAGs
[2023-12-15T21:59:52.736+0500] {logging_mixin.py:154} INFO - [2023-12-15T21:59:52.735+0500] {dag.py:3722} INFO - Setting next_dagrun for example_complex to None, run_after=None
[2023-12-15T21:59:52.844+0500] {processor.py:179} INFO - Processing /home/amina/miniconda/lib/python3.11/site-packages/airflow/example_dags/example_complex.py took 0.201 seconds
[2023-12-15T22:00:47.590+0500] {processor.py:157} INFO - Started process (PID=8669) to work on /home/amina/miniconda/lib/python3.11/site-packages/airflow/example_dags/example_complex.py
[2023-12-15T22:00:47.593+0500] {processor.py:829} INFO - Processing file /home/amina/miniconda/lib/python3.11/site-packages/airflow/example_dags/example_complex.py for tasks to queue
[2023-12-15T22:00:47.594+0500] {logging_mixin.py:154} INFO - [2023-12-15T22:00:47.593+0500] {dagbag.py:536} INFO - Filling up the DagBag from /home/amina/miniconda/lib/python3.11/site-packages/airflow/example_dags/example_complex.py
[2023-12-15T22:00:47.605+0500] {processor.py:839} INFO - DAG(s) dict_keys(['example_complex']) retrieved from /home/amina/miniconda/lib/python3.11/site-packages/airflow/example_dags/example_complex.py
[2023-12-15T22:00:47.629+0500] {logging_mixin.py:154} INFO - [2023-12-15T22:00:47.629+0500] {dag.py:2941} INFO - Sync 1 DAGs
[2023-12-15T22:00:47.640+0500] {logging_mixin.py:154} INFO - [2023-12-15T22:00:47.640+0500] {dag.py:3722} INFO - Setting next_dagrun for example_complex to None, run_after=None
[2023-12-15T22:00:47.765+0500] {processor.py:179} INFO - Processing /home/amina/miniconda/lib/python3.11/site-packages/airflow/example_dags/example_complex.py took 0.179 seconds
[2023-12-15T22:01:40.585+0500] {processor.py:157} INFO - Started process (PID=8735) to work on /home/amina/miniconda/lib/python3.11/site-packages/airflow/example_dags/example_complex.py
[2023-12-15T22:01:40.601+0500] {processor.py:829} INFO - Processing file /home/amina/miniconda/lib/python3.11/site-packages/airflow/example_dags/example_complex.py for tasks to queue
[2023-12-15T22:01:40.602+0500] {logging_mixin.py:154} INFO - [2023-12-15T22:01:40.601+0500] {dagbag.py:536} INFO - Filling up the DagBag from /home/amina/miniconda/lib/python3.11/site-packages/airflow/example_dags/example_complex.py
[2023-12-15T22:01:40.616+0500] {processor.py:839} INFO - DAG(s) dict_keys(['example_complex']) retrieved from /home/amina/miniconda/lib/python3.11/site-packages/airflow/example_dags/example_complex.py
[2023-12-15T22:01:40.642+0500] {logging_mixin.py:154} INFO - [2023-12-15T22:01:40.642+0500] {dag.py:2941} INFO - Sync 1 DAGs
[2023-12-15T22:01:40.653+0500] {logging_mixin.py:154} INFO - [2023-12-15T22:01:40.653+0500] {dag.py:3722} INFO - Setting next_dagrun for example_complex to None, run_after=None
[2023-12-15T22:01:40.770+0500] {processor.py:179} INFO - Processing /home/amina/miniconda/lib/python3.11/site-packages/airflow/example_dags/example_complex.py took 0.188 seconds
[2023-12-15T22:02:31.183+0500] {processor.py:157} INFO - Started process (PID=8795) to work on /home/amina/miniconda/lib/python3.11/site-packages/airflow/example_dags/example_complex.py
[2023-12-15T22:02:31.201+0500] {processor.py:829} INFO - Processing file /home/amina/miniconda/lib/python3.11/site-packages/airflow/example_dags/example_complex.py for tasks to queue
[2023-12-15T22:02:31.201+0500] {logging_mixin.py:154} INFO - [2023-12-15T22:02:31.201+0500] {dagbag.py:536} INFO - Filling up the DagBag from /home/amina/miniconda/lib/python3.11/site-packages/airflow/example_dags/example_complex.py
[2023-12-15T22:02:31.212+0500] {processor.py:839} INFO - DAG(s) dict_keys(['example_complex']) retrieved from /home/amina/miniconda/lib/python3.11/site-packages/airflow/example_dags/example_complex.py
[2023-12-15T22:02:31.237+0500] {logging_mixin.py:154} INFO - [2023-12-15T22:02:31.236+0500] {dag.py:2941} INFO - Sync 1 DAGs
[2023-12-15T22:02:31.248+0500] {logging_mixin.py:154} INFO - [2023-12-15T22:02:31.247+0500] {dag.py:3722} INFO - Setting next_dagrun for example_complex to None, run_after=None
[2023-12-15T22:02:31.374+0500] {processor.py:179} INFO - Processing /home/amina/miniconda/lib/python3.11/site-packages/airflow/example_dags/example_complex.py took 0.194 seconds
[2023-12-15T22:03:21.643+0500] {processor.py:157} INFO - Started process (PID=8853) to work on /home/amina/miniconda/lib/python3.11/site-packages/airflow/example_dags/example_complex.py
[2023-12-15T22:03:21.644+0500] {processor.py:829} INFO - Processing file /home/amina/miniconda/lib/python3.11/site-packages/airflow/example_dags/example_complex.py for tasks to queue
[2023-12-15T22:03:21.645+0500] {logging_mixin.py:154} INFO - [2023-12-15T22:03:21.645+0500] {dagbag.py:536} INFO - Filling up the DagBag from /home/amina/miniconda/lib/python3.11/site-packages/airflow/example_dags/example_complex.py
[2023-12-15T22:03:21.657+0500] {processor.py:839} INFO - DAG(s) dict_keys(['example_complex']) retrieved from /home/amina/miniconda/lib/python3.11/site-packages/airflow/example_dags/example_complex.py
[2023-12-15T22:03:21.681+0500] {logging_mixin.py:154} INFO - [2023-12-15T22:03:21.681+0500] {dag.py:2941} INFO - Sync 1 DAGs
[2023-12-15T22:03:21.692+0500] {logging_mixin.py:154} INFO - [2023-12-15T22:03:21.691+0500] {dag.py:3722} INFO - Setting next_dagrun for example_complex to None, run_after=None
[2023-12-15T22:03:21.765+0500] {processor.py:179} INFO - Processing /home/amina/miniconda/lib/python3.11/site-packages/airflow/example_dags/example_complex.py took 0.126 seconds
[2023-12-15T22:04:39.402+0500] {processor.py:157} INFO - Started process (PID=8936) to work on /home/amina/miniconda/lib/python3.11/site-packages/airflow/example_dags/example_complex.py
[2023-12-15T22:04:39.407+0500] {processor.py:829} INFO - Processing file /home/amina/miniconda/lib/python3.11/site-packages/airflow/example_dags/example_complex.py for tasks to queue
[2023-12-15T22:04:39.408+0500] {logging_mixin.py:154} INFO - [2023-12-15T22:04:39.408+0500] {dagbag.py:536} INFO - Filling up the DagBag from /home/amina/miniconda/lib/python3.11/site-packages/airflow/example_dags/example_complex.py
[2023-12-15T22:04:39.423+0500] {processor.py:839} INFO - DAG(s) dict_keys(['example_complex']) retrieved from /home/amina/miniconda/lib/python3.11/site-packages/airflow/example_dags/example_complex.py
[2023-12-15T22:04:39.457+0500] {logging_mixin.py:154} INFO - [2023-12-15T22:04:39.457+0500] {dag.py:2941} INFO - Sync 1 DAGs
[2023-12-15T22:04:39.473+0500] {logging_mixin.py:154} INFO - [2023-12-15T22:04:39.473+0500] {dag.py:3722} INFO - Setting next_dagrun for example_complex to None, run_after=None
[2023-12-15T22:04:39.569+0500] {processor.py:179} INFO - Processing /home/amina/miniconda/lib/python3.11/site-packages/airflow/example_dags/example_complex.py took 0.171 seconds
[2023-12-15T22:05:39.862+0500] {processor.py:157} INFO - Started process (PID=9003) to work on /home/amina/miniconda/lib/python3.11/site-packages/airflow/example_dags/example_complex.py
[2023-12-15T22:05:39.908+0500] {processor.py:829} INFO - Processing file /home/amina/miniconda/lib/python3.11/site-packages/airflow/example_dags/example_complex.py for tasks to queue
[2023-12-15T22:05:39.909+0500] {logging_mixin.py:154} INFO - [2023-12-15T22:05:39.909+0500] {dagbag.py:536} INFO - Filling up the DagBag from /home/amina/miniconda/lib/python3.11/site-packages/airflow/example_dags/example_complex.py
[2023-12-15T22:05:39.923+0500] {processor.py:839} INFO - DAG(s) dict_keys(['example_complex']) retrieved from /home/amina/miniconda/lib/python3.11/site-packages/airflow/example_dags/example_complex.py
[2023-12-15T22:05:39.954+0500] {logging_mixin.py:154} INFO - [2023-12-15T22:05:39.953+0500] {dag.py:2941} INFO - Sync 1 DAGs
[2023-12-15T22:05:39.974+0500] {logging_mixin.py:154} INFO - [2023-12-15T22:05:39.973+0500] {dag.py:3722} INFO - Setting next_dagrun for example_complex to None, run_after=None
[2023-12-15T22:05:40.091+0500] {processor.py:179} INFO - Processing /home/amina/miniconda/lib/python3.11/site-packages/airflow/example_dags/example_complex.py took 0.232 seconds
[2023-12-15T22:06:38.245+0500] {processor.py:157} INFO - Started process (PID=9061) to work on /home/amina/miniconda/lib/python3.11/site-packages/airflow/example_dags/example_complex.py
[2023-12-15T22:06:38.282+0500] {processor.py:829} INFO - Processing file /home/amina/miniconda/lib/python3.11/site-packages/airflow/example_dags/example_complex.py for tasks to queue
[2023-12-15T22:06:38.282+0500] {logging_mixin.py:154} INFO - [2023-12-15T22:06:38.282+0500] {dagbag.py:536} INFO - Filling up the DagBag from /home/amina/miniconda/lib/python3.11/site-packages/airflow/example_dags/example_complex.py
[2023-12-15T22:06:38.298+0500] {processor.py:839} INFO - DAG(s) dict_keys(['example_complex']) retrieved from /home/amina/miniconda/lib/python3.11/site-packages/airflow/example_dags/example_complex.py
[2023-12-15T22:06:38.326+0500] {logging_mixin.py:154} INFO - [2023-12-15T22:06:38.326+0500] {dag.py:2941} INFO - Sync 1 DAGs
[2023-12-15T22:06:38.337+0500] {logging_mixin.py:154} INFO - [2023-12-15T22:06:38.337+0500] {dag.py:3722} INFO - Setting next_dagrun for example_complex to None, run_after=None
[2023-12-15T22:06:38.430+0500] {processor.py:179} INFO - Processing /home/amina/miniconda/lib/python3.11/site-packages/airflow/example_dags/example_complex.py took 0.188 seconds
[2023-12-15T22:07:45.248+0500] {processor.py:157} INFO - Started process (PID=9125) to work on /home/amina/miniconda/lib/python3.11/site-packages/airflow/example_dags/example_complex.py
[2023-12-15T22:07:45.290+0500] {processor.py:829} INFO - Processing file /home/amina/miniconda/lib/python3.11/site-packages/airflow/example_dags/example_complex.py for tasks to queue
[2023-12-15T22:07:45.290+0500] {logging_mixin.py:154} INFO - [2023-12-15T22:07:45.290+0500] {dagbag.py:536} INFO - Filling up the DagBag from /home/amina/miniconda/lib/python3.11/site-packages/airflow/example_dags/example_complex.py
[2023-12-15T22:07:45.301+0500] {processor.py:839} INFO - DAG(s) dict_keys(['example_complex']) retrieved from /home/amina/miniconda/lib/python3.11/site-packages/airflow/example_dags/example_complex.py
[2023-12-15T22:07:45.327+0500] {logging_mixin.py:154} INFO - [2023-12-15T22:07:45.327+0500] {dag.py:2941} INFO - Sync 1 DAGs
[2023-12-15T22:07:45.339+0500] {logging_mixin.py:154} INFO - [2023-12-15T22:07:45.338+0500] {dag.py:3722} INFO - Setting next_dagrun for example_complex to None, run_after=None
[2023-12-15T22:07:45.416+0500] {processor.py:179} INFO - Processing /home/amina/miniconda/lib/python3.11/site-packages/airflow/example_dags/example_complex.py took 0.170 seconds
[2023-12-15T22:08:44.378+0500] {processor.py:157} INFO - Started process (PID=9197) to work on /home/amina/miniconda/lib/python3.11/site-packages/airflow/example_dags/example_complex.py
[2023-12-15T22:08:44.435+0500] {processor.py:829} INFO - Processing file /home/amina/miniconda/lib/python3.11/site-packages/airflow/example_dags/example_complex.py for tasks to queue
[2023-12-15T22:08:44.437+0500] {logging_mixin.py:154} INFO - [2023-12-15T22:08:44.436+0500] {dagbag.py:536} INFO - Filling up the DagBag from /home/amina/miniconda/lib/python3.11/site-packages/airflow/example_dags/example_complex.py
[2023-12-15T22:08:44.447+0500] {processor.py:839} INFO - DAG(s) dict_keys(['example_complex']) retrieved from /home/amina/miniconda/lib/python3.11/site-packages/airflow/example_dags/example_complex.py
[2023-12-15T22:08:44.477+0500] {logging_mixin.py:154} INFO - [2023-12-15T22:08:44.477+0500] {dag.py:2941} INFO - Sync 1 DAGs
[2023-12-15T22:08:44.490+0500] {logging_mixin.py:154} INFO - [2023-12-15T22:08:44.489+0500] {dag.py:3722} INFO - Setting next_dagrun for example_complex to None, run_after=None
[2023-12-15T22:08:44.574+0500] {processor.py:179} INFO - Processing /home/amina/miniconda/lib/python3.11/site-packages/airflow/example_dags/example_complex.py took 0.200 seconds
[2023-12-15T22:09:47.133+0500] {processor.py:157} INFO - Started process (PID=9265) to work on /home/amina/miniconda/lib/python3.11/site-packages/airflow/example_dags/example_complex.py
[2023-12-15T22:09:47.150+0500] {processor.py:829} INFO - Processing file /home/amina/miniconda/lib/python3.11/site-packages/airflow/example_dags/example_complex.py for tasks to queue
[2023-12-15T22:09:47.151+0500] {logging_mixin.py:154} INFO - [2023-12-15T22:09:47.150+0500] {dagbag.py:536} INFO - Filling up the DagBag from /home/amina/miniconda/lib/python3.11/site-packages/airflow/example_dags/example_complex.py
[2023-12-15T22:09:47.165+0500] {processor.py:839} INFO - DAG(s) dict_keys(['example_complex']) retrieved from /home/amina/miniconda/lib/python3.11/site-packages/airflow/example_dags/example_complex.py
[2023-12-15T22:09:47.194+0500] {logging_mixin.py:154} INFO - [2023-12-15T22:09:47.193+0500] {dag.py:2941} INFO - Sync 1 DAGs
[2023-12-15T22:09:47.208+0500] {logging_mixin.py:154} INFO - [2023-12-15T22:09:47.208+0500] {dag.py:3722} INFO - Setting next_dagrun for example_complex to None, run_after=None
[2023-12-15T22:09:47.316+0500] {processor.py:179} INFO - Processing /home/amina/miniconda/lib/python3.11/site-packages/airflow/example_dags/example_complex.py took 0.185 seconds
[2023-12-15T22:10:57.657+0500] {processor.py:157} INFO - Started process (PID=9333) to work on /home/amina/miniconda/lib/python3.11/site-packages/airflow/example_dags/example_complex.py
[2023-12-15T22:10:57.671+0500] {processor.py:829} INFO - Processing file /home/amina/miniconda/lib/python3.11/site-packages/airflow/example_dags/example_complex.py for tasks to queue
[2023-12-15T22:10:57.672+0500] {logging_mixin.py:154} INFO - [2023-12-15T22:10:57.672+0500] {dagbag.py:536} INFO - Filling up the DagBag from /home/amina/miniconda/lib/python3.11/site-packages/airflow/example_dags/example_complex.py
[2023-12-15T22:10:57.683+0500] {processor.py:839} INFO - DAG(s) dict_keys(['example_complex']) retrieved from /home/amina/miniconda/lib/python3.11/site-packages/airflow/example_dags/example_complex.py
[2023-12-15T22:10:57.711+0500] {logging_mixin.py:154} INFO - [2023-12-15T22:10:57.710+0500] {dag.py:2941} INFO - Sync 1 DAGs
[2023-12-15T22:10:57.725+0500] {logging_mixin.py:154} INFO - [2023-12-15T22:10:57.725+0500] {dag.py:3722} INFO - Setting next_dagrun for example_complex to None, run_after=None
[2023-12-15T22:10:57.835+0500] {processor.py:179} INFO - Processing /home/amina/miniconda/lib/python3.11/site-packages/airflow/example_dags/example_complex.py took 0.184 seconds
[2023-12-15T22:11:54.520+0500] {processor.py:157} INFO - Started process (PID=9394) to work on /home/amina/miniconda/lib/python3.11/site-packages/airflow/example_dags/example_complex.py
[2023-12-15T22:11:54.533+0500] {processor.py:829} INFO - Processing file /home/amina/miniconda/lib/python3.11/site-packages/airflow/example_dags/example_complex.py for tasks to queue
[2023-12-15T22:11:54.534+0500] {logging_mixin.py:154} INFO - [2023-12-15T22:11:54.534+0500] {dagbag.py:536} INFO - Filling up the DagBag from /home/amina/miniconda/lib/python3.11/site-packages/airflow/example_dags/example_complex.py
[2023-12-15T22:11:54.546+0500] {processor.py:839} INFO - DAG(s) dict_keys(['example_complex']) retrieved from /home/amina/miniconda/lib/python3.11/site-packages/airflow/example_dags/example_complex.py
[2023-12-15T22:11:54.575+0500] {logging_mixin.py:154} INFO - [2023-12-15T22:11:54.575+0500] {dag.py:2941} INFO - Sync 1 DAGs
[2023-12-15T22:11:54.588+0500] {logging_mixin.py:154} INFO - [2023-12-15T22:11:54.588+0500] {dag.py:3722} INFO - Setting next_dagrun for example_complex to None, run_after=None
[2023-12-15T22:11:54.721+0500] {processor.py:179} INFO - Processing /home/amina/miniconda/lib/python3.11/site-packages/airflow/example_dags/example_complex.py took 0.206 seconds
[2023-12-15T22:12:53.344+0500] {processor.py:157} INFO - Started process (PID=9456) to work on /home/amina/miniconda/lib/python3.11/site-packages/airflow/example_dags/example_complex.py
[2023-12-15T22:12:53.373+0500] {processor.py:829} INFO - Processing file /home/amina/miniconda/lib/python3.11/site-packages/airflow/example_dags/example_complex.py for tasks to queue
[2023-12-15T22:12:53.373+0500] {logging_mixin.py:154} INFO - [2023-12-15T22:12:53.373+0500] {dagbag.py:536} INFO - Filling up the DagBag from /home/amina/miniconda/lib/python3.11/site-packages/airflow/example_dags/example_complex.py
[2023-12-15T22:12:53.386+0500] {processor.py:839} INFO - DAG(s) dict_keys(['example_complex']) retrieved from /home/amina/miniconda/lib/python3.11/site-packages/airflow/example_dags/example_complex.py
[2023-12-15T22:12:53.413+0500] {logging_mixin.py:154} INFO - [2023-12-15T22:12:53.413+0500] {dag.py:2941} INFO - Sync 1 DAGs
[2023-12-15T22:12:53.426+0500] {logging_mixin.py:154} INFO - [2023-12-15T22:12:53.426+0500] {dag.py:3722} INFO - Setting next_dagrun for example_complex to None, run_after=None
[2023-12-15T22:12:53.549+0500] {processor.py:179} INFO - Processing /home/amina/miniconda/lib/python3.11/site-packages/airflow/example_dags/example_complex.py took 0.209 seconds
[2023-12-15T22:13:44.118+0500] {processor.py:157} INFO - Started process (PID=9517) to work on /home/amina/miniconda/lib/python3.11/site-packages/airflow/example_dags/example_complex.py
[2023-12-15T22:13:44.140+0500] {processor.py:829} INFO - Processing file /home/amina/miniconda/lib/python3.11/site-packages/airflow/example_dags/example_complex.py for tasks to queue
[2023-12-15T22:13:44.141+0500] {logging_mixin.py:154} INFO - [2023-12-15T22:13:44.140+0500] {dagbag.py:536} INFO - Filling up the DagBag from /home/amina/miniconda/lib/python3.11/site-packages/airflow/example_dags/example_complex.py
[2023-12-15T22:13:44.154+0500] {processor.py:839} INFO - DAG(s) dict_keys(['example_complex']) retrieved from /home/amina/miniconda/lib/python3.11/site-packages/airflow/example_dags/example_complex.py
[2023-12-15T22:13:44.184+0500] {logging_mixin.py:154} INFO - [2023-12-15T22:13:44.184+0500] {dag.py:2941} INFO - Sync 1 DAGs
[2023-12-15T22:13:44.197+0500] {logging_mixin.py:154} INFO - [2023-12-15T22:13:44.197+0500] {dag.py:3722} INFO - Setting next_dagrun for example_complex to None, run_after=None
[2023-12-15T22:13:44.309+0500] {processor.py:179} INFO - Processing /home/amina/miniconda/lib/python3.11/site-packages/airflow/example_dags/example_complex.py took 0.194 seconds
[2023-12-15T22:14:32.715+0500] {processor.py:157} INFO - Started process (PID=9574) to work on /home/amina/miniconda/lib/python3.11/site-packages/airflow/example_dags/example_complex.py
[2023-12-15T22:14:32.749+0500] {processor.py:829} INFO - Processing file /home/amina/miniconda/lib/python3.11/site-packages/airflow/example_dags/example_complex.py for tasks to queue
[2023-12-15T22:14:32.750+0500] {logging_mixin.py:154} INFO - [2023-12-15T22:14:32.750+0500] {dagbag.py:536} INFO - Filling up the DagBag from /home/amina/miniconda/lib/python3.11/site-packages/airflow/example_dags/example_complex.py
[2023-12-15T22:14:32.760+0500] {processor.py:839} INFO - DAG(s) dict_keys(['example_complex']) retrieved from /home/amina/miniconda/lib/python3.11/site-packages/airflow/example_dags/example_complex.py
[2023-12-15T22:14:32.783+0500] {logging_mixin.py:154} INFO - [2023-12-15T22:14:32.783+0500] {dag.py:2941} INFO - Sync 1 DAGs
[2023-12-15T22:14:32.793+0500] {logging_mixin.py:154} INFO - [2023-12-15T22:14:32.793+0500] {dag.py:3722} INFO - Setting next_dagrun for example_complex to None, run_after=None
[2023-12-15T22:14:32.904+0500] {processor.py:179} INFO - Processing /home/amina/miniconda/lib/python3.11/site-packages/airflow/example_dags/example_complex.py took 0.192 seconds
[2023-12-15T22:15:54.952+0500] {processor.py:157} INFO - Started process (PID=9666) to work on /home/amina/miniconda/lib/python3.11/site-packages/airflow/example_dags/example_complex.py
[2023-12-15T22:15:55.011+0500] {processor.py:829} INFO - Processing file /home/amina/miniconda/lib/python3.11/site-packages/airflow/example_dags/example_complex.py for tasks to queue
[2023-12-15T22:15:55.012+0500] {logging_mixin.py:154} INFO - [2023-12-15T22:15:55.011+0500] {dagbag.py:536} INFO - Filling up the DagBag from /home/amina/miniconda/lib/python3.11/site-packages/airflow/example_dags/example_complex.py
[2023-12-15T22:15:55.024+0500] {processor.py:839} INFO - DAG(s) dict_keys(['example_complex']) retrieved from /home/amina/miniconda/lib/python3.11/site-packages/airflow/example_dags/example_complex.py
[2023-12-15T22:15:55.053+0500] {logging_mixin.py:154} INFO - [2023-12-15T22:15:55.053+0500] {dag.py:2941} INFO - Sync 1 DAGs
[2023-12-15T22:15:55.065+0500] {logging_mixin.py:154} INFO - [2023-12-15T22:15:55.065+0500] {dag.py:3722} INFO - Setting next_dagrun for example_complex to None, run_after=None
[2023-12-15T22:15:55.165+0500] {processor.py:179} INFO - Processing /home/amina/miniconda/lib/python3.11/site-packages/airflow/example_dags/example_complex.py took 0.216 seconds
[2023-12-15T22:16:58.753+0500] {processor.py:157} INFO - Started process (PID=9733) to work on /home/amina/miniconda/lib/python3.11/site-packages/airflow/example_dags/example_complex.py
[2023-12-15T22:16:58.808+0500] {processor.py:829} INFO - Processing file /home/amina/miniconda/lib/python3.11/site-packages/airflow/example_dags/example_complex.py for tasks to queue
[2023-12-15T22:16:58.809+0500] {logging_mixin.py:154} INFO - [2023-12-15T22:16:58.809+0500] {dagbag.py:536} INFO - Filling up the DagBag from /home/amina/miniconda/lib/python3.11/site-packages/airflow/example_dags/example_complex.py
[2023-12-15T22:16:58.821+0500] {processor.py:839} INFO - DAG(s) dict_keys(['example_complex']) retrieved from /home/amina/miniconda/lib/python3.11/site-packages/airflow/example_dags/example_complex.py
[2023-12-15T22:16:58.847+0500] {logging_mixin.py:154} INFO - [2023-12-15T22:16:58.847+0500] {dag.py:2941} INFO - Sync 1 DAGs
[2023-12-15T22:16:58.859+0500] {logging_mixin.py:154} INFO - [2023-12-15T22:16:58.859+0500] {dag.py:3722} INFO - Setting next_dagrun for example_complex to None, run_after=None
[2023-12-15T22:16:58.962+0500] {processor.py:179} INFO - Processing /home/amina/miniconda/lib/python3.11/site-packages/airflow/example_dags/example_complex.py took 0.212 seconds
[2023-12-15T22:18:03.482+0500] {processor.py:157} INFO - Started process (PID=9805) to work on /home/amina/miniconda/lib/python3.11/site-packages/airflow/example_dags/example_complex.py
[2023-12-15T22:18:03.536+0500] {processor.py:829} INFO - Processing file /home/amina/miniconda/lib/python3.11/site-packages/airflow/example_dags/example_complex.py for tasks to queue
[2023-12-15T22:18:03.537+0500] {logging_mixin.py:154} INFO - [2023-12-15T22:18:03.537+0500] {dagbag.py:536} INFO - Filling up the DagBag from /home/amina/miniconda/lib/python3.11/site-packages/airflow/example_dags/example_complex.py
[2023-12-15T22:18:03.549+0500] {processor.py:839} INFO - DAG(s) dict_keys(['example_complex']) retrieved from /home/amina/miniconda/lib/python3.11/site-packages/airflow/example_dags/example_complex.py
[2023-12-15T22:18:03.575+0500] {logging_mixin.py:154} INFO - [2023-12-15T22:18:03.575+0500] {dag.py:2941} INFO - Sync 1 DAGs
[2023-12-15T22:18:03.587+0500] {logging_mixin.py:154} INFO - [2023-12-15T22:18:03.587+0500] {dag.py:3722} INFO - Setting next_dagrun for example_complex to None, run_after=None
[2023-12-15T22:18:03.679+0500] {processor.py:179} INFO - Processing /home/amina/miniconda/lib/python3.11/site-packages/airflow/example_dags/example_complex.py took 0.201 seconds
[2023-12-15T22:19:04.671+0500] {processor.py:157} INFO - Started process (PID=9878) to work on /home/amina/miniconda/lib/python3.11/site-packages/airflow/example_dags/example_complex.py
[2023-12-15T22:19:04.721+0500] {processor.py:829} INFO - Processing file /home/amina/miniconda/lib/python3.11/site-packages/airflow/example_dags/example_complex.py for tasks to queue
[2023-12-15T22:19:04.722+0500] {logging_mixin.py:154} INFO - [2023-12-15T22:19:04.722+0500] {dagbag.py:536} INFO - Filling up the DagBag from /home/amina/miniconda/lib/python3.11/site-packages/airflow/example_dags/example_complex.py
[2023-12-15T22:19:04.734+0500] {processor.py:839} INFO - DAG(s) dict_keys(['example_complex']) retrieved from /home/amina/miniconda/lib/python3.11/site-packages/airflow/example_dags/example_complex.py
[2023-12-15T22:19:04.763+0500] {logging_mixin.py:154} INFO - [2023-12-15T22:19:04.763+0500] {dag.py:2941} INFO - Sync 1 DAGs
[2023-12-15T22:19:04.776+0500] {logging_mixin.py:154} INFO - [2023-12-15T22:19:04.776+0500] {dag.py:3722} INFO - Setting next_dagrun for example_complex to None, run_after=None
[2023-12-15T22:19:04.876+0500] {processor.py:179} INFO - Processing /home/amina/miniconda/lib/python3.11/site-packages/airflow/example_dags/example_complex.py took 0.208 seconds
[2023-12-15T22:20:10.804+0500] {processor.py:157} INFO - Started process (PID=10075) to work on /home/amina/miniconda/lib/python3.11/site-packages/airflow/example_dags/example_complex.py
[2023-12-15T22:20:10.853+0500] {processor.py:829} INFO - Processing file /home/amina/miniconda/lib/python3.11/site-packages/airflow/example_dags/example_complex.py for tasks to queue
[2023-12-15T22:20:10.854+0500] {logging_mixin.py:154} INFO - [2023-12-15T22:20:10.853+0500] {dagbag.py:536} INFO - Filling up the DagBag from /home/amina/miniconda/lib/python3.11/site-packages/airflow/example_dags/example_complex.py
[2023-12-15T22:20:10.865+0500] {processor.py:839} INFO - DAG(s) dict_keys(['example_complex']) retrieved from /home/amina/miniconda/lib/python3.11/site-packages/airflow/example_dags/example_complex.py
[2023-12-15T22:20:10.893+0500] {logging_mixin.py:154} INFO - [2023-12-15T22:20:10.893+0500] {dag.py:2941} INFO - Sync 1 DAGs
[2023-12-15T22:20:10.910+0500] {logging_mixin.py:154} INFO - [2023-12-15T22:20:10.910+0500] {dag.py:3722} INFO - Setting next_dagrun for example_complex to None, run_after=None
[2023-12-15T22:20:11.013+0500] {processor.py:179} INFO - Processing /home/amina/miniconda/lib/python3.11/site-packages/airflow/example_dags/example_complex.py took 0.213 seconds
[2023-12-15T22:21:16.792+0500] {processor.py:157} INFO - Started process (PID=10152) to work on /home/amina/miniconda/lib/python3.11/site-packages/airflow/example_dags/example_complex.py
[2023-12-15T22:21:16.815+0500] {processor.py:829} INFO - Processing file /home/amina/miniconda/lib/python3.11/site-packages/airflow/example_dags/example_complex.py for tasks to queue
[2023-12-15T22:21:16.816+0500] {logging_mixin.py:154} INFO - [2023-12-15T22:21:16.816+0500] {dagbag.py:536} INFO - Filling up the DagBag from /home/amina/miniconda/lib/python3.11/site-packages/airflow/example_dags/example_complex.py
[2023-12-15T22:21:16.828+0500] {processor.py:839} INFO - DAG(s) dict_keys(['example_complex']) retrieved from /home/amina/miniconda/lib/python3.11/site-packages/airflow/example_dags/example_complex.py
[2023-12-15T22:21:16.855+0500] {logging_mixin.py:154} INFO - [2023-12-15T22:21:16.855+0500] {dag.py:2941} INFO - Sync 1 DAGs
[2023-12-15T22:21:16.868+0500] {logging_mixin.py:154} INFO - [2023-12-15T22:21:16.868+0500] {dag.py:3722} INFO - Setting next_dagrun for example_complex to None, run_after=None
[2023-12-15T22:21:16.999+0500] {processor.py:179} INFO - Processing /home/amina/miniconda/lib/python3.11/site-packages/airflow/example_dags/example_complex.py took 0.211 seconds
[2023-12-15T22:22:08.669+0500] {processor.py:157} INFO - Started process (PID=10217) to work on /home/amina/miniconda/lib/python3.11/site-packages/airflow/example_dags/example_complex.py
[2023-12-15T22:22:08.702+0500] {processor.py:829} INFO - Processing file /home/amina/miniconda/lib/python3.11/site-packages/airflow/example_dags/example_complex.py for tasks to queue
[2023-12-15T22:22:08.703+0500] {logging_mixin.py:154} INFO - [2023-12-15T22:22:08.703+0500] {dagbag.py:536} INFO - Filling up the DagBag from /home/amina/miniconda/lib/python3.11/site-packages/airflow/example_dags/example_complex.py
[2023-12-15T22:22:08.722+0500] {processor.py:839} INFO - DAG(s) dict_keys(['example_complex']) retrieved from /home/amina/miniconda/lib/python3.11/site-packages/airflow/example_dags/example_complex.py
[2023-12-15T22:22:08.749+0500] {logging_mixin.py:154} INFO - [2023-12-15T22:22:08.749+0500] {dag.py:2941} INFO - Sync 1 DAGs
[2023-12-15T22:22:08.760+0500] {logging_mixin.py:154} INFO - [2023-12-15T22:22:08.760+0500] {dag.py:3722} INFO - Setting next_dagrun for example_complex to None, run_after=None
[2023-12-15T22:22:08.864+0500] {processor.py:179} INFO - Processing /home/amina/miniconda/lib/python3.11/site-packages/airflow/example_dags/example_complex.py took 0.198 seconds
[2023-12-15T22:23:01.033+0500] {processor.py:157} INFO - Started process (PID=10269) to work on /home/amina/miniconda/lib/python3.11/site-packages/airflow/example_dags/example_complex.py
[2023-12-15T22:23:01.071+0500] {processor.py:829} INFO - Processing file /home/amina/miniconda/lib/python3.11/site-packages/airflow/example_dags/example_complex.py for tasks to queue
[2023-12-15T22:23:01.072+0500] {logging_mixin.py:154} INFO - [2023-12-15T22:23:01.071+0500] {dagbag.py:536} INFO - Filling up the DagBag from /home/amina/miniconda/lib/python3.11/site-packages/airflow/example_dags/example_complex.py
[2023-12-15T22:23:01.085+0500] {processor.py:839} INFO - DAG(s) dict_keys(['example_complex']) retrieved from /home/amina/miniconda/lib/python3.11/site-packages/airflow/example_dags/example_complex.py
[2023-12-15T22:23:01.113+0500] {logging_mixin.py:154} INFO - [2023-12-15T22:23:01.112+0500] {dag.py:2941} INFO - Sync 1 DAGs
[2023-12-15T22:23:01.127+0500] {logging_mixin.py:154} INFO - [2023-12-15T22:23:01.126+0500] {dag.py:3722} INFO - Setting next_dagrun for example_complex to None, run_after=None
[2023-12-15T22:23:01.219+0500] {processor.py:179} INFO - Processing /home/amina/miniconda/lib/python3.11/site-packages/airflow/example_dags/example_complex.py took 0.190 seconds
[2023-12-15T22:23:54.444+0500] {processor.py:157} INFO - Started process (PID=10330) to work on /home/amina/miniconda/lib/python3.11/site-packages/airflow/example_dags/example_complex.py
[2023-12-15T22:23:54.478+0500] {processor.py:829} INFO - Processing file /home/amina/miniconda/lib/python3.11/site-packages/airflow/example_dags/example_complex.py for tasks to queue
[2023-12-15T22:23:54.479+0500] {logging_mixin.py:154} INFO - [2023-12-15T22:23:54.479+0500] {dagbag.py:536} INFO - Filling up the DagBag from /home/amina/miniconda/lib/python3.11/site-packages/airflow/example_dags/example_complex.py
[2023-12-15T22:23:54.491+0500] {processor.py:839} INFO - DAG(s) dict_keys(['example_complex']) retrieved from /home/amina/miniconda/lib/python3.11/site-packages/airflow/example_dags/example_complex.py
[2023-12-15T22:23:54.518+0500] {logging_mixin.py:154} INFO - [2023-12-15T22:23:54.518+0500] {dag.py:2941} INFO - Sync 1 DAGs
[2023-12-15T22:23:54.530+0500] {logging_mixin.py:154} INFO - [2023-12-15T22:23:54.530+0500] {dag.py:3722} INFO - Setting next_dagrun for example_complex to None, run_after=None
[2023-12-15T22:23:54.649+0500] {processor.py:179} INFO - Processing /home/amina/miniconda/lib/python3.11/site-packages/airflow/example_dags/example_complex.py took 0.208 seconds
[2023-12-15T22:24:45.408+0500] {processor.py:157} INFO - Started process (PID=10391) to work on /home/amina/miniconda/lib/python3.11/site-packages/airflow/example_dags/example_complex.py
[2023-12-15T22:24:45.475+0500] {processor.py:829} INFO - Processing file /home/amina/miniconda/lib/python3.11/site-packages/airflow/example_dags/example_complex.py for tasks to queue
[2023-12-15T22:24:45.476+0500] {logging_mixin.py:154} INFO - [2023-12-15T22:24:45.476+0500] {dagbag.py:536} INFO - Filling up the DagBag from /home/amina/miniconda/lib/python3.11/site-packages/airflow/example_dags/example_complex.py
[2023-12-15T22:24:45.488+0500] {processor.py:839} INFO - DAG(s) dict_keys(['example_complex']) retrieved from /home/amina/miniconda/lib/python3.11/site-packages/airflow/example_dags/example_complex.py
[2023-12-15T22:24:45.514+0500] {logging_mixin.py:154} INFO - [2023-12-15T22:24:45.514+0500] {dag.py:2941} INFO - Sync 1 DAGs
[2023-12-15T22:24:45.526+0500] {logging_mixin.py:154} INFO - [2023-12-15T22:24:45.526+0500] {dag.py:3722} INFO - Setting next_dagrun for example_complex to None, run_after=None
[2023-12-15T22:24:45.630+0500] {processor.py:179} INFO - Processing /home/amina/miniconda/lib/python3.11/site-packages/airflow/example_dags/example_complex.py took 0.225 seconds
[2023-12-15T22:25:43.520+0500] {processor.py:157} INFO - Started process (PID=10445) to work on /home/amina/miniconda/lib/python3.11/site-packages/airflow/example_dags/example_complex.py
[2023-12-15T22:25:43.554+0500] {processor.py:829} INFO - Processing file /home/amina/miniconda/lib/python3.11/site-packages/airflow/example_dags/example_complex.py for tasks to queue
[2023-12-15T22:25:43.555+0500] {logging_mixin.py:154} INFO - [2023-12-15T22:25:43.555+0500] {dagbag.py:536} INFO - Filling up the DagBag from /home/amina/miniconda/lib/python3.11/site-packages/airflow/example_dags/example_complex.py
[2023-12-15T22:25:43.567+0500] {processor.py:839} INFO - DAG(s) dict_keys(['example_complex']) retrieved from /home/amina/miniconda/lib/python3.11/site-packages/airflow/example_dags/example_complex.py
[2023-12-15T22:25:43.597+0500] {logging_mixin.py:154} INFO - [2023-12-15T22:25:43.597+0500] {dag.py:2941} INFO - Sync 1 DAGs
[2023-12-15T22:25:43.610+0500] {logging_mixin.py:154} INFO - [2023-12-15T22:25:43.610+0500] {dag.py:3722} INFO - Setting next_dagrun for example_complex to None, run_after=None
[2023-12-15T22:25:43.713+0500] {processor.py:179} INFO - Processing /home/amina/miniconda/lib/python3.11/site-packages/airflow/example_dags/example_complex.py took 0.196 seconds
[2023-12-15T22:26:39.483+0500] {processor.py:157} INFO - Started process (PID=10496) to work on /home/amina/miniconda/lib/python3.11/site-packages/airflow/example_dags/example_complex.py
[2023-12-15T22:26:39.541+0500] {processor.py:829} INFO - Processing file /home/amina/miniconda/lib/python3.11/site-packages/airflow/example_dags/example_complex.py for tasks to queue
[2023-12-15T22:26:39.542+0500] {logging_mixin.py:154} INFO - [2023-12-15T22:26:39.542+0500] {dagbag.py:536} INFO - Filling up the DagBag from /home/amina/miniconda/lib/python3.11/site-packages/airflow/example_dags/example_complex.py
[2023-12-15T22:26:39.554+0500] {processor.py:839} INFO - DAG(s) dict_keys(['example_complex']) retrieved from /home/amina/miniconda/lib/python3.11/site-packages/airflow/example_dags/example_complex.py
[2023-12-15T22:26:39.583+0500] {logging_mixin.py:154} INFO - [2023-12-15T22:26:39.583+0500] {dag.py:2941} INFO - Sync 1 DAGs
[2023-12-15T22:26:39.596+0500] {logging_mixin.py:154} INFO - [2023-12-15T22:26:39.595+0500] {dag.py:3722} INFO - Setting next_dagrun for example_complex to None, run_after=None
[2023-12-15T22:26:39.713+0500] {processor.py:179} INFO - Processing /home/amina/miniconda/lib/python3.11/site-packages/airflow/example_dags/example_complex.py took 0.234 seconds
[2023-12-15T22:27:33.223+0500] {processor.py:157} INFO - Started process (PID=10556) to work on /home/amina/miniconda/lib/python3.11/site-packages/airflow/example_dags/example_complex.py
[2023-12-15T22:27:33.260+0500] {processor.py:829} INFO - Processing file /home/amina/miniconda/lib/python3.11/site-packages/airflow/example_dags/example_complex.py for tasks to queue
[2023-12-15T22:27:33.260+0500] {logging_mixin.py:154} INFO - [2023-12-15T22:27:33.260+0500] {dagbag.py:536} INFO - Filling up the DagBag from /home/amina/miniconda/lib/python3.11/site-packages/airflow/example_dags/example_complex.py
[2023-12-15T22:27:33.272+0500] {processor.py:839} INFO - DAG(s) dict_keys(['example_complex']) retrieved from /home/amina/miniconda/lib/python3.11/site-packages/airflow/example_dags/example_complex.py
[2023-12-15T22:27:33.296+0500] {logging_mixin.py:154} INFO - [2023-12-15T22:27:33.296+0500] {dag.py:2941} INFO - Sync 1 DAGs
[2023-12-15T22:27:33.308+0500] {logging_mixin.py:154} INFO - [2023-12-15T22:27:33.308+0500] {dag.py:3722} INFO - Setting next_dagrun for example_complex to None, run_after=None
[2023-12-15T22:27:33.385+0500] {processor.py:179} INFO - Processing /home/amina/miniconda/lib/python3.11/site-packages/airflow/example_dags/example_complex.py took 0.164 seconds
[2023-12-15T22:28:24.632+0500] {processor.py:157} INFO - Started process (PID=10619) to work on /home/amina/miniconda/lib/python3.11/site-packages/airflow/example_dags/example_complex.py
[2023-12-15T22:28:24.705+0500] {processor.py:829} INFO - Processing file /home/amina/miniconda/lib/python3.11/site-packages/airflow/example_dags/example_complex.py for tasks to queue
[2023-12-15T22:28:24.706+0500] {logging_mixin.py:154} INFO - [2023-12-15T22:28:24.706+0500] {dagbag.py:536} INFO - Filling up the DagBag from /home/amina/miniconda/lib/python3.11/site-packages/airflow/example_dags/example_complex.py
[2023-12-15T22:28:24.718+0500] {processor.py:839} INFO - DAG(s) dict_keys(['example_complex']) retrieved from /home/amina/miniconda/lib/python3.11/site-packages/airflow/example_dags/example_complex.py
[2023-12-15T22:28:24.746+0500] {logging_mixin.py:154} INFO - [2023-12-15T22:28:24.746+0500] {dag.py:2941} INFO - Sync 1 DAGs
[2023-12-15T22:28:24.761+0500] {logging_mixin.py:154} INFO - [2023-12-15T22:28:24.760+0500] {dag.py:3722} INFO - Setting next_dagrun for example_complex to None, run_after=None
[2023-12-15T22:28:24.859+0500] {processor.py:179} INFO - Processing /home/amina/miniconda/lib/python3.11/site-packages/airflow/example_dags/example_complex.py took 0.231 seconds
[2023-12-15T22:29:17.581+0500] {processor.py:157} INFO - Started process (PID=10681) to work on /home/amina/miniconda/lib/python3.11/site-packages/airflow/example_dags/example_complex.py
[2023-12-15T22:29:17.603+0500] {processor.py:829} INFO - Processing file /home/amina/miniconda/lib/python3.11/site-packages/airflow/example_dags/example_complex.py for tasks to queue
[2023-12-15T22:29:17.604+0500] {logging_mixin.py:154} INFO - [2023-12-15T22:29:17.604+0500] {dagbag.py:536} INFO - Filling up the DagBag from /home/amina/miniconda/lib/python3.11/site-packages/airflow/example_dags/example_complex.py
[2023-12-15T22:29:17.617+0500] {processor.py:839} INFO - DAG(s) dict_keys(['example_complex']) retrieved from /home/amina/miniconda/lib/python3.11/site-packages/airflow/example_dags/example_complex.py
[2023-12-15T22:29:17.647+0500] {logging_mixin.py:154} INFO - [2023-12-15T22:29:17.647+0500] {dag.py:2941} INFO - Sync 1 DAGs
[2023-12-15T22:29:17.663+0500] {logging_mixin.py:154} INFO - [2023-12-15T22:29:17.663+0500] {dag.py:3722} INFO - Setting next_dagrun for example_complex to None, run_after=None
[2023-12-15T22:29:17.785+0500] {processor.py:179} INFO - Processing /home/amina/miniconda/lib/python3.11/site-packages/airflow/example_dags/example_complex.py took 0.208 seconds
[2023-12-15T22:30:43.159+0500] {processor.py:157} INFO - Started process (PID=10788) to work on /home/amina/miniconda/lib/python3.11/site-packages/airflow/example_dags/example_complex.py
[2023-12-15T22:30:43.211+0500] {processor.py:829} INFO - Processing file /home/amina/miniconda/lib/python3.11/site-packages/airflow/example_dags/example_complex.py for tasks to queue
[2023-12-15T22:30:43.212+0500] {logging_mixin.py:154} INFO - [2023-12-15T22:30:43.212+0500] {dagbag.py:536} INFO - Filling up the DagBag from /home/amina/miniconda/lib/python3.11/site-packages/airflow/example_dags/example_complex.py
[2023-12-15T22:30:43.225+0500] {processor.py:839} INFO - DAG(s) dict_keys(['example_complex']) retrieved from /home/amina/miniconda/lib/python3.11/site-packages/airflow/example_dags/example_complex.py
[2023-12-15T22:30:43.254+0500] {logging_mixin.py:154} INFO - [2023-12-15T22:30:43.253+0500] {dag.py:2941} INFO - Sync 1 DAGs
[2023-12-15T22:30:43.266+0500] {logging_mixin.py:154} INFO - [2023-12-15T22:30:43.266+0500] {dag.py:3722} INFO - Setting next_dagrun for example_complex to None, run_after=None
[2023-12-15T22:30:43.368+0500] {processor.py:179} INFO - Processing /home/amina/miniconda/lib/python3.11/site-packages/airflow/example_dags/example_complex.py took 0.212 seconds
[2023-12-15T22:31:38.559+0500] {processor.py:157} INFO - Started process (PID=10847) to work on /home/amina/miniconda/lib/python3.11/site-packages/airflow/example_dags/example_complex.py
[2023-12-15T22:31:38.619+0500] {processor.py:829} INFO - Processing file /home/amina/miniconda/lib/python3.11/site-packages/airflow/example_dags/example_complex.py for tasks to queue
[2023-12-15T22:31:38.620+0500] {logging_mixin.py:154} INFO - [2023-12-15T22:31:38.619+0500] {dagbag.py:536} INFO - Filling up the DagBag from /home/amina/miniconda/lib/python3.11/site-packages/airflow/example_dags/example_complex.py
[2023-12-15T22:31:38.631+0500] {processor.py:839} INFO - DAG(s) dict_keys(['example_complex']) retrieved from /home/amina/miniconda/lib/python3.11/site-packages/airflow/example_dags/example_complex.py
[2023-12-15T22:31:38.660+0500] {logging_mixin.py:154} INFO - [2023-12-15T22:31:38.660+0500] {dag.py:2941} INFO - Sync 1 DAGs
[2023-12-15T22:31:38.673+0500] {logging_mixin.py:154} INFO - [2023-12-15T22:31:38.673+0500] {dag.py:3722} INFO - Setting next_dagrun for example_complex to None, run_after=None
[2023-12-15T22:31:38.770+0500] {processor.py:179} INFO - Processing /home/amina/miniconda/lib/python3.11/site-packages/airflow/example_dags/example_complex.py took 0.215 seconds
[2023-12-15T22:32:30.104+0500] {processor.py:157} INFO - Started process (PID=10904) to work on /home/amina/miniconda/lib/python3.11/site-packages/airflow/example_dags/example_complex.py
[2023-12-15T22:32:30.152+0500] {processor.py:829} INFO - Processing file /home/amina/miniconda/lib/python3.11/site-packages/airflow/example_dags/example_complex.py for tasks to queue
[2023-12-15T22:32:30.153+0500] {logging_mixin.py:154} INFO - [2023-12-15T22:32:30.152+0500] {dagbag.py:536} INFO - Filling up the DagBag from /home/amina/miniconda/lib/python3.11/site-packages/airflow/example_dags/example_complex.py
[2023-12-15T22:32:30.166+0500] {processor.py:839} INFO - DAG(s) dict_keys(['example_complex']) retrieved from /home/amina/miniconda/lib/python3.11/site-packages/airflow/example_dags/example_complex.py
[2023-12-15T22:32:30.192+0500] {logging_mixin.py:154} INFO - [2023-12-15T22:32:30.192+0500] {dag.py:2941} INFO - Sync 1 DAGs
[2023-12-15T22:32:30.205+0500] {logging_mixin.py:154} INFO - [2023-12-15T22:32:30.204+0500] {dag.py:3722} INFO - Setting next_dagrun for example_complex to None, run_after=None
[2023-12-15T22:32:30.302+0500] {processor.py:179} INFO - Processing /home/amina/miniconda/lib/python3.11/site-packages/airflow/example_dags/example_complex.py took 0.202 seconds
[2023-12-15T22:33:25.170+0500] {processor.py:157} INFO - Started process (PID=10960) to work on /home/amina/miniconda/lib/python3.11/site-packages/airflow/example_dags/example_complex.py
[2023-12-15T22:33:25.229+0500] {processor.py:829} INFO - Processing file /home/amina/miniconda/lib/python3.11/site-packages/airflow/example_dags/example_complex.py for tasks to queue
[2023-12-15T22:33:25.230+0500] {logging_mixin.py:154} INFO - [2023-12-15T22:33:25.230+0500] {dagbag.py:536} INFO - Filling up the DagBag from /home/amina/miniconda/lib/python3.11/site-packages/airflow/example_dags/example_complex.py
[2023-12-15T22:33:25.246+0500] {processor.py:839} INFO - DAG(s) dict_keys(['example_complex']) retrieved from /home/amina/miniconda/lib/python3.11/site-packages/airflow/example_dags/example_complex.py
[2023-12-15T22:33:25.289+0500] {logging_mixin.py:154} INFO - [2023-12-15T22:33:25.289+0500] {dag.py:2941} INFO - Sync 1 DAGs
[2023-12-15T22:33:25.304+0500] {logging_mixin.py:154} INFO - [2023-12-15T22:33:25.303+0500] {dag.py:3722} INFO - Setting next_dagrun for example_complex to None, run_after=None
[2023-12-15T22:33:25.434+0500] {processor.py:179} INFO - Processing /home/amina/miniconda/lib/python3.11/site-packages/airflow/example_dags/example_complex.py took 0.268 seconds
[2023-12-15T22:34:18.443+0500] {processor.py:157} INFO - Started process (PID=11022) to work on /home/amina/miniconda/lib/python3.11/site-packages/airflow/example_dags/example_complex.py
[2023-12-15T22:34:18.500+0500] {processor.py:829} INFO - Processing file /home/amina/miniconda/lib/python3.11/site-packages/airflow/example_dags/example_complex.py for tasks to queue
[2023-12-15T22:34:18.500+0500] {logging_mixin.py:154} INFO - [2023-12-15T22:34:18.500+0500] {dagbag.py:536} INFO - Filling up the DagBag from /home/amina/miniconda/lib/python3.11/site-packages/airflow/example_dags/example_complex.py
[2023-12-15T22:34:18.512+0500] {processor.py:839} INFO - DAG(s) dict_keys(['example_complex']) retrieved from /home/amina/miniconda/lib/python3.11/site-packages/airflow/example_dags/example_complex.py
[2023-12-15T22:34:18.539+0500] {logging_mixin.py:154} INFO - [2023-12-15T22:34:18.539+0500] {dag.py:2941} INFO - Sync 1 DAGs
[2023-12-15T22:34:18.552+0500] {logging_mixin.py:154} INFO - [2023-12-15T22:34:18.552+0500] {dag.py:3722} INFO - Setting next_dagrun for example_complex to None, run_after=None
[2023-12-15T22:34:18.658+0500] {processor.py:179} INFO - Processing /home/amina/miniconda/lib/python3.11/site-packages/airflow/example_dags/example_complex.py took 0.218 seconds
[2023-12-15T22:35:15.079+0500] {processor.py:157} INFO - Started process (PID=11084) to work on /home/amina/miniconda/lib/python3.11/site-packages/airflow/example_dags/example_complex.py
[2023-12-15T22:35:15.122+0500] {processor.py:829} INFO - Processing file /home/amina/miniconda/lib/python3.11/site-packages/airflow/example_dags/example_complex.py for tasks to queue
[2023-12-15T22:35:15.123+0500] {logging_mixin.py:154} INFO - [2023-12-15T22:35:15.123+0500] {dagbag.py:536} INFO - Filling up the DagBag from /home/amina/miniconda/lib/python3.11/site-packages/airflow/example_dags/example_complex.py
[2023-12-15T22:35:15.136+0500] {processor.py:839} INFO - DAG(s) dict_keys(['example_complex']) retrieved from /home/amina/miniconda/lib/python3.11/site-packages/airflow/example_dags/example_complex.py
[2023-12-15T22:35:15.163+0500] {logging_mixin.py:154} INFO - [2023-12-15T22:35:15.163+0500] {dag.py:2941} INFO - Sync 1 DAGs
[2023-12-15T22:35:15.177+0500] {logging_mixin.py:154} INFO - [2023-12-15T22:35:15.177+0500] {dag.py:3722} INFO - Setting next_dagrun for example_complex to None, run_after=None
[2023-12-15T22:35:15.279+0500] {processor.py:179} INFO - Processing /home/amina/miniconda/lib/python3.11/site-packages/airflow/example_dags/example_complex.py took 0.204 seconds
[2023-12-15T22:36:08.683+0500] {processor.py:157} INFO - Started process (PID=11144) to work on /home/amina/miniconda/lib/python3.11/site-packages/airflow/example_dags/example_complex.py
[2023-12-15T22:36:08.745+0500] {processor.py:829} INFO - Processing file /home/amina/miniconda/lib/python3.11/site-packages/airflow/example_dags/example_complex.py for tasks to queue
[2023-12-15T22:36:08.746+0500] {logging_mixin.py:154} INFO - [2023-12-15T22:36:08.745+0500] {dagbag.py:536} INFO - Filling up the DagBag from /home/amina/miniconda/lib/python3.11/site-packages/airflow/example_dags/example_complex.py
[2023-12-15T22:36:08.757+0500] {processor.py:839} INFO - DAG(s) dict_keys(['example_complex']) retrieved from /home/amina/miniconda/lib/python3.11/site-packages/airflow/example_dags/example_complex.py
[2023-12-15T22:36:08.783+0500] {logging_mixin.py:154} INFO - [2023-12-15T22:36:08.782+0500] {dag.py:2941} INFO - Sync 1 DAGs
[2023-12-15T22:36:08.796+0500] {logging_mixin.py:154} INFO - [2023-12-15T22:36:08.796+0500] {dag.py:3722} INFO - Setting next_dagrun for example_complex to None, run_after=None
[2023-12-15T22:36:08.890+0500] {processor.py:179} INFO - Processing /home/amina/miniconda/lib/python3.11/site-packages/airflow/example_dags/example_complex.py took 0.210 seconds
[2023-12-15T22:37:05.496+0500] {processor.py:157} INFO - Started process (PID=11207) to work on /home/amina/miniconda/lib/python3.11/site-packages/airflow/example_dags/example_complex.py
[2023-12-15T22:37:05.539+0500] {processor.py:829} INFO - Processing file /home/amina/miniconda/lib/python3.11/site-packages/airflow/example_dags/example_complex.py for tasks to queue
[2023-12-15T22:37:05.541+0500] {logging_mixin.py:154} INFO - [2023-12-15T22:37:05.540+0500] {dagbag.py:536} INFO - Filling up the DagBag from /home/amina/miniconda/lib/python3.11/site-packages/airflow/example_dags/example_complex.py
[2023-12-15T22:37:05.564+0500] {processor.py:839} INFO - DAG(s) dict_keys(['example_complex']) retrieved from /home/amina/miniconda/lib/python3.11/site-packages/airflow/example_dags/example_complex.py
[2023-12-15T22:37:05.592+0500] {logging_mixin.py:154} INFO - [2023-12-15T22:37:05.592+0500] {dag.py:2941} INFO - Sync 1 DAGs
[2023-12-15T22:37:05.613+0500] {logging_mixin.py:154} INFO - [2023-12-15T22:37:05.612+0500] {dag.py:3722} INFO - Setting next_dagrun for example_complex to None, run_after=None
[2023-12-15T22:37:05.766+0500] {processor.py:179} INFO - Processing /home/amina/miniconda/lib/python3.11/site-packages/airflow/example_dags/example_complex.py took 0.275 seconds
[2023-12-15T22:38:00.557+0500] {processor.py:157} INFO - Started process (PID=11263) to work on /home/amina/miniconda/lib/python3.11/site-packages/airflow/example_dags/example_complex.py
[2023-12-15T22:38:00.592+0500] {processor.py:829} INFO - Processing file /home/amina/miniconda/lib/python3.11/site-packages/airflow/example_dags/example_complex.py for tasks to queue
[2023-12-15T22:38:00.593+0500] {logging_mixin.py:154} INFO - [2023-12-15T22:38:00.593+0500] {dagbag.py:536} INFO - Filling up the DagBag from /home/amina/miniconda/lib/python3.11/site-packages/airflow/example_dags/example_complex.py
[2023-12-15T22:38:00.606+0500] {processor.py:839} INFO - DAG(s) dict_keys(['example_complex']) retrieved from /home/amina/miniconda/lib/python3.11/site-packages/airflow/example_dags/example_complex.py
[2023-12-15T22:38:00.639+0500] {logging_mixin.py:154} INFO - [2023-12-15T22:38:00.639+0500] {dag.py:2941} INFO - Sync 1 DAGs
[2023-12-15T22:38:00.654+0500] {logging_mixin.py:154} INFO - [2023-12-15T22:38:00.654+0500] {dag.py:3722} INFO - Setting next_dagrun for example_complex to None, run_after=None
[2023-12-15T22:38:00.752+0500] {processor.py:179} INFO - Processing /home/amina/miniconda/lib/python3.11/site-packages/airflow/example_dags/example_complex.py took 0.198 seconds
[2023-12-15T22:38:54.259+0500] {processor.py:157} INFO - Started process (PID=11318) to work on /home/amina/miniconda/lib/python3.11/site-packages/airflow/example_dags/example_complex.py
[2023-12-15T22:38:54.282+0500] {processor.py:829} INFO - Processing file /home/amina/miniconda/lib/python3.11/site-packages/airflow/example_dags/example_complex.py for tasks to queue
[2023-12-15T22:38:54.283+0500] {logging_mixin.py:154} INFO - [2023-12-15T22:38:54.282+0500] {dagbag.py:536} INFO - Filling up the DagBag from /home/amina/miniconda/lib/python3.11/site-packages/airflow/example_dags/example_complex.py
[2023-12-15T22:38:54.293+0500] {processor.py:839} INFO - DAG(s) dict_keys(['example_complex']) retrieved from /home/amina/miniconda/lib/python3.11/site-packages/airflow/example_dags/example_complex.py
[2023-12-15T22:38:54.316+0500] {logging_mixin.py:154} INFO - [2023-12-15T22:38:54.315+0500] {dag.py:2941} INFO - Sync 1 DAGs
[2023-12-15T22:38:54.326+0500] {logging_mixin.py:154} INFO - [2023-12-15T22:38:54.326+0500] {dag.py:3722} INFO - Setting next_dagrun for example_complex to None, run_after=None
[2023-12-15T22:38:54.436+0500] {processor.py:179} INFO - Processing /home/amina/miniconda/lib/python3.11/site-packages/airflow/example_dags/example_complex.py took 0.181 seconds
[2023-12-15T22:39:47.088+0500] {processor.py:157} INFO - Started process (PID=11376) to work on /home/amina/miniconda/lib/python3.11/site-packages/airflow/example_dags/example_complex.py
[2023-12-15T22:39:47.110+0500] {processor.py:829} INFO - Processing file /home/amina/miniconda/lib/python3.11/site-packages/airflow/example_dags/example_complex.py for tasks to queue
[2023-12-15T22:39:47.111+0500] {logging_mixin.py:154} INFO - [2023-12-15T22:39:47.111+0500] {dagbag.py:536} INFO - Filling up the DagBag from /home/amina/miniconda/lib/python3.11/site-packages/airflow/example_dags/example_complex.py
[2023-12-15T22:39:47.122+0500] {processor.py:839} INFO - DAG(s) dict_keys(['example_complex']) retrieved from /home/amina/miniconda/lib/python3.11/site-packages/airflow/example_dags/example_complex.py
[2023-12-15T22:39:47.145+0500] {logging_mixin.py:154} INFO - [2023-12-15T22:39:47.145+0500] {dag.py:2941} INFO - Sync 1 DAGs
[2023-12-15T22:39:47.156+0500] {logging_mixin.py:154} INFO - [2023-12-15T22:39:47.156+0500] {dag.py:3722} INFO - Setting next_dagrun for example_complex to None, run_after=None
[2023-12-15T22:39:47.276+0500] {processor.py:179} INFO - Processing /home/amina/miniconda/lib/python3.11/site-packages/airflow/example_dags/example_complex.py took 0.191 seconds
[2023-12-15T22:40:42.586+0500] {processor.py:157} INFO - Started process (PID=11511) to work on /home/amina/miniconda/lib/python3.11/site-packages/airflow/example_dags/example_complex.py
[2023-12-15T22:40:42.615+0500] {processor.py:829} INFO - Processing file /home/amina/miniconda/lib/python3.11/site-packages/airflow/example_dags/example_complex.py for tasks to queue
[2023-12-15T22:40:42.616+0500] {logging_mixin.py:154} INFO - [2023-12-15T22:40:42.616+0500] {dagbag.py:536} INFO - Filling up the DagBag from /home/amina/miniconda/lib/python3.11/site-packages/airflow/example_dags/example_complex.py
[2023-12-15T22:40:42.626+0500] {processor.py:839} INFO - DAG(s) dict_keys(['example_complex']) retrieved from /home/amina/miniconda/lib/python3.11/site-packages/airflow/example_dags/example_complex.py
[2023-12-15T22:40:42.649+0500] {logging_mixin.py:154} INFO - [2023-12-15T22:40:42.649+0500] {dag.py:2941} INFO - Sync 1 DAGs
[2023-12-15T22:40:42.660+0500] {logging_mixin.py:154} INFO - [2023-12-15T22:40:42.660+0500] {dag.py:3722} INFO - Setting next_dagrun for example_complex to None, run_after=None
[2023-12-15T22:40:42.769+0500] {processor.py:179} INFO - Processing /home/amina/miniconda/lib/python3.11/site-packages/airflow/example_dags/example_complex.py took 0.186 seconds
[2023-12-15T22:41:38.370+0500] {processor.py:157} INFO - Started process (PID=11579) to work on /home/amina/miniconda/lib/python3.11/site-packages/airflow/example_dags/example_complex.py
[2023-12-15T22:41:38.380+0500] {processor.py:829} INFO - Processing file /home/amina/miniconda/lib/python3.11/site-packages/airflow/example_dags/example_complex.py for tasks to queue
[2023-12-15T22:41:38.381+0500] {logging_mixin.py:154} INFO - [2023-12-15T22:41:38.381+0500] {dagbag.py:536} INFO - Filling up the DagBag from /home/amina/miniconda/lib/python3.11/site-packages/airflow/example_dags/example_complex.py
[2023-12-15T22:41:38.392+0500] {processor.py:839} INFO - DAG(s) dict_keys(['example_complex']) retrieved from /home/amina/miniconda/lib/python3.11/site-packages/airflow/example_dags/example_complex.py
[2023-12-15T22:41:38.420+0500] {logging_mixin.py:154} INFO - [2023-12-15T22:41:38.420+0500] {dag.py:2941} INFO - Sync 1 DAGs
[2023-12-15T22:41:38.433+0500] {logging_mixin.py:154} INFO - [2023-12-15T22:41:38.432+0500] {dag.py:3722} INFO - Setting next_dagrun for example_complex to None, run_after=None
[2023-12-15T22:41:38.628+0500] {processor.py:179} INFO - Processing /home/amina/miniconda/lib/python3.11/site-packages/airflow/example_dags/example_complex.py took 0.261 seconds
[2023-12-15T22:42:29.407+0500] {processor.py:157} INFO - Started process (PID=11638) to work on /home/amina/miniconda/lib/python3.11/site-packages/airflow/example_dags/example_complex.py
[2023-12-15T22:42:29.429+0500] {processor.py:829} INFO - Processing file /home/amina/miniconda/lib/python3.11/site-packages/airflow/example_dags/example_complex.py for tasks to queue
[2023-12-15T22:42:29.430+0500] {logging_mixin.py:154} INFO - [2023-12-15T22:42:29.429+0500] {dagbag.py:536} INFO - Filling up the DagBag from /home/amina/miniconda/lib/python3.11/site-packages/airflow/example_dags/example_complex.py
[2023-12-15T22:42:29.440+0500] {processor.py:839} INFO - DAG(s) dict_keys(['example_complex']) retrieved from /home/amina/miniconda/lib/python3.11/site-packages/airflow/example_dags/example_complex.py
[2023-12-15T22:42:29.468+0500] {logging_mixin.py:154} INFO - [2023-12-15T22:42:29.468+0500] {dag.py:2941} INFO - Sync 1 DAGs
[2023-12-15T22:42:29.478+0500] {logging_mixin.py:154} INFO - [2023-12-15T22:42:29.478+0500] {dag.py:3722} INFO - Setting next_dagrun for example_complex to None, run_after=None
[2023-12-15T22:42:29.588+0500] {processor.py:179} INFO - Processing /home/amina/miniconda/lib/python3.11/site-packages/airflow/example_dags/example_complex.py took 0.183 seconds
[2023-12-15T22:43:37.824+0500] {processor.py:157} INFO - Started process (PID=11719) to work on /home/amina/miniconda/lib/python3.11/site-packages/airflow/example_dags/example_complex.py
[2023-12-15T22:43:37.851+0500] {processor.py:829} INFO - Processing file /home/amina/miniconda/lib/python3.11/site-packages/airflow/example_dags/example_complex.py for tasks to queue
[2023-12-15T22:43:37.852+0500] {logging_mixin.py:154} INFO - [2023-12-15T22:43:37.851+0500] {dagbag.py:536} INFO - Filling up the DagBag from /home/amina/miniconda/lib/python3.11/site-packages/airflow/example_dags/example_complex.py
[2023-12-15T22:43:37.863+0500] {processor.py:839} INFO - DAG(s) dict_keys(['example_complex']) retrieved from /home/amina/miniconda/lib/python3.11/site-packages/airflow/example_dags/example_complex.py
[2023-12-15T22:43:37.887+0500] {logging_mixin.py:154} INFO - [2023-12-15T22:43:37.886+0500] {dag.py:2941} INFO - Sync 1 DAGs
[2023-12-15T22:43:37.898+0500] {logging_mixin.py:154} INFO - [2023-12-15T22:43:37.898+0500] {dag.py:3722} INFO - Setting next_dagrun for example_complex to None, run_after=None
[2023-12-15T22:43:37.985+0500] {processor.py:179} INFO - Processing /home/amina/miniconda/lib/python3.11/site-packages/airflow/example_dags/example_complex.py took 0.169 seconds
[2023-12-15T22:44:32.412+0500] {processor.py:157} INFO - Started process (PID=11774) to work on /home/amina/miniconda/lib/python3.11/site-packages/airflow/example_dags/example_complex.py
[2023-12-15T22:44:32.429+0500] {processor.py:829} INFO - Processing file /home/amina/miniconda/lib/python3.11/site-packages/airflow/example_dags/example_complex.py for tasks to queue
[2023-12-15T22:44:32.430+0500] {logging_mixin.py:154} INFO - [2023-12-15T22:44:32.430+0500] {dagbag.py:536} INFO - Filling up the DagBag from /home/amina/miniconda/lib/python3.11/site-packages/airflow/example_dags/example_complex.py
[2023-12-15T22:44:32.444+0500] {processor.py:839} INFO - DAG(s) dict_keys(['example_complex']) retrieved from /home/amina/miniconda/lib/python3.11/site-packages/airflow/example_dags/example_complex.py
[2023-12-15T22:44:32.476+0500] {logging_mixin.py:154} INFO - [2023-12-15T22:44:32.475+0500] {dag.py:2941} INFO - Sync 1 DAGs
[2023-12-15T22:44:32.490+0500] {logging_mixin.py:154} INFO - [2023-12-15T22:44:32.490+0500] {dag.py:3722} INFO - Setting next_dagrun for example_complex to None, run_after=None
[2023-12-15T22:44:32.601+0500] {processor.py:179} INFO - Processing /home/amina/miniconda/lib/python3.11/site-packages/airflow/example_dags/example_complex.py took 0.193 seconds
[2023-12-15T22:45:25.667+0500] {processor.py:157} INFO - Started process (PID=11842) to work on /home/amina/miniconda/lib/python3.11/site-packages/airflow/example_dags/example_complex.py
[2023-12-15T22:45:25.677+0500] {processor.py:829} INFO - Processing file /home/amina/miniconda/lib/python3.11/site-packages/airflow/example_dags/example_complex.py for tasks to queue
[2023-12-15T22:45:25.678+0500] {logging_mixin.py:154} INFO - [2023-12-15T22:45:25.678+0500] {dagbag.py:536} INFO - Filling up the DagBag from /home/amina/miniconda/lib/python3.11/site-packages/airflow/example_dags/example_complex.py
[2023-12-15T22:45:25.689+0500] {processor.py:839} INFO - DAG(s) dict_keys(['example_complex']) retrieved from /home/amina/miniconda/lib/python3.11/site-packages/airflow/example_dags/example_complex.py
[2023-12-15T22:45:25.712+0500] {logging_mixin.py:154} INFO - [2023-12-15T22:45:25.712+0500] {dag.py:2941} INFO - Sync 1 DAGs
[2023-12-15T22:45:25.723+0500] {logging_mixin.py:154} INFO - [2023-12-15T22:45:25.723+0500] {dag.py:3722} INFO - Setting next_dagrun for example_complex to None, run_after=None
[2023-12-15T22:45:25.830+0500] {processor.py:179} INFO - Processing /home/amina/miniconda/lib/python3.11/site-packages/airflow/example_dags/example_complex.py took 0.166 seconds
[2023-12-15T22:46:21.353+0500] {processor.py:157} INFO - Started process (PID=11897) to work on /home/amina/miniconda/lib/python3.11/site-packages/airflow/example_dags/example_complex.py
[2023-12-15T22:46:21.385+0500] {processor.py:829} INFO - Processing file /home/amina/miniconda/lib/python3.11/site-packages/airflow/example_dags/example_complex.py for tasks to queue
[2023-12-15T22:46:21.386+0500] {logging_mixin.py:154} INFO - [2023-12-15T22:46:21.386+0500] {dagbag.py:536} INFO - Filling up the DagBag from /home/amina/miniconda/lib/python3.11/site-packages/airflow/example_dags/example_complex.py
[2023-12-15T22:46:21.397+0500] {processor.py:839} INFO - DAG(s) dict_keys(['example_complex']) retrieved from /home/amina/miniconda/lib/python3.11/site-packages/airflow/example_dags/example_complex.py
[2023-12-15T22:46:21.427+0500] {logging_mixin.py:154} INFO - [2023-12-15T22:46:21.426+0500] {dag.py:2941} INFO - Sync 1 DAGs
[2023-12-15T22:46:21.442+0500] {logging_mixin.py:154} INFO - [2023-12-15T22:46:21.442+0500] {dag.py:3722} INFO - Setting next_dagrun for example_complex to None, run_after=None
[2023-12-15T22:46:21.752+0500] {processor.py:179} INFO - Processing /home/amina/miniconda/lib/python3.11/site-packages/airflow/example_dags/example_complex.py took 0.402 seconds
[2023-12-15T22:47:19.035+0500] {processor.py:157} INFO - Started process (PID=11977) to work on /home/amina/miniconda/lib/python3.11/site-packages/airflow/example_dags/example_complex.py
[2023-12-15T22:47:19.088+0500] {processor.py:829} INFO - Processing file /home/amina/miniconda/lib/python3.11/site-packages/airflow/example_dags/example_complex.py for tasks to queue
[2023-12-15T22:47:19.089+0500] {logging_mixin.py:154} INFO - [2023-12-15T22:47:19.089+0500] {dagbag.py:536} INFO - Filling up the DagBag from /home/amina/miniconda/lib/python3.11/site-packages/airflow/example_dags/example_complex.py
[2023-12-15T22:47:19.102+0500] {processor.py:839} INFO - DAG(s) dict_keys(['example_complex']) retrieved from /home/amina/miniconda/lib/python3.11/site-packages/airflow/example_dags/example_complex.py
[2023-12-15T22:47:19.129+0500] {logging_mixin.py:154} INFO - [2023-12-15T22:47:19.129+0500] {dag.py:2941} INFO - Sync 1 DAGs
[2023-12-15T22:47:19.142+0500] {logging_mixin.py:154} INFO - [2023-12-15T22:47:19.142+0500] {dag.py:3722} INFO - Setting next_dagrun for example_complex to None, run_after=None
[2023-12-15T22:47:19.238+0500] {processor.py:179} INFO - Processing /home/amina/miniconda/lib/python3.11/site-packages/airflow/example_dags/example_complex.py took 0.207 seconds
[2023-12-15T22:48:16.383+0500] {processor.py:157} INFO - Started process (PID=12061) to work on /home/amina/miniconda/lib/python3.11/site-packages/airflow/example_dags/example_complex.py
[2023-12-15T22:48:16.435+0500] {processor.py:829} INFO - Processing file /home/amina/miniconda/lib/python3.11/site-packages/airflow/example_dags/example_complex.py for tasks to queue
[2023-12-15T22:48:16.436+0500] {logging_mixin.py:154} INFO - [2023-12-15T22:48:16.436+0500] {dagbag.py:536} INFO - Filling up the DagBag from /home/amina/miniconda/lib/python3.11/site-packages/airflow/example_dags/example_complex.py
[2023-12-15T22:48:16.446+0500] {processor.py:839} INFO - DAG(s) dict_keys(['example_complex']) retrieved from /home/amina/miniconda/lib/python3.11/site-packages/airflow/example_dags/example_complex.py
[2023-12-15T22:48:16.469+0500] {logging_mixin.py:154} INFO - [2023-12-15T22:48:16.469+0500] {dag.py:2941} INFO - Sync 1 DAGs
[2023-12-15T22:48:16.480+0500] {logging_mixin.py:154} INFO - [2023-12-15T22:48:16.480+0500] {dag.py:3722} INFO - Setting next_dagrun for example_complex to None, run_after=None
[2023-12-15T22:48:16.572+0500] {processor.py:179} INFO - Processing /home/amina/miniconda/lib/python3.11/site-packages/airflow/example_dags/example_complex.py took 0.191 seconds
