[2023-12-15T21:43:39.474+0500] {processor.py:157} INFO - Started process (PID=7515) to work on /home/amina/miniconda/lib/python3.11/site-packages/airflow/example_dags/example_branch_operator_decorator.py
[2023-12-15T21:43:39.475+0500] {processor.py:829} INFO - Processing file /home/amina/miniconda/lib/python3.11/site-packages/airflow/example_dags/example_branch_operator_decorator.py for tasks to queue
[2023-12-15T21:43:39.475+0500] {logging_mixin.py:154} INFO - [2023-12-15T21:43:39.475+0500] {dagbag.py:536} INFO - Filling up the DagBag from /home/amina/miniconda/lib/python3.11/site-packages/airflow/example_dags/example_branch_operator_decorator.py
[2023-12-15T21:43:39.492+0500] {processor.py:839} INFO - DAG(s) dict_keys(['example_branch_python_operator_decorator']) retrieved from /home/amina/miniconda/lib/python3.11/site-packages/airflow/example_dags/example_branch_operator_decorator.py
[2023-12-15T21:43:39.516+0500] {logging_mixin.py:154} INFO - [2023-12-15T21:43:39.516+0500] {dag.py:2941} INFO - Sync 1 DAGs
[2023-12-15T21:43:39.541+0500] {logging_mixin.py:154} INFO - [2023-12-15T21:43:39.540+0500] {dag.py:3722} INFO - Setting next_dagrun for example_branch_python_operator_decorator to 2023-12-14T00:00:00+00:00, run_after=2023-12-15T00:00:00+00:00
[2023-12-15T21:43:39.678+0500] {processor.py:179} INFO - Processing /home/amina/miniconda/lib/python3.11/site-packages/airflow/example_dags/example_branch_operator_decorator.py took 0.207 seconds
[2023-12-15T21:44:36.979+0500] {processor.py:157} INFO - Started process (PID=7567) to work on /home/amina/miniconda/lib/python3.11/site-packages/airflow/example_dags/example_branch_operator_decorator.py
[2023-12-15T21:44:36.996+0500] {processor.py:829} INFO - Processing file /home/amina/miniconda/lib/python3.11/site-packages/airflow/example_dags/example_branch_operator_decorator.py for tasks to queue
[2023-12-15T21:44:36.998+0500] {logging_mixin.py:154} INFO - [2023-12-15T21:44:36.997+0500] {dagbag.py:536} INFO - Filling up the DagBag from /home/amina/miniconda/lib/python3.11/site-packages/airflow/example_dags/example_branch_operator_decorator.py
[2023-12-15T21:44:37.015+0500] {processor.py:839} INFO - DAG(s) dict_keys(['example_branch_python_operator_decorator']) retrieved from /home/amina/miniconda/lib/python3.11/site-packages/airflow/example_dags/example_branch_operator_decorator.py
[2023-12-15T21:44:37.045+0500] {logging_mixin.py:154} INFO - [2023-12-15T21:44:37.045+0500] {dag.py:2941} INFO - Sync 1 DAGs
[2023-12-15T21:44:37.217+0500] {logging_mixin.py:154} INFO - [2023-12-15T21:44:37.217+0500] {dag.py:3722} INFO - Setting next_dagrun for example_branch_python_operator_decorator to 2023-12-14T00:00:00+00:00, run_after=2023-12-15T00:00:00+00:00
[2023-12-15T21:44:37.372+0500] {processor.py:179} INFO - Processing /home/amina/miniconda/lib/python3.11/site-packages/airflow/example_dags/example_branch_operator_decorator.py took 0.396 seconds
[2023-12-15T21:48:19.114+0500] {processor.py:157} INFO - Started process (PID=7782) to work on /home/amina/miniconda/lib/python3.11/site-packages/airflow/example_dags/example_branch_operator_decorator.py
[2023-12-15T21:48:19.158+0500] {processor.py:829} INFO - Processing file /home/amina/miniconda/lib/python3.11/site-packages/airflow/example_dags/example_branch_operator_decorator.py for tasks to queue
[2023-12-15T21:48:19.159+0500] {logging_mixin.py:154} INFO - [2023-12-15T21:48:19.158+0500] {dagbag.py:536} INFO - Filling up the DagBag from /home/amina/miniconda/lib/python3.11/site-packages/airflow/example_dags/example_branch_operator_decorator.py
[2023-12-15T21:48:19.171+0500] {processor.py:839} INFO - DAG(s) dict_keys(['example_branch_python_operator_decorator']) retrieved from /home/amina/miniconda/lib/python3.11/site-packages/airflow/example_dags/example_branch_operator_decorator.py
[2023-12-15T21:48:19.189+0500] {logging_mixin.py:154} INFO - [2023-12-15T21:48:19.189+0500] {dag.py:2941} INFO - Sync 1 DAGs
[2023-12-15T21:48:19.212+0500] {logging_mixin.py:154} INFO - [2023-12-15T21:48:19.212+0500] {dag.py:3722} INFO - Setting next_dagrun for example_branch_python_operator_decorator to 2023-12-14T00:00:00+00:00, run_after=2023-12-15T00:00:00+00:00
[2023-12-15T21:48:19.497+0500] {processor.py:179} INFO - Processing /home/amina/miniconda/lib/python3.11/site-packages/airflow/example_dags/example_branch_operator_decorator.py took 0.386 seconds
[2023-12-15T21:49:29.877+0500] {processor.py:157} INFO - Started process (PID=7867) to work on /home/amina/miniconda/lib/python3.11/site-packages/airflow/example_dags/example_branch_operator_decorator.py
[2023-12-15T21:49:29.923+0500] {processor.py:829} INFO - Processing file /home/amina/miniconda/lib/python3.11/site-packages/airflow/example_dags/example_branch_operator_decorator.py for tasks to queue
[2023-12-15T21:49:29.924+0500] {logging_mixin.py:154} INFO - [2023-12-15T21:49:29.924+0500] {dagbag.py:536} INFO - Filling up the DagBag from /home/amina/miniconda/lib/python3.11/site-packages/airflow/example_dags/example_branch_operator_decorator.py
[2023-12-15T21:49:29.934+0500] {processor.py:839} INFO - DAG(s) dict_keys(['example_branch_python_operator_decorator']) retrieved from /home/amina/miniconda/lib/python3.11/site-packages/airflow/example_dags/example_branch_operator_decorator.py
[2023-12-15T21:49:29.951+0500] {logging_mixin.py:154} INFO - [2023-12-15T21:49:29.951+0500] {dag.py:2941} INFO - Sync 1 DAGs
[2023-12-15T21:49:29.972+0500] {logging_mixin.py:154} INFO - [2023-12-15T21:49:29.972+0500] {dag.py:3722} INFO - Setting next_dagrun for example_branch_python_operator_decorator to 2023-12-14T00:00:00+00:00, run_after=2023-12-15T00:00:00+00:00
[2023-12-15T21:49:30.067+0500] {processor.py:179} INFO - Processing /home/amina/miniconda/lib/python3.11/site-packages/airflow/example_dags/example_branch_operator_decorator.py took 0.193 seconds
[2023-12-15T21:50:41.958+0500] {processor.py:157} INFO - Started process (PID=7932) to work on /home/amina/miniconda/lib/python3.11/site-packages/airflow/example_dags/example_branch_operator_decorator.py
[2023-12-15T21:50:41.978+0500] {processor.py:829} INFO - Processing file /home/amina/miniconda/lib/python3.11/site-packages/airflow/example_dags/example_branch_operator_decorator.py for tasks to queue
[2023-12-15T21:50:41.980+0500] {logging_mixin.py:154} INFO - [2023-12-15T21:50:41.979+0500] {dagbag.py:536} INFO - Filling up the DagBag from /home/amina/miniconda/lib/python3.11/site-packages/airflow/example_dags/example_branch_operator_decorator.py
[2023-12-15T21:50:41.999+0500] {processor.py:839} INFO - DAG(s) dict_keys(['example_branch_python_operator_decorator']) retrieved from /home/amina/miniconda/lib/python3.11/site-packages/airflow/example_dags/example_branch_operator_decorator.py
[2023-12-15T21:50:42.129+0500] {logging_mixin.py:154} INFO - [2023-12-15T21:50:42.128+0500] {dag.py:2941} INFO - Sync 1 DAGs
[2023-12-15T21:50:42.161+0500] {logging_mixin.py:154} INFO - [2023-12-15T21:50:42.161+0500] {dag.py:3722} INFO - Setting next_dagrun for example_branch_python_operator_decorator to 2023-12-14T00:00:00+00:00, run_after=2023-12-15T00:00:00+00:00
[2023-12-15T21:50:42.269+0500] {processor.py:179} INFO - Processing /home/amina/miniconda/lib/python3.11/site-packages/airflow/example_dags/example_branch_operator_decorator.py took 0.316 seconds
[2023-12-15T21:52:34.185+0500] {processor.py:157} INFO - Started process (PID=8104) to work on /home/amina/miniconda/lib/python3.11/site-packages/airflow/example_dags/example_branch_operator_decorator.py
[2023-12-15T21:52:34.243+0500] {processor.py:829} INFO - Processing file /home/amina/miniconda/lib/python3.11/site-packages/airflow/example_dags/example_branch_operator_decorator.py for tasks to queue
[2023-12-15T21:52:34.244+0500] {logging_mixin.py:154} INFO - [2023-12-15T21:52:34.244+0500] {dagbag.py:536} INFO - Filling up the DagBag from /home/amina/miniconda/lib/python3.11/site-packages/airflow/example_dags/example_branch_operator_decorator.py
[2023-12-15T21:52:34.254+0500] {processor.py:839} INFO - DAG(s) dict_keys(['example_branch_python_operator_decorator']) retrieved from /home/amina/miniconda/lib/python3.11/site-packages/airflow/example_dags/example_branch_operator_decorator.py
[2023-12-15T21:52:34.270+0500] {logging_mixin.py:154} INFO - [2023-12-15T21:52:34.270+0500] {dag.py:2941} INFO - Sync 1 DAGs
[2023-12-15T21:52:34.293+0500] {logging_mixin.py:154} INFO - [2023-12-15T21:52:34.293+0500] {dag.py:3722} INFO - Setting next_dagrun for example_branch_python_operator_decorator to 2023-12-14T00:00:00+00:00, run_after=2023-12-15T00:00:00+00:00
[2023-12-15T21:52:34.399+0500] {processor.py:179} INFO - Processing /home/amina/miniconda/lib/python3.11/site-packages/airflow/example_dags/example_branch_operator_decorator.py took 0.216 seconds
[2023-12-15T21:53:41.561+0500] {processor.py:157} INFO - Started process (PID=8176) to work on /home/amina/miniconda/lib/python3.11/site-packages/airflow/example_dags/example_branch_operator_decorator.py
[2023-12-15T21:53:41.604+0500] {processor.py:829} INFO - Processing file /home/amina/miniconda/lib/python3.11/site-packages/airflow/example_dags/example_branch_operator_decorator.py for tasks to queue
[2023-12-15T21:53:41.605+0500] {logging_mixin.py:154} INFO - [2023-12-15T21:53:41.605+0500] {dagbag.py:536} INFO - Filling up the DagBag from /home/amina/miniconda/lib/python3.11/site-packages/airflow/example_dags/example_branch_operator_decorator.py
[2023-12-15T21:53:41.624+0500] {processor.py:839} INFO - DAG(s) dict_keys(['example_branch_python_operator_decorator']) retrieved from /home/amina/miniconda/lib/python3.11/site-packages/airflow/example_dags/example_branch_operator_decorator.py
[2023-12-15T21:53:41.653+0500] {logging_mixin.py:154} INFO - [2023-12-15T21:53:41.653+0500] {dag.py:2941} INFO - Sync 1 DAGs
[2023-12-15T21:53:41.695+0500] {logging_mixin.py:154} INFO - [2023-12-15T21:53:41.695+0500] {dag.py:3722} INFO - Setting next_dagrun for example_branch_python_operator_decorator to 2023-12-14T00:00:00+00:00, run_after=2023-12-15T00:00:00+00:00
[2023-12-15T21:53:41.821+0500] {processor.py:179} INFO - Processing /home/amina/miniconda/lib/python3.11/site-packages/airflow/example_dags/example_branch_operator_decorator.py took 0.265 seconds
[2023-12-15T21:54:33.177+0500] {processor.py:157} INFO - Started process (PID=8237) to work on /home/amina/miniconda/lib/python3.11/site-packages/airflow/example_dags/example_branch_operator_decorator.py
[2023-12-15T21:54:33.208+0500] {processor.py:829} INFO - Processing file /home/amina/miniconda/lib/python3.11/site-packages/airflow/example_dags/example_branch_operator_decorator.py for tasks to queue
[2023-12-15T21:54:33.209+0500] {logging_mixin.py:154} INFO - [2023-12-15T21:54:33.209+0500] {dagbag.py:536} INFO - Filling up the DagBag from /home/amina/miniconda/lib/python3.11/site-packages/airflow/example_dags/example_branch_operator_decorator.py
[2023-12-15T21:54:33.219+0500] {processor.py:839} INFO - DAG(s) dict_keys(['example_branch_python_operator_decorator']) retrieved from /home/amina/miniconda/lib/python3.11/site-packages/airflow/example_dags/example_branch_operator_decorator.py
[2023-12-15T21:54:33.236+0500] {logging_mixin.py:154} INFO - [2023-12-15T21:54:33.236+0500] {dag.py:2941} INFO - Sync 1 DAGs
[2023-12-15T21:54:33.259+0500] {logging_mixin.py:154} INFO - [2023-12-15T21:54:33.259+0500] {dag.py:3722} INFO - Setting next_dagrun for example_branch_python_operator_decorator to 2023-12-14T00:00:00+00:00, run_after=2023-12-15T00:00:00+00:00
[2023-12-15T21:54:33.388+0500] {processor.py:179} INFO - Processing /home/amina/miniconda/lib/python3.11/site-packages/airflow/example_dags/example_branch_operator_decorator.py took 0.214 seconds
[2023-12-15T21:55:37.897+0500] {processor.py:157} INFO - Started process (PID=8314) to work on /home/amina/miniconda/lib/python3.11/site-packages/airflow/example_dags/example_branch_operator_decorator.py
[2023-12-15T21:55:37.930+0500] {processor.py:829} INFO - Processing file /home/amina/miniconda/lib/python3.11/site-packages/airflow/example_dags/example_branch_operator_decorator.py for tasks to queue
[2023-12-15T21:55:37.931+0500] {logging_mixin.py:154} INFO - [2023-12-15T21:55:37.931+0500] {dagbag.py:536} INFO - Filling up the DagBag from /home/amina/miniconda/lib/python3.11/site-packages/airflow/example_dags/example_branch_operator_decorator.py
[2023-12-15T21:55:37.941+0500] {processor.py:839} INFO - DAG(s) dict_keys(['example_branch_python_operator_decorator']) retrieved from /home/amina/miniconda/lib/python3.11/site-packages/airflow/example_dags/example_branch_operator_decorator.py
[2023-12-15T21:55:37.963+0500] {logging_mixin.py:154} INFO - [2023-12-15T21:55:37.962+0500] {dag.py:2941} INFO - Sync 1 DAGs
[2023-12-15T21:55:37.984+0500] {logging_mixin.py:154} INFO - [2023-12-15T21:55:37.984+0500] {dag.py:3722} INFO - Setting next_dagrun for example_branch_python_operator_decorator to 2023-12-14T00:00:00+00:00, run_after=2023-12-15T00:00:00+00:00
[2023-12-15T21:55:38.091+0500] {processor.py:179} INFO - Processing /home/amina/miniconda/lib/python3.11/site-packages/airflow/example_dags/example_branch_operator_decorator.py took 0.197 seconds
[2023-12-15T21:56:52.540+0500] {processor.py:157} INFO - Started process (PID=8389) to work on /home/amina/miniconda/lib/python3.11/site-packages/airflow/example_dags/example_branch_operator_decorator.py
[2023-12-15T21:56:52.589+0500] {processor.py:829} INFO - Processing file /home/amina/miniconda/lib/python3.11/site-packages/airflow/example_dags/example_branch_operator_decorator.py for tasks to queue
[2023-12-15T21:56:52.590+0500] {logging_mixin.py:154} INFO - [2023-12-15T21:56:52.590+0500] {dagbag.py:536} INFO - Filling up the DagBag from /home/amina/miniconda/lib/python3.11/site-packages/airflow/example_dags/example_branch_operator_decorator.py
[2023-12-15T21:56:52.601+0500] {processor.py:839} INFO - DAG(s) dict_keys(['example_branch_python_operator_decorator']) retrieved from /home/amina/miniconda/lib/python3.11/site-packages/airflow/example_dags/example_branch_operator_decorator.py
[2023-12-15T21:56:52.620+0500] {logging_mixin.py:154} INFO - [2023-12-15T21:56:52.619+0500] {dag.py:2941} INFO - Sync 1 DAGs
[2023-12-15T21:56:52.645+0500] {logging_mixin.py:154} INFO - [2023-12-15T21:56:52.645+0500] {dag.py:3722} INFO - Setting next_dagrun for example_branch_python_operator_decorator to 2023-12-14T00:00:00+00:00, run_after=2023-12-15T00:00:00+00:00
[2023-12-15T21:56:52.754+0500] {processor.py:179} INFO - Processing /home/amina/miniconda/lib/python3.11/site-packages/airflow/example_dags/example_branch_operator_decorator.py took 0.220 seconds
[2023-12-15T21:58:10.925+0500] {processor.py:157} INFO - Started process (PID=8483) to work on /home/amina/miniconda/lib/python3.11/site-packages/airflow/example_dags/example_branch_operator_decorator.py
[2023-12-15T21:58:10.967+0500] {processor.py:829} INFO - Processing file /home/amina/miniconda/lib/python3.11/site-packages/airflow/example_dags/example_branch_operator_decorator.py for tasks to queue
[2023-12-15T21:58:10.968+0500] {logging_mixin.py:154} INFO - [2023-12-15T21:58:10.968+0500] {dagbag.py:536} INFO - Filling up the DagBag from /home/amina/miniconda/lib/python3.11/site-packages/airflow/example_dags/example_branch_operator_decorator.py
[2023-12-15T21:58:10.978+0500] {processor.py:839} INFO - DAG(s) dict_keys(['example_branch_python_operator_decorator']) retrieved from /home/amina/miniconda/lib/python3.11/site-packages/airflow/example_dags/example_branch_operator_decorator.py
[2023-12-15T21:58:10.994+0500] {logging_mixin.py:154} INFO - [2023-12-15T21:58:10.994+0500] {dag.py:2941} INFO - Sync 1 DAGs
[2023-12-15T21:58:11.014+0500] {logging_mixin.py:154} INFO - [2023-12-15T21:58:11.014+0500] {dag.py:3722} INFO - Setting next_dagrun for example_branch_python_operator_decorator to 2023-12-14T00:00:00+00:00, run_after=2023-12-15T00:00:00+00:00
[2023-12-15T21:58:11.136+0500] {processor.py:179} INFO - Processing /home/amina/miniconda/lib/python3.11/site-packages/airflow/example_dags/example_branch_operator_decorator.py took 0.213 seconds
[2023-12-15T21:59:05.181+0500] {processor.py:157} INFO - Started process (PID=8538) to work on /home/amina/miniconda/lib/python3.11/site-packages/airflow/example_dags/example_branch_operator_decorator.py
[2023-12-15T21:59:05.197+0500] {processor.py:829} INFO - Processing file /home/amina/miniconda/lib/python3.11/site-packages/airflow/example_dags/example_branch_operator_decorator.py for tasks to queue
[2023-12-15T21:59:05.198+0500] {logging_mixin.py:154} INFO - [2023-12-15T21:59:05.198+0500] {dagbag.py:536} INFO - Filling up the DagBag from /home/amina/miniconda/lib/python3.11/site-packages/airflow/example_dags/example_branch_operator_decorator.py
[2023-12-15T21:59:05.208+0500] {processor.py:839} INFO - DAG(s) dict_keys(['example_branch_python_operator_decorator']) retrieved from /home/amina/miniconda/lib/python3.11/site-packages/airflow/example_dags/example_branch_operator_decorator.py
[2023-12-15T21:59:05.224+0500] {logging_mixin.py:154} INFO - [2023-12-15T21:59:05.224+0500] {dag.py:2941} INFO - Sync 1 DAGs
[2023-12-15T21:59:05.244+0500] {logging_mixin.py:154} INFO - [2023-12-15T21:59:05.244+0500] {dag.py:3722} INFO - Setting next_dagrun for example_branch_python_operator_decorator to 2023-12-14T00:00:00+00:00, run_after=2023-12-15T00:00:00+00:00
[2023-12-15T21:59:05.375+0500] {processor.py:179} INFO - Processing /home/amina/miniconda/lib/python3.11/site-packages/airflow/example_dags/example_branch_operator_decorator.py took 0.197 seconds
[2023-12-15T21:59:58.953+0500] {processor.py:157} INFO - Started process (PID=8606) to work on /home/amina/miniconda/lib/python3.11/site-packages/airflow/example_dags/example_branch_operator_decorator.py
[2023-12-15T21:59:59.019+0500] {processor.py:829} INFO - Processing file /home/amina/miniconda/lib/python3.11/site-packages/airflow/example_dags/example_branch_operator_decorator.py for tasks to queue
[2023-12-15T21:59:59.020+0500] {logging_mixin.py:154} INFO - [2023-12-15T21:59:59.019+0500] {dagbag.py:536} INFO - Filling up the DagBag from /home/amina/miniconda/lib/python3.11/site-packages/airflow/example_dags/example_branch_operator_decorator.py
[2023-12-15T21:59:59.030+0500] {processor.py:839} INFO - DAG(s) dict_keys(['example_branch_python_operator_decorator']) retrieved from /home/amina/miniconda/lib/python3.11/site-packages/airflow/example_dags/example_branch_operator_decorator.py
[2023-12-15T21:59:59.047+0500] {logging_mixin.py:154} INFO - [2023-12-15T21:59:59.046+0500] {dag.py:2941} INFO - Sync 1 DAGs
[2023-12-15T21:59:59.069+0500] {logging_mixin.py:154} INFO - [2023-12-15T21:59:59.068+0500] {dag.py:3722} INFO - Setting next_dagrun for example_branch_python_operator_decorator to 2023-12-14T00:00:00+00:00, run_after=2023-12-15T00:00:00+00:00
[2023-12-15T21:59:59.180+0500] {processor.py:179} INFO - Processing /home/amina/miniconda/lib/python3.11/site-packages/airflow/example_dags/example_branch_operator_decorator.py took 0.230 seconds
[2023-12-15T22:00:54.070+0500] {processor.py:157} INFO - Started process (PID=8678) to work on /home/amina/miniconda/lib/python3.11/site-packages/airflow/example_dags/example_branch_operator_decorator.py
[2023-12-15T22:00:54.123+0500] {processor.py:829} INFO - Processing file /home/amina/miniconda/lib/python3.11/site-packages/airflow/example_dags/example_branch_operator_decorator.py for tasks to queue
[2023-12-15T22:00:54.123+0500] {logging_mixin.py:154} INFO - [2023-12-15T22:00:54.123+0500] {dagbag.py:536} INFO - Filling up the DagBag from /home/amina/miniconda/lib/python3.11/site-packages/airflow/example_dags/example_branch_operator_decorator.py
[2023-12-15T22:00:54.137+0500] {processor.py:839} INFO - DAG(s) dict_keys(['example_branch_python_operator_decorator']) retrieved from /home/amina/miniconda/lib/python3.11/site-packages/airflow/example_dags/example_branch_operator_decorator.py
[2023-12-15T22:00:54.159+0500] {logging_mixin.py:154} INFO - [2023-12-15T22:00:54.159+0500] {dag.py:2941} INFO - Sync 1 DAGs
[2023-12-15T22:00:54.182+0500] {logging_mixin.py:154} INFO - [2023-12-15T22:00:54.182+0500] {dag.py:3722} INFO - Setting next_dagrun for example_branch_python_operator_decorator to 2023-12-14T00:00:00+00:00, run_after=2023-12-15T00:00:00+00:00
[2023-12-15T22:00:54.285+0500] {processor.py:179} INFO - Processing /home/amina/miniconda/lib/python3.11/site-packages/airflow/example_dags/example_branch_operator_decorator.py took 0.219 seconds
[2023-12-15T22:01:46.111+0500] {processor.py:157} INFO - Started process (PID=8740) to work on /home/amina/miniconda/lib/python3.11/site-packages/airflow/example_dags/example_branch_operator_decorator.py
[2023-12-15T22:01:46.112+0500] {processor.py:829} INFO - Processing file /home/amina/miniconda/lib/python3.11/site-packages/airflow/example_dags/example_branch_operator_decorator.py for tasks to queue
[2023-12-15T22:01:46.113+0500] {logging_mixin.py:154} INFO - [2023-12-15T22:01:46.112+0500] {dagbag.py:536} INFO - Filling up the DagBag from /home/amina/miniconda/lib/python3.11/site-packages/airflow/example_dags/example_branch_operator_decorator.py
[2023-12-15T22:01:46.123+0500] {processor.py:839} INFO - DAG(s) dict_keys(['example_branch_python_operator_decorator']) retrieved from /home/amina/miniconda/lib/python3.11/site-packages/airflow/example_dags/example_branch_operator_decorator.py
[2023-12-15T22:01:46.139+0500] {logging_mixin.py:154} INFO - [2023-12-15T22:01:46.139+0500] {dag.py:2941} INFO - Sync 1 DAGs
[2023-12-15T22:01:46.168+0500] {logging_mixin.py:154} INFO - [2023-12-15T22:01:46.168+0500] {dag.py:3722} INFO - Setting next_dagrun for example_branch_python_operator_decorator to 2023-12-14T00:00:00+00:00, run_after=2023-12-15T00:00:00+00:00
[2023-12-15T22:01:46.276+0500] {processor.py:179} INFO - Processing /home/amina/miniconda/lib/python3.11/site-packages/airflow/example_dags/example_branch_operator_decorator.py took 0.169 seconds
[2023-12-15T22:03:02.467+0500] {processor.py:157} INFO - Started process (PID=8831) to work on /home/amina/miniconda/lib/python3.11/site-packages/airflow/example_dags/example_branch_operator_decorator.py
[2023-12-15T22:03:02.489+0500] {processor.py:829} INFO - Processing file /home/amina/miniconda/lib/python3.11/site-packages/airflow/example_dags/example_branch_operator_decorator.py for tasks to queue
[2023-12-15T22:03:02.490+0500] {logging_mixin.py:154} INFO - [2023-12-15T22:03:02.490+0500] {dagbag.py:536} INFO - Filling up the DagBag from /home/amina/miniconda/lib/python3.11/site-packages/airflow/example_dags/example_branch_operator_decorator.py
[2023-12-15T22:03:02.501+0500] {processor.py:839} INFO - DAG(s) dict_keys(['example_branch_python_operator_decorator']) retrieved from /home/amina/miniconda/lib/python3.11/site-packages/airflow/example_dags/example_branch_operator_decorator.py
[2023-12-15T22:03:02.518+0500] {logging_mixin.py:154} INFO - [2023-12-15T22:03:02.518+0500] {dag.py:2941} INFO - Sync 1 DAGs
[2023-12-15T22:03:02.539+0500] {logging_mixin.py:154} INFO - [2023-12-15T22:03:02.539+0500] {dag.py:3722} INFO - Setting next_dagrun for example_branch_python_operator_decorator to 2023-12-14T00:00:00+00:00, run_after=2023-12-15T00:00:00+00:00
[2023-12-15T22:03:02.669+0500] {processor.py:179} INFO - Processing /home/amina/miniconda/lib/python3.11/site-packages/airflow/example_dags/example_branch_operator_decorator.py took 0.206 seconds
[2023-12-15T22:04:45.438+0500] {processor.py:157} INFO - Started process (PID=8946) to work on /home/amina/miniconda/lib/python3.11/site-packages/airflow/example_dags/example_branch_operator_decorator.py
[2023-12-15T22:04:45.471+0500] {processor.py:829} INFO - Processing file /home/amina/miniconda/lib/python3.11/site-packages/airflow/example_dags/example_branch_operator_decorator.py for tasks to queue
[2023-12-15T22:04:45.471+0500] {logging_mixin.py:154} INFO - [2023-12-15T22:04:45.471+0500] {dagbag.py:536} INFO - Filling up the DagBag from /home/amina/miniconda/lib/python3.11/site-packages/airflow/example_dags/example_branch_operator_decorator.py
[2023-12-15T22:04:45.483+0500] {processor.py:839} INFO - DAG(s) dict_keys(['example_branch_python_operator_decorator']) retrieved from /home/amina/miniconda/lib/python3.11/site-packages/airflow/example_dags/example_branch_operator_decorator.py
[2023-12-15T22:04:45.503+0500] {logging_mixin.py:154} INFO - [2023-12-15T22:04:45.502+0500] {dag.py:2941} INFO - Sync 1 DAGs
[2023-12-15T22:04:45.525+0500] {logging_mixin.py:154} INFO - [2023-12-15T22:04:45.525+0500] {dag.py:3722} INFO - Setting next_dagrun for example_branch_python_operator_decorator to 2023-12-14T00:00:00+00:00, run_after=2023-12-15T00:00:00+00:00
[2023-12-15T22:04:45.623+0500] {processor.py:179} INFO - Processing /home/amina/miniconda/lib/python3.11/site-packages/airflow/example_dags/example_branch_operator_decorator.py took 0.188 seconds
[2023-12-15T22:05:46.159+0500] {processor.py:157} INFO - Started process (PID=9010) to work on /home/amina/miniconda/lib/python3.11/site-packages/airflow/example_dags/example_branch_operator_decorator.py
[2023-12-15T22:05:46.223+0500] {processor.py:829} INFO - Processing file /home/amina/miniconda/lib/python3.11/site-packages/airflow/example_dags/example_branch_operator_decorator.py for tasks to queue
[2023-12-15T22:05:46.224+0500] {logging_mixin.py:154} INFO - [2023-12-15T22:05:46.223+0500] {dagbag.py:536} INFO - Filling up the DagBag from /home/amina/miniconda/lib/python3.11/site-packages/airflow/example_dags/example_branch_operator_decorator.py
[2023-12-15T22:05:46.235+0500] {processor.py:839} INFO - DAG(s) dict_keys(['example_branch_python_operator_decorator']) retrieved from /home/amina/miniconda/lib/python3.11/site-packages/airflow/example_dags/example_branch_operator_decorator.py
[2023-12-15T22:05:46.252+0500] {logging_mixin.py:154} INFO - [2023-12-15T22:05:46.252+0500] {dag.py:2941} INFO - Sync 1 DAGs
[2023-12-15T22:05:46.275+0500] {logging_mixin.py:154} INFO - [2023-12-15T22:05:46.274+0500] {dag.py:3722} INFO - Setting next_dagrun for example_branch_python_operator_decorator to 2023-12-14T00:00:00+00:00, run_after=2023-12-15T00:00:00+00:00
[2023-12-15T22:05:46.381+0500] {processor.py:179} INFO - Processing /home/amina/miniconda/lib/python3.11/site-packages/airflow/example_dags/example_branch_operator_decorator.py took 0.225 seconds
[2023-12-15T22:06:45.063+0500] {processor.py:157} INFO - Started process (PID=9066) to work on /home/amina/miniconda/lib/python3.11/site-packages/airflow/example_dags/example_branch_operator_decorator.py
[2023-12-15T22:06:45.106+0500] {processor.py:829} INFO - Processing file /home/amina/miniconda/lib/python3.11/site-packages/airflow/example_dags/example_branch_operator_decorator.py for tasks to queue
[2023-12-15T22:06:45.107+0500] {logging_mixin.py:154} INFO - [2023-12-15T22:06:45.107+0500] {dagbag.py:536} INFO - Filling up the DagBag from /home/amina/miniconda/lib/python3.11/site-packages/airflow/example_dags/example_branch_operator_decorator.py
[2023-12-15T22:06:45.118+0500] {processor.py:839} INFO - DAG(s) dict_keys(['example_branch_python_operator_decorator']) retrieved from /home/amina/miniconda/lib/python3.11/site-packages/airflow/example_dags/example_branch_operator_decorator.py
[2023-12-15T22:06:45.136+0500] {logging_mixin.py:154} INFO - [2023-12-15T22:06:45.136+0500] {dag.py:2941} INFO - Sync 1 DAGs
[2023-12-15T22:06:45.159+0500] {logging_mixin.py:154} INFO - [2023-12-15T22:06:45.159+0500] {dag.py:3722} INFO - Setting next_dagrun for example_branch_python_operator_decorator to 2023-12-14T00:00:00+00:00, run_after=2023-12-15T00:00:00+00:00
[2023-12-15T22:06:45.231+0500] {processor.py:179} INFO - Processing /home/amina/miniconda/lib/python3.11/site-packages/airflow/example_dags/example_branch_operator_decorator.py took 0.170 seconds
[2023-12-15T22:07:50.710+0500] {processor.py:157} INFO - Started process (PID=9133) to work on /home/amina/miniconda/lib/python3.11/site-packages/airflow/example_dags/example_branch_operator_decorator.py
[2023-12-15T22:07:50.760+0500] {processor.py:829} INFO - Processing file /home/amina/miniconda/lib/python3.11/site-packages/airflow/example_dags/example_branch_operator_decorator.py for tasks to queue
[2023-12-15T22:07:50.761+0500] {logging_mixin.py:154} INFO - [2023-12-15T22:07:50.760+0500] {dagbag.py:536} INFO - Filling up the DagBag from /home/amina/miniconda/lib/python3.11/site-packages/airflow/example_dags/example_branch_operator_decorator.py
[2023-12-15T22:07:50.773+0500] {processor.py:839} INFO - DAG(s) dict_keys(['example_branch_python_operator_decorator']) retrieved from /home/amina/miniconda/lib/python3.11/site-packages/airflow/example_dags/example_branch_operator_decorator.py
[2023-12-15T22:07:50.794+0500] {logging_mixin.py:154} INFO - [2023-12-15T22:07:50.793+0500] {dag.py:2941} INFO - Sync 1 DAGs
[2023-12-15T22:07:50.818+0500] {logging_mixin.py:154} INFO - [2023-12-15T22:07:50.818+0500] {dag.py:3722} INFO - Setting next_dagrun for example_branch_python_operator_decorator to 2023-12-14T00:00:00+00:00, run_after=2023-12-15T00:00:00+00:00
[2023-12-15T22:07:50.910+0500] {processor.py:179} INFO - Processing /home/amina/miniconda/lib/python3.11/site-packages/airflow/example_dags/example_branch_operator_decorator.py took 0.203 seconds
[2023-12-15T22:08:51.651+0500] {processor.py:157} INFO - Started process (PID=9206) to work on /home/amina/miniconda/lib/python3.11/site-packages/airflow/example_dags/example_branch_operator_decorator.py
[2023-12-15T22:08:51.712+0500] {processor.py:829} INFO - Processing file /home/amina/miniconda/lib/python3.11/site-packages/airflow/example_dags/example_branch_operator_decorator.py for tasks to queue
[2023-12-15T22:08:51.713+0500] {logging_mixin.py:154} INFO - [2023-12-15T22:08:51.713+0500] {dagbag.py:536} INFO - Filling up the DagBag from /home/amina/miniconda/lib/python3.11/site-packages/airflow/example_dags/example_branch_operator_decorator.py
[2023-12-15T22:08:51.726+0500] {processor.py:839} INFO - DAG(s) dict_keys(['example_branch_python_operator_decorator']) retrieved from /home/amina/miniconda/lib/python3.11/site-packages/airflow/example_dags/example_branch_operator_decorator.py
[2023-12-15T22:08:51.755+0500] {logging_mixin.py:154} INFO - [2023-12-15T22:08:51.755+0500] {dag.py:2941} INFO - Sync 1 DAGs
[2023-12-15T22:08:51.786+0500] {logging_mixin.py:154} INFO - [2023-12-15T22:08:51.786+0500] {dag.py:3722} INFO - Setting next_dagrun for example_branch_python_operator_decorator to 2023-12-14T00:00:00+00:00, run_after=2023-12-15T00:00:00+00:00
[2023-12-15T22:08:51.982+0500] {processor.py:179} INFO - Processing /home/amina/miniconda/lib/python3.11/site-packages/airflow/example_dags/example_branch_operator_decorator.py took 0.335 seconds
[2023-12-15T22:09:56.732+0500] {processor.py:157} INFO - Started process (PID=9273) to work on /home/amina/miniconda/lib/python3.11/site-packages/airflow/example_dags/example_branch_operator_decorator.py
[2023-12-15T22:09:56.788+0500] {processor.py:829} INFO - Processing file /home/amina/miniconda/lib/python3.11/site-packages/airflow/example_dags/example_branch_operator_decorator.py for tasks to queue
[2023-12-15T22:09:56.788+0500] {logging_mixin.py:154} INFO - [2023-12-15T22:09:56.788+0500] {dagbag.py:536} INFO - Filling up the DagBag from /home/amina/miniconda/lib/python3.11/site-packages/airflow/example_dags/example_branch_operator_decorator.py
[2023-12-15T22:09:56.801+0500] {processor.py:839} INFO - DAG(s) dict_keys(['example_branch_python_operator_decorator']) retrieved from /home/amina/miniconda/lib/python3.11/site-packages/airflow/example_dags/example_branch_operator_decorator.py
[2023-12-15T22:09:56.819+0500] {logging_mixin.py:154} INFO - [2023-12-15T22:09:56.819+0500] {dag.py:2941} INFO - Sync 1 DAGs
[2023-12-15T22:09:56.842+0500] {logging_mixin.py:154} INFO - [2023-12-15T22:09:56.842+0500] {dag.py:3722} INFO - Setting next_dagrun for example_branch_python_operator_decorator to 2023-12-14T00:00:00+00:00, run_after=2023-12-15T00:00:00+00:00
[2023-12-15T22:09:56.965+0500] {processor.py:179} INFO - Processing /home/amina/miniconda/lib/python3.11/site-packages/airflow/example_dags/example_branch_operator_decorator.py took 0.236 seconds
[2023-12-15T22:11:02.312+0500] {processor.py:157} INFO - Started process (PID=9339) to work on /home/amina/miniconda/lib/python3.11/site-packages/airflow/example_dags/example_branch_operator_decorator.py
[2023-12-15T22:11:02.373+0500] {processor.py:829} INFO - Processing file /home/amina/miniconda/lib/python3.11/site-packages/airflow/example_dags/example_branch_operator_decorator.py for tasks to queue
[2023-12-15T22:11:02.374+0500] {logging_mixin.py:154} INFO - [2023-12-15T22:11:02.374+0500] {dagbag.py:536} INFO - Filling up the DagBag from /home/amina/miniconda/lib/python3.11/site-packages/airflow/example_dags/example_branch_operator_decorator.py
[2023-12-15T22:11:02.388+0500] {processor.py:839} INFO - DAG(s) dict_keys(['example_branch_python_operator_decorator']) retrieved from /home/amina/miniconda/lib/python3.11/site-packages/airflow/example_dags/example_branch_operator_decorator.py
[2023-12-15T22:11:02.412+0500] {logging_mixin.py:154} INFO - [2023-12-15T22:11:02.411+0500] {dag.py:2941} INFO - Sync 1 DAGs
[2023-12-15T22:11:02.434+0500] {logging_mixin.py:154} INFO - [2023-12-15T22:11:02.434+0500] {dag.py:3722} INFO - Setting next_dagrun for example_branch_python_operator_decorator to 2023-12-14T00:00:00+00:00, run_after=2023-12-15T00:00:00+00:00
[2023-12-15T22:11:02.526+0500] {processor.py:179} INFO - Processing /home/amina/miniconda/lib/python3.11/site-packages/airflow/example_dags/example_branch_operator_decorator.py took 0.218 seconds
[2023-12-15T22:12:00.143+0500] {processor.py:157} INFO - Started process (PID=9401) to work on /home/amina/miniconda/lib/python3.11/site-packages/airflow/example_dags/example_branch_operator_decorator.py
[2023-12-15T22:12:00.175+0500] {processor.py:829} INFO - Processing file /home/amina/miniconda/lib/python3.11/site-packages/airflow/example_dags/example_branch_operator_decorator.py for tasks to queue
[2023-12-15T22:12:00.176+0500] {logging_mixin.py:154} INFO - [2023-12-15T22:12:00.176+0500] {dagbag.py:536} INFO - Filling up the DagBag from /home/amina/miniconda/lib/python3.11/site-packages/airflow/example_dags/example_branch_operator_decorator.py
[2023-12-15T22:12:00.187+0500] {processor.py:839} INFO - DAG(s) dict_keys(['example_branch_python_operator_decorator']) retrieved from /home/amina/miniconda/lib/python3.11/site-packages/airflow/example_dags/example_branch_operator_decorator.py
[2023-12-15T22:12:00.206+0500] {logging_mixin.py:154} INFO - [2023-12-15T22:12:00.206+0500] {dag.py:2941} INFO - Sync 1 DAGs
[2023-12-15T22:12:00.228+0500] {logging_mixin.py:154} INFO - [2023-12-15T22:12:00.228+0500] {dag.py:3722} INFO - Setting next_dagrun for example_branch_python_operator_decorator to 2023-12-14T00:00:00+00:00, run_after=2023-12-15T00:00:00+00:00
[2023-12-15T22:12:00.316+0500] {processor.py:179} INFO - Processing /home/amina/miniconda/lib/python3.11/site-packages/airflow/example_dags/example_branch_operator_decorator.py took 0.178 seconds
[2023-12-15T22:12:58.996+0500] {processor.py:157} INFO - Started process (PID=9464) to work on /home/amina/miniconda/lib/python3.11/site-packages/airflow/example_dags/example_branch_operator_decorator.py
[2023-12-15T22:12:59.006+0500] {processor.py:829} INFO - Processing file /home/amina/miniconda/lib/python3.11/site-packages/airflow/example_dags/example_branch_operator_decorator.py for tasks to queue
[2023-12-15T22:12:59.007+0500] {logging_mixin.py:154} INFO - [2023-12-15T22:12:59.007+0500] {dagbag.py:536} INFO - Filling up the DagBag from /home/amina/miniconda/lib/python3.11/site-packages/airflow/example_dags/example_branch_operator_decorator.py
[2023-12-15T22:12:59.020+0500] {processor.py:839} INFO - DAG(s) dict_keys(['example_branch_python_operator_decorator']) retrieved from /home/amina/miniconda/lib/python3.11/site-packages/airflow/example_dags/example_branch_operator_decorator.py
[2023-12-15T22:12:59.041+0500] {logging_mixin.py:154} INFO - [2023-12-15T22:12:59.041+0500] {dag.py:2941} INFO - Sync 1 DAGs
[2023-12-15T22:12:59.069+0500] {logging_mixin.py:154} INFO - [2023-12-15T22:12:59.069+0500] {dag.py:3722} INFO - Setting next_dagrun for example_branch_python_operator_decorator to 2023-12-14T00:00:00+00:00, run_after=2023-12-15T00:00:00+00:00
[2023-12-15T22:12:59.173+0500] {processor.py:179} INFO - Processing /home/amina/miniconda/lib/python3.11/site-packages/airflow/example_dags/example_branch_operator_decorator.py took 0.182 seconds
[2023-12-15T22:14:09.820+0500] {processor.py:157} INFO - Started process (PID=9548) to work on /home/amina/miniconda/lib/python3.11/site-packages/airflow/example_dags/example_branch_operator_decorator.py
[2023-12-15T22:14:09.827+0500] {processor.py:829} INFO - Processing file /home/amina/miniconda/lib/python3.11/site-packages/airflow/example_dags/example_branch_operator_decorator.py for tasks to queue
[2023-12-15T22:14:09.828+0500] {logging_mixin.py:154} INFO - [2023-12-15T22:14:09.827+0500] {dagbag.py:536} INFO - Filling up the DagBag from /home/amina/miniconda/lib/python3.11/site-packages/airflow/example_dags/example_branch_operator_decorator.py
[2023-12-15T22:14:09.840+0500] {processor.py:839} INFO - DAG(s) dict_keys(['example_branch_python_operator_decorator']) retrieved from /home/amina/miniconda/lib/python3.11/site-packages/airflow/example_dags/example_branch_operator_decorator.py
[2023-12-15T22:14:09.858+0500] {logging_mixin.py:154} INFO - [2023-12-15T22:14:09.858+0500] {dag.py:2941} INFO - Sync 1 DAGs
[2023-12-15T22:14:09.880+0500] {logging_mixin.py:154} INFO - [2023-12-15T22:14:09.880+0500] {dag.py:3722} INFO - Setting next_dagrun for example_branch_python_operator_decorator to 2023-12-14T00:00:00+00:00, run_after=2023-12-15T00:00:00+00:00
[2023-12-15T22:14:09.988+0500] {processor.py:179} INFO - Processing /home/amina/miniconda/lib/python3.11/site-packages/airflow/example_dags/example_branch_operator_decorator.py took 0.173 seconds
[2023-12-15T22:15:25.229+0500] {processor.py:157} INFO - Started process (PID=9631) to work on /home/amina/miniconda/lib/python3.11/site-packages/airflow/example_dags/example_branch_operator_decorator.py
[2023-12-15T22:15:25.230+0500] {processor.py:829} INFO - Processing file /home/amina/miniconda/lib/python3.11/site-packages/airflow/example_dags/example_branch_operator_decorator.py for tasks to queue
[2023-12-15T22:15:25.232+0500] {logging_mixin.py:154} INFO - [2023-12-15T22:15:25.231+0500] {dagbag.py:536} INFO - Filling up the DagBag from /home/amina/miniconda/lib/python3.11/site-packages/airflow/example_dags/example_branch_operator_decorator.py
[2023-12-15T22:15:25.250+0500] {processor.py:839} INFO - DAG(s) dict_keys(['example_branch_python_operator_decorator']) retrieved from /home/amina/miniconda/lib/python3.11/site-packages/airflow/example_dags/example_branch_operator_decorator.py
[2023-12-15T22:15:25.285+0500] {logging_mixin.py:154} INFO - [2023-12-15T22:15:25.284+0500] {dag.py:2941} INFO - Sync 1 DAGs
[2023-12-15T22:15:25.330+0500] {logging_mixin.py:154} INFO - [2023-12-15T22:15:25.329+0500] {dag.py:3722} INFO - Setting next_dagrun for example_branch_python_operator_decorator to 2023-12-14T00:00:00+00:00, run_after=2023-12-15T00:00:00+00:00
[2023-12-15T22:15:25.455+0500] {processor.py:179} INFO - Processing /home/amina/miniconda/lib/python3.11/site-packages/airflow/example_dags/example_branch_operator_decorator.py took 0.231 seconds
[2023-12-15T22:16:33.812+0500] {processor.py:157} INFO - Started process (PID=9708) to work on /home/amina/miniconda/lib/python3.11/site-packages/airflow/example_dags/example_branch_operator_decorator.py
[2023-12-15T22:16:33.823+0500] {processor.py:829} INFO - Processing file /home/amina/miniconda/lib/python3.11/site-packages/airflow/example_dags/example_branch_operator_decorator.py for tasks to queue
[2023-12-15T22:16:33.824+0500] {logging_mixin.py:154} INFO - [2023-12-15T22:16:33.824+0500] {dagbag.py:536} INFO - Filling up the DagBag from /home/amina/miniconda/lib/python3.11/site-packages/airflow/example_dags/example_branch_operator_decorator.py
[2023-12-15T22:16:33.836+0500] {processor.py:839} INFO - DAG(s) dict_keys(['example_branch_python_operator_decorator']) retrieved from /home/amina/miniconda/lib/python3.11/site-packages/airflow/example_dags/example_branch_operator_decorator.py
[2023-12-15T22:16:33.858+0500] {logging_mixin.py:154} INFO - [2023-12-15T22:16:33.858+0500] {dag.py:2941} INFO - Sync 1 DAGs
[2023-12-15T22:16:33.883+0500] {logging_mixin.py:154} INFO - [2023-12-15T22:16:33.883+0500] {dag.py:3722} INFO - Setting next_dagrun for example_branch_python_operator_decorator to 2023-12-14T00:00:00+00:00, run_after=2023-12-15T00:00:00+00:00
[2023-12-15T22:16:34.027+0500] {processor.py:179} INFO - Processing /home/amina/miniconda/lib/python3.11/site-packages/airflow/example_dags/example_branch_operator_decorator.py took 0.218 seconds
[2023-12-15T22:17:39.901+0500] {processor.py:157} INFO - Started process (PID=9775) to work on /home/amina/miniconda/lib/python3.11/site-packages/airflow/example_dags/example_branch_operator_decorator.py
[2023-12-15T22:17:39.911+0500] {processor.py:829} INFO - Processing file /home/amina/miniconda/lib/python3.11/site-packages/airflow/example_dags/example_branch_operator_decorator.py for tasks to queue
[2023-12-15T22:17:39.912+0500] {logging_mixin.py:154} INFO - [2023-12-15T22:17:39.911+0500] {dagbag.py:536} INFO - Filling up the DagBag from /home/amina/miniconda/lib/python3.11/site-packages/airflow/example_dags/example_branch_operator_decorator.py
[2023-12-15T22:17:39.925+0500] {processor.py:839} INFO - DAG(s) dict_keys(['example_branch_python_operator_decorator']) retrieved from /home/amina/miniconda/lib/python3.11/site-packages/airflow/example_dags/example_branch_operator_decorator.py
[2023-12-15T22:17:39.944+0500] {logging_mixin.py:154} INFO - [2023-12-15T22:17:39.943+0500] {dag.py:2941} INFO - Sync 1 DAGs
[2023-12-15T22:17:39.966+0500] {logging_mixin.py:154} INFO - [2023-12-15T22:17:39.966+0500] {dag.py:3722} INFO - Setting next_dagrun for example_branch_python_operator_decorator to 2023-12-14T00:00:00+00:00, run_after=2023-12-15T00:00:00+00:00
[2023-12-15T22:17:40.085+0500] {processor.py:179} INFO - Processing /home/amina/miniconda/lib/python3.11/site-packages/airflow/example_dags/example_branch_operator_decorator.py took 0.189 seconds
[2023-12-15T22:18:41.556+0500] {processor.py:157} INFO - Started process (PID=9849) to work on /home/amina/miniconda/lib/python3.11/site-packages/airflow/example_dags/example_branch_operator_decorator.py
[2023-12-15T22:18:41.564+0500] {processor.py:829} INFO - Processing file /home/amina/miniconda/lib/python3.11/site-packages/airflow/example_dags/example_branch_operator_decorator.py for tasks to queue
[2023-12-15T22:18:41.565+0500] {logging_mixin.py:154} INFO - [2023-12-15T22:18:41.565+0500] {dagbag.py:536} INFO - Filling up the DagBag from /home/amina/miniconda/lib/python3.11/site-packages/airflow/example_dags/example_branch_operator_decorator.py
[2023-12-15T22:18:41.577+0500] {processor.py:839} INFO - DAG(s) dict_keys(['example_branch_python_operator_decorator']) retrieved from /home/amina/miniconda/lib/python3.11/site-packages/airflow/example_dags/example_branch_operator_decorator.py
[2023-12-15T22:18:41.596+0500] {logging_mixin.py:154} INFO - [2023-12-15T22:18:41.596+0500] {dag.py:2941} INFO - Sync 1 DAGs
[2023-12-15T22:18:41.619+0500] {logging_mixin.py:154} INFO - [2023-12-15T22:18:41.619+0500] {dag.py:3722} INFO - Setting next_dagrun for example_branch_python_operator_decorator to 2023-12-14T00:00:00+00:00, run_after=2023-12-15T00:00:00+00:00
[2023-12-15T22:18:41.721+0500] {processor.py:179} INFO - Processing /home/amina/miniconda/lib/python3.11/site-packages/airflow/example_dags/example_branch_operator_decorator.py took 0.169 seconds
[2023-12-15T22:19:44.983+0500] {processor.py:157} INFO - Started process (PID=9961) to work on /home/amina/miniconda/lib/python3.11/site-packages/airflow/example_dags/example_branch_operator_decorator.py
[2023-12-15T22:19:44.986+0500] {processor.py:829} INFO - Processing file /home/amina/miniconda/lib/python3.11/site-packages/airflow/example_dags/example_branch_operator_decorator.py for tasks to queue
[2023-12-15T22:19:44.987+0500] {logging_mixin.py:154} INFO - [2023-12-15T22:19:44.986+0500] {dagbag.py:536} INFO - Filling up the DagBag from /home/amina/miniconda/lib/python3.11/site-packages/airflow/example_dags/example_branch_operator_decorator.py
[2023-12-15T22:19:44.999+0500] {processor.py:839} INFO - DAG(s) dict_keys(['example_branch_python_operator_decorator']) retrieved from /home/amina/miniconda/lib/python3.11/site-packages/airflow/example_dags/example_branch_operator_decorator.py
[2023-12-15T22:19:45.017+0500] {logging_mixin.py:154} INFO - [2023-12-15T22:19:45.016+0500] {dag.py:2941} INFO - Sync 1 DAGs
[2023-12-15T22:19:45.042+0500] {logging_mixin.py:154} INFO - [2023-12-15T22:19:45.042+0500] {dag.py:3722} INFO - Setting next_dagrun for example_branch_python_operator_decorator to 2023-12-14T00:00:00+00:00, run_after=2023-12-15T00:00:00+00:00
[2023-12-15T22:19:45.149+0500] {processor.py:179} INFO - Processing /home/amina/miniconda/lib/python3.11/site-packages/airflow/example_dags/example_branch_operator_decorator.py took 0.169 seconds
[2023-12-15T22:20:57.195+0500] {processor.py:157} INFO - Started process (PID=10130) to work on /home/amina/miniconda/lib/python3.11/site-packages/airflow/example_dags/example_branch_operator_decorator.py
[2023-12-15T22:20:57.196+0500] {processor.py:829} INFO - Processing file /home/amina/miniconda/lib/python3.11/site-packages/airflow/example_dags/example_branch_operator_decorator.py for tasks to queue
[2023-12-15T22:20:57.197+0500] {logging_mixin.py:154} INFO - [2023-12-15T22:20:57.197+0500] {dagbag.py:536} INFO - Filling up the DagBag from /home/amina/miniconda/lib/python3.11/site-packages/airflow/example_dags/example_branch_operator_decorator.py
[2023-12-15T22:20:57.211+0500] {processor.py:839} INFO - DAG(s) dict_keys(['example_branch_python_operator_decorator']) retrieved from /home/amina/miniconda/lib/python3.11/site-packages/airflow/example_dags/example_branch_operator_decorator.py
[2023-12-15T22:20:57.229+0500] {logging_mixin.py:154} INFO - [2023-12-15T22:20:57.229+0500] {dag.py:2941} INFO - Sync 1 DAGs
[2023-12-15T22:20:57.253+0500] {logging_mixin.py:154} INFO - [2023-12-15T22:20:57.252+0500] {dag.py:3722} INFO - Setting next_dagrun for example_branch_python_operator_decorator to 2023-12-14T00:00:00+00:00, run_after=2023-12-15T00:00:00+00:00
[2023-12-15T22:20:57.440+0500] {processor.py:179} INFO - Processing /home/amina/miniconda/lib/python3.11/site-packages/airflow/example_dags/example_branch_operator_decorator.py took 0.249 seconds
[2023-12-15T22:21:51.541+0500] {processor.py:157} INFO - Started process (PID=10194) to work on /home/amina/miniconda/lib/python3.11/site-packages/airflow/example_dags/example_branch_operator_decorator.py
[2023-12-15T22:21:51.577+0500] {processor.py:829} INFO - Processing file /home/amina/miniconda/lib/python3.11/site-packages/airflow/example_dags/example_branch_operator_decorator.py for tasks to queue
[2023-12-15T22:21:51.578+0500] {logging_mixin.py:154} INFO - [2023-12-15T22:21:51.577+0500] {dagbag.py:536} INFO - Filling up the DagBag from /home/amina/miniconda/lib/python3.11/site-packages/airflow/example_dags/example_branch_operator_decorator.py
[2023-12-15T22:21:51.588+0500] {processor.py:839} INFO - DAG(s) dict_keys(['example_branch_python_operator_decorator']) retrieved from /home/amina/miniconda/lib/python3.11/site-packages/airflow/example_dags/example_branch_operator_decorator.py
[2023-12-15T22:21:51.605+0500] {logging_mixin.py:154} INFO - [2023-12-15T22:21:51.605+0500] {dag.py:2941} INFO - Sync 1 DAGs
[2023-12-15T22:21:51.632+0500] {logging_mixin.py:154} INFO - [2023-12-15T22:21:51.631+0500] {dag.py:3722} INFO - Setting next_dagrun for example_branch_python_operator_decorator to 2023-12-14T00:00:00+00:00, run_after=2023-12-15T00:00:00+00:00
[2023-12-15T22:21:51.730+0500] {processor.py:179} INFO - Processing /home/amina/miniconda/lib/python3.11/site-packages/airflow/example_dags/example_branch_operator_decorator.py took 0.192 seconds
[2023-12-15T22:23:09.709+0500] {processor.py:157} INFO - Started process (PID=10278) to work on /home/amina/miniconda/lib/python3.11/site-packages/airflow/example_dags/example_branch_operator_decorator.py
[2023-12-15T22:23:09.742+0500] {processor.py:829} INFO - Processing file /home/amina/miniconda/lib/python3.11/site-packages/airflow/example_dags/example_branch_operator_decorator.py for tasks to queue
[2023-12-15T22:23:09.742+0500] {logging_mixin.py:154} INFO - [2023-12-15T22:23:09.742+0500] {dagbag.py:536} INFO - Filling up the DagBag from /home/amina/miniconda/lib/python3.11/site-packages/airflow/example_dags/example_branch_operator_decorator.py
[2023-12-15T22:23:09.757+0500] {processor.py:839} INFO - DAG(s) dict_keys(['example_branch_python_operator_decorator']) retrieved from /home/amina/miniconda/lib/python3.11/site-packages/airflow/example_dags/example_branch_operator_decorator.py
[2023-12-15T22:23:09.775+0500] {logging_mixin.py:154} INFO - [2023-12-15T22:23:09.775+0500] {dag.py:2941} INFO - Sync 1 DAGs
[2023-12-15T22:23:09.798+0500] {logging_mixin.py:154} INFO - [2023-12-15T22:23:09.797+0500] {dag.py:3722} INFO - Setting next_dagrun for example_branch_python_operator_decorator to 2023-12-14T00:00:00+00:00, run_after=2023-12-15T00:00:00+00:00
[2023-12-15T22:23:09.925+0500] {processor.py:179} INFO - Processing /home/amina/miniconda/lib/python3.11/site-packages/airflow/example_dags/example_branch_operator_decorator.py took 0.220 seconds
[2023-12-15T22:24:26.704+0500] {processor.py:157} INFO - Started process (PID=10365) to work on /home/amina/miniconda/lib/python3.11/site-packages/airflow/example_dags/example_branch_operator_decorator.py
[2023-12-15T22:24:26.718+0500] {processor.py:829} INFO - Processing file /home/amina/miniconda/lib/python3.11/site-packages/airflow/example_dags/example_branch_operator_decorator.py for tasks to queue
[2023-12-15T22:24:26.719+0500] {logging_mixin.py:154} INFO - [2023-12-15T22:24:26.718+0500] {dagbag.py:536} INFO - Filling up the DagBag from /home/amina/miniconda/lib/python3.11/site-packages/airflow/example_dags/example_branch_operator_decorator.py
[2023-12-15T22:24:26.730+0500] {processor.py:839} INFO - DAG(s) dict_keys(['example_branch_python_operator_decorator']) retrieved from /home/amina/miniconda/lib/python3.11/site-packages/airflow/example_dags/example_branch_operator_decorator.py
[2023-12-15T22:24:26.751+0500] {logging_mixin.py:154} INFO - [2023-12-15T22:24:26.751+0500] {dag.py:2941} INFO - Sync 1 DAGs
[2023-12-15T22:24:26.781+0500] {logging_mixin.py:154} INFO - [2023-12-15T22:24:26.780+0500] {dag.py:3722} INFO - Setting next_dagrun for example_branch_python_operator_decorator to 2023-12-14T00:00:00+00:00, run_after=2023-12-15T00:00:00+00:00
[2023-12-15T22:24:26.920+0500] {processor.py:179} INFO - Processing /home/amina/miniconda/lib/python3.11/site-packages/airflow/example_dags/example_branch_operator_decorator.py took 0.221 seconds
[2023-12-15T22:25:21.466+0500] {processor.py:157} INFO - Started process (PID=10425) to work on /home/amina/miniconda/lib/python3.11/site-packages/airflow/example_dags/example_branch_operator_decorator.py
[2023-12-15T22:25:21.468+0500] {processor.py:829} INFO - Processing file /home/amina/miniconda/lib/python3.11/site-packages/airflow/example_dags/example_branch_operator_decorator.py for tasks to queue
[2023-12-15T22:25:21.469+0500] {logging_mixin.py:154} INFO - [2023-12-15T22:25:21.468+0500] {dagbag.py:536} INFO - Filling up the DagBag from /home/amina/miniconda/lib/python3.11/site-packages/airflow/example_dags/example_branch_operator_decorator.py
[2023-12-15T22:25:21.484+0500] {processor.py:839} INFO - DAG(s) dict_keys(['example_branch_python_operator_decorator']) retrieved from /home/amina/miniconda/lib/python3.11/site-packages/airflow/example_dags/example_branch_operator_decorator.py
[2023-12-15T22:25:21.505+0500] {logging_mixin.py:154} INFO - [2023-12-15T22:25:21.505+0500] {dag.py:2941} INFO - Sync 1 DAGs
[2023-12-15T22:25:21.528+0500] {logging_mixin.py:154} INFO - [2023-12-15T22:25:21.528+0500] {dag.py:3722} INFO - Setting next_dagrun for example_branch_python_operator_decorator to 2023-12-14T00:00:00+00:00, run_after=2023-12-15T00:00:00+00:00
[2023-12-15T22:25:21.649+0500] {processor.py:179} INFO - Processing /home/amina/miniconda/lib/python3.11/site-packages/airflow/example_dags/example_branch_operator_decorator.py took 0.190 seconds
[2023-12-15T22:26:17.798+0500] {processor.py:157} INFO - Started process (PID=10477) to work on /home/amina/miniconda/lib/python3.11/site-packages/airflow/example_dags/example_branch_operator_decorator.py
[2023-12-15T22:26:17.805+0500] {processor.py:829} INFO - Processing file /home/amina/miniconda/lib/python3.11/site-packages/airflow/example_dags/example_branch_operator_decorator.py for tasks to queue
[2023-12-15T22:26:17.806+0500] {logging_mixin.py:154} INFO - [2023-12-15T22:26:17.805+0500] {dagbag.py:536} INFO - Filling up the DagBag from /home/amina/miniconda/lib/python3.11/site-packages/airflow/example_dags/example_branch_operator_decorator.py
[2023-12-15T22:26:17.820+0500] {processor.py:839} INFO - DAG(s) dict_keys(['example_branch_python_operator_decorator']) retrieved from /home/amina/miniconda/lib/python3.11/site-packages/airflow/example_dags/example_branch_operator_decorator.py
[2023-12-15T22:26:17.840+0500] {logging_mixin.py:154} INFO - [2023-12-15T22:26:17.839+0500] {dag.py:2941} INFO - Sync 1 DAGs
[2023-12-15T22:26:17.867+0500] {logging_mixin.py:154} INFO - [2023-12-15T22:26:17.867+0500] {dag.py:3722} INFO - Setting next_dagrun for example_branch_python_operator_decorator to 2023-12-14T00:00:00+00:00, run_after=2023-12-15T00:00:00+00:00
[2023-12-15T22:26:17.969+0500] {processor.py:179} INFO - Processing /home/amina/miniconda/lib/python3.11/site-packages/airflow/example_dags/example_branch_operator_decorator.py took 0.175 seconds
[2023-12-15T22:27:13.531+0500] {processor.py:157} INFO - Started process (PID=10536) to work on /home/amina/miniconda/lib/python3.11/site-packages/airflow/example_dags/example_branch_operator_decorator.py
[2023-12-15T22:27:13.542+0500] {processor.py:829} INFO - Processing file /home/amina/miniconda/lib/python3.11/site-packages/airflow/example_dags/example_branch_operator_decorator.py for tasks to queue
[2023-12-15T22:27:13.543+0500] {logging_mixin.py:154} INFO - [2023-12-15T22:27:13.543+0500] {dagbag.py:536} INFO - Filling up the DagBag from /home/amina/miniconda/lib/python3.11/site-packages/airflow/example_dags/example_branch_operator_decorator.py
[2023-12-15T22:27:13.558+0500] {processor.py:839} INFO - DAG(s) dict_keys(['example_branch_python_operator_decorator']) retrieved from /home/amina/miniconda/lib/python3.11/site-packages/airflow/example_dags/example_branch_operator_decorator.py
[2023-12-15T22:27:13.583+0500] {logging_mixin.py:154} INFO - [2023-12-15T22:27:13.583+0500] {dag.py:2941} INFO - Sync 1 DAGs
[2023-12-15T22:27:13.617+0500] {logging_mixin.py:154} INFO - [2023-12-15T22:27:13.617+0500] {dag.py:3722} INFO - Setting next_dagrun for example_branch_python_operator_decorator to 2023-12-14T00:00:00+00:00, run_after=2023-12-15T00:00:00+00:00
[2023-12-15T22:27:13.750+0500] {processor.py:179} INFO - Processing /home/amina/miniconda/lib/python3.11/site-packages/airflow/example_dags/example_branch_operator_decorator.py took 0.223 seconds
[2023-12-15T22:28:05.171+0500] {processor.py:157} INFO - Started process (PID=10591) to work on /home/amina/miniconda/lib/python3.11/site-packages/airflow/example_dags/example_branch_operator_decorator.py
[2023-12-15T22:28:05.195+0500] {processor.py:829} INFO - Processing file /home/amina/miniconda/lib/python3.11/site-packages/airflow/example_dags/example_branch_operator_decorator.py for tasks to queue
[2023-12-15T22:28:05.196+0500] {logging_mixin.py:154} INFO - [2023-12-15T22:28:05.195+0500] {dagbag.py:536} INFO - Filling up the DagBag from /home/amina/miniconda/lib/python3.11/site-packages/airflow/example_dags/example_branch_operator_decorator.py
[2023-12-15T22:28:05.209+0500] {processor.py:839} INFO - DAG(s) dict_keys(['example_branch_python_operator_decorator']) retrieved from /home/amina/miniconda/lib/python3.11/site-packages/airflow/example_dags/example_branch_operator_decorator.py
[2023-12-15T22:28:05.229+0500] {logging_mixin.py:154} INFO - [2023-12-15T22:28:05.229+0500] {dag.py:2941} INFO - Sync 1 DAGs
[2023-12-15T22:28:05.257+0500] {logging_mixin.py:154} INFO - [2023-12-15T22:28:05.257+0500] {dag.py:3722} INFO - Setting next_dagrun for example_branch_python_operator_decorator to 2023-12-14T00:00:00+00:00, run_after=2023-12-15T00:00:00+00:00
[2023-12-15T22:28:05.387+0500] {processor.py:179} INFO - Processing /home/amina/miniconda/lib/python3.11/site-packages/airflow/example_dags/example_branch_operator_decorator.py took 0.220 seconds
[2023-12-15T22:29:24.982+0500] {processor.py:157} INFO - Started process (PID=10687) to work on /home/amina/miniconda/lib/python3.11/site-packages/airflow/example_dags/example_branch_operator_decorator.py
[2023-12-15T22:29:25.015+0500] {processor.py:829} INFO - Processing file /home/amina/miniconda/lib/python3.11/site-packages/airflow/example_dags/example_branch_operator_decorator.py for tasks to queue
[2023-12-15T22:29:25.016+0500] {logging_mixin.py:154} INFO - [2023-12-15T22:29:25.015+0500] {dagbag.py:536} INFO - Filling up the DagBag from /home/amina/miniconda/lib/python3.11/site-packages/airflow/example_dags/example_branch_operator_decorator.py
[2023-12-15T22:29:25.027+0500] {processor.py:839} INFO - DAG(s) dict_keys(['example_branch_python_operator_decorator']) retrieved from /home/amina/miniconda/lib/python3.11/site-packages/airflow/example_dags/example_branch_operator_decorator.py
[2023-12-15T22:29:25.049+0500] {logging_mixin.py:154} INFO - [2023-12-15T22:29:25.049+0500] {dag.py:2941} INFO - Sync 1 DAGs
[2023-12-15T22:29:25.073+0500] {logging_mixin.py:154} INFO - [2023-12-15T22:29:25.073+0500] {dag.py:3722} INFO - Setting next_dagrun for example_branch_python_operator_decorator to 2023-12-14T00:00:00+00:00, run_after=2023-12-15T00:00:00+00:00
[2023-12-15T22:29:25.170+0500] {processor.py:179} INFO - Processing /home/amina/miniconda/lib/python3.11/site-packages/airflow/example_dags/example_branch_operator_decorator.py took 0.192 seconds
[2023-12-15T22:30:51.028+0500] {processor.py:157} INFO - Started process (PID=10798) to work on /home/amina/miniconda/lib/python3.11/site-packages/airflow/example_dags/example_branch_operator_decorator.py
[2023-12-15T22:30:51.093+0500] {processor.py:829} INFO - Processing file /home/amina/miniconda/lib/python3.11/site-packages/airflow/example_dags/example_branch_operator_decorator.py for tasks to queue
[2023-12-15T22:30:51.094+0500] {logging_mixin.py:154} INFO - [2023-12-15T22:30:51.094+0500] {dagbag.py:536} INFO - Filling up the DagBag from /home/amina/miniconda/lib/python3.11/site-packages/airflow/example_dags/example_branch_operator_decorator.py
[2023-12-15T22:30:51.106+0500] {processor.py:839} INFO - DAG(s) dict_keys(['example_branch_python_operator_decorator']) retrieved from /home/amina/miniconda/lib/python3.11/site-packages/airflow/example_dags/example_branch_operator_decorator.py
[2023-12-15T22:30:51.126+0500] {logging_mixin.py:154} INFO - [2023-12-15T22:30:51.126+0500] {dag.py:2941} INFO - Sync 1 DAGs
[2023-12-15T22:30:51.149+0500] {logging_mixin.py:154} INFO - [2023-12-15T22:30:51.149+0500] {dag.py:3722} INFO - Setting next_dagrun for example_branch_python_operator_decorator to 2023-12-14T00:00:00+00:00, run_after=2023-12-15T00:00:00+00:00
[2023-12-15T22:30:51.246+0500] {processor.py:179} INFO - Processing /home/amina/miniconda/lib/python3.11/site-packages/airflow/example_dags/example_branch_operator_decorator.py took 0.222 seconds
[2023-12-15T22:31:45.514+0500] {processor.py:157} INFO - Started process (PID=10853) to work on /home/amina/miniconda/lib/python3.11/site-packages/airflow/example_dags/example_branch_operator_decorator.py
[2023-12-15T22:31:45.526+0500] {processor.py:829} INFO - Processing file /home/amina/miniconda/lib/python3.11/site-packages/airflow/example_dags/example_branch_operator_decorator.py for tasks to queue
[2023-12-15T22:31:45.527+0500] {logging_mixin.py:154} INFO - [2023-12-15T22:31:45.527+0500] {dagbag.py:536} INFO - Filling up the DagBag from /home/amina/miniconda/lib/python3.11/site-packages/airflow/example_dags/example_branch_operator_decorator.py
[2023-12-15T22:31:45.539+0500] {processor.py:839} INFO - DAG(s) dict_keys(['example_branch_python_operator_decorator']) retrieved from /home/amina/miniconda/lib/python3.11/site-packages/airflow/example_dags/example_branch_operator_decorator.py
[2023-12-15T22:31:45.557+0500] {logging_mixin.py:154} INFO - [2023-12-15T22:31:45.557+0500] {dag.py:2941} INFO - Sync 1 DAGs
[2023-12-15T22:31:45.582+0500] {logging_mixin.py:154} INFO - [2023-12-15T22:31:45.581+0500] {dag.py:3722} INFO - Setting next_dagrun for example_branch_python_operator_decorator to 2023-12-14T00:00:00+00:00, run_after=2023-12-15T00:00:00+00:00
[2023-12-15T22:31:45.677+0500] {processor.py:179} INFO - Processing /home/amina/miniconda/lib/python3.11/site-packages/airflow/example_dags/example_branch_operator_decorator.py took 0.168 seconds
[2023-12-15T22:32:40.495+0500] {processor.py:157} INFO - Started process (PID=10914) to work on /home/amina/miniconda/lib/python3.11/site-packages/airflow/example_dags/example_branch_operator_decorator.py
[2023-12-15T22:32:40.552+0500] {processor.py:829} INFO - Processing file /home/amina/miniconda/lib/python3.11/site-packages/airflow/example_dags/example_branch_operator_decorator.py for tasks to queue
[2023-12-15T22:32:40.553+0500] {logging_mixin.py:154} INFO - [2023-12-15T22:32:40.552+0500] {dagbag.py:536} INFO - Filling up the DagBag from /home/amina/miniconda/lib/python3.11/site-packages/airflow/example_dags/example_branch_operator_decorator.py
[2023-12-15T22:32:40.567+0500] {processor.py:839} INFO - DAG(s) dict_keys(['example_branch_python_operator_decorator']) retrieved from /home/amina/miniconda/lib/python3.11/site-packages/airflow/example_dags/example_branch_operator_decorator.py
[2023-12-15T22:32:40.585+0500] {logging_mixin.py:154} INFO - [2023-12-15T22:32:40.585+0500] {dag.py:2941} INFO - Sync 1 DAGs
[2023-12-15T22:32:40.607+0500] {logging_mixin.py:154} INFO - [2023-12-15T22:32:40.607+0500] {dag.py:3722} INFO - Setting next_dagrun for example_branch_python_operator_decorator to 2023-12-14T00:00:00+00:00, run_after=2023-12-15T00:00:00+00:00
[2023-12-15T22:32:40.745+0500] {processor.py:179} INFO - Processing /home/amina/miniconda/lib/python3.11/site-packages/airflow/example_dags/example_branch_operator_decorator.py took 0.255 seconds
[2023-12-15T22:33:34.749+0500] {processor.py:157} INFO - Started process (PID=10969) to work on /home/amina/miniconda/lib/python3.11/site-packages/airflow/example_dags/example_branch_operator_decorator.py
[2023-12-15T22:33:34.768+0500] {processor.py:829} INFO - Processing file /home/amina/miniconda/lib/python3.11/site-packages/airflow/example_dags/example_branch_operator_decorator.py for tasks to queue
[2023-12-15T22:33:34.769+0500] {logging_mixin.py:154} INFO - [2023-12-15T22:33:34.768+0500] {dagbag.py:536} INFO - Filling up the DagBag from /home/amina/miniconda/lib/python3.11/site-packages/airflow/example_dags/example_branch_operator_decorator.py
[2023-12-15T22:33:34.783+0500] {processor.py:839} INFO - DAG(s) dict_keys(['example_branch_python_operator_decorator']) retrieved from /home/amina/miniconda/lib/python3.11/site-packages/airflow/example_dags/example_branch_operator_decorator.py
[2023-12-15T22:33:34.804+0500] {logging_mixin.py:154} INFO - [2023-12-15T22:33:34.803+0500] {dag.py:2941} INFO - Sync 1 DAGs
[2023-12-15T22:33:34.832+0500] {logging_mixin.py:154} INFO - [2023-12-15T22:33:34.832+0500] {dag.py:3722} INFO - Setting next_dagrun for example_branch_python_operator_decorator to 2023-12-14T00:00:00+00:00, run_after=2023-12-15T00:00:00+00:00
[2023-12-15T22:33:34.963+0500] {processor.py:179} INFO - Processing /home/amina/miniconda/lib/python3.11/site-packages/airflow/example_dags/example_branch_operator_decorator.py took 0.216 seconds
[2023-12-15T22:34:29.009+0500] {processor.py:157} INFO - Started process (PID=11033) to work on /home/amina/miniconda/lib/python3.11/site-packages/airflow/example_dags/example_branch_operator_decorator.py
[2023-12-15T22:34:29.034+0500] {processor.py:829} INFO - Processing file /home/amina/miniconda/lib/python3.11/site-packages/airflow/example_dags/example_branch_operator_decorator.py for tasks to queue
[2023-12-15T22:34:29.036+0500] {logging_mixin.py:154} INFO - [2023-12-15T22:34:29.035+0500] {dagbag.py:536} INFO - Filling up the DagBag from /home/amina/miniconda/lib/python3.11/site-packages/airflow/example_dags/example_branch_operator_decorator.py
[2023-12-15T22:34:29.047+0500] {processor.py:839} INFO - DAG(s) dict_keys(['example_branch_python_operator_decorator']) retrieved from /home/amina/miniconda/lib/python3.11/site-packages/airflow/example_dags/example_branch_operator_decorator.py
[2023-12-15T22:34:29.067+0500] {logging_mixin.py:154} INFO - [2023-12-15T22:34:29.067+0500] {dag.py:2941} INFO - Sync 1 DAGs
[2023-12-15T22:34:29.092+0500] {logging_mixin.py:154} INFO - [2023-12-15T22:34:29.092+0500] {dag.py:3722} INFO - Setting next_dagrun for example_branch_python_operator_decorator to 2023-12-14T00:00:00+00:00, run_after=2023-12-15T00:00:00+00:00
[2023-12-15T22:34:29.199+0500] {processor.py:179} INFO - Processing /home/amina/miniconda/lib/python3.11/site-packages/airflow/example_dags/example_branch_operator_decorator.py took 0.194 seconds
[2023-12-15T22:35:24.004+0500] {processor.py:157} INFO - Started process (PID=11101) to work on /home/amina/miniconda/lib/python3.11/site-packages/airflow/example_dags/example_branch_operator_decorator.py
[2023-12-15T22:35:24.067+0500] {processor.py:829} INFO - Processing file /home/amina/miniconda/lib/python3.11/site-packages/airflow/example_dags/example_branch_operator_decorator.py for tasks to queue
[2023-12-15T22:35:24.068+0500] {logging_mixin.py:154} INFO - [2023-12-15T22:35:24.068+0500] {dagbag.py:536} INFO - Filling up the DagBag from /home/amina/miniconda/lib/python3.11/site-packages/airflow/example_dags/example_branch_operator_decorator.py
[2023-12-15T22:35:24.079+0500] {processor.py:839} INFO - DAG(s) dict_keys(['example_branch_python_operator_decorator']) retrieved from /home/amina/miniconda/lib/python3.11/site-packages/airflow/example_dags/example_branch_operator_decorator.py
[2023-12-15T22:35:24.099+0500] {logging_mixin.py:154} INFO - [2023-12-15T22:35:24.099+0500] {dag.py:2941} INFO - Sync 1 DAGs
[2023-12-15T22:35:24.122+0500] {logging_mixin.py:154} INFO - [2023-12-15T22:35:24.121+0500] {dag.py:3722} INFO - Setting next_dagrun for example_branch_python_operator_decorator to 2023-12-14T00:00:00+00:00, run_after=2023-12-15T00:00:00+00:00
[2023-12-15T22:35:24.218+0500] {processor.py:179} INFO - Processing /home/amina/miniconda/lib/python3.11/site-packages/airflow/example_dags/example_branch_operator_decorator.py took 0.219 seconds
[2023-12-15T22:36:18.816+0500] {processor.py:157} INFO - Started process (PID=11159) to work on /home/amina/miniconda/lib/python3.11/site-packages/airflow/example_dags/example_branch_operator_decorator.py
[2023-12-15T22:36:18.839+0500] {processor.py:829} INFO - Processing file /home/amina/miniconda/lib/python3.11/site-packages/airflow/example_dags/example_branch_operator_decorator.py for tasks to queue
[2023-12-15T22:36:18.840+0500] {logging_mixin.py:154} INFO - [2023-12-15T22:36:18.839+0500] {dagbag.py:536} INFO - Filling up the DagBag from /home/amina/miniconda/lib/python3.11/site-packages/airflow/example_dags/example_branch_operator_decorator.py
[2023-12-15T22:36:18.850+0500] {processor.py:839} INFO - DAG(s) dict_keys(['example_branch_python_operator_decorator']) retrieved from /home/amina/miniconda/lib/python3.11/site-packages/airflow/example_dags/example_branch_operator_decorator.py
[2023-12-15T22:36:18.868+0500] {logging_mixin.py:154} INFO - [2023-12-15T22:36:18.867+0500] {dag.py:2941} INFO - Sync 1 DAGs
[2023-12-15T22:36:18.889+0500] {logging_mixin.py:154} INFO - [2023-12-15T22:36:18.889+0500] {dag.py:3722} INFO - Setting next_dagrun for example_branch_python_operator_decorator to 2023-12-14T00:00:00+00:00, run_after=2023-12-15T00:00:00+00:00
[2023-12-15T22:36:19.004+0500] {processor.py:179} INFO - Processing /home/amina/miniconda/lib/python3.11/site-packages/airflow/example_dags/example_branch_operator_decorator.py took 0.191 seconds
[2023-12-15T22:37:15.561+0500] {processor.py:157} INFO - Started process (PID=11217) to work on /home/amina/miniconda/lib/python3.11/site-packages/airflow/example_dags/example_branch_operator_decorator.py
[2023-12-15T22:37:15.583+0500] {processor.py:829} INFO - Processing file /home/amina/miniconda/lib/python3.11/site-packages/airflow/example_dags/example_branch_operator_decorator.py for tasks to queue
[2023-12-15T22:37:15.584+0500] {logging_mixin.py:154} INFO - [2023-12-15T22:37:15.584+0500] {dagbag.py:536} INFO - Filling up the DagBag from /home/amina/miniconda/lib/python3.11/site-packages/airflow/example_dags/example_branch_operator_decorator.py
[2023-12-15T22:37:15.594+0500] {processor.py:839} INFO - DAG(s) dict_keys(['example_branch_python_operator_decorator']) retrieved from /home/amina/miniconda/lib/python3.11/site-packages/airflow/example_dags/example_branch_operator_decorator.py
[2023-12-15T22:37:15.611+0500] {logging_mixin.py:154} INFO - [2023-12-15T22:37:15.611+0500] {dag.py:2941} INFO - Sync 1 DAGs
[2023-12-15T22:37:15.630+0500] {logging_mixin.py:154} INFO - [2023-12-15T22:37:15.630+0500] {dag.py:3722} INFO - Setting next_dagrun for example_branch_python_operator_decorator to 2023-12-14T00:00:00+00:00, run_after=2023-12-15T00:00:00+00:00
[2023-12-15T22:37:15.742+0500] {processor.py:179} INFO - Processing /home/amina/miniconda/lib/python3.11/site-packages/airflow/example_dags/example_branch_operator_decorator.py took 0.184 seconds
[2023-12-15T22:38:11.036+0500] {processor.py:157} INFO - Started process (PID=11273) to work on /home/amina/miniconda/lib/python3.11/site-packages/airflow/example_dags/example_branch_operator_decorator.py
[2023-12-15T22:38:11.054+0500] {processor.py:829} INFO - Processing file /home/amina/miniconda/lib/python3.11/site-packages/airflow/example_dags/example_branch_operator_decorator.py for tasks to queue
[2023-12-15T22:38:11.055+0500] {logging_mixin.py:154} INFO - [2023-12-15T22:38:11.054+0500] {dagbag.py:536} INFO - Filling up the DagBag from /home/amina/miniconda/lib/python3.11/site-packages/airflow/example_dags/example_branch_operator_decorator.py
[2023-12-15T22:38:11.065+0500] {processor.py:839} INFO - DAG(s) dict_keys(['example_branch_python_operator_decorator']) retrieved from /home/amina/miniconda/lib/python3.11/site-packages/airflow/example_dags/example_branch_operator_decorator.py
[2023-12-15T22:38:11.086+0500] {logging_mixin.py:154} INFO - [2023-12-15T22:38:11.086+0500] {dag.py:2941} INFO - Sync 1 DAGs
[2023-12-15T22:38:11.111+0500] {logging_mixin.py:154} INFO - [2023-12-15T22:38:11.111+0500] {dag.py:3722} INFO - Setting next_dagrun for example_branch_python_operator_decorator to 2023-12-14T00:00:00+00:00, run_after=2023-12-15T00:00:00+00:00
[2023-12-15T22:38:11.233+0500] {processor.py:179} INFO - Processing /home/amina/miniconda/lib/python3.11/site-packages/airflow/example_dags/example_branch_operator_decorator.py took 0.200 seconds
[2023-12-15T22:39:28.687+0500] {processor.py:157} INFO - Started process (PID=11360) to work on /home/amina/miniconda/lib/python3.11/site-packages/airflow/example_dags/example_branch_operator_decorator.py
[2023-12-15T22:39:28.707+0500] {processor.py:829} INFO - Processing file /home/amina/miniconda/lib/python3.11/site-packages/airflow/example_dags/example_branch_operator_decorator.py for tasks to queue
[2023-12-15T22:39:28.708+0500] {logging_mixin.py:154} INFO - [2023-12-15T22:39:28.708+0500] {dagbag.py:536} INFO - Filling up the DagBag from /home/amina/miniconda/lib/python3.11/site-packages/airflow/example_dags/example_branch_operator_decorator.py
[2023-12-15T22:39:28.720+0500] {processor.py:839} INFO - DAG(s) dict_keys(['example_branch_python_operator_decorator']) retrieved from /home/amina/miniconda/lib/python3.11/site-packages/airflow/example_dags/example_branch_operator_decorator.py
[2023-12-15T22:39:28.739+0500] {logging_mixin.py:154} INFO - [2023-12-15T22:39:28.739+0500] {dag.py:2941} INFO - Sync 1 DAGs
[2023-12-15T22:39:28.763+0500] {logging_mixin.py:154} INFO - [2023-12-15T22:39:28.763+0500] {dag.py:3722} INFO - Setting next_dagrun for example_branch_python_operator_decorator to 2023-12-14T00:00:00+00:00, run_after=2023-12-15T00:00:00+00:00
[2023-12-15T22:39:28.884+0500] {processor.py:179} INFO - Processing /home/amina/miniconda/lib/python3.11/site-packages/airflow/example_dags/example_branch_operator_decorator.py took 0.199 seconds
[2023-12-15T22:40:23.097+0500] {processor.py:157} INFO - Started process (PID=11413) to work on /home/amina/miniconda/lib/python3.11/site-packages/airflow/example_dags/example_branch_operator_decorator.py
[2023-12-15T22:40:23.128+0500] {processor.py:829} INFO - Processing file /home/amina/miniconda/lib/python3.11/site-packages/airflow/example_dags/example_branch_operator_decorator.py for tasks to queue
[2023-12-15T22:40:23.129+0500] {logging_mixin.py:154} INFO - [2023-12-15T22:40:23.128+0500] {dagbag.py:536} INFO - Filling up the DagBag from /home/amina/miniconda/lib/python3.11/site-packages/airflow/example_dags/example_branch_operator_decorator.py
[2023-12-15T22:40:23.139+0500] {processor.py:839} INFO - DAG(s) dict_keys(['example_branch_python_operator_decorator']) retrieved from /home/amina/miniconda/lib/python3.11/site-packages/airflow/example_dags/example_branch_operator_decorator.py
[2023-12-15T22:40:23.158+0500] {logging_mixin.py:154} INFO - [2023-12-15T22:40:23.158+0500] {dag.py:2941} INFO - Sync 1 DAGs
[2023-12-15T22:40:23.180+0500] {logging_mixin.py:154} INFO - [2023-12-15T22:40:23.180+0500] {dag.py:3722} INFO - Setting next_dagrun for example_branch_python_operator_decorator to 2023-12-14T00:00:00+00:00, run_after=2023-12-15T00:00:00+00:00
[2023-12-15T22:40:23.289+0500] {processor.py:179} INFO - Processing /home/amina/miniconda/lib/python3.11/site-packages/airflow/example_dags/example_branch_operator_decorator.py took 0.194 seconds
[2023-12-15T22:41:20.848+0500] {processor.py:157} INFO - Started process (PID=11554) to work on /home/amina/miniconda/lib/python3.11/site-packages/airflow/example_dags/example_branch_operator_decorator.py
[2023-12-15T22:41:20.873+0500] {processor.py:829} INFO - Processing file /home/amina/miniconda/lib/python3.11/site-packages/airflow/example_dags/example_branch_operator_decorator.py for tasks to queue
[2023-12-15T22:41:20.874+0500] {logging_mixin.py:154} INFO - [2023-12-15T22:41:20.874+0500] {dagbag.py:536} INFO - Filling up the DagBag from /home/amina/miniconda/lib/python3.11/site-packages/airflow/example_dags/example_branch_operator_decorator.py
[2023-12-15T22:41:20.885+0500] {processor.py:839} INFO - DAG(s) dict_keys(['example_branch_python_operator_decorator']) retrieved from /home/amina/miniconda/lib/python3.11/site-packages/airflow/example_dags/example_branch_operator_decorator.py
[2023-12-15T22:41:20.903+0500] {logging_mixin.py:154} INFO - [2023-12-15T22:41:20.903+0500] {dag.py:2941} INFO - Sync 1 DAGs
[2023-12-15T22:41:20.926+0500] {logging_mixin.py:154} INFO - [2023-12-15T22:41:20.926+0500] {dag.py:3722} INFO - Setting next_dagrun for example_branch_python_operator_decorator to 2023-12-14T00:00:00+00:00, run_after=2023-12-15T00:00:00+00:00
[2023-12-15T22:41:21.048+0500] {processor.py:179} INFO - Processing /home/amina/miniconda/lib/python3.11/site-packages/airflow/example_dags/example_branch_operator_decorator.py took 0.203 seconds
[2023-12-15T22:42:14.017+0500] {processor.py:157} INFO - Started process (PID=11625) to work on /home/amina/miniconda/lib/python3.11/site-packages/airflow/example_dags/example_branch_operator_decorator.py
[2023-12-15T22:42:14.022+0500] {processor.py:829} INFO - Processing file /home/amina/miniconda/lib/python3.11/site-packages/airflow/example_dags/example_branch_operator_decorator.py for tasks to queue
[2023-12-15T22:42:14.023+0500] {logging_mixin.py:154} INFO - [2023-12-15T22:42:14.023+0500] {dagbag.py:536} INFO - Filling up the DagBag from /home/amina/miniconda/lib/python3.11/site-packages/airflow/example_dags/example_branch_operator_decorator.py
[2023-12-15T22:42:14.033+0500] {processor.py:839} INFO - DAG(s) dict_keys(['example_branch_python_operator_decorator']) retrieved from /home/amina/miniconda/lib/python3.11/site-packages/airflow/example_dags/example_branch_operator_decorator.py
[2023-12-15T22:42:14.050+0500] {logging_mixin.py:154} INFO - [2023-12-15T22:42:14.050+0500] {dag.py:2941} INFO - Sync 1 DAGs
[2023-12-15T22:42:14.070+0500] {logging_mixin.py:154} INFO - [2023-12-15T22:42:14.070+0500] {dag.py:3722} INFO - Setting next_dagrun for example_branch_python_operator_decorator to 2023-12-14T00:00:00+00:00, run_after=2023-12-15T00:00:00+00:00
[2023-12-15T22:42:14.196+0500] {processor.py:179} INFO - Processing /home/amina/miniconda/lib/python3.11/site-packages/airflow/example_dags/example_branch_operator_decorator.py took 0.182 seconds
[2023-12-15T22:43:45.898+0500] {processor.py:157} INFO - Started process (PID=11727) to work on /home/amina/miniconda/lib/python3.11/site-packages/airflow/example_dags/example_branch_operator_decorator.py
[2023-12-15T22:43:45.912+0500] {processor.py:829} INFO - Processing file /home/amina/miniconda/lib/python3.11/site-packages/airflow/example_dags/example_branch_operator_decorator.py for tasks to queue
[2023-12-15T22:43:45.913+0500] {logging_mixin.py:154} INFO - [2023-12-15T22:43:45.913+0500] {dagbag.py:536} INFO - Filling up the DagBag from /home/amina/miniconda/lib/python3.11/site-packages/airflow/example_dags/example_branch_operator_decorator.py
[2023-12-15T22:43:45.923+0500] {processor.py:839} INFO - DAG(s) dict_keys(['example_branch_python_operator_decorator']) retrieved from /home/amina/miniconda/lib/python3.11/site-packages/airflow/example_dags/example_branch_operator_decorator.py
[2023-12-15T22:43:45.940+0500] {logging_mixin.py:154} INFO - [2023-12-15T22:43:45.940+0500] {dag.py:2941} INFO - Sync 1 DAGs
[2023-12-15T22:43:45.961+0500] {logging_mixin.py:154} INFO - [2023-12-15T22:43:45.961+0500] {dag.py:3722} INFO - Setting next_dagrun for example_branch_python_operator_decorator to 2023-12-14T00:00:00+00:00, run_after=2023-12-15T00:00:00+00:00
[2023-12-15T22:43:46.048+0500] {processor.py:179} INFO - Processing /home/amina/miniconda/lib/python3.11/site-packages/airflow/example_dags/example_branch_operator_decorator.py took 0.152 seconds
[2023-12-15T22:44:41.137+0500] {processor.py:157} INFO - Started process (PID=11784) to work on /home/amina/miniconda/lib/python3.11/site-packages/airflow/example_dags/example_branch_operator_decorator.py
[2023-12-15T22:44:41.141+0500] {processor.py:829} INFO - Processing file /home/amina/miniconda/lib/python3.11/site-packages/airflow/example_dags/example_branch_operator_decorator.py for tasks to queue
[2023-12-15T22:44:41.142+0500] {logging_mixin.py:154} INFO - [2023-12-15T22:44:41.142+0500] {dagbag.py:536} INFO - Filling up the DagBag from /home/amina/miniconda/lib/python3.11/site-packages/airflow/example_dags/example_branch_operator_decorator.py
[2023-12-15T22:44:41.154+0500] {processor.py:839} INFO - DAG(s) dict_keys(['example_branch_python_operator_decorator']) retrieved from /home/amina/miniconda/lib/python3.11/site-packages/airflow/example_dags/example_branch_operator_decorator.py
[2023-12-15T22:44:41.171+0500] {logging_mixin.py:154} INFO - [2023-12-15T22:44:41.171+0500] {dag.py:2941} INFO - Sync 1 DAGs
[2023-12-15T22:44:41.195+0500] {logging_mixin.py:154} INFO - [2023-12-15T22:44:41.195+0500] {dag.py:3722} INFO - Setting next_dagrun for example_branch_python_operator_decorator to 2023-12-14T00:00:00+00:00, run_after=2023-12-15T00:00:00+00:00
[2023-12-15T22:44:41.300+0500] {processor.py:179} INFO - Processing /home/amina/miniconda/lib/python3.11/site-packages/airflow/example_dags/example_branch_operator_decorator.py took 0.166 seconds
[2023-12-15T22:46:00.682+0500] {processor.py:157} INFO - Started process (PID=11880) to work on /home/amina/miniconda/lib/python3.11/site-packages/airflow/example_dags/example_branch_operator_decorator.py
[2023-12-15T22:46:00.700+0500] {processor.py:829} INFO - Processing file /home/amina/miniconda/lib/python3.11/site-packages/airflow/example_dags/example_branch_operator_decorator.py for tasks to queue
[2023-12-15T22:46:00.701+0500] {logging_mixin.py:154} INFO - [2023-12-15T22:46:00.701+0500] {dagbag.py:536} INFO - Filling up the DagBag from /home/amina/miniconda/lib/python3.11/site-packages/airflow/example_dags/example_branch_operator_decorator.py
[2023-12-15T22:46:00.711+0500] {processor.py:839} INFO - DAG(s) dict_keys(['example_branch_python_operator_decorator']) retrieved from /home/amina/miniconda/lib/python3.11/site-packages/airflow/example_dags/example_branch_operator_decorator.py
[2023-12-15T22:46:00.727+0500] {logging_mixin.py:154} INFO - [2023-12-15T22:46:00.727+0500] {dag.py:2941} INFO - Sync 1 DAGs
[2023-12-15T22:46:00.747+0500] {logging_mixin.py:154} INFO - [2023-12-15T22:46:00.747+0500] {dag.py:3722} INFO - Setting next_dagrun for example_branch_python_operator_decorator to 2023-12-14T00:00:00+00:00, run_after=2023-12-15T00:00:00+00:00
[2023-12-15T22:46:00.853+0500] {processor.py:179} INFO - Processing /home/amina/miniconda/lib/python3.11/site-packages/airflow/example_dags/example_branch_operator_decorator.py took 0.174 seconds
[2023-12-15T22:46:56.988+0500] {processor.py:157} INFO - Started process (PID=11947) to work on /home/amina/miniconda/lib/python3.11/site-packages/airflow/example_dags/example_branch_operator_decorator.py
[2023-12-15T22:46:57.025+0500] {processor.py:829} INFO - Processing file /home/amina/miniconda/lib/python3.11/site-packages/airflow/example_dags/example_branch_operator_decorator.py for tasks to queue
[2023-12-15T22:46:57.026+0500] {logging_mixin.py:154} INFO - [2023-12-15T22:46:57.025+0500] {dagbag.py:536} INFO - Filling up the DagBag from /home/amina/miniconda/lib/python3.11/site-packages/airflow/example_dags/example_branch_operator_decorator.py
[2023-12-15T22:46:57.036+0500] {processor.py:839} INFO - DAG(s) dict_keys(['example_branch_python_operator_decorator']) retrieved from /home/amina/miniconda/lib/python3.11/site-packages/airflow/example_dags/example_branch_operator_decorator.py
[2023-12-15T22:46:57.052+0500] {logging_mixin.py:154} INFO - [2023-12-15T22:46:57.052+0500] {dag.py:2941} INFO - Sync 1 DAGs
[2023-12-15T22:46:57.072+0500] {logging_mixin.py:154} INFO - [2023-12-15T22:46:57.072+0500] {dag.py:3722} INFO - Setting next_dagrun for example_branch_python_operator_decorator to 2023-12-14T00:00:00+00:00, run_after=2023-12-15T00:00:00+00:00
[2023-12-15T22:46:57.166+0500] {processor.py:179} INFO - Processing /home/amina/miniconda/lib/python3.11/site-packages/airflow/example_dags/example_branch_operator_decorator.py took 0.182 seconds
[2023-12-15T22:47:55.773+0500] {processor.py:157} INFO - Started process (PID=12039) to work on /home/amina/miniconda/lib/python3.11/site-packages/airflow/example_dags/example_branch_operator_decorator.py
[2023-12-15T22:47:55.794+0500] {processor.py:829} INFO - Processing file /home/amina/miniconda/lib/python3.11/site-packages/airflow/example_dags/example_branch_operator_decorator.py for tasks to queue
[2023-12-15T22:47:55.795+0500] {logging_mixin.py:154} INFO - [2023-12-15T22:47:55.795+0500] {dagbag.py:536} INFO - Filling up the DagBag from /home/amina/miniconda/lib/python3.11/site-packages/airflow/example_dags/example_branch_operator_decorator.py
[2023-12-15T22:47:55.811+0500] {processor.py:839} INFO - DAG(s) dict_keys(['example_branch_python_operator_decorator']) retrieved from /home/amina/miniconda/lib/python3.11/site-packages/airflow/example_dags/example_branch_operator_decorator.py
[2023-12-15T22:47:55.834+0500] {logging_mixin.py:154} INFO - [2023-12-15T22:47:55.834+0500] {dag.py:2941} INFO - Sync 1 DAGs
[2023-12-15T22:47:55.867+0500] {logging_mixin.py:154} INFO - [2023-12-15T22:47:55.866+0500] {dag.py:3722} INFO - Setting next_dagrun for example_branch_python_operator_decorator to 2023-12-14T00:00:00+00:00, run_after=2023-12-15T00:00:00+00:00
[2023-12-15T22:47:55.973+0500] {processor.py:179} INFO - Processing /home/amina/miniconda/lib/python3.11/site-packages/airflow/example_dags/example_branch_operator_decorator.py took 0.204 seconds
[2023-12-15T22:49:21.292+0500] {processor.py:157} INFO - Started process (PID=12162) to work on /home/amina/miniconda/lib/python3.11/site-packages/airflow/example_dags/example_branch_operator_decorator.py
[2023-12-15T22:49:21.310+0500] {processor.py:829} INFO - Processing file /home/amina/miniconda/lib/python3.11/site-packages/airflow/example_dags/example_branch_operator_decorator.py for tasks to queue
[2023-12-15T22:49:21.311+0500] {logging_mixin.py:154} INFO - [2023-12-15T22:49:21.311+0500] {dagbag.py:536} INFO - Filling up the DagBag from /home/amina/miniconda/lib/python3.11/site-packages/airflow/example_dags/example_branch_operator_decorator.py
[2023-12-15T22:49:21.326+0500] {processor.py:839} INFO - DAG(s) dict_keys(['example_branch_python_operator_decorator']) retrieved from /home/amina/miniconda/lib/python3.11/site-packages/airflow/example_dags/example_branch_operator_decorator.py
[2023-12-15T22:49:21.356+0500] {logging_mixin.py:154} INFO - [2023-12-15T22:49:21.356+0500] {dag.py:2941} INFO - Sync 1 DAGs
[2023-12-15T22:49:21.398+0500] {logging_mixin.py:154} INFO - [2023-12-15T22:49:21.397+0500] {dag.py:3722} INFO - Setting next_dagrun for example_branch_python_operator_decorator to 2023-12-14T00:00:00+00:00, run_after=2023-12-15T00:00:00+00:00
[2023-12-15T22:49:21.722+0500] {processor.py:179} INFO - Processing /home/amina/miniconda/lib/python3.11/site-packages/airflow/example_dags/example_branch_operator_decorator.py took 0.435 seconds
[2023-12-15T22:50:28.315+0500] {processor.py:157} INFO - Started process (PID=12285) to work on /home/amina/miniconda/lib/python3.11/site-packages/airflow/example_dags/example_branch_operator_decorator.py
[2023-12-15T22:50:28.315+0500] {processor.py:829} INFO - Processing file /home/amina/miniconda/lib/python3.11/site-packages/airflow/example_dags/example_branch_operator_decorator.py for tasks to queue
[2023-12-15T22:50:28.317+0500] {logging_mixin.py:154} INFO - [2023-12-15T22:50:28.316+0500] {dagbag.py:536} INFO - Filling up the DagBag from /home/amina/miniconda/lib/python3.11/site-packages/airflow/example_dags/example_branch_operator_decorator.py
[2023-12-15T22:50:28.328+0500] {processor.py:839} INFO - DAG(s) dict_keys(['example_branch_python_operator_decorator']) retrieved from /home/amina/miniconda/lib/python3.11/site-packages/airflow/example_dags/example_branch_operator_decorator.py
[2023-12-15T22:50:28.345+0500] {logging_mixin.py:154} INFO - [2023-12-15T22:50:28.345+0500] {dag.py:2941} INFO - Sync 1 DAGs
[2023-12-15T22:50:28.366+0500] {logging_mixin.py:154} INFO - [2023-12-15T22:50:28.366+0500] {dag.py:3722} INFO - Setting next_dagrun for example_branch_python_operator_decorator to 2023-12-14T00:00:00+00:00, run_after=2023-12-15T00:00:00+00:00
[2023-12-15T22:50:28.525+0500] {processor.py:179} INFO - Processing /home/amina/miniconda/lib/python3.11/site-packages/airflow/example_dags/example_branch_operator_decorator.py took 0.215 seconds
[2023-12-15T22:51:22.576+0500] {processor.py:157} INFO - Started process (PID=12358) to work on /home/amina/miniconda/lib/python3.11/site-packages/airflow/example_dags/example_branch_operator_decorator.py
[2023-12-15T22:51:22.584+0500] {processor.py:829} INFO - Processing file /home/amina/miniconda/lib/python3.11/site-packages/airflow/example_dags/example_branch_operator_decorator.py for tasks to queue
[2023-12-15T22:51:22.585+0500] {logging_mixin.py:154} INFO - [2023-12-15T22:51:22.585+0500] {dagbag.py:536} INFO - Filling up the DagBag from /home/amina/miniconda/lib/python3.11/site-packages/airflow/example_dags/example_branch_operator_decorator.py
[2023-12-15T22:51:22.598+0500] {processor.py:839} INFO - DAG(s) dict_keys(['example_branch_python_operator_decorator']) retrieved from /home/amina/miniconda/lib/python3.11/site-packages/airflow/example_dags/example_branch_operator_decorator.py
[2023-12-15T22:51:22.617+0500] {logging_mixin.py:154} INFO - [2023-12-15T22:51:22.617+0500] {dag.py:2941} INFO - Sync 1 DAGs
[2023-12-15T22:51:22.641+0500] {logging_mixin.py:154} INFO - [2023-12-15T22:51:22.640+0500] {dag.py:3722} INFO - Setting next_dagrun for example_branch_python_operator_decorator to 2023-12-14T00:00:00+00:00, run_after=2023-12-15T00:00:00+00:00
[2023-12-15T22:51:22.737+0500] {processor.py:179} INFO - Processing /home/amina/miniconda/lib/python3.11/site-packages/airflow/example_dags/example_branch_operator_decorator.py took 0.166 seconds
[2023-12-15T22:52:17.936+0500] {processor.py:157} INFO - Started process (PID=12415) to work on /home/amina/miniconda/lib/python3.11/site-packages/airflow/example_dags/example_branch_operator_decorator.py
[2023-12-15T22:52:17.988+0500] {processor.py:829} INFO - Processing file /home/amina/miniconda/lib/python3.11/site-packages/airflow/example_dags/example_branch_operator_decorator.py for tasks to queue
[2023-12-15T22:52:17.989+0500] {logging_mixin.py:154} INFO - [2023-12-15T22:52:17.988+0500] {dagbag.py:536} INFO - Filling up the DagBag from /home/amina/miniconda/lib/python3.11/site-packages/airflow/example_dags/example_branch_operator_decorator.py
[2023-12-15T22:52:17.999+0500] {processor.py:839} INFO - DAG(s) dict_keys(['example_branch_python_operator_decorator']) retrieved from /home/amina/miniconda/lib/python3.11/site-packages/airflow/example_dags/example_branch_operator_decorator.py
[2023-12-15T22:52:18.018+0500] {logging_mixin.py:154} INFO - [2023-12-15T22:52:18.018+0500] {dag.py:2941} INFO - Sync 1 DAGs
[2023-12-15T22:52:18.042+0500] {logging_mixin.py:154} INFO - [2023-12-15T22:52:18.042+0500] {dag.py:3722} INFO - Setting next_dagrun for example_branch_python_operator_decorator to 2023-12-14T00:00:00+00:00, run_after=2023-12-15T00:00:00+00:00
[2023-12-15T22:52:18.140+0500] {processor.py:179} INFO - Processing /home/amina/miniconda/lib/python3.11/site-packages/airflow/example_dags/example_branch_operator_decorator.py took 0.208 seconds
[2023-12-15T22:53:12.269+0500] {processor.py:157} INFO - Started process (PID=12494) to work on /home/amina/miniconda/lib/python3.11/site-packages/airflow/example_dags/example_branch_operator_decorator.py
[2023-12-15T22:53:12.298+0500] {processor.py:829} INFO - Processing file /home/amina/miniconda/lib/python3.11/site-packages/airflow/example_dags/example_branch_operator_decorator.py for tasks to queue
[2023-12-15T22:53:12.299+0500] {logging_mixin.py:154} INFO - [2023-12-15T22:53:12.298+0500] {dagbag.py:536} INFO - Filling up the DagBag from /home/amina/miniconda/lib/python3.11/site-packages/airflow/example_dags/example_branch_operator_decorator.py
[2023-12-15T22:53:12.311+0500] {processor.py:839} INFO - DAG(s) dict_keys(['example_branch_python_operator_decorator']) retrieved from /home/amina/miniconda/lib/python3.11/site-packages/airflow/example_dags/example_branch_operator_decorator.py
[2023-12-15T22:53:12.329+0500] {logging_mixin.py:154} INFO - [2023-12-15T22:53:12.329+0500] {dag.py:2941} INFO - Sync 1 DAGs
[2023-12-15T22:53:12.353+0500] {logging_mixin.py:154} INFO - [2023-12-15T22:53:12.352+0500] {dag.py:3722} INFO - Setting next_dagrun for example_branch_python_operator_decorator to 2023-12-14T00:00:00+00:00, run_after=2023-12-15T00:00:00+00:00
[2023-12-15T22:53:12.466+0500] {processor.py:179} INFO - Processing /home/amina/miniconda/lib/python3.11/site-packages/airflow/example_dags/example_branch_operator_decorator.py took 0.201 seconds
[2023-12-15T22:54:05.537+0500] {processor.py:157} INFO - Started process (PID=12540) to work on /home/amina/miniconda/lib/python3.11/site-packages/airflow/example_dags/example_branch_operator_decorator.py
[2023-12-15T22:54:05.559+0500] {processor.py:829} INFO - Processing file /home/amina/miniconda/lib/python3.11/site-packages/airflow/example_dags/example_branch_operator_decorator.py for tasks to queue
[2023-12-15T22:54:05.560+0500] {logging_mixin.py:154} INFO - [2023-12-15T22:54:05.560+0500] {dagbag.py:536} INFO - Filling up the DagBag from /home/amina/miniconda/lib/python3.11/site-packages/airflow/example_dags/example_branch_operator_decorator.py
[2023-12-15T22:54:05.571+0500] {processor.py:839} INFO - DAG(s) dict_keys(['example_branch_python_operator_decorator']) retrieved from /home/amina/miniconda/lib/python3.11/site-packages/airflow/example_dags/example_branch_operator_decorator.py
[2023-12-15T22:54:05.592+0500] {logging_mixin.py:154} INFO - [2023-12-15T22:54:05.592+0500] {dag.py:2941} INFO - Sync 1 DAGs
[2023-12-15T22:54:05.614+0500] {logging_mixin.py:154} INFO - [2023-12-15T22:54:05.614+0500] {dag.py:3722} INFO - Setting next_dagrun for example_branch_python_operator_decorator to 2023-12-14T00:00:00+00:00, run_after=2023-12-15T00:00:00+00:00
[2023-12-15T22:54:05.713+0500] {processor.py:179} INFO - Processing /home/amina/miniconda/lib/python3.11/site-packages/airflow/example_dags/example_branch_operator_decorator.py took 0.179 seconds
[2023-12-15T22:54:58.353+0500] {processor.py:157} INFO - Started process (PID=12598) to work on /home/amina/miniconda/lib/python3.11/site-packages/airflow/example_dags/example_branch_operator_decorator.py
[2023-12-15T22:54:58.372+0500] {processor.py:829} INFO - Processing file /home/amina/miniconda/lib/python3.11/site-packages/airflow/example_dags/example_branch_operator_decorator.py for tasks to queue
[2023-12-15T22:54:58.373+0500] {logging_mixin.py:154} INFO - [2023-12-15T22:54:58.373+0500] {dagbag.py:536} INFO - Filling up the DagBag from /home/amina/miniconda/lib/python3.11/site-packages/airflow/example_dags/example_branch_operator_decorator.py
[2023-12-15T22:54:58.385+0500] {processor.py:839} INFO - DAG(s) dict_keys(['example_branch_python_operator_decorator']) retrieved from /home/amina/miniconda/lib/python3.11/site-packages/airflow/example_dags/example_branch_operator_decorator.py
[2023-12-15T22:54:58.404+0500] {logging_mixin.py:154} INFO - [2023-12-15T22:54:58.404+0500] {dag.py:2941} INFO - Sync 1 DAGs
[2023-12-15T22:54:58.428+0500] {logging_mixin.py:154} INFO - [2023-12-15T22:54:58.428+0500] {dag.py:3722} INFO - Setting next_dagrun for example_branch_python_operator_decorator to 2023-12-14T00:00:00+00:00, run_after=2023-12-15T00:00:00+00:00
[2023-12-15T22:54:58.538+0500] {processor.py:179} INFO - Processing /home/amina/miniconda/lib/python3.11/site-packages/airflow/example_dags/example_branch_operator_decorator.py took 0.188 seconds
