[2023-12-15T21:43:50.273+0500] {processor.py:157} INFO - Started process (PID=7524) to work on /home/amina/miniconda/lib/python3.11/site-packages/airflow/example_dags/example_dynamic_task_mapping.py
[2023-12-15T21:43:50.274+0500] {processor.py:829} INFO - Processing file /home/amina/miniconda/lib/python3.11/site-packages/airflow/example_dags/example_dynamic_task_mapping.py for tasks to queue
[2023-12-15T21:43:50.274+0500] {logging_mixin.py:154} INFO - [2023-12-15T21:43:50.274+0500] {dagbag.py:536} INFO - Filling up the DagBag from /home/amina/miniconda/lib/python3.11/site-packages/airflow/example_dags/example_dynamic_task_mapping.py
[2023-12-15T21:43:50.281+0500] {processor.py:839} INFO - DAG(s) dict_keys(['example_dynamic_task_mapping']) retrieved from /home/amina/miniconda/lib/python3.11/site-packages/airflow/example_dags/example_dynamic_task_mapping.py
[2023-12-15T21:43:50.296+0500] {logging_mixin.py:154} INFO - [2023-12-15T21:43:50.296+0500] {dag.py:2941} INFO - Sync 1 DAGs
[2023-12-15T21:43:50.316+0500] {logging_mixin.py:154} INFO - [2023-12-15T21:43:50.316+0500] {dag.py:3722} INFO - Setting next_dagrun for example_dynamic_task_mapping to 2022-03-04T00:00:00+00:00, run_after=2022-03-05T00:00:00+00:00
[2023-12-15T21:43:50.463+0500] {processor.py:179} INFO - Processing /home/amina/miniconda/lib/python3.11/site-packages/airflow/example_dags/example_dynamic_task_mapping.py took 0.192 seconds
[2023-12-15T21:47:39.594+0500] {processor.py:157} INFO - Started process (PID=7725) to work on /home/amina/miniconda/lib/python3.11/site-packages/airflow/example_dags/example_dynamic_task_mapping.py
[2023-12-15T21:47:39.603+0500] {processor.py:829} INFO - Processing file /home/amina/miniconda/lib/python3.11/site-packages/airflow/example_dags/example_dynamic_task_mapping.py for tasks to queue
[2023-12-15T21:47:39.604+0500] {logging_mixin.py:154} INFO - [2023-12-15T21:47:39.603+0500] {dagbag.py:536} INFO - Filling up the DagBag from /home/amina/miniconda/lib/python3.11/site-packages/airflow/example_dags/example_dynamic_task_mapping.py
[2023-12-15T21:47:39.724+0500] {processor.py:839} INFO - DAG(s) dict_keys(['example_dynamic_task_mapping']) retrieved from /home/amina/miniconda/lib/python3.11/site-packages/airflow/example_dags/example_dynamic_task_mapping.py
[2023-12-15T21:47:39.738+0500] {logging_mixin.py:154} INFO - [2023-12-15T21:47:39.738+0500] {dag.py:2941} INFO - Sync 1 DAGs
[2023-12-15T21:47:39.756+0500] {logging_mixin.py:154} INFO - [2023-12-15T21:47:39.756+0500] {dag.py:3722} INFO - Setting next_dagrun for example_dynamic_task_mapping to 2022-03-04T00:00:00+00:00, run_after=2022-03-05T00:00:00+00:00
[2023-12-15T21:47:39.869+0500] {processor.py:179} INFO - Processing /home/amina/miniconda/lib/python3.11/site-packages/airflow/example_dags/example_dynamic_task_mapping.py took 0.278 seconds
[2023-12-15T21:49:02.537+0500] {processor.py:157} INFO - Started process (PID=7837) to work on /home/amina/miniconda/lib/python3.11/site-packages/airflow/example_dags/example_dynamic_task_mapping.py
[2023-12-15T21:49:02.578+0500] {processor.py:829} INFO - Processing file /home/amina/miniconda/lib/python3.11/site-packages/airflow/example_dags/example_dynamic_task_mapping.py for tasks to queue
[2023-12-15T21:49:02.579+0500] {logging_mixin.py:154} INFO - [2023-12-15T21:49:02.578+0500] {dagbag.py:536} INFO - Filling up the DagBag from /home/amina/miniconda/lib/python3.11/site-packages/airflow/example_dags/example_dynamic_task_mapping.py
[2023-12-15T21:49:02.589+0500] {processor.py:839} INFO - DAG(s) dict_keys(['example_dynamic_task_mapping']) retrieved from /home/amina/miniconda/lib/python3.11/site-packages/airflow/example_dags/example_dynamic_task_mapping.py
[2023-12-15T21:49:02.607+0500] {logging_mixin.py:154} INFO - [2023-12-15T21:49:02.607+0500] {dag.py:2941} INFO - Sync 1 DAGs
[2023-12-15T21:49:02.631+0500] {logging_mixin.py:154} INFO - [2023-12-15T21:49:02.630+0500] {dag.py:3722} INFO - Setting next_dagrun for example_dynamic_task_mapping to 2022-03-04T00:00:00+00:00, run_after=2022-03-05T00:00:00+00:00
[2023-12-15T21:49:02.743+0500] {processor.py:179} INFO - Processing /home/amina/miniconda/lib/python3.11/site-packages/airflow/example_dags/example_dynamic_task_mapping.py took 0.209 seconds
[2023-12-15T21:50:06.779+0500] {processor.py:157} INFO - Started process (PID=7900) to work on /home/amina/miniconda/lib/python3.11/site-packages/airflow/example_dags/example_dynamic_task_mapping.py
[2023-12-15T21:50:06.806+0500] {processor.py:829} INFO - Processing file /home/amina/miniconda/lib/python3.11/site-packages/airflow/example_dags/example_dynamic_task_mapping.py for tasks to queue
[2023-12-15T21:50:06.807+0500] {logging_mixin.py:154} INFO - [2023-12-15T21:50:06.806+0500] {dagbag.py:536} INFO - Filling up the DagBag from /home/amina/miniconda/lib/python3.11/site-packages/airflow/example_dags/example_dynamic_task_mapping.py
[2023-12-15T21:50:06.814+0500] {processor.py:839} INFO - DAG(s) dict_keys(['example_dynamic_task_mapping']) retrieved from /home/amina/miniconda/lib/python3.11/site-packages/airflow/example_dags/example_dynamic_task_mapping.py
[2023-12-15T21:50:06.833+0500] {logging_mixin.py:154} INFO - [2023-12-15T21:50:06.833+0500] {dag.py:2941} INFO - Sync 1 DAGs
[2023-12-15T21:50:06.868+0500] {logging_mixin.py:154} INFO - [2023-12-15T21:50:06.868+0500] {dag.py:3722} INFO - Setting next_dagrun for example_dynamic_task_mapping to 2022-03-04T00:00:00+00:00, run_after=2022-03-05T00:00:00+00:00
[2023-12-15T21:50:07.010+0500] {processor.py:179} INFO - Processing /home/amina/miniconda/lib/python3.11/site-packages/airflow/example_dags/example_dynamic_task_mapping.py took 0.234 seconds
[2023-12-15T21:51:42.606+0500] {processor.py:157} INFO - Started process (PID=8059) to work on /home/amina/miniconda/lib/python3.11/site-packages/airflow/example_dags/example_dynamic_task_mapping.py
[2023-12-15T21:51:42.642+0500] {processor.py:829} INFO - Processing file /home/amina/miniconda/lib/python3.11/site-packages/airflow/example_dags/example_dynamic_task_mapping.py for tasks to queue
[2023-12-15T21:51:42.643+0500] {logging_mixin.py:154} INFO - [2023-12-15T21:51:42.642+0500] {dagbag.py:536} INFO - Filling up the DagBag from /home/amina/miniconda/lib/python3.11/site-packages/airflow/example_dags/example_dynamic_task_mapping.py
[2023-12-15T21:51:42.650+0500] {processor.py:839} INFO - DAG(s) dict_keys(['example_dynamic_task_mapping']) retrieved from /home/amina/miniconda/lib/python3.11/site-packages/airflow/example_dags/example_dynamic_task_mapping.py
[2023-12-15T21:51:42.669+0500] {logging_mixin.py:154} INFO - [2023-12-15T21:51:42.669+0500] {dag.py:2941} INFO - Sync 1 DAGs
[2023-12-15T21:51:42.690+0500] {logging_mixin.py:154} INFO - [2023-12-15T21:51:42.690+0500] {dag.py:3722} INFO - Setting next_dagrun for example_dynamic_task_mapping to 2022-03-04T00:00:00+00:00, run_after=2022-03-05T00:00:00+00:00
[2023-12-15T21:51:42.805+0500] {processor.py:179} INFO - Processing /home/amina/miniconda/lib/python3.11/site-packages/airflow/example_dags/example_dynamic_task_mapping.py took 0.204 seconds
[2023-12-15T21:53:18.977+0500] {processor.py:157} INFO - Started process (PID=8152) to work on /home/amina/miniconda/lib/python3.11/site-packages/airflow/example_dags/example_dynamic_task_mapping.py
[2023-12-15T21:53:19.011+0500] {processor.py:829} INFO - Processing file /home/amina/miniconda/lib/python3.11/site-packages/airflow/example_dags/example_dynamic_task_mapping.py for tasks to queue
[2023-12-15T21:53:19.012+0500] {logging_mixin.py:154} INFO - [2023-12-15T21:53:19.012+0500] {dagbag.py:536} INFO - Filling up the DagBag from /home/amina/miniconda/lib/python3.11/site-packages/airflow/example_dags/example_dynamic_task_mapping.py
[2023-12-15T21:53:19.019+0500] {processor.py:839} INFO - DAG(s) dict_keys(['example_dynamic_task_mapping']) retrieved from /home/amina/miniconda/lib/python3.11/site-packages/airflow/example_dags/example_dynamic_task_mapping.py
[2023-12-15T21:53:19.032+0500] {logging_mixin.py:154} INFO - [2023-12-15T21:53:19.032+0500] {dag.py:2941} INFO - Sync 1 DAGs
[2023-12-15T21:53:19.051+0500] {logging_mixin.py:154} INFO - [2023-12-15T21:53:19.051+0500] {dag.py:3722} INFO - Setting next_dagrun for example_dynamic_task_mapping to 2022-03-04T00:00:00+00:00, run_after=2022-03-05T00:00:00+00:00
[2023-12-15T21:53:19.165+0500] {processor.py:179} INFO - Processing /home/amina/miniconda/lib/python3.11/site-packages/airflow/example_dags/example_dynamic_task_mapping.py took 0.190 seconds
[2023-12-15T21:54:33.794+0500] {processor.py:157} INFO - Started process (PID=8238) to work on /home/amina/miniconda/lib/python3.11/site-packages/airflow/example_dags/example_dynamic_task_mapping.py
[2023-12-15T21:54:33.808+0500] {processor.py:829} INFO - Processing file /home/amina/miniconda/lib/python3.11/site-packages/airflow/example_dags/example_dynamic_task_mapping.py for tasks to queue
[2023-12-15T21:54:33.809+0500] {logging_mixin.py:154} INFO - [2023-12-15T21:54:33.808+0500] {dagbag.py:536} INFO - Filling up the DagBag from /home/amina/miniconda/lib/python3.11/site-packages/airflow/example_dags/example_dynamic_task_mapping.py
[2023-12-15T21:54:33.816+0500] {processor.py:839} INFO - DAG(s) dict_keys(['example_dynamic_task_mapping']) retrieved from /home/amina/miniconda/lib/python3.11/site-packages/airflow/example_dags/example_dynamic_task_mapping.py
[2023-12-15T21:54:33.829+0500] {logging_mixin.py:154} INFO - [2023-12-15T21:54:33.829+0500] {dag.py:2941} INFO - Sync 1 DAGs
[2023-12-15T21:54:33.850+0500] {logging_mixin.py:154} INFO - [2023-12-15T21:54:33.849+0500] {dag.py:3722} INFO - Setting next_dagrun for example_dynamic_task_mapping to 2022-03-04T00:00:00+00:00, run_after=2022-03-05T00:00:00+00:00
[2023-12-15T21:54:33.962+0500] {processor.py:179} INFO - Processing /home/amina/miniconda/lib/python3.11/site-packages/airflow/example_dags/example_dynamic_task_mapping.py took 0.172 seconds
[2023-12-15T21:55:38.737+0500] {processor.py:157} INFO - Started process (PID=8316) to work on /home/amina/miniconda/lib/python3.11/site-packages/airflow/example_dags/example_dynamic_task_mapping.py
[2023-12-15T21:55:38.749+0500] {processor.py:829} INFO - Processing file /home/amina/miniconda/lib/python3.11/site-packages/airflow/example_dags/example_dynamic_task_mapping.py for tasks to queue
[2023-12-15T21:55:38.750+0500] {logging_mixin.py:154} INFO - [2023-12-15T21:55:38.750+0500] {dagbag.py:536} INFO - Filling up the DagBag from /home/amina/miniconda/lib/python3.11/site-packages/airflow/example_dags/example_dynamic_task_mapping.py
[2023-12-15T21:55:38.757+0500] {processor.py:839} INFO - DAG(s) dict_keys(['example_dynamic_task_mapping']) retrieved from /home/amina/miniconda/lib/python3.11/site-packages/airflow/example_dags/example_dynamic_task_mapping.py
[2023-12-15T21:55:38.772+0500] {logging_mixin.py:154} INFO - [2023-12-15T21:55:38.771+0500] {dag.py:2941} INFO - Sync 1 DAGs
[2023-12-15T21:55:38.791+0500] {logging_mixin.py:154} INFO - [2023-12-15T21:55:38.791+0500] {dag.py:3722} INFO - Setting next_dagrun for example_dynamic_task_mapping to 2022-03-04T00:00:00+00:00, run_after=2022-03-05T00:00:00+00:00
[2023-12-15T21:55:38.903+0500] {processor.py:179} INFO - Processing /home/amina/miniconda/lib/python3.11/site-packages/airflow/example_dags/example_dynamic_task_mapping.py took 0.169 seconds
[2023-12-15T21:56:53.834+0500] {processor.py:157} INFO - Started process (PID=8394) to work on /home/amina/miniconda/lib/python3.11/site-packages/airflow/example_dags/example_dynamic_task_mapping.py
[2023-12-15T21:56:53.866+0500] {processor.py:829} INFO - Processing file /home/amina/miniconda/lib/python3.11/site-packages/airflow/example_dags/example_dynamic_task_mapping.py for tasks to queue
[2023-12-15T21:56:53.867+0500] {logging_mixin.py:154} INFO - [2023-12-15T21:56:53.867+0500] {dagbag.py:536} INFO - Filling up the DagBag from /home/amina/miniconda/lib/python3.11/site-packages/airflow/example_dags/example_dynamic_task_mapping.py
[2023-12-15T21:56:53.875+0500] {processor.py:839} INFO - DAG(s) dict_keys(['example_dynamic_task_mapping']) retrieved from /home/amina/miniconda/lib/python3.11/site-packages/airflow/example_dags/example_dynamic_task_mapping.py
[2023-12-15T21:56:53.892+0500] {logging_mixin.py:154} INFO - [2023-12-15T21:56:53.892+0500] {dag.py:2941} INFO - Sync 1 DAGs
[2023-12-15T21:56:53.913+0500] {logging_mixin.py:154} INFO - [2023-12-15T21:56:53.913+0500] {dag.py:3722} INFO - Setting next_dagrun for example_dynamic_task_mapping to 2022-03-04T00:00:00+00:00, run_after=2022-03-05T00:00:00+00:00
[2023-12-15T21:56:54.020+0500] {processor.py:179} INFO - Processing /home/amina/miniconda/lib/python3.11/site-packages/airflow/example_dags/example_dynamic_task_mapping.py took 0.189 seconds
[2023-12-15T21:58:15.122+0500] {processor.py:157} INFO - Started process (PID=8487) to work on /home/amina/miniconda/lib/python3.11/site-packages/airflow/example_dags/example_dynamic_task_mapping.py
[2023-12-15T21:58:15.136+0500] {processor.py:829} INFO - Processing file /home/amina/miniconda/lib/python3.11/site-packages/airflow/example_dags/example_dynamic_task_mapping.py for tasks to queue
[2023-12-15T21:58:15.137+0500] {logging_mixin.py:154} INFO - [2023-12-15T21:58:15.137+0500] {dagbag.py:536} INFO - Filling up the DagBag from /home/amina/miniconda/lib/python3.11/site-packages/airflow/example_dags/example_dynamic_task_mapping.py
[2023-12-15T21:58:15.144+0500] {processor.py:839} INFO - DAG(s) dict_keys(['example_dynamic_task_mapping']) retrieved from /home/amina/miniconda/lib/python3.11/site-packages/airflow/example_dags/example_dynamic_task_mapping.py
[2023-12-15T21:58:15.157+0500] {logging_mixin.py:154} INFO - [2023-12-15T21:58:15.157+0500] {dag.py:2941} INFO - Sync 1 DAGs
[2023-12-15T21:58:15.176+0500] {logging_mixin.py:154} INFO - [2023-12-15T21:58:15.176+0500] {dag.py:3722} INFO - Setting next_dagrun for example_dynamic_task_mapping to 2022-03-04T00:00:00+00:00, run_after=2022-03-05T00:00:00+00:00
[2023-12-15T21:58:15.290+0500] {processor.py:179} INFO - Processing /home/amina/miniconda/lib/python3.11/site-packages/airflow/example_dags/example_dynamic_task_mapping.py took 0.170 seconds
[2023-12-15T21:59:34.325+0500] {processor.py:157} INFO - Started process (PID=8575) to work on /home/amina/miniconda/lib/python3.11/site-packages/airflow/example_dags/example_dynamic_task_mapping.py
[2023-12-15T21:59:34.345+0500] {processor.py:829} INFO - Processing file /home/amina/miniconda/lib/python3.11/site-packages/airflow/example_dags/example_dynamic_task_mapping.py for tasks to queue
[2023-12-15T21:59:34.346+0500] {logging_mixin.py:154} INFO - [2023-12-15T21:59:34.345+0500] {dagbag.py:536} INFO - Filling up the DagBag from /home/amina/miniconda/lib/python3.11/site-packages/airflow/example_dags/example_dynamic_task_mapping.py
[2023-12-15T21:59:34.353+0500] {processor.py:839} INFO - DAG(s) dict_keys(['example_dynamic_task_mapping']) retrieved from /home/amina/miniconda/lib/python3.11/site-packages/airflow/example_dags/example_dynamic_task_mapping.py
[2023-12-15T21:59:34.371+0500] {logging_mixin.py:154} INFO - [2023-12-15T21:59:34.371+0500] {dag.py:2941} INFO - Sync 1 DAGs
[2023-12-15T21:59:34.394+0500] {logging_mixin.py:154} INFO - [2023-12-15T21:59:34.393+0500] {dag.py:3722} INFO - Setting next_dagrun for example_dynamic_task_mapping to 2022-03-04T00:00:00+00:00, run_after=2022-03-05T00:00:00+00:00
[2023-12-15T21:59:34.518+0500] {processor.py:179} INFO - Processing /home/amina/miniconda/lib/python3.11/site-packages/airflow/example_dags/example_dynamic_task_mapping.py took 0.197 seconds
[2023-12-15T22:00:59.106+0500] {processor.py:157} INFO - Started process (PID=8682) to work on /home/amina/miniconda/lib/python3.11/site-packages/airflow/example_dags/example_dynamic_task_mapping.py
[2023-12-15T22:00:59.147+0500] {processor.py:829} INFO - Processing file /home/amina/miniconda/lib/python3.11/site-packages/airflow/example_dags/example_dynamic_task_mapping.py for tasks to queue
[2023-12-15T22:00:59.148+0500] {logging_mixin.py:154} INFO - [2023-12-15T22:00:59.148+0500] {dagbag.py:536} INFO - Filling up the DagBag from /home/amina/miniconda/lib/python3.11/site-packages/airflow/example_dags/example_dynamic_task_mapping.py
[2023-12-15T22:00:59.154+0500] {processor.py:839} INFO - DAG(s) dict_keys(['example_dynamic_task_mapping']) retrieved from /home/amina/miniconda/lib/python3.11/site-packages/airflow/example_dags/example_dynamic_task_mapping.py
[2023-12-15T22:00:59.168+0500] {logging_mixin.py:154} INFO - [2023-12-15T22:00:59.168+0500] {dag.py:2941} INFO - Sync 1 DAGs
[2023-12-15T22:00:59.186+0500] {logging_mixin.py:154} INFO - [2023-12-15T22:00:59.186+0500] {dag.py:3722} INFO - Setting next_dagrun for example_dynamic_task_mapping to 2022-03-04T00:00:00+00:00, run_after=2022-03-05T00:00:00+00:00
[2023-12-15T22:00:59.269+0500] {processor.py:179} INFO - Processing /home/amina/miniconda/lib/python3.11/site-packages/airflow/example_dags/example_dynamic_task_mapping.py took 0.166 seconds
[2023-12-15T22:02:14.790+0500] {processor.py:157} INFO - Started process (PID=8774) to work on /home/amina/miniconda/lib/python3.11/site-packages/airflow/example_dags/example_dynamic_task_mapping.py
[2023-12-15T22:02:14.827+0500] {processor.py:829} INFO - Processing file /home/amina/miniconda/lib/python3.11/site-packages/airflow/example_dags/example_dynamic_task_mapping.py for tasks to queue
[2023-12-15T22:02:14.828+0500] {logging_mixin.py:154} INFO - [2023-12-15T22:02:14.828+0500] {dagbag.py:536} INFO - Filling up the DagBag from /home/amina/miniconda/lib/python3.11/site-packages/airflow/example_dags/example_dynamic_task_mapping.py
[2023-12-15T22:02:14.836+0500] {processor.py:839} INFO - DAG(s) dict_keys(['example_dynamic_task_mapping']) retrieved from /home/amina/miniconda/lib/python3.11/site-packages/airflow/example_dags/example_dynamic_task_mapping.py
[2023-12-15T22:02:14.851+0500] {logging_mixin.py:154} INFO - [2023-12-15T22:02:14.851+0500] {dag.py:2941} INFO - Sync 1 DAGs
[2023-12-15T22:02:14.871+0500] {logging_mixin.py:154} INFO - [2023-12-15T22:02:14.871+0500] {dag.py:3722} INFO - Setting next_dagrun for example_dynamic_task_mapping to 2022-03-04T00:00:00+00:00, run_after=2022-03-05T00:00:00+00:00
[2023-12-15T22:02:14.995+0500] {processor.py:179} INFO - Processing /home/amina/miniconda/lib/python3.11/site-packages/airflow/example_dags/example_dynamic_task_mapping.py took 0.209 seconds
[2023-12-15T22:03:31.455+0500] {processor.py:157} INFO - Started process (PID=8864) to work on /home/amina/miniconda/lib/python3.11/site-packages/airflow/example_dags/example_dynamic_task_mapping.py
[2023-12-15T22:03:31.490+0500] {processor.py:829} INFO - Processing file /home/amina/miniconda/lib/python3.11/site-packages/airflow/example_dags/example_dynamic_task_mapping.py for tasks to queue
[2023-12-15T22:03:31.492+0500] {logging_mixin.py:154} INFO - [2023-12-15T22:03:31.492+0500] {dagbag.py:536} INFO - Filling up the DagBag from /home/amina/miniconda/lib/python3.11/site-packages/airflow/example_dags/example_dynamic_task_mapping.py
[2023-12-15T22:03:31.500+0500] {processor.py:839} INFO - DAG(s) dict_keys(['example_dynamic_task_mapping']) retrieved from /home/amina/miniconda/lib/python3.11/site-packages/airflow/example_dags/example_dynamic_task_mapping.py
[2023-12-15T22:03:31.519+0500] {logging_mixin.py:154} INFO - [2023-12-15T22:03:31.519+0500] {dag.py:2941} INFO - Sync 1 DAGs
[2023-12-15T22:03:31.541+0500] {logging_mixin.py:154} INFO - [2023-12-15T22:03:31.540+0500] {dag.py:3722} INFO - Setting next_dagrun for example_dynamic_task_mapping to 2022-03-04T00:00:00+00:00, run_after=2022-03-05T00:00:00+00:00
[2023-12-15T22:03:31.639+0500] {processor.py:179} INFO - Processing /home/amina/miniconda/lib/python3.11/site-packages/airflow/example_dags/example_dynamic_task_mapping.py took 0.187 seconds
[2023-12-15T22:04:51.767+0500] {processor.py:157} INFO - Started process (PID=8953) to work on /home/amina/miniconda/lib/python3.11/site-packages/airflow/example_dags/example_dynamic_task_mapping.py
[2023-12-15T22:04:51.810+0500] {processor.py:829} INFO - Processing file /home/amina/miniconda/lib/python3.11/site-packages/airflow/example_dags/example_dynamic_task_mapping.py for tasks to queue
[2023-12-15T22:04:51.811+0500] {logging_mixin.py:154} INFO - [2023-12-15T22:04:51.811+0500] {dagbag.py:536} INFO - Filling up the DagBag from /home/amina/miniconda/lib/python3.11/site-packages/airflow/example_dags/example_dynamic_task_mapping.py
[2023-12-15T22:04:51.820+0500] {processor.py:839} INFO - DAG(s) dict_keys(['example_dynamic_task_mapping']) retrieved from /home/amina/miniconda/lib/python3.11/site-packages/airflow/example_dags/example_dynamic_task_mapping.py
[2023-12-15T22:04:51.839+0500] {logging_mixin.py:154} INFO - [2023-12-15T22:04:51.838+0500] {dag.py:2941} INFO - Sync 1 DAGs
[2023-12-15T22:04:51.861+0500] {logging_mixin.py:154} INFO - [2023-12-15T22:04:51.860+0500] {dag.py:3722} INFO - Setting next_dagrun for example_dynamic_task_mapping to 2022-03-04T00:00:00+00:00, run_after=2022-03-05T00:00:00+00:00
[2023-12-15T22:04:51.963+0500] {processor.py:179} INFO - Processing /home/amina/miniconda/lib/python3.11/site-packages/airflow/example_dags/example_dynamic_task_mapping.py took 0.200 seconds
[2023-12-15T22:05:52.450+0500] {processor.py:157} INFO - Started process (PID=9019) to work on /home/amina/miniconda/lib/python3.11/site-packages/airflow/example_dags/example_dynamic_task_mapping.py
[2023-12-15T22:05:52.485+0500] {processor.py:829} INFO - Processing file /home/amina/miniconda/lib/python3.11/site-packages/airflow/example_dags/example_dynamic_task_mapping.py for tasks to queue
[2023-12-15T22:05:52.486+0500] {logging_mixin.py:154} INFO - [2023-12-15T22:05:52.486+0500] {dagbag.py:536} INFO - Filling up the DagBag from /home/amina/miniconda/lib/python3.11/site-packages/airflow/example_dags/example_dynamic_task_mapping.py
[2023-12-15T22:05:52.494+0500] {processor.py:839} INFO - DAG(s) dict_keys(['example_dynamic_task_mapping']) retrieved from /home/amina/miniconda/lib/python3.11/site-packages/airflow/example_dags/example_dynamic_task_mapping.py
[2023-12-15T22:05:52.509+0500] {logging_mixin.py:154} INFO - [2023-12-15T22:05:52.509+0500] {dag.py:2941} INFO - Sync 1 DAGs
[2023-12-15T22:05:52.530+0500] {logging_mixin.py:154} INFO - [2023-12-15T22:05:52.530+0500] {dag.py:3722} INFO - Setting next_dagrun for example_dynamic_task_mapping to 2022-03-04T00:00:00+00:00, run_after=2022-03-05T00:00:00+00:00
[2023-12-15T22:05:52.641+0500] {processor.py:179} INFO - Processing /home/amina/miniconda/lib/python3.11/site-packages/airflow/example_dags/example_dynamic_task_mapping.py took 0.193 seconds
[2023-12-15T22:06:50.551+0500] {processor.py:157} INFO - Started process (PID=9072) to work on /home/amina/miniconda/lib/python3.11/site-packages/airflow/example_dags/example_dynamic_task_mapping.py
[2023-12-15T22:06:50.555+0500] {processor.py:829} INFO - Processing file /home/amina/miniconda/lib/python3.11/site-packages/airflow/example_dags/example_dynamic_task_mapping.py for tasks to queue
[2023-12-15T22:06:50.556+0500] {logging_mixin.py:154} INFO - [2023-12-15T22:06:50.556+0500] {dagbag.py:536} INFO - Filling up the DagBag from /home/amina/miniconda/lib/python3.11/site-packages/airflow/example_dags/example_dynamic_task_mapping.py
[2023-12-15T22:06:50.564+0500] {processor.py:839} INFO - DAG(s) dict_keys(['example_dynamic_task_mapping']) retrieved from /home/amina/miniconda/lib/python3.11/site-packages/airflow/example_dags/example_dynamic_task_mapping.py
[2023-12-15T22:06:50.578+0500] {logging_mixin.py:154} INFO - [2023-12-15T22:06:50.578+0500] {dag.py:2941} INFO - Sync 1 DAGs
[2023-12-15T22:06:50.598+0500] {logging_mixin.py:154} INFO - [2023-12-15T22:06:50.598+0500] {dag.py:3722} INFO - Setting next_dagrun for example_dynamic_task_mapping to 2022-03-04T00:00:00+00:00, run_after=2022-03-05T00:00:00+00:00
[2023-12-15T22:06:50.698+0500] {processor.py:179} INFO - Processing /home/amina/miniconda/lib/python3.11/site-packages/airflow/example_dags/example_dynamic_task_mapping.py took 0.150 seconds
[2023-12-15T22:07:57.190+0500] {processor.py:157} INFO - Started process (PID=9142) to work on /home/amina/miniconda/lib/python3.11/site-packages/airflow/example_dags/example_dynamic_task_mapping.py
[2023-12-15T22:07:57.203+0500] {processor.py:829} INFO - Processing file /home/amina/miniconda/lib/python3.11/site-packages/airflow/example_dags/example_dynamic_task_mapping.py for tasks to queue
[2023-12-15T22:07:57.204+0500] {logging_mixin.py:154} INFO - [2023-12-15T22:07:57.204+0500] {dagbag.py:536} INFO - Filling up the DagBag from /home/amina/miniconda/lib/python3.11/site-packages/airflow/example_dags/example_dynamic_task_mapping.py
[2023-12-15T22:07:57.212+0500] {processor.py:839} INFO - DAG(s) dict_keys(['example_dynamic_task_mapping']) retrieved from /home/amina/miniconda/lib/python3.11/site-packages/airflow/example_dags/example_dynamic_task_mapping.py
[2023-12-15T22:07:57.227+0500] {logging_mixin.py:154} INFO - [2023-12-15T22:07:57.227+0500] {dag.py:2941} INFO - Sync 1 DAGs
[2023-12-15T22:07:57.250+0500] {logging_mixin.py:154} INFO - [2023-12-15T22:07:57.250+0500] {dag.py:3722} INFO - Setting next_dagrun for example_dynamic_task_mapping to 2022-03-04T00:00:00+00:00, run_after=2022-03-05T00:00:00+00:00
[2023-12-15T22:07:57.334+0500] {processor.py:179} INFO - Processing /home/amina/miniconda/lib/python3.11/site-packages/airflow/example_dags/example_dynamic_task_mapping.py took 0.147 seconds
[2023-12-15T22:09:31.153+0500] {processor.py:157} INFO - Started process (PID=9248) to work on /home/amina/miniconda/lib/python3.11/site-packages/airflow/example_dags/example_dynamic_task_mapping.py
[2023-12-15T22:09:31.173+0500] {processor.py:829} INFO - Processing file /home/amina/miniconda/lib/python3.11/site-packages/airflow/example_dags/example_dynamic_task_mapping.py for tasks to queue
[2023-12-15T22:09:31.174+0500] {logging_mixin.py:154} INFO - [2023-12-15T22:09:31.174+0500] {dagbag.py:536} INFO - Filling up the DagBag from /home/amina/miniconda/lib/python3.11/site-packages/airflow/example_dags/example_dynamic_task_mapping.py
[2023-12-15T22:09:31.184+0500] {processor.py:839} INFO - DAG(s) dict_keys(['example_dynamic_task_mapping']) retrieved from /home/amina/miniconda/lib/python3.11/site-packages/airflow/example_dags/example_dynamic_task_mapping.py
[2023-12-15T22:09:31.200+0500] {logging_mixin.py:154} INFO - [2023-12-15T22:09:31.200+0500] {dag.py:2941} INFO - Sync 1 DAGs
[2023-12-15T22:09:31.225+0500] {logging_mixin.py:154} INFO - [2023-12-15T22:09:31.224+0500] {dag.py:3722} INFO - Setting next_dagrun for example_dynamic_task_mapping to 2022-03-04T00:00:00+00:00, run_after=2022-03-05T00:00:00+00:00
[2023-12-15T22:09:31.357+0500] {processor.py:179} INFO - Processing /home/amina/miniconda/lib/python3.11/site-packages/airflow/example_dags/example_dynamic_task_mapping.py took 0.208 seconds
[2023-12-15T22:10:36.012+0500] {processor.py:157} INFO - Started process (PID=9311) to work on /home/amina/miniconda/lib/python3.11/site-packages/airflow/example_dags/example_dynamic_task_mapping.py
[2023-12-15T22:10:36.028+0500] {processor.py:829} INFO - Processing file /home/amina/miniconda/lib/python3.11/site-packages/airflow/example_dags/example_dynamic_task_mapping.py for tasks to queue
[2023-12-15T22:10:36.029+0500] {logging_mixin.py:154} INFO - [2023-12-15T22:10:36.028+0500] {dagbag.py:536} INFO - Filling up the DagBag from /home/amina/miniconda/lib/python3.11/site-packages/airflow/example_dags/example_dynamic_task_mapping.py
[2023-12-15T22:10:36.037+0500] {processor.py:839} INFO - DAG(s) dict_keys(['example_dynamic_task_mapping']) retrieved from /home/amina/miniconda/lib/python3.11/site-packages/airflow/example_dags/example_dynamic_task_mapping.py
[2023-12-15T22:10:36.054+0500] {logging_mixin.py:154} INFO - [2023-12-15T22:10:36.054+0500] {dag.py:2941} INFO - Sync 1 DAGs
[2023-12-15T22:10:36.078+0500] {logging_mixin.py:154} INFO - [2023-12-15T22:10:36.078+0500] {dag.py:3722} INFO - Setting next_dagrun for example_dynamic_task_mapping to 2022-03-04T00:00:00+00:00, run_after=2022-03-05T00:00:00+00:00
[2023-12-15T22:10:36.183+0500] {processor.py:179} INFO - Processing /home/amina/miniconda/lib/python3.11/site-packages/airflow/example_dags/example_dynamic_task_mapping.py took 0.174 seconds
[2023-12-15T22:11:34.611+0500] {processor.py:157} INFO - Started process (PID=9372) to work on /home/amina/miniconda/lib/python3.11/site-packages/airflow/example_dags/example_dynamic_task_mapping.py
[2023-12-15T22:11:34.655+0500] {processor.py:829} INFO - Processing file /home/amina/miniconda/lib/python3.11/site-packages/airflow/example_dags/example_dynamic_task_mapping.py for tasks to queue
[2023-12-15T22:11:34.655+0500] {logging_mixin.py:154} INFO - [2023-12-15T22:11:34.655+0500] {dagbag.py:536} INFO - Filling up the DagBag from /home/amina/miniconda/lib/python3.11/site-packages/airflow/example_dags/example_dynamic_task_mapping.py
[2023-12-15T22:11:34.663+0500] {processor.py:839} INFO - DAG(s) dict_keys(['example_dynamic_task_mapping']) retrieved from /home/amina/miniconda/lib/python3.11/site-packages/airflow/example_dags/example_dynamic_task_mapping.py
[2023-12-15T22:11:34.681+0500] {logging_mixin.py:154} INFO - [2023-12-15T22:11:34.681+0500] {dag.py:2941} INFO - Sync 1 DAGs
[2023-12-15T22:11:34.702+0500] {logging_mixin.py:154} INFO - [2023-12-15T22:11:34.701+0500] {dag.py:3722} INFO - Setting next_dagrun for example_dynamic_task_mapping to 2022-03-04T00:00:00+00:00, run_after=2022-03-05T00:00:00+00:00
[2023-12-15T22:11:34.783+0500] {processor.py:179} INFO - Processing /home/amina/miniconda/lib/python3.11/site-packages/airflow/example_dags/example_dynamic_task_mapping.py took 0.176 seconds
[2023-12-15T22:13:02.880+0500] {processor.py:157} INFO - Started process (PID=9467) to work on /home/amina/miniconda/lib/python3.11/site-packages/airflow/example_dags/example_dynamic_task_mapping.py
[2023-12-15T22:13:02.923+0500] {processor.py:829} INFO - Processing file /home/amina/miniconda/lib/python3.11/site-packages/airflow/example_dags/example_dynamic_task_mapping.py for tasks to queue
[2023-12-15T22:13:02.925+0500] {logging_mixin.py:154} INFO - [2023-12-15T22:13:02.924+0500] {dagbag.py:536} INFO - Filling up the DagBag from /home/amina/miniconda/lib/python3.11/site-packages/airflow/example_dags/example_dynamic_task_mapping.py
[2023-12-15T22:13:02.934+0500] {processor.py:839} INFO - DAG(s) dict_keys(['example_dynamic_task_mapping']) retrieved from /home/amina/miniconda/lib/python3.11/site-packages/airflow/example_dags/example_dynamic_task_mapping.py
[2023-12-15T22:13:02.953+0500] {logging_mixin.py:154} INFO - [2023-12-15T22:13:02.953+0500] {dag.py:2941} INFO - Sync 1 DAGs
[2023-12-15T22:13:02.983+0500] {logging_mixin.py:154} INFO - [2023-12-15T22:13:02.983+0500] {dag.py:3722} INFO - Setting next_dagrun for example_dynamic_task_mapping to 2022-03-04T00:00:00+00:00, run_after=2022-03-05T00:00:00+00:00
[2023-12-15T22:13:03.071+0500] {processor.py:179} INFO - Processing /home/amina/miniconda/lib/python3.11/site-packages/airflow/example_dags/example_dynamic_task_mapping.py took 0.194 seconds
[2023-12-15T22:14:14.185+0500] {processor.py:157} INFO - Started process (PID=9551) to work on /home/amina/miniconda/lib/python3.11/site-packages/airflow/example_dags/example_dynamic_task_mapping.py
[2023-12-15T22:14:14.186+0500] {processor.py:829} INFO - Processing file /home/amina/miniconda/lib/python3.11/site-packages/airflow/example_dags/example_dynamic_task_mapping.py for tasks to queue
[2023-12-15T22:14:14.187+0500] {logging_mixin.py:154} INFO - [2023-12-15T22:14:14.186+0500] {dagbag.py:536} INFO - Filling up the DagBag from /home/amina/miniconda/lib/python3.11/site-packages/airflow/example_dags/example_dynamic_task_mapping.py
[2023-12-15T22:14:14.194+0500] {processor.py:839} INFO - DAG(s) dict_keys(['example_dynamic_task_mapping']) retrieved from /home/amina/miniconda/lib/python3.11/site-packages/airflow/example_dags/example_dynamic_task_mapping.py
[2023-12-15T22:14:14.208+0500] {logging_mixin.py:154} INFO - [2023-12-15T22:14:14.208+0500] {dag.py:2941} INFO - Sync 1 DAGs
[2023-12-15T22:14:14.226+0500] {logging_mixin.py:154} INFO - [2023-12-15T22:14:14.226+0500] {dag.py:3722} INFO - Setting next_dagrun for example_dynamic_task_mapping to 2022-03-04T00:00:00+00:00, run_after=2022-03-05T00:00:00+00:00
[2023-12-15T22:14:14.342+0500] {processor.py:179} INFO - Processing /home/amina/miniconda/lib/python3.11/site-packages/airflow/example_dags/example_dynamic_task_mapping.py took 0.160 seconds
[2023-12-15T22:16:07.007+0500] {processor.py:157} INFO - Started process (PID=9676) to work on /home/amina/miniconda/lib/python3.11/site-packages/airflow/example_dags/example_dynamic_task_mapping.py
[2023-12-15T22:16:07.038+0500] {processor.py:829} INFO - Processing file /home/amina/miniconda/lib/python3.11/site-packages/airflow/example_dags/example_dynamic_task_mapping.py for tasks to queue
[2023-12-15T22:16:07.041+0500] {logging_mixin.py:154} INFO - [2023-12-15T22:16:07.040+0500] {dagbag.py:536} INFO - Filling up the DagBag from /home/amina/miniconda/lib/python3.11/site-packages/airflow/example_dags/example_dynamic_task_mapping.py
[2023-12-15T22:16:07.050+0500] {processor.py:839} INFO - DAG(s) dict_keys(['example_dynamic_task_mapping']) retrieved from /home/amina/miniconda/lib/python3.11/site-packages/airflow/example_dags/example_dynamic_task_mapping.py
[2023-12-15T22:16:07.069+0500] {logging_mixin.py:154} INFO - [2023-12-15T22:16:07.069+0500] {dag.py:2941} INFO - Sync 1 DAGs
[2023-12-15T22:16:07.092+0500] {logging_mixin.py:154} INFO - [2023-12-15T22:16:07.091+0500] {dag.py:3722} INFO - Setting next_dagrun for example_dynamic_task_mapping to 2022-03-04T00:00:00+00:00, run_after=2022-03-05T00:00:00+00:00
[2023-12-15T22:16:07.195+0500] {processor.py:179} INFO - Processing /home/amina/miniconda/lib/python3.11/site-packages/airflow/example_dags/example_dynamic_task_mapping.py took 0.191 seconds
[2023-12-15T22:17:11.002+0500] {processor.py:157} INFO - Started process (PID=9747) to work on /home/amina/miniconda/lib/python3.11/site-packages/airflow/example_dags/example_dynamic_task_mapping.py
[2023-12-15T22:17:11.027+0500] {processor.py:829} INFO - Processing file /home/amina/miniconda/lib/python3.11/site-packages/airflow/example_dags/example_dynamic_task_mapping.py for tasks to queue
[2023-12-15T22:17:11.027+0500] {logging_mixin.py:154} INFO - [2023-12-15T22:17:11.027+0500] {dagbag.py:536} INFO - Filling up the DagBag from /home/amina/miniconda/lib/python3.11/site-packages/airflow/example_dags/example_dynamic_task_mapping.py
[2023-12-15T22:17:11.036+0500] {processor.py:839} INFO - DAG(s) dict_keys(['example_dynamic_task_mapping']) retrieved from /home/amina/miniconda/lib/python3.11/site-packages/airflow/example_dags/example_dynamic_task_mapping.py
[2023-12-15T22:17:11.054+0500] {logging_mixin.py:154} INFO - [2023-12-15T22:17:11.054+0500] {dag.py:2941} INFO - Sync 1 DAGs
[2023-12-15T22:17:11.078+0500] {logging_mixin.py:154} INFO - [2023-12-15T22:17:11.078+0500] {dag.py:3722} INFO - Setting next_dagrun for example_dynamic_task_mapping to 2022-03-04T00:00:00+00:00, run_after=2022-03-05T00:00:00+00:00
[2023-12-15T22:17:11.214+0500] {processor.py:179} INFO - Processing /home/amina/miniconda/lib/python3.11/site-packages/airflow/example_dags/example_dynamic_task_mapping.py took 0.216 seconds
[2023-12-15T22:18:14.643+0500] {processor.py:157} INFO - Started process (PID=9818) to work on /home/amina/miniconda/lib/python3.11/site-packages/airflow/example_dags/example_dynamic_task_mapping.py
[2023-12-15T22:18:14.646+0500] {processor.py:829} INFO - Processing file /home/amina/miniconda/lib/python3.11/site-packages/airflow/example_dags/example_dynamic_task_mapping.py for tasks to queue
[2023-12-15T22:18:14.648+0500] {logging_mixin.py:154} INFO - [2023-12-15T22:18:14.647+0500] {dagbag.py:536} INFO - Filling up the DagBag from /home/amina/miniconda/lib/python3.11/site-packages/airflow/example_dags/example_dynamic_task_mapping.py
[2023-12-15T22:18:14.656+0500] {processor.py:839} INFO - DAG(s) dict_keys(['example_dynamic_task_mapping']) retrieved from /home/amina/miniconda/lib/python3.11/site-packages/airflow/example_dags/example_dynamic_task_mapping.py
[2023-12-15T22:18:14.673+0500] {logging_mixin.py:154} INFO - [2023-12-15T22:18:14.673+0500] {dag.py:2941} INFO - Sync 1 DAGs
[2023-12-15T22:18:14.702+0500] {logging_mixin.py:154} INFO - [2023-12-15T22:18:14.702+0500] {dag.py:3722} INFO - Setting next_dagrun for example_dynamic_task_mapping to 2022-03-04T00:00:00+00:00, run_after=2022-03-05T00:00:00+00:00
[2023-12-15T22:18:14.811+0500] {processor.py:179} INFO - Processing /home/amina/miniconda/lib/python3.11/site-packages/airflow/example_dags/example_dynamic_task_mapping.py took 0.172 seconds
[2023-12-15T22:19:17.352+0500] {processor.py:157} INFO - Started process (PID=9898) to work on /home/amina/miniconda/lib/python3.11/site-packages/airflow/example_dags/example_dynamic_task_mapping.py
[2023-12-15T22:19:17.394+0500] {processor.py:829} INFO - Processing file /home/amina/miniconda/lib/python3.11/site-packages/airflow/example_dags/example_dynamic_task_mapping.py for tasks to queue
[2023-12-15T22:19:17.395+0500] {logging_mixin.py:154} INFO - [2023-12-15T22:19:17.395+0500] {dagbag.py:536} INFO - Filling up the DagBag from /home/amina/miniconda/lib/python3.11/site-packages/airflow/example_dags/example_dynamic_task_mapping.py
[2023-12-15T22:19:17.402+0500] {processor.py:839} INFO - DAG(s) dict_keys(['example_dynamic_task_mapping']) retrieved from /home/amina/miniconda/lib/python3.11/site-packages/airflow/example_dags/example_dynamic_task_mapping.py
[2023-12-15T22:19:17.417+0500] {logging_mixin.py:154} INFO - [2023-12-15T22:19:17.417+0500] {dag.py:2941} INFO - Sync 1 DAGs
[2023-12-15T22:19:17.442+0500] {logging_mixin.py:154} INFO - [2023-12-15T22:19:17.441+0500] {dag.py:3722} INFO - Setting next_dagrun for example_dynamic_task_mapping to 2022-03-04T00:00:00+00:00, run_after=2022-03-05T00:00:00+00:00
[2023-12-15T22:19:17.518+0500] {processor.py:179} INFO - Processing /home/amina/miniconda/lib/python3.11/site-packages/airflow/example_dags/example_dynamic_task_mapping.py took 0.169 seconds
[2023-12-15T22:20:26.114+0500] {processor.py:157} INFO - Started process (PID=10092) to work on /home/amina/miniconda/lib/python3.11/site-packages/airflow/example_dags/example_dynamic_task_mapping.py
[2023-12-15T22:20:26.187+0500] {processor.py:829} INFO - Processing file /home/amina/miniconda/lib/python3.11/site-packages/airflow/example_dags/example_dynamic_task_mapping.py for tasks to queue
[2023-12-15T22:20:26.188+0500] {logging_mixin.py:154} INFO - [2023-12-15T22:20:26.188+0500] {dagbag.py:536} INFO - Filling up the DagBag from /home/amina/miniconda/lib/python3.11/site-packages/airflow/example_dags/example_dynamic_task_mapping.py
[2023-12-15T22:20:26.195+0500] {processor.py:839} INFO - DAG(s) dict_keys(['example_dynamic_task_mapping']) retrieved from /home/amina/miniconda/lib/python3.11/site-packages/airflow/example_dags/example_dynamic_task_mapping.py
[2023-12-15T22:20:26.214+0500] {logging_mixin.py:154} INFO - [2023-12-15T22:20:26.214+0500] {dag.py:2941} INFO - Sync 1 DAGs
[2023-12-15T22:20:26.237+0500] {logging_mixin.py:154} INFO - [2023-12-15T22:20:26.237+0500] {dag.py:3722} INFO - Setting next_dagrun for example_dynamic_task_mapping to 2022-03-04T00:00:00+00:00, run_after=2022-03-05T00:00:00+00:00
[2023-12-15T22:20:26.344+0500] {processor.py:179} INFO - Processing /home/amina/miniconda/lib/python3.11/site-packages/airflow/example_dags/example_dynamic_task_mapping.py took 0.235 seconds
[2023-12-15T22:21:27.449+0500] {processor.py:157} INFO - Started process (PID=10162) to work on /home/amina/miniconda/lib/python3.11/site-packages/airflow/example_dags/example_dynamic_task_mapping.py
[2023-12-15T22:21:27.467+0500] {processor.py:829} INFO - Processing file /home/amina/miniconda/lib/python3.11/site-packages/airflow/example_dags/example_dynamic_task_mapping.py for tasks to queue
[2023-12-15T22:21:27.468+0500] {logging_mixin.py:154} INFO - [2023-12-15T22:21:27.468+0500] {dagbag.py:536} INFO - Filling up the DagBag from /home/amina/miniconda/lib/python3.11/site-packages/airflow/example_dags/example_dynamic_task_mapping.py
[2023-12-15T22:21:27.475+0500] {processor.py:839} INFO - DAG(s) dict_keys(['example_dynamic_task_mapping']) retrieved from /home/amina/miniconda/lib/python3.11/site-packages/airflow/example_dags/example_dynamic_task_mapping.py
[2023-12-15T22:21:27.490+0500] {logging_mixin.py:154} INFO - [2023-12-15T22:21:27.490+0500] {dag.py:2941} INFO - Sync 1 DAGs
[2023-12-15T22:21:27.511+0500] {logging_mixin.py:154} INFO - [2023-12-15T22:21:27.511+0500] {dag.py:3722} INFO - Setting next_dagrun for example_dynamic_task_mapping to 2022-03-04T00:00:00+00:00, run_after=2022-03-05T00:00:00+00:00
[2023-12-15T22:21:27.624+0500] {processor.py:179} INFO - Processing /home/amina/miniconda/lib/python3.11/site-packages/airflow/example_dags/example_dynamic_task_mapping.py took 0.179 seconds
[2023-12-15T22:22:44.922+0500] {processor.py:157} INFO - Started process (PID=10251) to work on /home/amina/miniconda/lib/python3.11/site-packages/airflow/example_dags/example_dynamic_task_mapping.py
[2023-12-15T22:22:44.939+0500] {processor.py:829} INFO - Processing file /home/amina/miniconda/lib/python3.11/site-packages/airflow/example_dags/example_dynamic_task_mapping.py for tasks to queue
[2023-12-15T22:22:44.941+0500] {logging_mixin.py:154} INFO - [2023-12-15T22:22:44.940+0500] {dagbag.py:536} INFO - Filling up the DagBag from /home/amina/miniconda/lib/python3.11/site-packages/airflow/example_dags/example_dynamic_task_mapping.py
[2023-12-15T22:22:44.949+0500] {processor.py:839} INFO - DAG(s) dict_keys(['example_dynamic_task_mapping']) retrieved from /home/amina/miniconda/lib/python3.11/site-packages/airflow/example_dags/example_dynamic_task_mapping.py
[2023-12-15T22:22:44.966+0500] {logging_mixin.py:154} INFO - [2023-12-15T22:22:44.966+0500] {dag.py:2941} INFO - Sync 1 DAGs
[2023-12-15T22:22:44.989+0500] {logging_mixin.py:154} INFO - [2023-12-15T22:22:44.989+0500] {dag.py:3722} INFO - Setting next_dagrun for example_dynamic_task_mapping to 2022-03-04T00:00:00+00:00, run_after=2022-03-05T00:00:00+00:00
[2023-12-15T22:22:45.107+0500] {processor.py:179} INFO - Processing /home/amina/miniconda/lib/python3.11/site-packages/airflow/example_dags/example_dynamic_task_mapping.py took 0.188 seconds
[2023-12-15T22:24:03.021+0500] {processor.py:157} INFO - Started process (PID=10342) to work on /home/amina/miniconda/lib/python3.11/site-packages/airflow/example_dags/example_dynamic_task_mapping.py
[2023-12-15T22:24:03.038+0500] {processor.py:829} INFO - Processing file /home/amina/miniconda/lib/python3.11/site-packages/airflow/example_dags/example_dynamic_task_mapping.py for tasks to queue
[2023-12-15T22:24:03.039+0500] {logging_mixin.py:154} INFO - [2023-12-15T22:24:03.038+0500] {dagbag.py:536} INFO - Filling up the DagBag from /home/amina/miniconda/lib/python3.11/site-packages/airflow/example_dags/example_dynamic_task_mapping.py
[2023-12-15T22:24:03.046+0500] {processor.py:839} INFO - DAG(s) dict_keys(['example_dynamic_task_mapping']) retrieved from /home/amina/miniconda/lib/python3.11/site-packages/airflow/example_dags/example_dynamic_task_mapping.py
[2023-12-15T22:24:03.060+0500] {logging_mixin.py:154} INFO - [2023-12-15T22:24:03.060+0500] {dag.py:2941} INFO - Sync 1 DAGs
[2023-12-15T22:24:03.079+0500] {logging_mixin.py:154} INFO - [2023-12-15T22:24:03.079+0500] {dag.py:3722} INFO - Setting next_dagrun for example_dynamic_task_mapping to 2022-03-04T00:00:00+00:00, run_after=2022-03-05T00:00:00+00:00
[2023-12-15T22:24:03.191+0500] {processor.py:179} INFO - Processing /home/amina/miniconda/lib/python3.11/site-packages/airflow/example_dags/example_dynamic_task_mapping.py took 0.173 seconds
[2023-12-15T22:25:25.438+0500] {processor.py:157} INFO - Started process (PID=10430) to work on /home/amina/miniconda/lib/python3.11/site-packages/airflow/example_dags/example_dynamic_task_mapping.py
[2023-12-15T22:25:25.467+0500] {processor.py:829} INFO - Processing file /home/amina/miniconda/lib/python3.11/site-packages/airflow/example_dags/example_dynamic_task_mapping.py for tasks to queue
[2023-12-15T22:25:25.468+0500] {logging_mixin.py:154} INFO - [2023-12-15T22:25:25.467+0500] {dagbag.py:536} INFO - Filling up the DagBag from /home/amina/miniconda/lib/python3.11/site-packages/airflow/example_dags/example_dynamic_task_mapping.py
[2023-12-15T22:25:25.476+0500] {processor.py:839} INFO - DAG(s) dict_keys(['example_dynamic_task_mapping']) retrieved from /home/amina/miniconda/lib/python3.11/site-packages/airflow/example_dags/example_dynamic_task_mapping.py
[2023-12-15T22:25:25.493+0500] {logging_mixin.py:154} INFO - [2023-12-15T22:25:25.493+0500] {dag.py:2941} INFO - Sync 1 DAGs
[2023-12-15T22:25:25.519+0500] {logging_mixin.py:154} INFO - [2023-12-15T22:25:25.518+0500] {dag.py:3722} INFO - Setting next_dagrun for example_dynamic_task_mapping to 2022-03-04T00:00:00+00:00, run_after=2022-03-05T00:00:00+00:00
[2023-12-15T22:25:25.625+0500] {processor.py:179} INFO - Processing /home/amina/miniconda/lib/python3.11/site-packages/airflow/example_dags/example_dynamic_task_mapping.py took 0.193 seconds
[2023-12-15T22:26:22.769+0500] {processor.py:157} INFO - Started process (PID=10481) to work on /home/amina/miniconda/lib/python3.11/site-packages/airflow/example_dags/example_dynamic_task_mapping.py
[2023-12-15T22:26:22.803+0500] {processor.py:829} INFO - Processing file /home/amina/miniconda/lib/python3.11/site-packages/airflow/example_dags/example_dynamic_task_mapping.py for tasks to queue
[2023-12-15T22:26:22.804+0500] {logging_mixin.py:154} INFO - [2023-12-15T22:26:22.804+0500] {dagbag.py:536} INFO - Filling up the DagBag from /home/amina/miniconda/lib/python3.11/site-packages/airflow/example_dags/example_dynamic_task_mapping.py
[2023-12-15T22:26:22.813+0500] {processor.py:839} INFO - DAG(s) dict_keys(['example_dynamic_task_mapping']) retrieved from /home/amina/miniconda/lib/python3.11/site-packages/airflow/example_dags/example_dynamic_task_mapping.py
[2023-12-15T22:26:22.830+0500] {logging_mixin.py:154} INFO - [2023-12-15T22:26:22.830+0500] {dag.py:2941} INFO - Sync 1 DAGs
[2023-12-15T22:26:22.855+0500] {logging_mixin.py:154} INFO - [2023-12-15T22:26:22.855+0500] {dag.py:3722} INFO - Setting next_dagrun for example_dynamic_task_mapping to 2022-03-04T00:00:00+00:00, run_after=2022-03-05T00:00:00+00:00
[2023-12-15T22:26:22.956+0500] {processor.py:179} INFO - Processing /home/amina/miniconda/lib/python3.11/site-packages/airflow/example_dags/example_dynamic_task_mapping.py took 0.192 seconds
[2023-12-15T22:27:42.878+0500] {processor.py:157} INFO - Started process (PID=10566) to work on /home/amina/miniconda/lib/python3.11/site-packages/airflow/example_dags/example_dynamic_task_mapping.py
[2023-12-15T22:27:42.908+0500] {processor.py:829} INFO - Processing file /home/amina/miniconda/lib/python3.11/site-packages/airflow/example_dags/example_dynamic_task_mapping.py for tasks to queue
[2023-12-15T22:27:42.909+0500] {logging_mixin.py:154} INFO - [2023-12-15T22:27:42.909+0500] {dagbag.py:536} INFO - Filling up the DagBag from /home/amina/miniconda/lib/python3.11/site-packages/airflow/example_dags/example_dynamic_task_mapping.py
[2023-12-15T22:27:42.917+0500] {processor.py:839} INFO - DAG(s) dict_keys(['example_dynamic_task_mapping']) retrieved from /home/amina/miniconda/lib/python3.11/site-packages/airflow/example_dags/example_dynamic_task_mapping.py
[2023-12-15T22:27:42.937+0500] {logging_mixin.py:154} INFO - [2023-12-15T22:27:42.937+0500] {dag.py:2941} INFO - Sync 1 DAGs
[2023-12-15T22:27:42.960+0500] {logging_mixin.py:154} INFO - [2023-12-15T22:27:42.960+0500] {dag.py:3722} INFO - Setting next_dagrun for example_dynamic_task_mapping to 2022-03-04T00:00:00+00:00, run_after=2022-03-05T00:00:00+00:00
[2023-12-15T22:27:43.061+0500] {processor.py:179} INFO - Processing /home/amina/miniconda/lib/python3.11/site-packages/airflow/example_dags/example_dynamic_task_mapping.py took 0.186 seconds
[2023-12-15T22:29:02.260+0500] {processor.py:157} INFO - Started process (PID=10664) to work on /home/amina/miniconda/lib/python3.11/site-packages/airflow/example_dags/example_dynamic_task_mapping.py
[2023-12-15T22:29:02.305+0500] {processor.py:829} INFO - Processing file /home/amina/miniconda/lib/python3.11/site-packages/airflow/example_dags/example_dynamic_task_mapping.py for tasks to queue
[2023-12-15T22:29:02.306+0500] {logging_mixin.py:154} INFO - [2023-12-15T22:29:02.306+0500] {dagbag.py:536} INFO - Filling up the DagBag from /home/amina/miniconda/lib/python3.11/site-packages/airflow/example_dags/example_dynamic_task_mapping.py
[2023-12-15T22:29:02.317+0500] {processor.py:839} INFO - DAG(s) dict_keys(['example_dynamic_task_mapping']) retrieved from /home/amina/miniconda/lib/python3.11/site-packages/airflow/example_dags/example_dynamic_task_mapping.py
[2023-12-15T22:29:02.336+0500] {logging_mixin.py:154} INFO - [2023-12-15T22:29:02.336+0500] {dag.py:2941} INFO - Sync 1 DAGs
[2023-12-15T22:29:02.361+0500] {logging_mixin.py:154} INFO - [2023-12-15T22:29:02.361+0500] {dag.py:3722} INFO - Setting next_dagrun for example_dynamic_task_mapping to 2022-03-04T00:00:00+00:00, run_after=2022-03-05T00:00:00+00:00
[2023-12-15T22:29:02.501+0500] {processor.py:179} INFO - Processing /home/amina/miniconda/lib/python3.11/site-packages/airflow/example_dags/example_dynamic_task_mapping.py took 0.246 seconds
[2023-12-15T22:30:58.544+0500] {processor.py:157} INFO - Started process (PID=10806) to work on /home/amina/miniconda/lib/python3.11/site-packages/airflow/example_dags/example_dynamic_task_mapping.py
[2023-12-15T22:30:58.546+0500] {processor.py:829} INFO - Processing file /home/amina/miniconda/lib/python3.11/site-packages/airflow/example_dags/example_dynamic_task_mapping.py for tasks to queue
[2023-12-15T22:30:58.547+0500] {logging_mixin.py:154} INFO - [2023-12-15T22:30:58.547+0500] {dagbag.py:536} INFO - Filling up the DagBag from /home/amina/miniconda/lib/python3.11/site-packages/airflow/example_dags/example_dynamic_task_mapping.py
[2023-12-15T22:30:58.560+0500] {processor.py:839} INFO - DAG(s) dict_keys(['example_dynamic_task_mapping']) retrieved from /home/amina/miniconda/lib/python3.11/site-packages/airflow/example_dags/example_dynamic_task_mapping.py
[2023-12-15T22:30:58.589+0500] {logging_mixin.py:154} INFO - [2023-12-15T22:30:58.589+0500] {dag.py:2941} INFO - Sync 1 DAGs
[2023-12-15T22:30:58.622+0500] {logging_mixin.py:154} INFO - [2023-12-15T22:30:58.621+0500] {dag.py:3722} INFO - Setting next_dagrun for example_dynamic_task_mapping to 2022-03-04T00:00:00+00:00, run_after=2022-03-05T00:00:00+00:00
[2023-12-15T22:30:58.750+0500] {processor.py:179} INFO - Processing /home/amina/miniconda/lib/python3.11/site-packages/airflow/example_dags/example_dynamic_task_mapping.py took 0.210 seconds
[2023-12-15T22:32:16.282+0500] {processor.py:157} INFO - Started process (PID=10889) to work on /home/amina/miniconda/lib/python3.11/site-packages/airflow/example_dags/example_dynamic_task_mapping.py
[2023-12-15T22:32:16.311+0500] {processor.py:829} INFO - Processing file /home/amina/miniconda/lib/python3.11/site-packages/airflow/example_dags/example_dynamic_task_mapping.py for tasks to queue
[2023-12-15T22:32:16.313+0500] {logging_mixin.py:154} INFO - [2023-12-15T22:32:16.312+0500] {dagbag.py:536} INFO - Filling up the DagBag from /home/amina/miniconda/lib/python3.11/site-packages/airflow/example_dags/example_dynamic_task_mapping.py
[2023-12-15T22:32:16.321+0500] {processor.py:839} INFO - DAG(s) dict_keys(['example_dynamic_task_mapping']) retrieved from /home/amina/miniconda/lib/python3.11/site-packages/airflow/example_dags/example_dynamic_task_mapping.py
[2023-12-15T22:32:16.338+0500] {logging_mixin.py:154} INFO - [2023-12-15T22:32:16.337+0500] {dag.py:2941} INFO - Sync 1 DAGs
[2023-12-15T22:32:16.359+0500] {logging_mixin.py:154} INFO - [2023-12-15T22:32:16.359+0500] {dag.py:3722} INFO - Setting next_dagrun for example_dynamic_task_mapping to 2022-03-04T00:00:00+00:00, run_after=2022-03-05T00:00:00+00:00
[2023-12-15T22:32:16.479+0500] {processor.py:179} INFO - Processing /home/amina/miniconda/lib/python3.11/site-packages/airflow/example_dags/example_dynamic_task_mapping.py took 0.202 seconds
[2023-12-15T22:33:38.068+0500] {processor.py:157} INFO - Started process (PID=10972) to work on /home/amina/miniconda/lib/python3.11/site-packages/airflow/example_dags/example_dynamic_task_mapping.py
[2023-12-15T22:33:38.100+0500] {processor.py:829} INFO - Processing file /home/amina/miniconda/lib/python3.11/site-packages/airflow/example_dags/example_dynamic_task_mapping.py for tasks to queue
[2023-12-15T22:33:38.101+0500] {logging_mixin.py:154} INFO - [2023-12-15T22:33:38.100+0500] {dagbag.py:536} INFO - Filling up the DagBag from /home/amina/miniconda/lib/python3.11/site-packages/airflow/example_dags/example_dynamic_task_mapping.py
[2023-12-15T22:33:38.112+0500] {processor.py:839} INFO - DAG(s) dict_keys(['example_dynamic_task_mapping']) retrieved from /home/amina/miniconda/lib/python3.11/site-packages/airflow/example_dags/example_dynamic_task_mapping.py
[2023-12-15T22:33:38.136+0500] {logging_mixin.py:154} INFO - [2023-12-15T22:33:38.136+0500] {dag.py:2941} INFO - Sync 1 DAGs
[2023-12-15T22:33:38.174+0500] {logging_mixin.py:154} INFO - [2023-12-15T22:33:38.173+0500] {dag.py:3722} INFO - Setting next_dagrun for example_dynamic_task_mapping to 2022-03-04T00:00:00+00:00, run_after=2022-03-05T00:00:00+00:00
[2023-12-15T22:33:38.269+0500] {processor.py:179} INFO - Processing /home/amina/miniconda/lib/python3.11/site-packages/airflow/example_dags/example_dynamic_task_mapping.py took 0.205 seconds
[2023-12-15T22:35:00.257+0500] {processor.py:157} INFO - Started process (PID=11070) to work on /home/amina/miniconda/lib/python3.11/site-packages/airflow/example_dags/example_dynamic_task_mapping.py
[2023-12-15T22:35:00.283+0500] {processor.py:829} INFO - Processing file /home/amina/miniconda/lib/python3.11/site-packages/airflow/example_dags/example_dynamic_task_mapping.py for tasks to queue
[2023-12-15T22:35:00.285+0500] {logging_mixin.py:154} INFO - [2023-12-15T22:35:00.284+0500] {dagbag.py:536} INFO - Filling up the DagBag from /home/amina/miniconda/lib/python3.11/site-packages/airflow/example_dags/example_dynamic_task_mapping.py
[2023-12-15T22:35:00.292+0500] {processor.py:839} INFO - DAG(s) dict_keys(['example_dynamic_task_mapping']) retrieved from /home/amina/miniconda/lib/python3.11/site-packages/airflow/example_dags/example_dynamic_task_mapping.py
[2023-12-15T22:35:00.308+0500] {logging_mixin.py:154} INFO - [2023-12-15T22:35:00.308+0500] {dag.py:2941} INFO - Sync 1 DAGs
[2023-12-15T22:35:00.328+0500] {logging_mixin.py:154} INFO - [2023-12-15T22:35:00.328+0500] {dag.py:3722} INFO - Setting next_dagrun for example_dynamic_task_mapping to 2022-03-04T00:00:00+00:00, run_after=2022-03-05T00:00:00+00:00
[2023-12-15T22:35:00.424+0500] {processor.py:179} INFO - Processing /home/amina/miniconda/lib/python3.11/site-packages/airflow/example_dags/example_dynamic_task_mapping.py took 0.170 seconds
[2023-12-15T22:36:22.779+0500] {processor.py:157} INFO - Started process (PID=11163) to work on /home/amina/miniconda/lib/python3.11/site-packages/airflow/example_dags/example_dynamic_task_mapping.py
[2023-12-15T22:36:22.810+0500] {processor.py:829} INFO - Processing file /home/amina/miniconda/lib/python3.11/site-packages/airflow/example_dags/example_dynamic_task_mapping.py for tasks to queue
[2023-12-15T22:36:22.811+0500] {logging_mixin.py:154} INFO - [2023-12-15T22:36:22.811+0500] {dagbag.py:536} INFO - Filling up the DagBag from /home/amina/miniconda/lib/python3.11/site-packages/airflow/example_dags/example_dynamic_task_mapping.py
[2023-12-15T22:36:22.818+0500] {processor.py:839} INFO - DAG(s) dict_keys(['example_dynamic_task_mapping']) retrieved from /home/amina/miniconda/lib/python3.11/site-packages/airflow/example_dags/example_dynamic_task_mapping.py
[2023-12-15T22:36:22.833+0500] {logging_mixin.py:154} INFO - [2023-12-15T22:36:22.833+0500] {dag.py:2941} INFO - Sync 1 DAGs
[2023-12-15T22:36:22.852+0500] {logging_mixin.py:154} INFO - [2023-12-15T22:36:22.852+0500] {dag.py:3722} INFO - Setting next_dagrun for example_dynamic_task_mapping to 2022-03-04T00:00:00+00:00, run_after=2022-03-05T00:00:00+00:00
[2023-12-15T22:36:22.975+0500] {processor.py:179} INFO - Processing /home/amina/miniconda/lib/python3.11/site-packages/airflow/example_dags/example_dynamic_task_mapping.py took 0.200 seconds
[2023-12-15T22:37:46.561+0500] {processor.py:157} INFO - Started process (PID=11247) to work on /home/amina/miniconda/lib/python3.11/site-packages/airflow/example_dags/example_dynamic_task_mapping.py
[2023-12-15T22:37:46.620+0500] {processor.py:829} INFO - Processing file /home/amina/miniconda/lib/python3.11/site-packages/airflow/example_dags/example_dynamic_task_mapping.py for tasks to queue
[2023-12-15T22:37:46.620+0500] {logging_mixin.py:154} INFO - [2023-12-15T22:37:46.620+0500] {dagbag.py:536} INFO - Filling up the DagBag from /home/amina/miniconda/lib/python3.11/site-packages/airflow/example_dags/example_dynamic_task_mapping.py
[2023-12-15T22:37:46.627+0500] {processor.py:839} INFO - DAG(s) dict_keys(['example_dynamic_task_mapping']) retrieved from /home/amina/miniconda/lib/python3.11/site-packages/airflow/example_dags/example_dynamic_task_mapping.py
[2023-12-15T22:37:46.640+0500] {logging_mixin.py:154} INFO - [2023-12-15T22:37:46.640+0500] {dag.py:2941} INFO - Sync 1 DAGs
[2023-12-15T22:37:46.659+0500] {logging_mixin.py:154} INFO - [2023-12-15T22:37:46.659+0500] {dag.py:3722} INFO - Setting next_dagrun for example_dynamic_task_mapping to 2022-03-04T00:00:00+00:00, run_after=2022-03-05T00:00:00+00:00
[2023-12-15T22:37:46.803+0500] {processor.py:179} INFO - Processing /home/amina/miniconda/lib/python3.11/site-packages/airflow/example_dags/example_dynamic_task_mapping.py took 0.245 seconds
[2023-12-15T22:39:04.737+0500] {processor.py:157} INFO - Started process (PID=11328) to work on /home/amina/miniconda/lib/python3.11/site-packages/airflow/example_dags/example_dynamic_task_mapping.py
[2023-12-15T22:39:04.791+0500] {processor.py:829} INFO - Processing file /home/amina/miniconda/lib/python3.11/site-packages/airflow/example_dags/example_dynamic_task_mapping.py for tasks to queue
[2023-12-15T22:39:04.792+0500] {logging_mixin.py:154} INFO - [2023-12-15T22:39:04.792+0500] {dagbag.py:536} INFO - Filling up the DagBag from /home/amina/miniconda/lib/python3.11/site-packages/airflow/example_dags/example_dynamic_task_mapping.py
[2023-12-15T22:39:04.799+0500] {processor.py:839} INFO - DAG(s) dict_keys(['example_dynamic_task_mapping']) retrieved from /home/amina/miniconda/lib/python3.11/site-packages/airflow/example_dags/example_dynamic_task_mapping.py
[2023-12-15T22:39:04.813+0500] {logging_mixin.py:154} INFO - [2023-12-15T22:39:04.813+0500] {dag.py:2941} INFO - Sync 1 DAGs
[2023-12-15T22:39:04.832+0500] {logging_mixin.py:154} INFO - [2023-12-15T22:39:04.831+0500] {dag.py:3722} INFO - Setting next_dagrun for example_dynamic_task_mapping to 2022-03-04T00:00:00+00:00, run_after=2022-03-05T00:00:00+00:00
[2023-12-15T22:39:04.925+0500] {processor.py:179} INFO - Processing /home/amina/miniconda/lib/python3.11/site-packages/airflow/example_dags/example_dynamic_task_mapping.py took 0.190 seconds
[2023-12-15T22:40:26.912+0500] {processor.py:157} INFO - Started process (PID=11416) to work on /home/amina/miniconda/lib/python3.11/site-packages/airflow/example_dags/example_dynamic_task_mapping.py
[2023-12-15T22:40:26.956+0500] {processor.py:829} INFO - Processing file /home/amina/miniconda/lib/python3.11/site-packages/airflow/example_dags/example_dynamic_task_mapping.py for tasks to queue
[2023-12-15T22:40:26.956+0500] {logging_mixin.py:154} INFO - [2023-12-15T22:40:26.956+0500] {dagbag.py:536} INFO - Filling up the DagBag from /home/amina/miniconda/lib/python3.11/site-packages/airflow/example_dags/example_dynamic_task_mapping.py
[2023-12-15T22:40:26.963+0500] {processor.py:839} INFO - DAG(s) dict_keys(['example_dynamic_task_mapping']) retrieved from /home/amina/miniconda/lib/python3.11/site-packages/airflow/example_dags/example_dynamic_task_mapping.py
[2023-12-15T22:40:26.976+0500] {logging_mixin.py:154} INFO - [2023-12-15T22:40:26.976+0500] {dag.py:2941} INFO - Sync 1 DAGs
[2023-12-15T22:40:26.994+0500] {logging_mixin.py:154} INFO - [2023-12-15T22:40:26.994+0500] {dag.py:3722} INFO - Setting next_dagrun for example_dynamic_task_mapping to 2022-03-04T00:00:00+00:00, run_after=2022-03-05T00:00:00+00:00
[2023-12-15T22:40:27.122+0500] {processor.py:179} INFO - Processing /home/amina/miniconda/lib/python3.11/site-packages/airflow/example_dags/example_dynamic_task_mapping.py took 0.214 seconds
[2023-12-15T22:41:25.903+0500] {processor.py:157} INFO - Started process (PID=11561) to work on /home/amina/miniconda/lib/python3.11/site-packages/airflow/example_dags/example_dynamic_task_mapping.py
[2023-12-15T22:41:25.927+0500] {processor.py:829} INFO - Processing file /home/amina/miniconda/lib/python3.11/site-packages/airflow/example_dags/example_dynamic_task_mapping.py for tasks to queue
[2023-12-15T22:41:25.927+0500] {logging_mixin.py:154} INFO - [2023-12-15T22:41:25.927+0500] {dagbag.py:536} INFO - Filling up the DagBag from /home/amina/miniconda/lib/python3.11/site-packages/airflow/example_dags/example_dynamic_task_mapping.py
[2023-12-15T22:41:25.934+0500] {processor.py:839} INFO - DAG(s) dict_keys(['example_dynamic_task_mapping']) retrieved from /home/amina/miniconda/lib/python3.11/site-packages/airflow/example_dags/example_dynamic_task_mapping.py
[2023-12-15T22:41:25.948+0500] {logging_mixin.py:154} INFO - [2023-12-15T22:41:25.948+0500] {dag.py:2941} INFO - Sync 1 DAGs
[2023-12-15T22:41:25.967+0500] {logging_mixin.py:154} INFO - [2023-12-15T22:41:25.967+0500] {dag.py:3722} INFO - Setting next_dagrun for example_dynamic_task_mapping to 2022-03-04T00:00:00+00:00, run_after=2022-03-05T00:00:00+00:00
[2023-12-15T22:41:26.084+0500] {processor.py:179} INFO - Processing /home/amina/miniconda/lib/python3.11/site-packages/airflow/example_dags/example_dynamic_task_mapping.py took 0.184 seconds
[2023-12-15T22:42:42.188+0500] {processor.py:157} INFO - Started process (PID=11656) to work on /home/amina/miniconda/lib/python3.11/site-packages/airflow/example_dags/example_dynamic_task_mapping.py
[2023-12-15T22:42:42.223+0500] {processor.py:829} INFO - Processing file /home/amina/miniconda/lib/python3.11/site-packages/airflow/example_dags/example_dynamic_task_mapping.py for tasks to queue
[2023-12-15T22:42:42.224+0500] {logging_mixin.py:154} INFO - [2023-12-15T22:42:42.224+0500] {dagbag.py:536} INFO - Filling up the DagBag from /home/amina/miniconda/lib/python3.11/site-packages/airflow/example_dags/example_dynamic_task_mapping.py
[2023-12-15T22:42:42.231+0500] {processor.py:839} INFO - DAG(s) dict_keys(['example_dynamic_task_mapping']) retrieved from /home/amina/miniconda/lib/python3.11/site-packages/airflow/example_dags/example_dynamic_task_mapping.py
[2023-12-15T22:42:42.245+0500] {logging_mixin.py:154} INFO - [2023-12-15T22:42:42.244+0500] {dag.py:2941} INFO - Sync 1 DAGs
[2023-12-15T22:42:42.263+0500] {logging_mixin.py:154} INFO - [2023-12-15T22:42:42.262+0500] {dag.py:3722} INFO - Setting next_dagrun for example_dynamic_task_mapping to 2022-03-04T00:00:00+00:00, run_after=2022-03-05T00:00:00+00:00
[2023-12-15T22:42:42.365+0500] {processor.py:179} INFO - Processing /home/amina/miniconda/lib/python3.11/site-packages/airflow/example_dags/example_dynamic_task_mapping.py took 0.180 seconds
[2023-12-15T22:43:51.394+0500] {processor.py:157} INFO - Started process (PID=11732) to work on /home/amina/miniconda/lib/python3.11/site-packages/airflow/example_dags/example_dynamic_task_mapping.py
[2023-12-15T22:43:51.450+0500] {processor.py:829} INFO - Processing file /home/amina/miniconda/lib/python3.11/site-packages/airflow/example_dags/example_dynamic_task_mapping.py for tasks to queue
[2023-12-15T22:43:51.451+0500] {logging_mixin.py:154} INFO - [2023-12-15T22:43:51.451+0500] {dagbag.py:536} INFO - Filling up the DagBag from /home/amina/miniconda/lib/python3.11/site-packages/airflow/example_dags/example_dynamic_task_mapping.py
[2023-12-15T22:43:51.458+0500] {processor.py:839} INFO - DAG(s) dict_keys(['example_dynamic_task_mapping']) retrieved from /home/amina/miniconda/lib/python3.11/site-packages/airflow/example_dags/example_dynamic_task_mapping.py
[2023-12-15T22:43:51.472+0500] {logging_mixin.py:154} INFO - [2023-12-15T22:43:51.472+0500] {dag.py:2941} INFO - Sync 1 DAGs
[2023-12-15T22:43:51.490+0500] {logging_mixin.py:154} INFO - [2023-12-15T22:43:51.489+0500] {dag.py:3722} INFO - Setting next_dagrun for example_dynamic_task_mapping to 2022-03-04T00:00:00+00:00, run_after=2022-03-05T00:00:00+00:00
[2023-12-15T22:43:51.581+0500] {processor.py:179} INFO - Processing /home/amina/miniconda/lib/python3.11/site-packages/airflow/example_dags/example_dynamic_task_mapping.py took 0.189 seconds
[2023-12-15T22:45:09.062+0500] {processor.py:157} INFO - Started process (PID=11814) to work on /home/amina/miniconda/lib/python3.11/site-packages/airflow/example_dags/example_dynamic_task_mapping.py
[2023-12-15T22:45:09.109+0500] {processor.py:829} INFO - Processing file /home/amina/miniconda/lib/python3.11/site-packages/airflow/example_dags/example_dynamic_task_mapping.py for tasks to queue
[2023-12-15T22:45:09.110+0500] {logging_mixin.py:154} INFO - [2023-12-15T22:45:09.109+0500] {dagbag.py:536} INFO - Filling up the DagBag from /home/amina/miniconda/lib/python3.11/site-packages/airflow/example_dags/example_dynamic_task_mapping.py
[2023-12-15T22:45:09.117+0500] {processor.py:839} INFO - DAG(s) dict_keys(['example_dynamic_task_mapping']) retrieved from /home/amina/miniconda/lib/python3.11/site-packages/airflow/example_dags/example_dynamic_task_mapping.py
[2023-12-15T22:45:09.133+0500] {logging_mixin.py:154} INFO - [2023-12-15T22:45:09.133+0500] {dag.py:2941} INFO - Sync 1 DAGs
[2023-12-15T22:45:09.161+0500] {logging_mixin.py:154} INFO - [2023-12-15T22:45:09.161+0500] {dag.py:3722} INFO - Setting next_dagrun for example_dynamic_task_mapping to 2022-03-04T00:00:00+00:00, run_after=2022-03-05T00:00:00+00:00
[2023-12-15T22:45:09.285+0500] {processor.py:179} INFO - Processing /home/amina/miniconda/lib/python3.11/site-packages/airflow/example_dags/example_dynamic_task_mapping.py took 0.229 seconds
[2023-12-15T22:46:32.450+0500] {processor.py:157} INFO - Started process (PID=11908) to work on /home/amina/miniconda/lib/python3.11/site-packages/airflow/example_dags/example_dynamic_task_mapping.py
[2023-12-15T22:46:32.456+0500] {processor.py:829} INFO - Processing file /home/amina/miniconda/lib/python3.11/site-packages/airflow/example_dags/example_dynamic_task_mapping.py for tasks to queue
[2023-12-15T22:46:32.457+0500] {logging_mixin.py:154} INFO - [2023-12-15T22:46:32.457+0500] {dagbag.py:536} INFO - Filling up the DagBag from /home/amina/miniconda/lib/python3.11/site-packages/airflow/example_dags/example_dynamic_task_mapping.py
[2023-12-15T22:46:32.464+0500] {processor.py:839} INFO - DAG(s) dict_keys(['example_dynamic_task_mapping']) retrieved from /home/amina/miniconda/lib/python3.11/site-packages/airflow/example_dags/example_dynamic_task_mapping.py
[2023-12-15T22:46:32.478+0500] {logging_mixin.py:154} INFO - [2023-12-15T22:46:32.478+0500] {dag.py:2941} INFO - Sync 1 DAGs
[2023-12-15T22:46:32.497+0500] {logging_mixin.py:154} INFO - [2023-12-15T22:46:32.496+0500] {dag.py:3722} INFO - Setting next_dagrun for example_dynamic_task_mapping to 2022-03-04T00:00:00+00:00, run_after=2022-03-05T00:00:00+00:00
[2023-12-15T22:46:32.599+0500] {processor.py:179} INFO - Processing /home/amina/miniconda/lib/python3.11/site-packages/airflow/example_dags/example_dynamic_task_mapping.py took 0.152 seconds
[2023-12-15T22:47:31.180+0500] {processor.py:157} INFO - Started process (PID=11990) to work on /home/amina/miniconda/lib/python3.11/site-packages/airflow/example_dags/example_dynamic_task_mapping.py
[2023-12-15T22:47:31.252+0500] {processor.py:829} INFO - Processing file /home/amina/miniconda/lib/python3.11/site-packages/airflow/example_dags/example_dynamic_task_mapping.py for tasks to queue
[2023-12-15T22:47:31.253+0500] {logging_mixin.py:154} INFO - [2023-12-15T22:47:31.252+0500] {dagbag.py:536} INFO - Filling up the DagBag from /home/amina/miniconda/lib/python3.11/site-packages/airflow/example_dags/example_dynamic_task_mapping.py
[2023-12-15T22:47:31.260+0500] {processor.py:839} INFO - DAG(s) dict_keys(['example_dynamic_task_mapping']) retrieved from /home/amina/miniconda/lib/python3.11/site-packages/airflow/example_dags/example_dynamic_task_mapping.py
[2023-12-15T22:47:31.276+0500] {logging_mixin.py:154} INFO - [2023-12-15T22:47:31.276+0500] {dag.py:2941} INFO - Sync 1 DAGs
[2023-12-15T22:47:31.298+0500] {logging_mixin.py:154} INFO - [2023-12-15T22:47:31.298+0500] {dag.py:3722} INFO - Setting next_dagrun for example_dynamic_task_mapping to 2022-03-04T00:00:00+00:00, run_after=2022-03-05T00:00:00+00:00
[2023-12-15T22:47:31.402+0500] {processor.py:179} INFO - Processing /home/amina/miniconda/lib/python3.11/site-packages/airflow/example_dags/example_dynamic_task_mapping.py took 0.226 seconds
[2023-12-15T22:49:25.320+0500] {processor.py:157} INFO - Started process (PID=12165) to work on /home/amina/miniconda/lib/python3.11/site-packages/airflow/example_dags/example_dynamic_task_mapping.py
[2023-12-15T22:49:25.380+0500] {processor.py:829} INFO - Processing file /home/amina/miniconda/lib/python3.11/site-packages/airflow/example_dags/example_dynamic_task_mapping.py for tasks to queue
[2023-12-15T22:49:25.381+0500] {logging_mixin.py:154} INFO - [2023-12-15T22:49:25.380+0500] {dagbag.py:536} INFO - Filling up the DagBag from /home/amina/miniconda/lib/python3.11/site-packages/airflow/example_dags/example_dynamic_task_mapping.py
[2023-12-15T22:49:25.389+0500] {processor.py:839} INFO - DAG(s) dict_keys(['example_dynamic_task_mapping']) retrieved from /home/amina/miniconda/lib/python3.11/site-packages/airflow/example_dags/example_dynamic_task_mapping.py
[2023-12-15T22:49:25.405+0500] {logging_mixin.py:154} INFO - [2023-12-15T22:49:25.404+0500] {dag.py:2941} INFO - Sync 1 DAGs
[2023-12-15T22:49:25.425+0500] {logging_mixin.py:154} INFO - [2023-12-15T22:49:25.424+0500] {dag.py:3722} INFO - Setting next_dagrun for example_dynamic_task_mapping to 2022-03-04T00:00:00+00:00, run_after=2022-03-05T00:00:00+00:00
[2023-12-15T22:49:25.522+0500] {processor.py:179} INFO - Processing /home/amina/miniconda/lib/python3.11/site-packages/airflow/example_dags/example_dynamic_task_mapping.py took 0.205 seconds
[2023-12-15T22:50:32.264+0500] {processor.py:157} INFO - Started process (PID=12305) to work on /home/amina/miniconda/lib/python3.11/site-packages/airflow/example_dags/example_dynamic_task_mapping.py
[2023-12-15T22:50:32.281+0500] {processor.py:829} INFO - Processing file /home/amina/miniconda/lib/python3.11/site-packages/airflow/example_dags/example_dynamic_task_mapping.py for tasks to queue
[2023-12-15T22:50:32.282+0500] {logging_mixin.py:154} INFO - [2023-12-15T22:50:32.281+0500] {dagbag.py:536} INFO - Filling up the DagBag from /home/amina/miniconda/lib/python3.11/site-packages/airflow/example_dags/example_dynamic_task_mapping.py
[2023-12-15T22:50:32.289+0500] {processor.py:839} INFO - DAG(s) dict_keys(['example_dynamic_task_mapping']) retrieved from /home/amina/miniconda/lib/python3.11/site-packages/airflow/example_dags/example_dynamic_task_mapping.py
[2023-12-15T22:50:32.305+0500] {logging_mixin.py:154} INFO - [2023-12-15T22:50:32.305+0500] {dag.py:2941} INFO - Sync 1 DAGs
[2023-12-15T22:50:32.335+0500] {logging_mixin.py:154} INFO - [2023-12-15T22:50:32.335+0500] {dag.py:3722} INFO - Setting next_dagrun for example_dynamic_task_mapping to 2022-03-04T00:00:00+00:00, run_after=2022-03-05T00:00:00+00:00
[2023-12-15T22:50:32.445+0500] {processor.py:179} INFO - Processing /home/amina/miniconda/lib/python3.11/site-packages/airflow/example_dags/example_dynamic_task_mapping.py took 0.185 seconds
[2023-12-15T22:51:55.028+0500] {processor.py:157} INFO - Started process (PID=12392) to work on /home/amina/miniconda/lib/python3.11/site-packages/airflow/example_dags/example_dynamic_task_mapping.py
[2023-12-15T22:51:55.065+0500] {processor.py:829} INFO - Processing file /home/amina/miniconda/lib/python3.11/site-packages/airflow/example_dags/example_dynamic_task_mapping.py for tasks to queue
[2023-12-15T22:51:55.066+0500] {logging_mixin.py:154} INFO - [2023-12-15T22:51:55.065+0500] {dagbag.py:536} INFO - Filling up the DagBag from /home/amina/miniconda/lib/python3.11/site-packages/airflow/example_dags/example_dynamic_task_mapping.py
[2023-12-15T22:51:55.074+0500] {processor.py:839} INFO - DAG(s) dict_keys(['example_dynamic_task_mapping']) retrieved from /home/amina/miniconda/lib/python3.11/site-packages/airflow/example_dags/example_dynamic_task_mapping.py
[2023-12-15T22:51:55.093+0500] {logging_mixin.py:154} INFO - [2023-12-15T22:51:55.093+0500] {dag.py:2941} INFO - Sync 1 DAGs
[2023-12-15T22:51:55.116+0500] {logging_mixin.py:154} INFO - [2023-12-15T22:51:55.116+0500] {dag.py:3722} INFO - Setting next_dagrun for example_dynamic_task_mapping to 2022-03-04T00:00:00+00:00, run_after=2022-03-05T00:00:00+00:00
[2023-12-15T22:51:55.217+0500] {processor.py:179} INFO - Processing /home/amina/miniconda/lib/python3.11/site-packages/airflow/example_dags/example_dynamic_task_mapping.py took 0.192 seconds
