[2023-12-15T21:42:58.447+0500] {processor.py:157} INFO - Started process (PID=7469) to work on /home/amina/miniconda/lib/python3.11/site-packages/airflow/example_dags/example_xcomargs.py
[2023-12-15T21:42:58.448+0500] {processor.py:829} INFO - Processing file /home/amina/miniconda/lib/python3.11/site-packages/airflow/example_dags/example_xcomargs.py for tasks to queue
[2023-12-15T21:42:58.448+0500] {logging_mixin.py:154} INFO - [2023-12-15T21:42:58.448+0500] {dagbag.py:536} INFO - Filling up the DagBag from /home/amina/miniconda/lib/python3.11/site-packages/airflow/example_dags/example_xcomargs.py
[2023-12-15T21:42:58.460+0500] {processor.py:839} INFO - DAG(s) dict_keys(['example_xcom_args', 'example_xcom_args_with_operators']) retrieved from /home/amina/miniconda/lib/python3.11/site-packages/airflow/example_dags/example_xcomargs.py
[2023-12-15T21:42:58.486+0500] {logging_mixin.py:154} INFO - [2023-12-15T21:42:58.486+0500] {dag.py:2941} INFO - Sync 2 DAGs
[2023-12-15T21:42:58.498+0500] {logging_mixin.py:154} INFO - [2023-12-15T21:42:58.498+0500] {dag.py:3722} INFO - Setting next_dagrun for example_xcom_args to None, run_after=None
[2023-12-15T21:42:58.501+0500] {logging_mixin.py:154} INFO - [2023-12-15T21:42:58.501+0500] {dag.py:3722} INFO - Setting next_dagrun for example_xcom_args_with_operators to None, run_after=None
[2023-12-15T21:42:58.657+0500] {processor.py:179} INFO - Processing /home/amina/miniconda/lib/python3.11/site-packages/airflow/example_dags/example_xcomargs.py took 0.213 seconds
[2023-12-15T21:43:56.886+0500] {processor.py:157} INFO - Started process (PID=7531) to work on /home/amina/miniconda/lib/python3.11/site-packages/airflow/example_dags/example_xcomargs.py
[2023-12-15T21:43:56.897+0500] {processor.py:829} INFO - Processing file /home/amina/miniconda/lib/python3.11/site-packages/airflow/example_dags/example_xcomargs.py for tasks to queue
[2023-12-15T21:43:56.898+0500] {logging_mixin.py:154} INFO - [2023-12-15T21:43:56.897+0500] {dagbag.py:536} INFO - Filling up the DagBag from /home/amina/miniconda/lib/python3.11/site-packages/airflow/example_dags/example_xcomargs.py
[2023-12-15T21:43:56.908+0500] {processor.py:839} INFO - DAG(s) dict_keys(['example_xcom_args', 'example_xcom_args_with_operators']) retrieved from /home/amina/miniconda/lib/python3.11/site-packages/airflow/example_dags/example_xcomargs.py
[2023-12-15T21:43:56.927+0500] {logging_mixin.py:154} INFO - [2023-12-15T21:43:56.927+0500] {dag.py:2941} INFO - Sync 2 DAGs
[2023-12-15T21:43:56.943+0500] {logging_mixin.py:154} INFO - [2023-12-15T21:43:56.943+0500] {dag.py:3722} INFO - Setting next_dagrun for example_xcom_args to None, run_after=None
[2023-12-15T21:43:56.946+0500] {logging_mixin.py:154} INFO - [2023-12-15T21:43:56.946+0500] {dag.py:3722} INFO - Setting next_dagrun for example_xcom_args_with_operators to None, run_after=None
[2023-12-15T21:43:57.044+0500] {processor.py:179} INFO - Processing /home/amina/miniconda/lib/python3.11/site-packages/airflow/example_dags/example_xcomargs.py took 0.163 seconds
[2023-12-15T21:46:18.686+0500] {processor.py:157} INFO - Started process (PID=7667) to work on /home/amina/miniconda/lib/python3.11/site-packages/airflow/example_dags/example_xcomargs.py
[2023-12-15T21:46:18.702+0500] {processor.py:829} INFO - Processing file /home/amina/miniconda/lib/python3.11/site-packages/airflow/example_dags/example_xcomargs.py for tasks to queue
[2023-12-15T21:46:18.704+0500] {logging_mixin.py:154} INFO - [2023-12-15T21:46:18.703+0500] {dagbag.py:536} INFO - Filling up the DagBag from /home/amina/miniconda/lib/python3.11/site-packages/airflow/example_dags/example_xcomargs.py
[2023-12-15T21:46:18.713+0500] {processor.py:839} INFO - DAG(s) dict_keys(['example_xcom_args', 'example_xcom_args_with_operators']) retrieved from /home/amina/miniconda/lib/python3.11/site-packages/airflow/example_dags/example_xcomargs.py
[2023-12-15T21:46:18.857+0500] {logging_mixin.py:154} INFO - [2023-12-15T21:46:18.857+0500] {dag.py:2941} INFO - Sync 2 DAGs
[2023-12-15T21:46:18.866+0500] {logging_mixin.py:154} INFO - [2023-12-15T21:46:18.866+0500] {dag.py:3722} INFO - Setting next_dagrun for example_xcom_args to None, run_after=None
[2023-12-15T21:46:18.871+0500] {logging_mixin.py:154} INFO - [2023-12-15T21:46:18.870+0500] {dag.py:3722} INFO - Setting next_dagrun for example_xcom_args_with_operators to None, run_after=None
[2023-12-15T21:46:18.983+0500] {processor.py:179} INFO - Processing /home/amina/miniconda/lib/python3.11/site-packages/airflow/example_dags/example_xcomargs.py took 0.300 seconds
[2023-12-15T21:47:50.247+0500] {processor.py:157} INFO - Started process (PID=7736) to work on /home/amina/miniconda/lib/python3.11/site-packages/airflow/example_dags/example_xcomargs.py
[2023-12-15T21:47:50.283+0500] {processor.py:829} INFO - Processing file /home/amina/miniconda/lib/python3.11/site-packages/airflow/example_dags/example_xcomargs.py for tasks to queue
[2023-12-15T21:47:50.285+0500] {logging_mixin.py:154} INFO - [2023-12-15T21:47:50.284+0500] {dagbag.py:536} INFO - Filling up the DagBag from /home/amina/miniconda/lib/python3.11/site-packages/airflow/example_dags/example_xcomargs.py
[2023-12-15T21:47:50.295+0500] {processor.py:839} INFO - DAG(s) dict_keys(['example_xcom_args_with_operators', 'example_xcom_args']) retrieved from /home/amina/miniconda/lib/python3.11/site-packages/airflow/example_dags/example_xcomargs.py
[2023-12-15T21:47:50.321+0500] {logging_mixin.py:154} INFO - [2023-12-15T21:47:50.321+0500] {dag.py:2941} INFO - Sync 2 DAGs
[2023-12-15T21:47:50.340+0500] {logging_mixin.py:154} INFO - [2023-12-15T21:47:50.340+0500] {dag.py:3722} INFO - Setting next_dagrun for example_xcom_args to None, run_after=None
[2023-12-15T21:47:50.343+0500] {logging_mixin.py:154} INFO - [2023-12-15T21:47:50.343+0500] {dag.py:3722} INFO - Setting next_dagrun for example_xcom_args_with_operators to None, run_after=None
[2023-12-15T21:47:50.462+0500] {processor.py:179} INFO - Processing /home/amina/miniconda/lib/python3.11/site-packages/airflow/example_dags/example_xcomargs.py took 0.218 seconds
[2023-12-15T21:48:36.209+0500] {processor.py:157} INFO - Started process (PID=7801) to work on /home/amina/miniconda/lib/python3.11/site-packages/airflow/example_dags/example_xcomargs.py
[2023-12-15T21:48:36.240+0500] {processor.py:829} INFO - Processing file /home/amina/miniconda/lib/python3.11/site-packages/airflow/example_dags/example_xcomargs.py for tasks to queue
[2023-12-15T21:48:36.240+0500] {logging_mixin.py:154} INFO - [2023-12-15T21:48:36.240+0500] {dagbag.py:536} INFO - Filling up the DagBag from /home/amina/miniconda/lib/python3.11/site-packages/airflow/example_dags/example_xcomargs.py
[2023-12-15T21:48:36.251+0500] {processor.py:839} INFO - DAG(s) dict_keys(['example_xcom_args_with_operators', 'example_xcom_args']) retrieved from /home/amina/miniconda/lib/python3.11/site-packages/airflow/example_dags/example_xcomargs.py
[2023-12-15T21:48:36.270+0500] {logging_mixin.py:154} INFO - [2023-12-15T21:48:36.270+0500] {dag.py:2941} INFO - Sync 2 DAGs
[2023-12-15T21:48:36.284+0500] {logging_mixin.py:154} INFO - [2023-12-15T21:48:36.284+0500] {dag.py:3722} INFO - Setting next_dagrun for example_xcom_args to None, run_after=None
[2023-12-15T21:48:36.287+0500] {logging_mixin.py:154} INFO - [2023-12-15T21:48:36.287+0500] {dag.py:3722} INFO - Setting next_dagrun for example_xcom_args_with_operators to None, run_after=None
[2023-12-15T21:48:36.428+0500] {processor.py:179} INFO - Processing /home/amina/miniconda/lib/python3.11/site-packages/airflow/example_dags/example_xcomargs.py took 0.221 seconds
[2023-12-15T21:49:40.806+0500] {processor.py:157} INFO - Started process (PID=7876) to work on /home/amina/miniconda/lib/python3.11/site-packages/airflow/example_dags/example_xcomargs.py
[2023-12-15T21:49:40.842+0500] {processor.py:829} INFO - Processing file /home/amina/miniconda/lib/python3.11/site-packages/airflow/example_dags/example_xcomargs.py for tasks to queue
[2023-12-15T21:49:40.843+0500] {logging_mixin.py:154} INFO - [2023-12-15T21:49:40.842+0500] {dagbag.py:536} INFO - Filling up the DagBag from /home/amina/miniconda/lib/python3.11/site-packages/airflow/example_dags/example_xcomargs.py
[2023-12-15T21:49:40.851+0500] {processor.py:839} INFO - DAG(s) dict_keys(['example_xcom_args', 'example_xcom_args_with_operators']) retrieved from /home/amina/miniconda/lib/python3.11/site-packages/airflow/example_dags/example_xcomargs.py
[2023-12-15T21:49:40.873+0500] {logging_mixin.py:154} INFO - [2023-12-15T21:49:40.873+0500] {dag.py:2941} INFO - Sync 2 DAGs
[2023-12-15T21:49:40.886+0500] {logging_mixin.py:154} INFO - [2023-12-15T21:49:40.886+0500] {dag.py:3722} INFO - Setting next_dagrun for example_xcom_args to None, run_after=None
[2023-12-15T21:49:40.889+0500] {logging_mixin.py:154} INFO - [2023-12-15T21:49:40.889+0500] {dag.py:3722} INFO - Setting next_dagrun for example_xcom_args_with_operators to None, run_after=None
[2023-12-15T21:49:40.993+0500] {processor.py:179} INFO - Processing /home/amina/miniconda/lib/python3.11/site-packages/airflow/example_dags/example_xcomargs.py took 0.190 seconds
[2023-12-15T21:50:58.582+0500] {processor.py:157} INFO - Started process (PID=7948) to work on /home/amina/miniconda/lib/python3.11/site-packages/airflow/example_dags/example_xcomargs.py
[2023-12-15T21:50:58.582+0500] {processor.py:829} INFO - Processing file /home/amina/miniconda/lib/python3.11/site-packages/airflow/example_dags/example_xcomargs.py for tasks to queue
[2023-12-15T21:50:58.583+0500] {logging_mixin.py:154} INFO - [2023-12-15T21:50:58.583+0500] {dagbag.py:536} INFO - Filling up the DagBag from /home/amina/miniconda/lib/python3.11/site-packages/airflow/example_dags/example_xcomargs.py
[2023-12-15T21:50:58.595+0500] {processor.py:839} INFO - DAG(s) dict_keys(['example_xcom_args', 'example_xcom_args_with_operators']) retrieved from /home/amina/miniconda/lib/python3.11/site-packages/airflow/example_dags/example_xcomargs.py
[2023-12-15T21:50:58.616+0500] {logging_mixin.py:154} INFO - [2023-12-15T21:50:58.616+0500] {dag.py:2941} INFO - Sync 2 DAGs
[2023-12-15T21:50:58.631+0500] {logging_mixin.py:154} INFO - [2023-12-15T21:50:58.631+0500] {dag.py:3722} INFO - Setting next_dagrun for example_xcom_args to None, run_after=None
[2023-12-15T21:50:58.637+0500] {logging_mixin.py:154} INFO - [2023-12-15T21:50:58.637+0500] {dag.py:3722} INFO - Setting next_dagrun for example_xcom_args_with_operators to None, run_after=None
[2023-12-15T21:50:58.765+0500] {processor.py:179} INFO - Processing /home/amina/miniconda/lib/python3.11/site-packages/airflow/example_dags/example_xcomargs.py took 0.186 seconds
[2023-12-15T21:51:51.205+0500] {processor.py:157} INFO - Started process (PID=8067) to work on /home/amina/miniconda/lib/python3.11/site-packages/airflow/example_dags/example_xcomargs.py
[2023-12-15T21:51:51.272+0500] {processor.py:829} INFO - Processing file /home/amina/miniconda/lib/python3.11/site-packages/airflow/example_dags/example_xcomargs.py for tasks to queue
[2023-12-15T21:51:51.273+0500] {logging_mixin.py:154} INFO - [2023-12-15T21:51:51.273+0500] {dagbag.py:536} INFO - Filling up the DagBag from /home/amina/miniconda/lib/python3.11/site-packages/airflow/example_dags/example_xcomargs.py
[2023-12-15T21:51:51.282+0500] {processor.py:839} INFO - DAG(s) dict_keys(['example_xcom_args', 'example_xcom_args_with_operators']) retrieved from /home/amina/miniconda/lib/python3.11/site-packages/airflow/example_dags/example_xcomargs.py
[2023-12-15T21:51:51.299+0500] {logging_mixin.py:154} INFO - [2023-12-15T21:51:51.299+0500] {dag.py:2941} INFO - Sync 2 DAGs
[2023-12-15T21:51:51.310+0500] {logging_mixin.py:154} INFO - [2023-12-15T21:51:51.309+0500] {dag.py:3722} INFO - Setting next_dagrun for example_xcom_args to None, run_after=None
[2023-12-15T21:51:51.313+0500] {logging_mixin.py:154} INFO - [2023-12-15T21:51:51.312+0500] {dag.py:3722} INFO - Setting next_dagrun for example_xcom_args_with_operators to None, run_after=None
[2023-12-15T21:51:51.427+0500] {processor.py:179} INFO - Processing /home/amina/miniconda/lib/python3.11/site-packages/airflow/example_dags/example_xcomargs.py took 0.225 seconds
[2023-12-15T21:52:47.741+0500] {processor.py:157} INFO - Started process (PID=8116) to work on /home/amina/miniconda/lib/python3.11/site-packages/airflow/example_dags/example_xcomargs.py
[2023-12-15T21:52:47.763+0500] {processor.py:829} INFO - Processing file /home/amina/miniconda/lib/python3.11/site-packages/airflow/example_dags/example_xcomargs.py for tasks to queue
[2023-12-15T21:52:47.764+0500] {logging_mixin.py:154} INFO - [2023-12-15T21:52:47.764+0500] {dagbag.py:536} INFO - Filling up the DagBag from /home/amina/miniconda/lib/python3.11/site-packages/airflow/example_dags/example_xcomargs.py
[2023-12-15T21:52:47.774+0500] {processor.py:839} INFO - DAG(s) dict_keys(['example_xcom_args', 'example_xcom_args_with_operators']) retrieved from /home/amina/miniconda/lib/python3.11/site-packages/airflow/example_dags/example_xcomargs.py
[2023-12-15T21:52:47.795+0500] {logging_mixin.py:154} INFO - [2023-12-15T21:52:47.795+0500] {dag.py:2941} INFO - Sync 2 DAGs
[2023-12-15T21:52:47.808+0500] {logging_mixin.py:154} INFO - [2023-12-15T21:52:47.807+0500] {dag.py:3722} INFO - Setting next_dagrun for example_xcom_args to None, run_after=None
[2023-12-15T21:52:47.812+0500] {logging_mixin.py:154} INFO - [2023-12-15T21:52:47.812+0500] {dag.py:3722} INFO - Setting next_dagrun for example_xcom_args_with_operators to None, run_after=None
[2023-12-15T21:52:47.920+0500] {processor.py:179} INFO - Processing /home/amina/miniconda/lib/python3.11/site-packages/airflow/example_dags/example_xcomargs.py took 0.181 seconds
[2023-12-15T21:53:25.906+0500] {processor.py:157} INFO - Started process (PID=8160) to work on /home/amina/miniconda/lib/python3.11/site-packages/airflow/example_dags/example_xcomargs.py
[2023-12-15T21:53:25.931+0500] {processor.py:829} INFO - Processing file /home/amina/miniconda/lib/python3.11/site-packages/airflow/example_dags/example_xcomargs.py for tasks to queue
[2023-12-15T21:53:25.932+0500] {logging_mixin.py:154} INFO - [2023-12-15T21:53:25.931+0500] {dagbag.py:536} INFO - Filling up the DagBag from /home/amina/miniconda/lib/python3.11/site-packages/airflow/example_dags/example_xcomargs.py
[2023-12-15T21:53:25.940+0500] {processor.py:839} INFO - DAG(s) dict_keys(['example_xcom_args_with_operators', 'example_xcom_args']) retrieved from /home/amina/miniconda/lib/python3.11/site-packages/airflow/example_dags/example_xcomargs.py
[2023-12-15T21:53:25.957+0500] {logging_mixin.py:154} INFO - [2023-12-15T21:53:25.957+0500] {dag.py:2941} INFO - Sync 2 DAGs
[2023-12-15T21:53:25.968+0500] {logging_mixin.py:154} INFO - [2023-12-15T21:53:25.968+0500] {dag.py:3722} INFO - Setting next_dagrun for example_xcom_args to None, run_after=None
[2023-12-15T21:53:25.971+0500] {logging_mixin.py:154} INFO - [2023-12-15T21:53:25.971+0500] {dag.py:3722} INFO - Setting next_dagrun for example_xcom_args_with_operators to None, run_after=None
[2023-12-15T21:53:26.076+0500] {processor.py:179} INFO - Processing /home/amina/miniconda/lib/python3.11/site-packages/airflow/example_dags/example_xcomargs.py took 0.174 seconds
[2023-12-15T21:54:18.430+0500] {processor.py:157} INFO - Started process (PID=8221) to work on /home/amina/miniconda/lib/python3.11/site-packages/airflow/example_dags/example_xcomargs.py
[2023-12-15T21:54:18.472+0500] {processor.py:829} INFO - Processing file /home/amina/miniconda/lib/python3.11/site-packages/airflow/example_dags/example_xcomargs.py for tasks to queue
[2023-12-15T21:54:18.473+0500] {logging_mixin.py:154} INFO - [2023-12-15T21:54:18.473+0500] {dagbag.py:536} INFO - Filling up the DagBag from /home/amina/miniconda/lib/python3.11/site-packages/airflow/example_dags/example_xcomargs.py
[2023-12-15T21:54:18.481+0500] {processor.py:839} INFO - DAG(s) dict_keys(['example_xcom_args_with_operators', 'example_xcom_args']) retrieved from /home/amina/miniconda/lib/python3.11/site-packages/airflow/example_dags/example_xcomargs.py
[2023-12-15T21:54:18.498+0500] {logging_mixin.py:154} INFO - [2023-12-15T21:54:18.498+0500] {dag.py:2941} INFO - Sync 2 DAGs
[2023-12-15T21:54:18.509+0500] {logging_mixin.py:154} INFO - [2023-12-15T21:54:18.509+0500] {dag.py:3722} INFO - Setting next_dagrun for example_xcom_args to None, run_after=None
[2023-12-15T21:54:18.512+0500] {logging_mixin.py:154} INFO - [2023-12-15T21:54:18.512+0500] {dag.py:3722} INFO - Setting next_dagrun for example_xcom_args_with_operators to None, run_after=None
[2023-12-15T21:54:18.631+0500] {processor.py:179} INFO - Processing /home/amina/miniconda/lib/python3.11/site-packages/airflow/example_dags/example_xcomargs.py took 0.204 seconds
[2023-12-15T21:55:02.579+0500] {processor.py:157} INFO - Started process (PID=8276) to work on /home/amina/miniconda/lib/python3.11/site-packages/airflow/example_dags/example_xcomargs.py
[2023-12-15T21:55:02.608+0500] {processor.py:829} INFO - Processing file /home/amina/miniconda/lib/python3.11/site-packages/airflow/example_dags/example_xcomargs.py for tasks to queue
[2023-12-15T21:55:02.609+0500] {logging_mixin.py:154} INFO - [2023-12-15T21:55:02.608+0500] {dagbag.py:536} INFO - Filling up the DagBag from /home/amina/miniconda/lib/python3.11/site-packages/airflow/example_dags/example_xcomargs.py
[2023-12-15T21:55:02.618+0500] {processor.py:839} INFO - DAG(s) dict_keys(['example_xcom_args_with_operators', 'example_xcom_args']) retrieved from /home/amina/miniconda/lib/python3.11/site-packages/airflow/example_dags/example_xcomargs.py
[2023-12-15T21:55:02.637+0500] {logging_mixin.py:154} INFO - [2023-12-15T21:55:02.636+0500] {dag.py:2941} INFO - Sync 2 DAGs
[2023-12-15T21:55:02.649+0500] {logging_mixin.py:154} INFO - [2023-12-15T21:55:02.649+0500] {dag.py:3722} INFO - Setting next_dagrun for example_xcom_args to None, run_after=None
[2023-12-15T21:55:02.653+0500] {logging_mixin.py:154} INFO - [2023-12-15T21:55:02.653+0500] {dag.py:3722} INFO - Setting next_dagrun for example_xcom_args_with_operators to None, run_after=None
[2023-12-15T21:55:02.756+0500] {processor.py:179} INFO - Processing /home/amina/miniconda/lib/python3.11/site-packages/airflow/example_dags/example_xcomargs.py took 0.180 seconds
[2023-12-15T21:55:45.646+0500] {processor.py:157} INFO - Started process (PID=8324) to work on /home/amina/miniconda/lib/python3.11/site-packages/airflow/example_dags/example_xcomargs.py
[2023-12-15T21:55:45.647+0500] {processor.py:829} INFO - Processing file /home/amina/miniconda/lib/python3.11/site-packages/airflow/example_dags/example_xcomargs.py for tasks to queue
[2023-12-15T21:55:45.648+0500] {logging_mixin.py:154} INFO - [2023-12-15T21:55:45.647+0500] {dagbag.py:536} INFO - Filling up the DagBag from /home/amina/miniconda/lib/python3.11/site-packages/airflow/example_dags/example_xcomargs.py
[2023-12-15T21:55:45.658+0500] {processor.py:839} INFO - DAG(s) dict_keys(['example_xcom_args_with_operators', 'example_xcom_args']) retrieved from /home/amina/miniconda/lib/python3.11/site-packages/airflow/example_dags/example_xcomargs.py
[2023-12-15T21:55:45.677+0500] {logging_mixin.py:154} INFO - [2023-12-15T21:55:45.677+0500] {dag.py:2941} INFO - Sync 2 DAGs
[2023-12-15T21:55:45.693+0500] {logging_mixin.py:154} INFO - [2023-12-15T21:55:45.693+0500] {dag.py:3722} INFO - Setting next_dagrun for example_xcom_args to None, run_after=None
[2023-12-15T21:55:45.697+0500] {logging_mixin.py:154} INFO - [2023-12-15T21:55:45.696+0500] {dag.py:3722} INFO - Setting next_dagrun for example_xcom_args_with_operators to None, run_after=None
[2023-12-15T21:55:45.800+0500] {processor.py:179} INFO - Processing /home/amina/miniconda/lib/python3.11/site-packages/airflow/example_dags/example_xcomargs.py took 0.158 seconds
[2023-12-15T21:56:36.949+0500] {processor.py:157} INFO - Started process (PID=8373) to work on /home/amina/miniconda/lib/python3.11/site-packages/airflow/example_dags/example_xcomargs.py
[2023-12-15T21:56:36.969+0500] {processor.py:829} INFO - Processing file /home/amina/miniconda/lib/python3.11/site-packages/airflow/example_dags/example_xcomargs.py for tasks to queue
[2023-12-15T21:56:36.970+0500] {logging_mixin.py:154} INFO - [2023-12-15T21:56:36.970+0500] {dagbag.py:536} INFO - Filling up the DagBag from /home/amina/miniconda/lib/python3.11/site-packages/airflow/example_dags/example_xcomargs.py
[2023-12-15T21:56:36.978+0500] {processor.py:839} INFO - DAG(s) dict_keys(['example_xcom_args_with_operators', 'example_xcom_args']) retrieved from /home/amina/miniconda/lib/python3.11/site-packages/airflow/example_dags/example_xcomargs.py
[2023-12-15T21:56:36.995+0500] {logging_mixin.py:154} INFO - [2023-12-15T21:56:36.995+0500] {dag.py:2941} INFO - Sync 2 DAGs
[2023-12-15T21:56:37.007+0500] {logging_mixin.py:154} INFO - [2023-12-15T21:56:37.007+0500] {dag.py:3722} INFO - Setting next_dagrun for example_xcom_args to None, run_after=None
[2023-12-15T21:56:37.010+0500] {logging_mixin.py:154} INFO - [2023-12-15T21:56:37.010+0500] {dag.py:3722} INFO - Setting next_dagrun for example_xcom_args_with_operators to None, run_after=None
[2023-12-15T21:56:37.106+0500] {processor.py:179} INFO - Processing /home/amina/miniconda/lib/python3.11/site-packages/airflow/example_dags/example_xcomargs.py took 0.161 seconds
[2023-12-15T21:57:28.360+0500] {processor.py:157} INFO - Started process (PID=8436) to work on /home/amina/miniconda/lib/python3.11/site-packages/airflow/example_dags/example_xcomargs.py
[2023-12-15T21:57:28.428+0500] {processor.py:829} INFO - Processing file /home/amina/miniconda/lib/python3.11/site-packages/airflow/example_dags/example_xcomargs.py for tasks to queue
[2023-12-15T21:57:28.429+0500] {logging_mixin.py:154} INFO - [2023-12-15T21:57:28.428+0500] {dagbag.py:536} INFO - Filling up the DagBag from /home/amina/miniconda/lib/python3.11/site-packages/airflow/example_dags/example_xcomargs.py
[2023-12-15T21:57:28.439+0500] {processor.py:839} INFO - DAG(s) dict_keys(['example_xcom_args', 'example_xcom_args_with_operators']) retrieved from /home/amina/miniconda/lib/python3.11/site-packages/airflow/example_dags/example_xcomargs.py
[2023-12-15T21:57:28.463+0500] {logging_mixin.py:154} INFO - [2023-12-15T21:57:28.463+0500] {dag.py:2941} INFO - Sync 2 DAGs
[2023-12-15T21:57:28.478+0500] {logging_mixin.py:154} INFO - [2023-12-15T21:57:28.477+0500] {dag.py:3722} INFO - Setting next_dagrun for example_xcom_args to None, run_after=None
[2023-12-15T21:57:28.481+0500] {logging_mixin.py:154} INFO - [2023-12-15T21:57:28.480+0500] {dag.py:3722} INFO - Setting next_dagrun for example_xcom_args_with_operators to None, run_after=None
[2023-12-15T21:57:28.590+0500] {processor.py:179} INFO - Processing /home/amina/miniconda/lib/python3.11/site-packages/airflow/example_dags/example_xcomargs.py took 0.233 seconds
[2023-12-15T21:58:23.480+0500] {processor.py:157} INFO - Started process (PID=8496) to work on /home/amina/miniconda/lib/python3.11/site-packages/airflow/example_dags/example_xcomargs.py
[2023-12-15T21:58:23.500+0500] {processor.py:829} INFO - Processing file /home/amina/miniconda/lib/python3.11/site-packages/airflow/example_dags/example_xcomargs.py for tasks to queue
[2023-12-15T21:58:23.501+0500] {logging_mixin.py:154} INFO - [2023-12-15T21:58:23.500+0500] {dagbag.py:536} INFO - Filling up the DagBag from /home/amina/miniconda/lib/python3.11/site-packages/airflow/example_dags/example_xcomargs.py
[2023-12-15T21:58:23.509+0500] {processor.py:839} INFO - DAG(s) dict_keys(['example_xcom_args_with_operators', 'example_xcom_args']) retrieved from /home/amina/miniconda/lib/python3.11/site-packages/airflow/example_dags/example_xcomargs.py
[2023-12-15T21:58:23.526+0500] {logging_mixin.py:154} INFO - [2023-12-15T21:58:23.526+0500] {dag.py:2941} INFO - Sync 2 DAGs
[2023-12-15T21:58:23.541+0500] {logging_mixin.py:154} INFO - [2023-12-15T21:58:23.541+0500] {dag.py:3722} INFO - Setting next_dagrun for example_xcom_args to None, run_after=None
[2023-12-15T21:58:23.544+0500] {logging_mixin.py:154} INFO - [2023-12-15T21:58:23.544+0500] {dag.py:3722} INFO - Setting next_dagrun for example_xcom_args_with_operators to None, run_after=None
[2023-12-15T21:58:23.660+0500] {processor.py:179} INFO - Processing /home/amina/miniconda/lib/python3.11/site-packages/airflow/example_dags/example_xcomargs.py took 0.182 seconds
[2023-12-15T21:59:16.993+0500] {processor.py:157} INFO - Started process (PID=8553) to work on /home/amina/miniconda/lib/python3.11/site-packages/airflow/example_dags/example_xcomargs.py
[2023-12-15T21:59:17.032+0500] {processor.py:829} INFO - Processing file /home/amina/miniconda/lib/python3.11/site-packages/airflow/example_dags/example_xcomargs.py for tasks to queue
[2023-12-15T21:59:17.033+0500] {logging_mixin.py:154} INFO - [2023-12-15T21:59:17.033+0500] {dagbag.py:536} INFO - Filling up the DagBag from /home/amina/miniconda/lib/python3.11/site-packages/airflow/example_dags/example_xcomargs.py
[2023-12-15T21:59:17.042+0500] {processor.py:839} INFO - DAG(s) dict_keys(['example_xcom_args', 'example_xcom_args_with_operators']) retrieved from /home/amina/miniconda/lib/python3.11/site-packages/airflow/example_dags/example_xcomargs.py
[2023-12-15T21:59:17.059+0500] {logging_mixin.py:154} INFO - [2023-12-15T21:59:17.059+0500] {dag.py:2941} INFO - Sync 2 DAGs
[2023-12-15T21:59:17.073+0500] {logging_mixin.py:154} INFO - [2023-12-15T21:59:17.073+0500] {dag.py:3722} INFO - Setting next_dagrun for example_xcom_args to None, run_after=None
[2023-12-15T21:59:17.076+0500] {logging_mixin.py:154} INFO - [2023-12-15T21:59:17.076+0500] {dag.py:3722} INFO - Setting next_dagrun for example_xcom_args_with_operators to None, run_after=None
[2023-12-15T21:59:17.206+0500] {processor.py:179} INFO - Processing /home/amina/miniconda/lib/python3.11/site-packages/airflow/example_dags/example_xcomargs.py took 0.216 seconds
[2023-12-15T22:00:09.745+0500] {processor.py:157} INFO - Started process (PID=8616) to work on /home/amina/miniconda/lib/python3.11/site-packages/airflow/example_dags/example_xcomargs.py
[2023-12-15T22:00:09.765+0500] {processor.py:829} INFO - Processing file /home/amina/miniconda/lib/python3.11/site-packages/airflow/example_dags/example_xcomargs.py for tasks to queue
[2023-12-15T22:00:09.766+0500] {logging_mixin.py:154} INFO - [2023-12-15T22:00:09.765+0500] {dagbag.py:536} INFO - Filling up the DagBag from /home/amina/miniconda/lib/python3.11/site-packages/airflow/example_dags/example_xcomargs.py
[2023-12-15T22:00:09.774+0500] {processor.py:839} INFO - DAG(s) dict_keys(['example_xcom_args', 'example_xcom_args_with_operators']) retrieved from /home/amina/miniconda/lib/python3.11/site-packages/airflow/example_dags/example_xcomargs.py
[2023-12-15T22:00:09.791+0500] {logging_mixin.py:154} INFO - [2023-12-15T22:00:09.791+0500] {dag.py:2941} INFO - Sync 2 DAGs
[2023-12-15T22:00:09.801+0500] {logging_mixin.py:154} INFO - [2023-12-15T22:00:09.801+0500] {dag.py:3722} INFO - Setting next_dagrun for example_xcom_args to None, run_after=None
[2023-12-15T22:00:09.804+0500] {logging_mixin.py:154} INFO - [2023-12-15T22:00:09.804+0500] {dag.py:3722} INFO - Setting next_dagrun for example_xcom_args_with_operators to None, run_after=None
[2023-12-15T22:00:09.916+0500] {processor.py:179} INFO - Processing /home/amina/miniconda/lib/python3.11/site-packages/airflow/example_dags/example_xcomargs.py took 0.174 seconds
[2023-12-15T22:01:06.648+0500] {processor.py:157} INFO - Started process (PID=8692) to work on /home/amina/miniconda/lib/python3.11/site-packages/airflow/example_dags/example_xcomargs.py
[2023-12-15T22:01:06.665+0500] {processor.py:829} INFO - Processing file /home/amina/miniconda/lib/python3.11/site-packages/airflow/example_dags/example_xcomargs.py for tasks to queue
[2023-12-15T22:01:06.666+0500] {logging_mixin.py:154} INFO - [2023-12-15T22:01:06.666+0500] {dagbag.py:536} INFO - Filling up the DagBag from /home/amina/miniconda/lib/python3.11/site-packages/airflow/example_dags/example_xcomargs.py
[2023-12-15T22:01:06.674+0500] {processor.py:839} INFO - DAG(s) dict_keys(['example_xcom_args_with_operators', 'example_xcom_args']) retrieved from /home/amina/miniconda/lib/python3.11/site-packages/airflow/example_dags/example_xcomargs.py
[2023-12-15T22:01:06.691+0500] {logging_mixin.py:154} INFO - [2023-12-15T22:01:06.691+0500] {dag.py:2941} INFO - Sync 2 DAGs
[2023-12-15T22:01:06.702+0500] {logging_mixin.py:154} INFO - [2023-12-15T22:01:06.702+0500] {dag.py:3722} INFO - Setting next_dagrun for example_xcom_args to None, run_after=None
[2023-12-15T22:01:06.705+0500] {logging_mixin.py:154} INFO - [2023-12-15T22:01:06.705+0500] {dag.py:3722} INFO - Setting next_dagrun for example_xcom_args_with_operators to None, run_after=None
[2023-12-15T22:01:06.808+0500] {processor.py:179} INFO - Processing /home/amina/miniconda/lib/python3.11/site-packages/airflow/example_dags/example_xcomargs.py took 0.163 seconds
[2023-12-15T22:01:56.370+0500] {processor.py:157} INFO - Started process (PID=8755) to work on /home/amina/miniconda/lib/python3.11/site-packages/airflow/example_dags/example_xcomargs.py
[2023-12-15T22:01:56.375+0500] {processor.py:829} INFO - Processing file /home/amina/miniconda/lib/python3.11/site-packages/airflow/example_dags/example_xcomargs.py for tasks to queue
[2023-12-15T22:01:56.376+0500] {logging_mixin.py:154} INFO - [2023-12-15T22:01:56.376+0500] {dagbag.py:536} INFO - Filling up the DagBag from /home/amina/miniconda/lib/python3.11/site-packages/airflow/example_dags/example_xcomargs.py
[2023-12-15T22:01:56.384+0500] {processor.py:839} INFO - DAG(s) dict_keys(['example_xcom_args', 'example_xcom_args_with_operators']) retrieved from /home/amina/miniconda/lib/python3.11/site-packages/airflow/example_dags/example_xcomargs.py
[2023-12-15T22:01:56.402+0500] {logging_mixin.py:154} INFO - [2023-12-15T22:01:56.401+0500] {dag.py:2941} INFO - Sync 2 DAGs
[2023-12-15T22:01:56.412+0500] {logging_mixin.py:154} INFO - [2023-12-15T22:01:56.412+0500] {dag.py:3722} INFO - Setting next_dagrun for example_xcom_args to None, run_after=None
[2023-12-15T22:01:56.416+0500] {logging_mixin.py:154} INFO - [2023-12-15T22:01:56.416+0500] {dag.py:3722} INFO - Setting next_dagrun for example_xcom_args_with_operators to None, run_after=None
[2023-12-15T22:01:56.532+0500] {processor.py:179} INFO - Processing /home/amina/miniconda/lib/python3.11/site-packages/airflow/example_dags/example_xcomargs.py took 0.166 seconds
[2023-12-15T22:02:47.931+0500] {processor.py:157} INFO - Started process (PID=8813) to work on /home/amina/miniconda/lib/python3.11/site-packages/airflow/example_dags/example_xcomargs.py
[2023-12-15T22:02:47.955+0500] {processor.py:829} INFO - Processing file /home/amina/miniconda/lib/python3.11/site-packages/airflow/example_dags/example_xcomargs.py for tasks to queue
[2023-12-15T22:02:47.955+0500] {logging_mixin.py:154} INFO - [2023-12-15T22:02:47.955+0500] {dagbag.py:536} INFO - Filling up the DagBag from /home/amina/miniconda/lib/python3.11/site-packages/airflow/example_dags/example_xcomargs.py
[2023-12-15T22:02:47.964+0500] {processor.py:839} INFO - DAG(s) dict_keys(['example_xcom_args', 'example_xcom_args_with_operators']) retrieved from /home/amina/miniconda/lib/python3.11/site-packages/airflow/example_dags/example_xcomargs.py
[2023-12-15T22:02:47.981+0500] {logging_mixin.py:154} INFO - [2023-12-15T22:02:47.981+0500] {dag.py:2941} INFO - Sync 2 DAGs
[2023-12-15T22:02:47.992+0500] {logging_mixin.py:154} INFO - [2023-12-15T22:02:47.991+0500] {dag.py:3722} INFO - Setting next_dagrun for example_xcom_args to None, run_after=None
[2023-12-15T22:02:47.994+0500] {logging_mixin.py:154} INFO - [2023-12-15T22:02:47.994+0500] {dag.py:3722} INFO - Setting next_dagrun for example_xcom_args_with_operators to None, run_after=None
[2023-12-15T22:02:48.097+0500] {processor.py:179} INFO - Processing /home/amina/miniconda/lib/python3.11/site-packages/airflow/example_dags/example_xcomargs.py took 0.170 seconds
[2023-12-15T22:03:55.871+0500] {processor.py:157} INFO - Started process (PID=8888) to work on /home/amina/miniconda/lib/python3.11/site-packages/airflow/example_dags/example_xcomargs.py
[2023-12-15T22:03:55.907+0500] {processor.py:829} INFO - Processing file /home/amina/miniconda/lib/python3.11/site-packages/airflow/example_dags/example_xcomargs.py for tasks to queue
[2023-12-15T22:03:55.908+0500] {logging_mixin.py:154} INFO - [2023-12-15T22:03:55.908+0500] {dagbag.py:536} INFO - Filling up the DagBag from /home/amina/miniconda/lib/python3.11/site-packages/airflow/example_dags/example_xcomargs.py
[2023-12-15T22:03:55.918+0500] {processor.py:839} INFO - DAG(s) dict_keys(['example_xcom_args', 'example_xcom_args_with_operators']) retrieved from /home/amina/miniconda/lib/python3.11/site-packages/airflow/example_dags/example_xcomargs.py
[2023-12-15T22:03:55.937+0500] {logging_mixin.py:154} INFO - [2023-12-15T22:03:55.937+0500] {dag.py:2941} INFO - Sync 2 DAGs
[2023-12-15T22:03:55.950+0500] {logging_mixin.py:154} INFO - [2023-12-15T22:03:55.950+0500] {dag.py:3722} INFO - Setting next_dagrun for example_xcom_args to None, run_after=None
[2023-12-15T22:03:55.953+0500] {logging_mixin.py:154} INFO - [2023-12-15T22:03:55.953+0500] {dag.py:3722} INFO - Setting next_dagrun for example_xcom_args_with_operators to None, run_after=None
[2023-12-15T22:03:56.078+0500] {processor.py:179} INFO - Processing /home/amina/miniconda/lib/python3.11/site-packages/airflow/example_dags/example_xcomargs.py took 0.210 seconds
[2023-12-15T22:05:00.671+0500] {processor.py:157} INFO - Started process (PID=8962) to work on /home/amina/miniconda/lib/python3.11/site-packages/airflow/example_dags/example_xcomargs.py
[2023-12-15T22:05:00.712+0500] {processor.py:829} INFO - Processing file /home/amina/miniconda/lib/python3.11/site-packages/airflow/example_dags/example_xcomargs.py for tasks to queue
[2023-12-15T22:05:00.713+0500] {logging_mixin.py:154} INFO - [2023-12-15T22:05:00.713+0500] {dagbag.py:536} INFO - Filling up the DagBag from /home/amina/miniconda/lib/python3.11/site-packages/airflow/example_dags/example_xcomargs.py
[2023-12-15T22:05:00.722+0500] {processor.py:839} INFO - DAG(s) dict_keys(['example_xcom_args', 'example_xcom_args_with_operators']) retrieved from /home/amina/miniconda/lib/python3.11/site-packages/airflow/example_dags/example_xcomargs.py
[2023-12-15T22:05:00.744+0500] {logging_mixin.py:154} INFO - [2023-12-15T22:05:00.744+0500] {dag.py:2941} INFO - Sync 2 DAGs
[2023-12-15T22:05:00.756+0500] {logging_mixin.py:154} INFO - [2023-12-15T22:05:00.756+0500] {dag.py:3722} INFO - Setting next_dagrun for example_xcom_args to None, run_after=None
[2023-12-15T22:05:00.759+0500] {logging_mixin.py:154} INFO - [2023-12-15T22:05:00.759+0500] {dag.py:3722} INFO - Setting next_dagrun for example_xcom_args_with_operators to None, run_after=None
[2023-12-15T22:05:00.862+0500] {processor.py:179} INFO - Processing /home/amina/miniconda/lib/python3.11/site-packages/airflow/example_dags/example_xcomargs.py took 0.195 seconds
[2023-12-15T22:06:00.852+0500] {processor.py:157} INFO - Started process (PID=9028) to work on /home/amina/miniconda/lib/python3.11/site-packages/airflow/example_dags/example_xcomargs.py
[2023-12-15T22:06:00.872+0500] {processor.py:829} INFO - Processing file /home/amina/miniconda/lib/python3.11/site-packages/airflow/example_dags/example_xcomargs.py for tasks to queue
[2023-12-15T22:06:00.873+0500] {logging_mixin.py:154} INFO - [2023-12-15T22:06:00.873+0500] {dagbag.py:536} INFO - Filling up the DagBag from /home/amina/miniconda/lib/python3.11/site-packages/airflow/example_dags/example_xcomargs.py
[2023-12-15T22:06:00.885+0500] {processor.py:839} INFO - DAG(s) dict_keys(['example_xcom_args_with_operators', 'example_xcom_args']) retrieved from /home/amina/miniconda/lib/python3.11/site-packages/airflow/example_dags/example_xcomargs.py
[2023-12-15T22:06:00.904+0500] {logging_mixin.py:154} INFO - [2023-12-15T22:06:00.904+0500] {dag.py:2941} INFO - Sync 2 DAGs
[2023-12-15T22:06:00.917+0500] {logging_mixin.py:154} INFO - [2023-12-15T22:06:00.917+0500] {dag.py:3722} INFO - Setting next_dagrun for example_xcom_args to None, run_after=None
[2023-12-15T22:06:00.920+0500] {logging_mixin.py:154} INFO - [2023-12-15T22:06:00.920+0500] {dag.py:3722} INFO - Setting next_dagrun for example_xcom_args_with_operators to None, run_after=None
[2023-12-15T22:06:01.012+0500] {processor.py:179} INFO - Processing /home/amina/miniconda/lib/python3.11/site-packages/airflow/example_dags/example_xcomargs.py took 0.164 seconds
[2023-12-15T22:07:00.309+0500] {processor.py:157} INFO - Started process (PID=9080) to work on /home/amina/miniconda/lib/python3.11/site-packages/airflow/example_dags/example_xcomargs.py
[2023-12-15T22:07:00.349+0500] {processor.py:829} INFO - Processing file /home/amina/miniconda/lib/python3.11/site-packages/airflow/example_dags/example_xcomargs.py for tasks to queue
[2023-12-15T22:07:00.350+0500] {logging_mixin.py:154} INFO - [2023-12-15T22:07:00.350+0500] {dagbag.py:536} INFO - Filling up the DagBag from /home/amina/miniconda/lib/python3.11/site-packages/airflow/example_dags/example_xcomargs.py
[2023-12-15T22:07:00.360+0500] {processor.py:839} INFO - DAG(s) dict_keys(['example_xcom_args', 'example_xcom_args_with_operators']) retrieved from /home/amina/miniconda/lib/python3.11/site-packages/airflow/example_dags/example_xcomargs.py
[2023-12-15T22:07:00.380+0500] {logging_mixin.py:154} INFO - [2023-12-15T22:07:00.380+0500] {dag.py:2941} INFO - Sync 2 DAGs
[2023-12-15T22:07:00.393+0500] {logging_mixin.py:154} INFO - [2023-12-15T22:07:00.392+0500] {dag.py:3722} INFO - Setting next_dagrun for example_xcom_args to None, run_after=None
[2023-12-15T22:07:00.396+0500] {logging_mixin.py:154} INFO - [2023-12-15T22:07:00.396+0500] {dag.py:3722} INFO - Setting next_dagrun for example_xcom_args_with_operators to None, run_after=None
[2023-12-15T22:07:00.500+0500] {processor.py:179} INFO - Processing /home/amina/miniconda/lib/python3.11/site-packages/airflow/example_dags/example_xcomargs.py took 0.194 seconds
[2023-12-15T22:08:03.976+0500] {processor.py:157} INFO - Started process (PID=9150) to work on /home/amina/miniconda/lib/python3.11/site-packages/airflow/example_dags/example_xcomargs.py
[2023-12-15T22:08:03.997+0500] {processor.py:829} INFO - Processing file /home/amina/miniconda/lib/python3.11/site-packages/airflow/example_dags/example_xcomargs.py for tasks to queue
[2023-12-15T22:08:03.998+0500] {logging_mixin.py:154} INFO - [2023-12-15T22:08:03.997+0500] {dagbag.py:536} INFO - Filling up the DagBag from /home/amina/miniconda/lib/python3.11/site-packages/airflow/example_dags/example_xcomargs.py
[2023-12-15T22:08:04.009+0500] {processor.py:839} INFO - DAG(s) dict_keys(['example_xcom_args_with_operators', 'example_xcom_args']) retrieved from /home/amina/miniconda/lib/python3.11/site-packages/airflow/example_dags/example_xcomargs.py
[2023-12-15T22:08:04.029+0500] {logging_mixin.py:154} INFO - [2023-12-15T22:08:04.029+0500] {dag.py:2941} INFO - Sync 2 DAGs
[2023-12-15T22:08:04.043+0500] {logging_mixin.py:154} INFO - [2023-12-15T22:08:04.043+0500] {dag.py:3722} INFO - Setting next_dagrun for example_xcom_args to None, run_after=None
[2023-12-15T22:08:04.046+0500] {logging_mixin.py:154} INFO - [2023-12-15T22:08:04.046+0500] {dag.py:3722} INFO - Setting next_dagrun for example_xcom_args_with_operators to None, run_after=None
[2023-12-15T22:08:04.149+0500] {processor.py:179} INFO - Processing /home/amina/miniconda/lib/python3.11/site-packages/airflow/example_dags/example_xcomargs.py took 0.176 seconds
[2023-12-15T22:09:06.905+0500] {processor.py:157} INFO - Started process (PID=9223) to work on /home/amina/miniconda/lib/python3.11/site-packages/airflow/example_dags/example_xcomargs.py
[2023-12-15T22:09:06.932+0500] {processor.py:829} INFO - Processing file /home/amina/miniconda/lib/python3.11/site-packages/airflow/example_dags/example_xcomargs.py for tasks to queue
[2023-12-15T22:09:06.933+0500] {logging_mixin.py:154} INFO - [2023-12-15T22:09:06.932+0500] {dagbag.py:536} INFO - Filling up the DagBag from /home/amina/miniconda/lib/python3.11/site-packages/airflow/example_dags/example_xcomargs.py
[2023-12-15T22:09:06.942+0500] {processor.py:839} INFO - DAG(s) dict_keys(['example_xcom_args', 'example_xcom_args_with_operators']) retrieved from /home/amina/miniconda/lib/python3.11/site-packages/airflow/example_dags/example_xcomargs.py
[2023-12-15T22:09:06.963+0500] {logging_mixin.py:154} INFO - [2023-12-15T22:09:06.963+0500] {dag.py:2941} INFO - Sync 2 DAGs
[2023-12-15T22:09:06.976+0500] {logging_mixin.py:154} INFO - [2023-12-15T22:09:06.976+0500] {dag.py:3722} INFO - Setting next_dagrun for example_xcom_args to None, run_after=None
[2023-12-15T22:09:06.979+0500] {logging_mixin.py:154} INFO - [2023-12-15T22:09:06.979+0500] {dag.py:3722} INFO - Setting next_dagrun for example_xcom_args_with_operators to None, run_after=None
[2023-12-15T22:09:07.084+0500] {processor.py:179} INFO - Processing /home/amina/miniconda/lib/python3.11/site-packages/airflow/example_dags/example_xcomargs.py took 0.183 seconds
[2023-12-15T22:10:07.479+0500] {processor.py:157} INFO - Started process (PID=9283) to work on /home/amina/miniconda/lib/python3.11/site-packages/airflow/example_dags/example_xcomargs.py
[2023-12-15T22:10:07.512+0500] {processor.py:829} INFO - Processing file /home/amina/miniconda/lib/python3.11/site-packages/airflow/example_dags/example_xcomargs.py for tasks to queue
[2023-12-15T22:10:07.513+0500] {logging_mixin.py:154} INFO - [2023-12-15T22:10:07.512+0500] {dagbag.py:536} INFO - Filling up the DagBag from /home/amina/miniconda/lib/python3.11/site-packages/airflow/example_dags/example_xcomargs.py
[2023-12-15T22:10:07.523+0500] {processor.py:839} INFO - DAG(s) dict_keys(['example_xcom_args_with_operators', 'example_xcom_args']) retrieved from /home/amina/miniconda/lib/python3.11/site-packages/airflow/example_dags/example_xcomargs.py
[2023-12-15T22:10:07.544+0500] {logging_mixin.py:154} INFO - [2023-12-15T22:10:07.544+0500] {dag.py:2941} INFO - Sync 2 DAGs
[2023-12-15T22:10:07.556+0500] {logging_mixin.py:154} INFO - [2023-12-15T22:10:07.556+0500] {dag.py:3722} INFO - Setting next_dagrun for example_xcom_args to None, run_after=None
[2023-12-15T22:10:07.560+0500] {logging_mixin.py:154} INFO - [2023-12-15T22:10:07.560+0500] {dag.py:3722} INFO - Setting next_dagrun for example_xcom_args_with_operators to None, run_after=None
[2023-12-15T22:10:07.646+0500] {processor.py:179} INFO - Processing /home/amina/miniconda/lib/python3.11/site-packages/airflow/example_dags/example_xcomargs.py took 0.171 seconds
[2023-12-15T22:11:11.210+0500] {processor.py:157} INFO - Started process (PID=9348) to work on /home/amina/miniconda/lib/python3.11/site-packages/airflow/example_dags/example_xcomargs.py
[2023-12-15T22:11:11.241+0500] {processor.py:829} INFO - Processing file /home/amina/miniconda/lib/python3.11/site-packages/airflow/example_dags/example_xcomargs.py for tasks to queue
[2023-12-15T22:11:11.242+0500] {logging_mixin.py:154} INFO - [2023-12-15T22:11:11.242+0500] {dagbag.py:536} INFO - Filling up the DagBag from /home/amina/miniconda/lib/python3.11/site-packages/airflow/example_dags/example_xcomargs.py
[2023-12-15T22:11:11.251+0500] {processor.py:839} INFO - DAG(s) dict_keys(['example_xcom_args_with_operators', 'example_xcom_args']) retrieved from /home/amina/miniconda/lib/python3.11/site-packages/airflow/example_dags/example_xcomargs.py
[2023-12-15T22:11:11.270+0500] {logging_mixin.py:154} INFO - [2023-12-15T22:11:11.270+0500] {dag.py:2941} INFO - Sync 2 DAGs
[2023-12-15T22:11:11.284+0500] {logging_mixin.py:154} INFO - [2023-12-15T22:11:11.284+0500] {dag.py:3722} INFO - Setting next_dagrun for example_xcom_args to None, run_after=None
[2023-12-15T22:11:11.287+0500] {logging_mixin.py:154} INFO - [2023-12-15T22:11:11.287+0500] {dag.py:3722} INFO - Setting next_dagrun for example_xcom_args_with_operators to None, run_after=None
[2023-12-15T22:11:11.375+0500] {processor.py:179} INFO - Processing /home/amina/miniconda/lib/python3.11/site-packages/airflow/example_dags/example_xcomargs.py took 0.167 seconds
[2023-12-15T22:12:06.655+0500] {processor.py:157} INFO - Started process (PID=9406) to work on /home/amina/miniconda/lib/python3.11/site-packages/airflow/example_dags/example_xcomargs.py
[2023-12-15T22:12:06.693+0500] {processor.py:829} INFO - Processing file /home/amina/miniconda/lib/python3.11/site-packages/airflow/example_dags/example_xcomargs.py for tasks to queue
[2023-12-15T22:12:06.694+0500] {logging_mixin.py:154} INFO - [2023-12-15T22:12:06.694+0500] {dagbag.py:536} INFO - Filling up the DagBag from /home/amina/miniconda/lib/python3.11/site-packages/airflow/example_dags/example_xcomargs.py
[2023-12-15T22:12:06.704+0500] {processor.py:839} INFO - DAG(s) dict_keys(['example_xcom_args', 'example_xcom_args_with_operators']) retrieved from /home/amina/miniconda/lib/python3.11/site-packages/airflow/example_dags/example_xcomargs.py
[2023-12-15T22:12:06.723+0500] {logging_mixin.py:154} INFO - [2023-12-15T22:12:06.722+0500] {dag.py:2941} INFO - Sync 2 DAGs
[2023-12-15T22:12:06.736+0500] {logging_mixin.py:154} INFO - [2023-12-15T22:12:06.736+0500] {dag.py:3722} INFO - Setting next_dagrun for example_xcom_args to None, run_after=None
[2023-12-15T22:12:06.741+0500] {logging_mixin.py:154} INFO - [2023-12-15T22:12:06.741+0500] {dag.py:3722} INFO - Setting next_dagrun for example_xcom_args_with_operators to None, run_after=None
[2023-12-15T22:12:06.837+0500] {processor.py:179} INFO - Processing /home/amina/miniconda/lib/python3.11/site-packages/airflow/example_dags/example_xcomargs.py took 0.185 seconds
[2023-12-15T22:13:03.137+0500] {processor.py:157} INFO - Started process (PID=9468) to work on /home/amina/miniconda/lib/python3.11/site-packages/airflow/example_dags/example_xcomargs.py
[2023-12-15T22:13:03.137+0500] {processor.py:829} INFO - Processing file /home/amina/miniconda/lib/python3.11/site-packages/airflow/example_dags/example_xcomargs.py for tasks to queue
[2023-12-15T22:13:03.138+0500] {logging_mixin.py:154} INFO - [2023-12-15T22:13:03.138+0500] {dagbag.py:536} INFO - Filling up the DagBag from /home/amina/miniconda/lib/python3.11/site-packages/airflow/example_dags/example_xcomargs.py
[2023-12-15T22:13:03.148+0500] {processor.py:839} INFO - DAG(s) dict_keys(['example_xcom_args', 'example_xcom_args_with_operators']) retrieved from /home/amina/miniconda/lib/python3.11/site-packages/airflow/example_dags/example_xcomargs.py
[2023-12-15T22:13:03.167+0500] {logging_mixin.py:154} INFO - [2023-12-15T22:13:03.167+0500] {dag.py:2941} INFO - Sync 2 DAGs
[2023-12-15T22:13:03.179+0500] {logging_mixin.py:154} INFO - [2023-12-15T22:13:03.179+0500] {dag.py:3722} INFO - Setting next_dagrun for example_xcom_args to None, run_after=None
[2023-12-15T22:13:03.182+0500] {logging_mixin.py:154} INFO - [2023-12-15T22:13:03.182+0500] {dag.py:3722} INFO - Setting next_dagrun for example_xcom_args_with_operators to None, run_after=None
[2023-12-15T22:13:03.286+0500] {processor.py:179} INFO - Processing /home/amina/miniconda/lib/python3.11/site-packages/airflow/example_dags/example_xcomargs.py took 0.152 seconds
[2023-12-15T22:13:48.748+0500] {processor.py:157} INFO - Started process (PID=9522) to work on /home/amina/miniconda/lib/python3.11/site-packages/airflow/example_dags/example_xcomargs.py
[2023-12-15T22:13:48.795+0500] {processor.py:829} INFO - Processing file /home/amina/miniconda/lib/python3.11/site-packages/airflow/example_dags/example_xcomargs.py for tasks to queue
[2023-12-15T22:13:48.796+0500] {logging_mixin.py:154} INFO - [2023-12-15T22:13:48.795+0500] {dagbag.py:536} INFO - Filling up the DagBag from /home/amina/miniconda/lib/python3.11/site-packages/airflow/example_dags/example_xcomargs.py
[2023-12-15T22:13:48.804+0500] {processor.py:839} INFO - DAG(s) dict_keys(['example_xcom_args', 'example_xcom_args_with_operators']) retrieved from /home/amina/miniconda/lib/python3.11/site-packages/airflow/example_dags/example_xcomargs.py
[2023-12-15T22:13:48.821+0500] {logging_mixin.py:154} INFO - [2023-12-15T22:13:48.821+0500] {dag.py:2941} INFO - Sync 2 DAGs
[2023-12-15T22:13:48.835+0500] {logging_mixin.py:154} INFO - [2023-12-15T22:13:48.835+0500] {dag.py:3722} INFO - Setting next_dagrun for example_xcom_args to None, run_after=None
[2023-12-15T22:13:48.838+0500] {logging_mixin.py:154} INFO - [2023-12-15T22:13:48.838+0500] {dag.py:3722} INFO - Setting next_dagrun for example_xcom_args_with_operators to None, run_after=None
[2023-12-15T22:13:48.950+0500] {processor.py:179} INFO - Processing /home/amina/miniconda/lib/python3.11/site-packages/airflow/example_dags/example_xcomargs.py took 0.205 seconds
[2023-12-15T22:14:44.001+0500] {processor.py:157} INFO - Started process (PID=9585) to work on /home/amina/miniconda/lib/python3.11/site-packages/airflow/example_dags/example_xcomargs.py
[2023-12-15T22:14:44.071+0500] {processor.py:829} INFO - Processing file /home/amina/miniconda/lib/python3.11/site-packages/airflow/example_dags/example_xcomargs.py for tasks to queue
[2023-12-15T22:14:44.072+0500] {logging_mixin.py:154} INFO - [2023-12-15T22:14:44.072+0500] {dagbag.py:536} INFO - Filling up the DagBag from /home/amina/miniconda/lib/python3.11/site-packages/airflow/example_dags/example_xcomargs.py
[2023-12-15T22:14:44.085+0500] {processor.py:839} INFO - DAG(s) dict_keys(['example_xcom_args_with_operators', 'example_xcom_args']) retrieved from /home/amina/miniconda/lib/python3.11/site-packages/airflow/example_dags/example_xcomargs.py
[2023-12-15T22:14:44.116+0500] {logging_mixin.py:154} INFO - [2023-12-15T22:14:44.116+0500] {dag.py:2941} INFO - Sync 2 DAGs
[2023-12-15T22:14:44.132+0500] {logging_mixin.py:154} INFO - [2023-12-15T22:14:44.132+0500] {dag.py:3722} INFO - Setting next_dagrun for example_xcom_args to None, run_after=None
[2023-12-15T22:14:44.135+0500] {logging_mixin.py:154} INFO - [2023-12-15T22:14:44.135+0500] {dag.py:3722} INFO - Setting next_dagrun for example_xcom_args_with_operators to None, run_after=None
[2023-12-15T22:14:44.245+0500] {processor.py:179} INFO - Processing /home/amina/miniconda/lib/python3.11/site-packages/airflow/example_dags/example_xcomargs.py took 0.247 seconds
[2023-12-15T22:15:37.632+0500] {processor.py:157} INFO - Started process (PID=9643) to work on /home/amina/miniconda/lib/python3.11/site-packages/airflow/example_dags/example_xcomargs.py
[2023-12-15T22:15:37.684+0500] {processor.py:829} INFO - Processing file /home/amina/miniconda/lib/python3.11/site-packages/airflow/example_dags/example_xcomargs.py for tasks to queue
[2023-12-15T22:15:37.685+0500] {logging_mixin.py:154} INFO - [2023-12-15T22:15:37.684+0500] {dagbag.py:536} INFO - Filling up the DagBag from /home/amina/miniconda/lib/python3.11/site-packages/airflow/example_dags/example_xcomargs.py
[2023-12-15T22:15:37.695+0500] {processor.py:839} INFO - DAG(s) dict_keys(['example_xcom_args', 'example_xcom_args_with_operators']) retrieved from /home/amina/miniconda/lib/python3.11/site-packages/airflow/example_dags/example_xcomargs.py
[2023-12-15T22:15:37.720+0500] {logging_mixin.py:154} INFO - [2023-12-15T22:15:37.719+0500] {dag.py:2941} INFO - Sync 2 DAGs
[2023-12-15T22:15:37.736+0500] {logging_mixin.py:154} INFO - [2023-12-15T22:15:37.736+0500] {dag.py:3722} INFO - Setting next_dagrun for example_xcom_args to None, run_after=None
[2023-12-15T22:15:37.739+0500] {logging_mixin.py:154} INFO - [2023-12-15T22:15:37.739+0500] {dag.py:3722} INFO - Setting next_dagrun for example_xcom_args_with_operators to None, run_after=None
[2023-12-15T22:15:37.826+0500] {processor.py:179} INFO - Processing /home/amina/miniconda/lib/python3.11/site-packages/airflow/example_dags/example_xcomargs.py took 0.197 seconds
[2023-12-15T22:16:15.714+0500] {processor.py:157} INFO - Started process (PID=9684) to work on /home/amina/miniconda/lib/python3.11/site-packages/airflow/example_dags/example_xcomargs.py
[2023-12-15T22:16:15.749+0500] {processor.py:829} INFO - Processing file /home/amina/miniconda/lib/python3.11/site-packages/airflow/example_dags/example_xcomargs.py for tasks to queue
[2023-12-15T22:16:15.750+0500] {logging_mixin.py:154} INFO - [2023-12-15T22:16:15.750+0500] {dagbag.py:536} INFO - Filling up the DagBag from /home/amina/miniconda/lib/python3.11/site-packages/airflow/example_dags/example_xcomargs.py
[2023-12-15T22:16:15.760+0500] {processor.py:839} INFO - DAG(s) dict_keys(['example_xcom_args', 'example_xcom_args_with_operators']) retrieved from /home/amina/miniconda/lib/python3.11/site-packages/airflow/example_dags/example_xcomargs.py
[2023-12-15T22:16:15.779+0500] {logging_mixin.py:154} INFO - [2023-12-15T22:16:15.779+0500] {dag.py:2941} INFO - Sync 2 DAGs
[2023-12-15T22:16:15.792+0500] {logging_mixin.py:154} INFO - [2023-12-15T22:16:15.792+0500] {dag.py:3722} INFO - Setting next_dagrun for example_xcom_args to None, run_after=None
[2023-12-15T22:16:15.795+0500] {logging_mixin.py:154} INFO - [2023-12-15T22:16:15.795+0500] {dag.py:3722} INFO - Setting next_dagrun for example_xcom_args_with_operators to None, run_after=None
[2023-12-15T22:16:15.918+0500] {processor.py:179} INFO - Processing /home/amina/miniconda/lib/python3.11/site-packages/airflow/example_dags/example_xcomargs.py took 0.207 seconds
[2023-12-15T22:17:20.785+0500] {processor.py:157} INFO - Started process (PID=9755) to work on /home/amina/miniconda/lib/python3.11/site-packages/airflow/example_dags/example_xcomargs.py
[2023-12-15T22:17:20.814+0500] {processor.py:829} INFO - Processing file /home/amina/miniconda/lib/python3.11/site-packages/airflow/example_dags/example_xcomargs.py for tasks to queue
[2023-12-15T22:17:20.815+0500] {logging_mixin.py:154} INFO - [2023-12-15T22:17:20.815+0500] {dagbag.py:536} INFO - Filling up the DagBag from /home/amina/miniconda/lib/python3.11/site-packages/airflow/example_dags/example_xcomargs.py
[2023-12-15T22:17:20.825+0500] {processor.py:839} INFO - DAG(s) dict_keys(['example_xcom_args', 'example_xcom_args_with_operators']) retrieved from /home/amina/miniconda/lib/python3.11/site-packages/airflow/example_dags/example_xcomargs.py
[2023-12-15T22:17:20.846+0500] {logging_mixin.py:154} INFO - [2023-12-15T22:17:20.846+0500] {dag.py:2941} INFO - Sync 2 DAGs
[2023-12-15T22:17:20.859+0500] {logging_mixin.py:154} INFO - [2023-12-15T22:17:20.859+0500] {dag.py:3722} INFO - Setting next_dagrun for example_xcom_args to None, run_after=None
[2023-12-15T22:17:20.862+0500] {logging_mixin.py:154} INFO - [2023-12-15T22:17:20.862+0500] {dag.py:3722} INFO - Setting next_dagrun for example_xcom_args_with_operators to None, run_after=None
[2023-12-15T22:17:20.959+0500] {processor.py:179} INFO - Processing /home/amina/miniconda/lib/python3.11/site-packages/airflow/example_dags/example_xcomargs.py took 0.178 seconds
[2023-12-15T22:18:22.478+0500] {processor.py:157} INFO - Started process (PID=9827) to work on /home/amina/miniconda/lib/python3.11/site-packages/airflow/example_dags/example_xcomargs.py
[2023-12-15T22:18:22.524+0500] {processor.py:829} INFO - Processing file /home/amina/miniconda/lib/python3.11/site-packages/airflow/example_dags/example_xcomargs.py for tasks to queue
[2023-12-15T22:18:22.525+0500] {logging_mixin.py:154} INFO - [2023-12-15T22:18:22.525+0500] {dagbag.py:536} INFO - Filling up the DagBag from /home/amina/miniconda/lib/python3.11/site-packages/airflow/example_dags/example_xcomargs.py
[2023-12-15T22:18:22.535+0500] {processor.py:839} INFO - DAG(s) dict_keys(['example_xcom_args_with_operators', 'example_xcom_args']) retrieved from /home/amina/miniconda/lib/python3.11/site-packages/airflow/example_dags/example_xcomargs.py
[2023-12-15T22:18:22.556+0500] {logging_mixin.py:154} INFO - [2023-12-15T22:18:22.556+0500] {dag.py:2941} INFO - Sync 2 DAGs
[2023-12-15T22:18:22.570+0500] {logging_mixin.py:154} INFO - [2023-12-15T22:18:22.570+0500] {dag.py:3722} INFO - Setting next_dagrun for example_xcom_args to None, run_after=None
[2023-12-15T22:18:22.574+0500] {logging_mixin.py:154} INFO - [2023-12-15T22:18:22.573+0500] {dag.py:3722} INFO - Setting next_dagrun for example_xcom_args_with_operators to None, run_after=None
[2023-12-15T22:18:22.680+0500] {processor.py:179} INFO - Processing /home/amina/miniconda/lib/python3.11/site-packages/airflow/example_dags/example_xcomargs.py took 0.205 seconds
[2023-12-15T22:19:26.079+0500] {processor.py:157} INFO - Started process (PID=9938) to work on /home/amina/miniconda/lib/python3.11/site-packages/airflow/example_dags/example_xcomargs.py
[2023-12-15T22:19:26.120+0500] {processor.py:829} INFO - Processing file /home/amina/miniconda/lib/python3.11/site-packages/airflow/example_dags/example_xcomargs.py for tasks to queue
[2023-12-15T22:19:26.121+0500] {logging_mixin.py:154} INFO - [2023-12-15T22:19:26.120+0500] {dagbag.py:536} INFO - Filling up the DagBag from /home/amina/miniconda/lib/python3.11/site-packages/airflow/example_dags/example_xcomargs.py
[2023-12-15T22:19:26.130+0500] {processor.py:839} INFO - DAG(s) dict_keys(['example_xcom_args', 'example_xcom_args_with_operators']) retrieved from /home/amina/miniconda/lib/python3.11/site-packages/airflow/example_dags/example_xcomargs.py
[2023-12-15T22:19:26.149+0500] {logging_mixin.py:154} INFO - [2023-12-15T22:19:26.149+0500] {dag.py:2941} INFO - Sync 2 DAGs
[2023-12-15T22:19:26.161+0500] {logging_mixin.py:154} INFO - [2023-12-15T22:19:26.161+0500] {dag.py:3722} INFO - Setting next_dagrun for example_xcom_args to None, run_after=None
[2023-12-15T22:19:26.164+0500] {logging_mixin.py:154} INFO - [2023-12-15T22:19:26.164+0500] {dag.py:3722} INFO - Setting next_dagrun for example_xcom_args_with_operators to None, run_after=None
[2023-12-15T22:19:26.253+0500] {processor.py:179} INFO - Processing /home/amina/miniconda/lib/python3.11/site-packages/airflow/example_dags/example_xcomargs.py took 0.178 seconds
[2023-12-15T22:20:35.110+0500] {processor.py:157} INFO - Started process (PID=10106) to work on /home/amina/miniconda/lib/python3.11/site-packages/airflow/example_dags/example_xcomargs.py
[2023-12-15T22:20:35.147+0500] {processor.py:829} INFO - Processing file /home/amina/miniconda/lib/python3.11/site-packages/airflow/example_dags/example_xcomargs.py for tasks to queue
[2023-12-15T22:20:35.148+0500] {logging_mixin.py:154} INFO - [2023-12-15T22:20:35.148+0500] {dagbag.py:536} INFO - Filling up the DagBag from /home/amina/miniconda/lib/python3.11/site-packages/airflow/example_dags/example_xcomargs.py
[2023-12-15T22:20:35.160+0500] {processor.py:839} INFO - DAG(s) dict_keys(['example_xcom_args_with_operators', 'example_xcom_args']) retrieved from /home/amina/miniconda/lib/python3.11/site-packages/airflow/example_dags/example_xcomargs.py
[2023-12-15T22:20:35.186+0500] {logging_mixin.py:154} INFO - [2023-12-15T22:20:35.186+0500] {dag.py:2941} INFO - Sync 2 DAGs
[2023-12-15T22:20:35.204+0500] {logging_mixin.py:154} INFO - [2023-12-15T22:20:35.203+0500] {dag.py:3722} INFO - Setting next_dagrun for example_xcom_args to None, run_after=None
[2023-12-15T22:20:35.208+0500] {logging_mixin.py:154} INFO - [2023-12-15T22:20:35.207+0500] {dag.py:3722} INFO - Setting next_dagrun for example_xcom_args_with_operators to None, run_after=None
[2023-12-15T22:20:35.307+0500] {processor.py:179} INFO - Processing /home/amina/miniconda/lib/python3.11/site-packages/airflow/example_dags/example_xcomargs.py took 0.200 seconds
[2023-12-15T22:21:30.090+0500] {processor.py:157} INFO - Started process (PID=10166) to work on /home/amina/miniconda/lib/python3.11/site-packages/airflow/example_dags/example_xcomargs.py
[2023-12-15T22:21:30.139+0500] {processor.py:829} INFO - Processing file /home/amina/miniconda/lib/python3.11/site-packages/airflow/example_dags/example_xcomargs.py for tasks to queue
[2023-12-15T22:21:30.140+0500] {logging_mixin.py:154} INFO - [2023-12-15T22:21:30.139+0500] {dagbag.py:536} INFO - Filling up the DagBag from /home/amina/miniconda/lib/python3.11/site-packages/airflow/example_dags/example_xcomargs.py
[2023-12-15T22:21:30.151+0500] {processor.py:839} INFO - DAG(s) dict_keys(['example_xcom_args_with_operators', 'example_xcom_args']) retrieved from /home/amina/miniconda/lib/python3.11/site-packages/airflow/example_dags/example_xcomargs.py
[2023-12-15T22:21:30.173+0500] {logging_mixin.py:154} INFO - [2023-12-15T22:21:30.173+0500] {dag.py:2941} INFO - Sync 2 DAGs
[2023-12-15T22:21:30.188+0500] {logging_mixin.py:154} INFO - [2023-12-15T22:21:30.188+0500] {dag.py:3722} INFO - Setting next_dagrun for example_xcom_args to None, run_after=None
[2023-12-15T22:21:30.191+0500] {logging_mixin.py:154} INFO - [2023-12-15T22:21:30.191+0500] {dag.py:3722} INFO - Setting next_dagrun for example_xcom_args_with_operators to None, run_after=None
[2023-12-15T22:21:30.291+0500] {processor.py:179} INFO - Processing /home/amina/miniconda/lib/python3.11/site-packages/airflow/example_dags/example_xcomargs.py took 0.205 seconds
[2023-12-15T22:22:21.852+0500] {processor.py:157} INFO - Started process (PID=10232) to work on /home/amina/miniconda/lib/python3.11/site-packages/airflow/example_dags/example_xcomargs.py
[2023-12-15T22:22:21.891+0500] {processor.py:829} INFO - Processing file /home/amina/miniconda/lib/python3.11/site-packages/airflow/example_dags/example_xcomargs.py for tasks to queue
[2023-12-15T22:22:21.893+0500] {logging_mixin.py:154} INFO - [2023-12-15T22:22:21.892+0500] {dagbag.py:536} INFO - Filling up the DagBag from /home/amina/miniconda/lib/python3.11/site-packages/airflow/example_dags/example_xcomargs.py
[2023-12-15T22:22:21.907+0500] {processor.py:839} INFO - DAG(s) dict_keys(['example_xcom_args_with_operators', 'example_xcom_args']) retrieved from /home/amina/miniconda/lib/python3.11/site-packages/airflow/example_dags/example_xcomargs.py
[2023-12-15T22:22:21.932+0500] {logging_mixin.py:154} INFO - [2023-12-15T22:22:21.932+0500] {dag.py:2941} INFO - Sync 2 DAGs
[2023-12-15T22:22:21.948+0500] {logging_mixin.py:154} INFO - [2023-12-15T22:22:21.948+0500] {dag.py:3722} INFO - Setting next_dagrun for example_xcom_args to None, run_after=None
[2023-12-15T22:22:21.952+0500] {logging_mixin.py:154} INFO - [2023-12-15T22:22:21.951+0500] {dag.py:3722} INFO - Setting next_dagrun for example_xcom_args_with_operators to None, run_after=None
[2023-12-15T22:22:22.061+0500] {processor.py:179} INFO - Processing /home/amina/miniconda/lib/python3.11/site-packages/airflow/example_dags/example_xcomargs.py took 0.212 seconds
[2023-12-15T22:23:15.182+0500] {processor.py:157} INFO - Started process (PID=10283) to work on /home/amina/miniconda/lib/python3.11/site-packages/airflow/example_dags/example_xcomargs.py
[2023-12-15T22:23:15.222+0500] {processor.py:829} INFO - Processing file /home/amina/miniconda/lib/python3.11/site-packages/airflow/example_dags/example_xcomargs.py for tasks to queue
[2023-12-15T22:23:15.223+0500] {logging_mixin.py:154} INFO - [2023-12-15T22:23:15.223+0500] {dagbag.py:536} INFO - Filling up the DagBag from /home/amina/miniconda/lib/python3.11/site-packages/airflow/example_dags/example_xcomargs.py
[2023-12-15T22:23:15.232+0500] {processor.py:839} INFO - DAG(s) dict_keys(['example_xcom_args', 'example_xcom_args_with_operators']) retrieved from /home/amina/miniconda/lib/python3.11/site-packages/airflow/example_dags/example_xcomargs.py
[2023-12-15T22:23:15.251+0500] {logging_mixin.py:154} INFO - [2023-12-15T22:23:15.251+0500] {dag.py:2941} INFO - Sync 2 DAGs
[2023-12-15T22:23:15.266+0500] {logging_mixin.py:154} INFO - [2023-12-15T22:23:15.266+0500] {dag.py:3722} INFO - Setting next_dagrun for example_xcom_args to None, run_after=None
[2023-12-15T22:23:15.269+0500] {logging_mixin.py:154} INFO - [2023-12-15T22:23:15.269+0500] {dag.py:3722} INFO - Setting next_dagrun for example_xcom_args_with_operators to None, run_after=None
[2023-12-15T22:23:15.365+0500] {processor.py:179} INFO - Processing /home/amina/miniconda/lib/python3.11/site-packages/airflow/example_dags/example_xcomargs.py took 0.186 seconds
[2023-12-15T22:24:06.777+0500] {processor.py:157} INFO - Started process (PID=10345) to work on /home/amina/miniconda/lib/python3.11/site-packages/airflow/example_dags/example_xcomargs.py
[2023-12-15T22:24:06.803+0500] {processor.py:829} INFO - Processing file /home/amina/miniconda/lib/python3.11/site-packages/airflow/example_dags/example_xcomargs.py for tasks to queue
[2023-12-15T22:24:06.804+0500] {logging_mixin.py:154} INFO - [2023-12-15T22:24:06.804+0500] {dagbag.py:536} INFO - Filling up the DagBag from /home/amina/miniconda/lib/python3.11/site-packages/airflow/example_dags/example_xcomargs.py
[2023-12-15T22:24:06.813+0500] {processor.py:839} INFO - DAG(s) dict_keys(['example_xcom_args_with_operators', 'example_xcom_args']) retrieved from /home/amina/miniconda/lib/python3.11/site-packages/airflow/example_dags/example_xcomargs.py
[2023-12-15T22:24:06.832+0500] {logging_mixin.py:154} INFO - [2023-12-15T22:24:06.832+0500] {dag.py:2941} INFO - Sync 2 DAGs
[2023-12-15T22:24:06.844+0500] {logging_mixin.py:154} INFO - [2023-12-15T22:24:06.844+0500] {dag.py:3722} INFO - Setting next_dagrun for example_xcom_args to None, run_after=None
[2023-12-15T22:24:06.847+0500] {logging_mixin.py:154} INFO - [2023-12-15T22:24:06.847+0500] {dag.py:3722} INFO - Setting next_dagrun for example_xcom_args_with_operators to None, run_after=None
[2023-12-15T22:24:06.946+0500] {processor.py:179} INFO - Processing /home/amina/miniconda/lib/python3.11/site-packages/airflow/example_dags/example_xcomargs.py took 0.172 seconds
[2023-12-15T22:25:01.268+0500] {processor.py:157} INFO - Started process (PID=10407) to work on /home/amina/miniconda/lib/python3.11/site-packages/airflow/example_dags/example_xcomargs.py
[2023-12-15T22:25:01.332+0500] {processor.py:829} INFO - Processing file /home/amina/miniconda/lib/python3.11/site-packages/airflow/example_dags/example_xcomargs.py for tasks to queue
[2023-12-15T22:25:01.333+0500] {logging_mixin.py:154} INFO - [2023-12-15T22:25:01.333+0500] {dagbag.py:536} INFO - Filling up the DagBag from /home/amina/miniconda/lib/python3.11/site-packages/airflow/example_dags/example_xcomargs.py
[2023-12-15T22:25:01.344+0500] {processor.py:839} INFO - DAG(s) dict_keys(['example_xcom_args', 'example_xcom_args_with_operators']) retrieved from /home/amina/miniconda/lib/python3.11/site-packages/airflow/example_dags/example_xcomargs.py
[2023-12-15T22:25:01.365+0500] {logging_mixin.py:154} INFO - [2023-12-15T22:25:01.365+0500] {dag.py:2941} INFO - Sync 2 DAGs
[2023-12-15T22:25:01.377+0500] {logging_mixin.py:154} INFO - [2023-12-15T22:25:01.377+0500] {dag.py:3722} INFO - Setting next_dagrun for example_xcom_args to None, run_after=None
[2023-12-15T22:25:01.381+0500] {logging_mixin.py:154} INFO - [2023-12-15T22:25:01.381+0500] {dag.py:3722} INFO - Setting next_dagrun for example_xcom_args_with_operators to None, run_after=None
[2023-12-15T22:25:01.476+0500] {processor.py:179} INFO - Processing /home/amina/miniconda/lib/python3.11/site-packages/airflow/example_dags/example_xcomargs.py took 0.212 seconds
[2023-12-15T22:25:57.520+0500] {processor.py:157} INFO - Started process (PID=10457) to work on /home/amina/miniconda/lib/python3.11/site-packages/airflow/example_dags/example_xcomargs.py
[2023-12-15T22:25:57.549+0500] {processor.py:829} INFO - Processing file /home/amina/miniconda/lib/python3.11/site-packages/airflow/example_dags/example_xcomargs.py for tasks to queue
[2023-12-15T22:25:57.550+0500] {logging_mixin.py:154} INFO - [2023-12-15T22:25:57.549+0500] {dagbag.py:536} INFO - Filling up the DagBag from /home/amina/miniconda/lib/python3.11/site-packages/airflow/example_dags/example_xcomargs.py
[2023-12-15T22:25:57.561+0500] {processor.py:839} INFO - DAG(s) dict_keys(['example_xcom_args', 'example_xcom_args_with_operators']) retrieved from /home/amina/miniconda/lib/python3.11/site-packages/airflow/example_dags/example_xcomargs.py
[2023-12-15T22:25:57.581+0500] {logging_mixin.py:154} INFO - [2023-12-15T22:25:57.581+0500] {dag.py:2941} INFO - Sync 2 DAGs
[2023-12-15T22:25:57.595+0500] {logging_mixin.py:154} INFO - [2023-12-15T22:25:57.595+0500] {dag.py:3722} INFO - Setting next_dagrun for example_xcom_args to None, run_after=None
[2023-12-15T22:25:57.598+0500] {logging_mixin.py:154} INFO - [2023-12-15T22:25:57.598+0500] {dag.py:3722} INFO - Setting next_dagrun for example_xcom_args_with_operators to None, run_after=None
[2023-12-15T22:25:57.691+0500] {processor.py:179} INFO - Processing /home/amina/miniconda/lib/python3.11/site-packages/airflow/example_dags/example_xcomargs.py took 0.174 seconds
[2023-12-15T22:26:52.700+0500] {processor.py:157} INFO - Started process (PID=10513) to work on /home/amina/miniconda/lib/python3.11/site-packages/airflow/example_dags/example_xcomargs.py
[2023-12-15T22:26:52.745+0500] {processor.py:829} INFO - Processing file /home/amina/miniconda/lib/python3.11/site-packages/airflow/example_dags/example_xcomargs.py for tasks to queue
[2023-12-15T22:26:52.746+0500] {logging_mixin.py:154} INFO - [2023-12-15T22:26:52.746+0500] {dagbag.py:536} INFO - Filling up the DagBag from /home/amina/miniconda/lib/python3.11/site-packages/airflow/example_dags/example_xcomargs.py
[2023-12-15T22:26:52.756+0500] {processor.py:839} INFO - DAG(s) dict_keys(['example_xcom_args', 'example_xcom_args_with_operators']) retrieved from /home/amina/miniconda/lib/python3.11/site-packages/airflow/example_dags/example_xcomargs.py
[2023-12-15T22:26:52.779+0500] {logging_mixin.py:154} INFO - [2023-12-15T22:26:52.779+0500] {dag.py:2941} INFO - Sync 2 DAGs
[2023-12-15T22:26:52.793+0500] {logging_mixin.py:154} INFO - [2023-12-15T22:26:52.793+0500] {dag.py:3722} INFO - Setting next_dagrun for example_xcom_args to None, run_after=None
[2023-12-15T22:26:52.797+0500] {logging_mixin.py:154} INFO - [2023-12-15T22:26:52.797+0500] {dag.py:3722} INFO - Setting next_dagrun for example_xcom_args_with_operators to None, run_after=None
[2023-12-15T22:26:52.888+0500] {processor.py:179} INFO - Processing /home/amina/miniconda/lib/python3.11/site-packages/airflow/example_dags/example_xcomargs.py took 0.191 seconds
[2023-12-15T22:27:45.972+0500] {processor.py:157} INFO - Started process (PID=10571) to work on /home/amina/miniconda/lib/python3.11/site-packages/airflow/example_dags/example_xcomargs.py
[2023-12-15T22:27:46.015+0500] {processor.py:829} INFO - Processing file /home/amina/miniconda/lib/python3.11/site-packages/airflow/example_dags/example_xcomargs.py for tasks to queue
[2023-12-15T22:27:46.016+0500] {logging_mixin.py:154} INFO - [2023-12-15T22:27:46.015+0500] {dagbag.py:536} INFO - Filling up the DagBag from /home/amina/miniconda/lib/python3.11/site-packages/airflow/example_dags/example_xcomargs.py
[2023-12-15T22:27:46.025+0500] {processor.py:839} INFO - DAG(s) dict_keys(['example_xcom_args', 'example_xcom_args_with_operators']) retrieved from /home/amina/miniconda/lib/python3.11/site-packages/airflow/example_dags/example_xcomargs.py
[2023-12-15T22:27:46.043+0500] {logging_mixin.py:154} INFO - [2023-12-15T22:27:46.043+0500] {dag.py:2941} INFO - Sync 2 DAGs
[2023-12-15T22:27:46.055+0500] {logging_mixin.py:154} INFO - [2023-12-15T22:27:46.055+0500] {dag.py:3722} INFO - Setting next_dagrun for example_xcom_args to None, run_after=None
[2023-12-15T22:27:46.058+0500] {logging_mixin.py:154} INFO - [2023-12-15T22:27:46.058+0500] {dag.py:3722} INFO - Setting next_dagrun for example_xcom_args_with_operators to None, run_after=None
[2023-12-15T22:27:46.150+0500] {processor.py:179} INFO - Processing /home/amina/miniconda/lib/python3.11/site-packages/airflow/example_dags/example_xcomargs.py took 0.181 seconds
[2023-12-15T22:28:37.565+0500] {processor.py:157} INFO - Started process (PID=10635) to work on /home/amina/miniconda/lib/python3.11/site-packages/airflow/example_dags/example_xcomargs.py
[2023-12-15T22:28:37.635+0500] {processor.py:829} INFO - Processing file /home/amina/miniconda/lib/python3.11/site-packages/airflow/example_dags/example_xcomargs.py for tasks to queue
[2023-12-15T22:28:37.636+0500] {logging_mixin.py:154} INFO - [2023-12-15T22:28:37.635+0500] {dagbag.py:536} INFO - Filling up the DagBag from /home/amina/miniconda/lib/python3.11/site-packages/airflow/example_dags/example_xcomargs.py
[2023-12-15T22:28:37.646+0500] {processor.py:839} INFO - DAG(s) dict_keys(['example_xcom_args', 'example_xcom_args_with_operators']) retrieved from /home/amina/miniconda/lib/python3.11/site-packages/airflow/example_dags/example_xcomargs.py
[2023-12-15T22:28:37.666+0500] {logging_mixin.py:154} INFO - [2023-12-15T22:28:37.666+0500] {dag.py:2941} INFO - Sync 2 DAGs
[2023-12-15T22:28:37.678+0500] {logging_mixin.py:154} INFO - [2023-12-15T22:28:37.678+0500] {dag.py:3722} INFO - Setting next_dagrun for example_xcom_args to None, run_after=None
[2023-12-15T22:28:37.682+0500] {logging_mixin.py:154} INFO - [2023-12-15T22:28:37.682+0500] {dag.py:3722} INFO - Setting next_dagrun for example_xcom_args_with_operators to None, run_after=None
[2023-12-15T22:28:37.811+0500] {processor.py:179} INFO - Processing /home/amina/miniconda/lib/python3.11/site-packages/airflow/example_dags/example_xcomargs.py took 0.249 seconds
[2023-12-15T22:29:32.953+0500] {processor.py:157} INFO - Started process (PID=10702) to work on /home/amina/miniconda/lib/python3.11/site-packages/airflow/example_dags/example_xcomargs.py
[2023-12-15T22:29:33.022+0500] {processor.py:829} INFO - Processing file /home/amina/miniconda/lib/python3.11/site-packages/airflow/example_dags/example_xcomargs.py for tasks to queue
[2023-12-15T22:29:33.023+0500] {logging_mixin.py:154} INFO - [2023-12-15T22:29:33.023+0500] {dagbag.py:536} INFO - Filling up the DagBag from /home/amina/miniconda/lib/python3.11/site-packages/airflow/example_dags/example_xcomargs.py
[2023-12-15T22:29:33.036+0500] {processor.py:839} INFO - DAG(s) dict_keys(['example_xcom_args_with_operators', 'example_xcom_args']) retrieved from /home/amina/miniconda/lib/python3.11/site-packages/airflow/example_dags/example_xcomargs.py
[2023-12-15T22:29:33.063+0500] {logging_mixin.py:154} INFO - [2023-12-15T22:29:33.063+0500] {dag.py:2941} INFO - Sync 2 DAGs
[2023-12-15T22:29:33.082+0500] {logging_mixin.py:154} INFO - [2023-12-15T22:29:33.081+0500] {dag.py:3722} INFO - Setting next_dagrun for example_xcom_args to None, run_after=None
[2023-12-15T22:29:33.085+0500] {logging_mixin.py:154} INFO - [2023-12-15T22:29:33.085+0500] {dag.py:3722} INFO - Setting next_dagrun for example_xcom_args_with_operators to None, run_after=None
[2023-12-15T22:29:33.193+0500] {processor.py:179} INFO - Processing /home/amina/miniconda/lib/python3.11/site-packages/airflow/example_dags/example_xcomargs.py took 0.244 seconds
[2023-12-15T22:30:27.452+0500] {processor.py:157} INFO - Started process (PID=10775) to work on /home/amina/miniconda/lib/python3.11/site-packages/airflow/example_dags/example_xcomargs.py
[2023-12-15T22:30:27.483+0500] {processor.py:829} INFO - Processing file /home/amina/miniconda/lib/python3.11/site-packages/airflow/example_dags/example_xcomargs.py for tasks to queue
[2023-12-15T22:30:27.484+0500] {logging_mixin.py:154} INFO - [2023-12-15T22:30:27.483+0500] {dagbag.py:536} INFO - Filling up the DagBag from /home/amina/miniconda/lib/python3.11/site-packages/airflow/example_dags/example_xcomargs.py
[2023-12-15T22:30:27.495+0500] {processor.py:839} INFO - DAG(s) dict_keys(['example_xcom_args', 'example_xcom_args_with_operators']) retrieved from /home/amina/miniconda/lib/python3.11/site-packages/airflow/example_dags/example_xcomargs.py
[2023-12-15T22:30:27.519+0500] {logging_mixin.py:154} INFO - [2023-12-15T22:30:27.518+0500] {dag.py:2941} INFO - Sync 2 DAGs
[2023-12-15T22:30:27.538+0500] {logging_mixin.py:154} INFO - [2023-12-15T22:30:27.537+0500] {dag.py:3722} INFO - Setting next_dagrun for example_xcom_args to None, run_after=None
[2023-12-15T22:30:27.544+0500] {logging_mixin.py:154} INFO - [2023-12-15T22:30:27.544+0500] {dag.py:3722} INFO - Setting next_dagrun for example_xcom_args_with_operators to None, run_after=None
[2023-12-15T22:30:27.651+0500] {processor.py:179} INFO - Processing /home/amina/miniconda/lib/python3.11/site-packages/airflow/example_dags/example_xcomargs.py took 0.202 seconds
[2023-12-15T22:31:07.262+0500] {processor.py:157} INFO - Started process (PID=10814) to work on /home/amina/miniconda/lib/python3.11/site-packages/airflow/example_dags/example_xcomargs.py
[2023-12-15T22:31:07.269+0500] {processor.py:829} INFO - Processing file /home/amina/miniconda/lib/python3.11/site-packages/airflow/example_dags/example_xcomargs.py for tasks to queue
[2023-12-15T22:31:07.270+0500] {logging_mixin.py:154} INFO - [2023-12-15T22:31:07.269+0500] {dagbag.py:536} INFO - Filling up the DagBag from /home/amina/miniconda/lib/python3.11/site-packages/airflow/example_dags/example_xcomargs.py
[2023-12-15T22:31:07.279+0500] {processor.py:839} INFO - DAG(s) dict_keys(['example_xcom_args', 'example_xcom_args_with_operators']) retrieved from /home/amina/miniconda/lib/python3.11/site-packages/airflow/example_dags/example_xcomargs.py
[2023-12-15T22:31:07.304+0500] {logging_mixin.py:154} INFO - [2023-12-15T22:31:07.303+0500] {dag.py:2941} INFO - Sync 2 DAGs
[2023-12-15T22:31:07.316+0500] {logging_mixin.py:154} INFO - [2023-12-15T22:31:07.315+0500] {dag.py:3722} INFO - Setting next_dagrun for example_xcom_args to None, run_after=None
[2023-12-15T22:31:07.322+0500] {logging_mixin.py:154} INFO - [2023-12-15T22:31:07.321+0500] {dag.py:3722} INFO - Setting next_dagrun for example_xcom_args_with_operators to None, run_after=None
[2023-12-15T22:31:07.438+0500] {processor.py:179} INFO - Processing /home/amina/miniconda/lib/python3.11/site-packages/airflow/example_dags/example_xcomargs.py took 0.178 seconds
[2023-12-15T22:31:57.707+0500] {processor.py:157} INFO - Started process (PID=10874) to work on /home/amina/miniconda/lib/python3.11/site-packages/airflow/example_dags/example_xcomargs.py
[2023-12-15T22:31:57.760+0500] {processor.py:829} INFO - Processing file /home/amina/miniconda/lib/python3.11/site-packages/airflow/example_dags/example_xcomargs.py for tasks to queue
[2023-12-15T22:31:57.761+0500] {logging_mixin.py:154} INFO - [2023-12-15T22:31:57.760+0500] {dagbag.py:536} INFO - Filling up the DagBag from /home/amina/miniconda/lib/python3.11/site-packages/airflow/example_dags/example_xcomargs.py
[2023-12-15T22:31:57.771+0500] {processor.py:839} INFO - DAG(s) dict_keys(['example_xcom_args_with_operators', 'example_xcom_args']) retrieved from /home/amina/miniconda/lib/python3.11/site-packages/airflow/example_dags/example_xcomargs.py
[2023-12-15T22:31:57.792+0500] {logging_mixin.py:154} INFO - [2023-12-15T22:31:57.792+0500] {dag.py:2941} INFO - Sync 2 DAGs
[2023-12-15T22:31:57.805+0500] {logging_mixin.py:154} INFO - [2023-12-15T22:31:57.805+0500] {dag.py:3722} INFO - Setting next_dagrun for example_xcom_args to None, run_after=None
[2023-12-15T22:31:57.808+0500] {logging_mixin.py:154} INFO - [2023-12-15T22:31:57.808+0500] {dag.py:3722} INFO - Setting next_dagrun for example_xcom_args_with_operators to None, run_after=None
[2023-12-15T22:31:57.957+0500] {processor.py:179} INFO - Processing /home/amina/miniconda/lib/python3.11/site-packages/airflow/example_dags/example_xcomargs.py took 0.254 seconds
[2023-12-15T22:32:52.075+0500] {processor.py:157} INFO - Started process (PID=10927) to work on /home/amina/miniconda/lib/python3.11/site-packages/airflow/example_dags/example_xcomargs.py
[2023-12-15T22:32:52.113+0500] {processor.py:829} INFO - Processing file /home/amina/miniconda/lib/python3.11/site-packages/airflow/example_dags/example_xcomargs.py for tasks to queue
[2023-12-15T22:32:52.114+0500] {logging_mixin.py:154} INFO - [2023-12-15T22:32:52.114+0500] {dagbag.py:536} INFO - Filling up the DagBag from /home/amina/miniconda/lib/python3.11/site-packages/airflow/example_dags/example_xcomargs.py
[2023-12-15T22:32:52.123+0500] {processor.py:839} INFO - DAG(s) dict_keys(['example_xcom_args_with_operators', 'example_xcom_args']) retrieved from /home/amina/miniconda/lib/python3.11/site-packages/airflow/example_dags/example_xcomargs.py
[2023-12-15T22:32:52.144+0500] {logging_mixin.py:154} INFO - [2023-12-15T22:32:52.144+0500] {dag.py:2941} INFO - Sync 2 DAGs
[2023-12-15T22:32:52.158+0500] {logging_mixin.py:154} INFO - [2023-12-15T22:32:52.158+0500] {dag.py:3722} INFO - Setting next_dagrun for example_xcom_args to None, run_after=None
[2023-12-15T22:32:52.164+0500] {logging_mixin.py:154} INFO - [2023-12-15T22:32:52.164+0500] {dag.py:3722} INFO - Setting next_dagrun for example_xcom_args_with_operators to None, run_after=None
[2023-12-15T22:32:52.267+0500] {processor.py:179} INFO - Processing /home/amina/miniconda/lib/python3.11/site-packages/airflow/example_dags/example_xcomargs.py took 0.196 seconds
[2023-12-15T22:33:46.196+0500] {processor.py:157} INFO - Started process (PID=10979) to work on /home/amina/miniconda/lib/python3.11/site-packages/airflow/example_dags/example_xcomargs.py
[2023-12-15T22:33:46.224+0500] {processor.py:829} INFO - Processing file /home/amina/miniconda/lib/python3.11/site-packages/airflow/example_dags/example_xcomargs.py for tasks to queue
[2023-12-15T22:33:46.225+0500] {logging_mixin.py:154} INFO - [2023-12-15T22:33:46.225+0500] {dagbag.py:536} INFO - Filling up the DagBag from /home/amina/miniconda/lib/python3.11/site-packages/airflow/example_dags/example_xcomargs.py
[2023-12-15T22:33:46.234+0500] {processor.py:839} INFO - DAG(s) dict_keys(['example_xcom_args', 'example_xcom_args_with_operators']) retrieved from /home/amina/miniconda/lib/python3.11/site-packages/airflow/example_dags/example_xcomargs.py
[2023-12-15T22:33:46.256+0500] {logging_mixin.py:154} INFO - [2023-12-15T22:33:46.255+0500] {dag.py:2941} INFO - Sync 2 DAGs
[2023-12-15T22:33:46.269+0500] {logging_mixin.py:154} INFO - [2023-12-15T22:33:46.269+0500] {dag.py:3722} INFO - Setting next_dagrun for example_xcom_args to None, run_after=None
[2023-12-15T22:33:46.272+0500] {logging_mixin.py:154} INFO - [2023-12-15T22:33:46.272+0500] {dag.py:3722} INFO - Setting next_dagrun for example_xcom_args_with_operators to None, run_after=None
[2023-12-15T22:33:46.380+0500] {processor.py:179} INFO - Processing /home/amina/miniconda/lib/python3.11/site-packages/airflow/example_dags/example_xcomargs.py took 0.186 seconds
[2023-12-15T22:34:40.014+0500] {processor.py:157} INFO - Started process (PID=11048) to work on /home/amina/miniconda/lib/python3.11/site-packages/airflow/example_dags/example_xcomargs.py
[2023-12-15T22:34:40.035+0500] {processor.py:829} INFO - Processing file /home/amina/miniconda/lib/python3.11/site-packages/airflow/example_dags/example_xcomargs.py for tasks to queue
[2023-12-15T22:34:40.036+0500] {logging_mixin.py:154} INFO - [2023-12-15T22:34:40.036+0500] {dagbag.py:536} INFO - Filling up the DagBag from /home/amina/miniconda/lib/python3.11/site-packages/airflow/example_dags/example_xcomargs.py
[2023-12-15T22:34:40.048+0500] {processor.py:839} INFO - DAG(s) dict_keys(['example_xcom_args_with_operators', 'example_xcom_args']) retrieved from /home/amina/miniconda/lib/python3.11/site-packages/airflow/example_dags/example_xcomargs.py
[2023-12-15T22:34:40.078+0500] {logging_mixin.py:154} INFO - [2023-12-15T22:34:40.078+0500] {dag.py:2941} INFO - Sync 2 DAGs
[2023-12-15T22:34:40.093+0500] {logging_mixin.py:154} INFO - [2023-12-15T22:34:40.093+0500] {dag.py:3722} INFO - Setting next_dagrun for example_xcom_args to None, run_after=None
[2023-12-15T22:34:40.097+0500] {logging_mixin.py:154} INFO - [2023-12-15T22:34:40.097+0500] {dag.py:3722} INFO - Setting next_dagrun for example_xcom_args_with_operators to None, run_after=None
[2023-12-15T22:34:40.217+0500] {processor.py:179} INFO - Processing /home/amina/miniconda/lib/python3.11/site-packages/airflow/example_dags/example_xcomargs.py took 0.210 seconds
[2023-12-15T22:35:36.349+0500] {processor.py:157} INFO - Started process (PID=11113) to work on /home/amina/miniconda/lib/python3.11/site-packages/airflow/example_dags/example_xcomargs.py
[2023-12-15T22:35:36.367+0500] {processor.py:829} INFO - Processing file /home/amina/miniconda/lib/python3.11/site-packages/airflow/example_dags/example_xcomargs.py for tasks to queue
[2023-12-15T22:35:36.368+0500] {logging_mixin.py:154} INFO - [2023-12-15T22:35:36.368+0500] {dagbag.py:536} INFO - Filling up the DagBag from /home/amina/miniconda/lib/python3.11/site-packages/airflow/example_dags/example_xcomargs.py
[2023-12-15T22:35:36.378+0500] {processor.py:839} INFO - DAG(s) dict_keys(['example_xcom_args', 'example_xcom_args_with_operators']) retrieved from /home/amina/miniconda/lib/python3.11/site-packages/airflow/example_dags/example_xcomargs.py
[2023-12-15T22:35:36.398+0500] {logging_mixin.py:154} INFO - [2023-12-15T22:35:36.398+0500] {dag.py:2941} INFO - Sync 2 DAGs
[2023-12-15T22:35:36.412+0500] {logging_mixin.py:154} INFO - [2023-12-15T22:35:36.412+0500] {dag.py:3722} INFO - Setting next_dagrun for example_xcom_args to None, run_after=None
[2023-12-15T22:35:36.416+0500] {logging_mixin.py:154} INFO - [2023-12-15T22:35:36.416+0500] {dag.py:3722} INFO - Setting next_dagrun for example_xcom_args_with_operators to None, run_after=None
[2023-12-15T22:35:36.536+0500] {processor.py:179} INFO - Processing /home/amina/miniconda/lib/python3.11/site-packages/airflow/example_dags/example_xcomargs.py took 0.191 seconds
[2023-12-15T22:36:30.815+0500] {processor.py:157} INFO - Started process (PID=11170) to work on /home/amina/miniconda/lib/python3.11/site-packages/airflow/example_dags/example_xcomargs.py
[2023-12-15T22:36:30.838+0500] {processor.py:829} INFO - Processing file /home/amina/miniconda/lib/python3.11/site-packages/airflow/example_dags/example_xcomargs.py for tasks to queue
[2023-12-15T22:36:30.838+0500] {logging_mixin.py:154} INFO - [2023-12-15T22:36:30.838+0500] {dagbag.py:536} INFO - Filling up the DagBag from /home/amina/miniconda/lib/python3.11/site-packages/airflow/example_dags/example_xcomargs.py
[2023-12-15T22:36:30.847+0500] {processor.py:839} INFO - DAG(s) dict_keys(['example_xcom_args', 'example_xcom_args_with_operators']) retrieved from /home/amina/miniconda/lib/python3.11/site-packages/airflow/example_dags/example_xcomargs.py
[2023-12-15T22:36:30.864+0500] {logging_mixin.py:154} INFO - [2023-12-15T22:36:30.864+0500] {dag.py:2941} INFO - Sync 2 DAGs
[2023-12-15T22:36:30.874+0500] {logging_mixin.py:154} INFO - [2023-12-15T22:36:30.874+0500] {dag.py:3722} INFO - Setting next_dagrun for example_xcom_args to None, run_after=None
[2023-12-15T22:36:30.877+0500] {logging_mixin.py:154} INFO - [2023-12-15T22:36:30.877+0500] {dag.py:3722} INFO - Setting next_dagrun for example_xcom_args_with_operators to None, run_after=None
[2023-12-15T22:36:31.008+0500] {processor.py:179} INFO - Processing /home/amina/miniconda/lib/python3.11/site-packages/airflow/example_dags/example_xcomargs.py took 0.195 seconds
[2023-12-15T22:37:27.295+0500] {processor.py:157} INFO - Started process (PID=11227) to work on /home/amina/miniconda/lib/python3.11/site-packages/airflow/example_dags/example_xcomargs.py
[2023-12-15T22:37:27.334+0500] {processor.py:829} INFO - Processing file /home/amina/miniconda/lib/python3.11/site-packages/airflow/example_dags/example_xcomargs.py for tasks to queue
[2023-12-15T22:37:27.335+0500] {logging_mixin.py:154} INFO - [2023-12-15T22:37:27.335+0500] {dagbag.py:536} INFO - Filling up the DagBag from /home/amina/miniconda/lib/python3.11/site-packages/airflow/example_dags/example_xcomargs.py
[2023-12-15T22:37:27.343+0500] {processor.py:839} INFO - DAG(s) dict_keys(['example_xcom_args', 'example_xcom_args_with_operators']) retrieved from /home/amina/miniconda/lib/python3.11/site-packages/airflow/example_dags/example_xcomargs.py
[2023-12-15T22:37:27.361+0500] {logging_mixin.py:154} INFO - [2023-12-15T22:37:27.361+0500] {dag.py:2941} INFO - Sync 2 DAGs
[2023-12-15T22:37:27.372+0500] {logging_mixin.py:154} INFO - [2023-12-15T22:37:27.371+0500] {dag.py:3722} INFO - Setting next_dagrun for example_xcom_args to None, run_after=None
[2023-12-15T22:37:27.376+0500] {logging_mixin.py:154} INFO - [2023-12-15T22:37:27.375+0500] {dag.py:3722} INFO - Setting next_dagrun for example_xcom_args_with_operators to None, run_after=None
[2023-12-15T22:37:27.689+0500] {processor.py:179} INFO - Processing /home/amina/miniconda/lib/python3.11/site-packages/airflow/example_dags/example_xcomargs.py took 0.397 seconds
[2023-12-15T22:38:21.340+0500] {processor.py:157} INFO - Started process (PID=11284) to work on /home/amina/miniconda/lib/python3.11/site-packages/airflow/example_dags/example_xcomargs.py
[2023-12-15T22:38:21.366+0500] {processor.py:829} INFO - Processing file /home/amina/miniconda/lib/python3.11/site-packages/airflow/example_dags/example_xcomargs.py for tasks to queue
[2023-12-15T22:38:21.367+0500] {logging_mixin.py:154} INFO - [2023-12-15T22:38:21.367+0500] {dagbag.py:536} INFO - Filling up the DagBag from /home/amina/miniconda/lib/python3.11/site-packages/airflow/example_dags/example_xcomargs.py
[2023-12-15T22:38:21.375+0500] {processor.py:839} INFO - DAG(s) dict_keys(['example_xcom_args_with_operators', 'example_xcom_args']) retrieved from /home/amina/miniconda/lib/python3.11/site-packages/airflow/example_dags/example_xcomargs.py
[2023-12-15T22:38:21.393+0500] {logging_mixin.py:154} INFO - [2023-12-15T22:38:21.393+0500] {dag.py:2941} INFO - Sync 2 DAGs
[2023-12-15T22:38:21.407+0500] {logging_mixin.py:154} INFO - [2023-12-15T22:38:21.407+0500] {dag.py:3722} INFO - Setting next_dagrun for example_xcom_args to None, run_after=None
[2023-12-15T22:38:21.410+0500] {logging_mixin.py:154} INFO - [2023-12-15T22:38:21.410+0500] {dag.py:3722} INFO - Setting next_dagrun for example_xcom_args_with_operators to None, run_after=None
[2023-12-15T22:38:21.520+0500] {processor.py:179} INFO - Processing /home/amina/miniconda/lib/python3.11/site-packages/airflow/example_dags/example_xcomargs.py took 0.183 seconds
[2023-12-15T22:39:13.758+0500] {processor.py:157} INFO - Started process (PID=11343) to work on /home/amina/miniconda/lib/python3.11/site-packages/airflow/example_dags/example_xcomargs.py
[2023-12-15T22:39:13.791+0500] {processor.py:829} INFO - Processing file /home/amina/miniconda/lib/python3.11/site-packages/airflow/example_dags/example_xcomargs.py for tasks to queue
[2023-12-15T22:39:13.791+0500] {logging_mixin.py:154} INFO - [2023-12-15T22:39:13.791+0500] {dagbag.py:536} INFO - Filling up the DagBag from /home/amina/miniconda/lib/python3.11/site-packages/airflow/example_dags/example_xcomargs.py
[2023-12-15T22:39:13.799+0500] {processor.py:839} INFO - DAG(s) dict_keys(['example_xcom_args_with_operators', 'example_xcom_args']) retrieved from /home/amina/miniconda/lib/python3.11/site-packages/airflow/example_dags/example_xcomargs.py
[2023-12-15T22:39:13.816+0500] {logging_mixin.py:154} INFO - [2023-12-15T22:39:13.816+0500] {dag.py:2941} INFO - Sync 2 DAGs
[2023-12-15T22:39:13.827+0500] {logging_mixin.py:154} INFO - [2023-12-15T22:39:13.827+0500] {dag.py:3722} INFO - Setting next_dagrun for example_xcom_args to None, run_after=None
[2023-12-15T22:39:13.830+0500] {logging_mixin.py:154} INFO - [2023-12-15T22:39:13.830+0500] {dag.py:3722} INFO - Setting next_dagrun for example_xcom_args_with_operators to None, run_after=None
[2023-12-15T22:39:13.927+0500] {processor.py:179} INFO - Processing /home/amina/miniconda/lib/python3.11/site-packages/airflow/example_dags/example_xcomargs.py took 0.172 seconds
[2023-12-15T22:40:07.572+0500] {processor.py:157} INFO - Started process (PID=11397) to work on /home/amina/miniconda/lib/python3.11/site-packages/airflow/example_dags/example_xcomargs.py
[2023-12-15T22:40:07.601+0500] {processor.py:829} INFO - Processing file /home/amina/miniconda/lib/python3.11/site-packages/airflow/example_dags/example_xcomargs.py for tasks to queue
[2023-12-15T22:40:07.602+0500] {logging_mixin.py:154} INFO - [2023-12-15T22:40:07.601+0500] {dagbag.py:536} INFO - Filling up the DagBag from /home/amina/miniconda/lib/python3.11/site-packages/airflow/example_dags/example_xcomargs.py
[2023-12-15T22:40:07.613+0500] {processor.py:839} INFO - DAG(s) dict_keys(['example_xcom_args', 'example_xcom_args_with_operators']) retrieved from /home/amina/miniconda/lib/python3.11/site-packages/airflow/example_dags/example_xcomargs.py
[2023-12-15T22:40:07.631+0500] {logging_mixin.py:154} INFO - [2023-12-15T22:40:07.631+0500] {dag.py:2941} INFO - Sync 2 DAGs
[2023-12-15T22:40:07.643+0500] {logging_mixin.py:154} INFO - [2023-12-15T22:40:07.643+0500] {dag.py:3722} INFO - Setting next_dagrun for example_xcom_args to None, run_after=None
[2023-12-15T22:40:07.646+0500] {logging_mixin.py:154} INFO - [2023-12-15T22:40:07.646+0500] {dag.py:3722} INFO - Setting next_dagrun for example_xcom_args_with_operators to None, run_after=None
[2023-12-15T22:40:07.773+0500] {processor.py:179} INFO - Processing /home/amina/miniconda/lib/python3.11/site-packages/airflow/example_dags/example_xcomargs.py took 0.205 seconds
[2023-12-15T22:41:05.499+0500] {processor.py:157} INFO - Started process (PID=11535) to work on /home/amina/miniconda/lib/python3.11/site-packages/airflow/example_dags/example_xcomargs.py
[2023-12-15T22:41:05.506+0500] {processor.py:829} INFO - Processing file /home/amina/miniconda/lib/python3.11/site-packages/airflow/example_dags/example_xcomargs.py for tasks to queue
[2023-12-15T22:41:05.506+0500] {logging_mixin.py:154} INFO - [2023-12-15T22:41:05.506+0500] {dagbag.py:536} INFO - Filling up the DagBag from /home/amina/miniconda/lib/python3.11/site-packages/airflow/example_dags/example_xcomargs.py
[2023-12-15T22:41:05.514+0500] {processor.py:839} INFO - DAG(s) dict_keys(['example_xcom_args', 'example_xcom_args_with_operators']) retrieved from /home/amina/miniconda/lib/python3.11/site-packages/airflow/example_dags/example_xcomargs.py
[2023-12-15T22:41:05.532+0500] {logging_mixin.py:154} INFO - [2023-12-15T22:41:05.531+0500] {dag.py:2941} INFO - Sync 2 DAGs
[2023-12-15T22:41:05.543+0500] {logging_mixin.py:154} INFO - [2023-12-15T22:41:05.542+0500] {dag.py:3722} INFO - Setting next_dagrun for example_xcom_args to None, run_after=None
[2023-12-15T22:41:05.546+0500] {logging_mixin.py:154} INFO - [2023-12-15T22:41:05.546+0500] {dag.py:3722} INFO - Setting next_dagrun for example_xcom_args_with_operators to None, run_after=None
[2023-12-15T22:41:05.659+0500] {processor.py:179} INFO - Processing /home/amina/miniconda/lib/python3.11/site-packages/airflow/example_dags/example_xcomargs.py took 0.163 seconds
[2023-12-15T22:41:58.425+0500] {processor.py:157} INFO - Started process (PID=11608) to work on /home/amina/miniconda/lib/python3.11/site-packages/airflow/example_dags/example_xcomargs.py
[2023-12-15T22:41:58.465+0500] {processor.py:829} INFO - Processing file /home/amina/miniconda/lib/python3.11/site-packages/airflow/example_dags/example_xcomargs.py for tasks to queue
[2023-12-15T22:41:58.466+0500] {logging_mixin.py:154} INFO - [2023-12-15T22:41:58.466+0500] {dagbag.py:536} INFO - Filling up the DagBag from /home/amina/miniconda/lib/python3.11/site-packages/airflow/example_dags/example_xcomargs.py
[2023-12-15T22:41:58.476+0500] {processor.py:839} INFO - DAG(s) dict_keys(['example_xcom_args', 'example_xcom_args_with_operators']) retrieved from /home/amina/miniconda/lib/python3.11/site-packages/airflow/example_dags/example_xcomargs.py
[2023-12-15T22:41:58.498+0500] {logging_mixin.py:154} INFO - [2023-12-15T22:41:58.497+0500] {dag.py:2941} INFO - Sync 2 DAGs
[2023-12-15T22:41:58.511+0500] {logging_mixin.py:154} INFO - [2023-12-15T22:41:58.511+0500] {dag.py:3722} INFO - Setting next_dagrun for example_xcom_args to None, run_after=None
[2023-12-15T22:41:58.514+0500] {logging_mixin.py:154} INFO - [2023-12-15T22:41:58.514+0500] {dag.py:3722} INFO - Setting next_dagrun for example_xcom_args_with_operators to None, run_after=None
[2023-12-15T22:41:58.630+0500] {processor.py:179} INFO - Processing /home/amina/miniconda/lib/python3.11/site-packages/airflow/example_dags/example_xcomargs.py took 0.208 seconds
[2023-12-15T22:42:50.755+0500] {processor.py:157} INFO - Started process (PID=11664) to work on /home/amina/miniconda/lib/python3.11/site-packages/airflow/example_dags/example_xcomargs.py
[2023-12-15T22:42:50.769+0500] {processor.py:829} INFO - Processing file /home/amina/miniconda/lib/python3.11/site-packages/airflow/example_dags/example_xcomargs.py for tasks to queue
[2023-12-15T22:42:50.770+0500] {logging_mixin.py:154} INFO - [2023-12-15T22:42:50.770+0500] {dagbag.py:536} INFO - Filling up the DagBag from /home/amina/miniconda/lib/python3.11/site-packages/airflow/example_dags/example_xcomargs.py
[2023-12-15T22:42:50.778+0500] {processor.py:839} INFO - DAG(s) dict_keys(['example_xcom_args_with_operators', 'example_xcom_args']) retrieved from /home/amina/miniconda/lib/python3.11/site-packages/airflow/example_dags/example_xcomargs.py
[2023-12-15T22:42:50.797+0500] {logging_mixin.py:154} INFO - [2023-12-15T22:42:50.797+0500] {dag.py:2941} INFO - Sync 2 DAGs
[2023-12-15T22:42:50.808+0500] {logging_mixin.py:154} INFO - [2023-12-15T22:42:50.808+0500] {dag.py:3722} INFO - Setting next_dagrun for example_xcom_args to None, run_after=None
[2023-12-15T22:42:50.811+0500] {logging_mixin.py:154} INFO - [2023-12-15T22:42:50.811+0500] {dag.py:3722} INFO - Setting next_dagrun for example_xcom_args_with_operators to None, run_after=None
[2023-12-15T22:42:51.087+0500] {processor.py:179} INFO - Processing /home/amina/miniconda/lib/python3.11/site-packages/airflow/example_dags/example_xcomargs.py took 0.335 seconds
