[2023-12-15T21:43:43.476+0500] {processor.py:157} INFO - Started process (PID=7518) to work on /home/amina/miniconda/lib/python3.11/site-packages/airflow/example_dags/example_external_task_marker_dag.py
[2023-12-15T21:43:43.477+0500] {processor.py:829} INFO - Processing file /home/amina/miniconda/lib/python3.11/site-packages/airflow/example_dags/example_external_task_marker_dag.py for tasks to queue
[2023-12-15T21:43:43.478+0500] {logging_mixin.py:154} INFO - [2023-12-15T21:43:43.478+0500] {dagbag.py:536} INFO - Filling up the DagBag from /home/amina/miniconda/lib/python3.11/site-packages/airflow/example_dags/example_external_task_marker_dag.py
[2023-12-15T21:43:43.491+0500] {processor.py:839} INFO - DAG(s) dict_keys(['example_external_task_marker_parent', 'example_external_task_marker_child']) retrieved from /home/amina/miniconda/lib/python3.11/site-packages/airflow/example_dags/example_external_task_marker_dag.py
[2023-12-15T21:43:43.519+0500] {logging_mixin.py:154} INFO - [2023-12-15T21:43:43.519+0500] {dag.py:2941} INFO - Sync 2 DAGs
[2023-12-15T21:43:43.535+0500] {logging_mixin.py:154} INFO - [2023-12-15T21:43:43.534+0500] {dag.py:3722} INFO - Setting next_dagrun for example_external_task_marker_child to None, run_after=None
[2023-12-15T21:43:43.540+0500] {logging_mixin.py:154} INFO - [2023-12-15T21:43:43.540+0500] {dag.py:3722} INFO - Setting next_dagrun for example_external_task_marker_parent to None, run_after=None
[2023-12-15T21:43:43.698+0500] {processor.py:179} INFO - Processing /home/amina/miniconda/lib/python3.11/site-packages/airflow/example_dags/example_external_task_marker_dag.py took 0.224 seconds
[2023-12-15T21:44:41.664+0500] {processor.py:157} INFO - Started process (PID=7578) to work on /home/amina/miniconda/lib/python3.11/site-packages/airflow/example_dags/example_external_task_marker_dag.py
[2023-12-15T21:44:41.681+0500] {processor.py:829} INFO - Processing file /home/amina/miniconda/lib/python3.11/site-packages/airflow/example_dags/example_external_task_marker_dag.py for tasks to queue
[2023-12-15T21:44:41.682+0500] {logging_mixin.py:154} INFO - [2023-12-15T21:44:41.681+0500] {dagbag.py:536} INFO - Filling up the DagBag from /home/amina/miniconda/lib/python3.11/site-packages/airflow/example_dags/example_external_task_marker_dag.py
[2023-12-15T21:44:41.688+0500] {processor.py:839} INFO - DAG(s) dict_keys(['example_external_task_marker_parent', 'example_external_task_marker_child']) retrieved from /home/amina/miniconda/lib/python3.11/site-packages/airflow/example_dags/example_external_task_marker_dag.py
[2023-12-15T21:44:41.709+0500] {logging_mixin.py:154} INFO - [2023-12-15T21:44:41.709+0500] {dag.py:2941} INFO - Sync 2 DAGs
[2023-12-15T21:44:41.852+0500] {logging_mixin.py:154} INFO - [2023-12-15T21:44:41.852+0500] {dag.py:3722} INFO - Setting next_dagrun for example_external_task_marker_child to None, run_after=None
[2023-12-15T21:44:41.856+0500] {logging_mixin.py:154} INFO - [2023-12-15T21:44:41.856+0500] {dag.py:3722} INFO - Setting next_dagrun for example_external_task_marker_parent to None, run_after=None
[2023-12-15T21:44:42.000+0500] {processor.py:179} INFO - Processing /home/amina/miniconda/lib/python3.11/site-packages/airflow/example_dags/example_external_task_marker_dag.py took 0.340 seconds
[2023-12-15T21:48:23.713+0500] {processor.py:157} INFO - Started process (PID=7788) to work on /home/amina/miniconda/lib/python3.11/site-packages/airflow/example_dags/example_external_task_marker_dag.py
[2023-12-15T21:48:23.752+0500] {processor.py:829} INFO - Processing file /home/amina/miniconda/lib/python3.11/site-packages/airflow/example_dags/example_external_task_marker_dag.py for tasks to queue
[2023-12-15T21:48:23.753+0500] {logging_mixin.py:154} INFO - [2023-12-15T21:48:23.752+0500] {dagbag.py:536} INFO - Filling up the DagBag from /home/amina/miniconda/lib/python3.11/site-packages/airflow/example_dags/example_external_task_marker_dag.py
[2023-12-15T21:48:23.761+0500] {processor.py:839} INFO - DAG(s) dict_keys(['example_external_task_marker_parent', 'example_external_task_marker_child']) retrieved from /home/amina/miniconda/lib/python3.11/site-packages/airflow/example_dags/example_external_task_marker_dag.py
[2023-12-15T21:48:23.783+0500] {logging_mixin.py:154} INFO - [2023-12-15T21:48:23.783+0500] {dag.py:2941} INFO - Sync 2 DAGs
[2023-12-15T21:48:23.797+0500] {logging_mixin.py:154} INFO - [2023-12-15T21:48:23.797+0500] {dag.py:3722} INFO - Setting next_dagrun for example_external_task_marker_child to None, run_after=None
[2023-12-15T21:48:23.800+0500] {logging_mixin.py:154} INFO - [2023-12-15T21:48:23.800+0500] {dag.py:3722} INFO - Setting next_dagrun for example_external_task_marker_parent to None, run_after=None
[2023-12-15T21:48:24.095+0500] {processor.py:179} INFO - Processing /home/amina/miniconda/lib/python3.11/site-packages/airflow/example_dags/example_external_task_marker_dag.py took 0.385 seconds
[2023-12-15T21:49:33.977+0500] {processor.py:157} INFO - Started process (PID=7870) to work on /home/amina/miniconda/lib/python3.11/site-packages/airflow/example_dags/example_external_task_marker_dag.py
[2023-12-15T21:49:33.978+0500] {processor.py:829} INFO - Processing file /home/amina/miniconda/lib/python3.11/site-packages/airflow/example_dags/example_external_task_marker_dag.py for tasks to queue
[2023-12-15T21:49:33.979+0500] {logging_mixin.py:154} INFO - [2023-12-15T21:49:33.978+0500] {dagbag.py:536} INFO - Filling up the DagBag from /home/amina/miniconda/lib/python3.11/site-packages/airflow/example_dags/example_external_task_marker_dag.py
[2023-12-15T21:49:33.985+0500] {processor.py:839} INFO - DAG(s) dict_keys(['example_external_task_marker_parent', 'example_external_task_marker_child']) retrieved from /home/amina/miniconda/lib/python3.11/site-packages/airflow/example_dags/example_external_task_marker_dag.py
[2023-12-15T21:49:34.006+0500] {logging_mixin.py:154} INFO - [2023-12-15T21:49:34.006+0500] {dag.py:2941} INFO - Sync 2 DAGs
[2023-12-15T21:49:34.024+0500] {logging_mixin.py:154} INFO - [2023-12-15T21:49:34.023+0500] {dag.py:3722} INFO - Setting next_dagrun for example_external_task_marker_child to None, run_after=None
[2023-12-15T21:49:34.028+0500] {logging_mixin.py:154} INFO - [2023-12-15T21:49:34.028+0500] {dag.py:3722} INFO - Setting next_dagrun for example_external_task_marker_parent to None, run_after=None
[2023-12-15T21:49:34.138+0500] {processor.py:179} INFO - Processing /home/amina/miniconda/lib/python3.11/site-packages/airflow/example_dags/example_external_task_marker_dag.py took 0.164 seconds
[2023-12-15T21:50:45.542+0500] {processor.py:157} INFO - Started process (PID=7936) to work on /home/amina/miniconda/lib/python3.11/site-packages/airflow/example_dags/example_external_task_marker_dag.py
[2023-12-15T21:50:45.543+0500] {processor.py:829} INFO - Processing file /home/amina/miniconda/lib/python3.11/site-packages/airflow/example_dags/example_external_task_marker_dag.py for tasks to queue
[2023-12-15T21:50:45.544+0500] {logging_mixin.py:154} INFO - [2023-12-15T21:50:45.544+0500] {dagbag.py:536} INFO - Filling up the DagBag from /home/amina/miniconda/lib/python3.11/site-packages/airflow/example_dags/example_external_task_marker_dag.py
[2023-12-15T21:50:45.550+0500] {processor.py:839} INFO - DAG(s) dict_keys(['example_external_task_marker_parent', 'example_external_task_marker_child']) retrieved from /home/amina/miniconda/lib/python3.11/site-packages/airflow/example_dags/example_external_task_marker_dag.py
[2023-12-15T21:50:45.575+0500] {logging_mixin.py:154} INFO - [2023-12-15T21:50:45.575+0500] {dag.py:2941} INFO - Sync 2 DAGs
[2023-12-15T21:50:45.594+0500] {logging_mixin.py:154} INFO - [2023-12-15T21:50:45.594+0500] {dag.py:3722} INFO - Setting next_dagrun for example_external_task_marker_child to None, run_after=None
[2023-12-15T21:50:45.600+0500] {logging_mixin.py:154} INFO - [2023-12-15T21:50:45.600+0500] {dag.py:3722} INFO - Setting next_dagrun for example_external_task_marker_parent to None, run_after=None
[2023-12-15T21:50:45.728+0500] {processor.py:179} INFO - Processing /home/amina/miniconda/lib/python3.11/site-packages/airflow/example_dags/example_external_task_marker_dag.py took 0.189 seconds
[2023-12-15T21:52:38.414+0500] {processor.py:157} INFO - Started process (PID=8107) to work on /home/amina/miniconda/lib/python3.11/site-packages/airflow/example_dags/example_external_task_marker_dag.py
[2023-12-15T21:52:38.433+0500] {processor.py:829} INFO - Processing file /home/amina/miniconda/lib/python3.11/site-packages/airflow/example_dags/example_external_task_marker_dag.py for tasks to queue
[2023-12-15T21:52:38.434+0500] {logging_mixin.py:154} INFO - [2023-12-15T21:52:38.433+0500] {dagbag.py:536} INFO - Filling up the DagBag from /home/amina/miniconda/lib/python3.11/site-packages/airflow/example_dags/example_external_task_marker_dag.py
[2023-12-15T21:52:38.439+0500] {processor.py:839} INFO - DAG(s) dict_keys(['example_external_task_marker_child', 'example_external_task_marker_parent']) retrieved from /home/amina/miniconda/lib/python3.11/site-packages/airflow/example_dags/example_external_task_marker_dag.py
[2023-12-15T21:52:38.457+0500] {logging_mixin.py:154} INFO - [2023-12-15T21:52:38.457+0500] {dag.py:2941} INFO - Sync 2 DAGs
[2023-12-15T21:52:38.468+0500] {logging_mixin.py:154} INFO - [2023-12-15T21:52:38.468+0500] {dag.py:3722} INFO - Setting next_dagrun for example_external_task_marker_child to None, run_after=None
[2023-12-15T21:52:38.471+0500] {logging_mixin.py:154} INFO - [2023-12-15T21:52:38.471+0500] {dag.py:3722} INFO - Setting next_dagrun for example_external_task_marker_parent to None, run_after=None
[2023-12-15T21:52:38.576+0500] {processor.py:179} INFO - Processing /home/amina/miniconda/lib/python3.11/site-packages/airflow/example_dags/example_external_task_marker_dag.py took 0.166 seconds
[2023-12-15T21:53:45.273+0500] {processor.py:157} INFO - Started process (PID=8181) to work on /home/amina/miniconda/lib/python3.11/site-packages/airflow/example_dags/example_external_task_marker_dag.py
[2023-12-15T21:53:45.333+0500] {processor.py:829} INFO - Processing file /home/amina/miniconda/lib/python3.11/site-packages/airflow/example_dags/example_external_task_marker_dag.py for tasks to queue
[2023-12-15T21:53:45.334+0500] {logging_mixin.py:154} INFO - [2023-12-15T21:53:45.333+0500] {dagbag.py:536} INFO - Filling up the DagBag from /home/amina/miniconda/lib/python3.11/site-packages/airflow/example_dags/example_external_task_marker_dag.py
[2023-12-15T21:53:45.339+0500] {processor.py:839} INFO - DAG(s) dict_keys(['example_external_task_marker_parent', 'example_external_task_marker_child']) retrieved from /home/amina/miniconda/lib/python3.11/site-packages/airflow/example_dags/example_external_task_marker_dag.py
[2023-12-15T21:53:45.358+0500] {logging_mixin.py:154} INFO - [2023-12-15T21:53:45.358+0500] {dag.py:2941} INFO - Sync 2 DAGs
[2023-12-15T21:53:45.369+0500] {logging_mixin.py:154} INFO - [2023-12-15T21:53:45.369+0500] {dag.py:3722} INFO - Setting next_dagrun for example_external_task_marker_child to None, run_after=None
[2023-12-15T21:53:45.372+0500] {logging_mixin.py:154} INFO - [2023-12-15T21:53:45.372+0500] {dag.py:3722} INFO - Setting next_dagrun for example_external_task_marker_parent to None, run_after=None
[2023-12-15T21:53:45.480+0500] {processor.py:179} INFO - Processing /home/amina/miniconda/lib/python3.11/site-packages/airflow/example_dags/example_external_task_marker_dag.py took 0.210 seconds
[2023-12-15T21:54:53.490+0500] {processor.py:157} INFO - Started process (PID=8268) to work on /home/amina/miniconda/lib/python3.11/site-packages/airflow/example_dags/example_external_task_marker_dag.py
[2023-12-15T21:54:53.507+0500] {processor.py:829} INFO - Processing file /home/amina/miniconda/lib/python3.11/site-packages/airflow/example_dags/example_external_task_marker_dag.py for tasks to queue
[2023-12-15T21:54:53.508+0500] {logging_mixin.py:154} INFO - [2023-12-15T21:54:53.508+0500] {dagbag.py:536} INFO - Filling up the DagBag from /home/amina/miniconda/lib/python3.11/site-packages/airflow/example_dags/example_external_task_marker_dag.py
[2023-12-15T21:54:53.515+0500] {processor.py:839} INFO - DAG(s) dict_keys(['example_external_task_marker_child', 'example_external_task_marker_parent']) retrieved from /home/amina/miniconda/lib/python3.11/site-packages/airflow/example_dags/example_external_task_marker_dag.py
[2023-12-15T21:54:53.541+0500] {logging_mixin.py:154} INFO - [2023-12-15T21:54:53.541+0500] {dag.py:2941} INFO - Sync 2 DAGs
[2023-12-15T21:54:53.556+0500] {logging_mixin.py:154} INFO - [2023-12-15T21:54:53.555+0500] {dag.py:3722} INFO - Setting next_dagrun for example_external_task_marker_child to None, run_after=None
[2023-12-15T21:54:53.560+0500] {logging_mixin.py:154} INFO - [2023-12-15T21:54:53.559+0500] {dag.py:3722} INFO - Setting next_dagrun for example_external_task_marker_parent to None, run_after=None
[2023-12-15T21:54:53.677+0500] {processor.py:179} INFO - Processing /home/amina/miniconda/lib/python3.11/site-packages/airflow/example_dags/example_external_task_marker_dag.py took 0.192 seconds
[2023-12-15T21:56:01.722+0500] {processor.py:157} INFO - Started process (PID=8338) to work on /home/amina/miniconda/lib/python3.11/site-packages/airflow/example_dags/example_external_task_marker_dag.py
[2023-12-15T21:56:01.753+0500] {processor.py:829} INFO - Processing file /home/amina/miniconda/lib/python3.11/site-packages/airflow/example_dags/example_external_task_marker_dag.py for tasks to queue
[2023-12-15T21:56:01.754+0500] {logging_mixin.py:154} INFO - [2023-12-15T21:56:01.754+0500] {dagbag.py:536} INFO - Filling up the DagBag from /home/amina/miniconda/lib/python3.11/site-packages/airflow/example_dags/example_external_task_marker_dag.py
[2023-12-15T21:56:01.760+0500] {processor.py:839} INFO - DAG(s) dict_keys(['example_external_task_marker_child', 'example_external_task_marker_parent']) retrieved from /home/amina/miniconda/lib/python3.11/site-packages/airflow/example_dags/example_external_task_marker_dag.py
[2023-12-15T21:56:01.783+0500] {logging_mixin.py:154} INFO - [2023-12-15T21:56:01.783+0500] {dag.py:2941} INFO - Sync 2 DAGs
[2023-12-15T21:56:01.802+0500] {logging_mixin.py:154} INFO - [2023-12-15T21:56:01.802+0500] {dag.py:3722} INFO - Setting next_dagrun for example_external_task_marker_child to None, run_after=None
[2023-12-15T21:56:01.805+0500] {logging_mixin.py:154} INFO - [2023-12-15T21:56:01.805+0500] {dag.py:3722} INFO - Setting next_dagrun for example_external_task_marker_parent to None, run_after=None
[2023-12-15T21:56:01.920+0500] {processor.py:179} INFO - Processing /home/amina/miniconda/lib/python3.11/site-packages/airflow/example_dags/example_external_task_marker_dag.py took 0.202 seconds
[2023-12-15T21:57:19.362+0500] {processor.py:157} INFO - Started process (PID=8428) to work on /home/amina/miniconda/lib/python3.11/site-packages/airflow/example_dags/example_external_task_marker_dag.py
[2023-12-15T21:57:19.386+0500] {processor.py:829} INFO - Processing file /home/amina/miniconda/lib/python3.11/site-packages/airflow/example_dags/example_external_task_marker_dag.py for tasks to queue
[2023-12-15T21:57:19.388+0500] {logging_mixin.py:154} INFO - [2023-12-15T21:57:19.387+0500] {dagbag.py:536} INFO - Filling up the DagBag from /home/amina/miniconda/lib/python3.11/site-packages/airflow/example_dags/example_external_task_marker_dag.py
[2023-12-15T21:57:19.394+0500] {processor.py:839} INFO - DAG(s) dict_keys(['example_external_task_marker_parent', 'example_external_task_marker_child']) retrieved from /home/amina/miniconda/lib/python3.11/site-packages/airflow/example_dags/example_external_task_marker_dag.py
[2023-12-15T21:57:19.416+0500] {logging_mixin.py:154} INFO - [2023-12-15T21:57:19.416+0500] {dag.py:2941} INFO - Sync 2 DAGs
[2023-12-15T21:57:19.429+0500] {logging_mixin.py:154} INFO - [2023-12-15T21:57:19.428+0500] {dag.py:3722} INFO - Setting next_dagrun for example_external_task_marker_child to None, run_after=None
[2023-12-15T21:57:19.432+0500] {logging_mixin.py:154} INFO - [2023-12-15T21:57:19.432+0500] {dag.py:3722} INFO - Setting next_dagrun for example_external_task_marker_parent to None, run_after=None
[2023-12-15T21:57:19.540+0500] {processor.py:179} INFO - Processing /home/amina/miniconda/lib/python3.11/site-packages/airflow/example_dags/example_external_task_marker_dag.py took 0.181 seconds
[2023-12-15T21:58:40.111+0500] {processor.py:157} INFO - Started process (PID=8510) to work on /home/amina/miniconda/lib/python3.11/site-packages/airflow/example_dags/example_external_task_marker_dag.py
[2023-12-15T21:58:40.124+0500] {processor.py:829} INFO - Processing file /home/amina/miniconda/lib/python3.11/site-packages/airflow/example_dags/example_external_task_marker_dag.py for tasks to queue
[2023-12-15T21:58:40.125+0500] {logging_mixin.py:154} INFO - [2023-12-15T21:58:40.125+0500] {dagbag.py:536} INFO - Filling up the DagBag from /home/amina/miniconda/lib/python3.11/site-packages/airflow/example_dags/example_external_task_marker_dag.py
[2023-12-15T21:58:40.131+0500] {processor.py:839} INFO - DAG(s) dict_keys(['example_external_task_marker_child', 'example_external_task_marker_parent']) retrieved from /home/amina/miniconda/lib/python3.11/site-packages/airflow/example_dags/example_external_task_marker_dag.py
[2023-12-15T21:58:40.150+0500] {logging_mixin.py:154} INFO - [2023-12-15T21:58:40.150+0500] {dag.py:2941} INFO - Sync 2 DAGs
[2023-12-15T21:58:40.161+0500] {logging_mixin.py:154} INFO - [2023-12-15T21:58:40.161+0500] {dag.py:3722} INFO - Setting next_dagrun for example_external_task_marker_child to None, run_after=None
[2023-12-15T21:58:40.164+0500] {logging_mixin.py:154} INFO - [2023-12-15T21:58:40.164+0500] {dag.py:3722} INFO - Setting next_dagrun for example_external_task_marker_parent to None, run_after=None
[2023-12-15T21:58:40.286+0500] {processor.py:179} INFO - Processing /home/amina/miniconda/lib/python3.11/site-packages/airflow/example_dags/example_external_task_marker_dag.py took 0.179 seconds
[2023-12-15T21:59:32.953+0500] {processor.py:157} INFO - Started process (PID=8573) to work on /home/amina/miniconda/lib/python3.11/site-packages/airflow/example_dags/example_external_task_marker_dag.py
[2023-12-15T21:59:32.967+0500] {processor.py:829} INFO - Processing file /home/amina/miniconda/lib/python3.11/site-packages/airflow/example_dags/example_external_task_marker_dag.py for tasks to queue
[2023-12-15T21:59:32.967+0500] {logging_mixin.py:154} INFO - [2023-12-15T21:59:32.967+0500] {dagbag.py:536} INFO - Filling up the DagBag from /home/amina/miniconda/lib/python3.11/site-packages/airflow/example_dags/example_external_task_marker_dag.py
[2023-12-15T21:59:32.973+0500] {processor.py:839} INFO - DAG(s) dict_keys(['example_external_task_marker_child', 'example_external_task_marker_parent']) retrieved from /home/amina/miniconda/lib/python3.11/site-packages/airflow/example_dags/example_external_task_marker_dag.py
[2023-12-15T21:59:32.998+0500] {logging_mixin.py:154} INFO - [2023-12-15T21:59:32.998+0500] {dag.py:2941} INFO - Sync 2 DAGs
[2023-12-15T21:59:33.010+0500] {logging_mixin.py:154} INFO - [2023-12-15T21:59:33.010+0500] {dag.py:3722} INFO - Setting next_dagrun for example_external_task_marker_child to None, run_after=None
[2023-12-15T21:59:33.016+0500] {logging_mixin.py:154} INFO - [2023-12-15T21:59:33.016+0500] {dag.py:3722} INFO - Setting next_dagrun for example_external_task_marker_parent to None, run_after=None
[2023-12-15T21:59:33.139+0500] {processor.py:179} INFO - Processing /home/amina/miniconda/lib/python3.11/site-packages/airflow/example_dags/example_external_task_marker_dag.py took 0.190 seconds
[2023-12-15T22:00:55.046+0500] {processor.py:157} INFO - Started process (PID=8679) to work on /home/amina/miniconda/lib/python3.11/site-packages/airflow/example_dags/example_external_task_marker_dag.py
[2023-12-15T22:00:55.099+0500] {processor.py:829} INFO - Processing file /home/amina/miniconda/lib/python3.11/site-packages/airflow/example_dags/example_external_task_marker_dag.py for tasks to queue
[2023-12-15T22:00:55.100+0500] {logging_mixin.py:154} INFO - [2023-12-15T22:00:55.100+0500] {dagbag.py:536} INFO - Filling up the DagBag from /home/amina/miniconda/lib/python3.11/site-packages/airflow/example_dags/example_external_task_marker_dag.py
[2023-12-15T22:00:55.105+0500] {processor.py:839} INFO - DAG(s) dict_keys(['example_external_task_marker_child', 'example_external_task_marker_parent']) retrieved from /home/amina/miniconda/lib/python3.11/site-packages/airflow/example_dags/example_external_task_marker_dag.py
[2023-12-15T22:00:55.124+0500] {logging_mixin.py:154} INFO - [2023-12-15T22:00:55.124+0500] {dag.py:2941} INFO - Sync 2 DAGs
[2023-12-15T22:00:55.135+0500] {logging_mixin.py:154} INFO - [2023-12-15T22:00:55.135+0500] {dag.py:3722} INFO - Setting next_dagrun for example_external_task_marker_child to None, run_after=None
[2023-12-15T22:00:55.138+0500] {logging_mixin.py:154} INFO - [2023-12-15T22:00:55.138+0500] {dag.py:3722} INFO - Setting next_dagrun for example_external_task_marker_parent to None, run_after=None
[2023-12-15T22:00:55.288+0500] {processor.py:179} INFO - Processing /home/amina/miniconda/lib/python3.11/site-packages/airflow/example_dags/example_external_task_marker_dag.py took 0.245 seconds
[2023-12-15T22:01:47.368+0500] {processor.py:157} INFO - Started process (PID=8741) to work on /home/amina/miniconda/lib/python3.11/site-packages/airflow/example_dags/example_external_task_marker_dag.py
[2023-12-15T22:01:47.401+0500] {processor.py:829} INFO - Processing file /home/amina/miniconda/lib/python3.11/site-packages/airflow/example_dags/example_external_task_marker_dag.py for tasks to queue
[2023-12-15T22:01:47.401+0500] {logging_mixin.py:154} INFO - [2023-12-15T22:01:47.401+0500] {dagbag.py:536} INFO - Filling up the DagBag from /home/amina/miniconda/lib/python3.11/site-packages/airflow/example_dags/example_external_task_marker_dag.py
[2023-12-15T22:01:47.407+0500] {processor.py:839} INFO - DAG(s) dict_keys(['example_external_task_marker_parent', 'example_external_task_marker_child']) retrieved from /home/amina/miniconda/lib/python3.11/site-packages/airflow/example_dags/example_external_task_marker_dag.py
[2023-12-15T22:01:47.425+0500] {logging_mixin.py:154} INFO - [2023-12-15T22:01:47.425+0500] {dag.py:2941} INFO - Sync 2 DAGs
[2023-12-15T22:01:47.436+0500] {logging_mixin.py:154} INFO - [2023-12-15T22:01:47.435+0500] {dag.py:3722} INFO - Setting next_dagrun for example_external_task_marker_child to None, run_after=None
[2023-12-15T22:01:47.439+0500] {logging_mixin.py:154} INFO - [2023-12-15T22:01:47.438+0500] {dag.py:3722} INFO - Setting next_dagrun for example_external_task_marker_parent to None, run_after=None
[2023-12-15T22:01:47.557+0500] {processor.py:179} INFO - Processing /home/amina/miniconda/lib/python3.11/site-packages/airflow/example_dags/example_external_task_marker_dag.py took 0.191 seconds
[2023-12-15T22:03:03.817+0500] {processor.py:157} INFO - Started process (PID=8832) to work on /home/amina/miniconda/lib/python3.11/site-packages/airflow/example_dags/example_external_task_marker_dag.py
[2023-12-15T22:03:03.857+0500] {processor.py:829} INFO - Processing file /home/amina/miniconda/lib/python3.11/site-packages/airflow/example_dags/example_external_task_marker_dag.py for tasks to queue
[2023-12-15T22:03:03.858+0500] {logging_mixin.py:154} INFO - [2023-12-15T22:03:03.858+0500] {dagbag.py:536} INFO - Filling up the DagBag from /home/amina/miniconda/lib/python3.11/site-packages/airflow/example_dags/example_external_task_marker_dag.py
[2023-12-15T22:03:03.865+0500] {processor.py:839} INFO - DAG(s) dict_keys(['example_external_task_marker_child', 'example_external_task_marker_parent']) retrieved from /home/amina/miniconda/lib/python3.11/site-packages/airflow/example_dags/example_external_task_marker_dag.py
[2023-12-15T22:03:03.889+0500] {logging_mixin.py:154} INFO - [2023-12-15T22:03:03.888+0500] {dag.py:2941} INFO - Sync 2 DAGs
[2023-12-15T22:03:03.901+0500] {logging_mixin.py:154} INFO - [2023-12-15T22:03:03.901+0500] {dag.py:3722} INFO - Setting next_dagrun for example_external_task_marker_child to None, run_after=None
[2023-12-15T22:03:03.905+0500] {logging_mixin.py:154} INFO - [2023-12-15T22:03:03.905+0500] {dag.py:3722} INFO - Setting next_dagrun for example_external_task_marker_parent to None, run_after=None
[2023-12-15T22:03:04.029+0500] {processor.py:179} INFO - Processing /home/amina/miniconda/lib/python3.11/site-packages/airflow/example_dags/example_external_task_marker_dag.py took 0.215 seconds
[2023-12-15T22:04:46.297+0500] {processor.py:157} INFO - Started process (PID=8948) to work on /home/amina/miniconda/lib/python3.11/site-packages/airflow/example_dags/example_external_task_marker_dag.py
[2023-12-15T22:04:46.316+0500] {processor.py:829} INFO - Processing file /home/amina/miniconda/lib/python3.11/site-packages/airflow/example_dags/example_external_task_marker_dag.py for tasks to queue
[2023-12-15T22:04:46.317+0500] {logging_mixin.py:154} INFO - [2023-12-15T22:04:46.317+0500] {dagbag.py:536} INFO - Filling up the DagBag from /home/amina/miniconda/lib/python3.11/site-packages/airflow/example_dags/example_external_task_marker_dag.py
[2023-12-15T22:04:46.324+0500] {processor.py:839} INFO - DAG(s) dict_keys(['example_external_task_marker_child', 'example_external_task_marker_parent']) retrieved from /home/amina/miniconda/lib/python3.11/site-packages/airflow/example_dags/example_external_task_marker_dag.py
[2023-12-15T22:04:46.345+0500] {logging_mixin.py:154} INFO - [2023-12-15T22:04:46.344+0500] {dag.py:2941} INFO - Sync 2 DAGs
[2023-12-15T22:04:46.362+0500] {logging_mixin.py:154} INFO - [2023-12-15T22:04:46.362+0500] {dag.py:3722} INFO - Setting next_dagrun for example_external_task_marker_child to None, run_after=None
[2023-12-15T22:04:46.366+0500] {logging_mixin.py:154} INFO - [2023-12-15T22:04:46.366+0500] {dag.py:3722} INFO - Setting next_dagrun for example_external_task_marker_parent to None, run_after=None
[2023-12-15T22:04:46.464+0500] {processor.py:179} INFO - Processing /home/amina/miniconda/lib/python3.11/site-packages/airflow/example_dags/example_external_task_marker_dag.py took 0.170 seconds
[2023-12-15T22:05:47.611+0500] {processor.py:157} INFO - Started process (PID=9011) to work on /home/amina/miniconda/lib/python3.11/site-packages/airflow/example_dags/example_external_task_marker_dag.py
[2023-12-15T22:05:47.659+0500] {processor.py:829} INFO - Processing file /home/amina/miniconda/lib/python3.11/site-packages/airflow/example_dags/example_external_task_marker_dag.py for tasks to queue
[2023-12-15T22:05:47.660+0500] {logging_mixin.py:154} INFO - [2023-12-15T22:05:47.660+0500] {dagbag.py:536} INFO - Filling up the DagBag from /home/amina/miniconda/lib/python3.11/site-packages/airflow/example_dags/example_external_task_marker_dag.py
[2023-12-15T22:05:47.666+0500] {processor.py:839} INFO - DAG(s) dict_keys(['example_external_task_marker_child', 'example_external_task_marker_parent']) retrieved from /home/amina/miniconda/lib/python3.11/site-packages/airflow/example_dags/example_external_task_marker_dag.py
[2023-12-15T22:05:47.687+0500] {logging_mixin.py:154} INFO - [2023-12-15T22:05:47.687+0500] {dag.py:2941} INFO - Sync 2 DAGs
[2023-12-15T22:05:47.699+0500] {logging_mixin.py:154} INFO - [2023-12-15T22:05:47.699+0500] {dag.py:3722} INFO - Setting next_dagrun for example_external_task_marker_child to None, run_after=None
[2023-12-15T22:05:47.703+0500] {logging_mixin.py:154} INFO - [2023-12-15T22:05:47.703+0500] {dag.py:3722} INFO - Setting next_dagrun for example_external_task_marker_parent to None, run_after=None
[2023-12-15T22:05:47.794+0500] {processor.py:179} INFO - Processing /home/amina/miniconda/lib/python3.11/site-packages/airflow/example_dags/example_external_task_marker_dag.py took 0.186 seconds
[2023-12-15T22:06:45.644+0500] {processor.py:157} INFO - Started process (PID=9067) to work on /home/amina/miniconda/lib/python3.11/site-packages/airflow/example_dags/example_external_task_marker_dag.py
[2023-12-15T22:06:45.664+0500] {processor.py:829} INFO - Processing file /home/amina/miniconda/lib/python3.11/site-packages/airflow/example_dags/example_external_task_marker_dag.py for tasks to queue
[2023-12-15T22:06:45.665+0500] {logging_mixin.py:154} INFO - [2023-12-15T22:06:45.664+0500] {dagbag.py:536} INFO - Filling up the DagBag from /home/amina/miniconda/lib/python3.11/site-packages/airflow/example_dags/example_external_task_marker_dag.py
[2023-12-15T22:06:45.671+0500] {processor.py:839} INFO - DAG(s) dict_keys(['example_external_task_marker_child', 'example_external_task_marker_parent']) retrieved from /home/amina/miniconda/lib/python3.11/site-packages/airflow/example_dags/example_external_task_marker_dag.py
[2023-12-15T22:06:45.695+0500] {logging_mixin.py:154} INFO - [2023-12-15T22:06:45.694+0500] {dag.py:2941} INFO - Sync 2 DAGs
[2023-12-15T22:06:45.705+0500] {logging_mixin.py:154} INFO - [2023-12-15T22:06:45.705+0500] {dag.py:3722} INFO - Setting next_dagrun for example_external_task_marker_child to None, run_after=None
[2023-12-15T22:06:45.710+0500] {logging_mixin.py:154} INFO - [2023-12-15T22:06:45.709+0500] {dag.py:3722} INFO - Setting next_dagrun for example_external_task_marker_parent to None, run_after=None
[2023-12-15T22:06:45.809+0500] {processor.py:179} INFO - Processing /home/amina/miniconda/lib/python3.11/site-packages/airflow/example_dags/example_external_task_marker_dag.py took 0.170 seconds
[2023-12-15T22:07:51.431+0500] {processor.py:157} INFO - Started process (PID=9135) to work on /home/amina/miniconda/lib/python3.11/site-packages/airflow/example_dags/example_external_task_marker_dag.py
[2023-12-15T22:07:51.453+0500] {processor.py:829} INFO - Processing file /home/amina/miniconda/lib/python3.11/site-packages/airflow/example_dags/example_external_task_marker_dag.py for tasks to queue
[2023-12-15T22:07:51.454+0500] {logging_mixin.py:154} INFO - [2023-12-15T22:07:51.454+0500] {dagbag.py:536} INFO - Filling up the DagBag from /home/amina/miniconda/lib/python3.11/site-packages/airflow/example_dags/example_external_task_marker_dag.py
[2023-12-15T22:07:51.461+0500] {processor.py:839} INFO - DAG(s) dict_keys(['example_external_task_marker_child', 'example_external_task_marker_parent']) retrieved from /home/amina/miniconda/lib/python3.11/site-packages/airflow/example_dags/example_external_task_marker_dag.py
[2023-12-15T22:07:51.481+0500] {logging_mixin.py:154} INFO - [2023-12-15T22:07:51.481+0500] {dag.py:2941} INFO - Sync 2 DAGs
[2023-12-15T22:07:51.494+0500] {logging_mixin.py:154} INFO - [2023-12-15T22:07:51.493+0500] {dag.py:3722} INFO - Setting next_dagrun for example_external_task_marker_child to None, run_after=None
[2023-12-15T22:07:51.497+0500] {logging_mixin.py:154} INFO - [2023-12-15T22:07:51.497+0500] {dag.py:3722} INFO - Setting next_dagrun for example_external_task_marker_parent to None, run_after=None
[2023-12-15T22:07:51.598+0500] {processor.py:179} INFO - Processing /home/amina/miniconda/lib/python3.11/site-packages/airflow/example_dags/example_external_task_marker_dag.py took 0.171 seconds
[2023-12-15T22:08:56.241+0500] {processor.py:157} INFO - Started process (PID=9213) to work on /home/amina/miniconda/lib/python3.11/site-packages/airflow/example_dags/example_external_task_marker_dag.py
[2023-12-15T22:08:56.242+0500] {processor.py:829} INFO - Processing file /home/amina/miniconda/lib/python3.11/site-packages/airflow/example_dags/example_external_task_marker_dag.py for tasks to queue
[2023-12-15T22:08:56.242+0500] {logging_mixin.py:154} INFO - [2023-12-15T22:08:56.242+0500] {dagbag.py:536} INFO - Filling up the DagBag from /home/amina/miniconda/lib/python3.11/site-packages/airflow/example_dags/example_external_task_marker_dag.py
[2023-12-15T22:08:56.248+0500] {processor.py:839} INFO - DAG(s) dict_keys(['example_external_task_marker_child', 'example_external_task_marker_parent']) retrieved from /home/amina/miniconda/lib/python3.11/site-packages/airflow/example_dags/example_external_task_marker_dag.py
[2023-12-15T22:08:56.268+0500] {logging_mixin.py:154} INFO - [2023-12-15T22:08:56.268+0500] {dag.py:2941} INFO - Sync 2 DAGs
[2023-12-15T22:08:56.281+0500] {logging_mixin.py:154} INFO - [2023-12-15T22:08:56.281+0500] {dag.py:3722} INFO - Setting next_dagrun for example_external_task_marker_child to None, run_after=None
[2023-12-15T22:08:56.285+0500] {logging_mixin.py:154} INFO - [2023-12-15T22:08:56.285+0500] {dag.py:3722} INFO - Setting next_dagrun for example_external_task_marker_parent to None, run_after=None
[2023-12-15T22:08:56.390+0500] {processor.py:179} INFO - Processing /home/amina/miniconda/lib/python3.11/site-packages/airflow/example_dags/example_external_task_marker_dag.py took 0.153 seconds
[2023-12-15T22:09:57.386+0500] {processor.py:157} INFO - Started process (PID=9274) to work on /home/amina/miniconda/lib/python3.11/site-packages/airflow/example_dags/example_external_task_marker_dag.py
[2023-12-15T22:09:57.433+0500] {processor.py:829} INFO - Processing file /home/amina/miniconda/lib/python3.11/site-packages/airflow/example_dags/example_external_task_marker_dag.py for tasks to queue
[2023-12-15T22:09:57.434+0500] {logging_mixin.py:154} INFO - [2023-12-15T22:09:57.434+0500] {dagbag.py:536} INFO - Filling up the DagBag from /home/amina/miniconda/lib/python3.11/site-packages/airflow/example_dags/example_external_task_marker_dag.py
[2023-12-15T22:09:57.440+0500] {processor.py:839} INFO - DAG(s) dict_keys(['example_external_task_marker_parent', 'example_external_task_marker_child']) retrieved from /home/amina/miniconda/lib/python3.11/site-packages/airflow/example_dags/example_external_task_marker_dag.py
[2023-12-15T22:09:57.462+0500] {logging_mixin.py:154} INFO - [2023-12-15T22:09:57.462+0500] {dag.py:2941} INFO - Sync 2 DAGs
[2023-12-15T22:09:57.475+0500] {logging_mixin.py:154} INFO - [2023-12-15T22:09:57.475+0500] {dag.py:3722} INFO - Setting next_dagrun for example_external_task_marker_child to None, run_after=None
[2023-12-15T22:09:57.479+0500] {logging_mixin.py:154} INFO - [2023-12-15T22:09:57.479+0500] {dag.py:3722} INFO - Setting next_dagrun for example_external_task_marker_parent to None, run_after=None
[2023-12-15T22:09:57.574+0500] {processor.py:179} INFO - Processing /home/amina/miniconda/lib/python3.11/site-packages/airflow/example_dags/example_external_task_marker_dag.py took 0.191 seconds
[2023-12-15T22:11:03.557+0500] {processor.py:157} INFO - Started process (PID=9341) to work on /home/amina/miniconda/lib/python3.11/site-packages/airflow/example_dags/example_external_task_marker_dag.py
[2023-12-15T22:11:03.594+0500] {processor.py:829} INFO - Processing file /home/amina/miniconda/lib/python3.11/site-packages/airflow/example_dags/example_external_task_marker_dag.py for tasks to queue
[2023-12-15T22:11:03.595+0500] {logging_mixin.py:154} INFO - [2023-12-15T22:11:03.594+0500] {dagbag.py:536} INFO - Filling up the DagBag from /home/amina/miniconda/lib/python3.11/site-packages/airflow/example_dags/example_external_task_marker_dag.py
[2023-12-15T22:11:03.600+0500] {processor.py:839} INFO - DAG(s) dict_keys(['example_external_task_marker_child', 'example_external_task_marker_parent']) retrieved from /home/amina/miniconda/lib/python3.11/site-packages/airflow/example_dags/example_external_task_marker_dag.py
[2023-12-15T22:11:03.620+0500] {logging_mixin.py:154} INFO - [2023-12-15T22:11:03.620+0500] {dag.py:2941} INFO - Sync 2 DAGs
[2023-12-15T22:11:03.633+0500] {logging_mixin.py:154} INFO - [2023-12-15T22:11:03.632+0500] {dag.py:3722} INFO - Setting next_dagrun for example_external_task_marker_child to None, run_after=None
[2023-12-15T22:11:03.636+0500] {logging_mixin.py:154} INFO - [2023-12-15T22:11:03.635+0500] {dag.py:3722} INFO - Setting next_dagrun for example_external_task_marker_parent to None, run_after=None
[2023-12-15T22:11:03.737+0500] {processor.py:179} INFO - Processing /home/amina/miniconda/lib/python3.11/site-packages/airflow/example_dags/example_external_task_marker_dag.py took 0.184 seconds
[2023-12-15T22:12:01.397+0500] {processor.py:157} INFO - Started process (PID=9402) to work on /home/amina/miniconda/lib/python3.11/site-packages/airflow/example_dags/example_external_task_marker_dag.py
[2023-12-15T22:12:01.415+0500] {processor.py:829} INFO - Processing file /home/amina/miniconda/lib/python3.11/site-packages/airflow/example_dags/example_external_task_marker_dag.py for tasks to queue
[2023-12-15T22:12:01.416+0500] {logging_mixin.py:154} INFO - [2023-12-15T22:12:01.415+0500] {dagbag.py:536} INFO - Filling up the DagBag from /home/amina/miniconda/lib/python3.11/site-packages/airflow/example_dags/example_external_task_marker_dag.py
[2023-12-15T22:12:01.423+0500] {processor.py:839} INFO - DAG(s) dict_keys(['example_external_task_marker_child', 'example_external_task_marker_parent']) retrieved from /home/amina/miniconda/lib/python3.11/site-packages/airflow/example_dags/example_external_task_marker_dag.py
[2023-12-15T22:12:01.443+0500] {logging_mixin.py:154} INFO - [2023-12-15T22:12:01.443+0500] {dag.py:2941} INFO - Sync 2 DAGs
[2023-12-15T22:12:01.455+0500] {logging_mixin.py:154} INFO - [2023-12-15T22:12:01.455+0500] {dag.py:3722} INFO - Setting next_dagrun for example_external_task_marker_child to None, run_after=None
[2023-12-15T22:12:01.458+0500] {logging_mixin.py:154} INFO - [2023-12-15T22:12:01.458+0500] {dag.py:3722} INFO - Setting next_dagrun for example_external_task_marker_parent to None, run_after=None
[2023-12-15T22:12:01.573+0500] {processor.py:179} INFO - Processing /home/amina/miniconda/lib/python3.11/site-packages/airflow/example_dags/example_external_task_marker_dag.py took 0.179 seconds
[2023-12-15T22:13:00.149+0500] {processor.py:157} INFO - Started process (PID=9465) to work on /home/amina/miniconda/lib/python3.11/site-packages/airflow/example_dags/example_external_task_marker_dag.py
[2023-12-15T22:13:00.182+0500] {processor.py:829} INFO - Processing file /home/amina/miniconda/lib/python3.11/site-packages/airflow/example_dags/example_external_task_marker_dag.py for tasks to queue
[2023-12-15T22:13:00.183+0500] {logging_mixin.py:154} INFO - [2023-12-15T22:13:00.182+0500] {dagbag.py:536} INFO - Filling up the DagBag from /home/amina/miniconda/lib/python3.11/site-packages/airflow/example_dags/example_external_task_marker_dag.py
[2023-12-15T22:13:00.189+0500] {processor.py:839} INFO - DAG(s) dict_keys(['example_external_task_marker_child', 'example_external_task_marker_parent']) retrieved from /home/amina/miniconda/lib/python3.11/site-packages/airflow/example_dags/example_external_task_marker_dag.py
[2023-12-15T22:13:00.209+0500] {logging_mixin.py:154} INFO - [2023-12-15T22:13:00.209+0500] {dag.py:2941} INFO - Sync 2 DAGs
[2023-12-15T22:13:00.226+0500] {logging_mixin.py:154} INFO - [2023-12-15T22:13:00.226+0500] {dag.py:3722} INFO - Setting next_dagrun for example_external_task_marker_child to None, run_after=None
[2023-12-15T22:13:00.232+0500] {logging_mixin.py:154} INFO - [2023-12-15T22:13:00.232+0500] {dag.py:3722} INFO - Setting next_dagrun for example_external_task_marker_parent to None, run_after=None
[2023-12-15T22:13:00.340+0500] {processor.py:179} INFO - Processing /home/amina/miniconda/lib/python3.11/site-packages/airflow/example_dags/example_external_task_marker_dag.py took 0.193 seconds
[2023-12-15T22:14:11.182+0500] {processor.py:157} INFO - Started process (PID=9549) to work on /home/amina/miniconda/lib/python3.11/site-packages/airflow/example_dags/example_external_task_marker_dag.py
[2023-12-15T22:14:11.193+0500] {processor.py:829} INFO - Processing file /home/amina/miniconda/lib/python3.11/site-packages/airflow/example_dags/example_external_task_marker_dag.py for tasks to queue
[2023-12-15T22:14:11.194+0500] {logging_mixin.py:154} INFO - [2023-12-15T22:14:11.194+0500] {dagbag.py:536} INFO - Filling up the DagBag from /home/amina/miniconda/lib/python3.11/site-packages/airflow/example_dags/example_external_task_marker_dag.py
[2023-12-15T22:14:11.199+0500] {processor.py:839} INFO - DAG(s) dict_keys(['example_external_task_marker_child', 'example_external_task_marker_parent']) retrieved from /home/amina/miniconda/lib/python3.11/site-packages/airflow/example_dags/example_external_task_marker_dag.py
[2023-12-15T22:14:11.218+0500] {logging_mixin.py:154} INFO - [2023-12-15T22:14:11.218+0500] {dag.py:2941} INFO - Sync 2 DAGs
[2023-12-15T22:14:11.229+0500] {logging_mixin.py:154} INFO - [2023-12-15T22:14:11.229+0500] {dag.py:3722} INFO - Setting next_dagrun for example_external_task_marker_child to None, run_after=None
[2023-12-15T22:14:11.232+0500] {logging_mixin.py:154} INFO - [2023-12-15T22:14:11.232+0500] {dag.py:3722} INFO - Setting next_dagrun for example_external_task_marker_parent to None, run_after=None
[2023-12-15T22:14:11.687+0500] {processor.py:179} INFO - Processing /home/amina/miniconda/lib/python3.11/site-packages/airflow/example_dags/example_external_task_marker_dag.py took 0.508 seconds
[2023-12-15T22:15:26.669+0500] {processor.py:157} INFO - Started process (PID=9632) to work on /home/amina/miniconda/lib/python3.11/site-packages/airflow/example_dags/example_external_task_marker_dag.py
[2023-12-15T22:15:26.712+0500] {processor.py:829} INFO - Processing file /home/amina/miniconda/lib/python3.11/site-packages/airflow/example_dags/example_external_task_marker_dag.py for tasks to queue
[2023-12-15T22:15:26.713+0500] {logging_mixin.py:154} INFO - [2023-12-15T22:15:26.713+0500] {dagbag.py:536} INFO - Filling up the DagBag from /home/amina/miniconda/lib/python3.11/site-packages/airflow/example_dags/example_external_task_marker_dag.py
[2023-12-15T22:15:26.718+0500] {processor.py:839} INFO - DAG(s) dict_keys(['example_external_task_marker_child', 'example_external_task_marker_parent']) retrieved from /home/amina/miniconda/lib/python3.11/site-packages/airflow/example_dags/example_external_task_marker_dag.py
[2023-12-15T22:15:26.742+0500] {logging_mixin.py:154} INFO - [2023-12-15T22:15:26.742+0500] {dag.py:2941} INFO - Sync 2 DAGs
[2023-12-15T22:15:26.754+0500] {logging_mixin.py:154} INFO - [2023-12-15T22:15:26.753+0500] {dag.py:3722} INFO - Setting next_dagrun for example_external_task_marker_child to None, run_after=None
[2023-12-15T22:15:26.758+0500] {logging_mixin.py:154} INFO - [2023-12-15T22:15:26.757+0500] {dag.py:3722} INFO - Setting next_dagrun for example_external_task_marker_parent to None, run_after=None
[2023-12-15T22:15:26.851+0500] {processor.py:179} INFO - Processing /home/amina/miniconda/lib/python3.11/site-packages/airflow/example_dags/example_external_task_marker_dag.py took 0.185 seconds
[2023-12-15T22:16:35.395+0500] {processor.py:157} INFO - Started process (PID=9709) to work on /home/amina/miniconda/lib/python3.11/site-packages/airflow/example_dags/example_external_task_marker_dag.py
[2023-12-15T22:16:35.407+0500] {processor.py:829} INFO - Processing file /home/amina/miniconda/lib/python3.11/site-packages/airflow/example_dags/example_external_task_marker_dag.py for tasks to queue
[2023-12-15T22:16:35.408+0500] {logging_mixin.py:154} INFO - [2023-12-15T22:16:35.408+0500] {dagbag.py:536} INFO - Filling up the DagBag from /home/amina/miniconda/lib/python3.11/site-packages/airflow/example_dags/example_external_task_marker_dag.py
[2023-12-15T22:16:35.415+0500] {processor.py:839} INFO - DAG(s) dict_keys(['example_external_task_marker_parent', 'example_external_task_marker_child']) retrieved from /home/amina/miniconda/lib/python3.11/site-packages/airflow/example_dags/example_external_task_marker_dag.py
[2023-12-15T22:16:35.448+0500] {logging_mixin.py:154} INFO - [2023-12-15T22:16:35.448+0500] {dag.py:2941} INFO - Sync 2 DAGs
[2023-12-15T22:16:35.465+0500] {logging_mixin.py:154} INFO - [2023-12-15T22:16:35.465+0500] {dag.py:3722} INFO - Setting next_dagrun for example_external_task_marker_child to None, run_after=None
[2023-12-15T22:16:35.470+0500] {logging_mixin.py:154} INFO - [2023-12-15T22:16:35.469+0500] {dag.py:3722} INFO - Setting next_dagrun for example_external_task_marker_parent to None, run_after=None
[2023-12-15T22:16:35.571+0500] {processor.py:179} INFO - Processing /home/amina/miniconda/lib/python3.11/site-packages/airflow/example_dags/example_external_task_marker_dag.py took 0.179 seconds
[2023-12-15T22:17:41.366+0500] {processor.py:157} INFO - Started process (PID=9776) to work on /home/amina/miniconda/lib/python3.11/site-packages/airflow/example_dags/example_external_task_marker_dag.py
[2023-12-15T22:17:41.407+0500] {processor.py:829} INFO - Processing file /home/amina/miniconda/lib/python3.11/site-packages/airflow/example_dags/example_external_task_marker_dag.py for tasks to queue
[2023-12-15T22:17:41.408+0500] {logging_mixin.py:154} INFO - [2023-12-15T22:17:41.407+0500] {dagbag.py:536} INFO - Filling up the DagBag from /home/amina/miniconda/lib/python3.11/site-packages/airflow/example_dags/example_external_task_marker_dag.py
[2023-12-15T22:17:41.414+0500] {processor.py:839} INFO - DAG(s) dict_keys(['example_external_task_marker_parent', 'example_external_task_marker_child']) retrieved from /home/amina/miniconda/lib/python3.11/site-packages/airflow/example_dags/example_external_task_marker_dag.py
[2023-12-15T22:17:41.435+0500] {logging_mixin.py:154} INFO - [2023-12-15T22:17:41.435+0500] {dag.py:2941} INFO - Sync 2 DAGs
[2023-12-15T22:17:41.449+0500] {logging_mixin.py:154} INFO - [2023-12-15T22:17:41.449+0500] {dag.py:3722} INFO - Setting next_dagrun for example_external_task_marker_child to None, run_after=None
[2023-12-15T22:17:41.453+0500] {logging_mixin.py:154} INFO - [2023-12-15T22:17:41.453+0500] {dag.py:3722} INFO - Setting next_dagrun for example_external_task_marker_parent to None, run_after=None
[2023-12-15T22:17:41.544+0500] {processor.py:179} INFO - Processing /home/amina/miniconda/lib/python3.11/site-packages/airflow/example_dags/example_external_task_marker_dag.py took 0.182 seconds
[2023-12-15T22:18:42.901+0500] {processor.py:157} INFO - Started process (PID=9850) to work on /home/amina/miniconda/lib/python3.11/site-packages/airflow/example_dags/example_external_task_marker_dag.py
[2023-12-15T22:18:42.925+0500] {processor.py:829} INFO - Processing file /home/amina/miniconda/lib/python3.11/site-packages/airflow/example_dags/example_external_task_marker_dag.py for tasks to queue
[2023-12-15T22:18:42.927+0500] {logging_mixin.py:154} INFO - [2023-12-15T22:18:42.926+0500] {dagbag.py:536} INFO - Filling up the DagBag from /home/amina/miniconda/lib/python3.11/site-packages/airflow/example_dags/example_external_task_marker_dag.py
[2023-12-15T22:18:42.934+0500] {processor.py:839} INFO - DAG(s) dict_keys(['example_external_task_marker_child', 'example_external_task_marker_parent']) retrieved from /home/amina/miniconda/lib/python3.11/site-packages/airflow/example_dags/example_external_task_marker_dag.py
[2023-12-15T22:18:42.954+0500] {logging_mixin.py:154} INFO - [2023-12-15T22:18:42.954+0500] {dag.py:2941} INFO - Sync 2 DAGs
[2023-12-15T22:18:42.969+0500] {logging_mixin.py:154} INFO - [2023-12-15T22:18:42.969+0500] {dag.py:3722} INFO - Setting next_dagrun for example_external_task_marker_child to None, run_after=None
[2023-12-15T22:18:42.972+0500] {logging_mixin.py:154} INFO - [2023-12-15T22:18:42.972+0500] {dag.py:3722} INFO - Setting next_dagrun for example_external_task_marker_parent to None, run_after=None
[2023-12-15T22:18:43.057+0500] {processor.py:179} INFO - Processing /home/amina/miniconda/lib/python3.11/site-packages/airflow/example_dags/example_external_task_marker_dag.py took 0.160 seconds
[2023-12-15T22:19:46.262+0500] {processor.py:157} INFO - Started process (PID=9962) to work on /home/amina/miniconda/lib/python3.11/site-packages/airflow/example_dags/example_external_task_marker_dag.py
[2023-12-15T22:19:46.319+0500] {processor.py:829} INFO - Processing file /home/amina/miniconda/lib/python3.11/site-packages/airflow/example_dags/example_external_task_marker_dag.py for tasks to queue
[2023-12-15T22:19:46.320+0500] {logging_mixin.py:154} INFO - [2023-12-15T22:19:46.319+0500] {dagbag.py:536} INFO - Filling up the DagBag from /home/amina/miniconda/lib/python3.11/site-packages/airflow/example_dags/example_external_task_marker_dag.py
[2023-12-15T22:19:46.326+0500] {processor.py:839} INFO - DAG(s) dict_keys(['example_external_task_marker_parent', 'example_external_task_marker_child']) retrieved from /home/amina/miniconda/lib/python3.11/site-packages/airflow/example_dags/example_external_task_marker_dag.py
[2023-12-15T22:19:46.348+0500] {logging_mixin.py:154} INFO - [2023-12-15T22:19:46.347+0500] {dag.py:2941} INFO - Sync 2 DAGs
[2023-12-15T22:19:46.360+0500] {logging_mixin.py:154} INFO - [2023-12-15T22:19:46.359+0500] {dag.py:3722} INFO - Setting next_dagrun for example_external_task_marker_child to None, run_after=None
[2023-12-15T22:19:46.363+0500] {logging_mixin.py:154} INFO - [2023-12-15T22:19:46.362+0500] {dag.py:3722} INFO - Setting next_dagrun for example_external_task_marker_parent to None, run_after=None
[2023-12-15T22:19:46.450+0500] {processor.py:179} INFO - Processing /home/amina/miniconda/lib/python3.11/site-packages/airflow/example_dags/example_external_task_marker_dag.py took 0.191 seconds
[2023-12-15T22:20:58.164+0500] {processor.py:157} INFO - Started process (PID=10131) to work on /home/amina/miniconda/lib/python3.11/site-packages/airflow/example_dags/example_external_task_marker_dag.py
[2023-12-15T22:20:58.215+0500] {processor.py:829} INFO - Processing file /home/amina/miniconda/lib/python3.11/site-packages/airflow/example_dags/example_external_task_marker_dag.py for tasks to queue
[2023-12-15T22:20:58.217+0500] {logging_mixin.py:154} INFO - [2023-12-15T22:20:58.216+0500] {dagbag.py:536} INFO - Filling up the DagBag from /home/amina/miniconda/lib/python3.11/site-packages/airflow/example_dags/example_external_task_marker_dag.py
[2023-12-15T22:20:58.224+0500] {processor.py:839} INFO - DAG(s) dict_keys(['example_external_task_marker_parent', 'example_external_task_marker_child']) retrieved from /home/amina/miniconda/lib/python3.11/site-packages/airflow/example_dags/example_external_task_marker_dag.py
[2023-12-15T22:20:58.245+0500] {logging_mixin.py:154} INFO - [2023-12-15T22:20:58.244+0500] {dag.py:2941} INFO - Sync 2 DAGs
[2023-12-15T22:20:58.261+0500] {logging_mixin.py:154} INFO - [2023-12-15T22:20:58.261+0500] {dag.py:3722} INFO - Setting next_dagrun for example_external_task_marker_child to None, run_after=None
[2023-12-15T22:20:58.264+0500] {logging_mixin.py:154} INFO - [2023-12-15T22:20:58.264+0500] {dag.py:3722} INFO - Setting next_dagrun for example_external_task_marker_parent to None, run_after=None
[2023-12-15T22:20:58.377+0500] {processor.py:179} INFO - Processing /home/amina/miniconda/lib/python3.11/site-packages/airflow/example_dags/example_external_task_marker_dag.py took 0.215 seconds
[2023-12-15T22:22:15.916+0500] {processor.py:157} INFO - Started process (PID=10227) to work on /home/amina/miniconda/lib/python3.11/site-packages/airflow/example_dags/example_external_task_marker_dag.py
[2023-12-15T22:22:15.957+0500] {processor.py:829} INFO - Processing file /home/amina/miniconda/lib/python3.11/site-packages/airflow/example_dags/example_external_task_marker_dag.py for tasks to queue
[2023-12-15T22:22:15.958+0500] {logging_mixin.py:154} INFO - [2023-12-15T22:22:15.957+0500] {dagbag.py:536} INFO - Filling up the DagBag from /home/amina/miniconda/lib/python3.11/site-packages/airflow/example_dags/example_external_task_marker_dag.py
[2023-12-15T22:22:15.965+0500] {processor.py:839} INFO - DAG(s) dict_keys(['example_external_task_marker_child', 'example_external_task_marker_parent']) retrieved from /home/amina/miniconda/lib/python3.11/site-packages/airflow/example_dags/example_external_task_marker_dag.py
[2023-12-15T22:22:15.986+0500] {logging_mixin.py:154} INFO - [2023-12-15T22:22:15.986+0500] {dag.py:2941} INFO - Sync 2 DAGs
[2023-12-15T22:22:16.000+0500] {logging_mixin.py:154} INFO - [2023-12-15T22:22:16.000+0500] {dag.py:3722} INFO - Setting next_dagrun for example_external_task_marker_child to None, run_after=None
[2023-12-15T22:22:16.004+0500] {logging_mixin.py:154} INFO - [2023-12-15T22:22:16.004+0500] {dag.py:3722} INFO - Setting next_dagrun for example_external_task_marker_parent to None, run_after=None
[2023-12-15T22:22:16.106+0500] {processor.py:179} INFO - Processing /home/amina/miniconda/lib/python3.11/site-packages/airflow/example_dags/example_external_task_marker_dag.py took 0.194 seconds
[2023-12-15T22:23:11.840+0500] {processor.py:157} INFO - Started process (PID=10280) to work on /home/amina/miniconda/lib/python3.11/site-packages/airflow/example_dags/example_external_task_marker_dag.py
[2023-12-15T22:23:11.873+0500] {processor.py:829} INFO - Processing file /home/amina/miniconda/lib/python3.11/site-packages/airflow/example_dags/example_external_task_marker_dag.py for tasks to queue
[2023-12-15T22:23:11.874+0500] {logging_mixin.py:154} INFO - [2023-12-15T22:23:11.874+0500] {dagbag.py:536} INFO - Filling up the DagBag from /home/amina/miniconda/lib/python3.11/site-packages/airflow/example_dags/example_external_task_marker_dag.py
[2023-12-15T22:23:11.879+0500] {processor.py:839} INFO - DAG(s) dict_keys(['example_external_task_marker_parent', 'example_external_task_marker_child']) retrieved from /home/amina/miniconda/lib/python3.11/site-packages/airflow/example_dags/example_external_task_marker_dag.py
[2023-12-15T22:23:11.899+0500] {logging_mixin.py:154} INFO - [2023-12-15T22:23:11.899+0500] {dag.py:2941} INFO - Sync 2 DAGs
[2023-12-15T22:23:11.912+0500] {logging_mixin.py:154} INFO - [2023-12-15T22:23:11.912+0500] {dag.py:3722} INFO - Setting next_dagrun for example_external_task_marker_child to None, run_after=None
[2023-12-15T22:23:11.915+0500] {logging_mixin.py:154} INFO - [2023-12-15T22:23:11.915+0500] {dag.py:3722} INFO - Setting next_dagrun for example_external_task_marker_parent to None, run_after=None
[2023-12-15T22:23:11.998+0500] {processor.py:179} INFO - Processing /home/amina/miniconda/lib/python3.11/site-packages/airflow/example_dags/example_external_task_marker_dag.py took 0.163 seconds
[2023-12-15T22:24:29.438+0500] {processor.py:157} INFO - Started process (PID=10367) to work on /home/amina/miniconda/lib/python3.11/site-packages/airflow/example_dags/example_external_task_marker_dag.py
[2023-12-15T22:24:29.440+0500] {processor.py:829} INFO - Processing file /home/amina/miniconda/lib/python3.11/site-packages/airflow/example_dags/example_external_task_marker_dag.py for tasks to queue
[2023-12-15T22:24:29.441+0500] {logging_mixin.py:154} INFO - [2023-12-15T22:24:29.441+0500] {dagbag.py:536} INFO - Filling up the DagBag from /home/amina/miniconda/lib/python3.11/site-packages/airflow/example_dags/example_external_task_marker_dag.py
[2023-12-15T22:24:29.447+0500] {processor.py:839} INFO - DAG(s) dict_keys(['example_external_task_marker_parent', 'example_external_task_marker_child']) retrieved from /home/amina/miniconda/lib/python3.11/site-packages/airflow/example_dags/example_external_task_marker_dag.py
[2023-12-15T22:24:29.469+0500] {logging_mixin.py:154} INFO - [2023-12-15T22:24:29.469+0500] {dag.py:2941} INFO - Sync 2 DAGs
[2023-12-15T22:24:29.489+0500] {logging_mixin.py:154} INFO - [2023-12-15T22:24:29.489+0500] {dag.py:3722} INFO - Setting next_dagrun for example_external_task_marker_child to None, run_after=None
[2023-12-15T22:24:29.494+0500] {logging_mixin.py:154} INFO - [2023-12-15T22:24:29.493+0500] {dag.py:3722} INFO - Setting next_dagrun for example_external_task_marker_parent to None, run_after=None
[2023-12-15T22:24:29.613+0500] {processor.py:179} INFO - Processing /home/amina/miniconda/lib/python3.11/site-packages/airflow/example_dags/example_external_task_marker_dag.py took 0.178 seconds
[2023-12-15T22:25:52.827+0500] {processor.py:157} INFO - Started process (PID=10452) to work on /home/amina/miniconda/lib/python3.11/site-packages/airflow/example_dags/example_external_task_marker_dag.py
[2023-12-15T22:25:52.886+0500] {processor.py:829} INFO - Processing file /home/amina/miniconda/lib/python3.11/site-packages/airflow/example_dags/example_external_task_marker_dag.py for tasks to queue
[2023-12-15T22:25:52.887+0500] {logging_mixin.py:154} INFO - [2023-12-15T22:25:52.887+0500] {dagbag.py:536} INFO - Filling up the DagBag from /home/amina/miniconda/lib/python3.11/site-packages/airflow/example_dags/example_external_task_marker_dag.py
[2023-12-15T22:25:52.894+0500] {processor.py:839} INFO - DAG(s) dict_keys(['example_external_task_marker_child', 'example_external_task_marker_parent']) retrieved from /home/amina/miniconda/lib/python3.11/site-packages/airflow/example_dags/example_external_task_marker_dag.py
[2023-12-15T22:25:52.915+0500] {logging_mixin.py:154} INFO - [2023-12-15T22:25:52.915+0500] {dag.py:2941} INFO - Sync 2 DAGs
[2023-12-15T22:25:52.930+0500] {logging_mixin.py:154} INFO - [2023-12-15T22:25:52.929+0500] {dag.py:3722} INFO - Setting next_dagrun for example_external_task_marker_child to None, run_after=None
[2023-12-15T22:25:52.934+0500] {logging_mixin.py:154} INFO - [2023-12-15T22:25:52.934+0500] {dag.py:3722} INFO - Setting next_dagrun for example_external_task_marker_parent to None, run_after=None
[2023-12-15T22:25:53.026+0500] {processor.py:179} INFO - Processing /home/amina/miniconda/lib/python3.11/site-packages/airflow/example_dags/example_external_task_marker_dag.py took 0.203 seconds
[2023-12-15T22:26:48.805+0500] {processor.py:157} INFO - Started process (PID=10510) to work on /home/amina/miniconda/lib/python3.11/site-packages/airflow/example_dags/example_external_task_marker_dag.py
[2023-12-15T22:26:48.847+0500] {processor.py:829} INFO - Processing file /home/amina/miniconda/lib/python3.11/site-packages/airflow/example_dags/example_external_task_marker_dag.py for tasks to queue
[2023-12-15T22:26:48.848+0500] {logging_mixin.py:154} INFO - [2023-12-15T22:26:48.848+0500] {dagbag.py:536} INFO - Filling up the DagBag from /home/amina/miniconda/lib/python3.11/site-packages/airflow/example_dags/example_external_task_marker_dag.py
[2023-12-15T22:26:48.856+0500] {processor.py:839} INFO - DAG(s) dict_keys(['example_external_task_marker_parent', 'example_external_task_marker_child']) retrieved from /home/amina/miniconda/lib/python3.11/site-packages/airflow/example_dags/example_external_task_marker_dag.py
[2023-12-15T22:26:48.878+0500] {logging_mixin.py:154} INFO - [2023-12-15T22:26:48.878+0500] {dag.py:2941} INFO - Sync 2 DAGs
[2023-12-15T22:26:48.890+0500] {logging_mixin.py:154} INFO - [2023-12-15T22:26:48.890+0500] {dag.py:3722} INFO - Setting next_dagrun for example_external_task_marker_child to None, run_after=None
[2023-12-15T22:26:48.893+0500] {logging_mixin.py:154} INFO - [2023-12-15T22:26:48.893+0500] {dag.py:3722} INFO - Setting next_dagrun for example_external_task_marker_parent to None, run_after=None
[2023-12-15T22:26:49.003+0500] {processor.py:179} INFO - Processing /home/amina/miniconda/lib/python3.11/site-packages/airflow/example_dags/example_external_task_marker_dag.py took 0.201 seconds
[2023-12-15T22:28:08.108+0500] {processor.py:157} INFO - Started process (PID=10593) to work on /home/amina/miniconda/lib/python3.11/site-packages/airflow/example_dags/example_external_task_marker_dag.py
[2023-12-15T22:28:08.153+0500] {processor.py:829} INFO - Processing file /home/amina/miniconda/lib/python3.11/site-packages/airflow/example_dags/example_external_task_marker_dag.py for tasks to queue
[2023-12-15T22:28:08.154+0500] {logging_mixin.py:154} INFO - [2023-12-15T22:28:08.154+0500] {dagbag.py:536} INFO - Filling up the DagBag from /home/amina/miniconda/lib/python3.11/site-packages/airflow/example_dags/example_external_task_marker_dag.py
[2023-12-15T22:28:08.160+0500] {processor.py:839} INFO - DAG(s) dict_keys(['example_external_task_marker_parent', 'example_external_task_marker_child']) retrieved from /home/amina/miniconda/lib/python3.11/site-packages/airflow/example_dags/example_external_task_marker_dag.py
[2023-12-15T22:28:08.179+0500] {logging_mixin.py:154} INFO - [2023-12-15T22:28:08.179+0500] {dag.py:2941} INFO - Sync 2 DAGs
[2023-12-15T22:28:08.192+0500] {logging_mixin.py:154} INFO - [2023-12-15T22:28:08.192+0500] {dag.py:3722} INFO - Setting next_dagrun for example_external_task_marker_child to None, run_after=None
[2023-12-15T22:28:08.195+0500] {logging_mixin.py:154} INFO - [2023-12-15T22:28:08.194+0500] {dag.py:3722} INFO - Setting next_dagrun for example_external_task_marker_parent to None, run_after=None
[2023-12-15T22:28:08.308+0500] {processor.py:179} INFO - Processing /home/amina/miniconda/lib/python3.11/site-packages/airflow/example_dags/example_external_task_marker_dag.py took 0.203 seconds
[2023-12-15T22:29:28.597+0500] {processor.py:157} INFO - Started process (PID=10696) to work on /home/amina/miniconda/lib/python3.11/site-packages/airflow/example_dags/example_external_task_marker_dag.py
[2023-12-15T22:29:28.639+0500] {processor.py:829} INFO - Processing file /home/amina/miniconda/lib/python3.11/site-packages/airflow/example_dags/example_external_task_marker_dag.py for tasks to queue
[2023-12-15T22:29:28.640+0500] {logging_mixin.py:154} INFO - [2023-12-15T22:29:28.640+0500] {dagbag.py:536} INFO - Filling up the DagBag from /home/amina/miniconda/lib/python3.11/site-packages/airflow/example_dags/example_external_task_marker_dag.py
[2023-12-15T22:29:28.648+0500] {processor.py:839} INFO - DAG(s) dict_keys(['example_external_task_marker_child', 'example_external_task_marker_parent']) retrieved from /home/amina/miniconda/lib/python3.11/site-packages/airflow/example_dags/example_external_task_marker_dag.py
[2023-12-15T22:29:28.669+0500] {logging_mixin.py:154} INFO - [2023-12-15T22:29:28.669+0500] {dag.py:2941} INFO - Sync 2 DAGs
[2023-12-15T22:29:28.682+0500] {logging_mixin.py:154} INFO - [2023-12-15T22:29:28.682+0500] {dag.py:3722} INFO - Setting next_dagrun for example_external_task_marker_child to None, run_after=None
[2023-12-15T22:29:28.686+0500] {logging_mixin.py:154} INFO - [2023-12-15T22:29:28.686+0500] {dag.py:3722} INFO - Setting next_dagrun for example_external_task_marker_parent to None, run_after=None
[2023-12-15T22:29:28.791+0500] {processor.py:179} INFO - Processing /home/amina/miniconda/lib/python3.11/site-packages/airflow/example_dags/example_external_task_marker_dag.py took 0.201 seconds
[2023-12-15T22:30:54.950+0500] {processor.py:157} INFO - Started process (PID=10802) to work on /home/amina/miniconda/lib/python3.11/site-packages/airflow/example_dags/example_external_task_marker_dag.py
[2023-12-15T22:30:54.957+0500] {processor.py:829} INFO - Processing file /home/amina/miniconda/lib/python3.11/site-packages/airflow/example_dags/example_external_task_marker_dag.py for tasks to queue
[2023-12-15T22:30:54.958+0500] {logging_mixin.py:154} INFO - [2023-12-15T22:30:54.958+0500] {dagbag.py:536} INFO - Filling up the DagBag from /home/amina/miniconda/lib/python3.11/site-packages/airflow/example_dags/example_external_task_marker_dag.py
[2023-12-15T22:30:54.965+0500] {processor.py:839} INFO - DAG(s) dict_keys(['example_external_task_marker_child', 'example_external_task_marker_parent']) retrieved from /home/amina/miniconda/lib/python3.11/site-packages/airflow/example_dags/example_external_task_marker_dag.py
[2023-12-15T22:30:54.993+0500] {logging_mixin.py:154} INFO - [2023-12-15T22:30:54.992+0500] {dag.py:2941} INFO - Sync 2 DAGs
[2023-12-15T22:30:55.010+0500] {logging_mixin.py:154} INFO - [2023-12-15T22:30:55.010+0500] {dag.py:3722} INFO - Setting next_dagrun for example_external_task_marker_child to None, run_after=None
[2023-12-15T22:30:55.014+0500] {logging_mixin.py:154} INFO - [2023-12-15T22:30:55.014+0500] {dag.py:3722} INFO - Setting next_dagrun for example_external_task_marker_parent to None, run_after=None
[2023-12-15T22:30:55.147+0500] {processor.py:179} INFO - Processing /home/amina/miniconda/lib/python3.11/site-packages/airflow/example_dags/example_external_task_marker_dag.py took 0.200 seconds
[2023-12-15T22:31:49.463+0500] {processor.py:157} INFO - Started process (PID=10856) to work on /home/amina/miniconda/lib/python3.11/site-packages/airflow/example_dags/example_external_task_marker_dag.py
[2023-12-15T22:31:49.479+0500] {processor.py:829} INFO - Processing file /home/amina/miniconda/lib/python3.11/site-packages/airflow/example_dags/example_external_task_marker_dag.py for tasks to queue
[2023-12-15T22:31:49.481+0500] {logging_mixin.py:154} INFO - [2023-12-15T22:31:49.480+0500] {dagbag.py:536} INFO - Filling up the DagBag from /home/amina/miniconda/lib/python3.11/site-packages/airflow/example_dags/example_external_task_marker_dag.py
[2023-12-15T22:31:49.488+0500] {processor.py:839} INFO - DAG(s) dict_keys(['example_external_task_marker_parent', 'example_external_task_marker_child']) retrieved from /home/amina/miniconda/lib/python3.11/site-packages/airflow/example_dags/example_external_task_marker_dag.py
[2023-12-15T22:31:49.508+0500] {logging_mixin.py:154} INFO - [2023-12-15T22:31:49.508+0500] {dag.py:2941} INFO - Sync 2 DAGs
[2023-12-15T22:31:49.521+0500] {logging_mixin.py:154} INFO - [2023-12-15T22:31:49.521+0500] {dag.py:3722} INFO - Setting next_dagrun for example_external_task_marker_child to None, run_after=None
[2023-12-15T22:31:49.524+0500] {logging_mixin.py:154} INFO - [2023-12-15T22:31:49.524+0500] {dag.py:3722} INFO - Setting next_dagrun for example_external_task_marker_parent to None, run_after=None
[2023-12-15T22:31:49.624+0500] {processor.py:179} INFO - Processing /home/amina/miniconda/lib/python3.11/site-packages/airflow/example_dags/example_external_task_marker_dag.py took 0.165 seconds
[2023-12-15T22:33:09.810+0500] {processor.py:157} INFO - Started process (PID=10942) to work on /home/amina/miniconda/lib/python3.11/site-packages/airflow/example_dags/example_external_task_marker_dag.py
[2023-12-15T22:33:09.851+0500] {processor.py:829} INFO - Processing file /home/amina/miniconda/lib/python3.11/site-packages/airflow/example_dags/example_external_task_marker_dag.py for tasks to queue
[2023-12-15T22:33:09.852+0500] {logging_mixin.py:154} INFO - [2023-12-15T22:33:09.852+0500] {dagbag.py:536} INFO - Filling up the DagBag from /home/amina/miniconda/lib/python3.11/site-packages/airflow/example_dags/example_external_task_marker_dag.py
[2023-12-15T22:33:09.860+0500] {processor.py:839} INFO - DAG(s) dict_keys(['example_external_task_marker_child', 'example_external_task_marker_parent']) retrieved from /home/amina/miniconda/lib/python3.11/site-packages/airflow/example_dags/example_external_task_marker_dag.py
[2023-12-15T22:33:09.899+0500] {logging_mixin.py:154} INFO - [2023-12-15T22:33:09.899+0500] {dag.py:2941} INFO - Sync 2 DAGs
[2023-12-15T22:33:09.918+0500] {logging_mixin.py:154} INFO - [2023-12-15T22:33:09.918+0500] {dag.py:3722} INFO - Setting next_dagrun for example_external_task_marker_child to None, run_after=None
[2023-12-15T22:33:09.923+0500] {logging_mixin.py:154} INFO - [2023-12-15T22:33:09.923+0500] {dag.py:3722} INFO - Setting next_dagrun for example_external_task_marker_parent to None, run_after=None
[2023-12-15T22:33:10.054+0500] {processor.py:179} INFO - Processing /home/amina/miniconda/lib/python3.11/site-packages/airflow/example_dags/example_external_task_marker_dag.py took 0.248 seconds
[2023-12-15T22:34:30.264+0500] {processor.py:157} INFO - Started process (PID=11034) to work on /home/amina/miniconda/lib/python3.11/site-packages/airflow/example_dags/example_external_task_marker_dag.py
[2023-12-15T22:34:30.318+0500] {processor.py:829} INFO - Processing file /home/amina/miniconda/lib/python3.11/site-packages/airflow/example_dags/example_external_task_marker_dag.py for tasks to queue
[2023-12-15T22:34:30.319+0500] {logging_mixin.py:154} INFO - [2023-12-15T22:34:30.318+0500] {dagbag.py:536} INFO - Filling up the DagBag from /home/amina/miniconda/lib/python3.11/site-packages/airflow/example_dags/example_external_task_marker_dag.py
[2023-12-15T22:34:30.326+0500] {processor.py:839} INFO - DAG(s) dict_keys(['example_external_task_marker_child', 'example_external_task_marker_parent']) retrieved from /home/amina/miniconda/lib/python3.11/site-packages/airflow/example_dags/example_external_task_marker_dag.py
[2023-12-15T22:34:30.347+0500] {logging_mixin.py:154} INFO - [2023-12-15T22:34:30.347+0500] {dag.py:2941} INFO - Sync 2 DAGs
[2023-12-15T22:34:30.361+0500] {logging_mixin.py:154} INFO - [2023-12-15T22:34:30.360+0500] {dag.py:3722} INFO - Setting next_dagrun for example_external_task_marker_child to None, run_after=None
[2023-12-15T22:34:30.363+0500] {logging_mixin.py:154} INFO - [2023-12-15T22:34:30.363+0500] {dag.py:3722} INFO - Setting next_dagrun for example_external_task_marker_parent to None, run_after=None
[2023-12-15T22:34:30.467+0500] {processor.py:179} INFO - Processing /home/amina/miniconda/lib/python3.11/site-packages/airflow/example_dags/example_external_task_marker_dag.py took 0.206 seconds
[2023-12-15T22:35:25.366+0500] {processor.py:157} INFO - Started process (PID=11102) to work on /home/amina/miniconda/lib/python3.11/site-packages/airflow/example_dags/example_external_task_marker_dag.py
[2023-12-15T22:35:25.434+0500] {processor.py:829} INFO - Processing file /home/amina/miniconda/lib/python3.11/site-packages/airflow/example_dags/example_external_task_marker_dag.py for tasks to queue
[2023-12-15T22:35:25.435+0500] {logging_mixin.py:154} INFO - [2023-12-15T22:35:25.435+0500] {dagbag.py:536} INFO - Filling up the DagBag from /home/amina/miniconda/lib/python3.11/site-packages/airflow/example_dags/example_external_task_marker_dag.py
[2023-12-15T22:35:25.441+0500] {processor.py:839} INFO - DAG(s) dict_keys(['example_external_task_marker_parent', 'example_external_task_marker_child']) retrieved from /home/amina/miniconda/lib/python3.11/site-packages/airflow/example_dags/example_external_task_marker_dag.py
[2023-12-15T22:35:25.462+0500] {logging_mixin.py:154} INFO - [2023-12-15T22:35:25.462+0500] {dag.py:2941} INFO - Sync 2 DAGs
[2023-12-15T22:35:25.476+0500] {logging_mixin.py:154} INFO - [2023-12-15T22:35:25.476+0500] {dag.py:3722} INFO - Setting next_dagrun for example_external_task_marker_child to None, run_after=None
[2023-12-15T22:35:25.479+0500] {logging_mixin.py:154} INFO - [2023-12-15T22:35:25.479+0500] {dag.py:3722} INFO - Setting next_dagrun for example_external_task_marker_parent to None, run_after=None
[2023-12-15T22:35:25.611+0500] {processor.py:179} INFO - Processing /home/amina/miniconda/lib/python3.11/site-packages/airflow/example_dags/example_external_task_marker_dag.py took 0.249 seconds
[2023-12-15T22:36:20.064+0500] {processor.py:157} INFO - Started process (PID=11161) to work on /home/amina/miniconda/lib/python3.11/site-packages/airflow/example_dags/example_external_task_marker_dag.py
[2023-12-15T22:36:20.108+0500] {processor.py:829} INFO - Processing file /home/amina/miniconda/lib/python3.11/site-packages/airflow/example_dags/example_external_task_marker_dag.py for tasks to queue
[2023-12-15T22:36:20.109+0500] {logging_mixin.py:154} INFO - [2023-12-15T22:36:20.108+0500] {dagbag.py:536} INFO - Filling up the DagBag from /home/amina/miniconda/lib/python3.11/site-packages/airflow/example_dags/example_external_task_marker_dag.py
[2023-12-15T22:36:20.114+0500] {processor.py:839} INFO - DAG(s) dict_keys(['example_external_task_marker_parent', 'example_external_task_marker_child']) retrieved from /home/amina/miniconda/lib/python3.11/site-packages/airflow/example_dags/example_external_task_marker_dag.py
[2023-12-15T22:36:20.133+0500] {logging_mixin.py:154} INFO - [2023-12-15T22:36:20.132+0500] {dag.py:2941} INFO - Sync 2 DAGs
[2023-12-15T22:36:20.143+0500] {logging_mixin.py:154} INFO - [2023-12-15T22:36:20.143+0500] {dag.py:3722} INFO - Setting next_dagrun for example_external_task_marker_child to None, run_after=None
[2023-12-15T22:36:20.147+0500] {logging_mixin.py:154} INFO - [2023-12-15T22:36:20.147+0500] {dag.py:3722} INFO - Setting next_dagrun for example_external_task_marker_parent to None, run_after=None
[2023-12-15T22:36:20.319+0500] {processor.py:179} INFO - Processing /home/amina/miniconda/lib/python3.11/site-packages/airflow/example_dags/example_external_task_marker_dag.py took 0.259 seconds
[2023-12-15T22:37:16.813+0500] {processor.py:157} INFO - Started process (PID=11218) to work on /home/amina/miniconda/lib/python3.11/site-packages/airflow/example_dags/example_external_task_marker_dag.py
[2023-12-15T22:37:16.879+0500] {processor.py:829} INFO - Processing file /home/amina/miniconda/lib/python3.11/site-packages/airflow/example_dags/example_external_task_marker_dag.py for tasks to queue
[2023-12-15T22:37:16.880+0500] {logging_mixin.py:154} INFO - [2023-12-15T22:37:16.879+0500] {dagbag.py:536} INFO - Filling up the DagBag from /home/amina/miniconda/lib/python3.11/site-packages/airflow/example_dags/example_external_task_marker_dag.py
[2023-12-15T22:37:16.885+0500] {processor.py:839} INFO - DAG(s) dict_keys(['example_external_task_marker_parent', 'example_external_task_marker_child']) retrieved from /home/amina/miniconda/lib/python3.11/site-packages/airflow/example_dags/example_external_task_marker_dag.py
[2023-12-15T22:37:16.906+0500] {logging_mixin.py:154} INFO - [2023-12-15T22:37:16.906+0500] {dag.py:2941} INFO - Sync 2 DAGs
[2023-12-15T22:37:16.919+0500] {logging_mixin.py:154} INFO - [2023-12-15T22:37:16.919+0500] {dag.py:3722} INFO - Setting next_dagrun for example_external_task_marker_child to None, run_after=None
[2023-12-15T22:37:16.922+0500] {logging_mixin.py:154} INFO - [2023-12-15T22:37:16.922+0500] {dag.py:3722} INFO - Setting next_dagrun for example_external_task_marker_parent to None, run_after=None
[2023-12-15T22:37:17.020+0500] {processor.py:179} INFO - Processing /home/amina/miniconda/lib/python3.11/site-packages/airflow/example_dags/example_external_task_marker_dag.py took 0.211 seconds
[2023-12-15T22:38:12.536+0500] {processor.py:157} INFO - Started process (PID=11274) to work on /home/amina/miniconda/lib/python3.11/site-packages/airflow/example_dags/example_external_task_marker_dag.py
[2023-12-15T22:38:12.605+0500] {processor.py:829} INFO - Processing file /home/amina/miniconda/lib/python3.11/site-packages/airflow/example_dags/example_external_task_marker_dag.py for tasks to queue
[2023-12-15T22:38:12.606+0500] {logging_mixin.py:154} INFO - [2023-12-15T22:38:12.606+0500] {dagbag.py:536} INFO - Filling up the DagBag from /home/amina/miniconda/lib/python3.11/site-packages/airflow/example_dags/example_external_task_marker_dag.py
[2023-12-15T22:38:12.612+0500] {processor.py:839} INFO - DAG(s) dict_keys(['example_external_task_marker_child', 'example_external_task_marker_parent']) retrieved from /home/amina/miniconda/lib/python3.11/site-packages/airflow/example_dags/example_external_task_marker_dag.py
[2023-12-15T22:38:12.635+0500] {logging_mixin.py:154} INFO - [2023-12-15T22:38:12.635+0500] {dag.py:2941} INFO - Sync 2 DAGs
[2023-12-15T22:38:12.649+0500] {logging_mixin.py:154} INFO - [2023-12-15T22:38:12.649+0500] {dag.py:3722} INFO - Setting next_dagrun for example_external_task_marker_child to None, run_after=None
[2023-12-15T22:38:12.654+0500] {logging_mixin.py:154} INFO - [2023-12-15T22:38:12.654+0500] {dag.py:3722} INFO - Setting next_dagrun for example_external_task_marker_parent to None, run_after=None
[2023-12-15T22:38:12.754+0500] {processor.py:179} INFO - Processing /home/amina/miniconda/lib/python3.11/site-packages/airflow/example_dags/example_external_task_marker_dag.py took 0.224 seconds
[2023-12-15T22:39:31.349+0500] {processor.py:157} INFO - Started process (PID=11362) to work on /home/amina/miniconda/lib/python3.11/site-packages/airflow/example_dags/example_external_task_marker_dag.py
[2023-12-15T22:39:31.404+0500] {processor.py:829} INFO - Processing file /home/amina/miniconda/lib/python3.11/site-packages/airflow/example_dags/example_external_task_marker_dag.py for tasks to queue
[2023-12-15T22:39:31.405+0500] {logging_mixin.py:154} INFO - [2023-12-15T22:39:31.405+0500] {dagbag.py:536} INFO - Filling up the DagBag from /home/amina/miniconda/lib/python3.11/site-packages/airflow/example_dags/example_external_task_marker_dag.py
[2023-12-15T22:39:31.413+0500] {processor.py:839} INFO - DAG(s) dict_keys(['example_external_task_marker_parent', 'example_external_task_marker_child']) retrieved from /home/amina/miniconda/lib/python3.11/site-packages/airflow/example_dags/example_external_task_marker_dag.py
[2023-12-15T22:39:31.434+0500] {logging_mixin.py:154} INFO - [2023-12-15T22:39:31.433+0500] {dag.py:2941} INFO - Sync 2 DAGs
[2023-12-15T22:39:31.447+0500] {logging_mixin.py:154} INFO - [2023-12-15T22:39:31.447+0500] {dag.py:3722} INFO - Setting next_dagrun for example_external_task_marker_child to None, run_after=None
[2023-12-15T22:39:31.450+0500] {logging_mixin.py:154} INFO - [2023-12-15T22:39:31.450+0500] {dag.py:3722} INFO - Setting next_dagrun for example_external_task_marker_parent to None, run_after=None
[2023-12-15T22:39:31.576+0500] {processor.py:179} INFO - Processing /home/amina/miniconda/lib/python3.11/site-packages/airflow/example_dags/example_external_task_marker_dag.py took 0.230 seconds
[2023-12-15T22:40:54.218+0500] {processor.py:157} INFO - Started process (PID=11521) to work on /home/amina/miniconda/lib/python3.11/site-packages/airflow/example_dags/example_external_task_marker_dag.py
[2023-12-15T22:40:54.245+0500] {processor.py:829} INFO - Processing file /home/amina/miniconda/lib/python3.11/site-packages/airflow/example_dags/example_external_task_marker_dag.py for tasks to queue
[2023-12-15T22:40:54.246+0500] {logging_mixin.py:154} INFO - [2023-12-15T22:40:54.246+0500] {dagbag.py:536} INFO - Filling up the DagBag from /home/amina/miniconda/lib/python3.11/site-packages/airflow/example_dags/example_external_task_marker_dag.py
[2023-12-15T22:40:54.251+0500] {processor.py:839} INFO - DAG(s) dict_keys(['example_external_task_marker_child', 'example_external_task_marker_parent']) retrieved from /home/amina/miniconda/lib/python3.11/site-packages/airflow/example_dags/example_external_task_marker_dag.py
[2023-12-15T22:40:54.272+0500] {logging_mixin.py:154} INFO - [2023-12-15T22:40:54.272+0500] {dag.py:2941} INFO - Sync 2 DAGs
[2023-12-15T22:40:54.283+0500] {logging_mixin.py:154} INFO - [2023-12-15T22:40:54.282+0500] {dag.py:3722} INFO - Setting next_dagrun for example_external_task_marker_child to None, run_after=None
[2023-12-15T22:40:54.285+0500] {logging_mixin.py:154} INFO - [2023-12-15T22:40:54.285+0500] {dag.py:3722} INFO - Setting next_dagrun for example_external_task_marker_parent to None, run_after=None
[2023-12-15T22:40:54.403+0500] {processor.py:179} INFO - Processing /home/amina/miniconda/lib/python3.11/site-packages/airflow/example_dags/example_external_task_marker_dag.py took 0.188 seconds
[2023-12-15T22:41:48.962+0500] {processor.py:157} INFO - Started process (PID=11600) to work on /home/amina/miniconda/lib/python3.11/site-packages/airflow/example_dags/example_external_task_marker_dag.py
[2023-12-15T22:41:48.973+0500] {processor.py:829} INFO - Processing file /home/amina/miniconda/lib/python3.11/site-packages/airflow/example_dags/example_external_task_marker_dag.py for tasks to queue
[2023-12-15T22:41:48.973+0500] {logging_mixin.py:154} INFO - [2023-12-15T22:41:48.973+0500] {dagbag.py:536} INFO - Filling up the DagBag from /home/amina/miniconda/lib/python3.11/site-packages/airflow/example_dags/example_external_task_marker_dag.py
[2023-12-15T22:41:48.980+0500] {processor.py:839} INFO - DAG(s) dict_keys(['example_external_task_marker_child', 'example_external_task_marker_parent']) retrieved from /home/amina/miniconda/lib/python3.11/site-packages/airflow/example_dags/example_external_task_marker_dag.py
[2023-12-15T22:41:49.003+0500] {logging_mixin.py:154} INFO - [2023-12-15T22:41:49.003+0500] {dag.py:2941} INFO - Sync 2 DAGs
[2023-12-15T22:41:49.020+0500] {logging_mixin.py:154} INFO - [2023-12-15T22:41:49.020+0500] {dag.py:3722} INFO - Setting next_dagrun for example_external_task_marker_child to None, run_after=None
[2023-12-15T22:41:49.024+0500] {logging_mixin.py:154} INFO - [2023-12-15T22:41:49.023+0500] {dag.py:3722} INFO - Setting next_dagrun for example_external_task_marker_parent to None, run_after=None
[2023-12-15T22:41:49.112+0500] {processor.py:179} INFO - Processing /home/amina/miniconda/lib/python3.11/site-packages/airflow/example_dags/example_external_task_marker_dag.py took 0.152 seconds
[2023-12-15T22:43:14.256+0500] {processor.py:157} INFO - Started process (PID=11682) to work on /home/amina/miniconda/lib/python3.11/site-packages/airflow/example_dags/example_external_task_marker_dag.py
[2023-12-15T22:43:14.345+0500] {processor.py:829} INFO - Processing file /home/amina/miniconda/lib/python3.11/site-packages/airflow/example_dags/example_external_task_marker_dag.py for tasks to queue
[2023-12-15T22:43:14.346+0500] {logging_mixin.py:154} INFO - [2023-12-15T22:43:14.346+0500] {dagbag.py:536} INFO - Filling up the DagBag from /home/amina/miniconda/lib/python3.11/site-packages/airflow/example_dags/example_external_task_marker_dag.py
[2023-12-15T22:43:14.352+0500] {processor.py:839} INFO - DAG(s) dict_keys(['example_external_task_marker_parent', 'example_external_task_marker_child']) retrieved from /home/amina/miniconda/lib/python3.11/site-packages/airflow/example_dags/example_external_task_marker_dag.py
[2023-12-15T22:43:14.369+0500] {logging_mixin.py:154} INFO - [2023-12-15T22:43:14.369+0500] {dag.py:2941} INFO - Sync 2 DAGs
[2023-12-15T22:43:14.380+0500] {logging_mixin.py:154} INFO - [2023-12-15T22:43:14.380+0500] {dag.py:3722} INFO - Setting next_dagrun for example_external_task_marker_child to None, run_after=None
[2023-12-15T22:43:14.383+0500] {logging_mixin.py:154} INFO - [2023-12-15T22:43:14.383+0500] {dag.py:3722} INFO - Setting next_dagrun for example_external_task_marker_parent to None, run_after=None
[2023-12-15T22:43:14.955+0500] {processor.py:179} INFO - Processing /home/amina/miniconda/lib/python3.11/site-packages/airflow/example_dags/example_external_task_marker_dag.py took 0.701 seconds
