[2023-12-15T21:43:21.383+0500] {processor.py:157} INFO - Started process (PID=7497) to work on /home/amina/miniconda/lib/python3.11/site-packages/airflow/example_dags/example_xcom.py
[2023-12-15T21:43:21.384+0500] {processor.py:829} INFO - Processing file /home/amina/miniconda/lib/python3.11/site-packages/airflow/example_dags/example_xcom.py for tasks to queue
[2023-12-15T21:43:21.385+0500] {logging_mixin.py:154} INFO - [2023-12-15T21:43:21.384+0500] {dagbag.py:536} INFO - Filling up the DagBag from /home/amina/miniconda/lib/python3.11/site-packages/airflow/example_dags/example_xcom.py
[2023-12-15T21:43:21.397+0500] {processor.py:839} INFO - DAG(s) dict_keys(['example_xcom']) retrieved from /home/amina/miniconda/lib/python3.11/site-packages/airflow/example_dags/example_xcom.py
[2023-12-15T21:43:21.418+0500] {logging_mixin.py:154} INFO - [2023-12-15T21:43:21.418+0500] {dag.py:2941} INFO - Sync 1 DAGs
[2023-12-15T21:43:21.442+0500] {logging_mixin.py:154} INFO - [2023-12-15T21:43:21.442+0500] {dag.py:3722} INFO - Setting next_dagrun for example_xcom to 2021-01-01T00:00:00+00:00, run_after=2021-01-01T00:00:00+00:00
[2023-12-15T21:43:21.543+0500] {processor.py:179} INFO - Processing /home/amina/miniconda/lib/python3.11/site-packages/airflow/example_dags/example_xcom.py took 0.164 seconds
[2023-12-15T21:44:16.295+0500] {processor.py:157} INFO - Started process (PID=7548) to work on /home/amina/miniconda/lib/python3.11/site-packages/airflow/example_dags/example_xcom.py
[2023-12-15T21:44:16.318+0500] {processor.py:829} INFO - Processing file /home/amina/miniconda/lib/python3.11/site-packages/airflow/example_dags/example_xcom.py for tasks to queue
[2023-12-15T21:44:16.319+0500] {logging_mixin.py:154} INFO - [2023-12-15T21:44:16.319+0500] {dagbag.py:536} INFO - Filling up the DagBag from /home/amina/miniconda/lib/python3.11/site-packages/airflow/example_dags/example_xcom.py
[2023-12-15T21:44:16.326+0500] {processor.py:839} INFO - DAG(s) dict_keys(['example_xcom']) retrieved from /home/amina/miniconda/lib/python3.11/site-packages/airflow/example_dags/example_xcom.py
[2023-12-15T21:44:16.343+0500] {logging_mixin.py:154} INFO - [2023-12-15T21:44:16.343+0500] {dag.py:2941} INFO - Sync 1 DAGs
[2023-12-15T21:44:16.366+0500] {logging_mixin.py:154} INFO - [2023-12-15T21:44:16.365+0500] {dag.py:3722} INFO - Setting next_dagrun for example_xcom to 2021-01-01T00:00:00+00:00, run_after=2021-01-01T00:00:00+00:00
[2023-12-15T21:44:16.609+0500] {processor.py:179} INFO - Processing /home/amina/miniconda/lib/python3.11/site-packages/airflow/example_dags/example_xcom.py took 0.318 seconds
[2023-12-15T21:47:57.916+0500] {processor.py:157} INFO - Started process (PID=7744) to work on /home/amina/miniconda/lib/python3.11/site-packages/airflow/example_dags/example_xcom.py
[2023-12-15T21:47:57.925+0500] {processor.py:829} INFO - Processing file /home/amina/miniconda/lib/python3.11/site-packages/airflow/example_dags/example_xcom.py for tasks to queue
[2023-12-15T21:47:57.926+0500] {logging_mixin.py:154} INFO - [2023-12-15T21:47:57.925+0500] {dagbag.py:536} INFO - Filling up the DagBag from /home/amina/miniconda/lib/python3.11/site-packages/airflow/example_dags/example_xcom.py
[2023-12-15T21:47:57.936+0500] {processor.py:839} INFO - DAG(s) dict_keys(['example_xcom']) retrieved from /home/amina/miniconda/lib/python3.11/site-packages/airflow/example_dags/example_xcom.py
[2023-12-15T21:47:57.953+0500] {logging_mixin.py:154} INFO - [2023-12-15T21:47:57.953+0500] {dag.py:2941} INFO - Sync 1 DAGs
[2023-12-15T21:47:57.974+0500] {logging_mixin.py:154} INFO - [2023-12-15T21:47:57.973+0500] {dag.py:3722} INFO - Setting next_dagrun for example_xcom to 2021-01-01T00:00:00+00:00, run_after=2021-01-01T00:00:00+00:00
[2023-12-15T21:47:58.108+0500] {processor.py:179} INFO - Processing /home/amina/miniconda/lib/python3.11/site-packages/airflow/example_dags/example_xcom.py took 0.197 seconds
[2023-12-15T21:49:10.013+0500] {processor.py:157} INFO - Started process (PID=7845) to work on /home/amina/miniconda/lib/python3.11/site-packages/airflow/example_dags/example_xcom.py
[2023-12-15T21:49:10.067+0500] {processor.py:829} INFO - Processing file /home/amina/miniconda/lib/python3.11/site-packages/airflow/example_dags/example_xcom.py for tasks to queue
[2023-12-15T21:49:10.069+0500] {logging_mixin.py:154} INFO - [2023-12-15T21:49:10.068+0500] {dagbag.py:536} INFO - Filling up the DagBag from /home/amina/miniconda/lib/python3.11/site-packages/airflow/example_dags/example_xcom.py
[2023-12-15T21:49:10.079+0500] {processor.py:839} INFO - DAG(s) dict_keys(['example_xcom']) retrieved from /home/amina/miniconda/lib/python3.11/site-packages/airflow/example_dags/example_xcom.py
[2023-12-15T21:49:10.099+0500] {logging_mixin.py:154} INFO - [2023-12-15T21:49:10.099+0500] {dag.py:2941} INFO - Sync 1 DAGs
[2023-12-15T21:49:10.125+0500] {logging_mixin.py:154} INFO - [2023-12-15T21:49:10.125+0500] {dag.py:3722} INFO - Setting next_dagrun for example_xcom to 2021-01-01T00:00:00+00:00, run_after=2021-01-01T00:00:00+00:00
[2023-12-15T21:49:10.226+0500] {processor.py:179} INFO - Processing /home/amina/miniconda/lib/python3.11/site-packages/airflow/example_dags/example_xcom.py took 0.217 seconds
[2023-12-15T21:50:14.791+0500] {processor.py:157} INFO - Started process (PID=7907) to work on /home/amina/miniconda/lib/python3.11/site-packages/airflow/example_dags/example_xcom.py
[2023-12-15T21:50:14.823+0500] {processor.py:829} INFO - Processing file /home/amina/miniconda/lib/python3.11/site-packages/airflow/example_dags/example_xcom.py for tasks to queue
[2023-12-15T21:50:14.825+0500] {logging_mixin.py:154} INFO - [2023-12-15T21:50:14.824+0500] {dagbag.py:536} INFO - Filling up the DagBag from /home/amina/miniconda/lib/python3.11/site-packages/airflow/example_dags/example_xcom.py
[2023-12-15T21:50:14.833+0500] {processor.py:839} INFO - DAG(s) dict_keys(['example_xcom']) retrieved from /home/amina/miniconda/lib/python3.11/site-packages/airflow/example_dags/example_xcom.py
[2023-12-15T21:50:14.849+0500] {logging_mixin.py:154} INFO - [2023-12-15T21:50:14.849+0500] {dag.py:2941} INFO - Sync 1 DAGs
[2023-12-15T21:50:14.871+0500] {logging_mixin.py:154} INFO - [2023-12-15T21:50:14.870+0500] {dag.py:3722} INFO - Setting next_dagrun for example_xcom to 2021-01-01T00:00:00+00:00, run_after=2021-01-01T00:00:00+00:00
[2023-12-15T21:50:14.957+0500] {processor.py:179} INFO - Processing /home/amina/miniconda/lib/python3.11/site-packages/airflow/example_dags/example_xcom.py took 0.170 seconds
[2023-12-15T21:51:27.274+0500] {processor.py:157} INFO - Started process (PID=8047) to work on /home/amina/miniconda/lib/python3.11/site-packages/airflow/example_dags/example_xcom.py
[2023-12-15T21:51:27.300+0500] {processor.py:829} INFO - Processing file /home/amina/miniconda/lib/python3.11/site-packages/airflow/example_dags/example_xcom.py for tasks to queue
[2023-12-15T21:51:27.300+0500] {logging_mixin.py:154} INFO - [2023-12-15T21:51:27.300+0500] {dagbag.py:536} INFO - Filling up the DagBag from /home/amina/miniconda/lib/python3.11/site-packages/airflow/example_dags/example_xcom.py
[2023-12-15T21:51:27.308+0500] {processor.py:839} INFO - DAG(s) dict_keys(['example_xcom']) retrieved from /home/amina/miniconda/lib/python3.11/site-packages/airflow/example_dags/example_xcom.py
[2023-12-15T21:51:27.324+0500] {logging_mixin.py:154} INFO - [2023-12-15T21:51:27.324+0500] {dag.py:2941} INFO - Sync 1 DAGs
[2023-12-15T21:51:27.342+0500] {logging_mixin.py:154} INFO - [2023-12-15T21:51:27.342+0500] {dag.py:3722} INFO - Setting next_dagrun for example_xcom to 2021-01-01T00:00:00+00:00, run_after=2021-01-01T00:00:00+00:00
[2023-12-15T21:51:27.468+0500] {processor.py:179} INFO - Processing /home/amina/miniconda/lib/python3.11/site-packages/airflow/example_dags/example_xcom.py took 0.197 seconds
[2023-12-15T21:53:10.912+0500] {processor.py:157} INFO - Started process (PID=8138) to work on /home/amina/miniconda/lib/python3.11/site-packages/airflow/example_dags/example_xcom.py
[2023-12-15T21:53:10.955+0500] {processor.py:829} INFO - Processing file /home/amina/miniconda/lib/python3.11/site-packages/airflow/example_dags/example_xcom.py for tasks to queue
[2023-12-15T21:53:10.956+0500] {logging_mixin.py:154} INFO - [2023-12-15T21:53:10.956+0500] {dagbag.py:536} INFO - Filling up the DagBag from /home/amina/miniconda/lib/python3.11/site-packages/airflow/example_dags/example_xcom.py
[2023-12-15T21:53:10.964+0500] {processor.py:839} INFO - DAG(s) dict_keys(['example_xcom']) retrieved from /home/amina/miniconda/lib/python3.11/site-packages/airflow/example_dags/example_xcom.py
[2023-12-15T21:53:10.980+0500] {logging_mixin.py:154} INFO - [2023-12-15T21:53:10.979+0500] {dag.py:2941} INFO - Sync 1 DAGs
[2023-12-15T21:53:10.999+0500] {logging_mixin.py:154} INFO - [2023-12-15T21:53:10.998+0500] {dag.py:3722} INFO - Setting next_dagrun for example_xcom to 2021-01-01T00:00:00+00:00, run_after=2021-01-01T00:00:00+00:00
[2023-12-15T21:53:11.145+0500] {processor.py:179} INFO - Processing /home/amina/miniconda/lib/python3.11/site-packages/airflow/example_dags/example_xcom.py took 0.235 seconds
[2023-12-15T21:54:04.431+0500] {processor.py:157} INFO - Started process (PID=8204) to work on /home/amina/miniconda/lib/python3.11/site-packages/airflow/example_dags/example_xcom.py
[2023-12-15T21:54:04.450+0500] {processor.py:829} INFO - Processing file /home/amina/miniconda/lib/python3.11/site-packages/airflow/example_dags/example_xcom.py for tasks to queue
[2023-12-15T21:54:04.451+0500] {logging_mixin.py:154} INFO - [2023-12-15T21:54:04.450+0500] {dagbag.py:536} INFO - Filling up the DagBag from /home/amina/miniconda/lib/python3.11/site-packages/airflow/example_dags/example_xcom.py
[2023-12-15T21:54:04.458+0500] {processor.py:839} INFO - DAG(s) dict_keys(['example_xcom']) retrieved from /home/amina/miniconda/lib/python3.11/site-packages/airflow/example_dags/example_xcom.py
[2023-12-15T21:54:04.477+0500] {logging_mixin.py:154} INFO - [2023-12-15T21:54:04.477+0500] {dag.py:2941} INFO - Sync 1 DAGs
[2023-12-15T21:54:04.497+0500] {logging_mixin.py:154} INFO - [2023-12-15T21:54:04.497+0500] {dag.py:3722} INFO - Setting next_dagrun for example_xcom to 2021-01-01T00:00:00+00:00, run_after=2021-01-01T00:00:00+00:00
[2023-12-15T21:54:04.625+0500] {processor.py:179} INFO - Processing /home/amina/miniconda/lib/python3.11/site-packages/airflow/example_dags/example_xcom.py took 0.197 seconds
[2023-12-15T21:55:04.426+0500] {processor.py:157} INFO - Started process (PID=8278) to work on /home/amina/miniconda/lib/python3.11/site-packages/airflow/example_dags/example_xcom.py
[2023-12-15T21:55:04.435+0500] {processor.py:829} INFO - Processing file /home/amina/miniconda/lib/python3.11/site-packages/airflow/example_dags/example_xcom.py for tasks to queue
[2023-12-15T21:55:04.435+0500] {logging_mixin.py:154} INFO - [2023-12-15T21:55:04.435+0500] {dagbag.py:536} INFO - Filling up the DagBag from /home/amina/miniconda/lib/python3.11/site-packages/airflow/example_dags/example_xcom.py
[2023-12-15T21:55:04.444+0500] {processor.py:839} INFO - DAG(s) dict_keys(['example_xcom']) retrieved from /home/amina/miniconda/lib/python3.11/site-packages/airflow/example_dags/example_xcom.py
[2023-12-15T21:55:04.459+0500] {logging_mixin.py:154} INFO - [2023-12-15T21:55:04.459+0500] {dag.py:2941} INFO - Sync 1 DAGs
[2023-12-15T21:55:04.485+0500] {logging_mixin.py:154} INFO - [2023-12-15T21:55:04.484+0500] {dag.py:3722} INFO - Setting next_dagrun for example_xcom to 2021-01-01T00:00:00+00:00, run_after=2021-01-01T00:00:00+00:00
[2023-12-15T21:55:04.600+0500] {processor.py:179} INFO - Processing /home/amina/miniconda/lib/python3.11/site-packages/airflow/example_dags/example_xcom.py took 0.176 seconds
[2023-12-15T21:55:52.096+0500] {processor.py:157} INFO - Started process (PID=8329) to work on /home/amina/miniconda/lib/python3.11/site-packages/airflow/example_dags/example_xcom.py
[2023-12-15T21:55:52.123+0500] {processor.py:829} INFO - Processing file /home/amina/miniconda/lib/python3.11/site-packages/airflow/example_dags/example_xcom.py for tasks to queue
[2023-12-15T21:55:52.124+0500] {logging_mixin.py:154} INFO - [2023-12-15T21:55:52.124+0500] {dagbag.py:536} INFO - Filling up the DagBag from /home/amina/miniconda/lib/python3.11/site-packages/airflow/example_dags/example_xcom.py
[2023-12-15T21:55:52.133+0500] {processor.py:839} INFO - DAG(s) dict_keys(['example_xcom']) retrieved from /home/amina/miniconda/lib/python3.11/site-packages/airflow/example_dags/example_xcom.py
[2023-12-15T21:55:52.149+0500] {logging_mixin.py:154} INFO - [2023-12-15T21:55:52.149+0500] {dag.py:2941} INFO - Sync 1 DAGs
[2023-12-15T21:55:52.170+0500] {logging_mixin.py:154} INFO - [2023-12-15T21:55:52.170+0500] {dag.py:3722} INFO - Setting next_dagrun for example_xcom to 2021-01-01T00:00:00+00:00, run_after=2021-01-01T00:00:00+00:00
[2023-12-15T21:55:52.289+0500] {processor.py:179} INFO - Processing /home/amina/miniconda/lib/python3.11/site-packages/airflow/example_dags/example_xcom.py took 0.196 seconds
[2023-12-15T21:56:42.121+0500] {processor.py:157} INFO - Started process (PID=8379) to work on /home/amina/miniconda/lib/python3.11/site-packages/airflow/example_dags/example_xcom.py
[2023-12-15T21:56:42.139+0500] {processor.py:829} INFO - Processing file /home/amina/miniconda/lib/python3.11/site-packages/airflow/example_dags/example_xcom.py for tasks to queue
[2023-12-15T21:56:42.140+0500] {logging_mixin.py:154} INFO - [2023-12-15T21:56:42.139+0500] {dagbag.py:536} INFO - Filling up the DagBag from /home/amina/miniconda/lib/python3.11/site-packages/airflow/example_dags/example_xcom.py
[2023-12-15T21:56:42.147+0500] {processor.py:839} INFO - DAG(s) dict_keys(['example_xcom']) retrieved from /home/amina/miniconda/lib/python3.11/site-packages/airflow/example_dags/example_xcom.py
[2023-12-15T21:56:42.163+0500] {logging_mixin.py:154} INFO - [2023-12-15T21:56:42.163+0500] {dag.py:2941} INFO - Sync 1 DAGs
[2023-12-15T21:56:42.181+0500] {logging_mixin.py:154} INFO - [2023-12-15T21:56:42.181+0500] {dag.py:3722} INFO - Setting next_dagrun for example_xcom to 2021-01-01T00:00:00+00:00, run_after=2021-01-01T00:00:00+00:00
[2023-12-15T21:56:42.317+0500] {processor.py:179} INFO - Processing /home/amina/miniconda/lib/python3.11/site-packages/airflow/example_dags/example_xcom.py took 0.198 seconds
[2023-12-15T21:57:35.254+0500] {processor.py:157} INFO - Started process (PID=8444) to work on /home/amina/miniconda/lib/python3.11/site-packages/airflow/example_dags/example_xcom.py
[2023-12-15T21:57:35.261+0500] {processor.py:829} INFO - Processing file /home/amina/miniconda/lib/python3.11/site-packages/airflow/example_dags/example_xcom.py for tasks to queue
[2023-12-15T21:57:35.262+0500] {logging_mixin.py:154} INFO - [2023-12-15T21:57:35.262+0500] {dagbag.py:536} INFO - Filling up the DagBag from /home/amina/miniconda/lib/python3.11/site-packages/airflow/example_dags/example_xcom.py
[2023-12-15T21:57:35.270+0500] {processor.py:839} INFO - DAG(s) dict_keys(['example_xcom']) retrieved from /home/amina/miniconda/lib/python3.11/site-packages/airflow/example_dags/example_xcom.py
[2023-12-15T21:57:35.288+0500] {logging_mixin.py:154} INFO - [2023-12-15T21:57:35.288+0500] {dag.py:2941} INFO - Sync 1 DAGs
[2023-12-15T21:57:35.310+0500] {logging_mixin.py:154} INFO - [2023-12-15T21:57:35.310+0500] {dag.py:3722} INFO - Setting next_dagrun for example_xcom to 2021-01-01T00:00:00+00:00, run_after=2021-01-01T00:00:00+00:00
[2023-12-15T21:57:35.456+0500] {processor.py:179} INFO - Processing /home/amina/miniconda/lib/python3.11/site-packages/airflow/example_dags/example_xcom.py took 0.206 seconds
[2023-12-15T21:58:28.896+0500] {processor.py:157} INFO - Started process (PID=8501) to work on /home/amina/miniconda/lib/python3.11/site-packages/airflow/example_dags/example_xcom.py
[2023-12-15T21:58:28.920+0500] {processor.py:829} INFO - Processing file /home/amina/miniconda/lib/python3.11/site-packages/airflow/example_dags/example_xcom.py for tasks to queue
[2023-12-15T21:58:28.921+0500] {logging_mixin.py:154} INFO - [2023-12-15T21:58:28.920+0500] {dagbag.py:536} INFO - Filling up the DagBag from /home/amina/miniconda/lib/python3.11/site-packages/airflow/example_dags/example_xcom.py
[2023-12-15T21:58:28.928+0500] {processor.py:839} INFO - DAG(s) dict_keys(['example_xcom']) retrieved from /home/amina/miniconda/lib/python3.11/site-packages/airflow/example_dags/example_xcom.py
[2023-12-15T21:58:28.943+0500] {logging_mixin.py:154} INFO - [2023-12-15T21:58:28.943+0500] {dag.py:2941} INFO - Sync 1 DAGs
[2023-12-15T21:58:28.962+0500] {logging_mixin.py:154} INFO - [2023-12-15T21:58:28.962+0500] {dag.py:3722} INFO - Setting next_dagrun for example_xcom to 2021-01-01T00:00:00+00:00, run_after=2021-01-01T00:00:00+00:00
[2023-12-15T21:58:29.077+0500] {processor.py:179} INFO - Processing /home/amina/miniconda/lib/python3.11/site-packages/airflow/example_dags/example_xcom.py took 0.184 seconds
[2023-12-15T21:59:22.462+0500] {processor.py:157} INFO - Started process (PID=8562) to work on /home/amina/miniconda/lib/python3.11/site-packages/airflow/example_dags/example_xcom.py
[2023-12-15T21:59:22.484+0500] {processor.py:829} INFO - Processing file /home/amina/miniconda/lib/python3.11/site-packages/airflow/example_dags/example_xcom.py for tasks to queue
[2023-12-15T21:59:22.485+0500] {logging_mixin.py:154} INFO - [2023-12-15T21:59:22.484+0500] {dagbag.py:536} INFO - Filling up the DagBag from /home/amina/miniconda/lib/python3.11/site-packages/airflow/example_dags/example_xcom.py
[2023-12-15T21:59:22.492+0500] {processor.py:839} INFO - DAG(s) dict_keys(['example_xcom']) retrieved from /home/amina/miniconda/lib/python3.11/site-packages/airflow/example_dags/example_xcom.py
[2023-12-15T21:59:22.508+0500] {logging_mixin.py:154} INFO - [2023-12-15T21:59:22.508+0500] {dag.py:2941} INFO - Sync 1 DAGs
[2023-12-15T21:59:22.526+0500] {logging_mixin.py:154} INFO - [2023-12-15T21:59:22.526+0500] {dag.py:3722} INFO - Setting next_dagrun for example_xcom to 2021-01-01T00:00:00+00:00, run_after=2021-01-01T00:00:00+00:00
[2023-12-15T21:59:22.643+0500] {processor.py:179} INFO - Processing /home/amina/miniconda/lib/python3.11/site-packages/airflow/example_dags/example_xcom.py took 0.184 seconds
[2023-12-15T22:00:15.107+0500] {processor.py:157} INFO - Started process (PID=8621) to work on /home/amina/miniconda/lib/python3.11/site-packages/airflow/example_dags/example_xcom.py
[2023-12-15T22:00:15.133+0500] {processor.py:829} INFO - Processing file /home/amina/miniconda/lib/python3.11/site-packages/airflow/example_dags/example_xcom.py for tasks to queue
[2023-12-15T22:00:15.134+0500] {logging_mixin.py:154} INFO - [2023-12-15T22:00:15.134+0500] {dagbag.py:536} INFO - Filling up the DagBag from /home/amina/miniconda/lib/python3.11/site-packages/airflow/example_dags/example_xcom.py
[2023-12-15T22:00:15.142+0500] {processor.py:839} INFO - DAG(s) dict_keys(['example_xcom']) retrieved from /home/amina/miniconda/lib/python3.11/site-packages/airflow/example_dags/example_xcom.py
[2023-12-15T22:00:15.157+0500] {logging_mixin.py:154} INFO - [2023-12-15T22:00:15.157+0500] {dag.py:2941} INFO - Sync 1 DAGs
[2023-12-15T22:00:15.175+0500] {logging_mixin.py:154} INFO - [2023-12-15T22:00:15.175+0500] {dag.py:3722} INFO - Setting next_dagrun for example_xcom to 2021-01-01T00:00:00+00:00, run_after=2021-01-01T00:00:00+00:00
[2023-12-15T22:00:15.286+0500] {processor.py:179} INFO - Processing /home/amina/miniconda/lib/python3.11/site-packages/airflow/example_dags/example_xcom.py took 0.182 seconds
[2023-12-15T22:01:11.798+0500] {processor.py:157} INFO - Started process (PID=8703) to work on /home/amina/miniconda/lib/python3.11/site-packages/airflow/example_dags/example_xcom.py
[2023-12-15T22:01:11.814+0500] {processor.py:829} INFO - Processing file /home/amina/miniconda/lib/python3.11/site-packages/airflow/example_dags/example_xcom.py for tasks to queue
[2023-12-15T22:01:11.815+0500] {logging_mixin.py:154} INFO - [2023-12-15T22:01:11.815+0500] {dagbag.py:536} INFO - Filling up the DagBag from /home/amina/miniconda/lib/python3.11/site-packages/airflow/example_dags/example_xcom.py
[2023-12-15T22:01:11.823+0500] {processor.py:839} INFO - DAG(s) dict_keys(['example_xcom']) retrieved from /home/amina/miniconda/lib/python3.11/site-packages/airflow/example_dags/example_xcom.py
[2023-12-15T22:01:11.839+0500] {logging_mixin.py:154} INFO - [2023-12-15T22:01:11.839+0500] {dag.py:2941} INFO - Sync 1 DAGs
[2023-12-15T22:01:11.857+0500] {logging_mixin.py:154} INFO - [2023-12-15T22:01:11.857+0500] {dag.py:3722} INFO - Setting next_dagrun for example_xcom to 2021-01-01T00:00:00+00:00, run_after=2021-01-01T00:00:00+00:00
[2023-12-15T22:01:11.956+0500] {processor.py:179} INFO - Processing /home/amina/miniconda/lib/python3.11/site-packages/airflow/example_dags/example_xcom.py took 0.161 seconds
[2023-12-15T22:02:01.738+0500] {processor.py:157} INFO - Started process (PID=8761) to work on /home/amina/miniconda/lib/python3.11/site-packages/airflow/example_dags/example_xcom.py
[2023-12-15T22:02:01.768+0500] {processor.py:829} INFO - Processing file /home/amina/miniconda/lib/python3.11/site-packages/airflow/example_dags/example_xcom.py for tasks to queue
[2023-12-15T22:02:01.769+0500] {logging_mixin.py:154} INFO - [2023-12-15T22:02:01.768+0500] {dagbag.py:536} INFO - Filling up the DagBag from /home/amina/miniconda/lib/python3.11/site-packages/airflow/example_dags/example_xcom.py
[2023-12-15T22:02:01.776+0500] {processor.py:839} INFO - DAG(s) dict_keys(['example_xcom']) retrieved from /home/amina/miniconda/lib/python3.11/site-packages/airflow/example_dags/example_xcom.py
[2023-12-15T22:02:01.791+0500] {logging_mixin.py:154} INFO - [2023-12-15T22:02:01.791+0500] {dag.py:2941} INFO - Sync 1 DAGs
[2023-12-15T22:02:01.809+0500] {logging_mixin.py:154} INFO - [2023-12-15T22:02:01.809+0500] {dag.py:3722} INFO - Setting next_dagrun for example_xcom to 2021-01-01T00:00:00+00:00, run_after=2021-01-01T00:00:00+00:00
[2023-12-15T22:02:01.923+0500] {processor.py:179} INFO - Processing /home/amina/miniconda/lib/python3.11/site-packages/airflow/example_dags/example_xcom.py took 0.188 seconds
[2023-12-15T22:02:54.114+0500] {processor.py:157} INFO - Started process (PID=8818) to work on /home/amina/miniconda/lib/python3.11/site-packages/airflow/example_dags/example_xcom.py
[2023-12-15T22:02:54.136+0500] {processor.py:829} INFO - Processing file /home/amina/miniconda/lib/python3.11/site-packages/airflow/example_dags/example_xcom.py for tasks to queue
[2023-12-15T22:02:54.137+0500] {logging_mixin.py:154} INFO - [2023-12-15T22:02:54.136+0500] {dagbag.py:536} INFO - Filling up the DagBag from /home/amina/miniconda/lib/python3.11/site-packages/airflow/example_dags/example_xcom.py
[2023-12-15T22:02:54.147+0500] {processor.py:839} INFO - DAG(s) dict_keys(['example_xcom']) retrieved from /home/amina/miniconda/lib/python3.11/site-packages/airflow/example_dags/example_xcom.py
[2023-12-15T22:02:54.165+0500] {logging_mixin.py:154} INFO - [2023-12-15T22:02:54.165+0500] {dag.py:2941} INFO - Sync 1 DAGs
[2023-12-15T22:02:54.184+0500] {logging_mixin.py:154} INFO - [2023-12-15T22:02:54.184+0500] {dag.py:3722} INFO - Setting next_dagrun for example_xcom to 2021-01-01T00:00:00+00:00, run_after=2021-01-01T00:00:00+00:00
[2023-12-15T22:02:54.308+0500] {processor.py:179} INFO - Processing /home/amina/miniconda/lib/python3.11/site-packages/airflow/example_dags/example_xcom.py took 0.197 seconds
[2023-12-15T22:04:02.257+0500] {processor.py:157} INFO - Started process (PID=8894) to work on /home/amina/miniconda/lib/python3.11/site-packages/airflow/example_dags/example_xcom.py
[2023-12-15T22:04:02.270+0500] {processor.py:829} INFO - Processing file /home/amina/miniconda/lib/python3.11/site-packages/airflow/example_dags/example_xcom.py for tasks to queue
[2023-12-15T22:04:02.272+0500] {logging_mixin.py:154} INFO - [2023-12-15T22:04:02.271+0500] {dagbag.py:536} INFO - Filling up the DagBag from /home/amina/miniconda/lib/python3.11/site-packages/airflow/example_dags/example_xcom.py
[2023-12-15T22:04:02.282+0500] {processor.py:839} INFO - DAG(s) dict_keys(['example_xcom']) retrieved from /home/amina/miniconda/lib/python3.11/site-packages/airflow/example_dags/example_xcom.py
[2023-12-15T22:04:02.300+0500] {logging_mixin.py:154} INFO - [2023-12-15T22:04:02.300+0500] {dag.py:2941} INFO - Sync 1 DAGs
[2023-12-15T22:04:02.325+0500] {logging_mixin.py:154} INFO - [2023-12-15T22:04:02.325+0500] {dag.py:3722} INFO - Setting next_dagrun for example_xcom to 2021-01-01T00:00:00+00:00, run_after=2021-01-01T00:00:00+00:00
[2023-12-15T22:04:02.463+0500] {processor.py:179} INFO - Processing /home/amina/miniconda/lib/python3.11/site-packages/airflow/example_dags/example_xcom.py took 0.210 seconds
[2023-12-15T22:05:08.860+0500] {processor.py:157} INFO - Started process (PID=8968) to work on /home/amina/miniconda/lib/python3.11/site-packages/airflow/example_dags/example_xcom.py
[2023-12-15T22:05:08.864+0500] {processor.py:829} INFO - Processing file /home/amina/miniconda/lib/python3.11/site-packages/airflow/example_dags/example_xcom.py for tasks to queue
[2023-12-15T22:05:08.866+0500] {logging_mixin.py:154} INFO - [2023-12-15T22:05:08.865+0500] {dagbag.py:536} INFO - Filling up the DagBag from /home/amina/miniconda/lib/python3.11/site-packages/airflow/example_dags/example_xcom.py
[2023-12-15T22:05:08.874+0500] {processor.py:839} INFO - DAG(s) dict_keys(['example_xcom']) retrieved from /home/amina/miniconda/lib/python3.11/site-packages/airflow/example_dags/example_xcom.py
[2023-12-15T22:05:08.892+0500] {logging_mixin.py:154} INFO - [2023-12-15T22:05:08.891+0500] {dag.py:2941} INFO - Sync 1 DAGs
[2023-12-15T22:05:08.912+0500] {logging_mixin.py:154} INFO - [2023-12-15T22:05:08.911+0500] {dag.py:3722} INFO - Setting next_dagrun for example_xcom to 2021-01-01T00:00:00+00:00, run_after=2021-01-01T00:00:00+00:00
[2023-12-15T22:05:09.014+0500] {processor.py:179} INFO - Processing /home/amina/miniconda/lib/python3.11/site-packages/airflow/example_dags/example_xcom.py took 0.158 seconds
[2023-12-15T22:06:07.388+0500] {processor.py:157} INFO - Started process (PID=9034) to work on /home/amina/miniconda/lib/python3.11/site-packages/airflow/example_dags/example_xcom.py
[2023-12-15T22:06:07.449+0500] {processor.py:829} INFO - Processing file /home/amina/miniconda/lib/python3.11/site-packages/airflow/example_dags/example_xcom.py for tasks to queue
[2023-12-15T22:06:07.450+0500] {logging_mixin.py:154} INFO - [2023-12-15T22:06:07.449+0500] {dagbag.py:536} INFO - Filling up the DagBag from /home/amina/miniconda/lib/python3.11/site-packages/airflow/example_dags/example_xcom.py
[2023-12-15T22:06:07.458+0500] {processor.py:839} INFO - DAG(s) dict_keys(['example_xcom']) retrieved from /home/amina/miniconda/lib/python3.11/site-packages/airflow/example_dags/example_xcom.py
[2023-12-15T22:06:07.474+0500] {logging_mixin.py:154} INFO - [2023-12-15T22:06:07.474+0500] {dag.py:2941} INFO - Sync 1 DAGs
[2023-12-15T22:06:07.495+0500] {logging_mixin.py:154} INFO - [2023-12-15T22:06:07.495+0500] {dag.py:3722} INFO - Setting next_dagrun for example_xcom to 2021-01-01T00:00:00+00:00, run_after=2021-01-01T00:00:00+00:00
[2023-12-15T22:06:07.591+0500] {processor.py:179} INFO - Processing /home/amina/miniconda/lib/python3.11/site-packages/airflow/example_dags/example_xcom.py took 0.205 seconds
[2023-12-15T22:07:10.785+0500] {processor.py:157} INFO - Started process (PID=9090) to work on /home/amina/miniconda/lib/python3.11/site-packages/airflow/example_dags/example_xcom.py
[2023-12-15T22:07:10.802+0500] {processor.py:829} INFO - Processing file /home/amina/miniconda/lib/python3.11/site-packages/airflow/example_dags/example_xcom.py for tasks to queue
[2023-12-15T22:07:10.804+0500] {logging_mixin.py:154} INFO - [2023-12-15T22:07:10.803+0500] {dagbag.py:536} INFO - Filling up the DagBag from /home/amina/miniconda/lib/python3.11/site-packages/airflow/example_dags/example_xcom.py
[2023-12-15T22:07:10.823+0500] {processor.py:839} INFO - DAG(s) dict_keys(['example_xcom']) retrieved from /home/amina/miniconda/lib/python3.11/site-packages/airflow/example_dags/example_xcom.py
[2023-12-15T22:07:10.957+0500] {logging_mixin.py:154} INFO - [2023-12-15T22:07:10.957+0500] {dag.py:2941} INFO - Sync 1 DAGs
[2023-12-15T22:07:10.997+0500] {logging_mixin.py:154} INFO - [2023-12-15T22:07:10.997+0500] {dag.py:3722} INFO - Setting next_dagrun for example_xcom to 2021-01-01T00:00:00+00:00, run_after=2021-01-01T00:00:00+00:00
[2023-12-15T22:07:11.202+0500] {processor.py:179} INFO - Processing /home/amina/miniconda/lib/python3.11/site-packages/airflow/example_dags/example_xcom.py took 0.422 seconds
[2023-12-15T22:08:12.024+0500] {processor.py:157} INFO - Started process (PID=9158) to work on /home/amina/miniconda/lib/python3.11/site-packages/airflow/example_dags/example_xcom.py
[2023-12-15T22:08:12.044+0500] {processor.py:829} INFO - Processing file /home/amina/miniconda/lib/python3.11/site-packages/airflow/example_dags/example_xcom.py for tasks to queue
[2023-12-15T22:08:12.045+0500] {logging_mixin.py:154} INFO - [2023-12-15T22:08:12.045+0500] {dagbag.py:536} INFO - Filling up the DagBag from /home/amina/miniconda/lib/python3.11/site-packages/airflow/example_dags/example_xcom.py
[2023-12-15T22:08:12.054+0500] {processor.py:839} INFO - DAG(s) dict_keys(['example_xcom']) retrieved from /home/amina/miniconda/lib/python3.11/site-packages/airflow/example_dags/example_xcom.py
[2023-12-15T22:08:12.073+0500] {logging_mixin.py:154} INFO - [2023-12-15T22:08:12.073+0500] {dag.py:2941} INFO - Sync 1 DAGs
[2023-12-15T22:08:12.094+0500] {logging_mixin.py:154} INFO - [2023-12-15T22:08:12.094+0500] {dag.py:3722} INFO - Setting next_dagrun for example_xcom to 2021-01-01T00:00:00+00:00, run_after=2021-01-01T00:00:00+00:00
[2023-12-15T22:08:12.212+0500] {processor.py:179} INFO - Processing /home/amina/miniconda/lib/python3.11/site-packages/airflow/example_dags/example_xcom.py took 0.191 seconds
[2023-12-15T22:09:17.311+0500] {processor.py:157} INFO - Started process (PID=9233) to work on /home/amina/miniconda/lib/python3.11/site-packages/airflow/example_dags/example_xcom.py
[2023-12-15T22:09:17.322+0500] {processor.py:829} INFO - Processing file /home/amina/miniconda/lib/python3.11/site-packages/airflow/example_dags/example_xcom.py for tasks to queue
[2023-12-15T22:09:17.323+0500] {logging_mixin.py:154} INFO - [2023-12-15T22:09:17.323+0500] {dagbag.py:536} INFO - Filling up the DagBag from /home/amina/miniconda/lib/python3.11/site-packages/airflow/example_dags/example_xcom.py
[2023-12-15T22:09:17.331+0500] {processor.py:839} INFO - DAG(s) dict_keys(['example_xcom']) retrieved from /home/amina/miniconda/lib/python3.11/site-packages/airflow/example_dags/example_xcom.py
[2023-12-15T22:09:17.349+0500] {logging_mixin.py:154} INFO - [2023-12-15T22:09:17.349+0500] {dag.py:2941} INFO - Sync 1 DAGs
[2023-12-15T22:09:17.373+0500] {logging_mixin.py:154} INFO - [2023-12-15T22:09:17.372+0500] {dag.py:3722} INFO - Setting next_dagrun for example_xcom to 2021-01-01T00:00:00+00:00, run_after=2021-01-01T00:00:00+00:00
[2023-12-15T22:09:17.468+0500] {processor.py:179} INFO - Processing /home/amina/miniconda/lib/python3.11/site-packages/airflow/example_dags/example_xcom.py took 0.159 seconds
[2023-12-15T22:10:17.564+0500] {processor.py:157} INFO - Started process (PID=9297) to work on /home/amina/miniconda/lib/python3.11/site-packages/airflow/example_dags/example_xcom.py
[2023-12-15T22:10:17.584+0500] {processor.py:829} INFO - Processing file /home/amina/miniconda/lib/python3.11/site-packages/airflow/example_dags/example_xcom.py for tasks to queue
[2023-12-15T22:10:17.585+0500] {logging_mixin.py:154} INFO - [2023-12-15T22:10:17.584+0500] {dagbag.py:536} INFO - Filling up the DagBag from /home/amina/miniconda/lib/python3.11/site-packages/airflow/example_dags/example_xcom.py
[2023-12-15T22:10:17.594+0500] {processor.py:839} INFO - DAG(s) dict_keys(['example_xcom']) retrieved from /home/amina/miniconda/lib/python3.11/site-packages/airflow/example_dags/example_xcom.py
[2023-12-15T22:10:17.610+0500] {logging_mixin.py:154} INFO - [2023-12-15T22:10:17.610+0500] {dag.py:2941} INFO - Sync 1 DAGs
[2023-12-15T22:10:17.630+0500] {logging_mixin.py:154} INFO - [2023-12-15T22:10:17.630+0500] {dag.py:3722} INFO - Setting next_dagrun for example_xcom to 2021-01-01T00:00:00+00:00, run_after=2021-01-01T00:00:00+00:00
[2023-12-15T22:10:17.738+0500] {processor.py:179} INFO - Processing /home/amina/miniconda/lib/python3.11/site-packages/airflow/example_dags/example_xcom.py took 0.176 seconds
[2023-12-15T22:11:20.211+0500] {processor.py:157} INFO - Started process (PID=9359) to work on /home/amina/miniconda/lib/python3.11/site-packages/airflow/example_dags/example_xcom.py
[2023-12-15T22:11:20.212+0500] {processor.py:829} INFO - Processing file /home/amina/miniconda/lib/python3.11/site-packages/airflow/example_dags/example_xcom.py for tasks to queue
[2023-12-15T22:11:20.212+0500] {logging_mixin.py:154} INFO - [2023-12-15T22:11:20.212+0500] {dagbag.py:536} INFO - Filling up the DagBag from /home/amina/miniconda/lib/python3.11/site-packages/airflow/example_dags/example_xcom.py
[2023-12-15T22:11:20.221+0500] {processor.py:839} INFO - DAG(s) dict_keys(['example_xcom']) retrieved from /home/amina/miniconda/lib/python3.11/site-packages/airflow/example_dags/example_xcom.py
[2023-12-15T22:11:20.241+0500] {logging_mixin.py:154} INFO - [2023-12-15T22:11:20.241+0500] {dag.py:2941} INFO - Sync 1 DAGs
[2023-12-15T22:11:20.262+0500] {logging_mixin.py:154} INFO - [2023-12-15T22:11:20.262+0500] {dag.py:3722} INFO - Setting next_dagrun for example_xcom to 2021-01-01T00:00:00+00:00, run_after=2021-01-01T00:00:00+00:00
[2023-12-15T22:11:20.354+0500] {processor.py:179} INFO - Processing /home/amina/miniconda/lib/python3.11/site-packages/airflow/example_dags/example_xcom.py took 0.147 seconds
[2023-12-15T22:12:18.068+0500] {processor.py:157} INFO - Started process (PID=9418) to work on /home/amina/miniconda/lib/python3.11/site-packages/airflow/example_dags/example_xcom.py
[2023-12-15T22:12:18.071+0500] {processor.py:829} INFO - Processing file /home/amina/miniconda/lib/python3.11/site-packages/airflow/example_dags/example_xcom.py for tasks to queue
[2023-12-15T22:12:18.072+0500] {logging_mixin.py:154} INFO - [2023-12-15T22:12:18.071+0500] {dagbag.py:536} INFO - Filling up the DagBag from /home/amina/miniconda/lib/python3.11/site-packages/airflow/example_dags/example_xcom.py
[2023-12-15T22:12:18.085+0500] {processor.py:839} INFO - DAG(s) dict_keys(['example_xcom']) retrieved from /home/amina/miniconda/lib/python3.11/site-packages/airflow/example_dags/example_xcom.py
[2023-12-15T22:12:18.103+0500] {logging_mixin.py:154} INFO - [2023-12-15T22:12:18.103+0500] {dag.py:2941} INFO - Sync 1 DAGs
[2023-12-15T22:12:18.123+0500] {logging_mixin.py:154} INFO - [2023-12-15T22:12:18.123+0500] {dag.py:3722} INFO - Setting next_dagrun for example_xcom to 2021-01-01T00:00:00+00:00, run_after=2021-01-01T00:00:00+00:00
[2023-12-15T22:12:18.255+0500] {processor.py:179} INFO - Processing /home/amina/miniconda/lib/python3.11/site-packages/airflow/example_dags/example_xcom.py took 0.190 seconds
[2023-12-15T22:13:14.253+0500] {processor.py:157} INFO - Started process (PID=9478) to work on /home/amina/miniconda/lib/python3.11/site-packages/airflow/example_dags/example_xcom.py
[2023-12-15T22:13:14.291+0500] {processor.py:829} INFO - Processing file /home/amina/miniconda/lib/python3.11/site-packages/airflow/example_dags/example_xcom.py for tasks to queue
[2023-12-15T22:13:14.292+0500] {logging_mixin.py:154} INFO - [2023-12-15T22:13:14.292+0500] {dagbag.py:536} INFO - Filling up the DagBag from /home/amina/miniconda/lib/python3.11/site-packages/airflow/example_dags/example_xcom.py
[2023-12-15T22:13:14.300+0500] {processor.py:839} INFO - DAG(s) dict_keys(['example_xcom']) retrieved from /home/amina/miniconda/lib/python3.11/site-packages/airflow/example_dags/example_xcom.py
[2023-12-15T22:13:14.315+0500] {logging_mixin.py:154} INFO - [2023-12-15T22:13:14.315+0500] {dag.py:2941} INFO - Sync 1 DAGs
[2023-12-15T22:13:14.333+0500] {logging_mixin.py:154} INFO - [2023-12-15T22:13:14.333+0500] {dag.py:3722} INFO - Setting next_dagrun for example_xcom to 2021-01-01T00:00:00+00:00, run_after=2021-01-01T00:00:00+00:00
[2023-12-15T22:13:14.430+0500] {processor.py:179} INFO - Processing /home/amina/miniconda/lib/python3.11/site-packages/airflow/example_dags/example_xcom.py took 0.181 seconds
[2023-12-15T22:14:00.939+0500] {processor.py:157} INFO - Started process (PID=9539) to work on /home/amina/miniconda/lib/python3.11/site-packages/airflow/example_dags/example_xcom.py
[2023-12-15T22:14:00.940+0500] {processor.py:829} INFO - Processing file /home/amina/miniconda/lib/python3.11/site-packages/airflow/example_dags/example_xcom.py for tasks to queue
[2023-12-15T22:14:00.941+0500] {logging_mixin.py:154} INFO - [2023-12-15T22:14:00.940+0500] {dagbag.py:536} INFO - Filling up the DagBag from /home/amina/miniconda/lib/python3.11/site-packages/airflow/example_dags/example_xcom.py
[2023-12-15T22:14:00.952+0500] {processor.py:839} INFO - DAG(s) dict_keys(['example_xcom']) retrieved from /home/amina/miniconda/lib/python3.11/site-packages/airflow/example_dags/example_xcom.py
[2023-12-15T22:14:00.972+0500] {logging_mixin.py:154} INFO - [2023-12-15T22:14:00.971+0500] {dag.py:2941} INFO - Sync 1 DAGs
[2023-12-15T22:14:00.995+0500] {logging_mixin.py:154} INFO - [2023-12-15T22:14:00.994+0500] {dag.py:3722} INFO - Setting next_dagrun for example_xcom to 2021-01-01T00:00:00+00:00, run_after=2021-01-01T00:00:00+00:00
[2023-12-15T22:14:01.091+0500] {processor.py:179} INFO - Processing /home/amina/miniconda/lib/python3.11/site-packages/airflow/example_dags/example_xcom.py took 0.156 seconds
[2023-12-15T22:15:15.100+0500] {processor.py:157} INFO - Started process (PID=9620) to work on /home/amina/miniconda/lib/python3.11/site-packages/airflow/example_dags/example_xcom.py
[2023-12-15T22:15:15.142+0500] {processor.py:829} INFO - Processing file /home/amina/miniconda/lib/python3.11/site-packages/airflow/example_dags/example_xcom.py for tasks to queue
[2023-12-15T22:15:15.143+0500] {logging_mixin.py:154} INFO - [2023-12-15T22:15:15.143+0500] {dagbag.py:536} INFO - Filling up the DagBag from /home/amina/miniconda/lib/python3.11/site-packages/airflow/example_dags/example_xcom.py
[2023-12-15T22:15:15.151+0500] {processor.py:839} INFO - DAG(s) dict_keys(['example_xcom']) retrieved from /home/amina/miniconda/lib/python3.11/site-packages/airflow/example_dags/example_xcom.py
[2023-12-15T22:15:15.167+0500] {logging_mixin.py:154} INFO - [2023-12-15T22:15:15.167+0500] {dag.py:2941} INFO - Sync 1 DAGs
[2023-12-15T22:15:15.186+0500] {logging_mixin.py:154} INFO - [2023-12-15T22:15:15.186+0500] {dag.py:3722} INFO - Setting next_dagrun for example_xcom to 2021-01-01T00:00:00+00:00, run_after=2021-01-01T00:00:00+00:00
[2023-12-15T22:15:15.336+0500] {processor.py:179} INFO - Processing /home/amina/miniconda/lib/python3.11/site-packages/airflow/example_dags/example_xcom.py took 0.239 seconds
[2023-12-15T22:16:23.351+0500] {processor.py:157} INFO - Started process (PID=9692) to work on /home/amina/miniconda/lib/python3.11/site-packages/airflow/example_dags/example_xcom.py
[2023-12-15T22:16:23.390+0500] {processor.py:829} INFO - Processing file /home/amina/miniconda/lib/python3.11/site-packages/airflow/example_dags/example_xcom.py for tasks to queue
[2023-12-15T22:16:23.391+0500] {logging_mixin.py:154} INFO - [2023-12-15T22:16:23.390+0500] {dagbag.py:536} INFO - Filling up the DagBag from /home/amina/miniconda/lib/python3.11/site-packages/airflow/example_dags/example_xcom.py
[2023-12-15T22:16:23.398+0500] {processor.py:839} INFO - DAG(s) dict_keys(['example_xcom']) retrieved from /home/amina/miniconda/lib/python3.11/site-packages/airflow/example_dags/example_xcom.py
[2023-12-15T22:16:23.416+0500] {logging_mixin.py:154} INFO - [2023-12-15T22:16:23.416+0500] {dag.py:2941} INFO - Sync 1 DAGs
[2023-12-15T22:16:23.437+0500] {logging_mixin.py:154} INFO - [2023-12-15T22:16:23.437+0500] {dag.py:3722} INFO - Setting next_dagrun for example_xcom to 2021-01-01T00:00:00+00:00, run_after=2021-01-01T00:00:00+00:00
[2023-12-15T22:16:23.526+0500] {processor.py:179} INFO - Processing /home/amina/miniconda/lib/python3.11/site-packages/airflow/example_dags/example_xcom.py took 0.177 seconds
[2023-12-15T22:17:28.993+0500] {processor.py:157} INFO - Started process (PID=9764) to work on /home/amina/miniconda/lib/python3.11/site-packages/airflow/example_dags/example_xcom.py
[2023-12-15T22:17:29.054+0500] {processor.py:829} INFO - Processing file /home/amina/miniconda/lib/python3.11/site-packages/airflow/example_dags/example_xcom.py for tasks to queue
[2023-12-15T22:17:29.055+0500] {logging_mixin.py:154} INFO - [2023-12-15T22:17:29.055+0500] {dagbag.py:536} INFO - Filling up the DagBag from /home/amina/miniconda/lib/python3.11/site-packages/airflow/example_dags/example_xcom.py
[2023-12-15T22:17:29.065+0500] {processor.py:839} INFO - DAG(s) dict_keys(['example_xcom']) retrieved from /home/amina/miniconda/lib/python3.11/site-packages/airflow/example_dags/example_xcom.py
[2023-12-15T22:17:29.084+0500] {logging_mixin.py:154} INFO - [2023-12-15T22:17:29.084+0500] {dag.py:2941} INFO - Sync 1 DAGs
[2023-12-15T22:17:29.106+0500] {logging_mixin.py:154} INFO - [2023-12-15T22:17:29.106+0500] {dag.py:3722} INFO - Setting next_dagrun for example_xcom to 2021-01-01T00:00:00+00:00, run_after=2021-01-01T00:00:00+00:00
[2023-12-15T22:17:29.199+0500] {processor.py:179} INFO - Processing /home/amina/miniconda/lib/python3.11/site-packages/airflow/example_dags/example_xcom.py took 0.210 seconds
[2023-12-15T22:18:31.851+0500] {processor.py:157} INFO - Started process (PID=9838) to work on /home/amina/miniconda/lib/python3.11/site-packages/airflow/example_dags/example_xcom.py
[2023-12-15T22:18:31.867+0500] {processor.py:829} INFO - Processing file /home/amina/miniconda/lib/python3.11/site-packages/airflow/example_dags/example_xcom.py for tasks to queue
[2023-12-15T22:18:31.868+0500] {logging_mixin.py:154} INFO - [2023-12-15T22:18:31.868+0500] {dagbag.py:536} INFO - Filling up the DagBag from /home/amina/miniconda/lib/python3.11/site-packages/airflow/example_dags/example_xcom.py
[2023-12-15T22:18:31.877+0500] {processor.py:839} INFO - DAG(s) dict_keys(['example_xcom']) retrieved from /home/amina/miniconda/lib/python3.11/site-packages/airflow/example_dags/example_xcom.py
[2023-12-15T22:18:31.898+0500] {logging_mixin.py:154} INFO - [2023-12-15T22:18:31.897+0500] {dag.py:2941} INFO - Sync 1 DAGs
[2023-12-15T22:18:31.922+0500] {logging_mixin.py:154} INFO - [2023-12-15T22:18:31.922+0500] {dag.py:3722} INFO - Setting next_dagrun for example_xcom to 2021-01-01T00:00:00+00:00, run_after=2021-01-01T00:00:00+00:00
[2023-12-15T22:18:32.002+0500] {processor.py:179} INFO - Processing /home/amina/miniconda/lib/python3.11/site-packages/airflow/example_dags/example_xcom.py took 0.155 seconds
[2023-12-15T22:19:35.178+0500] {processor.py:157} INFO - Started process (PID=9948) to work on /home/amina/miniconda/lib/python3.11/site-packages/airflow/example_dags/example_xcom.py
[2023-12-15T22:19:35.217+0500] {processor.py:829} INFO - Processing file /home/amina/miniconda/lib/python3.11/site-packages/airflow/example_dags/example_xcom.py for tasks to queue
[2023-12-15T22:19:35.219+0500] {logging_mixin.py:154} INFO - [2023-12-15T22:19:35.218+0500] {dagbag.py:536} INFO - Filling up the DagBag from /home/amina/miniconda/lib/python3.11/site-packages/airflow/example_dags/example_xcom.py
[2023-12-15T22:19:35.233+0500] {processor.py:839} INFO - DAG(s) dict_keys(['example_xcom']) retrieved from /home/amina/miniconda/lib/python3.11/site-packages/airflow/example_dags/example_xcom.py
[2023-12-15T22:19:35.259+0500] {logging_mixin.py:154} INFO - [2023-12-15T22:19:35.259+0500] {dag.py:2941} INFO - Sync 1 DAGs
[2023-12-15T22:19:35.293+0500] {logging_mixin.py:154} INFO - [2023-12-15T22:19:35.293+0500] {dag.py:3722} INFO - Setting next_dagrun for example_xcom to 2021-01-01T00:00:00+00:00, run_after=2021-01-01T00:00:00+00:00
[2023-12-15T22:19:35.521+0500] {processor.py:179} INFO - Processing /home/amina/miniconda/lib/python3.11/site-packages/airflow/example_dags/example_xcom.py took 0.348 seconds
[2023-12-15T22:20:47.400+0500] {processor.py:157} INFO - Started process (PID=10121) to work on /home/amina/miniconda/lib/python3.11/site-packages/airflow/example_dags/example_xcom.py
[2023-12-15T22:20:47.441+0500] {processor.py:829} INFO - Processing file /home/amina/miniconda/lib/python3.11/site-packages/airflow/example_dags/example_xcom.py for tasks to queue
[2023-12-15T22:20:47.442+0500] {logging_mixin.py:154} INFO - [2023-12-15T22:20:47.441+0500] {dagbag.py:536} INFO - Filling up the DagBag from /home/amina/miniconda/lib/python3.11/site-packages/airflow/example_dags/example_xcom.py
[2023-12-15T22:20:47.451+0500] {processor.py:839} INFO - DAG(s) dict_keys(['example_xcom']) retrieved from /home/amina/miniconda/lib/python3.11/site-packages/airflow/example_dags/example_xcom.py
[2023-12-15T22:20:47.469+0500] {logging_mixin.py:154} INFO - [2023-12-15T22:20:47.469+0500] {dag.py:2941} INFO - Sync 1 DAGs
[2023-12-15T22:20:47.496+0500] {logging_mixin.py:154} INFO - [2023-12-15T22:20:47.496+0500] {dag.py:3722} INFO - Setting next_dagrun for example_xcom to 2021-01-01T00:00:00+00:00, run_after=2021-01-01T00:00:00+00:00
[2023-12-15T22:20:47.598+0500] {processor.py:179} INFO - Processing /home/amina/miniconda/lib/python3.11/site-packages/airflow/example_dags/example_xcom.py took 0.202 seconds
[2023-12-15T22:21:42.189+0500] {processor.py:157} INFO - Started process (PID=10179) to work on /home/amina/miniconda/lib/python3.11/site-packages/airflow/example_dags/example_xcom.py
[2023-12-15T22:21:42.242+0500] {processor.py:829} INFO - Processing file /home/amina/miniconda/lib/python3.11/site-packages/airflow/example_dags/example_xcom.py for tasks to queue
[2023-12-15T22:21:42.243+0500] {logging_mixin.py:154} INFO - [2023-12-15T22:21:42.242+0500] {dagbag.py:536} INFO - Filling up the DagBag from /home/amina/miniconda/lib/python3.11/site-packages/airflow/example_dags/example_xcom.py
[2023-12-15T22:21:42.251+0500] {processor.py:839} INFO - DAG(s) dict_keys(['example_xcom']) retrieved from /home/amina/miniconda/lib/python3.11/site-packages/airflow/example_dags/example_xcom.py
[2023-12-15T22:21:42.267+0500] {logging_mixin.py:154} INFO - [2023-12-15T22:21:42.267+0500] {dag.py:2941} INFO - Sync 1 DAGs
[2023-12-15T22:21:42.287+0500] {logging_mixin.py:154} INFO - [2023-12-15T22:21:42.287+0500] {dag.py:3722} INFO - Setting next_dagrun for example_xcom to 2021-01-01T00:00:00+00:00, run_after=2021-01-01T00:00:00+00:00
[2023-12-15T22:21:42.368+0500] {processor.py:179} INFO - Processing /home/amina/miniconda/lib/python3.11/site-packages/airflow/example_dags/example_xcom.py took 0.182 seconds
[2023-12-15T22:22:34.551+0500] {processor.py:157} INFO - Started process (PID=10242) to work on /home/amina/miniconda/lib/python3.11/site-packages/airflow/example_dags/example_xcom.py
[2023-12-15T22:22:34.585+0500] {processor.py:829} INFO - Processing file /home/amina/miniconda/lib/python3.11/site-packages/airflow/example_dags/example_xcom.py for tasks to queue
[2023-12-15T22:22:34.586+0500] {logging_mixin.py:154} INFO - [2023-12-15T22:22:34.585+0500] {dagbag.py:536} INFO - Filling up the DagBag from /home/amina/miniconda/lib/python3.11/site-packages/airflow/example_dags/example_xcom.py
[2023-12-15T22:22:34.595+0500] {processor.py:839} INFO - DAG(s) dict_keys(['example_xcom']) retrieved from /home/amina/miniconda/lib/python3.11/site-packages/airflow/example_dags/example_xcom.py
[2023-12-15T22:22:34.613+0500] {logging_mixin.py:154} INFO - [2023-12-15T22:22:34.613+0500] {dag.py:2941} INFO - Sync 1 DAGs
[2023-12-15T22:22:34.636+0500] {logging_mixin.py:154} INFO - [2023-12-15T22:22:34.635+0500] {dag.py:3722} INFO - Setting next_dagrun for example_xcom to 2021-01-01T00:00:00+00:00, run_after=2021-01-01T00:00:00+00:00
[2023-12-15T22:22:34.743+0500] {processor.py:179} INFO - Processing /home/amina/miniconda/lib/python3.11/site-packages/airflow/example_dags/example_xcom.py took 0.195 seconds
[2023-12-15T22:23:27.453+0500] {processor.py:157} INFO - Started process (PID=10296) to work on /home/amina/miniconda/lib/python3.11/site-packages/airflow/example_dags/example_xcom.py
[2023-12-15T22:23:27.482+0500] {processor.py:829} INFO - Processing file /home/amina/miniconda/lib/python3.11/site-packages/airflow/example_dags/example_xcom.py for tasks to queue
[2023-12-15T22:23:27.483+0500] {logging_mixin.py:154} INFO - [2023-12-15T22:23:27.482+0500] {dagbag.py:536} INFO - Filling up the DagBag from /home/amina/miniconda/lib/python3.11/site-packages/airflow/example_dags/example_xcom.py
[2023-12-15T22:23:27.492+0500] {processor.py:839} INFO - DAG(s) dict_keys(['example_xcom']) retrieved from /home/amina/miniconda/lib/python3.11/site-packages/airflow/example_dags/example_xcom.py
[2023-12-15T22:23:27.513+0500] {logging_mixin.py:154} INFO - [2023-12-15T22:23:27.513+0500] {dag.py:2941} INFO - Sync 1 DAGs
[2023-12-15T22:23:27.534+0500] {logging_mixin.py:154} INFO - [2023-12-15T22:23:27.534+0500] {dag.py:3722} INFO - Setting next_dagrun for example_xcom to 2021-01-01T00:00:00+00:00, run_after=2021-01-01T00:00:00+00:00
[2023-12-15T22:23:27.691+0500] {processor.py:179} INFO - Processing /home/amina/miniconda/lib/python3.11/site-packages/airflow/example_dags/example_xcom.py took 0.242 seconds
[2023-12-15T22:24:20.062+0500] {processor.py:157} INFO - Started process (PID=10357) to work on /home/amina/miniconda/lib/python3.11/site-packages/airflow/example_dags/example_xcom.py
[2023-12-15T22:24:20.081+0500] {processor.py:829} INFO - Processing file /home/amina/miniconda/lib/python3.11/site-packages/airflow/example_dags/example_xcom.py for tasks to queue
[2023-12-15T22:24:20.082+0500] {logging_mixin.py:154} INFO - [2023-12-15T22:24:20.082+0500] {dagbag.py:536} INFO - Filling up the DagBag from /home/amina/miniconda/lib/python3.11/site-packages/airflow/example_dags/example_xcom.py
[2023-12-15T22:24:20.090+0500] {processor.py:839} INFO - DAG(s) dict_keys(['example_xcom']) retrieved from /home/amina/miniconda/lib/python3.11/site-packages/airflow/example_dags/example_xcom.py
[2023-12-15T22:24:20.106+0500] {logging_mixin.py:154} INFO - [2023-12-15T22:24:20.106+0500] {dag.py:2941} INFO - Sync 1 DAGs
[2023-12-15T22:24:20.126+0500] {logging_mixin.py:154} INFO - [2023-12-15T22:24:20.125+0500] {dag.py:3722} INFO - Setting next_dagrun for example_xcom to 2021-01-01T00:00:00+00:00, run_after=2021-01-01T00:00:00+00:00
[2023-12-15T22:24:20.226+0500] {processor.py:179} INFO - Processing /home/amina/miniconda/lib/python3.11/site-packages/airflow/example_dags/example_xcom.py took 0.167 seconds
[2023-12-15T22:25:14.025+0500] {processor.py:157} INFO - Started process (PID=10418) to work on /home/amina/miniconda/lib/python3.11/site-packages/airflow/example_dags/example_xcom.py
[2023-12-15T22:25:14.048+0500] {processor.py:829} INFO - Processing file /home/amina/miniconda/lib/python3.11/site-packages/airflow/example_dags/example_xcom.py for tasks to queue
[2023-12-15T22:25:14.049+0500] {logging_mixin.py:154} INFO - [2023-12-15T22:25:14.049+0500] {dagbag.py:536} INFO - Filling up the DagBag from /home/amina/miniconda/lib/python3.11/site-packages/airflow/example_dags/example_xcom.py
[2023-12-15T22:25:14.058+0500] {processor.py:839} INFO - DAG(s) dict_keys(['example_xcom']) retrieved from /home/amina/miniconda/lib/python3.11/site-packages/airflow/example_dags/example_xcom.py
[2023-12-15T22:25:14.078+0500] {logging_mixin.py:154} INFO - [2023-12-15T22:25:14.078+0500] {dag.py:2941} INFO - Sync 1 DAGs
[2023-12-15T22:25:14.104+0500] {logging_mixin.py:154} INFO - [2023-12-15T22:25:14.104+0500] {dag.py:3722} INFO - Setting next_dagrun for example_xcom to 2021-01-01T00:00:00+00:00, run_after=2021-01-01T00:00:00+00:00
[2023-12-15T22:25:14.228+0500] {processor.py:179} INFO - Processing /home/amina/miniconda/lib/python3.11/site-packages/airflow/example_dags/example_xcom.py took 0.207 seconds
[2023-12-15T22:26:10.511+0500] {processor.py:157} INFO - Started process (PID=10470) to work on /home/amina/miniconda/lib/python3.11/site-packages/airflow/example_dags/example_xcom.py
[2023-12-15T22:26:10.540+0500] {processor.py:829} INFO - Processing file /home/amina/miniconda/lib/python3.11/site-packages/airflow/example_dags/example_xcom.py for tasks to queue
[2023-12-15T22:26:10.541+0500] {logging_mixin.py:154} INFO - [2023-12-15T22:26:10.540+0500] {dagbag.py:536} INFO - Filling up the DagBag from /home/amina/miniconda/lib/python3.11/site-packages/airflow/example_dags/example_xcom.py
[2023-12-15T22:26:10.549+0500] {processor.py:839} INFO - DAG(s) dict_keys(['example_xcom']) retrieved from /home/amina/miniconda/lib/python3.11/site-packages/airflow/example_dags/example_xcom.py
[2023-12-15T22:26:10.567+0500] {logging_mixin.py:154} INFO - [2023-12-15T22:26:10.567+0500] {dag.py:2941} INFO - Sync 1 DAGs
[2023-12-15T22:26:10.591+0500] {logging_mixin.py:154} INFO - [2023-12-15T22:26:10.591+0500] {dag.py:3722} INFO - Setting next_dagrun for example_xcom to 2021-01-01T00:00:00+00:00, run_after=2021-01-01T00:00:00+00:00
[2023-12-15T22:26:10.681+0500] {processor.py:179} INFO - Processing /home/amina/miniconda/lib/python3.11/site-packages/airflow/example_dags/example_xcom.py took 0.174 seconds
[2023-12-15T22:27:04.584+0500] {processor.py:157} INFO - Started process (PID=10524) to work on /home/amina/miniconda/lib/python3.11/site-packages/airflow/example_dags/example_xcom.py
[2023-12-15T22:27:04.608+0500] {processor.py:829} INFO - Processing file /home/amina/miniconda/lib/python3.11/site-packages/airflow/example_dags/example_xcom.py for tasks to queue
[2023-12-15T22:27:04.609+0500] {logging_mixin.py:154} INFO - [2023-12-15T22:27:04.609+0500] {dagbag.py:536} INFO - Filling up the DagBag from /home/amina/miniconda/lib/python3.11/site-packages/airflow/example_dags/example_xcom.py
[2023-12-15T22:27:04.617+0500] {processor.py:839} INFO - DAG(s) dict_keys(['example_xcom']) retrieved from /home/amina/miniconda/lib/python3.11/site-packages/airflow/example_dags/example_xcom.py
[2023-12-15T22:27:04.640+0500] {logging_mixin.py:154} INFO - [2023-12-15T22:27:04.640+0500] {dag.py:2941} INFO - Sync 1 DAGs
[2023-12-15T22:27:04.663+0500] {logging_mixin.py:154} INFO - [2023-12-15T22:27:04.663+0500] {dag.py:3722} INFO - Setting next_dagrun for example_xcom to 2021-01-01T00:00:00+00:00, run_after=2021-01-01T00:00:00+00:00
[2023-12-15T22:27:04.765+0500] {processor.py:179} INFO - Processing /home/amina/miniconda/lib/python3.11/site-packages/airflow/example_dags/example_xcom.py took 0.185 seconds
[2023-12-15T22:27:57.479+0500] {processor.py:157} INFO - Started process (PID=10583) to work on /home/amina/miniconda/lib/python3.11/site-packages/airflow/example_dags/example_xcom.py
[2023-12-15T22:27:57.529+0500] {processor.py:829} INFO - Processing file /home/amina/miniconda/lib/python3.11/site-packages/airflow/example_dags/example_xcom.py for tasks to queue
[2023-12-15T22:27:57.530+0500] {logging_mixin.py:154} INFO - [2023-12-15T22:27:57.529+0500] {dagbag.py:536} INFO - Filling up the DagBag from /home/amina/miniconda/lib/python3.11/site-packages/airflow/example_dags/example_xcom.py
[2023-12-15T22:27:57.541+0500] {processor.py:839} INFO - DAG(s) dict_keys(['example_xcom']) retrieved from /home/amina/miniconda/lib/python3.11/site-packages/airflow/example_dags/example_xcom.py
[2023-12-15T22:27:57.564+0500] {logging_mixin.py:154} INFO - [2023-12-15T22:27:57.563+0500] {dag.py:2941} INFO - Sync 1 DAGs
[2023-12-15T22:27:57.588+0500] {logging_mixin.py:154} INFO - [2023-12-15T22:27:57.588+0500] {dag.py:3722} INFO - Setting next_dagrun for example_xcom to 2021-01-01T00:00:00+00:00, run_after=2021-01-01T00:00:00+00:00
[2023-12-15T22:27:57.683+0500] {processor.py:179} INFO - Processing /home/amina/miniconda/lib/python3.11/site-packages/airflow/example_dags/example_xcom.py took 0.208 seconds
[2023-12-15T22:28:50.753+0500] {processor.py:157} INFO - Started process (PID=10647) to work on /home/amina/miniconda/lib/python3.11/site-packages/airflow/example_dags/example_xcom.py
[2023-12-15T22:28:50.793+0500] {processor.py:829} INFO - Processing file /home/amina/miniconda/lib/python3.11/site-packages/airflow/example_dags/example_xcom.py for tasks to queue
[2023-12-15T22:28:50.795+0500] {logging_mixin.py:154} INFO - [2023-12-15T22:28:50.794+0500] {dagbag.py:536} INFO - Filling up the DagBag from /home/amina/miniconda/lib/python3.11/site-packages/airflow/example_dags/example_xcom.py
[2023-12-15T22:28:50.805+0500] {processor.py:839} INFO - DAG(s) dict_keys(['example_xcom']) retrieved from /home/amina/miniconda/lib/python3.11/site-packages/airflow/example_dags/example_xcom.py
[2023-12-15T22:28:50.827+0500] {logging_mixin.py:154} INFO - [2023-12-15T22:28:50.827+0500] {dag.py:2941} INFO - Sync 1 DAGs
[2023-12-15T22:28:50.851+0500] {logging_mixin.py:154} INFO - [2023-12-15T22:28:50.851+0500] {dag.py:3722} INFO - Setting next_dagrun for example_xcom to 2021-01-01T00:00:00+00:00, run_after=2021-01-01T00:00:00+00:00
[2023-12-15T22:28:50.938+0500] {processor.py:179} INFO - Processing /home/amina/miniconda/lib/python3.11/site-packages/airflow/example_dags/example_xcom.py took 0.191 seconds
[2023-12-15T22:30:07.959+0500] {processor.py:157} INFO - Started process (PID=10756) to work on /home/amina/miniconda/lib/python3.11/site-packages/airflow/example_dags/example_xcom.py
[2023-12-15T22:30:07.980+0500] {processor.py:829} INFO - Processing file /home/amina/miniconda/lib/python3.11/site-packages/airflow/example_dags/example_xcom.py for tasks to queue
[2023-12-15T22:30:07.982+0500] {logging_mixin.py:154} INFO - [2023-12-15T22:30:07.981+0500] {dagbag.py:536} INFO - Filling up the DagBag from /home/amina/miniconda/lib/python3.11/site-packages/airflow/example_dags/example_xcom.py
[2023-12-15T22:30:07.993+0500] {processor.py:839} INFO - DAG(s) dict_keys(['example_xcom']) retrieved from /home/amina/miniconda/lib/python3.11/site-packages/airflow/example_dags/example_xcom.py
[2023-12-15T22:30:08.018+0500] {logging_mixin.py:154} INFO - [2023-12-15T22:30:08.018+0500] {dag.py:2941} INFO - Sync 1 DAGs
[2023-12-15T22:30:08.046+0500] {logging_mixin.py:154} INFO - [2023-12-15T22:30:08.045+0500] {dag.py:3722} INFO - Setting next_dagrun for example_xcom to 2021-01-01T00:00:00+00:00, run_after=2021-01-01T00:00:00+00:00
[2023-12-15T22:30:08.174+0500] {processor.py:179} INFO - Processing /home/amina/miniconda/lib/python3.11/site-packages/airflow/example_dags/example_xcom.py took 0.219 seconds
[2023-12-15T22:31:16.742+0500] {processor.py:157} INFO - Started process (PID=10823) to work on /home/amina/miniconda/lib/python3.11/site-packages/airflow/example_dags/example_xcom.py
[2023-12-15T22:31:16.769+0500] {processor.py:829} INFO - Processing file /home/amina/miniconda/lib/python3.11/site-packages/airflow/example_dags/example_xcom.py for tasks to queue
[2023-12-15T22:31:16.769+0500] {logging_mixin.py:154} INFO - [2023-12-15T22:31:16.769+0500] {dagbag.py:536} INFO - Filling up the DagBag from /home/amina/miniconda/lib/python3.11/site-packages/airflow/example_dags/example_xcom.py
[2023-12-15T22:31:16.776+0500] {processor.py:839} INFO - DAG(s) dict_keys(['example_xcom']) retrieved from /home/amina/miniconda/lib/python3.11/site-packages/airflow/example_dags/example_xcom.py
[2023-12-15T22:31:16.793+0500] {logging_mixin.py:154} INFO - [2023-12-15T22:31:16.793+0500] {dag.py:2941} INFO - Sync 1 DAGs
[2023-12-15T22:31:16.813+0500] {logging_mixin.py:154} INFO - [2023-12-15T22:31:16.813+0500] {dag.py:3722} INFO - Setting next_dagrun for example_xcom to 2021-01-01T00:00:00+00:00, run_after=2021-01-01T00:00:00+00:00
[2023-12-15T22:31:17.134+0500] {processor.py:179} INFO - Processing /home/amina/miniconda/lib/python3.11/site-packages/airflow/example_dags/example_xcom.py took 0.395 seconds
[2023-12-15T22:32:09.784+0500] {processor.py:157} INFO - Started process (PID=10884) to work on /home/amina/miniconda/lib/python3.11/site-packages/airflow/example_dags/example_xcom.py
[2023-12-15T22:32:09.822+0500] {processor.py:829} INFO - Processing file /home/amina/miniconda/lib/python3.11/site-packages/airflow/example_dags/example_xcom.py for tasks to queue
[2023-12-15T22:32:09.823+0500] {logging_mixin.py:154} INFO - [2023-12-15T22:32:09.823+0500] {dagbag.py:536} INFO - Filling up the DagBag from /home/amina/miniconda/lib/python3.11/site-packages/airflow/example_dags/example_xcom.py
[2023-12-15T22:32:09.833+0500] {processor.py:839} INFO - DAG(s) dict_keys(['example_xcom']) retrieved from /home/amina/miniconda/lib/python3.11/site-packages/airflow/example_dags/example_xcom.py
[2023-12-15T22:32:09.851+0500] {logging_mixin.py:154} INFO - [2023-12-15T22:32:09.851+0500] {dag.py:2941} INFO - Sync 1 DAGs
[2023-12-15T22:32:09.875+0500] {logging_mixin.py:154} INFO - [2023-12-15T22:32:09.874+0500] {dag.py:3722} INFO - Setting next_dagrun for example_xcom to 2021-01-01T00:00:00+00:00, run_after=2021-01-01T00:00:00+00:00
[2023-12-15T22:32:09.993+0500] {processor.py:179} INFO - Processing /home/amina/miniconda/lib/python3.11/site-packages/airflow/example_dags/example_xcom.py took 0.214 seconds
[2023-12-15T22:33:03.693+0500] {processor.py:157} INFO - Started process (PID=10936) to work on /home/amina/miniconda/lib/python3.11/site-packages/airflow/example_dags/example_xcom.py
[2023-12-15T22:33:03.744+0500] {processor.py:829} INFO - Processing file /home/amina/miniconda/lib/python3.11/site-packages/airflow/example_dags/example_xcom.py for tasks to queue
[2023-12-15T22:33:03.745+0500] {logging_mixin.py:154} INFO - [2023-12-15T22:33:03.744+0500] {dagbag.py:536} INFO - Filling up the DagBag from /home/amina/miniconda/lib/python3.11/site-packages/airflow/example_dags/example_xcom.py
[2023-12-15T22:33:03.753+0500] {processor.py:839} INFO - DAG(s) dict_keys(['example_xcom']) retrieved from /home/amina/miniconda/lib/python3.11/site-packages/airflow/example_dags/example_xcom.py
[2023-12-15T22:33:03.772+0500] {logging_mixin.py:154} INFO - [2023-12-15T22:33:03.772+0500] {dag.py:2941} INFO - Sync 1 DAGs
[2023-12-15T22:33:03.794+0500] {logging_mixin.py:154} INFO - [2023-12-15T22:33:03.794+0500] {dag.py:3722} INFO - Setting next_dagrun for example_xcom to 2021-01-01T00:00:00+00:00, run_after=2021-01-01T00:00:00+00:00
[2023-12-15T22:33:03.901+0500] {processor.py:179} INFO - Processing /home/amina/miniconda/lib/python3.11/site-packages/airflow/example_dags/example_xcom.py took 0.213 seconds
[2023-12-15T22:33:56.943+0500] {processor.py:157} INFO - Started process (PID=10995) to work on /home/amina/miniconda/lib/python3.11/site-packages/airflow/example_dags/example_xcom.py
[2023-12-15T22:33:57.007+0500] {processor.py:829} INFO - Processing file /home/amina/miniconda/lib/python3.11/site-packages/airflow/example_dags/example_xcom.py for tasks to queue
[2023-12-15T22:33:57.008+0500] {logging_mixin.py:154} INFO - [2023-12-15T22:33:57.008+0500] {dagbag.py:536} INFO - Filling up the DagBag from /home/amina/miniconda/lib/python3.11/site-packages/airflow/example_dags/example_xcom.py
[2023-12-15T22:33:57.016+0500] {processor.py:839} INFO - DAG(s) dict_keys(['example_xcom']) retrieved from /home/amina/miniconda/lib/python3.11/site-packages/airflow/example_dags/example_xcom.py
[2023-12-15T22:33:57.034+0500] {logging_mixin.py:154} INFO - [2023-12-15T22:33:57.033+0500] {dag.py:2941} INFO - Sync 1 DAGs
[2023-12-15T22:33:57.058+0500] {logging_mixin.py:154} INFO - [2023-12-15T22:33:57.058+0500] {dag.py:3722} INFO - Setting next_dagrun for example_xcom to 2021-01-01T00:00:00+00:00, run_after=2021-01-01T00:00:00+00:00
[2023-12-15T22:33:57.183+0500] {processor.py:179} INFO - Processing /home/amina/miniconda/lib/python3.11/site-packages/airflow/example_dags/example_xcom.py took 0.243 seconds
[2023-12-15T22:34:51.958+0500] {processor.py:157} INFO - Started process (PID=11061) to work on /home/amina/miniconda/lib/python3.11/site-packages/airflow/example_dags/example_xcom.py
[2023-12-15T22:34:52.007+0500] {processor.py:829} INFO - Processing file /home/amina/miniconda/lib/python3.11/site-packages/airflow/example_dags/example_xcom.py for tasks to queue
[2023-12-15T22:34:52.008+0500] {logging_mixin.py:154} INFO - [2023-12-15T22:34:52.008+0500] {dagbag.py:536} INFO - Filling up the DagBag from /home/amina/miniconda/lib/python3.11/site-packages/airflow/example_dags/example_xcom.py
[2023-12-15T22:34:52.016+0500] {processor.py:839} INFO - DAG(s) dict_keys(['example_xcom']) retrieved from /home/amina/miniconda/lib/python3.11/site-packages/airflow/example_dags/example_xcom.py
[2023-12-15T22:34:52.034+0500] {logging_mixin.py:154} INFO - [2023-12-15T22:34:52.034+0500] {dag.py:2941} INFO - Sync 1 DAGs
[2023-12-15T22:34:52.058+0500] {logging_mixin.py:154} INFO - [2023-12-15T22:34:52.058+0500] {dag.py:3722} INFO - Setting next_dagrun for example_xcom to 2021-01-01T00:00:00+00:00, run_after=2021-01-01T00:00:00+00:00
[2023-12-15T22:34:52.166+0500] {processor.py:179} INFO - Processing /home/amina/miniconda/lib/python3.11/site-packages/airflow/example_dags/example_xcom.py took 0.211 seconds
[2023-12-15T22:35:46.617+0500] {processor.py:157} INFO - Started process (PID=11123) to work on /home/amina/miniconda/lib/python3.11/site-packages/airflow/example_dags/example_xcom.py
[2023-12-15T22:35:46.667+0500] {processor.py:829} INFO - Processing file /home/amina/miniconda/lib/python3.11/site-packages/airflow/example_dags/example_xcom.py for tasks to queue
[2023-12-15T22:35:46.667+0500] {logging_mixin.py:154} INFO - [2023-12-15T22:35:46.667+0500] {dagbag.py:536} INFO - Filling up the DagBag from /home/amina/miniconda/lib/python3.11/site-packages/airflow/example_dags/example_xcom.py
[2023-12-15T22:35:46.675+0500] {processor.py:839} INFO - DAG(s) dict_keys(['example_xcom']) retrieved from /home/amina/miniconda/lib/python3.11/site-packages/airflow/example_dags/example_xcom.py
[2023-12-15T22:35:46.693+0500] {logging_mixin.py:154} INFO - [2023-12-15T22:35:46.693+0500] {dag.py:2941} INFO - Sync 1 DAGs
[2023-12-15T22:35:46.715+0500] {logging_mixin.py:154} INFO - [2023-12-15T22:35:46.715+0500] {dag.py:3722} INFO - Setting next_dagrun for example_xcom to 2021-01-01T00:00:00+00:00, run_after=2021-01-01T00:00:00+00:00
[2023-12-15T22:35:46.815+0500] {processor.py:179} INFO - Processing /home/amina/miniconda/lib/python3.11/site-packages/airflow/example_dags/example_xcom.py took 0.201 seconds
[2023-12-15T22:36:42.975+0500] {processor.py:157} INFO - Started process (PID=11181) to work on /home/amina/miniconda/lib/python3.11/site-packages/airflow/example_dags/example_xcom.py
[2023-12-15T22:36:43.002+0500] {processor.py:829} INFO - Processing file /home/amina/miniconda/lib/python3.11/site-packages/airflow/example_dags/example_xcom.py for tasks to queue
[2023-12-15T22:36:43.004+0500] {logging_mixin.py:154} INFO - [2023-12-15T22:36:43.003+0500] {dagbag.py:536} INFO - Filling up the DagBag from /home/amina/miniconda/lib/python3.11/site-packages/airflow/example_dags/example_xcom.py
[2023-12-15T22:36:43.013+0500] {processor.py:839} INFO - DAG(s) dict_keys(['example_xcom']) retrieved from /home/amina/miniconda/lib/python3.11/site-packages/airflow/example_dags/example_xcom.py
[2023-12-15T22:36:43.034+0500] {logging_mixin.py:154} INFO - [2023-12-15T22:36:43.034+0500] {dag.py:2941} INFO - Sync 1 DAGs
[2023-12-15T22:36:43.056+0500] {logging_mixin.py:154} INFO - [2023-12-15T22:36:43.056+0500] {dag.py:3722} INFO - Setting next_dagrun for example_xcom to 2021-01-01T00:00:00+00:00, run_after=2021-01-01T00:00:00+00:00
[2023-12-15T22:36:43.200+0500] {processor.py:179} INFO - Processing /home/amina/miniconda/lib/python3.11/site-packages/airflow/example_dags/example_xcom.py took 0.228 seconds
[2023-12-15T22:37:37.128+0500] {processor.py:157} INFO - Started process (PID=11239) to work on /home/amina/miniconda/lib/python3.11/site-packages/airflow/example_dags/example_xcom.py
[2023-12-15T22:37:37.158+0500] {processor.py:829} INFO - Processing file /home/amina/miniconda/lib/python3.11/site-packages/airflow/example_dags/example_xcom.py for tasks to queue
[2023-12-15T22:37:37.159+0500] {logging_mixin.py:154} INFO - [2023-12-15T22:37:37.159+0500] {dagbag.py:536} INFO - Filling up the DagBag from /home/amina/miniconda/lib/python3.11/site-packages/airflow/example_dags/example_xcom.py
[2023-12-15T22:37:37.167+0500] {processor.py:839} INFO - DAG(s) dict_keys(['example_xcom']) retrieved from /home/amina/miniconda/lib/python3.11/site-packages/airflow/example_dags/example_xcom.py
[2023-12-15T22:37:37.184+0500] {logging_mixin.py:154} INFO - [2023-12-15T22:37:37.184+0500] {dag.py:2941} INFO - Sync 1 DAGs
[2023-12-15T22:37:37.204+0500] {logging_mixin.py:154} INFO - [2023-12-15T22:37:37.204+0500] {dag.py:3722} INFO - Setting next_dagrun for example_xcom to 2021-01-01T00:00:00+00:00, run_after=2021-01-01T00:00:00+00:00
[2023-12-15T22:37:37.327+0500] {processor.py:179} INFO - Processing /home/amina/miniconda/lib/python3.11/site-packages/airflow/example_dags/example_xcom.py took 0.202 seconds
[2023-12-15T22:38:31.158+0500] {processor.py:157} INFO - Started process (PID=11296) to work on /home/amina/miniconda/lib/python3.11/site-packages/airflow/example_dags/example_xcom.py
[2023-12-15T22:38:31.197+0500] {processor.py:829} INFO - Processing file /home/amina/miniconda/lib/python3.11/site-packages/airflow/example_dags/example_xcom.py for tasks to queue
[2023-12-15T22:38:31.198+0500] {logging_mixin.py:154} INFO - [2023-12-15T22:38:31.197+0500] {dagbag.py:536} INFO - Filling up the DagBag from /home/amina/miniconda/lib/python3.11/site-packages/airflow/example_dags/example_xcom.py
[2023-12-15T22:38:31.205+0500] {processor.py:839} INFO - DAG(s) dict_keys(['example_xcom']) retrieved from /home/amina/miniconda/lib/python3.11/site-packages/airflow/example_dags/example_xcom.py
[2023-12-15T22:38:31.220+0500] {logging_mixin.py:154} INFO - [2023-12-15T22:38:31.220+0500] {dag.py:2941} INFO - Sync 1 DAGs
[2023-12-15T22:38:31.238+0500] {logging_mixin.py:154} INFO - [2023-12-15T22:38:31.238+0500] {dag.py:3722} INFO - Setting next_dagrun for example_xcom to 2021-01-01T00:00:00+00:00, run_after=2021-01-01T00:00:00+00:00
[2023-12-15T22:38:31.343+0500] {processor.py:179} INFO - Processing /home/amina/miniconda/lib/python3.11/site-packages/airflow/example_dags/example_xcom.py took 0.187 seconds
[2023-12-15T22:39:24.007+0500] {processor.py:157} INFO - Started process (PID=11352) to work on /home/amina/miniconda/lib/python3.11/site-packages/airflow/example_dags/example_xcom.py
[2023-12-15T22:39:24.069+0500] {processor.py:829} INFO - Processing file /home/amina/miniconda/lib/python3.11/site-packages/airflow/example_dags/example_xcom.py for tasks to queue
[2023-12-15T22:39:24.070+0500] {logging_mixin.py:154} INFO - [2023-12-15T22:39:24.070+0500] {dagbag.py:536} INFO - Filling up the DagBag from /home/amina/miniconda/lib/python3.11/site-packages/airflow/example_dags/example_xcom.py
[2023-12-15T22:39:24.078+0500] {processor.py:839} INFO - DAG(s) dict_keys(['example_xcom']) retrieved from /home/amina/miniconda/lib/python3.11/site-packages/airflow/example_dags/example_xcom.py
[2023-12-15T22:39:24.098+0500] {logging_mixin.py:154} INFO - [2023-12-15T22:39:24.098+0500] {dag.py:2941} INFO - Sync 1 DAGs
[2023-12-15T22:39:24.119+0500] {logging_mixin.py:154} INFO - [2023-12-15T22:39:24.119+0500] {dag.py:3722} INFO - Setting next_dagrun for example_xcom to 2021-01-01T00:00:00+00:00, run_after=2021-01-01T00:00:00+00:00
[2023-12-15T22:39:24.217+0500] {processor.py:179} INFO - Processing /home/amina/miniconda/lib/python3.11/site-packages/airflow/example_dags/example_xcom.py took 0.213 seconds
[2023-12-15T22:40:18.285+0500] {processor.py:157} INFO - Started process (PID=11407) to work on /home/amina/miniconda/lib/python3.11/site-packages/airflow/example_dags/example_xcom.py
[2023-12-15T22:40:18.342+0500] {processor.py:829} INFO - Processing file /home/amina/miniconda/lib/python3.11/site-packages/airflow/example_dags/example_xcom.py for tasks to queue
[2023-12-15T22:40:18.342+0500] {logging_mixin.py:154} INFO - [2023-12-15T22:40:18.342+0500] {dagbag.py:536} INFO - Filling up the DagBag from /home/amina/miniconda/lib/python3.11/site-packages/airflow/example_dags/example_xcom.py
[2023-12-15T22:40:18.350+0500] {processor.py:839} INFO - DAG(s) dict_keys(['example_xcom']) retrieved from /home/amina/miniconda/lib/python3.11/site-packages/airflow/example_dags/example_xcom.py
[2023-12-15T22:40:18.365+0500] {logging_mixin.py:154} INFO - [2023-12-15T22:40:18.365+0500] {dag.py:2941} INFO - Sync 1 DAGs
[2023-12-15T22:40:18.382+0500] {logging_mixin.py:154} INFO - [2023-12-15T22:40:18.382+0500] {dag.py:3722} INFO - Setting next_dagrun for example_xcom to 2021-01-01T00:00:00+00:00, run_after=2021-01-01T00:00:00+00:00
[2023-12-15T22:40:18.471+0500] {processor.py:179} INFO - Processing /home/amina/miniconda/lib/python3.11/site-packages/airflow/example_dags/example_xcom.py took 0.189 seconds
[2023-12-15T22:41:16.063+0500] {processor.py:157} INFO - Started process (PID=11546) to work on /home/amina/miniconda/lib/python3.11/site-packages/airflow/example_dags/example_xcom.py
[2023-12-15T22:41:16.106+0500] {processor.py:829} INFO - Processing file /home/amina/miniconda/lib/python3.11/site-packages/airflow/example_dags/example_xcom.py for tasks to queue
[2023-12-15T22:41:16.107+0500] {logging_mixin.py:154} INFO - [2023-12-15T22:41:16.107+0500] {dagbag.py:536} INFO - Filling up the DagBag from /home/amina/miniconda/lib/python3.11/site-packages/airflow/example_dags/example_xcom.py
[2023-12-15T22:41:16.118+0500] {processor.py:839} INFO - DAG(s) dict_keys(['example_xcom']) retrieved from /home/amina/miniconda/lib/python3.11/site-packages/airflow/example_dags/example_xcom.py
[2023-12-15T22:41:16.136+0500] {logging_mixin.py:154} INFO - [2023-12-15T22:41:16.136+0500] {dag.py:2941} INFO - Sync 1 DAGs
[2023-12-15T22:41:16.155+0500] {logging_mixin.py:154} INFO - [2023-12-15T22:41:16.155+0500] {dag.py:3722} INFO - Setting next_dagrun for example_xcom to 2021-01-01T00:00:00+00:00, run_after=2021-01-01T00:00:00+00:00
[2023-12-15T22:41:16.270+0500] {processor.py:179} INFO - Processing /home/amina/miniconda/lib/python3.11/site-packages/airflow/example_dags/example_xcom.py took 0.211 seconds
[2023-12-15T22:42:08.795+0500] {processor.py:157} INFO - Started process (PID=11619) to work on /home/amina/miniconda/lib/python3.11/site-packages/airflow/example_dags/example_xcom.py
[2023-12-15T22:42:08.810+0500] {processor.py:829} INFO - Processing file /home/amina/miniconda/lib/python3.11/site-packages/airflow/example_dags/example_xcom.py for tasks to queue
[2023-12-15T22:42:08.811+0500] {logging_mixin.py:154} INFO - [2023-12-15T22:42:08.811+0500] {dagbag.py:536} INFO - Filling up the DagBag from /home/amina/miniconda/lib/python3.11/site-packages/airflow/example_dags/example_xcom.py
[2023-12-15T22:42:08.819+0500] {processor.py:839} INFO - DAG(s) dict_keys(['example_xcom']) retrieved from /home/amina/miniconda/lib/python3.11/site-packages/airflow/example_dags/example_xcom.py
[2023-12-15T22:42:08.837+0500] {logging_mixin.py:154} INFO - [2023-12-15T22:42:08.837+0500] {dag.py:2941} INFO - Sync 1 DAGs
[2023-12-15T22:42:08.859+0500] {logging_mixin.py:154} INFO - [2023-12-15T22:42:08.859+0500] {dag.py:3722} INFO - Setting next_dagrun for example_xcom to 2021-01-01T00:00:00+00:00, run_after=2021-01-01T00:00:00+00:00
[2023-12-15T22:42:08.981+0500] {processor.py:179} INFO - Processing /home/amina/miniconda/lib/python3.11/site-packages/airflow/example_dags/example_xcom.py took 0.190 seconds
[2023-12-15T22:43:03.161+0500] {processor.py:157} INFO - Started process (PID=11675) to work on /home/amina/miniconda/lib/python3.11/site-packages/airflow/example_dags/example_xcom.py
[2023-12-15T22:43:03.243+0500] {processor.py:829} INFO - Processing file /home/amina/miniconda/lib/python3.11/site-packages/airflow/example_dags/example_xcom.py for tasks to queue
[2023-12-15T22:43:03.244+0500] {logging_mixin.py:154} INFO - [2023-12-15T22:43:03.243+0500] {dagbag.py:536} INFO - Filling up the DagBag from /home/amina/miniconda/lib/python3.11/site-packages/airflow/example_dags/example_xcom.py
[2023-12-15T22:43:03.251+0500] {processor.py:839} INFO - DAG(s) dict_keys(['example_xcom']) retrieved from /home/amina/miniconda/lib/python3.11/site-packages/airflow/example_dags/example_xcom.py
[2023-12-15T22:43:03.273+0500] {logging_mixin.py:154} INFO - [2023-12-15T22:43:03.273+0500] {dag.py:2941} INFO - Sync 1 DAGs
[2023-12-15T22:43:03.294+0500] {logging_mixin.py:154} INFO - [2023-12-15T22:43:03.294+0500] {dag.py:3722} INFO - Setting next_dagrun for example_xcom to 2021-01-01T00:00:00+00:00, run_after=2021-01-01T00:00:00+00:00
[2023-12-15T22:43:03.644+0500] {processor.py:179} INFO - Processing /home/amina/miniconda/lib/python3.11/site-packages/airflow/example_dags/example_xcom.py took 0.486 seconds
[2023-12-15T22:44:09.190+0500] {processor.py:157} INFO - Started process (PID=11748) to work on /home/amina/miniconda/lib/python3.11/site-packages/airflow/example_dags/example_xcom.py
[2023-12-15T22:44:09.258+0500] {processor.py:829} INFO - Processing file /home/amina/miniconda/lib/python3.11/site-packages/airflow/example_dags/example_xcom.py for tasks to queue
[2023-12-15T22:44:09.258+0500] {logging_mixin.py:154} INFO - [2023-12-15T22:44:09.258+0500] {dagbag.py:536} INFO - Filling up the DagBag from /home/amina/miniconda/lib/python3.11/site-packages/airflow/example_dags/example_xcom.py
[2023-12-15T22:44:09.266+0500] {processor.py:839} INFO - DAG(s) dict_keys(['example_xcom']) retrieved from /home/amina/miniconda/lib/python3.11/site-packages/airflow/example_dags/example_xcom.py
[2023-12-15T22:44:09.281+0500] {logging_mixin.py:154} INFO - [2023-12-15T22:44:09.281+0500] {dag.py:2941} INFO - Sync 1 DAGs
[2023-12-15T22:44:09.299+0500] {logging_mixin.py:154} INFO - [2023-12-15T22:44:09.298+0500] {dag.py:3722} INFO - Setting next_dagrun for example_xcom to 2021-01-01T00:00:00+00:00, run_after=2021-01-01T00:00:00+00:00
[2023-12-15T22:44:09.382+0500] {processor.py:179} INFO - Processing /home/amina/miniconda/lib/python3.11/site-packages/airflow/example_dags/example_xcom.py took 0.195 seconds
[2023-12-15T22:44:59.489+0500] {processor.py:157} INFO - Started process (PID=11805) to work on /home/amina/miniconda/lib/python3.11/site-packages/airflow/example_dags/example_xcom.py
[2023-12-15T22:44:59.490+0500] {processor.py:829} INFO - Processing file /home/amina/miniconda/lib/python3.11/site-packages/airflow/example_dags/example_xcom.py for tasks to queue
[2023-12-15T22:44:59.491+0500] {logging_mixin.py:154} INFO - [2023-12-15T22:44:59.491+0500] {dagbag.py:536} INFO - Filling up the DagBag from /home/amina/miniconda/lib/python3.11/site-packages/airflow/example_dags/example_xcom.py
[2023-12-15T22:44:59.499+0500] {processor.py:839} INFO - DAG(s) dict_keys(['example_xcom']) retrieved from /home/amina/miniconda/lib/python3.11/site-packages/airflow/example_dags/example_xcom.py
[2023-12-15T22:44:59.514+0500] {logging_mixin.py:154} INFO - [2023-12-15T22:44:59.514+0500] {dag.py:2941} INFO - Sync 1 DAGs
[2023-12-15T22:44:59.532+0500] {logging_mixin.py:154} INFO - [2023-12-15T22:44:59.532+0500] {dag.py:3722} INFO - Setting next_dagrun for example_xcom to 2021-01-01T00:00:00+00:00, run_after=2021-01-01T00:00:00+00:00
[2023-12-15T22:44:59.629+0500] {processor.py:179} INFO - Processing /home/amina/miniconda/lib/python3.11/site-packages/airflow/example_dags/example_xcom.py took 0.142 seconds
[2023-12-15T22:45:54.819+0500] {processor.py:157} INFO - Started process (PID=11875) to work on /home/amina/miniconda/lib/python3.11/site-packages/airflow/example_dags/example_xcom.py
[2023-12-15T22:45:54.821+0500] {processor.py:829} INFO - Processing file /home/amina/miniconda/lib/python3.11/site-packages/airflow/example_dags/example_xcom.py for tasks to queue
[2023-12-15T22:45:54.822+0500] {logging_mixin.py:154} INFO - [2023-12-15T22:45:54.822+0500] {dagbag.py:536} INFO - Filling up the DagBag from /home/amina/miniconda/lib/python3.11/site-packages/airflow/example_dags/example_xcom.py
[2023-12-15T22:45:54.829+0500] {processor.py:839} INFO - DAG(s) dict_keys(['example_xcom']) retrieved from /home/amina/miniconda/lib/python3.11/site-packages/airflow/example_dags/example_xcom.py
[2023-12-15T22:45:54.845+0500] {logging_mixin.py:154} INFO - [2023-12-15T22:45:54.845+0500] {dag.py:2941} INFO - Sync 1 DAGs
[2023-12-15T22:45:54.862+0500] {logging_mixin.py:154} INFO - [2023-12-15T22:45:54.862+0500] {dag.py:3722} INFO - Setting next_dagrun for example_xcom to 2021-01-01T00:00:00+00:00, run_after=2021-01-01T00:00:00+00:00
[2023-12-15T22:45:54.963+0500] {processor.py:179} INFO - Processing /home/amina/miniconda/lib/python3.11/site-packages/airflow/example_dags/example_xcom.py took 0.148 seconds
[2023-12-15T22:46:50.721+0500] {processor.py:157} INFO - Started process (PID=11923) to work on /home/amina/miniconda/lib/python3.11/site-packages/airflow/example_dags/example_xcom.py
[2023-12-15T22:46:50.758+0500] {processor.py:829} INFO - Processing file /home/amina/miniconda/lib/python3.11/site-packages/airflow/example_dags/example_xcom.py for tasks to queue
[2023-12-15T22:46:50.759+0500] {logging_mixin.py:154} INFO - [2023-12-15T22:46:50.758+0500] {dagbag.py:536} INFO - Filling up the DagBag from /home/amina/miniconda/lib/python3.11/site-packages/airflow/example_dags/example_xcom.py
[2023-12-15T22:46:50.767+0500] {processor.py:839} INFO - DAG(s) dict_keys(['example_xcom']) retrieved from /home/amina/miniconda/lib/python3.11/site-packages/airflow/example_dags/example_xcom.py
[2023-12-15T22:46:50.782+0500] {logging_mixin.py:154} INFO - [2023-12-15T22:46:50.782+0500] {dag.py:2941} INFO - Sync 1 DAGs
[2023-12-15T22:46:50.800+0500] {logging_mixin.py:154} INFO - [2023-12-15T22:46:50.800+0500] {dag.py:3722} INFO - Setting next_dagrun for example_xcom to 2021-01-01T00:00:00+00:00, run_after=2021-01-01T00:00:00+00:00
[2023-12-15T22:46:50.900+0500] {processor.py:179} INFO - Processing /home/amina/miniconda/lib/python3.11/site-packages/airflow/example_dags/example_xcom.py took 0.182 seconds
[2023-12-15T22:47:49.533+0500] {processor.py:157} INFO - Started process (PID=12028) to work on /home/amina/miniconda/lib/python3.11/site-packages/airflow/example_dags/example_xcom.py
[2023-12-15T22:47:49.572+0500] {processor.py:829} INFO - Processing file /home/amina/miniconda/lib/python3.11/site-packages/airflow/example_dags/example_xcom.py for tasks to queue
[2023-12-15T22:47:49.573+0500] {logging_mixin.py:154} INFO - [2023-12-15T22:47:49.572+0500] {dagbag.py:536} INFO - Filling up the DagBag from /home/amina/miniconda/lib/python3.11/site-packages/airflow/example_dags/example_xcom.py
[2023-12-15T22:47:49.580+0500] {processor.py:839} INFO - DAG(s) dict_keys(['example_xcom']) retrieved from /home/amina/miniconda/lib/python3.11/site-packages/airflow/example_dags/example_xcom.py
[2023-12-15T22:47:49.595+0500] {logging_mixin.py:154} INFO - [2023-12-15T22:47:49.595+0500] {dag.py:2941} INFO - Sync 1 DAGs
[2023-12-15T22:47:49.619+0500] {logging_mixin.py:154} INFO - [2023-12-15T22:47:49.619+0500] {dag.py:3722} INFO - Setting next_dagrun for example_xcom to 2021-01-01T00:00:00+00:00, run_after=2021-01-01T00:00:00+00:00
[2023-12-15T22:47:49.731+0500] {processor.py:179} INFO - Processing /home/amina/miniconda/lib/python3.11/site-packages/airflow/example_dags/example_xcom.py took 0.200 seconds
[2023-12-15T22:49:15.829+0500] {processor.py:157} INFO - Started process (PID=12154) to work on /home/amina/miniconda/lib/python3.11/site-packages/airflow/example_dags/example_xcom.py
[2023-12-15T22:49:15.879+0500] {processor.py:829} INFO - Processing file /home/amina/miniconda/lib/python3.11/site-packages/airflow/example_dags/example_xcom.py for tasks to queue
[2023-12-15T22:49:15.880+0500] {logging_mixin.py:154} INFO - [2023-12-15T22:49:15.880+0500] {dagbag.py:536} INFO - Filling up the DagBag from /home/amina/miniconda/lib/python3.11/site-packages/airflow/example_dags/example_xcom.py
[2023-12-15T22:49:15.891+0500] {processor.py:839} INFO - DAG(s) dict_keys(['example_xcom']) retrieved from /home/amina/miniconda/lib/python3.11/site-packages/airflow/example_dags/example_xcom.py
[2023-12-15T22:49:15.911+0500] {logging_mixin.py:154} INFO - [2023-12-15T22:49:15.911+0500] {dag.py:2941} INFO - Sync 1 DAGs
[2023-12-15T22:49:15.937+0500] {logging_mixin.py:154} INFO - [2023-12-15T22:49:15.937+0500] {dag.py:3722} INFO - Setting next_dagrun for example_xcom to 2021-01-01T00:00:00+00:00, run_after=2021-01-01T00:00:00+00:00
[2023-12-15T22:49:16.044+0500] {processor.py:179} INFO - Processing /home/amina/miniconda/lib/python3.11/site-packages/airflow/example_dags/example_xcom.py took 0.219 seconds
[2023-12-15T22:50:23.172+0500] {processor.py:157} INFO - Started process (PID=12280) to work on /home/amina/miniconda/lib/python3.11/site-packages/airflow/example_dags/example_xcom.py
[2023-12-15T22:50:23.173+0500] {processor.py:829} INFO - Processing file /home/amina/miniconda/lib/python3.11/site-packages/airflow/example_dags/example_xcom.py for tasks to queue
[2023-12-15T22:50:23.174+0500] {logging_mixin.py:154} INFO - [2023-12-15T22:50:23.173+0500] {dagbag.py:536} INFO - Filling up the DagBag from /home/amina/miniconda/lib/python3.11/site-packages/airflow/example_dags/example_xcom.py
[2023-12-15T22:50:23.185+0500] {processor.py:839} INFO - DAG(s) dict_keys(['example_xcom']) retrieved from /home/amina/miniconda/lib/python3.11/site-packages/airflow/example_dags/example_xcom.py
[2023-12-15T22:50:23.208+0500] {logging_mixin.py:154} INFO - [2023-12-15T22:50:23.207+0500] {dag.py:2941} INFO - Sync 1 DAGs
[2023-12-15T22:50:23.235+0500] {logging_mixin.py:154} INFO - [2023-12-15T22:50:23.235+0500] {dag.py:3722} INFO - Setting next_dagrun for example_xcom to 2021-01-01T00:00:00+00:00, run_after=2021-01-01T00:00:00+00:00
[2023-12-15T22:50:23.346+0500] {processor.py:179} INFO - Processing /home/amina/miniconda/lib/python3.11/site-packages/airflow/example_dags/example_xcom.py took 0.179 seconds
[2023-12-15T22:51:17.528+0500] {processor.py:157} INFO - Started process (PID=12353) to work on /home/amina/miniconda/lib/python3.11/site-packages/airflow/example_dags/example_xcom.py
[2023-12-15T22:51:17.561+0500] {processor.py:829} INFO - Processing file /home/amina/miniconda/lib/python3.11/site-packages/airflow/example_dags/example_xcom.py for tasks to queue
[2023-12-15T22:51:17.562+0500] {logging_mixin.py:154} INFO - [2023-12-15T22:51:17.561+0500] {dagbag.py:536} INFO - Filling up the DagBag from /home/amina/miniconda/lib/python3.11/site-packages/airflow/example_dags/example_xcom.py
[2023-12-15T22:51:17.571+0500] {processor.py:839} INFO - DAG(s) dict_keys(['example_xcom']) retrieved from /home/amina/miniconda/lib/python3.11/site-packages/airflow/example_dags/example_xcom.py
[2023-12-15T22:51:17.593+0500] {logging_mixin.py:154} INFO - [2023-12-15T22:51:17.592+0500] {dag.py:2941} INFO - Sync 1 DAGs
[2023-12-15T22:51:17.618+0500] {logging_mixin.py:154} INFO - [2023-12-15T22:51:17.618+0500] {dag.py:3722} INFO - Setting next_dagrun for example_xcom to 2021-01-01T00:00:00+00:00, run_after=2021-01-01T00:00:00+00:00
[2023-12-15T22:51:17.727+0500] {processor.py:179} INFO - Processing /home/amina/miniconda/lib/python3.11/site-packages/airflow/example_dags/example_xcom.py took 0.204 seconds
[2023-12-15T22:52:12.185+0500] {processor.py:157} INFO - Started process (PID=12408) to work on /home/amina/miniconda/lib/python3.11/site-packages/airflow/example_dags/example_xcom.py
[2023-12-15T22:52:12.220+0500] {processor.py:829} INFO - Processing file /home/amina/miniconda/lib/python3.11/site-packages/airflow/example_dags/example_xcom.py for tasks to queue
[2023-12-15T22:52:12.221+0500] {logging_mixin.py:154} INFO - [2023-12-15T22:52:12.220+0500] {dagbag.py:536} INFO - Filling up the DagBag from /home/amina/miniconda/lib/python3.11/site-packages/airflow/example_dags/example_xcom.py
[2023-12-15T22:52:12.230+0500] {processor.py:839} INFO - DAG(s) dict_keys(['example_xcom']) retrieved from /home/amina/miniconda/lib/python3.11/site-packages/airflow/example_dags/example_xcom.py
[2023-12-15T22:52:12.249+0500] {logging_mixin.py:154} INFO - [2023-12-15T22:52:12.249+0500] {dag.py:2941} INFO - Sync 1 DAGs
[2023-12-15T22:52:12.270+0500] {logging_mixin.py:154} INFO - [2023-12-15T22:52:12.270+0500] {dag.py:3722} INFO - Setting next_dagrun for example_xcom to 2021-01-01T00:00:00+00:00, run_after=2021-01-01T00:00:00+00:00
[2023-12-15T22:52:12.379+0500] {processor.py:179} INFO - Processing /home/amina/miniconda/lib/python3.11/site-packages/airflow/example_dags/example_xcom.py took 0.197 seconds
[2023-12-15T22:53:05.979+0500] {processor.py:157} INFO - Started process (PID=12488) to work on /home/amina/miniconda/lib/python3.11/site-packages/airflow/example_dags/example_xcom.py
[2023-12-15T22:53:06.023+0500] {processor.py:829} INFO - Processing file /home/amina/miniconda/lib/python3.11/site-packages/airflow/example_dags/example_xcom.py for tasks to queue
[2023-12-15T22:53:06.024+0500] {logging_mixin.py:154} INFO - [2023-12-15T22:53:06.023+0500] {dagbag.py:536} INFO - Filling up the DagBag from /home/amina/miniconda/lib/python3.11/site-packages/airflow/example_dags/example_xcom.py
[2023-12-15T22:53:06.032+0500] {processor.py:839} INFO - DAG(s) dict_keys(['example_xcom']) retrieved from /home/amina/miniconda/lib/python3.11/site-packages/airflow/example_dags/example_xcom.py
[2023-12-15T22:53:06.050+0500] {logging_mixin.py:154} INFO - [2023-12-15T22:53:06.049+0500] {dag.py:2941} INFO - Sync 1 DAGs
[2023-12-15T22:53:06.073+0500] {logging_mixin.py:154} INFO - [2023-12-15T22:53:06.073+0500] {dag.py:3722} INFO - Setting next_dagrun for example_xcom to 2021-01-01T00:00:00+00:00, run_after=2021-01-01T00:00:00+00:00
[2023-12-15T22:53:06.189+0500] {processor.py:179} INFO - Processing /home/amina/miniconda/lib/python3.11/site-packages/airflow/example_dags/example_xcom.py took 0.213 seconds
[2023-12-15T22:53:59.594+0500] {processor.py:157} INFO - Started process (PID=12535) to work on /home/amina/miniconda/lib/python3.11/site-packages/airflow/example_dags/example_xcom.py
[2023-12-15T22:53:59.626+0500] {processor.py:829} INFO - Processing file /home/amina/miniconda/lib/python3.11/site-packages/airflow/example_dags/example_xcom.py for tasks to queue
[2023-12-15T22:53:59.627+0500] {logging_mixin.py:154} INFO - [2023-12-15T22:53:59.626+0500] {dagbag.py:536} INFO - Filling up the DagBag from /home/amina/miniconda/lib/python3.11/site-packages/airflow/example_dags/example_xcom.py
[2023-12-15T22:53:59.635+0500] {processor.py:839} INFO - DAG(s) dict_keys(['example_xcom']) retrieved from /home/amina/miniconda/lib/python3.11/site-packages/airflow/example_dags/example_xcom.py
[2023-12-15T22:53:59.651+0500] {logging_mixin.py:154} INFO - [2023-12-15T22:53:59.651+0500] {dag.py:2941} INFO - Sync 1 DAGs
[2023-12-15T22:53:59.671+0500] {logging_mixin.py:154} INFO - [2023-12-15T22:53:59.670+0500] {dag.py:3722} INFO - Setting next_dagrun for example_xcom to 2021-01-01T00:00:00+00:00, run_after=2021-01-01T00:00:00+00:00
[2023-12-15T22:53:59.769+0500] {processor.py:179} INFO - Processing /home/amina/miniconda/lib/python3.11/site-packages/airflow/example_dags/example_xcom.py took 0.179 seconds
[2023-12-15T22:54:50.518+0500] {processor.py:157} INFO - Started process (PID=12586) to work on /home/amina/miniconda/lib/python3.11/site-packages/airflow/example_dags/example_xcom.py
[2023-12-15T22:54:50.529+0500] {processor.py:829} INFO - Processing file /home/amina/miniconda/lib/python3.11/site-packages/airflow/example_dags/example_xcom.py for tasks to queue
[2023-12-15T22:54:50.529+0500] {logging_mixin.py:154} INFO - [2023-12-15T22:54:50.529+0500] {dagbag.py:536} INFO - Filling up the DagBag from /home/amina/miniconda/lib/python3.11/site-packages/airflow/example_dags/example_xcom.py
[2023-12-15T22:54:50.537+0500] {processor.py:839} INFO - DAG(s) dict_keys(['example_xcom']) retrieved from /home/amina/miniconda/lib/python3.11/site-packages/airflow/example_dags/example_xcom.py
[2023-12-15T22:54:50.554+0500] {logging_mixin.py:154} INFO - [2023-12-15T22:54:50.554+0500] {dag.py:2941} INFO - Sync 1 DAGs
[2023-12-15T22:54:50.576+0500] {logging_mixin.py:154} INFO - [2023-12-15T22:54:50.576+0500] {dag.py:3722} INFO - Setting next_dagrun for example_xcom to 2021-01-01T00:00:00+00:00, run_after=2021-01-01T00:00:00+00:00
[2023-12-15T22:54:50.695+0500] {processor.py:179} INFO - Processing /home/amina/miniconda/lib/python3.11/site-packages/airflow/example_dags/example_xcom.py took 0.179 seconds
[2023-12-15T23:23:41.195+0500] {processor.py:157} INFO - Started process (PID=20362) to work on /home/amina/miniconda/lib/python3.11/site-packages/airflow/example_dags/example_xcom.py
[2023-12-15T23:23:41.251+0500] {processor.py:829} INFO - Processing file /home/amina/miniconda/lib/python3.11/site-packages/airflow/example_dags/example_xcom.py for tasks to queue
[2023-12-15T23:23:41.252+0500] {logging_mixin.py:154} INFO - [2023-12-15T23:23:41.252+0500] {dagbag.py:536} INFO - Filling up the DagBag from /home/amina/miniconda/lib/python3.11/site-packages/airflow/example_dags/example_xcom.py
[2023-12-15T23:23:41.264+0500] {processor.py:839} INFO - DAG(s) dict_keys(['example_xcom']) retrieved from /home/amina/miniconda/lib/python3.11/site-packages/airflow/example_dags/example_xcom.py
[2023-12-15T23:23:41.298+0500] {logging_mixin.py:154} INFO - [2023-12-15T23:23:41.298+0500] {dag.py:2941} INFO - Sync 1 DAGs
[2023-12-15T23:23:41.337+0500] {logging_mixin.py:154} INFO - [2023-12-15T23:23:41.337+0500] {dag.py:3722} INFO - Setting next_dagrun for example_xcom to 2021-01-01T00:00:00+00:00, run_after=2021-01-01T00:00:00+00:00
[2023-12-15T23:23:41.456+0500] {processor.py:179} INFO - Processing /home/amina/miniconda/lib/python3.11/site-packages/airflow/example_dags/example_xcom.py took 0.263 seconds
[2023-12-15T23:24:42.837+0500] {processor.py:157} INFO - Started process (PID=20473) to work on /home/amina/miniconda/lib/python3.11/site-packages/airflow/example_dags/example_xcom.py
[2023-12-15T23:24:42.871+0500] {processor.py:829} INFO - Processing file /home/amina/miniconda/lib/python3.11/site-packages/airflow/example_dags/example_xcom.py for tasks to queue
[2023-12-15T23:24:42.872+0500] {logging_mixin.py:154} INFO - [2023-12-15T23:24:42.872+0500] {dagbag.py:536} INFO - Filling up the DagBag from /home/amina/miniconda/lib/python3.11/site-packages/airflow/example_dags/example_xcom.py
[2023-12-15T23:24:42.881+0500] {processor.py:839} INFO - DAG(s) dict_keys(['example_xcom']) retrieved from /home/amina/miniconda/lib/python3.11/site-packages/airflow/example_dags/example_xcom.py
[2023-12-15T23:24:42.903+0500] {logging_mixin.py:154} INFO - [2023-12-15T23:24:42.902+0500] {dag.py:2941} INFO - Sync 1 DAGs
[2023-12-15T23:24:42.933+0500] {logging_mixin.py:154} INFO - [2023-12-15T23:24:42.933+0500] {dag.py:3722} INFO - Setting next_dagrun for example_xcom to 2021-01-01T00:00:00+00:00, run_after=2021-01-01T00:00:00+00:00
[2023-12-15T23:24:43.217+0500] {processor.py:179} INFO - Processing /home/amina/miniconda/lib/python3.11/site-packages/airflow/example_dags/example_xcom.py took 0.385 seconds
[2023-12-15T23:25:45.528+0500] {processor.py:157} INFO - Started process (PID=20540) to work on /home/amina/miniconda/lib/python3.11/site-packages/airflow/example_dags/example_xcom.py
[2023-12-15T23:25:45.576+0500] {processor.py:829} INFO - Processing file /home/amina/miniconda/lib/python3.11/site-packages/airflow/example_dags/example_xcom.py for tasks to queue
[2023-12-15T23:25:45.578+0500] {logging_mixin.py:154} INFO - [2023-12-15T23:25:45.577+0500] {dagbag.py:536} INFO - Filling up the DagBag from /home/amina/miniconda/lib/python3.11/site-packages/airflow/example_dags/example_xcom.py
[2023-12-15T23:25:45.590+0500] {processor.py:839} INFO - DAG(s) dict_keys(['example_xcom']) retrieved from /home/amina/miniconda/lib/python3.11/site-packages/airflow/example_dags/example_xcom.py
[2023-12-15T23:25:45.610+0500] {logging_mixin.py:154} INFO - [2023-12-15T23:25:45.610+0500] {dag.py:2941} INFO - Sync 1 DAGs
[2023-12-15T23:25:45.642+0500] {logging_mixin.py:154} INFO - [2023-12-15T23:25:45.642+0500] {dag.py:3722} INFO - Setting next_dagrun for example_xcom to 2021-01-01T00:00:00+00:00, run_after=2021-01-01T00:00:00+00:00
[2023-12-15T23:25:45.861+0500] {processor.py:179} INFO - Processing /home/amina/miniconda/lib/python3.11/site-packages/airflow/example_dags/example_xcom.py took 0.339 seconds
[2023-12-15T23:26:47.862+0500] {processor.py:157} INFO - Started process (PID=20590) to work on /home/amina/miniconda/lib/python3.11/site-packages/airflow/example_dags/example_xcom.py
[2023-12-15T23:26:47.902+0500] {processor.py:829} INFO - Processing file /home/amina/miniconda/lib/python3.11/site-packages/airflow/example_dags/example_xcom.py for tasks to queue
[2023-12-15T23:26:47.903+0500] {logging_mixin.py:154} INFO - [2023-12-15T23:26:47.903+0500] {dagbag.py:536} INFO - Filling up the DagBag from /home/amina/miniconda/lib/python3.11/site-packages/airflow/example_dags/example_xcom.py
[2023-12-15T23:26:47.913+0500] {processor.py:839} INFO - DAG(s) dict_keys(['example_xcom']) retrieved from /home/amina/miniconda/lib/python3.11/site-packages/airflow/example_dags/example_xcom.py
[2023-12-15T23:26:47.933+0500] {logging_mixin.py:154} INFO - [2023-12-15T23:26:47.933+0500] {dag.py:2941} INFO - Sync 1 DAGs
[2023-12-15T23:26:47.955+0500] {logging_mixin.py:154} INFO - [2023-12-15T23:26:47.955+0500] {dag.py:3722} INFO - Setting next_dagrun for example_xcom to 2021-01-01T00:00:00+00:00, run_after=2021-01-01T00:00:00+00:00
[2023-12-15T23:26:48.044+0500] {processor.py:179} INFO - Processing /home/amina/miniconda/lib/python3.11/site-packages/airflow/example_dags/example_xcom.py took 0.186 seconds
[2023-12-15T23:27:44.740+0500] {processor.py:157} INFO - Started process (PID=20642) to work on /home/amina/miniconda/lib/python3.11/site-packages/airflow/example_dags/example_xcom.py
[2023-12-15T23:27:44.741+0500] {processor.py:829} INFO - Processing file /home/amina/miniconda/lib/python3.11/site-packages/airflow/example_dags/example_xcom.py for tasks to queue
[2023-12-15T23:27:44.742+0500] {logging_mixin.py:154} INFO - [2023-12-15T23:27:44.741+0500] {dagbag.py:536} INFO - Filling up the DagBag from /home/amina/miniconda/lib/python3.11/site-packages/airflow/example_dags/example_xcom.py
[2023-12-15T23:27:44.753+0500] {processor.py:839} INFO - DAG(s) dict_keys(['example_xcom']) retrieved from /home/amina/miniconda/lib/python3.11/site-packages/airflow/example_dags/example_xcom.py
[2023-12-15T23:27:44.771+0500] {logging_mixin.py:154} INFO - [2023-12-15T23:27:44.771+0500] {dag.py:2941} INFO - Sync 1 DAGs
[2023-12-15T23:27:44.794+0500] {logging_mixin.py:154} INFO - [2023-12-15T23:27:44.793+0500] {dag.py:3722} INFO - Setting next_dagrun for example_xcom to 2021-01-01T00:00:00+00:00, run_after=2021-01-01T00:00:00+00:00
[2023-12-15T23:27:44.892+0500] {processor.py:179} INFO - Processing /home/amina/miniconda/lib/python3.11/site-packages/airflow/example_dags/example_xcom.py took 0.155 seconds
