[2023-12-15T21:43:32.885+0500] {processor.py:157} INFO - Started process (PID=7509) to work on /home/amina/miniconda/lib/python3.11/site-packages/airflow/example_dags/example_branch_labels.py
[2023-12-15T21:43:32.886+0500] {processor.py:829} INFO - Processing file /home/amina/miniconda/lib/python3.11/site-packages/airflow/example_dags/example_branch_labels.py for tasks to queue
[2023-12-15T21:43:32.887+0500] {logging_mixin.py:154} INFO - [2023-12-15T21:43:32.887+0500] {dagbag.py:536} INFO - Filling up the DagBag from /home/amina/miniconda/lib/python3.11/site-packages/airflow/example_dags/example_branch_labels.py
[2023-12-15T21:43:32.895+0500] {processor.py:839} INFO - DAG(s) dict_keys(['example_branch_labels']) retrieved from /home/amina/miniconda/lib/python3.11/site-packages/airflow/example_dags/example_branch_labels.py
[2023-12-15T21:43:32.914+0500] {logging_mixin.py:154} INFO - [2023-12-15T21:43:32.914+0500] {dag.py:2941} INFO - Sync 1 DAGs
[2023-12-15T21:43:32.941+0500] {logging_mixin.py:154} INFO - [2023-12-15T21:43:32.940+0500] {dag.py:3722} INFO - Setting next_dagrun for example_branch_labels to 2023-12-14T00:00:00+00:00, run_after=2023-12-15T00:00:00+00:00
[2023-12-15T21:43:33.064+0500] {processor.py:179} INFO - Processing /home/amina/miniconda/lib/python3.11/site-packages/airflow/example_dags/example_branch_labels.py took 0.183 seconds
[2023-12-15T21:44:30.387+0500] {processor.py:157} INFO - Started process (PID=7561) to work on /home/amina/miniconda/lib/python3.11/site-packages/airflow/example_dags/example_branch_labels.py
[2023-12-15T21:44:30.409+0500] {processor.py:829} INFO - Processing file /home/amina/miniconda/lib/python3.11/site-packages/airflow/example_dags/example_branch_labels.py for tasks to queue
[2023-12-15T21:44:30.410+0500] {logging_mixin.py:154} INFO - [2023-12-15T21:44:30.410+0500] {dagbag.py:536} INFO - Filling up the DagBag from /home/amina/miniconda/lib/python3.11/site-packages/airflow/example_dags/example_branch_labels.py
[2023-12-15T21:44:30.420+0500] {processor.py:839} INFO - DAG(s) dict_keys(['example_branch_labels']) retrieved from /home/amina/miniconda/lib/python3.11/site-packages/airflow/example_dags/example_branch_labels.py
[2023-12-15T21:44:30.438+0500] {logging_mixin.py:154} INFO - [2023-12-15T21:44:30.438+0500] {dag.py:2941} INFO - Sync 1 DAGs
[2023-12-15T21:44:30.574+0500] {logging_mixin.py:154} INFO - [2023-12-15T21:44:30.573+0500] {dag.py:3722} INFO - Setting next_dagrun for example_branch_labels to 2023-12-14T00:00:00+00:00, run_after=2023-12-15T00:00:00+00:00
[2023-12-15T21:44:30.704+0500] {processor.py:179} INFO - Processing /home/amina/miniconda/lib/python3.11/site-packages/airflow/example_dags/example_branch_labels.py took 0.320 seconds
[2023-12-15T21:48:11.715+0500] {processor.py:157} INFO - Started process (PID=7760) to work on /home/amina/miniconda/lib/python3.11/site-packages/airflow/example_dags/example_branch_labels.py
[2023-12-15T21:48:11.725+0500] {processor.py:829} INFO - Processing file /home/amina/miniconda/lib/python3.11/site-packages/airflow/example_dags/example_branch_labels.py for tasks to queue
[2023-12-15T21:48:11.726+0500] {logging_mixin.py:154} INFO - [2023-12-15T21:48:11.725+0500] {dagbag.py:536} INFO - Filling up the DagBag from /home/amina/miniconda/lib/python3.11/site-packages/airflow/example_dags/example_branch_labels.py
[2023-12-15T21:48:11.735+0500] {processor.py:839} INFO - DAG(s) dict_keys(['example_branch_labels']) retrieved from /home/amina/miniconda/lib/python3.11/site-packages/airflow/example_dags/example_branch_labels.py
[2023-12-15T21:48:11.754+0500] {logging_mixin.py:154} INFO - [2023-12-15T21:48:11.754+0500] {dag.py:2941} INFO - Sync 1 DAGs
[2023-12-15T21:48:11.781+0500] {logging_mixin.py:154} INFO - [2023-12-15T21:48:11.781+0500] {dag.py:3722} INFO - Setting next_dagrun for example_branch_labels to 2023-12-14T00:00:00+00:00, run_after=2023-12-15T00:00:00+00:00
[2023-12-15T21:48:11.918+0500] {processor.py:179} INFO - Processing /home/amina/miniconda/lib/python3.11/site-packages/airflow/example_dags/example_branch_labels.py took 0.206 seconds
[2023-12-15T21:49:22.691+0500] {processor.py:157} INFO - Started process (PID=7860) to work on /home/amina/miniconda/lib/python3.11/site-packages/airflow/example_dags/example_branch_labels.py
[2023-12-15T21:49:22.726+0500] {processor.py:829} INFO - Processing file /home/amina/miniconda/lib/python3.11/site-packages/airflow/example_dags/example_branch_labels.py for tasks to queue
[2023-12-15T21:49:22.727+0500] {logging_mixin.py:154} INFO - [2023-12-15T21:49:22.726+0500] {dagbag.py:536} INFO - Filling up the DagBag from /home/amina/miniconda/lib/python3.11/site-packages/airflow/example_dags/example_branch_labels.py
[2023-12-15T21:49:22.735+0500] {processor.py:839} INFO - DAG(s) dict_keys(['example_branch_labels']) retrieved from /home/amina/miniconda/lib/python3.11/site-packages/airflow/example_dags/example_branch_labels.py
[2023-12-15T21:49:22.751+0500] {logging_mixin.py:154} INFO - [2023-12-15T21:49:22.750+0500] {dag.py:2941} INFO - Sync 1 DAGs
[2023-12-15T21:49:22.770+0500] {logging_mixin.py:154} INFO - [2023-12-15T21:49:22.770+0500] {dag.py:3722} INFO - Setting next_dagrun for example_branch_labels to 2023-12-14T00:00:00+00:00, run_after=2023-12-15T00:00:00+00:00
[2023-12-15T21:49:22.876+0500] {processor.py:179} INFO - Processing /home/amina/miniconda/lib/python3.11/site-packages/airflow/example_dags/example_branch_labels.py took 0.189 seconds
[2023-12-15T21:50:33.717+0500] {processor.py:157} INFO - Started process (PID=7924) to work on /home/amina/miniconda/lib/python3.11/site-packages/airflow/example_dags/example_branch_labels.py
[2023-12-15T21:50:33.741+0500] {processor.py:829} INFO - Processing file /home/amina/miniconda/lib/python3.11/site-packages/airflow/example_dags/example_branch_labels.py for tasks to queue
[2023-12-15T21:50:33.742+0500] {logging_mixin.py:154} INFO - [2023-12-15T21:50:33.741+0500] {dagbag.py:536} INFO - Filling up the DagBag from /home/amina/miniconda/lib/python3.11/site-packages/airflow/example_dags/example_branch_labels.py
[2023-12-15T21:50:33.749+0500] {processor.py:839} INFO - DAG(s) dict_keys(['example_branch_labels']) retrieved from /home/amina/miniconda/lib/python3.11/site-packages/airflow/example_dags/example_branch_labels.py
[2023-12-15T21:50:33.766+0500] {logging_mixin.py:154} INFO - [2023-12-15T21:50:33.766+0500] {dag.py:2941} INFO - Sync 1 DAGs
[2023-12-15T21:50:33.787+0500] {logging_mixin.py:154} INFO - [2023-12-15T21:50:33.787+0500] {dag.py:3722} INFO - Setting next_dagrun for example_branch_labels to 2023-12-14T00:00:00+00:00, run_after=2023-12-15T00:00:00+00:00
[2023-12-15T21:50:33.880+0500] {processor.py:179} INFO - Processing /home/amina/miniconda/lib/python3.11/site-packages/airflow/example_dags/example_branch_labels.py took 0.167 seconds
[2023-12-15T21:52:27.620+0500] {processor.py:157} INFO - Started process (PID=8098) to work on /home/amina/miniconda/lib/python3.11/site-packages/airflow/example_dags/example_branch_labels.py
[2023-12-15T21:52:27.661+0500] {processor.py:829} INFO - Processing file /home/amina/miniconda/lib/python3.11/site-packages/airflow/example_dags/example_branch_labels.py for tasks to queue
[2023-12-15T21:52:27.662+0500] {logging_mixin.py:154} INFO - [2023-12-15T21:52:27.661+0500] {dagbag.py:536} INFO - Filling up the DagBag from /home/amina/miniconda/lib/python3.11/site-packages/airflow/example_dags/example_branch_labels.py
[2023-12-15T21:52:27.669+0500] {processor.py:839} INFO - DAG(s) dict_keys(['example_branch_labels']) retrieved from /home/amina/miniconda/lib/python3.11/site-packages/airflow/example_dags/example_branch_labels.py
[2023-12-15T21:52:27.685+0500] {logging_mixin.py:154} INFO - [2023-12-15T21:52:27.685+0500] {dag.py:2941} INFO - Sync 1 DAGs
[2023-12-15T21:52:27.706+0500] {logging_mixin.py:154} INFO - [2023-12-15T21:52:27.706+0500] {dag.py:3722} INFO - Setting next_dagrun for example_branch_labels to 2023-12-14T00:00:00+00:00, run_after=2023-12-15T00:00:00+00:00
[2023-12-15T21:52:27.828+0500] {processor.py:179} INFO - Processing /home/amina/miniconda/lib/python3.11/site-packages/airflow/example_dags/example_branch_labels.py took 0.212 seconds
[2023-12-15T21:53:36.071+0500] {processor.py:157} INFO - Started process (PID=8170) to work on /home/amina/miniconda/lib/python3.11/site-packages/airflow/example_dags/example_branch_labels.py
[2023-12-15T21:53:36.114+0500] {processor.py:829} INFO - Processing file /home/amina/miniconda/lib/python3.11/site-packages/airflow/example_dags/example_branch_labels.py for tasks to queue
[2023-12-15T21:53:36.115+0500] {logging_mixin.py:154} INFO - [2023-12-15T21:53:36.114+0500] {dagbag.py:536} INFO - Filling up the DagBag from /home/amina/miniconda/lib/python3.11/site-packages/airflow/example_dags/example_branch_labels.py
[2023-12-15T21:53:36.125+0500] {processor.py:839} INFO - DAG(s) dict_keys(['example_branch_labels']) retrieved from /home/amina/miniconda/lib/python3.11/site-packages/airflow/example_dags/example_branch_labels.py
[2023-12-15T21:53:36.145+0500] {logging_mixin.py:154} INFO - [2023-12-15T21:53:36.145+0500] {dag.py:2941} INFO - Sync 1 DAGs
[2023-12-15T21:53:36.173+0500] {logging_mixin.py:154} INFO - [2023-12-15T21:53:36.172+0500] {dag.py:3722} INFO - Setting next_dagrun for example_branch_labels to 2023-12-14T00:00:00+00:00, run_after=2023-12-15T00:00:00+00:00
[2023-12-15T21:53:36.303+0500] {processor.py:179} INFO - Processing /home/amina/miniconda/lib/python3.11/site-packages/airflow/example_dags/example_branch_labels.py took 0.236 seconds
[2023-12-15T21:54:26.513+0500] {processor.py:157} INFO - Started process (PID=8231) to work on /home/amina/miniconda/lib/python3.11/site-packages/airflow/example_dags/example_branch_labels.py
[2023-12-15T21:54:26.540+0500] {processor.py:829} INFO - Processing file /home/amina/miniconda/lib/python3.11/site-packages/airflow/example_dags/example_branch_labels.py for tasks to queue
[2023-12-15T21:54:26.541+0500] {logging_mixin.py:154} INFO - [2023-12-15T21:54:26.540+0500] {dagbag.py:536} INFO - Filling up the DagBag from /home/amina/miniconda/lib/python3.11/site-packages/airflow/example_dags/example_branch_labels.py
[2023-12-15T21:54:26.548+0500] {processor.py:839} INFO - DAG(s) dict_keys(['example_branch_labels']) retrieved from /home/amina/miniconda/lib/python3.11/site-packages/airflow/example_dags/example_branch_labels.py
[2023-12-15T21:54:26.564+0500] {logging_mixin.py:154} INFO - [2023-12-15T21:54:26.564+0500] {dag.py:2941} INFO - Sync 1 DAGs
[2023-12-15T21:54:26.584+0500] {logging_mixin.py:154} INFO - [2023-12-15T21:54:26.584+0500] {dag.py:3722} INFO - Setting next_dagrun for example_branch_labels to 2023-12-14T00:00:00+00:00, run_after=2023-12-15T00:00:00+00:00
[2023-12-15T21:54:26.689+0500] {processor.py:179} INFO - Processing /home/amina/miniconda/lib/python3.11/site-packages/airflow/example_dags/example_branch_labels.py took 0.178 seconds
[2023-12-15T21:55:32.135+0500] {processor.py:157} INFO - Started process (PID=8309) to work on /home/amina/miniconda/lib/python3.11/site-packages/airflow/example_dags/example_branch_labels.py
[2023-12-15T21:55:32.169+0500] {processor.py:829} INFO - Processing file /home/amina/miniconda/lib/python3.11/site-packages/airflow/example_dags/example_branch_labels.py for tasks to queue
[2023-12-15T21:55:32.170+0500] {logging_mixin.py:154} INFO - [2023-12-15T21:55:32.170+0500] {dagbag.py:536} INFO - Filling up the DagBag from /home/amina/miniconda/lib/python3.11/site-packages/airflow/example_dags/example_branch_labels.py
[2023-12-15T21:55:32.178+0500] {processor.py:839} INFO - DAG(s) dict_keys(['example_branch_labels']) retrieved from /home/amina/miniconda/lib/python3.11/site-packages/airflow/example_dags/example_branch_labels.py
[2023-12-15T21:55:32.193+0500] {logging_mixin.py:154} INFO - [2023-12-15T21:55:32.193+0500] {dag.py:2941} INFO - Sync 1 DAGs
[2023-12-15T21:55:32.216+0500] {logging_mixin.py:154} INFO - [2023-12-15T21:55:32.215+0500] {dag.py:3722} INFO - Setting next_dagrun for example_branch_labels to 2023-12-14T00:00:00+00:00, run_after=2023-12-15T00:00:00+00:00
[2023-12-15T21:55:32.317+0500] {processor.py:179} INFO - Processing /home/amina/miniconda/lib/python3.11/site-packages/airflow/example_dags/example_branch_labels.py took 0.185 seconds
[2023-12-15T21:56:23.050+0500] {processor.py:157} INFO - Started process (PID=8361) to work on /home/amina/miniconda/lib/python3.11/site-packages/airflow/example_dags/example_branch_labels.py
[2023-12-15T21:56:23.060+0500] {processor.py:829} INFO - Processing file /home/amina/miniconda/lib/python3.11/site-packages/airflow/example_dags/example_branch_labels.py for tasks to queue
[2023-12-15T21:56:23.061+0500] {logging_mixin.py:154} INFO - [2023-12-15T21:56:23.060+0500] {dagbag.py:536} INFO - Filling up the DagBag from /home/amina/miniconda/lib/python3.11/site-packages/airflow/example_dags/example_branch_labels.py
[2023-12-15T21:56:23.068+0500] {processor.py:839} INFO - DAG(s) dict_keys(['example_branch_labels']) retrieved from /home/amina/miniconda/lib/python3.11/site-packages/airflow/example_dags/example_branch_labels.py
[2023-12-15T21:56:23.086+0500] {logging_mixin.py:154} INFO - [2023-12-15T21:56:23.085+0500] {dag.py:2941} INFO - Sync 1 DAGs
[2023-12-15T21:56:23.111+0500] {logging_mixin.py:154} INFO - [2023-12-15T21:56:23.111+0500] {dag.py:3722} INFO - Setting next_dagrun for example_branch_labels to 2023-12-14T00:00:00+00:00, run_after=2023-12-15T00:00:00+00:00
[2023-12-15T21:56:23.225+0500] {processor.py:179} INFO - Processing /home/amina/miniconda/lib/python3.11/site-packages/airflow/example_dags/example_branch_labels.py took 0.177 seconds
[2023-12-15T21:57:14.693+0500] {processor.py:157} INFO - Started process (PID=8424) to work on /home/amina/miniconda/lib/python3.11/site-packages/airflow/example_dags/example_branch_labels.py
[2023-12-15T21:57:14.719+0500] {processor.py:829} INFO - Processing file /home/amina/miniconda/lib/python3.11/site-packages/airflow/example_dags/example_branch_labels.py for tasks to queue
[2023-12-15T21:57:14.720+0500] {logging_mixin.py:154} INFO - [2023-12-15T21:57:14.720+0500] {dagbag.py:536} INFO - Filling up the DagBag from /home/amina/miniconda/lib/python3.11/site-packages/airflow/example_dags/example_branch_labels.py
[2023-12-15T21:57:14.728+0500] {processor.py:839} INFO - DAG(s) dict_keys(['example_branch_labels']) retrieved from /home/amina/miniconda/lib/python3.11/site-packages/airflow/example_dags/example_branch_labels.py
[2023-12-15T21:57:14.744+0500] {logging_mixin.py:154} INFO - [2023-12-15T21:57:14.743+0500] {dag.py:2941} INFO - Sync 1 DAGs
[2023-12-15T21:57:14.765+0500] {logging_mixin.py:154} INFO - [2023-12-15T21:57:14.765+0500] {dag.py:3722} INFO - Setting next_dagrun for example_branch_labels to 2023-12-14T00:00:00+00:00, run_after=2023-12-15T00:00:00+00:00
[2023-12-15T21:57:14.890+0500] {processor.py:179} INFO - Processing /home/amina/miniconda/lib/python3.11/site-packages/airflow/example_dags/example_branch_labels.py took 0.201 seconds
[2023-12-15T21:58:08.494+0500] {processor.py:157} INFO - Started process (PID=8480) to work on /home/amina/miniconda/lib/python3.11/site-packages/airflow/example_dags/example_branch_labels.py
[2023-12-15T21:58:08.495+0500] {processor.py:829} INFO - Processing file /home/amina/miniconda/lib/python3.11/site-packages/airflow/example_dags/example_branch_labels.py for tasks to queue
[2023-12-15T21:58:08.496+0500] {logging_mixin.py:154} INFO - [2023-12-15T21:58:08.495+0500] {dagbag.py:536} INFO - Filling up the DagBag from /home/amina/miniconda/lib/python3.11/site-packages/airflow/example_dags/example_branch_labels.py
[2023-12-15T21:58:08.505+0500] {processor.py:839} INFO - DAG(s) dict_keys(['example_branch_labels']) retrieved from /home/amina/miniconda/lib/python3.11/site-packages/airflow/example_dags/example_branch_labels.py
[2023-12-15T21:58:08.521+0500] {logging_mixin.py:154} INFO - [2023-12-15T21:58:08.521+0500] {dag.py:2941} INFO - Sync 1 DAGs
[2023-12-15T21:58:08.542+0500] {logging_mixin.py:154} INFO - [2023-12-15T21:58:08.542+0500] {dag.py:3722} INFO - Setting next_dagrun for example_branch_labels to 2023-12-14T00:00:00+00:00, run_after=2023-12-15T00:00:00+00:00
[2023-12-15T21:58:08.664+0500] {processor.py:179} INFO - Processing /home/amina/miniconda/lib/python3.11/site-packages/airflow/example_dags/example_branch_labels.py took 0.173 seconds
[2023-12-15T21:59:02.680+0500] {processor.py:157} INFO - Started process (PID=8535) to work on /home/amina/miniconda/lib/python3.11/site-packages/airflow/example_dags/example_branch_labels.py
[2023-12-15T21:59:02.709+0500] {processor.py:829} INFO - Processing file /home/amina/miniconda/lib/python3.11/site-packages/airflow/example_dags/example_branch_labels.py for tasks to queue
[2023-12-15T21:59:02.710+0500] {logging_mixin.py:154} INFO - [2023-12-15T21:59:02.710+0500] {dagbag.py:536} INFO - Filling up the DagBag from /home/amina/miniconda/lib/python3.11/site-packages/airflow/example_dags/example_branch_labels.py
[2023-12-15T21:59:02.718+0500] {processor.py:839} INFO - DAG(s) dict_keys(['example_branch_labels']) retrieved from /home/amina/miniconda/lib/python3.11/site-packages/airflow/example_dags/example_branch_labels.py
[2023-12-15T21:59:02.734+0500] {logging_mixin.py:154} INFO - [2023-12-15T21:59:02.734+0500] {dag.py:2941} INFO - Sync 1 DAGs
[2023-12-15T21:59:02.755+0500] {logging_mixin.py:154} INFO - [2023-12-15T21:59:02.755+0500] {dag.py:3722} INFO - Setting next_dagrun for example_branch_labels to 2023-12-14T00:00:00+00:00, run_after=2023-12-15T00:00:00+00:00
[2023-12-15T21:59:02.872+0500] {processor.py:179} INFO - Processing /home/amina/miniconda/lib/python3.11/site-packages/airflow/example_dags/example_branch_labels.py took 0.195 seconds
[2023-12-15T21:59:56.547+0500] {processor.py:157} INFO - Started process (PID=8604) to work on /home/amina/miniconda/lib/python3.11/site-packages/airflow/example_dags/example_branch_labels.py
[2023-12-15T21:59:56.564+0500] {processor.py:829} INFO - Processing file /home/amina/miniconda/lib/python3.11/site-packages/airflow/example_dags/example_branch_labels.py for tasks to queue
[2023-12-15T21:59:56.565+0500] {logging_mixin.py:154} INFO - [2023-12-15T21:59:56.565+0500] {dagbag.py:536} INFO - Filling up the DagBag from /home/amina/miniconda/lib/python3.11/site-packages/airflow/example_dags/example_branch_labels.py
[2023-12-15T21:59:56.576+0500] {processor.py:839} INFO - DAG(s) dict_keys(['example_branch_labels']) retrieved from /home/amina/miniconda/lib/python3.11/site-packages/airflow/example_dags/example_branch_labels.py
[2023-12-15T21:59:56.596+0500] {logging_mixin.py:154} INFO - [2023-12-15T21:59:56.596+0500] {dag.py:2941} INFO - Sync 1 DAGs
[2023-12-15T21:59:56.628+0500] {logging_mixin.py:154} INFO - [2023-12-15T21:59:56.628+0500] {dag.py:3722} INFO - Setting next_dagrun for example_branch_labels to 2023-12-14T00:00:00+00:00, run_after=2023-12-15T00:00:00+00:00
[2023-12-15T21:59:56.745+0500] {processor.py:179} INFO - Processing /home/amina/miniconda/lib/python3.11/site-packages/airflow/example_dags/example_branch_labels.py took 0.203 seconds
[2023-12-15T22:00:51.354+0500] {processor.py:157} INFO - Started process (PID=8673) to work on /home/amina/miniconda/lib/python3.11/site-packages/airflow/example_dags/example_branch_labels.py
[2023-12-15T22:00:51.394+0500] {processor.py:829} INFO - Processing file /home/amina/miniconda/lib/python3.11/site-packages/airflow/example_dags/example_branch_labels.py for tasks to queue
[2023-12-15T22:00:51.394+0500] {logging_mixin.py:154} INFO - [2023-12-15T22:00:51.394+0500] {dagbag.py:536} INFO - Filling up the DagBag from /home/amina/miniconda/lib/python3.11/site-packages/airflow/example_dags/example_branch_labels.py
[2023-12-15T22:00:51.402+0500] {processor.py:839} INFO - DAG(s) dict_keys(['example_branch_labels']) retrieved from /home/amina/miniconda/lib/python3.11/site-packages/airflow/example_dags/example_branch_labels.py
[2023-12-15T22:00:51.418+0500] {logging_mixin.py:154} INFO - [2023-12-15T22:00:51.417+0500] {dag.py:2941} INFO - Sync 1 DAGs
[2023-12-15T22:00:51.437+0500] {logging_mixin.py:154} INFO - [2023-12-15T22:00:51.437+0500] {dag.py:3722} INFO - Setting next_dagrun for example_branch_labels to 2023-12-14T00:00:00+00:00, run_after=2023-12-15T00:00:00+00:00
[2023-12-15T22:00:51.534+0500] {processor.py:179} INFO - Processing /home/amina/miniconda/lib/python3.11/site-packages/airflow/example_dags/example_branch_labels.py took 0.184 seconds
[2023-12-15T22:01:44.339+0500] {processor.py:157} INFO - Started process (PID=8738) to work on /home/amina/miniconda/lib/python3.11/site-packages/airflow/example_dags/example_branch_labels.py
[2023-12-15T22:01:44.374+0500] {processor.py:829} INFO - Processing file /home/amina/miniconda/lib/python3.11/site-packages/airflow/example_dags/example_branch_labels.py for tasks to queue
[2023-12-15T22:01:44.375+0500] {logging_mixin.py:154} INFO - [2023-12-15T22:01:44.374+0500] {dagbag.py:536} INFO - Filling up the DagBag from /home/amina/miniconda/lib/python3.11/site-packages/airflow/example_dags/example_branch_labels.py
[2023-12-15T22:01:44.384+0500] {processor.py:839} INFO - DAG(s) dict_keys(['example_branch_labels']) retrieved from /home/amina/miniconda/lib/python3.11/site-packages/airflow/example_dags/example_branch_labels.py
[2023-12-15T22:01:44.400+0500] {logging_mixin.py:154} INFO - [2023-12-15T22:01:44.399+0500] {dag.py:2941} INFO - Sync 1 DAGs
[2023-12-15T22:01:44.419+0500] {logging_mixin.py:154} INFO - [2023-12-15T22:01:44.419+0500] {dag.py:3722} INFO - Setting next_dagrun for example_branch_labels to 2023-12-14T00:00:00+00:00, run_after=2023-12-15T00:00:00+00:00
[2023-12-15T22:01:44.523+0500] {processor.py:179} INFO - Processing /home/amina/miniconda/lib/python3.11/site-packages/airflow/example_dags/example_branch_labels.py took 0.187 seconds
[2023-12-15T22:02:33.831+0500] {processor.py:157} INFO - Started process (PID=8798) to work on /home/amina/miniconda/lib/python3.11/site-packages/airflow/example_dags/example_branch_labels.py
[2023-12-15T22:02:33.896+0500] {processor.py:829} INFO - Processing file /home/amina/miniconda/lib/python3.11/site-packages/airflow/example_dags/example_branch_labels.py for tasks to queue
[2023-12-15T22:02:33.897+0500] {logging_mixin.py:154} INFO - [2023-12-15T22:02:33.897+0500] {dagbag.py:536} INFO - Filling up the DagBag from /home/amina/miniconda/lib/python3.11/site-packages/airflow/example_dags/example_branch_labels.py
[2023-12-15T22:02:33.906+0500] {processor.py:839} INFO - DAG(s) dict_keys(['example_branch_labels']) retrieved from /home/amina/miniconda/lib/python3.11/site-packages/airflow/example_dags/example_branch_labels.py
[2023-12-15T22:02:33.923+0500] {logging_mixin.py:154} INFO - [2023-12-15T22:02:33.923+0500] {dag.py:2941} INFO - Sync 1 DAGs
[2023-12-15T22:02:33.947+0500] {logging_mixin.py:154} INFO - [2023-12-15T22:02:33.947+0500] {dag.py:3722} INFO - Setting next_dagrun for example_branch_labels to 2023-12-14T00:00:00+00:00, run_after=2023-12-15T00:00:00+00:00
[2023-12-15T22:02:34.070+0500] {processor.py:179} INFO - Processing /home/amina/miniconda/lib/python3.11/site-packages/airflow/example_dags/example_branch_labels.py took 0.242 seconds
[2023-12-15T22:03:25.495+0500] {processor.py:157} INFO - Started process (PID=8856) to work on /home/amina/miniconda/lib/python3.11/site-packages/airflow/example_dags/example_branch_labels.py
[2023-12-15T22:03:25.554+0500] {processor.py:829} INFO - Processing file /home/amina/miniconda/lib/python3.11/site-packages/airflow/example_dags/example_branch_labels.py for tasks to queue
[2023-12-15T22:03:25.554+0500] {logging_mixin.py:154} INFO - [2023-12-15T22:03:25.554+0500] {dagbag.py:536} INFO - Filling up the DagBag from /home/amina/miniconda/lib/python3.11/site-packages/airflow/example_dags/example_branch_labels.py
[2023-12-15T22:03:25.563+0500] {processor.py:839} INFO - DAG(s) dict_keys(['example_branch_labels']) retrieved from /home/amina/miniconda/lib/python3.11/site-packages/airflow/example_dags/example_branch_labels.py
[2023-12-15T22:03:25.581+0500] {logging_mixin.py:154} INFO - [2023-12-15T22:03:25.581+0500] {dag.py:2941} INFO - Sync 1 DAGs
[2023-12-15T22:03:25.605+0500] {logging_mixin.py:154} INFO - [2023-12-15T22:03:25.605+0500] {dag.py:3722} INFO - Setting next_dagrun for example_branch_labels to 2023-12-14T00:00:00+00:00, run_after=2023-12-15T00:00:00+00:00
[2023-12-15T22:03:25.694+0500] {processor.py:179} INFO - Processing /home/amina/miniconda/lib/python3.11/site-packages/airflow/example_dags/example_branch_labels.py took 0.202 seconds
[2023-12-15T22:04:42.622+0500] {processor.py:157} INFO - Started process (PID=8942) to work on /home/amina/miniconda/lib/python3.11/site-packages/airflow/example_dags/example_branch_labels.py
[2023-12-15T22:04:42.643+0500] {processor.py:829} INFO - Processing file /home/amina/miniconda/lib/python3.11/site-packages/airflow/example_dags/example_branch_labels.py for tasks to queue
[2023-12-15T22:04:42.644+0500] {logging_mixin.py:154} INFO - [2023-12-15T22:04:42.643+0500] {dagbag.py:536} INFO - Filling up the DagBag from /home/amina/miniconda/lib/python3.11/site-packages/airflow/example_dags/example_branch_labels.py
[2023-12-15T22:04:42.655+0500] {processor.py:839} INFO - DAG(s) dict_keys(['example_branch_labels']) retrieved from /home/amina/miniconda/lib/python3.11/site-packages/airflow/example_dags/example_branch_labels.py
[2023-12-15T22:04:42.678+0500] {logging_mixin.py:154} INFO - [2023-12-15T22:04:42.678+0500] {dag.py:2941} INFO - Sync 1 DAGs
[2023-12-15T22:04:42.708+0500] {logging_mixin.py:154} INFO - [2023-12-15T22:04:42.708+0500] {dag.py:3722} INFO - Setting next_dagrun for example_branch_labels to 2023-12-14T00:00:00+00:00, run_after=2023-12-15T00:00:00+00:00
[2023-12-15T22:04:42.820+0500] {processor.py:179} INFO - Processing /home/amina/miniconda/lib/python3.11/site-packages/airflow/example_dags/example_branch_labels.py took 0.203 seconds
[2023-12-15T22:05:44.050+0500] {processor.py:157} INFO - Started process (PID=9006) to work on /home/amina/miniconda/lib/python3.11/site-packages/airflow/example_dags/example_branch_labels.py
[2023-12-15T22:05:44.053+0500] {processor.py:829} INFO - Processing file /home/amina/miniconda/lib/python3.11/site-packages/airflow/example_dags/example_branch_labels.py for tasks to queue
[2023-12-15T22:05:44.054+0500] {logging_mixin.py:154} INFO - [2023-12-15T22:05:44.053+0500] {dagbag.py:536} INFO - Filling up the DagBag from /home/amina/miniconda/lib/python3.11/site-packages/airflow/example_dags/example_branch_labels.py
[2023-12-15T22:05:44.065+0500] {processor.py:839} INFO - DAG(s) dict_keys(['example_branch_labels']) retrieved from /home/amina/miniconda/lib/python3.11/site-packages/airflow/example_dags/example_branch_labels.py
[2023-12-15T22:05:44.086+0500] {logging_mixin.py:154} INFO - [2023-12-15T22:05:44.086+0500] {dag.py:2941} INFO - Sync 1 DAGs
[2023-12-15T22:05:44.107+0500] {logging_mixin.py:154} INFO - [2023-12-15T22:05:44.107+0500] {dag.py:3722} INFO - Setting next_dagrun for example_branch_labels to 2023-12-14T00:00:00+00:00, run_after=2023-12-15T00:00:00+00:00
[2023-12-15T22:05:44.202+0500] {processor.py:179} INFO - Processing /home/amina/miniconda/lib/python3.11/site-packages/airflow/example_dags/example_branch_labels.py took 0.156 seconds
[2023-12-15T22:06:42.317+0500] {processor.py:157} INFO - Started process (PID=9064) to work on /home/amina/miniconda/lib/python3.11/site-packages/airflow/example_dags/example_branch_labels.py
[2023-12-15T22:06:42.371+0500] {processor.py:829} INFO - Processing file /home/amina/miniconda/lib/python3.11/site-packages/airflow/example_dags/example_branch_labels.py for tasks to queue
[2023-12-15T22:06:42.371+0500] {logging_mixin.py:154} INFO - [2023-12-15T22:06:42.371+0500] {dagbag.py:536} INFO - Filling up the DagBag from /home/amina/miniconda/lib/python3.11/site-packages/airflow/example_dags/example_branch_labels.py
[2023-12-15T22:06:42.380+0500] {processor.py:839} INFO - DAG(s) dict_keys(['example_branch_labels']) retrieved from /home/amina/miniconda/lib/python3.11/site-packages/airflow/example_dags/example_branch_labels.py
[2023-12-15T22:06:42.399+0500] {logging_mixin.py:154} INFO - [2023-12-15T22:06:42.399+0500] {dag.py:2941} INFO - Sync 1 DAGs
[2023-12-15T22:06:42.426+0500] {logging_mixin.py:154} INFO - [2023-12-15T22:06:42.426+0500] {dag.py:3722} INFO - Setting next_dagrun for example_branch_labels to 2023-12-14T00:00:00+00:00, run_after=2023-12-15T00:00:00+00:00
[2023-12-15T22:06:42.527+0500] {processor.py:179} INFO - Processing /home/amina/miniconda/lib/python3.11/site-packages/airflow/example_dags/example_branch_labels.py took 0.212 seconds
[2023-12-15T22:07:47.792+0500] {processor.py:157} INFO - Started process (PID=9128) to work on /home/amina/miniconda/lib/python3.11/site-packages/airflow/example_dags/example_branch_labels.py
[2023-12-15T22:07:47.844+0500] {processor.py:829} INFO - Processing file /home/amina/miniconda/lib/python3.11/site-packages/airflow/example_dags/example_branch_labels.py for tasks to queue
[2023-12-15T22:07:47.845+0500] {logging_mixin.py:154} INFO - [2023-12-15T22:07:47.845+0500] {dagbag.py:536} INFO - Filling up the DagBag from /home/amina/miniconda/lib/python3.11/site-packages/airflow/example_dags/example_branch_labels.py
[2023-12-15T22:07:47.853+0500] {processor.py:839} INFO - DAG(s) dict_keys(['example_branch_labels']) retrieved from /home/amina/miniconda/lib/python3.11/site-packages/airflow/example_dags/example_branch_labels.py
[2023-12-15T22:07:47.871+0500] {logging_mixin.py:154} INFO - [2023-12-15T22:07:47.870+0500] {dag.py:2941} INFO - Sync 1 DAGs
[2023-12-15T22:07:47.893+0500] {logging_mixin.py:154} INFO - [2023-12-15T22:07:47.893+0500] {dag.py:3722} INFO - Setting next_dagrun for example_branch_labels to 2023-12-14T00:00:00+00:00, run_after=2023-12-15T00:00:00+00:00
[2023-12-15T22:07:47.982+0500] {processor.py:179} INFO - Processing /home/amina/miniconda/lib/python3.11/site-packages/airflow/example_dags/example_branch_labels.py took 0.193 seconds
[2023-12-15T22:08:48.748+0500] {processor.py:157} INFO - Started process (PID=9204) to work on /home/amina/miniconda/lib/python3.11/site-packages/airflow/example_dags/example_branch_labels.py
[2023-12-15T22:08:48.769+0500] {processor.py:829} INFO - Processing file /home/amina/miniconda/lib/python3.11/site-packages/airflow/example_dags/example_branch_labels.py for tasks to queue
[2023-12-15T22:08:48.770+0500] {logging_mixin.py:154} INFO - [2023-12-15T22:08:48.770+0500] {dagbag.py:536} INFO - Filling up the DagBag from /home/amina/miniconda/lib/python3.11/site-packages/airflow/example_dags/example_branch_labels.py
[2023-12-15T22:08:48.779+0500] {processor.py:839} INFO - DAG(s) dict_keys(['example_branch_labels']) retrieved from /home/amina/miniconda/lib/python3.11/site-packages/airflow/example_dags/example_branch_labels.py
[2023-12-15T22:08:48.799+0500] {logging_mixin.py:154} INFO - [2023-12-15T22:08:48.799+0500] {dag.py:2941} INFO - Sync 1 DAGs
[2023-12-15T22:08:48.834+0500] {logging_mixin.py:154} INFO - [2023-12-15T22:08:48.833+0500] {dag.py:3722} INFO - Setting next_dagrun for example_branch_labels to 2023-12-14T00:00:00+00:00, run_after=2023-12-15T00:00:00+00:00
[2023-12-15T22:08:48.943+0500] {processor.py:179} INFO - Processing /home/amina/miniconda/lib/python3.11/site-packages/airflow/example_dags/example_branch_labels.py took 0.198 seconds
[2023-12-15T22:09:50.889+0500] {processor.py:157} INFO - Started process (PID=9269) to work on /home/amina/miniconda/lib/python3.11/site-packages/airflow/example_dags/example_branch_labels.py
[2023-12-15T22:09:50.919+0500] {processor.py:829} INFO - Processing file /home/amina/miniconda/lib/python3.11/site-packages/airflow/example_dags/example_branch_labels.py for tasks to queue
[2023-12-15T22:09:50.919+0500] {logging_mixin.py:154} INFO - [2023-12-15T22:09:50.919+0500] {dagbag.py:536} INFO - Filling up the DagBag from /home/amina/miniconda/lib/python3.11/site-packages/airflow/example_dags/example_branch_labels.py
[2023-12-15T22:09:50.927+0500] {processor.py:839} INFO - DAG(s) dict_keys(['example_branch_labels']) retrieved from /home/amina/miniconda/lib/python3.11/site-packages/airflow/example_dags/example_branch_labels.py
[2023-12-15T22:09:50.946+0500] {logging_mixin.py:154} INFO - [2023-12-15T22:09:50.946+0500] {dag.py:2941} INFO - Sync 1 DAGs
[2023-12-15T22:09:50.972+0500] {logging_mixin.py:154} INFO - [2023-12-15T22:09:50.971+0500] {dag.py:3722} INFO - Setting next_dagrun for example_branch_labels to 2023-12-14T00:00:00+00:00, run_after=2023-12-15T00:00:00+00:00
[2023-12-15T22:09:51.075+0500] {processor.py:179} INFO - Processing /home/amina/miniconda/lib/python3.11/site-packages/airflow/example_dags/example_branch_labels.py took 0.189 seconds
[2023-12-15T22:10:59.806+0500] {processor.py:157} INFO - Started process (PID=9337) to work on /home/amina/miniconda/lib/python3.11/site-packages/airflow/example_dags/example_branch_labels.py
[2023-12-15T22:10:59.837+0500] {processor.py:829} INFO - Processing file /home/amina/miniconda/lib/python3.11/site-packages/airflow/example_dags/example_branch_labels.py for tasks to queue
[2023-12-15T22:10:59.838+0500] {logging_mixin.py:154} INFO - [2023-12-15T22:10:59.838+0500] {dagbag.py:536} INFO - Filling up the DagBag from /home/amina/miniconda/lib/python3.11/site-packages/airflow/example_dags/example_branch_labels.py
[2023-12-15T22:10:59.847+0500] {processor.py:839} INFO - DAG(s) dict_keys(['example_branch_labels']) retrieved from /home/amina/miniconda/lib/python3.11/site-packages/airflow/example_dags/example_branch_labels.py
[2023-12-15T22:10:59.864+0500] {logging_mixin.py:154} INFO - [2023-12-15T22:10:59.864+0500] {dag.py:2941} INFO - Sync 1 DAGs
[2023-12-15T22:10:59.886+0500] {logging_mixin.py:154} INFO - [2023-12-15T22:10:59.886+0500] {dag.py:3722} INFO - Setting next_dagrun for example_branch_labels to 2023-12-14T00:00:00+00:00, run_after=2023-12-15T00:00:00+00:00
[2023-12-15T22:10:59.993+0500] {processor.py:179} INFO - Processing /home/amina/miniconda/lib/python3.11/site-packages/airflow/example_dags/example_branch_labels.py took 0.192 seconds
[2023-12-15T22:11:57.528+0500] {processor.py:157} INFO - Started process (PID=9398) to work on /home/amina/miniconda/lib/python3.11/site-packages/airflow/example_dags/example_branch_labels.py
[2023-12-15T22:11:57.530+0500] {processor.py:829} INFO - Processing file /home/amina/miniconda/lib/python3.11/site-packages/airflow/example_dags/example_branch_labels.py for tasks to queue
[2023-12-15T22:11:57.530+0500] {logging_mixin.py:154} INFO - [2023-12-15T22:11:57.530+0500] {dagbag.py:536} INFO - Filling up the DagBag from /home/amina/miniconda/lib/python3.11/site-packages/airflow/example_dags/example_branch_labels.py
[2023-12-15T22:11:57.540+0500] {processor.py:839} INFO - DAG(s) dict_keys(['example_branch_labels']) retrieved from /home/amina/miniconda/lib/python3.11/site-packages/airflow/example_dags/example_branch_labels.py
[2023-12-15T22:11:57.560+0500] {logging_mixin.py:154} INFO - [2023-12-15T22:11:57.559+0500] {dag.py:2941} INFO - Sync 1 DAGs
[2023-12-15T22:11:57.584+0500] {logging_mixin.py:154} INFO - [2023-12-15T22:11:57.584+0500] {dag.py:3722} INFO - Setting next_dagrun for example_branch_labels to 2023-12-14T00:00:00+00:00, run_after=2023-12-15T00:00:00+00:00
[2023-12-15T22:11:57.692+0500] {processor.py:179} INFO - Processing /home/amina/miniconda/lib/python3.11/site-packages/airflow/example_dags/example_branch_labels.py took 0.167 seconds
[2023-12-15T22:12:57.306+0500] {processor.py:157} INFO - Started process (PID=9460) to work on /home/amina/miniconda/lib/python3.11/site-packages/airflow/example_dags/example_branch_labels.py
[2023-12-15T22:12:57.316+0500] {processor.py:829} INFO - Processing file /home/amina/miniconda/lib/python3.11/site-packages/airflow/example_dags/example_branch_labels.py for tasks to queue
[2023-12-15T22:12:57.317+0500] {logging_mixin.py:154} INFO - [2023-12-15T22:12:57.316+0500] {dagbag.py:536} INFO - Filling up the DagBag from /home/amina/miniconda/lib/python3.11/site-packages/airflow/example_dags/example_branch_labels.py
[2023-12-15T22:12:57.327+0500] {processor.py:839} INFO - DAG(s) dict_keys(['example_branch_labels']) retrieved from /home/amina/miniconda/lib/python3.11/site-packages/airflow/example_dags/example_branch_labels.py
[2023-12-15T22:12:57.354+0500] {logging_mixin.py:154} INFO - [2023-12-15T22:12:57.354+0500] {dag.py:2941} INFO - Sync 1 DAGs
[2023-12-15T22:12:57.384+0500] {logging_mixin.py:154} INFO - [2023-12-15T22:12:57.384+0500] {dag.py:3722} INFO - Setting next_dagrun for example_branch_labels to 2023-12-14T00:00:00+00:00, run_after=2023-12-15T00:00:00+00:00
[2023-12-15T22:12:57.498+0500] {processor.py:179} INFO - Processing /home/amina/miniconda/lib/python3.11/site-packages/airflow/example_dags/example_branch_labels.py took 0.195 seconds
[2023-12-15T22:14:07.121+0500] {processor.py:157} INFO - Started process (PID=9545) to work on /home/amina/miniconda/lib/python3.11/site-packages/airflow/example_dags/example_branch_labels.py
[2023-12-15T22:14:07.149+0500] {processor.py:829} INFO - Processing file /home/amina/miniconda/lib/python3.11/site-packages/airflow/example_dags/example_branch_labels.py for tasks to queue
[2023-12-15T22:14:07.150+0500] {logging_mixin.py:154} INFO - [2023-12-15T22:14:07.149+0500] {dagbag.py:536} INFO - Filling up the DagBag from /home/amina/miniconda/lib/python3.11/site-packages/airflow/example_dags/example_branch_labels.py
[2023-12-15T22:14:07.160+0500] {processor.py:839} INFO - DAG(s) dict_keys(['example_branch_labels']) retrieved from /home/amina/miniconda/lib/python3.11/site-packages/airflow/example_dags/example_branch_labels.py
[2023-12-15T22:14:07.182+0500] {logging_mixin.py:154} INFO - [2023-12-15T22:14:07.182+0500] {dag.py:2941} INFO - Sync 1 DAGs
[2023-12-15T22:14:07.207+0500] {logging_mixin.py:154} INFO - [2023-12-15T22:14:07.207+0500] {dag.py:3722} INFO - Setting next_dagrun for example_branch_labels to 2023-12-14T00:00:00+00:00, run_after=2023-12-15T00:00:00+00:00
[2023-12-15T22:14:07.314+0500] {processor.py:179} INFO - Processing /home/amina/miniconda/lib/python3.11/site-packages/airflow/example_dags/example_branch_labels.py took 0.197 seconds
[2023-12-15T22:15:22.779+0500] {processor.py:157} INFO - Started process (PID=9629) to work on /home/amina/miniconda/lib/python3.11/site-packages/airflow/example_dags/example_branch_labels.py
[2023-12-15T22:15:22.799+0500] {processor.py:829} INFO - Processing file /home/amina/miniconda/lib/python3.11/site-packages/airflow/example_dags/example_branch_labels.py for tasks to queue
[2023-12-15T22:15:22.800+0500] {logging_mixin.py:154} INFO - [2023-12-15T22:15:22.799+0500] {dagbag.py:536} INFO - Filling up the DagBag from /home/amina/miniconda/lib/python3.11/site-packages/airflow/example_dags/example_branch_labels.py
[2023-12-15T22:15:22.808+0500] {processor.py:839} INFO - DAG(s) dict_keys(['example_branch_labels']) retrieved from /home/amina/miniconda/lib/python3.11/site-packages/airflow/example_dags/example_branch_labels.py
[2023-12-15T22:15:22.824+0500] {logging_mixin.py:154} INFO - [2023-12-15T22:15:22.824+0500] {dag.py:2941} INFO - Sync 1 DAGs
[2023-12-15T22:15:22.847+0500] {logging_mixin.py:154} INFO - [2023-12-15T22:15:22.847+0500] {dag.py:3722} INFO - Setting next_dagrun for example_branch_labels to 2023-12-14T00:00:00+00:00, run_after=2023-12-15T00:00:00+00:00
[2023-12-15T22:15:22.961+0500] {processor.py:179} INFO - Processing /home/amina/miniconda/lib/python3.11/site-packages/airflow/example_dags/example_branch_labels.py took 0.186 seconds
[2023-12-15T22:16:30.964+0500] {processor.py:157} INFO - Started process (PID=9705) to work on /home/amina/miniconda/lib/python3.11/site-packages/airflow/example_dags/example_branch_labels.py
[2023-12-15T22:16:30.994+0500] {processor.py:829} INFO - Processing file /home/amina/miniconda/lib/python3.11/site-packages/airflow/example_dags/example_branch_labels.py for tasks to queue
[2023-12-15T22:16:30.995+0500] {logging_mixin.py:154} INFO - [2023-12-15T22:16:30.994+0500] {dagbag.py:536} INFO - Filling up the DagBag from /home/amina/miniconda/lib/python3.11/site-packages/airflow/example_dags/example_branch_labels.py
[2023-12-15T22:16:31.007+0500] {processor.py:839} INFO - DAG(s) dict_keys(['example_branch_labels']) retrieved from /home/amina/miniconda/lib/python3.11/site-packages/airflow/example_dags/example_branch_labels.py
[2023-12-15T22:16:31.026+0500] {logging_mixin.py:154} INFO - [2023-12-15T22:16:31.026+0500] {dag.py:2941} INFO - Sync 1 DAGs
[2023-12-15T22:16:31.051+0500] {logging_mixin.py:154} INFO - [2023-12-15T22:16:31.051+0500] {dag.py:3722} INFO - Setting next_dagrun for example_branch_labels to 2023-12-14T00:00:00+00:00, run_after=2023-12-15T00:00:00+00:00
[2023-12-15T22:16:31.147+0500] {processor.py:179} INFO - Processing /home/amina/miniconda/lib/python3.11/site-packages/airflow/example_dags/example_branch_labels.py took 0.186 seconds
[2023-12-15T22:17:37.206+0500] {processor.py:157} INFO - Started process (PID=9772) to work on /home/amina/miniconda/lib/python3.11/site-packages/airflow/example_dags/example_branch_labels.py
[2023-12-15T22:17:37.218+0500] {processor.py:829} INFO - Processing file /home/amina/miniconda/lib/python3.11/site-packages/airflow/example_dags/example_branch_labels.py for tasks to queue
[2023-12-15T22:17:37.219+0500] {logging_mixin.py:154} INFO - [2023-12-15T22:17:37.218+0500] {dagbag.py:536} INFO - Filling up the DagBag from /home/amina/miniconda/lib/python3.11/site-packages/airflow/example_dags/example_branch_labels.py
[2023-12-15T22:17:37.227+0500] {processor.py:839} INFO - DAG(s) dict_keys(['example_branch_labels']) retrieved from /home/amina/miniconda/lib/python3.11/site-packages/airflow/example_dags/example_branch_labels.py
[2023-12-15T22:17:37.245+0500] {logging_mixin.py:154} INFO - [2023-12-15T22:17:37.245+0500] {dag.py:2941} INFO - Sync 1 DAGs
[2023-12-15T22:17:37.269+0500] {logging_mixin.py:154} INFO - [2023-12-15T22:17:37.269+0500] {dag.py:3722} INFO - Setting next_dagrun for example_branch_labels to 2023-12-14T00:00:00+00:00, run_after=2023-12-15T00:00:00+00:00
[2023-12-15T22:17:37.363+0500] {processor.py:179} INFO - Processing /home/amina/miniconda/lib/python3.11/site-packages/airflow/example_dags/example_branch_labels.py took 0.160 seconds
[2023-12-15T22:18:39.222+0500] {processor.py:157} INFO - Started process (PID=9846) to work on /home/amina/miniconda/lib/python3.11/site-packages/airflow/example_dags/example_branch_labels.py
[2023-12-15T22:18:39.257+0500] {processor.py:829} INFO - Processing file /home/amina/miniconda/lib/python3.11/site-packages/airflow/example_dags/example_branch_labels.py for tasks to queue
[2023-12-15T22:18:39.257+0500] {logging_mixin.py:154} INFO - [2023-12-15T22:18:39.257+0500] {dagbag.py:536} INFO - Filling up the DagBag from /home/amina/miniconda/lib/python3.11/site-packages/airflow/example_dags/example_branch_labels.py
[2023-12-15T22:18:39.266+0500] {processor.py:839} INFO - DAG(s) dict_keys(['example_branch_labels']) retrieved from /home/amina/miniconda/lib/python3.11/site-packages/airflow/example_dags/example_branch_labels.py
[2023-12-15T22:18:39.287+0500] {logging_mixin.py:154} INFO - [2023-12-15T22:18:39.287+0500] {dag.py:2941} INFO - Sync 1 DAGs
[2023-12-15T22:18:39.310+0500] {logging_mixin.py:154} INFO - [2023-12-15T22:18:39.309+0500] {dag.py:3722} INFO - Setting next_dagrun for example_branch_labels to 2023-12-14T00:00:00+00:00, run_after=2023-12-15T00:00:00+00:00
[2023-12-15T22:18:39.437+0500] {processor.py:179} INFO - Processing /home/amina/miniconda/lib/python3.11/site-packages/airflow/example_dags/example_branch_labels.py took 0.218 seconds
[2023-12-15T22:19:42.263+0500] {processor.py:157} INFO - Started process (PID=9957) to work on /home/amina/miniconda/lib/python3.11/site-packages/airflow/example_dags/example_branch_labels.py
[2023-12-15T22:19:42.297+0500] {processor.py:829} INFO - Processing file /home/amina/miniconda/lib/python3.11/site-packages/airflow/example_dags/example_branch_labels.py for tasks to queue
[2023-12-15T22:19:42.297+0500] {logging_mixin.py:154} INFO - [2023-12-15T22:19:42.297+0500] {dagbag.py:536} INFO - Filling up the DagBag from /home/amina/miniconda/lib/python3.11/site-packages/airflow/example_dags/example_branch_labels.py
[2023-12-15T22:19:42.306+0500] {processor.py:839} INFO - DAG(s) dict_keys(['example_branch_labels']) retrieved from /home/amina/miniconda/lib/python3.11/site-packages/airflow/example_dags/example_branch_labels.py
[2023-12-15T22:19:42.323+0500] {logging_mixin.py:154} INFO - [2023-12-15T22:19:42.323+0500] {dag.py:2941} INFO - Sync 1 DAGs
[2023-12-15T22:19:42.345+0500] {logging_mixin.py:154} INFO - [2023-12-15T22:19:42.345+0500] {dag.py:3722} INFO - Setting next_dagrun for example_branch_labels to 2023-12-14T00:00:00+00:00, run_after=2023-12-15T00:00:00+00:00
[2023-12-15T22:19:42.445+0500] {processor.py:179} INFO - Processing /home/amina/miniconda/lib/python3.11/site-packages/airflow/example_dags/example_branch_labels.py took 0.185 seconds
[2023-12-15T22:20:55.315+0500] {processor.py:157} INFO - Started process (PID=10127) to work on /home/amina/miniconda/lib/python3.11/site-packages/airflow/example_dags/example_branch_labels.py
[2023-12-15T22:20:55.379+0500] {processor.py:829} INFO - Processing file /home/amina/miniconda/lib/python3.11/site-packages/airflow/example_dags/example_branch_labels.py for tasks to queue
[2023-12-15T22:20:55.380+0500] {logging_mixin.py:154} INFO - [2023-12-15T22:20:55.380+0500] {dagbag.py:536} INFO - Filling up the DagBag from /home/amina/miniconda/lib/python3.11/site-packages/airflow/example_dags/example_branch_labels.py
[2023-12-15T22:20:55.389+0500] {processor.py:839} INFO - DAG(s) dict_keys(['example_branch_labels']) retrieved from /home/amina/miniconda/lib/python3.11/site-packages/airflow/example_dags/example_branch_labels.py
[2023-12-15T22:20:55.407+0500] {logging_mixin.py:154} INFO - [2023-12-15T22:20:55.406+0500] {dag.py:2941} INFO - Sync 1 DAGs
[2023-12-15T22:20:55.429+0500] {logging_mixin.py:154} INFO - [2023-12-15T22:20:55.429+0500] {dag.py:3722} INFO - Setting next_dagrun for example_branch_labels to 2023-12-14T00:00:00+00:00, run_after=2023-12-15T00:00:00+00:00
[2023-12-15T22:20:55.528+0500] {processor.py:179} INFO - Processing /home/amina/miniconda/lib/python3.11/site-packages/airflow/example_dags/example_branch_labels.py took 0.216 seconds
[2023-12-15T22:21:49.722+0500] {processor.py:157} INFO - Started process (PID=10192) to work on /home/amina/miniconda/lib/python3.11/site-packages/airflow/example_dags/example_branch_labels.py
[2023-12-15T22:21:49.744+0500] {processor.py:829} INFO - Processing file /home/amina/miniconda/lib/python3.11/site-packages/airflow/example_dags/example_branch_labels.py for tasks to queue
[2023-12-15T22:21:49.745+0500] {logging_mixin.py:154} INFO - [2023-12-15T22:21:49.744+0500] {dagbag.py:536} INFO - Filling up the DagBag from /home/amina/miniconda/lib/python3.11/site-packages/airflow/example_dags/example_branch_labels.py
[2023-12-15T22:21:49.753+0500] {processor.py:839} INFO - DAG(s) dict_keys(['example_branch_labels']) retrieved from /home/amina/miniconda/lib/python3.11/site-packages/airflow/example_dags/example_branch_labels.py
[2023-12-15T22:21:49.769+0500] {logging_mixin.py:154} INFO - [2023-12-15T22:21:49.769+0500] {dag.py:2941} INFO - Sync 1 DAGs
[2023-12-15T22:21:49.790+0500] {logging_mixin.py:154} INFO - [2023-12-15T22:21:49.790+0500] {dag.py:3722} INFO - Setting next_dagrun for example_branch_labels to 2023-12-14T00:00:00+00:00, run_after=2023-12-15T00:00:00+00:00
[2023-12-15T22:21:49.897+0500] {processor.py:179} INFO - Processing /home/amina/miniconda/lib/python3.11/site-packages/airflow/example_dags/example_branch_labels.py took 0.178 seconds
[2023-12-15T22:23:03.658+0500] {processor.py:157} INFO - Started process (PID=10272) to work on /home/amina/miniconda/lib/python3.11/site-packages/airflow/example_dags/example_branch_labels.py
[2023-12-15T22:23:03.711+0500] {processor.py:829} INFO - Processing file /home/amina/miniconda/lib/python3.11/site-packages/airflow/example_dags/example_branch_labels.py for tasks to queue
[2023-12-15T22:23:03.711+0500] {logging_mixin.py:154} INFO - [2023-12-15T22:23:03.711+0500] {dagbag.py:536} INFO - Filling up the DagBag from /home/amina/miniconda/lib/python3.11/site-packages/airflow/example_dags/example_branch_labels.py
[2023-12-15T22:23:03.719+0500] {processor.py:839} INFO - DAG(s) dict_keys(['example_branch_labels']) retrieved from /home/amina/miniconda/lib/python3.11/site-packages/airflow/example_dags/example_branch_labels.py
[2023-12-15T22:23:03.737+0500] {logging_mixin.py:154} INFO - [2023-12-15T22:23:03.737+0500] {dag.py:2941} INFO - Sync 1 DAGs
[2023-12-15T22:23:03.763+0500] {logging_mixin.py:154} INFO - [2023-12-15T22:23:03.763+0500] {dag.py:3722} INFO - Setting next_dagrun for example_branch_labels to 2023-12-14T00:00:00+00:00, run_after=2023-12-15T00:00:00+00:00
[2023-12-15T22:23:03.862+0500] {processor.py:179} INFO - Processing /home/amina/miniconda/lib/python3.11/site-packages/airflow/example_dags/example_branch_labels.py took 0.207 seconds
[2023-12-15T22:23:56.710+0500] {processor.py:157} INFO - Started process (PID=10334) to work on /home/amina/miniconda/lib/python3.11/site-packages/airflow/example_dags/example_branch_labels.py
[2023-12-15T22:23:56.745+0500] {processor.py:829} INFO - Processing file /home/amina/miniconda/lib/python3.11/site-packages/airflow/example_dags/example_branch_labels.py for tasks to queue
[2023-12-15T22:23:56.746+0500] {logging_mixin.py:154} INFO - [2023-12-15T22:23:56.746+0500] {dagbag.py:536} INFO - Filling up the DagBag from /home/amina/miniconda/lib/python3.11/site-packages/airflow/example_dags/example_branch_labels.py
[2023-12-15T22:23:56.755+0500] {processor.py:839} INFO - DAG(s) dict_keys(['example_branch_labels']) retrieved from /home/amina/miniconda/lib/python3.11/site-packages/airflow/example_dags/example_branch_labels.py
[2023-12-15T22:23:56.773+0500] {logging_mixin.py:154} INFO - [2023-12-15T22:23:56.772+0500] {dag.py:2941} INFO - Sync 1 DAGs
[2023-12-15T22:23:56.794+0500] {logging_mixin.py:154} INFO - [2023-12-15T22:23:56.794+0500] {dag.py:3722} INFO - Setting next_dagrun for example_branch_labels to 2023-12-14T00:00:00+00:00, run_after=2023-12-15T00:00:00+00:00
[2023-12-15T22:23:56.916+0500] {processor.py:179} INFO - Processing /home/amina/miniconda/lib/python3.11/site-packages/airflow/example_dags/example_branch_labels.py took 0.209 seconds
[2023-12-15T22:24:48.057+0500] {processor.py:157} INFO - Started process (PID=10393) to work on /home/amina/miniconda/lib/python3.11/site-packages/airflow/example_dags/example_branch_labels.py
[2023-12-15T22:24:48.087+0500] {processor.py:829} INFO - Processing file /home/amina/miniconda/lib/python3.11/site-packages/airflow/example_dags/example_branch_labels.py for tasks to queue
[2023-12-15T22:24:48.088+0500] {logging_mixin.py:154} INFO - [2023-12-15T22:24:48.087+0500] {dagbag.py:536} INFO - Filling up the DagBag from /home/amina/miniconda/lib/python3.11/site-packages/airflow/example_dags/example_branch_labels.py
[2023-12-15T22:24:48.096+0500] {processor.py:839} INFO - DAG(s) dict_keys(['example_branch_labels']) retrieved from /home/amina/miniconda/lib/python3.11/site-packages/airflow/example_dags/example_branch_labels.py
[2023-12-15T22:24:48.116+0500] {logging_mixin.py:154} INFO - [2023-12-15T22:24:48.116+0500] {dag.py:2941} INFO - Sync 1 DAGs
[2023-12-15T22:24:48.143+0500] {logging_mixin.py:154} INFO - [2023-12-15T22:24:48.143+0500] {dag.py:3722} INFO - Setting next_dagrun for example_branch_labels to 2023-12-14T00:00:00+00:00, run_after=2023-12-15T00:00:00+00:00
[2023-12-15T22:24:48.269+0500] {processor.py:179} INFO - Processing /home/amina/miniconda/lib/python3.11/site-packages/airflow/example_dags/example_branch_labels.py took 0.216 seconds
[2023-12-15T22:25:45.952+0500] {processor.py:157} INFO - Started process (PID=10447) to work on /home/amina/miniconda/lib/python3.11/site-packages/airflow/example_dags/example_branch_labels.py
[2023-12-15T22:25:45.963+0500] {processor.py:829} INFO - Processing file /home/amina/miniconda/lib/python3.11/site-packages/airflow/example_dags/example_branch_labels.py for tasks to queue
[2023-12-15T22:25:45.964+0500] {logging_mixin.py:154} INFO - [2023-12-15T22:25:45.964+0500] {dagbag.py:536} INFO - Filling up the DagBag from /home/amina/miniconda/lib/python3.11/site-packages/airflow/example_dags/example_branch_labels.py
[2023-12-15T22:25:45.973+0500] {processor.py:839} INFO - DAG(s) dict_keys(['example_branch_labels']) retrieved from /home/amina/miniconda/lib/python3.11/site-packages/airflow/example_dags/example_branch_labels.py
[2023-12-15T22:25:45.990+0500] {logging_mixin.py:154} INFO - [2023-12-15T22:25:45.990+0500] {dag.py:2941} INFO - Sync 1 DAGs
[2023-12-15T22:25:46.015+0500] {logging_mixin.py:154} INFO - [2023-12-15T22:25:46.015+0500] {dag.py:3722} INFO - Setting next_dagrun for example_branch_labels to 2023-12-14T00:00:00+00:00, run_after=2023-12-15T00:00:00+00:00
[2023-12-15T22:25:46.123+0500] {processor.py:179} INFO - Processing /home/amina/miniconda/lib/python3.11/site-packages/airflow/example_dags/example_branch_labels.py took 0.174 seconds
[2023-12-15T22:26:42.323+0500] {processor.py:157} INFO - Started process (PID=10504) to work on /home/amina/miniconda/lib/python3.11/site-packages/airflow/example_dags/example_branch_labels.py
[2023-12-15T22:26:42.334+0500] {processor.py:829} INFO - Processing file /home/amina/miniconda/lib/python3.11/site-packages/airflow/example_dags/example_branch_labels.py for tasks to queue
[2023-12-15T22:26:42.335+0500] {logging_mixin.py:154} INFO - [2023-12-15T22:26:42.335+0500] {dagbag.py:536} INFO - Filling up the DagBag from /home/amina/miniconda/lib/python3.11/site-packages/airflow/example_dags/example_branch_labels.py
[2023-12-15T22:26:42.348+0500] {processor.py:839} INFO - DAG(s) dict_keys(['example_branch_labels']) retrieved from /home/amina/miniconda/lib/python3.11/site-packages/airflow/example_dags/example_branch_labels.py
[2023-12-15T22:26:42.368+0500] {logging_mixin.py:154} INFO - [2023-12-15T22:26:42.368+0500] {dag.py:2941} INFO - Sync 1 DAGs
[2023-12-15T22:26:42.393+0500] {logging_mixin.py:154} INFO - [2023-12-15T22:26:42.392+0500] {dag.py:3722} INFO - Setting next_dagrun for example_branch_labels to 2023-12-14T00:00:00+00:00, run_after=2023-12-15T00:00:00+00:00
[2023-12-15T22:26:42.512+0500] {processor.py:179} INFO - Processing /home/amina/miniconda/lib/python3.11/site-packages/airflow/example_dags/example_branch_labels.py took 0.193 seconds
[2023-12-15T22:27:35.263+0500] {processor.py:157} INFO - Started process (PID=10558) to work on /home/amina/miniconda/lib/python3.11/site-packages/airflow/example_dags/example_branch_labels.py
[2023-12-15T22:27:35.286+0500] {processor.py:829} INFO - Processing file /home/amina/miniconda/lib/python3.11/site-packages/airflow/example_dags/example_branch_labels.py for tasks to queue
[2023-12-15T22:27:35.287+0500] {logging_mixin.py:154} INFO - [2023-12-15T22:27:35.287+0500] {dagbag.py:536} INFO - Filling up the DagBag from /home/amina/miniconda/lib/python3.11/site-packages/airflow/example_dags/example_branch_labels.py
[2023-12-15T22:27:35.297+0500] {processor.py:839} INFO - DAG(s) dict_keys(['example_branch_labels']) retrieved from /home/amina/miniconda/lib/python3.11/site-packages/airflow/example_dags/example_branch_labels.py
[2023-12-15T22:27:35.323+0500] {logging_mixin.py:154} INFO - [2023-12-15T22:27:35.323+0500] {dag.py:2941} INFO - Sync 1 DAGs
[2023-12-15T22:27:35.350+0500] {logging_mixin.py:154} INFO - [2023-12-15T22:27:35.350+0500] {dag.py:3722} INFO - Setting next_dagrun for example_branch_labels to 2023-12-14T00:00:00+00:00, run_after=2023-12-15T00:00:00+00:00
[2023-12-15T22:27:35.468+0500] {processor.py:179} INFO - Processing /home/amina/miniconda/lib/python3.11/site-packages/airflow/example_dags/example_branch_labels.py took 0.207 seconds
[2023-12-15T22:28:26.752+0500] {processor.py:157} INFO - Started process (PID=10621) to work on /home/amina/miniconda/lib/python3.11/site-packages/airflow/example_dags/example_branch_labels.py
[2023-12-15T22:28:26.772+0500] {processor.py:829} INFO - Processing file /home/amina/miniconda/lib/python3.11/site-packages/airflow/example_dags/example_branch_labels.py for tasks to queue
[2023-12-15T22:28:26.773+0500] {logging_mixin.py:154} INFO - [2023-12-15T22:28:26.772+0500] {dagbag.py:536} INFO - Filling up the DagBag from /home/amina/miniconda/lib/python3.11/site-packages/airflow/example_dags/example_branch_labels.py
[2023-12-15T22:28:26.783+0500] {processor.py:839} INFO - DAG(s) dict_keys(['example_branch_labels']) retrieved from /home/amina/miniconda/lib/python3.11/site-packages/airflow/example_dags/example_branch_labels.py
[2023-12-15T22:28:26.804+0500] {logging_mixin.py:154} INFO - [2023-12-15T22:28:26.804+0500] {dag.py:2941} INFO - Sync 1 DAGs
[2023-12-15T22:28:26.830+0500] {logging_mixin.py:154} INFO - [2023-12-15T22:28:26.830+0500] {dag.py:3722} INFO - Setting next_dagrun for example_branch_labels to 2023-12-14T00:00:00+00:00, run_after=2023-12-15T00:00:00+00:00
[2023-12-15T22:28:27.040+0500] {processor.py:179} INFO - Processing /home/amina/miniconda/lib/python3.11/site-packages/airflow/example_dags/example_branch_labels.py took 0.293 seconds
[2023-12-15T22:29:20.181+0500] {processor.py:157} INFO - Started process (PID=10683) to work on /home/amina/miniconda/lib/python3.11/site-packages/airflow/example_dags/example_branch_labels.py
[2023-12-15T22:29:20.224+0500] {processor.py:829} INFO - Processing file /home/amina/miniconda/lib/python3.11/site-packages/airflow/example_dags/example_branch_labels.py for tasks to queue
[2023-12-15T22:29:20.225+0500] {logging_mixin.py:154} INFO - [2023-12-15T22:29:20.224+0500] {dagbag.py:536} INFO - Filling up the DagBag from /home/amina/miniconda/lib/python3.11/site-packages/airflow/example_dags/example_branch_labels.py
[2023-12-15T22:29:20.234+0500] {processor.py:839} INFO - DAG(s) dict_keys(['example_branch_labels']) retrieved from /home/amina/miniconda/lib/python3.11/site-packages/airflow/example_dags/example_branch_labels.py
[2023-12-15T22:29:20.252+0500] {logging_mixin.py:154} INFO - [2023-12-15T22:29:20.252+0500] {dag.py:2941} INFO - Sync 1 DAGs
[2023-12-15T22:29:20.276+0500] {logging_mixin.py:154} INFO - [2023-12-15T22:29:20.275+0500] {dag.py:3722} INFO - Setting next_dagrun for example_branch_labels to 2023-12-14T00:00:00+00:00, run_after=2023-12-15T00:00:00+00:00
[2023-12-15T22:29:20.381+0500] {processor.py:179} INFO - Processing /home/amina/miniconda/lib/python3.11/site-packages/airflow/example_dags/example_branch_labels.py took 0.203 seconds
[2023-12-15T22:30:45.986+0500] {processor.py:157} INFO - Started process (PID=10794) to work on /home/amina/miniconda/lib/python3.11/site-packages/airflow/example_dags/example_branch_labels.py
[2023-12-15T22:30:46.011+0500] {processor.py:829} INFO - Processing file /home/amina/miniconda/lib/python3.11/site-packages/airflow/example_dags/example_branch_labels.py for tasks to queue
[2023-12-15T22:30:46.012+0500] {logging_mixin.py:154} INFO - [2023-12-15T22:30:46.012+0500] {dagbag.py:536} INFO - Filling up the DagBag from /home/amina/miniconda/lib/python3.11/site-packages/airflow/example_dags/example_branch_labels.py
[2023-12-15T22:30:46.022+0500] {processor.py:839} INFO - DAG(s) dict_keys(['example_branch_labels']) retrieved from /home/amina/miniconda/lib/python3.11/site-packages/airflow/example_dags/example_branch_labels.py
[2023-12-15T22:30:46.041+0500] {logging_mixin.py:154} INFO - [2023-12-15T22:30:46.040+0500] {dag.py:2941} INFO - Sync 1 DAGs
[2023-12-15T22:30:46.069+0500] {logging_mixin.py:154} INFO - [2023-12-15T22:30:46.069+0500] {dag.py:3722} INFO - Setting next_dagrun for example_branch_labels to 2023-12-14T00:00:00+00:00, run_after=2023-12-15T00:00:00+00:00
[2023-12-15T22:30:46.525+0500] {processor.py:179} INFO - Processing /home/amina/miniconda/lib/python3.11/site-packages/airflow/example_dags/example_branch_labels.py took 0.542 seconds
[2023-12-15T22:31:40.842+0500] {processor.py:157} INFO - Started process (PID=10849) to work on /home/amina/miniconda/lib/python3.11/site-packages/airflow/example_dags/example_branch_labels.py
[2023-12-15T22:31:40.877+0500] {processor.py:829} INFO - Processing file /home/amina/miniconda/lib/python3.11/site-packages/airflow/example_dags/example_branch_labels.py for tasks to queue
[2023-12-15T22:31:40.878+0500] {logging_mixin.py:154} INFO - [2023-12-15T22:31:40.878+0500] {dagbag.py:536} INFO - Filling up the DagBag from /home/amina/miniconda/lib/python3.11/site-packages/airflow/example_dags/example_branch_labels.py
[2023-12-15T22:31:40.887+0500] {processor.py:839} INFO - DAG(s) dict_keys(['example_branch_labels']) retrieved from /home/amina/miniconda/lib/python3.11/site-packages/airflow/example_dags/example_branch_labels.py
[2023-12-15T22:31:40.907+0500] {logging_mixin.py:154} INFO - [2023-12-15T22:31:40.907+0500] {dag.py:2941} INFO - Sync 1 DAGs
[2023-12-15T22:31:40.930+0500] {logging_mixin.py:154} INFO - [2023-12-15T22:31:40.930+0500] {dag.py:3722} INFO - Setting next_dagrun for example_branch_labels to 2023-12-14T00:00:00+00:00, run_after=2023-12-15T00:00:00+00:00
[2023-12-15T22:31:41.035+0500] {processor.py:179} INFO - Processing /home/amina/miniconda/lib/python3.11/site-packages/airflow/example_dags/example_branch_labels.py took 0.196 seconds
[2023-12-15T22:32:33.990+0500] {processor.py:157} INFO - Started process (PID=10907) to work on /home/amina/miniconda/lib/python3.11/site-packages/airflow/example_dags/example_branch_labels.py
[2023-12-15T22:32:34.040+0500] {processor.py:829} INFO - Processing file /home/amina/miniconda/lib/python3.11/site-packages/airflow/example_dags/example_branch_labels.py for tasks to queue
[2023-12-15T22:32:34.041+0500] {logging_mixin.py:154} INFO - [2023-12-15T22:32:34.041+0500] {dagbag.py:536} INFO - Filling up the DagBag from /home/amina/miniconda/lib/python3.11/site-packages/airflow/example_dags/example_branch_labels.py
[2023-12-15T22:32:34.050+0500] {processor.py:839} INFO - DAG(s) dict_keys(['example_branch_labels']) retrieved from /home/amina/miniconda/lib/python3.11/site-packages/airflow/example_dags/example_branch_labels.py
[2023-12-15T22:32:34.067+0500] {logging_mixin.py:154} INFO - [2023-12-15T22:32:34.067+0500] {dag.py:2941} INFO - Sync 1 DAGs
[2023-12-15T22:32:34.089+0500] {logging_mixin.py:154} INFO - [2023-12-15T22:32:34.088+0500] {dag.py:3722} INFO - Setting next_dagrun for example_branch_labels to 2023-12-14T00:00:00+00:00, run_after=2023-12-15T00:00:00+00:00
[2023-12-15T22:32:34.204+0500] {processor.py:179} INFO - Processing /home/amina/miniconda/lib/python3.11/site-packages/airflow/example_dags/example_branch_labels.py took 0.218 seconds
[2023-12-15T22:33:28.584+0500] {processor.py:157} INFO - Started process (PID=10964) to work on /home/amina/miniconda/lib/python3.11/site-packages/airflow/example_dags/example_branch_labels.py
[2023-12-15T22:33:28.640+0500] {processor.py:829} INFO - Processing file /home/amina/miniconda/lib/python3.11/site-packages/airflow/example_dags/example_branch_labels.py for tasks to queue
[2023-12-15T22:33:28.642+0500] {logging_mixin.py:154} INFO - [2023-12-15T22:33:28.641+0500] {dagbag.py:536} INFO - Filling up the DagBag from /home/amina/miniconda/lib/python3.11/site-packages/airflow/example_dags/example_branch_labels.py
[2023-12-15T22:33:28.649+0500] {processor.py:839} INFO - DAG(s) dict_keys(['example_branch_labels']) retrieved from /home/amina/miniconda/lib/python3.11/site-packages/airflow/example_dags/example_branch_labels.py
[2023-12-15T22:33:28.667+0500] {logging_mixin.py:154} INFO - [2023-12-15T22:33:28.667+0500] {dag.py:2941} INFO - Sync 1 DAGs
[2023-12-15T22:33:28.689+0500] {logging_mixin.py:154} INFO - [2023-12-15T22:33:28.689+0500] {dag.py:3722} INFO - Setting next_dagrun for example_branch_labels to 2023-12-14T00:00:00+00:00, run_after=2023-12-15T00:00:00+00:00
[2023-12-15T22:33:28.818+0500] {processor.py:179} INFO - Processing /home/amina/miniconda/lib/python3.11/site-packages/airflow/example_dags/example_branch_labels.py took 0.238 seconds
[2023-12-15T22:34:22.329+0500] {processor.py:157} INFO - Started process (PID=11025) to work on /home/amina/miniconda/lib/python3.11/site-packages/airflow/example_dags/example_branch_labels.py
[2023-12-15T22:34:22.396+0500] {processor.py:829} INFO - Processing file /home/amina/miniconda/lib/python3.11/site-packages/airflow/example_dags/example_branch_labels.py for tasks to queue
[2023-12-15T22:34:22.397+0500] {logging_mixin.py:154} INFO - [2023-12-15T22:34:22.396+0500] {dagbag.py:536} INFO - Filling up the DagBag from /home/amina/miniconda/lib/python3.11/site-packages/airflow/example_dags/example_branch_labels.py
[2023-12-15T22:34:22.406+0500] {processor.py:839} INFO - DAG(s) dict_keys(['example_branch_labels']) retrieved from /home/amina/miniconda/lib/python3.11/site-packages/airflow/example_dags/example_branch_labels.py
[2023-12-15T22:34:22.424+0500] {logging_mixin.py:154} INFO - [2023-12-15T22:34:22.423+0500] {dag.py:2941} INFO - Sync 1 DAGs
[2023-12-15T22:34:22.449+0500] {logging_mixin.py:154} INFO - [2023-12-15T22:34:22.448+0500] {dag.py:3722} INFO - Setting next_dagrun for example_branch_labels to 2023-12-14T00:00:00+00:00, run_after=2023-12-15T00:00:00+00:00
[2023-12-15T22:34:22.569+0500] {processor.py:179} INFO - Processing /home/amina/miniconda/lib/python3.11/site-packages/airflow/example_dags/example_branch_labels.py took 0.244 seconds
[2023-12-15T22:35:18.556+0500] {processor.py:157} INFO - Started process (PID=11088) to work on /home/amina/miniconda/lib/python3.11/site-packages/airflow/example_dags/example_branch_labels.py
[2023-12-15T22:35:18.598+0500] {processor.py:829} INFO - Processing file /home/amina/miniconda/lib/python3.11/site-packages/airflow/example_dags/example_branch_labels.py for tasks to queue
[2023-12-15T22:35:18.599+0500] {logging_mixin.py:154} INFO - [2023-12-15T22:35:18.599+0500] {dagbag.py:536} INFO - Filling up the DagBag from /home/amina/miniconda/lib/python3.11/site-packages/airflow/example_dags/example_branch_labels.py
[2023-12-15T22:35:18.608+0500] {processor.py:839} INFO - DAG(s) dict_keys(['example_branch_labels']) retrieved from /home/amina/miniconda/lib/python3.11/site-packages/airflow/example_dags/example_branch_labels.py
[2023-12-15T22:35:18.626+0500] {logging_mixin.py:154} INFO - [2023-12-15T22:35:18.626+0500] {dag.py:2941} INFO - Sync 1 DAGs
[2023-12-15T22:35:18.650+0500] {logging_mixin.py:154} INFO - [2023-12-15T22:35:18.650+0500] {dag.py:3722} INFO - Setting next_dagrun for example_branch_labels to 2023-12-14T00:00:00+00:00, run_after=2023-12-15T00:00:00+00:00
[2023-12-15T22:35:18.745+0500] {processor.py:179} INFO - Processing /home/amina/miniconda/lib/python3.11/site-packages/airflow/example_dags/example_branch_labels.py took 0.193 seconds
[2023-12-15T22:36:12.032+0500] {processor.py:157} INFO - Started process (PID=11147) to work on /home/amina/miniconda/lib/python3.11/site-packages/airflow/example_dags/example_branch_labels.py
[2023-12-15T22:36:12.075+0500] {processor.py:829} INFO - Processing file /home/amina/miniconda/lib/python3.11/site-packages/airflow/example_dags/example_branch_labels.py for tasks to queue
[2023-12-15T22:36:12.076+0500] {logging_mixin.py:154} INFO - [2023-12-15T22:36:12.076+0500] {dagbag.py:536} INFO - Filling up the DagBag from /home/amina/miniconda/lib/python3.11/site-packages/airflow/example_dags/example_branch_labels.py
[2023-12-15T22:36:12.083+0500] {processor.py:839} INFO - DAG(s) dict_keys(['example_branch_labels']) retrieved from /home/amina/miniconda/lib/python3.11/site-packages/airflow/example_dags/example_branch_labels.py
[2023-12-15T22:36:12.100+0500] {logging_mixin.py:154} INFO - [2023-12-15T22:36:12.100+0500] {dag.py:2941} INFO - Sync 1 DAGs
[2023-12-15T22:36:12.120+0500] {logging_mixin.py:154} INFO - [2023-12-15T22:36:12.120+0500] {dag.py:3722} INFO - Setting next_dagrun for example_branch_labels to 2023-12-14T00:00:00+00:00, run_after=2023-12-15T00:00:00+00:00
[2023-12-15T22:36:12.223+0500] {processor.py:179} INFO - Processing /home/amina/miniconda/lib/python3.11/site-packages/airflow/example_dags/example_branch_labels.py took 0.196 seconds
[2023-12-15T22:37:08.822+0500] {processor.py:157} INFO - Started process (PID=11211) to work on /home/amina/miniconda/lib/python3.11/site-packages/airflow/example_dags/example_branch_labels.py
[2023-12-15T22:37:08.891+0500] {processor.py:829} INFO - Processing file /home/amina/miniconda/lib/python3.11/site-packages/airflow/example_dags/example_branch_labels.py for tasks to queue
[2023-12-15T22:37:08.893+0500] {logging_mixin.py:154} INFO - [2023-12-15T22:37:08.892+0500] {dagbag.py:536} INFO - Filling up the DagBag from /home/amina/miniconda/lib/python3.11/site-packages/airflow/example_dags/example_branch_labels.py
[2023-12-15T22:37:08.903+0500] {processor.py:839} INFO - DAG(s) dict_keys(['example_branch_labels']) retrieved from /home/amina/miniconda/lib/python3.11/site-packages/airflow/example_dags/example_branch_labels.py
[2023-12-15T22:37:08.928+0500] {logging_mixin.py:154} INFO - [2023-12-15T22:37:08.927+0500] {dag.py:2941} INFO - Sync 1 DAGs
[2023-12-15T22:37:08.959+0500] {logging_mixin.py:154} INFO - [2023-12-15T22:37:08.959+0500] {dag.py:3722} INFO - Setting next_dagrun for example_branch_labels to 2023-12-14T00:00:00+00:00, run_after=2023-12-15T00:00:00+00:00
[2023-12-15T22:37:09.316+0500] {processor.py:179} INFO - Processing /home/amina/miniconda/lib/python3.11/site-packages/airflow/example_dags/example_branch_labels.py took 0.498 seconds
[2023-12-15T22:38:04.540+0500] {processor.py:157} INFO - Started process (PID=11268) to work on /home/amina/miniconda/lib/python3.11/site-packages/airflow/example_dags/example_branch_labels.py
[2023-12-15T22:38:04.563+0500] {processor.py:829} INFO - Processing file /home/amina/miniconda/lib/python3.11/site-packages/airflow/example_dags/example_branch_labels.py for tasks to queue
[2023-12-15T22:38:04.564+0500] {logging_mixin.py:154} INFO - [2023-12-15T22:38:04.564+0500] {dagbag.py:536} INFO - Filling up the DagBag from /home/amina/miniconda/lib/python3.11/site-packages/airflow/example_dags/example_branch_labels.py
[2023-12-15T22:38:04.572+0500] {processor.py:839} INFO - DAG(s) dict_keys(['example_branch_labels']) retrieved from /home/amina/miniconda/lib/python3.11/site-packages/airflow/example_dags/example_branch_labels.py
[2023-12-15T22:38:04.592+0500] {logging_mixin.py:154} INFO - [2023-12-15T22:38:04.592+0500] {dag.py:2941} INFO - Sync 1 DAGs
[2023-12-15T22:38:04.614+0500] {logging_mixin.py:154} INFO - [2023-12-15T22:38:04.614+0500] {dag.py:3722} INFO - Setting next_dagrun for example_branch_labels to 2023-12-14T00:00:00+00:00, run_after=2023-12-15T00:00:00+00:00
[2023-12-15T22:38:04.733+0500] {processor.py:179} INFO - Processing /home/amina/miniconda/lib/python3.11/site-packages/airflow/example_dags/example_branch_labels.py took 0.196 seconds
[2023-12-15T22:38:58.021+0500] {processor.py:157} INFO - Started process (PID=11321) to work on /home/amina/miniconda/lib/python3.11/site-packages/airflow/example_dags/example_branch_labels.py
[2023-12-15T22:38:58.060+0500] {processor.py:829} INFO - Processing file /home/amina/miniconda/lib/python3.11/site-packages/airflow/example_dags/example_branch_labels.py for tasks to queue
[2023-12-15T22:38:58.061+0500] {logging_mixin.py:154} INFO - [2023-12-15T22:38:58.060+0500] {dagbag.py:536} INFO - Filling up the DagBag from /home/amina/miniconda/lib/python3.11/site-packages/airflow/example_dags/example_branch_labels.py
[2023-12-15T22:38:58.068+0500] {processor.py:839} INFO - DAG(s) dict_keys(['example_branch_labels']) retrieved from /home/amina/miniconda/lib/python3.11/site-packages/airflow/example_dags/example_branch_labels.py
[2023-12-15T22:38:58.084+0500] {logging_mixin.py:154} INFO - [2023-12-15T22:38:58.084+0500] {dag.py:2941} INFO - Sync 1 DAGs
[2023-12-15T22:38:58.110+0500] {logging_mixin.py:154} INFO - [2023-12-15T22:38:58.109+0500] {dag.py:3722} INFO - Setting next_dagrun for example_branch_labels to 2023-12-14T00:00:00+00:00, run_after=2023-12-15T00:00:00+00:00
[2023-12-15T22:38:58.213+0500] {processor.py:179} INFO - Processing /home/amina/miniconda/lib/python3.11/site-packages/airflow/example_dags/example_branch_labels.py took 0.194 seconds
[2023-12-15T22:39:50.160+0500] {processor.py:157} INFO - Started process (PID=11381) to work on /home/amina/miniconda/lib/python3.11/site-packages/airflow/example_dags/example_branch_labels.py
[2023-12-15T22:39:50.188+0500] {processor.py:829} INFO - Processing file /home/amina/miniconda/lib/python3.11/site-packages/airflow/example_dags/example_branch_labels.py for tasks to queue
[2023-12-15T22:39:50.189+0500] {logging_mixin.py:154} INFO - [2023-12-15T22:39:50.189+0500] {dagbag.py:536} INFO - Filling up the DagBag from /home/amina/miniconda/lib/python3.11/site-packages/airflow/example_dags/example_branch_labels.py
[2023-12-15T22:39:50.196+0500] {processor.py:839} INFO - DAG(s) dict_keys(['example_branch_labels']) retrieved from /home/amina/miniconda/lib/python3.11/site-packages/airflow/example_dags/example_branch_labels.py
[2023-12-15T22:39:50.214+0500] {logging_mixin.py:154} INFO - [2023-12-15T22:39:50.214+0500] {dag.py:2941} INFO - Sync 1 DAGs
[2023-12-15T22:39:50.234+0500] {logging_mixin.py:154} INFO - [2023-12-15T22:39:50.234+0500] {dag.py:3722} INFO - Setting next_dagrun for example_branch_labels to 2023-12-14T00:00:00+00:00, run_after=2023-12-15T00:00:00+00:00
[2023-12-15T22:39:50.352+0500] {processor.py:179} INFO - Processing /home/amina/miniconda/lib/python3.11/site-packages/airflow/example_dags/example_branch_labels.py took 0.196 seconds
[2023-12-15T22:40:46.397+0500] {processor.py:157} INFO - Started process (PID=11515) to work on /home/amina/miniconda/lib/python3.11/site-packages/airflow/example_dags/example_branch_labels.py
[2023-12-15T22:40:46.438+0500] {processor.py:829} INFO - Processing file /home/amina/miniconda/lib/python3.11/site-packages/airflow/example_dags/example_branch_labels.py for tasks to queue
[2023-12-15T22:40:46.438+0500] {logging_mixin.py:154} INFO - [2023-12-15T22:40:46.438+0500] {dagbag.py:536} INFO - Filling up the DagBag from /home/amina/miniconda/lib/python3.11/site-packages/airflow/example_dags/example_branch_labels.py
[2023-12-15T22:40:46.446+0500] {processor.py:839} INFO - DAG(s) dict_keys(['example_branch_labels']) retrieved from /home/amina/miniconda/lib/python3.11/site-packages/airflow/example_dags/example_branch_labels.py
[2023-12-15T22:40:46.462+0500] {logging_mixin.py:154} INFO - [2023-12-15T22:40:46.462+0500] {dag.py:2941} INFO - Sync 1 DAGs
[2023-12-15T22:40:46.482+0500] {logging_mixin.py:154} INFO - [2023-12-15T22:40:46.482+0500] {dag.py:3722} INFO - Setting next_dagrun for example_branch_labels to 2023-12-14T00:00:00+00:00, run_after=2023-12-15T00:00:00+00:00
[2023-12-15T22:40:46.590+0500] {processor.py:179} INFO - Processing /home/amina/miniconda/lib/python3.11/site-packages/airflow/example_dags/example_branch_labels.py took 0.196 seconds
[2023-12-15T22:41:42.230+0500] {processor.py:157} INFO - Started process (PID=11582) to work on /home/amina/miniconda/lib/python3.11/site-packages/airflow/example_dags/example_branch_labels.py
[2023-12-15T22:41:42.242+0500] {processor.py:829} INFO - Processing file /home/amina/miniconda/lib/python3.11/site-packages/airflow/example_dags/example_branch_labels.py for tasks to queue
[2023-12-15T22:41:42.243+0500] {logging_mixin.py:154} INFO - [2023-12-15T22:41:42.242+0500] {dagbag.py:536} INFO - Filling up the DagBag from /home/amina/miniconda/lib/python3.11/site-packages/airflow/example_dags/example_branch_labels.py
[2023-12-15T22:41:42.254+0500] {processor.py:839} INFO - DAG(s) dict_keys(['example_branch_labels']) retrieved from /home/amina/miniconda/lib/python3.11/site-packages/airflow/example_dags/example_branch_labels.py
[2023-12-15T22:41:42.274+0500] {logging_mixin.py:154} INFO - [2023-12-15T22:41:42.274+0500] {dag.py:2941} INFO - Sync 1 DAGs
[2023-12-15T22:41:42.300+0500] {logging_mixin.py:154} INFO - [2023-12-15T22:41:42.300+0500] {dag.py:3722} INFO - Setting next_dagrun for example_branch_labels to 2023-12-14T00:00:00+00:00, run_after=2023-12-15T00:00:00+00:00
[2023-12-15T22:41:42.413+0500] {processor.py:179} INFO - Processing /home/amina/miniconda/lib/python3.11/site-packages/airflow/example_dags/example_branch_labels.py took 0.187 seconds
[2023-12-15T22:42:32.815+0500] {processor.py:157} INFO - Started process (PID=11646) to work on /home/amina/miniconda/lib/python3.11/site-packages/airflow/example_dags/example_branch_labels.py
[2023-12-15T22:42:32.856+0500] {processor.py:829} INFO - Processing file /home/amina/miniconda/lib/python3.11/site-packages/airflow/example_dags/example_branch_labels.py for tasks to queue
[2023-12-15T22:42:32.857+0500] {logging_mixin.py:154} INFO - [2023-12-15T22:42:32.857+0500] {dagbag.py:536} INFO - Filling up the DagBag from /home/amina/miniconda/lib/python3.11/site-packages/airflow/example_dags/example_branch_labels.py
[2023-12-15T22:42:32.865+0500] {processor.py:839} INFO - DAG(s) dict_keys(['example_branch_labels']) retrieved from /home/amina/miniconda/lib/python3.11/site-packages/airflow/example_dags/example_branch_labels.py
[2023-12-15T22:42:32.884+0500] {logging_mixin.py:154} INFO - [2023-12-15T22:42:32.884+0500] {dag.py:2941} INFO - Sync 1 DAGs
[2023-12-15T22:42:32.905+0500] {logging_mixin.py:154} INFO - [2023-12-15T22:42:32.905+0500] {dag.py:3722} INFO - Setting next_dagrun for example_branch_labels to 2023-12-14T00:00:00+00:00, run_after=2023-12-15T00:00:00+00:00
[2023-12-15T22:42:33.043+0500] {processor.py:179} INFO - Processing /home/amina/miniconda/lib/python3.11/site-packages/airflow/example_dags/example_branch_labels.py took 0.231 seconds
[2023-12-15T22:43:41.141+0500] {processor.py:157} INFO - Started process (PID=11722) to work on /home/amina/miniconda/lib/python3.11/site-packages/airflow/example_dags/example_branch_labels.py
[2023-12-15T22:43:41.161+0500] {processor.py:829} INFO - Processing file /home/amina/miniconda/lib/python3.11/site-packages/airflow/example_dags/example_branch_labels.py for tasks to queue
[2023-12-15T22:43:41.162+0500] {logging_mixin.py:154} INFO - [2023-12-15T22:43:41.161+0500] {dagbag.py:536} INFO - Filling up the DagBag from /home/amina/miniconda/lib/python3.11/site-packages/airflow/example_dags/example_branch_labels.py
[2023-12-15T22:43:41.170+0500] {processor.py:839} INFO - DAG(s) dict_keys(['example_branch_labels']) retrieved from /home/amina/miniconda/lib/python3.11/site-packages/airflow/example_dags/example_branch_labels.py
[2023-12-15T22:43:41.187+0500] {logging_mixin.py:154} INFO - [2023-12-15T22:43:41.187+0500] {dag.py:2941} INFO - Sync 1 DAGs
[2023-12-15T22:43:41.214+0500] {logging_mixin.py:154} INFO - [2023-12-15T22:43:41.214+0500] {dag.py:3722} INFO - Setting next_dagrun for example_branch_labels to 2023-12-14T00:00:00+00:00, run_after=2023-12-15T00:00:00+00:00
[2023-12-15T22:43:41.314+0500] {processor.py:179} INFO - Processing /home/amina/miniconda/lib/python3.11/site-packages/airflow/example_dags/example_branch_labels.py took 0.176 seconds
[2023-12-15T22:44:36.054+0500] {processor.py:157} INFO - Started process (PID=11779) to work on /home/amina/miniconda/lib/python3.11/site-packages/airflow/example_dags/example_branch_labels.py
[2023-12-15T22:44:36.063+0500] {processor.py:829} INFO - Processing file /home/amina/miniconda/lib/python3.11/site-packages/airflow/example_dags/example_branch_labels.py for tasks to queue
[2023-12-15T22:44:36.064+0500] {logging_mixin.py:154} INFO - [2023-12-15T22:44:36.063+0500] {dagbag.py:536} INFO - Filling up the DagBag from /home/amina/miniconda/lib/python3.11/site-packages/airflow/example_dags/example_branch_labels.py
[2023-12-15T22:44:36.073+0500] {processor.py:839} INFO - DAG(s) dict_keys(['example_branch_labels']) retrieved from /home/amina/miniconda/lib/python3.11/site-packages/airflow/example_dags/example_branch_labels.py
[2023-12-15T22:44:36.097+0500] {logging_mixin.py:154} INFO - [2023-12-15T22:44:36.097+0500] {dag.py:2941} INFO - Sync 1 DAGs
[2023-12-15T22:44:36.126+0500] {logging_mixin.py:154} INFO - [2023-12-15T22:44:36.125+0500] {dag.py:3722} INFO - Setting next_dagrun for example_branch_labels to 2023-12-14T00:00:00+00:00, run_after=2023-12-15T00:00:00+00:00
[2023-12-15T22:44:36.229+0500] {processor.py:179} INFO - Processing /home/amina/miniconda/lib/python3.11/site-packages/airflow/example_dags/example_branch_labels.py took 0.178 seconds
[2023-12-15T22:45:29.352+0500] {processor.py:157} INFO - Started process (PID=11845) to work on /home/amina/miniconda/lib/python3.11/site-packages/airflow/example_dags/example_branch_labels.py
[2023-12-15T22:45:29.377+0500] {processor.py:829} INFO - Processing file /home/amina/miniconda/lib/python3.11/site-packages/airflow/example_dags/example_branch_labels.py for tasks to queue
[2023-12-15T22:45:29.377+0500] {logging_mixin.py:154} INFO - [2023-12-15T22:45:29.377+0500] {dagbag.py:536} INFO - Filling up the DagBag from /home/amina/miniconda/lib/python3.11/site-packages/airflow/example_dags/example_branch_labels.py
[2023-12-15T22:45:29.385+0500] {processor.py:839} INFO - DAG(s) dict_keys(['example_branch_labels']) retrieved from /home/amina/miniconda/lib/python3.11/site-packages/airflow/example_dags/example_branch_labels.py
[2023-12-15T22:45:29.401+0500] {logging_mixin.py:154} INFO - [2023-12-15T22:45:29.400+0500] {dag.py:2941} INFO - Sync 1 DAGs
[2023-12-15T22:45:29.420+0500] {logging_mixin.py:154} INFO - [2023-12-15T22:45:29.420+0500] {dag.py:3722} INFO - Setting next_dagrun for example_branch_labels to 2023-12-14T00:00:00+00:00, run_after=2023-12-15T00:00:00+00:00
[2023-12-15T22:45:29.518+0500] {processor.py:179} INFO - Processing /home/amina/miniconda/lib/python3.11/site-packages/airflow/example_dags/example_branch_labels.py took 0.169 seconds
[2023-12-15T22:46:25.122+0500] {processor.py:157} INFO - Started process (PID=11901) to work on /home/amina/miniconda/lib/python3.11/site-packages/airflow/example_dags/example_branch_labels.py
[2023-12-15T22:46:25.157+0500] {processor.py:829} INFO - Processing file /home/amina/miniconda/lib/python3.11/site-packages/airflow/example_dags/example_branch_labels.py for tasks to queue
[2023-12-15T22:46:25.158+0500] {logging_mixin.py:154} INFO - [2023-12-15T22:46:25.158+0500] {dagbag.py:536} INFO - Filling up the DagBag from /home/amina/miniconda/lib/python3.11/site-packages/airflow/example_dags/example_branch_labels.py
[2023-12-15T22:46:25.173+0500] {processor.py:839} INFO - DAG(s) dict_keys(['example_branch_labels']) retrieved from /home/amina/miniconda/lib/python3.11/site-packages/airflow/example_dags/example_branch_labels.py
[2023-12-15T22:46:25.205+0500] {logging_mixin.py:154} INFO - [2023-12-15T22:46:25.205+0500] {dag.py:2941} INFO - Sync 1 DAGs
[2023-12-15T22:46:25.243+0500] {logging_mixin.py:154} INFO - [2023-12-15T22:46:25.242+0500] {dag.py:3722} INFO - Setting next_dagrun for example_branch_labels to 2023-12-14T00:00:00+00:00, run_after=2023-12-15T00:00:00+00:00
[2023-12-15T22:46:25.368+0500] {processor.py:179} INFO - Processing /home/amina/miniconda/lib/python3.11/site-packages/airflow/example_dags/example_branch_labels.py took 0.249 seconds
[2023-12-15T22:47:22.883+0500] {processor.py:157} INFO - Started process (PID=11981) to work on /home/amina/miniconda/lib/python3.11/site-packages/airflow/example_dags/example_branch_labels.py
[2023-12-15T22:47:22.926+0500] {processor.py:829} INFO - Processing file /home/amina/miniconda/lib/python3.11/site-packages/airflow/example_dags/example_branch_labels.py for tasks to queue
[2023-12-15T22:47:22.927+0500] {logging_mixin.py:154} INFO - [2023-12-15T22:47:22.927+0500] {dagbag.py:536} INFO - Filling up the DagBag from /home/amina/miniconda/lib/python3.11/site-packages/airflow/example_dags/example_branch_labels.py
[2023-12-15T22:47:22.936+0500] {processor.py:839} INFO - DAG(s) dict_keys(['example_branch_labels']) retrieved from /home/amina/miniconda/lib/python3.11/site-packages/airflow/example_dags/example_branch_labels.py
[2023-12-15T22:47:22.956+0500] {logging_mixin.py:154} INFO - [2023-12-15T22:47:22.956+0500] {dag.py:2941} INFO - Sync 1 DAGs
[2023-12-15T22:47:22.981+0500] {logging_mixin.py:154} INFO - [2023-12-15T22:47:22.980+0500] {dag.py:3722} INFO - Setting next_dagrun for example_branch_labels to 2023-12-14T00:00:00+00:00, run_after=2023-12-15T00:00:00+00:00
[2023-12-15T22:47:23.083+0500] {processor.py:179} INFO - Processing /home/amina/miniconda/lib/python3.11/site-packages/airflow/example_dags/example_branch_labels.py took 0.203 seconds
[2023-12-15T22:48:20.243+0500] {processor.py:157} INFO - Started process (PID=12064) to work on /home/amina/miniconda/lib/python3.11/site-packages/airflow/example_dags/example_branch_labels.py
[2023-12-15T22:48:20.262+0500] {processor.py:829} INFO - Processing file /home/amina/miniconda/lib/python3.11/site-packages/airflow/example_dags/example_branch_labels.py for tasks to queue
[2023-12-15T22:48:20.263+0500] {logging_mixin.py:154} INFO - [2023-12-15T22:48:20.263+0500] {dagbag.py:536} INFO - Filling up the DagBag from /home/amina/miniconda/lib/python3.11/site-packages/airflow/example_dags/example_branch_labels.py
[2023-12-15T22:48:20.270+0500] {processor.py:839} INFO - DAG(s) dict_keys(['example_branch_labels']) retrieved from /home/amina/miniconda/lib/python3.11/site-packages/airflow/example_dags/example_branch_labels.py
[2023-12-15T22:48:20.287+0500] {logging_mixin.py:154} INFO - [2023-12-15T22:48:20.287+0500] {dag.py:2941} INFO - Sync 1 DAGs
[2023-12-15T22:48:20.307+0500] {logging_mixin.py:154} INFO - [2023-12-15T22:48:20.307+0500] {dag.py:3722} INFO - Setting next_dagrun for example_branch_labels to 2023-12-14T00:00:00+00:00, run_after=2023-12-15T00:00:00+00:00
[2023-12-15T22:48:20.416+0500] {processor.py:179} INFO - Processing /home/amina/miniconda/lib/python3.11/site-packages/airflow/example_dags/example_branch_labels.py took 0.176 seconds
[2023-12-15T22:49:53.644+0500] {processor.py:157} INFO - Started process (PID=12222) to work on /home/amina/miniconda/lib/python3.11/site-packages/airflow/example_dags/example_branch_labels.py
[2023-12-15T22:49:53.714+0500] {processor.py:829} INFO - Processing file /home/amina/miniconda/lib/python3.11/site-packages/airflow/example_dags/example_branch_labels.py for tasks to queue
[2023-12-15T22:49:53.716+0500] {logging_mixin.py:154} INFO - [2023-12-15T22:49:53.715+0500] {dagbag.py:536} INFO - Filling up the DagBag from /home/amina/miniconda/lib/python3.11/site-packages/airflow/example_dags/example_branch_labels.py
[2023-12-15T22:49:53.727+0500] {processor.py:839} INFO - DAG(s) dict_keys(['example_branch_labels']) retrieved from /home/amina/miniconda/lib/python3.11/site-packages/airflow/example_dags/example_branch_labels.py
[2023-12-15T22:49:53.751+0500] {logging_mixin.py:154} INFO - [2023-12-15T22:49:53.751+0500] {dag.py:2941} INFO - Sync 1 DAGs
[2023-12-15T22:49:53.775+0500] {logging_mixin.py:154} INFO - [2023-12-15T22:49:53.775+0500] {dag.py:3722} INFO - Setting next_dagrun for example_branch_labels to 2023-12-14T00:00:00+00:00, run_after=2023-12-15T00:00:00+00:00
[2023-12-15T22:49:53.879+0500] {processor.py:179} INFO - Processing /home/amina/miniconda/lib/python3.11/site-packages/airflow/example_dags/example_branch_labels.py took 0.238 seconds
[2023-12-15T22:50:53.648+0500] {processor.py:157} INFO - Started process (PID=12328) to work on /home/amina/miniconda/lib/python3.11/site-packages/airflow/example_dags/example_branch_labels.py
[2023-12-15T22:50:53.671+0500] {processor.py:829} INFO - Processing file /home/amina/miniconda/lib/python3.11/site-packages/airflow/example_dags/example_branch_labels.py for tasks to queue
[2023-12-15T22:50:53.672+0500] {logging_mixin.py:154} INFO - [2023-12-15T22:50:53.671+0500] {dagbag.py:536} INFO - Filling up the DagBag from /home/amina/miniconda/lib/python3.11/site-packages/airflow/example_dags/example_branch_labels.py
[2023-12-15T22:50:53.681+0500] {processor.py:839} INFO - DAG(s) dict_keys(['example_branch_labels']) retrieved from /home/amina/miniconda/lib/python3.11/site-packages/airflow/example_dags/example_branch_labels.py
[2023-12-15T22:50:53.702+0500] {logging_mixin.py:154} INFO - [2023-12-15T22:50:53.702+0500] {dag.py:2941} INFO - Sync 1 DAGs
[2023-12-15T22:50:53.729+0500] {logging_mixin.py:154} INFO - [2023-12-15T22:50:53.728+0500] {dag.py:3722} INFO - Setting next_dagrun for example_branch_labels to 2023-12-14T00:00:00+00:00, run_after=2023-12-15T00:00:00+00:00
[2023-12-15T22:50:54.351+0500] {processor.py:179} INFO - Processing /home/amina/miniconda/lib/python3.11/site-packages/airflow/example_dags/example_branch_labels.py took 0.705 seconds
[2023-12-15T22:51:48.566+0500] {processor.py:157} INFO - Started process (PID=12385) to work on /home/amina/miniconda/lib/python3.11/site-packages/airflow/example_dags/example_branch_labels.py
[2023-12-15T22:51:48.599+0500] {processor.py:829} INFO - Processing file /home/amina/miniconda/lib/python3.11/site-packages/airflow/example_dags/example_branch_labels.py for tasks to queue
[2023-12-15T22:51:48.601+0500] {logging_mixin.py:154} INFO - [2023-12-15T22:51:48.600+0500] {dagbag.py:536} INFO - Filling up the DagBag from /home/amina/miniconda/lib/python3.11/site-packages/airflow/example_dags/example_branch_labels.py
[2023-12-15T22:51:48.610+0500] {processor.py:839} INFO - DAG(s) dict_keys(['example_branch_labels']) retrieved from /home/amina/miniconda/lib/python3.11/site-packages/airflow/example_dags/example_branch_labels.py
[2023-12-15T22:51:48.630+0500] {logging_mixin.py:154} INFO - [2023-12-15T22:51:48.630+0500] {dag.py:2941} INFO - Sync 1 DAGs
[2023-12-15T22:51:48.654+0500] {logging_mixin.py:154} INFO - [2023-12-15T22:51:48.654+0500] {dag.py:3722} INFO - Setting next_dagrun for example_branch_labels to 2023-12-14T00:00:00+00:00, run_after=2023-12-15T00:00:00+00:00
[2023-12-15T22:51:48.751+0500] {processor.py:179} INFO - Processing /home/amina/miniconda/lib/python3.11/site-packages/airflow/example_dags/example_branch_labels.py took 0.190 seconds
