[2023-12-15T21:43:48.908+0500] {processor.py:157} INFO - Started process (PID=7523) to work on /home/amina/miniconda/lib/python3.11/site-packages/airflow/example_dags/example_latest_only.py
[2023-12-15T21:43:48.909+0500] {processor.py:829} INFO - Processing file /home/amina/miniconda/lib/python3.11/site-packages/airflow/example_dags/example_latest_only.py for tasks to queue
[2023-12-15T21:43:48.910+0500] {logging_mixin.py:154} INFO - [2023-12-15T21:43:48.910+0500] {dagbag.py:536} INFO - Filling up the DagBag from /home/amina/miniconda/lib/python3.11/site-packages/airflow/example_dags/example_latest_only.py
[2023-12-15T21:43:48.917+0500] {processor.py:839} INFO - DAG(s) dict_keys(['latest_only']) retrieved from /home/amina/miniconda/lib/python3.11/site-packages/airflow/example_dags/example_latest_only.py
[2023-12-15T21:43:48.937+0500] {logging_mixin.py:154} INFO - [2023-12-15T21:43:48.937+0500] {dag.py:2941} INFO - Sync 1 DAGs
[2023-12-15T21:43:48.962+0500] {logging_mixin.py:154} INFO - [2023-12-15T21:43:48.962+0500] {dag.py:3722} INFO - Setting next_dagrun for latest_only to 2023-12-15T12:43:48.962057+00:00, run_after=2023-12-15T16:43:48.962057+00:00
[2023-12-15T21:43:49.099+0500] {processor.py:179} INFO - Processing /home/amina/miniconda/lib/python3.11/site-packages/airflow/example_dags/example_latest_only.py took 0.194 seconds
[2023-12-15T21:47:38.074+0500] {processor.py:157} INFO - Started process (PID=7724) to work on /home/amina/miniconda/lib/python3.11/site-packages/airflow/example_dags/example_latest_only.py
[2023-12-15T21:47:38.075+0500] {processor.py:829} INFO - Processing file /home/amina/miniconda/lib/python3.11/site-packages/airflow/example_dags/example_latest_only.py for tasks to queue
[2023-12-15T21:47:38.076+0500] {logging_mixin.py:154} INFO - [2023-12-15T21:47:38.075+0500] {dagbag.py:536} INFO - Filling up the DagBag from /home/amina/miniconda/lib/python3.11/site-packages/airflow/example_dags/example_latest_only.py
[2023-12-15T21:47:38.081+0500] {processor.py:839} INFO - DAG(s) dict_keys(['latest_only']) retrieved from /home/amina/miniconda/lib/python3.11/site-packages/airflow/example_dags/example_latest_only.py
[2023-12-15T21:47:38.206+0500] {logging_mixin.py:154} INFO - [2023-12-15T21:47:38.206+0500] {dag.py:2941} INFO - Sync 1 DAGs
[2023-12-15T21:47:38.224+0500] {logging_mixin.py:154} INFO - [2023-12-15T21:47:38.224+0500] {dag.py:3722} INFO - Setting next_dagrun for latest_only to 2023-12-15T12:47:38.223775+00:00, run_after=2023-12-15T16:47:38.223775+00:00
[2023-12-15T21:47:38.345+0500] {processor.py:179} INFO - Processing /home/amina/miniconda/lib/python3.11/site-packages/airflow/example_dags/example_latest_only.py took 0.274 seconds
[2023-12-15T21:49:00.979+0500] {processor.py:157} INFO - Started process (PID=7836) to work on /home/amina/miniconda/lib/python3.11/site-packages/airflow/example_dags/example_latest_only.py
[2023-12-15T21:49:00.997+0500] {processor.py:829} INFO - Processing file /home/amina/miniconda/lib/python3.11/site-packages/airflow/example_dags/example_latest_only.py for tasks to queue
[2023-12-15T21:49:00.998+0500] {logging_mixin.py:154} INFO - [2023-12-15T21:49:00.997+0500] {dagbag.py:536} INFO - Filling up the DagBag from /home/amina/miniconda/lib/python3.11/site-packages/airflow/example_dags/example_latest_only.py
[2023-12-15T21:49:01.003+0500] {processor.py:839} INFO - DAG(s) dict_keys(['latest_only']) retrieved from /home/amina/miniconda/lib/python3.11/site-packages/airflow/example_dags/example_latest_only.py
[2023-12-15T21:49:01.022+0500] {logging_mixin.py:154} INFO - [2023-12-15T21:49:01.022+0500] {dag.py:2941} INFO - Sync 1 DAGs
[2023-12-15T21:49:01.047+0500] {logging_mixin.py:154} INFO - [2023-12-15T21:49:01.047+0500] {dag.py:3722} INFO - Setting next_dagrun for latest_only to 2023-12-15T12:49:01.046785+00:00, run_after=2023-12-15T16:49:01.046785+00:00
[2023-12-15T21:49:01.171+0500] {processor.py:179} INFO - Processing /home/amina/miniconda/lib/python3.11/site-packages/airflow/example_dags/example_latest_only.py took 0.195 seconds
[2023-12-15T21:50:05.139+0500] {processor.py:157} INFO - Started process (PID=7899) to work on /home/amina/miniconda/lib/python3.11/site-packages/airflow/example_dags/example_latest_only.py
[2023-12-15T21:50:05.202+0500] {processor.py:829} INFO - Processing file /home/amina/miniconda/lib/python3.11/site-packages/airflow/example_dags/example_latest_only.py for tasks to queue
[2023-12-15T21:50:05.203+0500] {logging_mixin.py:154} INFO - [2023-12-15T21:50:05.202+0500] {dagbag.py:536} INFO - Filling up the DagBag from /home/amina/miniconda/lib/python3.11/site-packages/airflow/example_dags/example_latest_only.py
[2023-12-15T21:50:05.208+0500] {processor.py:839} INFO - DAG(s) dict_keys(['latest_only']) retrieved from /home/amina/miniconda/lib/python3.11/site-packages/airflow/example_dags/example_latest_only.py
[2023-12-15T21:50:05.223+0500] {logging_mixin.py:154} INFO - [2023-12-15T21:50:05.222+0500] {dag.py:2941} INFO - Sync 1 DAGs
[2023-12-15T21:50:05.242+0500] {logging_mixin.py:154} INFO - [2023-12-15T21:50:05.242+0500] {dag.py:3722} INFO - Setting next_dagrun for latest_only to 2023-12-15T12:50:05.241903+00:00, run_after=2023-12-15T16:50:05.241903+00:00
[2023-12-15T21:50:05.363+0500] {processor.py:179} INFO - Processing /home/amina/miniconda/lib/python3.11/site-packages/airflow/example_dags/example_latest_only.py took 0.227 seconds
[2023-12-15T21:51:41.201+0500] {processor.py:157} INFO - Started process (PID=8058) to work on /home/amina/miniconda/lib/python3.11/site-packages/airflow/example_dags/example_latest_only.py
[2023-12-15T21:51:41.224+0500] {processor.py:829} INFO - Processing file /home/amina/miniconda/lib/python3.11/site-packages/airflow/example_dags/example_latest_only.py for tasks to queue
[2023-12-15T21:51:41.225+0500] {logging_mixin.py:154} INFO - [2023-12-15T21:51:41.225+0500] {dagbag.py:536} INFO - Filling up the DagBag from /home/amina/miniconda/lib/python3.11/site-packages/airflow/example_dags/example_latest_only.py
[2023-12-15T21:51:41.230+0500] {processor.py:839} INFO - DAG(s) dict_keys(['latest_only']) retrieved from /home/amina/miniconda/lib/python3.11/site-packages/airflow/example_dags/example_latest_only.py
[2023-12-15T21:51:41.248+0500] {logging_mixin.py:154} INFO - [2023-12-15T21:51:41.248+0500] {dag.py:2941} INFO - Sync 1 DAGs
[2023-12-15T21:51:41.276+0500] {logging_mixin.py:154} INFO - [2023-12-15T21:51:41.276+0500] {dag.py:3722} INFO - Setting next_dagrun for latest_only to 2023-12-15T12:51:41.276104+00:00, run_after=2023-12-15T16:51:41.276104+00:00
[2023-12-15T21:51:41.384+0500] {processor.py:179} INFO - Processing /home/amina/miniconda/lib/python3.11/site-packages/airflow/example_dags/example_latest_only.py took 0.185 seconds
[2023-12-15T21:53:17.629+0500] {processor.py:157} INFO - Started process (PID=8150) to work on /home/amina/miniconda/lib/python3.11/site-packages/airflow/example_dags/example_latest_only.py
[2023-12-15T21:53:17.684+0500] {processor.py:829} INFO - Processing file /home/amina/miniconda/lib/python3.11/site-packages/airflow/example_dags/example_latest_only.py for tasks to queue
[2023-12-15T21:53:17.685+0500] {logging_mixin.py:154} INFO - [2023-12-15T21:53:17.685+0500] {dagbag.py:536} INFO - Filling up the DagBag from /home/amina/miniconda/lib/python3.11/site-packages/airflow/example_dags/example_latest_only.py
[2023-12-15T21:53:17.690+0500] {processor.py:839} INFO - DAG(s) dict_keys(['latest_only']) retrieved from /home/amina/miniconda/lib/python3.11/site-packages/airflow/example_dags/example_latest_only.py
[2023-12-15T21:53:17.704+0500] {logging_mixin.py:154} INFO - [2023-12-15T21:53:17.704+0500] {dag.py:2941} INFO - Sync 1 DAGs
[2023-12-15T21:53:17.723+0500] {logging_mixin.py:154} INFO - [2023-12-15T21:53:17.723+0500] {dag.py:3722} INFO - Setting next_dagrun for latest_only to 2023-12-15T12:53:17.723478+00:00, run_after=2023-12-15T16:53:17.723478+00:00
[2023-12-15T21:53:17.839+0500] {processor.py:179} INFO - Processing /home/amina/miniconda/lib/python3.11/site-packages/airflow/example_dags/example_latest_only.py took 0.212 seconds
[2023-12-15T21:54:11.759+0500] {processor.py:157} INFO - Started process (PID=8214) to work on /home/amina/miniconda/lib/python3.11/site-packages/airflow/example_dags/example_latest_only.py
[2023-12-15T21:54:11.807+0500] {processor.py:829} INFO - Processing file /home/amina/miniconda/lib/python3.11/site-packages/airflow/example_dags/example_latest_only.py for tasks to queue
[2023-12-15T21:54:11.808+0500] {logging_mixin.py:154} INFO - [2023-12-15T21:54:11.808+0500] {dagbag.py:536} INFO - Filling up the DagBag from /home/amina/miniconda/lib/python3.11/site-packages/airflow/example_dags/example_latest_only.py
[2023-12-15T21:54:11.813+0500] {processor.py:839} INFO - DAG(s) dict_keys(['latest_only']) retrieved from /home/amina/miniconda/lib/python3.11/site-packages/airflow/example_dags/example_latest_only.py
[2023-12-15T21:54:11.831+0500] {logging_mixin.py:154} INFO - [2023-12-15T21:54:11.831+0500] {dag.py:2941} INFO - Sync 1 DAGs
[2023-12-15T21:54:11.855+0500] {logging_mixin.py:154} INFO - [2023-12-15T21:54:11.855+0500] {dag.py:3722} INFO - Setting next_dagrun for latest_only to 2023-12-15T12:54:11.854726+00:00, run_after=2023-12-15T16:54:11.854726+00:00
[2023-12-15T21:54:11.968+0500] {processor.py:179} INFO - Processing /home/amina/miniconda/lib/python3.11/site-packages/airflow/example_dags/example_latest_only.py took 0.213 seconds
[2023-12-15T21:55:16.033+0500] {processor.py:157} INFO - Started process (PID=8291) to work on /home/amina/miniconda/lib/python3.11/site-packages/airflow/example_dags/example_latest_only.py
[2023-12-15T21:55:16.050+0500] {processor.py:829} INFO - Processing file /home/amina/miniconda/lib/python3.11/site-packages/airflow/example_dags/example_latest_only.py for tasks to queue
[2023-12-15T21:55:16.051+0500] {logging_mixin.py:154} INFO - [2023-12-15T21:55:16.051+0500] {dagbag.py:536} INFO - Filling up the DagBag from /home/amina/miniconda/lib/python3.11/site-packages/airflow/example_dags/example_latest_only.py
[2023-12-15T21:55:16.056+0500] {processor.py:839} INFO - DAG(s) dict_keys(['latest_only']) retrieved from /home/amina/miniconda/lib/python3.11/site-packages/airflow/example_dags/example_latest_only.py
[2023-12-15T21:55:16.074+0500] {logging_mixin.py:154} INFO - [2023-12-15T21:55:16.074+0500] {dag.py:2941} INFO - Sync 1 DAGs
[2023-12-15T21:55:16.100+0500] {logging_mixin.py:154} INFO - [2023-12-15T21:55:16.099+0500] {dag.py:3722} INFO - Setting next_dagrun for latest_only to 2023-12-15T12:55:16.099533+00:00, run_after=2023-12-15T16:55:16.099533+00:00
[2023-12-15T21:55:16.224+0500] {processor.py:179} INFO - Processing /home/amina/miniconda/lib/python3.11/site-packages/airflow/example_dags/example_latest_only.py took 0.194 seconds
[2023-12-15T21:56:28.124+0500] {processor.py:157} INFO - Started process (PID=8366) to work on /home/amina/miniconda/lib/python3.11/site-packages/airflow/example_dags/example_latest_only.py
[2023-12-15T21:56:28.164+0500] {processor.py:829} INFO - Processing file /home/amina/miniconda/lib/python3.11/site-packages/airflow/example_dags/example_latest_only.py for tasks to queue
[2023-12-15T21:56:28.165+0500] {logging_mixin.py:154} INFO - [2023-12-15T21:56:28.164+0500] {dagbag.py:536} INFO - Filling up the DagBag from /home/amina/miniconda/lib/python3.11/site-packages/airflow/example_dags/example_latest_only.py
[2023-12-15T21:56:28.170+0500] {processor.py:839} INFO - DAG(s) dict_keys(['latest_only']) retrieved from /home/amina/miniconda/lib/python3.11/site-packages/airflow/example_dags/example_latest_only.py
[2023-12-15T21:56:28.189+0500] {logging_mixin.py:154} INFO - [2023-12-15T21:56:28.189+0500] {dag.py:2941} INFO - Sync 1 DAGs
[2023-12-15T21:56:28.217+0500] {logging_mixin.py:154} INFO - [2023-12-15T21:56:28.216+0500] {dag.py:3722} INFO - Setting next_dagrun for latest_only to 2023-12-15T12:56:28.216713+00:00, run_after=2023-12-15T16:56:28.216713+00:00
[2023-12-15T21:56:28.322+0500] {processor.py:179} INFO - Processing /home/amina/miniconda/lib/python3.11/site-packages/airflow/example_dags/example_latest_only.py took 0.202 seconds
[2023-12-15T21:57:48.669+0500] {processor.py:157} INFO - Started process (PID=8459) to work on /home/amina/miniconda/lib/python3.11/site-packages/airflow/example_dags/example_latest_only.py
[2023-12-15T21:57:48.699+0500] {processor.py:829} INFO - Processing file /home/amina/miniconda/lib/python3.11/site-packages/airflow/example_dags/example_latest_only.py for tasks to queue
[2023-12-15T21:57:48.699+0500] {logging_mixin.py:154} INFO - [2023-12-15T21:57:48.699+0500] {dagbag.py:536} INFO - Filling up the DagBag from /home/amina/miniconda/lib/python3.11/site-packages/airflow/example_dags/example_latest_only.py
[2023-12-15T21:57:48.704+0500] {processor.py:839} INFO - DAG(s) dict_keys(['latest_only']) retrieved from /home/amina/miniconda/lib/python3.11/site-packages/airflow/example_dags/example_latest_only.py
[2023-12-15T21:57:48.718+0500] {logging_mixin.py:154} INFO - [2023-12-15T21:57:48.718+0500] {dag.py:2941} INFO - Sync 1 DAGs
[2023-12-15T21:57:48.736+0500] {logging_mixin.py:154} INFO - [2023-12-15T21:57:48.736+0500] {dag.py:3722} INFO - Setting next_dagrun for latest_only to 2023-12-15T12:57:48.736532+00:00, run_after=2023-12-15T16:57:48.736532+00:00
[2023-12-15T21:57:48.848+0500] {processor.py:179} INFO - Processing /home/amina/miniconda/lib/python3.11/site-packages/airflow/example_dags/example_latest_only.py took 0.181 seconds
[2023-12-15T21:59:10.100+0500] {processor.py:157} INFO - Started process (PID=8545) to work on /home/amina/miniconda/lib/python3.11/site-packages/airflow/example_dags/example_latest_only.py
[2023-12-15T21:59:10.120+0500] {processor.py:829} INFO - Processing file /home/amina/miniconda/lib/python3.11/site-packages/airflow/example_dags/example_latest_only.py for tasks to queue
[2023-12-15T21:59:10.120+0500] {logging_mixin.py:154} INFO - [2023-12-15T21:59:10.120+0500] {dagbag.py:536} INFO - Filling up the DagBag from /home/amina/miniconda/lib/python3.11/site-packages/airflow/example_dags/example_latest_only.py
[2023-12-15T21:59:10.125+0500] {processor.py:839} INFO - DAG(s) dict_keys(['latest_only']) retrieved from /home/amina/miniconda/lib/python3.11/site-packages/airflow/example_dags/example_latest_only.py
[2023-12-15T21:59:10.141+0500] {logging_mixin.py:154} INFO - [2023-12-15T21:59:10.141+0500] {dag.py:2941} INFO - Sync 1 DAGs
[2023-12-15T21:59:10.159+0500] {logging_mixin.py:154} INFO - [2023-12-15T21:59:10.159+0500] {dag.py:3722} INFO - Setting next_dagrun for latest_only to 2023-12-15T12:59:10.159285+00:00, run_after=2023-12-15T16:59:10.159285+00:00
[2023-12-15T21:59:10.255+0500] {processor.py:179} INFO - Processing /home/amina/miniconda/lib/python3.11/site-packages/airflow/example_dags/example_latest_only.py took 0.158 seconds
[2023-12-15T22:00:30.799+0500] {processor.py:157} INFO - Started process (PID=8643) to work on /home/amina/miniconda/lib/python3.11/site-packages/airflow/example_dags/example_latest_only.py
[2023-12-15T22:00:30.838+0500] {processor.py:829} INFO - Processing file /home/amina/miniconda/lib/python3.11/site-packages/airflow/example_dags/example_latest_only.py for tasks to queue
[2023-12-15T22:00:30.839+0500] {logging_mixin.py:154} INFO - [2023-12-15T22:00:30.838+0500] {dagbag.py:536} INFO - Filling up the DagBag from /home/amina/miniconda/lib/python3.11/site-packages/airflow/example_dags/example_latest_only.py
[2023-12-15T22:00:30.844+0500] {processor.py:839} INFO - DAG(s) dict_keys(['latest_only']) retrieved from /home/amina/miniconda/lib/python3.11/site-packages/airflow/example_dags/example_latest_only.py
[2023-12-15T22:00:30.859+0500] {logging_mixin.py:154} INFO - [2023-12-15T22:00:30.859+0500] {dag.py:2941} INFO - Sync 1 DAGs
[2023-12-15T22:00:30.878+0500] {logging_mixin.py:154} INFO - [2023-12-15T22:00:30.877+0500] {dag.py:3722} INFO - Setting next_dagrun for latest_only to 2023-12-15T13:00:30.877715+00:00, run_after=2023-12-15T17:00:30.877715+00:00
[2023-12-15T22:00:30.999+0500] {processor.py:179} INFO - Processing /home/amina/miniconda/lib/python3.11/site-packages/airflow/example_dags/example_latest_only.py took 0.203 seconds
[2023-12-15T22:01:48.614+0500] {processor.py:157} INFO - Started process (PID=8742) to work on /home/amina/miniconda/lib/python3.11/site-packages/airflow/example_dags/example_latest_only.py
[2023-12-15T22:01:48.639+0500] {processor.py:829} INFO - Processing file /home/amina/miniconda/lib/python3.11/site-packages/airflow/example_dags/example_latest_only.py for tasks to queue
[2023-12-15T22:01:48.640+0500] {logging_mixin.py:154} INFO - [2023-12-15T22:01:48.639+0500] {dagbag.py:536} INFO - Filling up the DagBag from /home/amina/miniconda/lib/python3.11/site-packages/airflow/example_dags/example_latest_only.py
[2023-12-15T22:01:48.645+0500] {processor.py:839} INFO - DAG(s) dict_keys(['latest_only']) retrieved from /home/amina/miniconda/lib/python3.11/site-packages/airflow/example_dags/example_latest_only.py
[2023-12-15T22:01:48.659+0500] {logging_mixin.py:154} INFO - [2023-12-15T22:01:48.659+0500] {dag.py:2941} INFO - Sync 1 DAGs
[2023-12-15T22:01:48.677+0500] {logging_mixin.py:154} INFO - [2023-12-15T22:01:48.677+0500] {dag.py:3722} INFO - Setting next_dagrun for latest_only to 2023-12-15T13:01:48.677559+00:00, run_after=2023-12-15T17:01:48.677559+00:00
[2023-12-15T22:01:48.985+0500] {processor.py:179} INFO - Processing /home/amina/miniconda/lib/python3.11/site-packages/airflow/example_dags/example_latest_only.py took 0.375 seconds
[2023-12-15T22:03:05.168+0500] {processor.py:157} INFO - Started process (PID=8833) to work on /home/amina/miniconda/lib/python3.11/site-packages/airflow/example_dags/example_latest_only.py
[2023-12-15T22:03:05.208+0500] {processor.py:829} INFO - Processing file /home/amina/miniconda/lib/python3.11/site-packages/airflow/example_dags/example_latest_only.py for tasks to queue
[2023-12-15T22:03:05.208+0500] {logging_mixin.py:154} INFO - [2023-12-15T22:03:05.208+0500] {dagbag.py:536} INFO - Filling up the DagBag from /home/amina/miniconda/lib/python3.11/site-packages/airflow/example_dags/example_latest_only.py
[2023-12-15T22:03:05.213+0500] {processor.py:839} INFO - DAG(s) dict_keys(['latest_only']) retrieved from /home/amina/miniconda/lib/python3.11/site-packages/airflow/example_dags/example_latest_only.py
[2023-12-15T22:03:05.227+0500] {logging_mixin.py:154} INFO - [2023-12-15T22:03:05.227+0500] {dag.py:2941} INFO - Sync 1 DAGs
[2023-12-15T22:03:05.246+0500] {logging_mixin.py:154} INFO - [2023-12-15T22:03:05.246+0500] {dag.py:3722} INFO - Setting next_dagrun for latest_only to 2023-12-15T13:03:05.246468+00:00, run_after=2023-12-15T17:03:05.246468+00:00
[2023-12-15T22:03:05.401+0500] {processor.py:179} INFO - Processing /home/amina/miniconda/lib/python3.11/site-packages/airflow/example_dags/example_latest_only.py took 0.235 seconds
[2023-12-15T22:04:50.661+0500] {processor.py:157} INFO - Started process (PID=8952) to work on /home/amina/miniconda/lib/python3.11/site-packages/airflow/example_dags/example_latest_only.py
[2023-12-15T22:04:50.674+0500] {processor.py:829} INFO - Processing file /home/amina/miniconda/lib/python3.11/site-packages/airflow/example_dags/example_latest_only.py for tasks to queue
[2023-12-15T22:04:50.675+0500] {logging_mixin.py:154} INFO - [2023-12-15T22:04:50.674+0500] {dagbag.py:536} INFO - Filling up the DagBag from /home/amina/miniconda/lib/python3.11/site-packages/airflow/example_dags/example_latest_only.py
[2023-12-15T22:04:50.682+0500] {processor.py:839} INFO - DAG(s) dict_keys(['latest_only']) retrieved from /home/amina/miniconda/lib/python3.11/site-packages/airflow/example_dags/example_latest_only.py
[2023-12-15T22:04:50.707+0500] {logging_mixin.py:154} INFO - [2023-12-15T22:04:50.706+0500] {dag.py:2941} INFO - Sync 1 DAGs
[2023-12-15T22:04:50.742+0500] {logging_mixin.py:154} INFO - [2023-12-15T22:04:50.742+0500] {dag.py:3722} INFO - Setting next_dagrun for latest_only to 2023-12-15T13:04:50.742012+00:00, run_after=2023-12-15T17:04:50.742012+00:00
[2023-12-15T22:04:50.848+0500] {processor.py:179} INFO - Processing /home/amina/miniconda/lib/python3.11/site-packages/airflow/example_dags/example_latest_only.py took 0.191 seconds
[2023-12-15T22:05:50.993+0500] {processor.py:157} INFO - Started process (PID=9016) to work on /home/amina/miniconda/lib/python3.11/site-packages/airflow/example_dags/example_latest_only.py
[2023-12-15T22:05:51.035+0500] {processor.py:829} INFO - Processing file /home/amina/miniconda/lib/python3.11/site-packages/airflow/example_dags/example_latest_only.py for tasks to queue
[2023-12-15T22:05:51.036+0500] {logging_mixin.py:154} INFO - [2023-12-15T22:05:51.035+0500] {dagbag.py:536} INFO - Filling up the DagBag from /home/amina/miniconda/lib/python3.11/site-packages/airflow/example_dags/example_latest_only.py
[2023-12-15T22:05:51.041+0500] {processor.py:839} INFO - DAG(s) dict_keys(['latest_only']) retrieved from /home/amina/miniconda/lib/python3.11/site-packages/airflow/example_dags/example_latest_only.py
[2023-12-15T22:05:51.061+0500] {logging_mixin.py:154} INFO - [2023-12-15T22:05:51.061+0500] {dag.py:2941} INFO - Sync 1 DAGs
[2023-12-15T22:05:51.085+0500] {logging_mixin.py:154} INFO - [2023-12-15T22:05:51.085+0500] {dag.py:3722} INFO - Setting next_dagrun for latest_only to 2023-12-15T13:05:51.085015+00:00, run_after=2023-12-15T17:05:51.085015+00:00
[2023-12-15T22:05:51.174+0500] {processor.py:179} INFO - Processing /home/amina/miniconda/lib/python3.11/site-packages/airflow/example_dags/example_latest_only.py took 0.184 seconds
[2023-12-15T22:06:49.885+0500] {processor.py:157} INFO - Started process (PID=9070) to work on /home/amina/miniconda/lib/python3.11/site-packages/airflow/example_dags/example_latest_only.py
[2023-12-15T22:06:49.903+0500] {processor.py:829} INFO - Processing file /home/amina/miniconda/lib/python3.11/site-packages/airflow/example_dags/example_latest_only.py for tasks to queue
[2023-12-15T22:06:49.903+0500] {logging_mixin.py:154} INFO - [2023-12-15T22:06:49.903+0500] {dagbag.py:536} INFO - Filling up the DagBag from /home/amina/miniconda/lib/python3.11/site-packages/airflow/example_dags/example_latest_only.py
[2023-12-15T22:06:49.909+0500] {processor.py:839} INFO - DAG(s) dict_keys(['latest_only']) retrieved from /home/amina/miniconda/lib/python3.11/site-packages/airflow/example_dags/example_latest_only.py
[2023-12-15T22:06:49.926+0500] {logging_mixin.py:154} INFO - [2023-12-15T22:06:49.926+0500] {dag.py:2941} INFO - Sync 1 DAGs
[2023-12-15T22:06:49.950+0500] {logging_mixin.py:154} INFO - [2023-12-15T22:06:49.949+0500] {dag.py:3722} INFO - Setting next_dagrun for latest_only to 2023-12-15T13:06:49.949563+00:00, run_after=2023-12-15T17:06:49.949563+00:00
[2023-12-15T22:06:50.033+0500] {processor.py:179} INFO - Processing /home/amina/miniconda/lib/python3.11/site-packages/airflow/example_dags/example_latest_only.py took 0.151 seconds
[2023-12-15T22:07:55.754+0500] {processor.py:157} INFO - Started process (PID=9141) to work on /home/amina/miniconda/lib/python3.11/site-packages/airflow/example_dags/example_latest_only.py
[2023-12-15T22:07:55.804+0500] {processor.py:829} INFO - Processing file /home/amina/miniconda/lib/python3.11/site-packages/airflow/example_dags/example_latest_only.py for tasks to queue
[2023-12-15T22:07:55.805+0500] {logging_mixin.py:154} INFO - [2023-12-15T22:07:55.805+0500] {dagbag.py:536} INFO - Filling up the DagBag from /home/amina/miniconda/lib/python3.11/site-packages/airflow/example_dags/example_latest_only.py
[2023-12-15T22:07:55.810+0500] {processor.py:839} INFO - DAG(s) dict_keys(['latest_only']) retrieved from /home/amina/miniconda/lib/python3.11/site-packages/airflow/example_dags/example_latest_only.py
[2023-12-15T22:07:55.827+0500] {logging_mixin.py:154} INFO - [2023-12-15T22:07:55.827+0500] {dag.py:2941} INFO - Sync 1 DAGs
[2023-12-15T22:07:55.854+0500] {logging_mixin.py:154} INFO - [2023-12-15T22:07:55.853+0500] {dag.py:3722} INFO - Setting next_dagrun for latest_only to 2023-12-15T13:07:55.853504+00:00, run_after=2023-12-15T17:07:55.853504+00:00
[2023-12-15T22:07:55.957+0500] {processor.py:179} INFO - Processing /home/amina/miniconda/lib/python3.11/site-packages/airflow/example_dags/example_latest_only.py took 0.206 seconds
[2023-12-15T22:09:00.309+0500] {processor.py:157} INFO - Started process (PID=9216) to work on /home/amina/miniconda/lib/python3.11/site-packages/airflow/example_dags/example_latest_only.py
[2023-12-15T22:09:00.374+0500] {processor.py:829} INFO - Processing file /home/amina/miniconda/lib/python3.11/site-packages/airflow/example_dags/example_latest_only.py for tasks to queue
[2023-12-15T22:09:00.375+0500] {logging_mixin.py:154} INFO - [2023-12-15T22:09:00.374+0500] {dagbag.py:536} INFO - Filling up the DagBag from /home/amina/miniconda/lib/python3.11/site-packages/airflow/example_dags/example_latest_only.py
[2023-12-15T22:09:00.380+0500] {processor.py:839} INFO - DAG(s) dict_keys(['latest_only']) retrieved from /home/amina/miniconda/lib/python3.11/site-packages/airflow/example_dags/example_latest_only.py
[2023-12-15T22:09:00.396+0500] {logging_mixin.py:154} INFO - [2023-12-15T22:09:00.395+0500] {dag.py:2941} INFO - Sync 1 DAGs
[2023-12-15T22:09:00.416+0500] {logging_mixin.py:154} INFO - [2023-12-15T22:09:00.416+0500] {dag.py:3722} INFO - Setting next_dagrun for latest_only to 2023-12-15T13:09:00.416421+00:00, run_after=2023-12-15T17:09:00.416421+00:00
[2023-12-15T22:09:00.516+0500] {processor.py:179} INFO - Processing /home/amina/miniconda/lib/python3.11/site-packages/airflow/example_dags/example_latest_only.py took 0.210 seconds
[2023-12-15T22:10:00.732+0500] {processor.py:157} INFO - Started process (PID=9277) to work on /home/amina/miniconda/lib/python3.11/site-packages/airflow/example_dags/example_latest_only.py
[2023-12-15T22:10:00.771+0500] {processor.py:829} INFO - Processing file /home/amina/miniconda/lib/python3.11/site-packages/airflow/example_dags/example_latest_only.py for tasks to queue
[2023-12-15T22:10:00.772+0500] {logging_mixin.py:154} INFO - [2023-12-15T22:10:00.772+0500] {dagbag.py:536} INFO - Filling up the DagBag from /home/amina/miniconda/lib/python3.11/site-packages/airflow/example_dags/example_latest_only.py
[2023-12-15T22:10:00.778+0500] {processor.py:839} INFO - DAG(s) dict_keys(['latest_only']) retrieved from /home/amina/miniconda/lib/python3.11/site-packages/airflow/example_dags/example_latest_only.py
[2023-12-15T22:10:00.796+0500] {logging_mixin.py:154} INFO - [2023-12-15T22:10:00.795+0500] {dag.py:2941} INFO - Sync 1 DAGs
[2023-12-15T22:10:00.818+0500] {logging_mixin.py:154} INFO - [2023-12-15T22:10:00.818+0500] {dag.py:3722} INFO - Setting next_dagrun for latest_only to 2023-12-15T13:10:00.817642+00:00, run_after=2023-12-15T17:10:00.817642+00:00
[2023-12-15T22:10:00.921+0500] {processor.py:179} INFO - Processing /home/amina/miniconda/lib/python3.11/site-packages/airflow/example_dags/example_latest_only.py took 0.193 seconds
[2023-12-15T22:11:07.524+0500] {processor.py:157} INFO - Started process (PID=9345) to work on /home/amina/miniconda/lib/python3.11/site-packages/airflow/example_dags/example_latest_only.py
[2023-12-15T22:11:07.551+0500] {processor.py:829} INFO - Processing file /home/amina/miniconda/lib/python3.11/site-packages/airflow/example_dags/example_latest_only.py for tasks to queue
[2023-12-15T22:11:07.552+0500] {logging_mixin.py:154} INFO - [2023-12-15T22:11:07.552+0500] {dagbag.py:536} INFO - Filling up the DagBag from /home/amina/miniconda/lib/python3.11/site-packages/airflow/example_dags/example_latest_only.py
[2023-12-15T22:11:07.558+0500] {processor.py:839} INFO - DAG(s) dict_keys(['latest_only']) retrieved from /home/amina/miniconda/lib/python3.11/site-packages/airflow/example_dags/example_latest_only.py
[2023-12-15T22:11:07.576+0500] {logging_mixin.py:154} INFO - [2023-12-15T22:11:07.576+0500] {dag.py:2941} INFO - Sync 1 DAGs
[2023-12-15T22:11:07.598+0500] {logging_mixin.py:154} INFO - [2023-12-15T22:11:07.598+0500] {dag.py:3722} INFO - Setting next_dagrun for latest_only to 2023-12-15T13:11:07.598174+00:00, run_after=2023-12-15T17:11:07.598174+00:00
[2023-12-15T22:11:07.708+0500] {processor.py:179} INFO - Processing /home/amina/miniconda/lib/python3.11/site-packages/airflow/example_dags/example_latest_only.py took 0.187 seconds
[2023-12-15T22:12:35.017+0500] {processor.py:157} INFO - Started process (PID=9438) to work on /home/amina/miniconda/lib/python3.11/site-packages/airflow/example_dags/example_latest_only.py
[2023-12-15T22:12:35.044+0500] {processor.py:829} INFO - Processing file /home/amina/miniconda/lib/python3.11/site-packages/airflow/example_dags/example_latest_only.py for tasks to queue
[2023-12-15T22:12:35.046+0500] {logging_mixin.py:154} INFO - [2023-12-15T22:12:35.045+0500] {dagbag.py:536} INFO - Filling up the DagBag from /home/amina/miniconda/lib/python3.11/site-packages/airflow/example_dags/example_latest_only.py
[2023-12-15T22:12:35.052+0500] {processor.py:839} INFO - DAG(s) dict_keys(['latest_only']) retrieved from /home/amina/miniconda/lib/python3.11/site-packages/airflow/example_dags/example_latest_only.py
[2023-12-15T22:12:35.068+0500] {logging_mixin.py:154} INFO - [2023-12-15T22:12:35.068+0500] {dag.py:2941} INFO - Sync 1 DAGs
[2023-12-15T22:12:35.090+0500] {logging_mixin.py:154} INFO - [2023-12-15T22:12:35.090+0500] {dag.py:3722} INFO - Setting next_dagrun for latest_only to 2023-12-15T13:12:35.089946+00:00, run_after=2023-12-15T17:12:35.089946+00:00
[2023-12-15T22:12:35.184+0500] {processor.py:179} INFO - Processing /home/amina/miniconda/lib/python3.11/site-packages/airflow/example_dags/example_latest_only.py took 0.171 seconds
[2023-12-15T22:13:48.315+0500] {processor.py:157} INFO - Started process (PID=9521) to work on /home/amina/miniconda/lib/python3.11/site-packages/airflow/example_dags/example_latest_only.py
[2023-12-15T22:13:48.340+0500] {processor.py:829} INFO - Processing file /home/amina/miniconda/lib/python3.11/site-packages/airflow/example_dags/example_latest_only.py for tasks to queue
[2023-12-15T22:13:48.340+0500] {logging_mixin.py:154} INFO - [2023-12-15T22:13:48.340+0500] {dagbag.py:536} INFO - Filling up the DagBag from /home/amina/miniconda/lib/python3.11/site-packages/airflow/example_dags/example_latest_only.py
[2023-12-15T22:13:48.347+0500] {processor.py:839} INFO - DAG(s) dict_keys(['latest_only']) retrieved from /home/amina/miniconda/lib/python3.11/site-packages/airflow/example_dags/example_latest_only.py
[2023-12-15T22:13:48.362+0500] {logging_mixin.py:154} INFO - [2023-12-15T22:13:48.362+0500] {dag.py:2941} INFO - Sync 1 DAGs
[2023-12-15T22:13:48.383+0500] {logging_mixin.py:154} INFO - [2023-12-15T22:13:48.383+0500] {dag.py:3722} INFO - Setting next_dagrun for latest_only to 2023-12-15T13:13:48.383314+00:00, run_after=2023-12-15T17:13:48.383314+00:00
[2023-12-15T22:13:48.495+0500] {processor.py:179} INFO - Processing /home/amina/miniconda/lib/python3.11/site-packages/airflow/example_dags/example_latest_only.py took 0.182 seconds
[2023-12-15T22:15:29.219+0500] {processor.py:157} INFO - Started process (PID=9635) to work on /home/amina/miniconda/lib/python3.11/site-packages/airflow/example_dags/example_latest_only.py
[2023-12-15T22:15:29.227+0500] {processor.py:829} INFO - Processing file /home/amina/miniconda/lib/python3.11/site-packages/airflow/example_dags/example_latest_only.py for tasks to queue
[2023-12-15T22:15:29.228+0500] {logging_mixin.py:154} INFO - [2023-12-15T22:15:29.227+0500] {dagbag.py:536} INFO - Filling up the DagBag from /home/amina/miniconda/lib/python3.11/site-packages/airflow/example_dags/example_latest_only.py
[2023-12-15T22:15:29.232+0500] {processor.py:839} INFO - DAG(s) dict_keys(['latest_only']) retrieved from /home/amina/miniconda/lib/python3.11/site-packages/airflow/example_dags/example_latest_only.py
[2023-12-15T22:15:29.251+0500] {logging_mixin.py:154} INFO - [2023-12-15T22:15:29.251+0500] {dag.py:2941} INFO - Sync 1 DAGs
[2023-12-15T22:15:29.275+0500] {logging_mixin.py:154} INFO - [2023-12-15T22:15:29.274+0500] {dag.py:3722} INFO - Setting next_dagrun for latest_only to 2023-12-15T13:15:29.274601+00:00, run_after=2023-12-15T17:15:29.274601+00:00
[2023-12-15T22:15:29.383+0500] {processor.py:179} INFO - Processing /home/amina/miniconda/lib/python3.11/site-packages/airflow/example_dags/example_latest_only.py took 0.167 seconds
[2023-12-15T22:16:38.112+0500] {processor.py:157} INFO - Started process (PID=9711) to work on /home/amina/miniconda/lib/python3.11/site-packages/airflow/example_dags/example_latest_only.py
[2023-12-15T22:16:38.169+0500] {processor.py:829} INFO - Processing file /home/amina/miniconda/lib/python3.11/site-packages/airflow/example_dags/example_latest_only.py for tasks to queue
[2023-12-15T22:16:38.170+0500] {logging_mixin.py:154} INFO - [2023-12-15T22:16:38.170+0500] {dagbag.py:536} INFO - Filling up the DagBag from /home/amina/miniconda/lib/python3.11/site-packages/airflow/example_dags/example_latest_only.py
[2023-12-15T22:16:38.175+0500] {processor.py:839} INFO - DAG(s) dict_keys(['latest_only']) retrieved from /home/amina/miniconda/lib/python3.11/site-packages/airflow/example_dags/example_latest_only.py
[2023-12-15T22:16:38.192+0500] {logging_mixin.py:154} INFO - [2023-12-15T22:16:38.191+0500] {dag.py:2941} INFO - Sync 1 DAGs
[2023-12-15T22:16:38.213+0500] {logging_mixin.py:154} INFO - [2023-12-15T22:16:38.212+0500] {dag.py:3722} INFO - Setting next_dagrun for latest_only to 2023-12-15T13:16:38.212646+00:00, run_after=2023-12-15T17:16:38.212646+00:00
[2023-12-15T22:16:38.336+0500] {processor.py:179} INFO - Processing /home/amina/miniconda/lib/python3.11/site-packages/airflow/example_dags/example_latest_only.py took 0.228 seconds
[2023-12-15T22:17:44.156+0500] {processor.py:157} INFO - Started process (PID=9778) to work on /home/amina/miniconda/lib/python3.11/site-packages/airflow/example_dags/example_latest_only.py
[2023-12-15T22:17:44.175+0500] {processor.py:829} INFO - Processing file /home/amina/miniconda/lib/python3.11/site-packages/airflow/example_dags/example_latest_only.py for tasks to queue
[2023-12-15T22:17:44.176+0500] {logging_mixin.py:154} INFO - [2023-12-15T22:17:44.176+0500] {dagbag.py:536} INFO - Filling up the DagBag from /home/amina/miniconda/lib/python3.11/site-packages/airflow/example_dags/example_latest_only.py
[2023-12-15T22:17:44.182+0500] {processor.py:839} INFO - DAG(s) dict_keys(['latest_only']) retrieved from /home/amina/miniconda/lib/python3.11/site-packages/airflow/example_dags/example_latest_only.py
[2023-12-15T22:17:44.199+0500] {logging_mixin.py:154} INFO - [2023-12-15T22:17:44.199+0500] {dag.py:2941} INFO - Sync 1 DAGs
[2023-12-15T22:17:44.224+0500] {logging_mixin.py:154} INFO - [2023-12-15T22:17:44.223+0500] {dag.py:3722} INFO - Setting next_dagrun for latest_only to 2023-12-15T13:17:44.223624+00:00, run_after=2023-12-15T17:17:44.223624+00:00
[2023-12-15T22:17:44.343+0500] {processor.py:179} INFO - Processing /home/amina/miniconda/lib/python3.11/site-packages/airflow/example_dags/example_latest_only.py took 0.189 seconds
[2023-12-15T22:18:45.555+0500] {processor.py:157} INFO - Started process (PID=9853) to work on /home/amina/miniconda/lib/python3.11/site-packages/airflow/example_dags/example_latest_only.py
[2023-12-15T22:18:45.578+0500] {processor.py:829} INFO - Processing file /home/amina/miniconda/lib/python3.11/site-packages/airflow/example_dags/example_latest_only.py for tasks to queue
[2023-12-15T22:18:45.579+0500] {logging_mixin.py:154} INFO - [2023-12-15T22:18:45.579+0500] {dagbag.py:536} INFO - Filling up the DagBag from /home/amina/miniconda/lib/python3.11/site-packages/airflow/example_dags/example_latest_only.py
[2023-12-15T22:18:45.585+0500] {processor.py:839} INFO - DAG(s) dict_keys(['latest_only']) retrieved from /home/amina/miniconda/lib/python3.11/site-packages/airflow/example_dags/example_latest_only.py
[2023-12-15T22:18:45.601+0500] {logging_mixin.py:154} INFO - [2023-12-15T22:18:45.601+0500] {dag.py:2941} INFO - Sync 1 DAGs
[2023-12-15T22:18:45.622+0500] {logging_mixin.py:154} INFO - [2023-12-15T22:18:45.622+0500] {dag.py:3722} INFO - Setting next_dagrun for latest_only to 2023-12-15T13:18:45.621797+00:00, run_after=2023-12-15T17:18:45.621797+00:00
[2023-12-15T22:18:45.723+0500] {processor.py:179} INFO - Processing /home/amina/miniconda/lib/python3.11/site-packages/airflow/example_dags/example_latest_only.py took 0.171 seconds
[2023-12-15T22:19:49.094+0500] {processor.py:157} INFO - Started process (PID=9964) to work on /home/amina/miniconda/lib/python3.11/site-packages/airflow/example_dags/example_latest_only.py
[2023-12-15T22:19:49.109+0500] {processor.py:829} INFO - Processing file /home/amina/miniconda/lib/python3.11/site-packages/airflow/example_dags/example_latest_only.py for tasks to queue
[2023-12-15T22:19:49.110+0500] {logging_mixin.py:154} INFO - [2023-12-15T22:19:49.110+0500] {dagbag.py:536} INFO - Filling up the DagBag from /home/amina/miniconda/lib/python3.11/site-packages/airflow/example_dags/example_latest_only.py
[2023-12-15T22:19:49.115+0500] {processor.py:839} INFO - DAG(s) dict_keys(['latest_only']) retrieved from /home/amina/miniconda/lib/python3.11/site-packages/airflow/example_dags/example_latest_only.py
[2023-12-15T22:19:49.133+0500] {logging_mixin.py:154} INFO - [2023-12-15T22:19:49.133+0500] {dag.py:2941} INFO - Sync 1 DAGs
[2023-12-15T22:19:49.158+0500] {logging_mixin.py:154} INFO - [2023-12-15T22:19:49.158+0500] {dag.py:3722} INFO - Setting next_dagrun for latest_only to 2023-12-15T13:19:49.157915+00:00, run_after=2023-12-15T17:19:49.157915+00:00
[2023-12-15T22:19:49.290+0500] {processor.py:179} INFO - Processing /home/amina/miniconda/lib/python3.11/site-packages/airflow/example_dags/example_latest_only.py took 0.200 seconds
[2023-12-15T22:21:01.010+0500] {processor.py:157} INFO - Started process (PID=10137) to work on /home/amina/miniconda/lib/python3.11/site-packages/airflow/example_dags/example_latest_only.py
[2023-12-15T22:21:01.029+0500] {processor.py:829} INFO - Processing file /home/amina/miniconda/lib/python3.11/site-packages/airflow/example_dags/example_latest_only.py for tasks to queue
[2023-12-15T22:21:01.030+0500] {logging_mixin.py:154} INFO - [2023-12-15T22:21:01.029+0500] {dagbag.py:536} INFO - Filling up the DagBag from /home/amina/miniconda/lib/python3.11/site-packages/airflow/example_dags/example_latest_only.py
[2023-12-15T22:21:01.037+0500] {processor.py:839} INFO - DAG(s) dict_keys(['latest_only']) retrieved from /home/amina/miniconda/lib/python3.11/site-packages/airflow/example_dags/example_latest_only.py
[2023-12-15T22:21:01.056+0500] {logging_mixin.py:154} INFO - [2023-12-15T22:21:01.056+0500] {dag.py:2941} INFO - Sync 1 DAGs
[2023-12-15T22:21:01.080+0500] {logging_mixin.py:154} INFO - [2023-12-15T22:21:01.079+0500] {dag.py:3722} INFO - Setting next_dagrun for latest_only to 2023-12-15T13:21:01.079552+00:00, run_after=2023-12-15T17:21:01.079552+00:00
[2023-12-15T22:21:01.221+0500] {processor.py:179} INFO - Processing /home/amina/miniconda/lib/python3.11/site-packages/airflow/example_dags/example_latest_only.py took 0.214 seconds
[2023-12-15T22:22:18.429+0500] {processor.py:157} INFO - Started process (PID=10229) to work on /home/amina/miniconda/lib/python3.11/site-packages/airflow/example_dags/example_latest_only.py
[2023-12-15T22:22:18.451+0500] {processor.py:829} INFO - Processing file /home/amina/miniconda/lib/python3.11/site-packages/airflow/example_dags/example_latest_only.py for tasks to queue
[2023-12-15T22:22:18.453+0500] {logging_mixin.py:154} INFO - [2023-12-15T22:22:18.452+0500] {dagbag.py:536} INFO - Filling up the DagBag from /home/amina/miniconda/lib/python3.11/site-packages/airflow/example_dags/example_latest_only.py
[2023-12-15T22:22:18.460+0500] {processor.py:839} INFO - DAG(s) dict_keys(['latest_only']) retrieved from /home/amina/miniconda/lib/python3.11/site-packages/airflow/example_dags/example_latest_only.py
[2023-12-15T22:22:18.487+0500] {logging_mixin.py:154} INFO - [2023-12-15T22:22:18.487+0500] {dag.py:2941} INFO - Sync 1 DAGs
[2023-12-15T22:22:18.517+0500] {logging_mixin.py:154} INFO - [2023-12-15T22:22:18.517+0500] {dag.py:3722} INFO - Setting next_dagrun for latest_only to 2023-12-15T13:22:18.517194+00:00, run_after=2023-12-15T17:22:18.517194+00:00
[2023-12-15T22:22:18.632+0500] {processor.py:179} INFO - Processing /home/amina/miniconda/lib/python3.11/site-packages/airflow/example_dags/example_latest_only.py took 0.209 seconds
[2023-12-15T22:23:38.226+0500] {processor.py:157} INFO - Started process (PID=10314) to work on /home/amina/miniconda/lib/python3.11/site-packages/airflow/example_dags/example_latest_only.py
[2023-12-15T22:23:38.249+0500] {processor.py:829} INFO - Processing file /home/amina/miniconda/lib/python3.11/site-packages/airflow/example_dags/example_latest_only.py for tasks to queue
[2023-12-15T22:23:38.250+0500] {logging_mixin.py:154} INFO - [2023-12-15T22:23:38.249+0500] {dagbag.py:536} INFO - Filling up the DagBag from /home/amina/miniconda/lib/python3.11/site-packages/airflow/example_dags/example_latest_only.py
[2023-12-15T22:23:38.255+0500] {processor.py:839} INFO - DAG(s) dict_keys(['latest_only']) retrieved from /home/amina/miniconda/lib/python3.11/site-packages/airflow/example_dags/example_latest_only.py
[2023-12-15T22:23:38.271+0500] {logging_mixin.py:154} INFO - [2023-12-15T22:23:38.270+0500] {dag.py:2941} INFO - Sync 1 DAGs
[2023-12-15T22:23:38.290+0500] {logging_mixin.py:154} INFO - [2023-12-15T22:23:38.290+0500] {dag.py:3722} INFO - Setting next_dagrun for latest_only to 2023-12-15T13:23:38.290069+00:00, run_after=2023-12-15T17:23:38.290069+00:00
[2023-12-15T22:23:38.398+0500] {processor.py:179} INFO - Processing /home/amina/miniconda/lib/python3.11/site-packages/airflow/example_dags/example_latest_only.py took 0.174 seconds
[2023-12-15T22:24:57.453+0500] {processor.py:157} INFO - Started process (PID=10404) to work on /home/amina/miniconda/lib/python3.11/site-packages/airflow/example_dags/example_latest_only.py
[2023-12-15T22:24:57.465+0500] {processor.py:829} INFO - Processing file /home/amina/miniconda/lib/python3.11/site-packages/airflow/example_dags/example_latest_only.py for tasks to queue
[2023-12-15T22:24:57.467+0500] {logging_mixin.py:154} INFO - [2023-12-15T22:24:57.466+0500] {dagbag.py:536} INFO - Filling up the DagBag from /home/amina/miniconda/lib/python3.11/site-packages/airflow/example_dags/example_latest_only.py
[2023-12-15T22:24:57.474+0500] {processor.py:839} INFO - DAG(s) dict_keys(['latest_only']) retrieved from /home/amina/miniconda/lib/python3.11/site-packages/airflow/example_dags/example_latest_only.py
[2023-12-15T22:24:57.494+0500] {logging_mixin.py:154} INFO - [2023-12-15T22:24:57.494+0500] {dag.py:2941} INFO - Sync 1 DAGs
[2023-12-15T22:24:57.519+0500] {logging_mixin.py:154} INFO - [2023-12-15T22:24:57.518+0500] {dag.py:3722} INFO - Setting next_dagrun for latest_only to 2023-12-15T13:24:57.518545+00:00, run_after=2023-12-15T17:24:57.518545+00:00
[2023-12-15T22:24:57.649+0500] {processor.py:179} INFO - Processing /home/amina/miniconda/lib/python3.11/site-packages/airflow/example_dags/example_latest_only.py took 0.199 seconds
[2023-12-15T22:26:21.409+0500] {processor.py:157} INFO - Started process (PID=10480) to work on /home/amina/miniconda/lib/python3.11/site-packages/airflow/example_dags/example_latest_only.py
[2023-12-15T22:26:21.468+0500] {processor.py:829} INFO - Processing file /home/amina/miniconda/lib/python3.11/site-packages/airflow/example_dags/example_latest_only.py for tasks to queue
[2023-12-15T22:26:21.469+0500] {logging_mixin.py:154} INFO - [2023-12-15T22:26:21.469+0500] {dagbag.py:536} INFO - Filling up the DagBag from /home/amina/miniconda/lib/python3.11/site-packages/airflow/example_dags/example_latest_only.py
[2023-12-15T22:26:21.475+0500] {processor.py:839} INFO - DAG(s) dict_keys(['latest_only']) retrieved from /home/amina/miniconda/lib/python3.11/site-packages/airflow/example_dags/example_latest_only.py
[2023-12-15T22:26:21.493+0500] {logging_mixin.py:154} INFO - [2023-12-15T22:26:21.492+0500] {dag.py:2941} INFO - Sync 1 DAGs
[2023-12-15T22:26:21.518+0500] {logging_mixin.py:154} INFO - [2023-12-15T22:26:21.517+0500] {dag.py:3722} INFO - Setting next_dagrun for latest_only to 2023-12-15T13:26:21.517713+00:00, run_after=2023-12-15T17:26:21.517713+00:00
[2023-12-15T22:26:21.627+0500] {processor.py:179} INFO - Processing /home/amina/miniconda/lib/python3.11/site-packages/airflow/example_dags/example_latest_only.py took 0.222 seconds
[2023-12-15T22:27:41.630+0500] {processor.py:157} INFO - Started process (PID=10565) to work on /home/amina/miniconda/lib/python3.11/site-packages/airflow/example_dags/example_latest_only.py
[2023-12-15T22:27:41.673+0500] {processor.py:829} INFO - Processing file /home/amina/miniconda/lib/python3.11/site-packages/airflow/example_dags/example_latest_only.py for tasks to queue
[2023-12-15T22:27:41.674+0500] {logging_mixin.py:154} INFO - [2023-12-15T22:27:41.674+0500] {dagbag.py:536} INFO - Filling up the DagBag from /home/amina/miniconda/lib/python3.11/site-packages/airflow/example_dags/example_latest_only.py
[2023-12-15T22:27:41.679+0500] {processor.py:839} INFO - DAG(s) dict_keys(['latest_only']) retrieved from /home/amina/miniconda/lib/python3.11/site-packages/airflow/example_dags/example_latest_only.py
[2023-12-15T22:27:41.695+0500] {logging_mixin.py:154} INFO - [2023-12-15T22:27:41.695+0500] {dag.py:2941} INFO - Sync 1 DAGs
[2023-12-15T22:27:41.717+0500] {logging_mixin.py:154} INFO - [2023-12-15T22:27:41.716+0500] {dag.py:3722} INFO - Setting next_dagrun for latest_only to 2023-12-15T13:27:41.716530+00:00, run_after=2023-12-15T17:27:41.716530+00:00
[2023-12-15T22:27:41.819+0500] {processor.py:179} INFO - Processing /home/amina/miniconda/lib/python3.11/site-packages/airflow/example_dags/example_latest_only.py took 0.193 seconds
[2023-12-15T22:29:00.997+0500] {processor.py:157} INFO - Started process (PID=10663) to work on /home/amina/miniconda/lib/python3.11/site-packages/airflow/example_dags/example_latest_only.py
[2023-12-15T22:29:01.015+0500] {processor.py:829} INFO - Processing file /home/amina/miniconda/lib/python3.11/site-packages/airflow/example_dags/example_latest_only.py for tasks to queue
[2023-12-15T22:29:01.016+0500] {logging_mixin.py:154} INFO - [2023-12-15T22:29:01.016+0500] {dagbag.py:536} INFO - Filling up the DagBag from /home/amina/miniconda/lib/python3.11/site-packages/airflow/example_dags/example_latest_only.py
[2023-12-15T22:29:01.021+0500] {processor.py:839} INFO - DAG(s) dict_keys(['latest_only']) retrieved from /home/amina/miniconda/lib/python3.11/site-packages/airflow/example_dags/example_latest_only.py
[2023-12-15T22:29:01.037+0500] {logging_mixin.py:154} INFO - [2023-12-15T22:29:01.037+0500] {dag.py:2941} INFO - Sync 1 DAGs
[2023-12-15T22:29:01.057+0500] {logging_mixin.py:154} INFO - [2023-12-15T22:29:01.057+0500] {dag.py:3722} INFO - Setting next_dagrun for latest_only to 2023-12-15T13:29:01.056990+00:00, run_after=2023-12-15T17:29:01.056990+00:00
[2023-12-15T22:29:01.159+0500] {processor.py:179} INFO - Processing /home/amina/miniconda/lib/python3.11/site-packages/airflow/example_dags/example_latest_only.py took 0.169 seconds
[2023-12-15T22:30:57.796+0500] {processor.py:157} INFO - Started process (PID=10805) to work on /home/amina/miniconda/lib/python3.11/site-packages/airflow/example_dags/example_latest_only.py
[2023-12-15T22:30:57.856+0500] {processor.py:829} INFO - Processing file /home/amina/miniconda/lib/python3.11/site-packages/airflow/example_dags/example_latest_only.py for tasks to queue
[2023-12-15T22:30:57.856+0500] {logging_mixin.py:154} INFO - [2023-12-15T22:30:57.856+0500] {dagbag.py:536} INFO - Filling up the DagBag from /home/amina/miniconda/lib/python3.11/site-packages/airflow/example_dags/example_latest_only.py
[2023-12-15T22:30:57.862+0500] {processor.py:839} INFO - DAG(s) dict_keys(['latest_only']) retrieved from /home/amina/miniconda/lib/python3.11/site-packages/airflow/example_dags/example_latest_only.py
[2023-12-15T22:30:57.880+0500] {logging_mixin.py:154} INFO - [2023-12-15T22:30:57.880+0500] {dag.py:2941} INFO - Sync 1 DAGs
[2023-12-15T22:30:57.905+0500] {logging_mixin.py:154} INFO - [2023-12-15T22:30:57.905+0500] {dag.py:3722} INFO - Setting next_dagrun for latest_only to 2023-12-15T13:30:57.905246+00:00, run_after=2023-12-15T17:30:57.905246+00:00
[2023-12-15T22:30:58.005+0500] {processor.py:179} INFO - Processing /home/amina/miniconda/lib/python3.11/site-packages/airflow/example_dags/example_latest_only.py took 0.212 seconds
[2023-12-15T22:32:15.479+0500] {processor.py:157} INFO - Started process (PID=10888) to work on /home/amina/miniconda/lib/python3.11/site-packages/airflow/example_dags/example_latest_only.py
[2023-12-15T22:32:15.522+0500] {processor.py:829} INFO - Processing file /home/amina/miniconda/lib/python3.11/site-packages/airflow/example_dags/example_latest_only.py for tasks to queue
[2023-12-15T22:32:15.523+0500] {logging_mixin.py:154} INFO - [2023-12-15T22:32:15.522+0500] {dagbag.py:536} INFO - Filling up the DagBag from /home/amina/miniconda/lib/python3.11/site-packages/airflow/example_dags/example_latest_only.py
[2023-12-15T22:32:15.528+0500] {processor.py:839} INFO - DAG(s) dict_keys(['latest_only']) retrieved from /home/amina/miniconda/lib/python3.11/site-packages/airflow/example_dags/example_latest_only.py
[2023-12-15T22:32:15.544+0500] {logging_mixin.py:154} INFO - [2023-12-15T22:32:15.544+0500] {dag.py:2941} INFO - Sync 1 DAGs
[2023-12-15T22:32:15.566+0500] {logging_mixin.py:154} INFO - [2023-12-15T22:32:15.566+0500] {dag.py:3722} INFO - Setting next_dagrun for latest_only to 2023-12-15T13:32:15.565981+00:00, run_after=2023-12-15T17:32:15.565981+00:00
[2023-12-15T22:32:15.717+0500] {processor.py:179} INFO - Processing /home/amina/miniconda/lib/python3.11/site-packages/airflow/example_dags/example_latest_only.py took 0.243 seconds
[2023-12-15T22:33:37.445+0500] {processor.py:157} INFO - Started process (PID=10971) to work on /home/amina/miniconda/lib/python3.11/site-packages/airflow/example_dags/example_latest_only.py
[2023-12-15T22:33:37.474+0500] {processor.py:829} INFO - Processing file /home/amina/miniconda/lib/python3.11/site-packages/airflow/example_dags/example_latest_only.py for tasks to queue
[2023-12-15T22:33:37.475+0500] {logging_mixin.py:154} INFO - [2023-12-15T22:33:37.475+0500] {dagbag.py:536} INFO - Filling up the DagBag from /home/amina/miniconda/lib/python3.11/site-packages/airflow/example_dags/example_latest_only.py
[2023-12-15T22:33:37.481+0500] {processor.py:839} INFO - DAG(s) dict_keys(['latest_only']) retrieved from /home/amina/miniconda/lib/python3.11/site-packages/airflow/example_dags/example_latest_only.py
[2023-12-15T22:33:37.500+0500] {logging_mixin.py:154} INFO - [2023-12-15T22:33:37.500+0500] {dag.py:2941} INFO - Sync 1 DAGs
[2023-12-15T22:33:37.531+0500] {logging_mixin.py:154} INFO - [2023-12-15T22:33:37.531+0500] {dag.py:3722} INFO - Setting next_dagrun for latest_only to 2023-12-15T13:33:37.530574+00:00, run_after=2023-12-15T17:33:37.530574+00:00
[2023-12-15T22:33:37.670+0500] {processor.py:179} INFO - Processing /home/amina/miniconda/lib/python3.11/site-packages/airflow/example_dags/example_latest_only.py took 0.230 seconds
[2023-12-15T22:34:58.695+0500] {processor.py:157} INFO - Started process (PID=11069) to work on /home/amina/miniconda/lib/python3.11/site-packages/airflow/example_dags/example_latest_only.py
[2023-12-15T22:34:58.763+0500] {processor.py:829} INFO - Processing file /home/amina/miniconda/lib/python3.11/site-packages/airflow/example_dags/example_latest_only.py for tasks to queue
[2023-12-15T22:34:58.764+0500] {logging_mixin.py:154} INFO - [2023-12-15T22:34:58.763+0500] {dagbag.py:536} INFO - Filling up the DagBag from /home/amina/miniconda/lib/python3.11/site-packages/airflow/example_dags/example_latest_only.py
[2023-12-15T22:34:58.771+0500] {processor.py:839} INFO - DAG(s) dict_keys(['latest_only']) retrieved from /home/amina/miniconda/lib/python3.11/site-packages/airflow/example_dags/example_latest_only.py
[2023-12-15T22:34:58.788+0500] {logging_mixin.py:154} INFO - [2023-12-15T22:34:58.788+0500] {dag.py:2941} INFO - Sync 1 DAGs
[2023-12-15T22:34:58.810+0500] {logging_mixin.py:154} INFO - [2023-12-15T22:34:58.810+0500] {dag.py:3722} INFO - Setting next_dagrun for latest_only to 2023-12-15T13:34:58.810044+00:00, run_after=2023-12-15T17:34:58.810044+00:00
[2023-12-15T22:34:59.112+0500] {processor.py:179} INFO - Processing /home/amina/miniconda/lib/python3.11/site-packages/airflow/example_dags/example_latest_only.py took 0.420 seconds
[2023-12-15T22:36:21.524+0500] {processor.py:157} INFO - Started process (PID=11162) to work on /home/amina/miniconda/lib/python3.11/site-packages/airflow/example_dags/example_latest_only.py
[2023-12-15T22:36:21.557+0500] {processor.py:829} INFO - Processing file /home/amina/miniconda/lib/python3.11/site-packages/airflow/example_dags/example_latest_only.py for tasks to queue
[2023-12-15T22:36:21.558+0500] {logging_mixin.py:154} INFO - [2023-12-15T22:36:21.558+0500] {dagbag.py:536} INFO - Filling up the DagBag from /home/amina/miniconda/lib/python3.11/site-packages/airflow/example_dags/example_latest_only.py
[2023-12-15T22:36:21.564+0500] {processor.py:839} INFO - DAG(s) dict_keys(['latest_only']) retrieved from /home/amina/miniconda/lib/python3.11/site-packages/airflow/example_dags/example_latest_only.py
[2023-12-15T22:36:21.581+0500] {logging_mixin.py:154} INFO - [2023-12-15T22:36:21.580+0500] {dag.py:2941} INFO - Sync 1 DAGs
[2023-12-15T22:36:21.601+0500] {logging_mixin.py:154} INFO - [2023-12-15T22:36:21.601+0500] {dag.py:3722} INFO - Setting next_dagrun for latest_only to 2023-12-15T13:36:21.601528+00:00, run_after=2023-12-15T17:36:21.601528+00:00
[2023-12-15T22:36:21.709+0500] {processor.py:179} INFO - Processing /home/amina/miniconda/lib/python3.11/site-packages/airflow/example_dags/example_latest_only.py took 0.188 seconds
[2023-12-15T22:37:19.473+0500] {processor.py:157} INFO - Started process (PID=11220) to work on /home/amina/miniconda/lib/python3.11/site-packages/airflow/example_dags/example_latest_only.py
[2023-12-15T22:37:19.537+0500] {processor.py:829} INFO - Processing file /home/amina/miniconda/lib/python3.11/site-packages/airflow/example_dags/example_latest_only.py for tasks to queue
[2023-12-15T22:37:19.538+0500] {logging_mixin.py:154} INFO - [2023-12-15T22:37:19.538+0500] {dagbag.py:536} INFO - Filling up the DagBag from /home/amina/miniconda/lib/python3.11/site-packages/airflow/example_dags/example_latest_only.py
[2023-12-15T22:37:19.543+0500] {processor.py:839} INFO - DAG(s) dict_keys(['latest_only']) retrieved from /home/amina/miniconda/lib/python3.11/site-packages/airflow/example_dags/example_latest_only.py
[2023-12-15T22:37:19.558+0500] {logging_mixin.py:154} INFO - [2023-12-15T22:37:19.558+0500] {dag.py:2941} INFO - Sync 1 DAGs
[2023-12-15T22:37:19.578+0500] {logging_mixin.py:154} INFO - [2023-12-15T22:37:19.578+0500] {dag.py:3722} INFO - Setting next_dagrun for latest_only to 2023-12-15T13:37:19.577710+00:00, run_after=2023-12-15T17:37:19.577710+00:00
[2023-12-15T22:37:19.744+0500] {processor.py:179} INFO - Processing /home/amina/miniconda/lib/python3.11/site-packages/airflow/example_dags/example_latest_only.py took 0.275 seconds
[2023-12-15T22:38:39.367+0500] {processor.py:157} INFO - Started process (PID=11304) to work on /home/amina/miniconda/lib/python3.11/site-packages/airflow/example_dags/example_latest_only.py
[2023-12-15T22:38:39.440+0500] {processor.py:829} INFO - Processing file /home/amina/miniconda/lib/python3.11/site-packages/airflow/example_dags/example_latest_only.py for tasks to queue
[2023-12-15T22:38:39.441+0500] {logging_mixin.py:154} INFO - [2023-12-15T22:38:39.441+0500] {dagbag.py:536} INFO - Filling up the DagBag from /home/amina/miniconda/lib/python3.11/site-packages/airflow/example_dags/example_latest_only.py
[2023-12-15T22:38:39.446+0500] {processor.py:839} INFO - DAG(s) dict_keys(['latest_only']) retrieved from /home/amina/miniconda/lib/python3.11/site-packages/airflow/example_dags/example_latest_only.py
[2023-12-15T22:38:39.460+0500] {logging_mixin.py:154} INFO - [2023-12-15T22:38:39.460+0500] {dag.py:2941} INFO - Sync 1 DAGs
[2023-12-15T22:38:39.478+0500] {logging_mixin.py:154} INFO - [2023-12-15T22:38:39.477+0500] {dag.py:3722} INFO - Setting next_dagrun for latest_only to 2023-12-15T13:38:39.477751+00:00, run_after=2023-12-15T17:38:39.477751+00:00
[2023-12-15T22:38:39.579+0500] {processor.py:179} INFO - Processing /home/amina/miniconda/lib/python3.11/site-packages/airflow/example_dags/example_latest_only.py took 0.215 seconds
[2023-12-15T22:39:59.104+0500] {processor.py:157} INFO - Started process (PID=11389) to work on /home/amina/miniconda/lib/python3.11/site-packages/airflow/example_dags/example_latest_only.py
[2023-12-15T22:39:59.138+0500] {processor.py:829} INFO - Processing file /home/amina/miniconda/lib/python3.11/site-packages/airflow/example_dags/example_latest_only.py for tasks to queue
[2023-12-15T22:39:59.139+0500] {logging_mixin.py:154} INFO - [2023-12-15T22:39:59.139+0500] {dagbag.py:536} INFO - Filling up the DagBag from /home/amina/miniconda/lib/python3.11/site-packages/airflow/example_dags/example_latest_only.py
[2023-12-15T22:39:59.144+0500] {processor.py:839} INFO - DAG(s) dict_keys(['latest_only']) retrieved from /home/amina/miniconda/lib/python3.11/site-packages/airflow/example_dags/example_latest_only.py
[2023-12-15T22:39:59.160+0500] {logging_mixin.py:154} INFO - [2023-12-15T22:39:59.159+0500] {dag.py:2941} INFO - Sync 1 DAGs
[2023-12-15T22:39:59.179+0500] {logging_mixin.py:154} INFO - [2023-12-15T22:39:59.179+0500] {dag.py:3722} INFO - Setting next_dagrun for latest_only to 2023-12-15T13:39:59.179465+00:00, run_after=2023-12-15T17:39:59.179465+00:00
[2023-12-15T22:39:59.267+0500] {processor.py:179} INFO - Processing /home/amina/miniconda/lib/python3.11/site-packages/airflow/example_dags/example_latest_only.py took 0.166 seconds
[2023-12-15T22:41:24.877+0500] {processor.py:157} INFO - Started process (PID=11560) to work on /home/amina/miniconda/lib/python3.11/site-packages/airflow/example_dags/example_latest_only.py
[2023-12-15T22:41:24.923+0500] {processor.py:829} INFO - Processing file /home/amina/miniconda/lib/python3.11/site-packages/airflow/example_dags/example_latest_only.py for tasks to queue
[2023-12-15T22:41:24.924+0500] {logging_mixin.py:154} INFO - [2023-12-15T22:41:24.923+0500] {dagbag.py:536} INFO - Filling up the DagBag from /home/amina/miniconda/lib/python3.11/site-packages/airflow/example_dags/example_latest_only.py
[2023-12-15T22:41:24.929+0500] {processor.py:839} INFO - DAG(s) dict_keys(['latest_only']) retrieved from /home/amina/miniconda/lib/python3.11/site-packages/airflow/example_dags/example_latest_only.py
[2023-12-15T22:41:24.945+0500] {logging_mixin.py:154} INFO - [2023-12-15T22:41:24.945+0500] {dag.py:2941} INFO - Sync 1 DAGs
[2023-12-15T22:41:24.966+0500] {logging_mixin.py:154} INFO - [2023-12-15T22:41:24.965+0500] {dag.py:3722} INFO - Setting next_dagrun for latest_only to 2023-12-15T13:41:24.965600+00:00, run_after=2023-12-15T17:41:24.965600+00:00
[2023-12-15T22:41:25.063+0500] {processor.py:179} INFO - Processing /home/amina/miniconda/lib/python3.11/site-packages/airflow/example_dags/example_latest_only.py took 0.190 seconds
[2023-12-15T22:42:40.943+0500] {processor.py:157} INFO - Started process (PID=11655) to work on /home/amina/miniconda/lib/python3.11/site-packages/airflow/example_dags/example_latest_only.py
[2023-12-15T22:42:40.983+0500] {processor.py:829} INFO - Processing file /home/amina/miniconda/lib/python3.11/site-packages/airflow/example_dags/example_latest_only.py for tasks to queue
[2023-12-15T22:42:40.985+0500] {logging_mixin.py:154} INFO - [2023-12-15T22:42:40.984+0500] {dagbag.py:536} INFO - Filling up the DagBag from /home/amina/miniconda/lib/python3.11/site-packages/airflow/example_dags/example_latest_only.py
[2023-12-15T22:42:40.992+0500] {processor.py:839} INFO - DAG(s) dict_keys(['latest_only']) retrieved from /home/amina/miniconda/lib/python3.11/site-packages/airflow/example_dags/example_latest_only.py
[2023-12-15T22:42:41.008+0500] {logging_mixin.py:154} INFO - [2023-12-15T22:42:41.007+0500] {dag.py:2941} INFO - Sync 1 DAGs
[2023-12-15T22:42:41.026+0500] {logging_mixin.py:154} INFO - [2023-12-15T22:42:41.026+0500] {dag.py:3722} INFO - Setting next_dagrun for latest_only to 2023-12-15T13:42:41.026257+00:00, run_after=2023-12-15T17:42:41.026257+00:00
[2023-12-15T22:42:41.134+0500] {processor.py:179} INFO - Processing /home/amina/miniconda/lib/python3.11/site-packages/airflow/example_dags/example_latest_only.py took 0.194 seconds
[2023-12-15T22:43:50.140+0500] {processor.py:157} INFO - Started process (PID=11731) to work on /home/amina/miniconda/lib/python3.11/site-packages/airflow/example_dags/example_latest_only.py
[2023-12-15T22:43:50.155+0500] {processor.py:829} INFO - Processing file /home/amina/miniconda/lib/python3.11/site-packages/airflow/example_dags/example_latest_only.py for tasks to queue
[2023-12-15T22:43:50.156+0500] {logging_mixin.py:154} INFO - [2023-12-15T22:43:50.155+0500] {dagbag.py:536} INFO - Filling up the DagBag from /home/amina/miniconda/lib/python3.11/site-packages/airflow/example_dags/example_latest_only.py
[2023-12-15T22:43:50.160+0500] {processor.py:839} INFO - DAG(s) dict_keys(['latest_only']) retrieved from /home/amina/miniconda/lib/python3.11/site-packages/airflow/example_dags/example_latest_only.py
[2023-12-15T22:43:50.175+0500] {logging_mixin.py:154} INFO - [2023-12-15T22:43:50.175+0500] {dag.py:2941} INFO - Sync 1 DAGs
[2023-12-15T22:43:50.194+0500] {logging_mixin.py:154} INFO - [2023-12-15T22:43:50.194+0500] {dag.py:3722} INFO - Setting next_dagrun for latest_only to 2023-12-15T13:43:50.193908+00:00, run_after=2023-12-15T17:43:50.193908+00:00
[2023-12-15T22:43:50.284+0500] {processor.py:179} INFO - Processing /home/amina/miniconda/lib/python3.11/site-packages/airflow/example_dags/example_latest_only.py took 0.147 seconds
[2023-12-15T22:45:08.495+0500] {processor.py:157} INFO - Started process (PID=11812) to work on /home/amina/miniconda/lib/python3.11/site-packages/airflow/example_dags/example_latest_only.py
[2023-12-15T22:45:08.528+0500] {processor.py:829} INFO - Processing file /home/amina/miniconda/lib/python3.11/site-packages/airflow/example_dags/example_latest_only.py for tasks to queue
[2023-12-15T22:45:08.529+0500] {logging_mixin.py:154} INFO - [2023-12-15T22:45:08.529+0500] {dagbag.py:536} INFO - Filling up the DagBag from /home/amina/miniconda/lib/python3.11/site-packages/airflow/example_dags/example_latest_only.py
[2023-12-15T22:45:08.534+0500] {processor.py:839} INFO - DAG(s) dict_keys(['latest_only']) retrieved from /home/amina/miniconda/lib/python3.11/site-packages/airflow/example_dags/example_latest_only.py
[2023-12-15T22:45:08.550+0500] {logging_mixin.py:154} INFO - [2023-12-15T22:45:08.549+0500] {dag.py:2941} INFO - Sync 1 DAGs
[2023-12-15T22:45:08.568+0500] {logging_mixin.py:154} INFO - [2023-12-15T22:45:08.568+0500] {dag.py:3722} INFO - Setting next_dagrun for latest_only to 2023-12-15T13:45:08.567751+00:00, run_after=2023-12-15T17:45:08.567751+00:00
[2023-12-15T22:45:08.654+0500] {processor.py:179} INFO - Processing /home/amina/miniconda/lib/python3.11/site-packages/airflow/example_dags/example_latest_only.py took 0.161 seconds
[2023-12-15T22:46:31.206+0500] {processor.py:157} INFO - Started process (PID=11907) to work on /home/amina/miniconda/lib/python3.11/site-packages/airflow/example_dags/example_latest_only.py
[2023-12-15T22:46:31.243+0500] {processor.py:829} INFO - Processing file /home/amina/miniconda/lib/python3.11/site-packages/airflow/example_dags/example_latest_only.py for tasks to queue
[2023-12-15T22:46:31.244+0500] {logging_mixin.py:154} INFO - [2023-12-15T22:46:31.244+0500] {dagbag.py:536} INFO - Filling up the DagBag from /home/amina/miniconda/lib/python3.11/site-packages/airflow/example_dags/example_latest_only.py
[2023-12-15T22:46:31.249+0500] {processor.py:839} INFO - DAG(s) dict_keys(['latest_only']) retrieved from /home/amina/miniconda/lib/python3.11/site-packages/airflow/example_dags/example_latest_only.py
[2023-12-15T22:46:31.266+0500] {logging_mixin.py:154} INFO - [2023-12-15T22:46:31.266+0500] {dag.py:2941} INFO - Sync 1 DAGs
[2023-12-15T22:46:31.287+0500] {logging_mixin.py:154} INFO - [2023-12-15T22:46:31.287+0500] {dag.py:3722} INFO - Setting next_dagrun for latest_only to 2023-12-15T13:46:31.287396+00:00, run_after=2023-12-15T17:46:31.287396+00:00
[2023-12-15T22:46:31.369+0500] {processor.py:179} INFO - Processing /home/amina/miniconda/lib/python3.11/site-packages/airflow/example_dags/example_latest_only.py took 0.167 seconds
[2023-12-15T22:47:29.711+0500] {processor.py:157} INFO - Started process (PID=11989) to work on /home/amina/miniconda/lib/python3.11/site-packages/airflow/example_dags/example_latest_only.py
[2023-12-15T22:47:29.801+0500] {processor.py:829} INFO - Processing file /home/amina/miniconda/lib/python3.11/site-packages/airflow/example_dags/example_latest_only.py for tasks to queue
[2023-12-15T22:47:29.802+0500] {logging_mixin.py:154} INFO - [2023-12-15T22:47:29.802+0500] {dagbag.py:536} INFO - Filling up the DagBag from /home/amina/miniconda/lib/python3.11/site-packages/airflow/example_dags/example_latest_only.py
[2023-12-15T22:47:29.809+0500] {processor.py:839} INFO - DAG(s) dict_keys(['latest_only']) retrieved from /home/amina/miniconda/lib/python3.11/site-packages/airflow/example_dags/example_latest_only.py
[2023-12-15T22:47:29.827+0500] {logging_mixin.py:154} INFO - [2023-12-15T22:47:29.827+0500] {dag.py:2941} INFO - Sync 1 DAGs
[2023-12-15T22:47:29.847+0500] {logging_mixin.py:154} INFO - [2023-12-15T22:47:29.846+0500] {dag.py:3722} INFO - Setting next_dagrun for latest_only to 2023-12-15T13:47:29.846751+00:00, run_after=2023-12-15T17:47:29.846751+00:00
[2023-12-15T22:47:29.939+0500] {processor.py:179} INFO - Processing /home/amina/miniconda/lib/python3.11/site-packages/airflow/example_dags/example_latest_only.py took 0.231 seconds
[2023-12-15T22:48:27.343+0500] {processor.py:157} INFO - Started process (PID=12082) to work on /home/amina/miniconda/lib/python3.11/site-packages/airflow/example_dags/example_latest_only.py
[2023-12-15T22:48:27.366+0500] {processor.py:829} INFO - Processing file /home/amina/miniconda/lib/python3.11/site-packages/airflow/example_dags/example_latest_only.py for tasks to queue
[2023-12-15T22:48:27.367+0500] {logging_mixin.py:154} INFO - [2023-12-15T22:48:27.367+0500] {dagbag.py:536} INFO - Filling up the DagBag from /home/amina/miniconda/lib/python3.11/site-packages/airflow/example_dags/example_latest_only.py
[2023-12-15T22:48:27.374+0500] {processor.py:839} INFO - DAG(s) dict_keys(['latest_only']) retrieved from /home/amina/miniconda/lib/python3.11/site-packages/airflow/example_dags/example_latest_only.py
[2023-12-15T22:48:27.393+0500] {logging_mixin.py:154} INFO - [2023-12-15T22:48:27.393+0500] {dag.py:2941} INFO - Sync 1 DAGs
[2023-12-15T22:48:27.424+0500] {logging_mixin.py:154} INFO - [2023-12-15T22:48:27.423+0500] {dag.py:3722} INFO - Setting next_dagrun for latest_only to 2023-12-15T13:48:27.423084+00:00, run_after=2023-12-15T17:48:27.423084+00:00
[2023-12-15T22:48:27.530+0500] {processor.py:179} INFO - Processing /home/amina/miniconda/lib/python3.11/site-packages/airflow/example_dags/example_latest_only.py took 0.190 seconds
[2023-12-15T22:50:04.959+0500] {processor.py:157} INFO - Started process (PID=12244) to work on /home/amina/miniconda/lib/python3.11/site-packages/airflow/example_dags/example_latest_only.py
[2023-12-15T22:50:04.972+0500] {processor.py:829} INFO - Processing file /home/amina/miniconda/lib/python3.11/site-packages/airflow/example_dags/example_latest_only.py for tasks to queue
[2023-12-15T22:50:04.973+0500] {logging_mixin.py:154} INFO - [2023-12-15T22:50:04.972+0500] {dagbag.py:536} INFO - Filling up the DagBag from /home/amina/miniconda/lib/python3.11/site-packages/airflow/example_dags/example_latest_only.py
[2023-12-15T22:50:04.978+0500] {processor.py:839} INFO - DAG(s) dict_keys(['latest_only']) retrieved from /home/amina/miniconda/lib/python3.11/site-packages/airflow/example_dags/example_latest_only.py
[2023-12-15T22:50:05.000+0500] {logging_mixin.py:154} INFO - [2023-12-15T22:50:05.000+0500] {dag.py:2941} INFO - Sync 1 DAGs
[2023-12-15T22:50:05.025+0500] {logging_mixin.py:154} INFO - [2023-12-15T22:50:05.025+0500] {dag.py:3722} INFO - Setting next_dagrun for latest_only to 2023-12-15T13:50:05.025062+00:00, run_after=2023-12-15T17:50:05.025062+00:00
[2023-12-15T22:50:05.112+0500] {processor.py:179} INFO - Processing /home/amina/miniconda/lib/python3.11/site-packages/airflow/example_dags/example_latest_only.py took 0.155 seconds
[2023-12-15T22:51:27.883+0500] {processor.py:157} INFO - Started process (PID=12362) to work on /home/amina/miniconda/lib/python3.11/site-packages/airflow/example_dags/example_latest_only.py
[2023-12-15T22:51:27.932+0500] {processor.py:829} INFO - Processing file /home/amina/miniconda/lib/python3.11/site-packages/airflow/example_dags/example_latest_only.py for tasks to queue
[2023-12-15T22:51:27.933+0500] {logging_mixin.py:154} INFO - [2023-12-15T22:51:27.932+0500] {dagbag.py:536} INFO - Filling up the DagBag from /home/amina/miniconda/lib/python3.11/site-packages/airflow/example_dags/example_latest_only.py
[2023-12-15T22:51:27.938+0500] {processor.py:839} INFO - DAG(s) dict_keys(['latest_only']) retrieved from /home/amina/miniconda/lib/python3.11/site-packages/airflow/example_dags/example_latest_only.py
[2023-12-15T22:51:27.954+0500] {logging_mixin.py:154} INFO - [2023-12-15T22:51:27.954+0500] {dag.py:2941} INFO - Sync 1 DAGs
[2023-12-15T22:51:27.973+0500] {logging_mixin.py:154} INFO - [2023-12-15T22:51:27.973+0500] {dag.py:3722} INFO - Setting next_dagrun for latest_only to 2023-12-15T13:51:27.973311+00:00, run_after=2023-12-15T17:51:27.973311+00:00
[2023-12-15T22:51:28.063+0500] {processor.py:179} INFO - Processing /home/amina/miniconda/lib/python3.11/site-packages/airflow/example_dags/example_latest_only.py took 0.183 seconds
[2023-12-15T22:52:49.906+0500] {processor.py:157} INFO - Started process (PID=12471) to work on /home/amina/miniconda/lib/python3.11/site-packages/airflow/example_dags/example_latest_only.py
[2023-12-15T22:52:49.975+0500] {processor.py:829} INFO - Processing file /home/amina/miniconda/lib/python3.11/site-packages/airflow/example_dags/example_latest_only.py for tasks to queue
[2023-12-15T22:52:49.976+0500] {logging_mixin.py:154} INFO - [2023-12-15T22:52:49.975+0500] {dagbag.py:536} INFO - Filling up the DagBag from /home/amina/miniconda/lib/python3.11/site-packages/airflow/example_dags/example_latest_only.py
[2023-12-15T22:52:49.981+0500] {processor.py:839} INFO - DAG(s) dict_keys(['latest_only']) retrieved from /home/amina/miniconda/lib/python3.11/site-packages/airflow/example_dags/example_latest_only.py
[2023-12-15T22:52:49.999+0500] {logging_mixin.py:154} INFO - [2023-12-15T22:52:49.999+0500] {dag.py:2941} INFO - Sync 1 DAGs
[2023-12-15T22:52:50.022+0500] {logging_mixin.py:154} INFO - [2023-12-15T22:52:50.022+0500] {dag.py:3722} INFO - Setting next_dagrun for latest_only to 2023-12-15T13:52:50.021869+00:00, run_after=2023-12-15T17:52:50.021869+00:00
[2023-12-15T22:52:50.134+0500] {processor.py:179} INFO - Processing /home/amina/miniconda/lib/python3.11/site-packages/airflow/example_dags/example_latest_only.py took 0.231 seconds
[2023-12-15T22:54:08.940+0500] {processor.py:157} INFO - Started process (PID=12543) to work on /home/amina/miniconda/lib/python3.11/site-packages/airflow/example_dags/example_latest_only.py
[2023-12-15T22:54:08.979+0500] {processor.py:829} INFO - Processing file /home/amina/miniconda/lib/python3.11/site-packages/airflow/example_dags/example_latest_only.py for tasks to queue
[2023-12-15T22:54:08.981+0500] {logging_mixin.py:154} INFO - [2023-12-15T22:54:08.980+0500] {dagbag.py:536} INFO - Filling up the DagBag from /home/amina/miniconda/lib/python3.11/site-packages/airflow/example_dags/example_latest_only.py
[2023-12-15T22:54:08.986+0500] {processor.py:839} INFO - DAG(s) dict_keys(['latest_only']) retrieved from /home/amina/miniconda/lib/python3.11/site-packages/airflow/example_dags/example_latest_only.py
[2023-12-15T22:54:09.005+0500] {logging_mixin.py:154} INFO - [2023-12-15T22:54:09.005+0500] {dag.py:2941} INFO - Sync 1 DAGs
[2023-12-15T22:54:09.029+0500] {logging_mixin.py:154} INFO - [2023-12-15T22:54:09.029+0500] {dag.py:3722} INFO - Setting next_dagrun for latest_only to 2023-12-15T13:54:09.028685+00:00, run_after=2023-12-15T17:54:09.028685+00:00
[2023-12-15T22:54:09.217+0500] {processor.py:179} INFO - Processing /home/amina/miniconda/lib/python3.11/site-packages/airflow/example_dags/example_latest_only.py took 0.279 seconds
[2023-12-15T23:24:10.640+0500] {processor.py:157} INFO - Started process (PID=20439) to work on /home/amina/miniconda/lib/python3.11/site-packages/airflow/example_dags/example_latest_only.py
[2023-12-15T23:24:10.689+0500] {processor.py:829} INFO - Processing file /home/amina/miniconda/lib/python3.11/site-packages/airflow/example_dags/example_latest_only.py for tasks to queue
[2023-12-15T23:24:10.690+0500] {logging_mixin.py:154} INFO - [2023-12-15T23:24:10.690+0500] {dagbag.py:536} INFO - Filling up the DagBag from /home/amina/miniconda/lib/python3.11/site-packages/airflow/example_dags/example_latest_only.py
[2023-12-15T23:24:10.696+0500] {processor.py:839} INFO - DAG(s) dict_keys(['latest_only']) retrieved from /home/amina/miniconda/lib/python3.11/site-packages/airflow/example_dags/example_latest_only.py
[2023-12-15T23:24:10.712+0500] {logging_mixin.py:154} INFO - [2023-12-15T23:24:10.712+0500] {dag.py:2941} INFO - Sync 1 DAGs
[2023-12-15T23:24:10.734+0500] {logging_mixin.py:154} INFO - [2023-12-15T23:24:10.734+0500] {dag.py:3722} INFO - Setting next_dagrun for latest_only to 2023-12-15T14:24:10.733933+00:00, run_after=2023-12-15T18:24:10.733933+00:00
[2023-12-15T23:24:10.839+0500] {processor.py:179} INFO - Processing /home/amina/miniconda/lib/python3.11/site-packages/airflow/example_dags/example_latest_only.py took 0.202 seconds
[2023-12-15T23:25:15.057+0500] {processor.py:157} INFO - Started process (PID=20514) to work on /home/amina/miniconda/lib/python3.11/site-packages/airflow/example_dags/example_latest_only.py
[2023-12-15T23:25:15.082+0500] {processor.py:829} INFO - Processing file /home/amina/miniconda/lib/python3.11/site-packages/airflow/example_dags/example_latest_only.py for tasks to queue
[2023-12-15T23:25:15.083+0500] {logging_mixin.py:154} INFO - [2023-12-15T23:25:15.083+0500] {dagbag.py:536} INFO - Filling up the DagBag from /home/amina/miniconda/lib/python3.11/site-packages/airflow/example_dags/example_latest_only.py
[2023-12-15T23:25:15.090+0500] {processor.py:839} INFO - DAG(s) dict_keys(['latest_only']) retrieved from /home/amina/miniconda/lib/python3.11/site-packages/airflow/example_dags/example_latest_only.py
[2023-12-15T23:25:15.222+0500] {logging_mixin.py:154} INFO - [2023-12-15T23:25:15.222+0500] {dag.py:2941} INFO - Sync 1 DAGs
[2023-12-15T23:25:15.248+0500] {logging_mixin.py:154} INFO - [2023-12-15T23:25:15.248+0500] {dag.py:3722} INFO - Setting next_dagrun for latest_only to 2023-12-15T14:25:15.247802+00:00, run_after=2023-12-15T18:25:15.247802+00:00
[2023-12-15T23:25:15.377+0500] {processor.py:179} INFO - Processing /home/amina/miniconda/lib/python3.11/site-packages/airflow/example_dags/example_latest_only.py took 0.324 seconds
[2023-12-15T23:26:17.540+0500] {processor.py:157} INFO - Started process (PID=20565) to work on /home/amina/miniconda/lib/python3.11/site-packages/airflow/example_dags/example_latest_only.py
[2023-12-15T23:26:17.563+0500] {processor.py:829} INFO - Processing file /home/amina/miniconda/lib/python3.11/site-packages/airflow/example_dags/example_latest_only.py for tasks to queue
[2023-12-15T23:26:17.564+0500] {logging_mixin.py:154} INFO - [2023-12-15T23:26:17.564+0500] {dagbag.py:536} INFO - Filling up the DagBag from /home/amina/miniconda/lib/python3.11/site-packages/airflow/example_dags/example_latest_only.py
[2023-12-15T23:26:17.572+0500] {processor.py:839} INFO - DAG(s) dict_keys(['latest_only']) retrieved from /home/amina/miniconda/lib/python3.11/site-packages/airflow/example_dags/example_latest_only.py
[2023-12-15T23:26:17.601+0500] {logging_mixin.py:154} INFO - [2023-12-15T23:26:17.601+0500] {dag.py:2941} INFO - Sync 1 DAGs
[2023-12-15T23:26:17.632+0500] {logging_mixin.py:154} INFO - [2023-12-15T23:26:17.632+0500] {dag.py:3722} INFO - Setting next_dagrun for latest_only to 2023-12-15T14:26:17.631710+00:00, run_after=2023-12-15T18:26:17.631710+00:00
[2023-12-15T23:26:17.767+0500] {processor.py:179} INFO - Processing /home/amina/miniconda/lib/python3.11/site-packages/airflow/example_dags/example_latest_only.py took 0.230 seconds
[2023-12-15T23:27:17.064+0500] {processor.py:157} INFO - Started process (PID=20615) to work on /home/amina/miniconda/lib/python3.11/site-packages/airflow/example_dags/example_latest_only.py
[2023-12-15T23:27:17.122+0500] {processor.py:829} INFO - Processing file /home/amina/miniconda/lib/python3.11/site-packages/airflow/example_dags/example_latest_only.py for tasks to queue
[2023-12-15T23:27:17.123+0500] {logging_mixin.py:154} INFO - [2023-12-15T23:27:17.122+0500] {dagbag.py:536} INFO - Filling up the DagBag from /home/amina/miniconda/lib/python3.11/site-packages/airflow/example_dags/example_latest_only.py
[2023-12-15T23:27:17.130+0500] {processor.py:839} INFO - DAG(s) dict_keys(['latest_only']) retrieved from /home/amina/miniconda/lib/python3.11/site-packages/airflow/example_dags/example_latest_only.py
[2023-12-15T23:27:17.150+0500] {logging_mixin.py:154} INFO - [2023-12-15T23:27:17.150+0500] {dag.py:2941} INFO - Sync 1 DAGs
[2023-12-15T23:27:17.175+0500] {logging_mixin.py:154} INFO - [2023-12-15T23:27:17.175+0500] {dag.py:3722} INFO - Setting next_dagrun for latest_only to 2023-12-15T14:27:17.175131+00:00, run_after=2023-12-15T18:27:17.175131+00:00
[2023-12-15T23:27:17.283+0500] {processor.py:179} INFO - Processing /home/amina/miniconda/lib/python3.11/site-packages/airflow/example_dags/example_latest_only.py took 0.222 seconds
