[2023-12-15T21:43:36.647+0500] {processor.py:157} INFO - Started process (PID=7513) to work on /home/amina/miniconda/lib/python3.11/site-packages/airflow/example_dags/example_params_trigger_ui.py
[2023-12-15T21:43:36.648+0500] {processor.py:829} INFO - Processing file /home/amina/miniconda/lib/python3.11/site-packages/airflow/example_dags/example_params_trigger_ui.py for tasks to queue
[2023-12-15T21:43:36.649+0500] {logging_mixin.py:154} INFO - [2023-12-15T21:43:36.649+0500] {dagbag.py:536} INFO - Filling up the DagBag from /home/amina/miniconda/lib/python3.11/site-packages/airflow/example_dags/example_params_trigger_ui.py
[2023-12-15T21:43:36.673+0500] {processor.py:839} INFO - DAG(s) dict_keys(['example_params_trigger_ui']) retrieved from /home/amina/miniconda/lib/python3.11/site-packages/airflow/example_dags/example_params_trigger_ui.py
[2023-12-15T21:43:36.729+0500] {logging_mixin.py:154} INFO - [2023-12-15T21:43:36.728+0500] {dag.py:2941} INFO - Sync 1 DAGs
[2023-12-15T21:43:36.748+0500] {logging_mixin.py:154} INFO - [2023-12-15T21:43:36.747+0500] {dag.py:3722} INFO - Setting next_dagrun for example_params_trigger_ui to None, run_after=None
[2023-12-15T21:43:36.845+0500] {processor.py:179} INFO - Processing /home/amina/miniconda/lib/python3.11/site-packages/airflow/example_dags/example_params_trigger_ui.py took 0.201 seconds
[2023-12-15T21:44:34.072+0500] {processor.py:157} INFO - Started process (PID=7565) to work on /home/amina/miniconda/lib/python3.11/site-packages/airflow/example_dags/example_params_trigger_ui.py
[2023-12-15T21:44:34.110+0500] {processor.py:829} INFO - Processing file /home/amina/miniconda/lib/python3.11/site-packages/airflow/example_dags/example_params_trigger_ui.py for tasks to queue
[2023-12-15T21:44:34.110+0500] {logging_mixin.py:154} INFO - [2023-12-15T21:44:34.110+0500] {dagbag.py:536} INFO - Filling up the DagBag from /home/amina/miniconda/lib/python3.11/site-packages/airflow/example_dags/example_params_trigger_ui.py
[2023-12-15T21:44:34.131+0500] {processor.py:839} INFO - DAG(s) dict_keys(['example_params_trigger_ui']) retrieved from /home/amina/miniconda/lib/python3.11/site-packages/airflow/example_dags/example_params_trigger_ui.py
[2023-12-15T21:44:34.289+0500] {logging_mixin.py:154} INFO - [2023-12-15T21:44:34.289+0500] {dag.py:2941} INFO - Sync 1 DAGs
[2023-12-15T21:44:34.299+0500] {logging_mixin.py:154} INFO - [2023-12-15T21:44:34.299+0500] {dag.py:3722} INFO - Setting next_dagrun for example_params_trigger_ui to None, run_after=None
[2023-12-15T21:44:34.443+0500] {processor.py:179} INFO - Processing /home/amina/miniconda/lib/python3.11/site-packages/airflow/example_dags/example_params_trigger_ui.py took 0.373 seconds
[2023-12-15T21:48:16.054+0500] {processor.py:157} INFO - Started process (PID=7763) to work on /home/amina/miniconda/lib/python3.11/site-packages/airflow/example_dags/example_params_trigger_ui.py
[2023-12-15T21:48:16.064+0500] {processor.py:829} INFO - Processing file /home/amina/miniconda/lib/python3.11/site-packages/airflow/example_dags/example_params_trigger_ui.py for tasks to queue
[2023-12-15T21:48:16.066+0500] {logging_mixin.py:154} INFO - [2023-12-15T21:48:16.065+0500] {dagbag.py:536} INFO - Filling up the DagBag from /home/amina/miniconda/lib/python3.11/site-packages/airflow/example_dags/example_params_trigger_ui.py
[2023-12-15T21:48:16.095+0500] {processor.py:839} INFO - DAG(s) dict_keys(['example_params_trigger_ui']) retrieved from /home/amina/miniconda/lib/python3.11/site-packages/airflow/example_dags/example_params_trigger_ui.py
[2023-12-15T21:48:16.169+0500] {logging_mixin.py:154} INFO - [2023-12-15T21:48:16.169+0500] {dag.py:2941} INFO - Sync 1 DAGs
[2023-12-15T21:48:16.191+0500] {logging_mixin.py:154} INFO - [2023-12-15T21:48:16.191+0500] {dag.py:3722} INFO - Setting next_dagrun for example_params_trigger_ui to None, run_after=None
[2023-12-15T21:48:16.328+0500] {processor.py:179} INFO - Processing /home/amina/miniconda/lib/python3.11/site-packages/airflow/example_dags/example_params_trigger_ui.py took 0.277 seconds
[2023-12-15T21:49:26.572+0500] {processor.py:157} INFO - Started process (PID=7864) to work on /home/amina/miniconda/lib/python3.11/site-packages/airflow/example_dags/example_params_trigger_ui.py
[2023-12-15T21:49:26.574+0500] {processor.py:829} INFO - Processing file /home/amina/miniconda/lib/python3.11/site-packages/airflow/example_dags/example_params_trigger_ui.py for tasks to queue
[2023-12-15T21:49:26.575+0500] {logging_mixin.py:154} INFO - [2023-12-15T21:49:26.574+0500] {dagbag.py:536} INFO - Filling up the DagBag from /home/amina/miniconda/lib/python3.11/site-packages/airflow/example_dags/example_params_trigger_ui.py
[2023-12-15T21:49:26.608+0500] {processor.py:839} INFO - DAG(s) dict_keys(['example_params_trigger_ui']) retrieved from /home/amina/miniconda/lib/python3.11/site-packages/airflow/example_dags/example_params_trigger_ui.py
[2023-12-15T21:49:26.704+0500] {logging_mixin.py:154} INFO - [2023-12-15T21:49:26.704+0500] {dag.py:2941} INFO - Sync 1 DAGs
[2023-12-15T21:49:26.726+0500] {logging_mixin.py:154} INFO - [2023-12-15T21:49:26.725+0500] {dag.py:3722} INFO - Setting next_dagrun for example_params_trigger_ui to None, run_after=None
[2023-12-15T21:49:26.865+0500] {processor.py:179} INFO - Processing /home/amina/miniconda/lib/python3.11/site-packages/airflow/example_dags/example_params_trigger_ui.py took 0.299 seconds
[2023-12-15T21:50:38.494+0500] {processor.py:157} INFO - Started process (PID=7930) to work on /home/amina/miniconda/lib/python3.11/site-packages/airflow/example_dags/example_params_trigger_ui.py
[2023-12-15T21:50:38.526+0500] {processor.py:829} INFO - Processing file /home/amina/miniconda/lib/python3.11/site-packages/airflow/example_dags/example_params_trigger_ui.py for tasks to queue
[2023-12-15T21:50:38.527+0500] {logging_mixin.py:154} INFO - [2023-12-15T21:50:38.526+0500] {dagbag.py:536} INFO - Filling up the DagBag from /home/amina/miniconda/lib/python3.11/site-packages/airflow/example_dags/example_params_trigger_ui.py
[2023-12-15T21:50:38.548+0500] {processor.py:839} INFO - DAG(s) dict_keys(['example_params_trigger_ui']) retrieved from /home/amina/miniconda/lib/python3.11/site-packages/airflow/example_dags/example_params_trigger_ui.py
[2023-12-15T21:50:38.588+0500] {logging_mixin.py:154} INFO - [2023-12-15T21:50:38.588+0500] {dag.py:2941} INFO - Sync 1 DAGs
[2023-12-15T21:50:38.599+0500] {logging_mixin.py:154} INFO - [2023-12-15T21:50:38.599+0500] {dag.py:3722} INFO - Setting next_dagrun for example_params_trigger_ui to None, run_after=None
[2023-12-15T21:50:38.713+0500] {processor.py:179} INFO - Processing /home/amina/miniconda/lib/python3.11/site-packages/airflow/example_dags/example_params_trigger_ui.py took 0.223 seconds
[2023-12-15T21:52:31.580+0500] {processor.py:157} INFO - Started process (PID=8101) to work on /home/amina/miniconda/lib/python3.11/site-packages/airflow/example_dags/example_params_trigger_ui.py
[2023-12-15T21:52:31.602+0500] {processor.py:829} INFO - Processing file /home/amina/miniconda/lib/python3.11/site-packages/airflow/example_dags/example_params_trigger_ui.py for tasks to queue
[2023-12-15T21:52:31.602+0500] {logging_mixin.py:154} INFO - [2023-12-15T21:52:31.602+0500] {dagbag.py:536} INFO - Filling up the DagBag from /home/amina/miniconda/lib/python3.11/site-packages/airflow/example_dags/example_params_trigger_ui.py
[2023-12-15T21:52:31.620+0500] {processor.py:839} INFO - DAG(s) dict_keys(['example_params_trigger_ui']) retrieved from /home/amina/miniconda/lib/python3.11/site-packages/airflow/example_dags/example_params_trigger_ui.py
[2023-12-15T21:52:31.659+0500] {logging_mixin.py:154} INFO - [2023-12-15T21:52:31.659+0500] {dag.py:2941} INFO - Sync 1 DAGs
[2023-12-15T21:52:31.671+0500] {logging_mixin.py:154} INFO - [2023-12-15T21:52:31.671+0500] {dag.py:3722} INFO - Setting next_dagrun for example_params_trigger_ui to None, run_after=None
[2023-12-15T21:52:31.777+0500] {processor.py:179} INFO - Processing /home/amina/miniconda/lib/python3.11/site-packages/airflow/example_dags/example_params_trigger_ui.py took 0.200 seconds
[2023-12-15T21:53:39.482+0500] {processor.py:157} INFO - Started process (PID=8174) to work on /home/amina/miniconda/lib/python3.11/site-packages/airflow/example_dags/example_params_trigger_ui.py
[2023-12-15T21:53:39.505+0500] {processor.py:829} INFO - Processing file /home/amina/miniconda/lib/python3.11/site-packages/airflow/example_dags/example_params_trigger_ui.py for tasks to queue
[2023-12-15T21:53:39.506+0500] {logging_mixin.py:154} INFO - [2023-12-15T21:53:39.506+0500] {dagbag.py:536} INFO - Filling up the DagBag from /home/amina/miniconda/lib/python3.11/site-packages/airflow/example_dags/example_params_trigger_ui.py
[2023-12-15T21:53:39.529+0500] {processor.py:839} INFO - DAG(s) dict_keys(['example_params_trigger_ui']) retrieved from /home/amina/miniconda/lib/python3.11/site-packages/airflow/example_dags/example_params_trigger_ui.py
[2023-12-15T21:53:39.578+0500] {logging_mixin.py:154} INFO - [2023-12-15T21:53:39.578+0500] {dag.py:2941} INFO - Sync 1 DAGs
[2023-12-15T21:53:39.591+0500] {logging_mixin.py:154} INFO - [2023-12-15T21:53:39.591+0500] {dag.py:3722} INFO - Setting next_dagrun for example_params_trigger_ui to None, run_after=None
[2023-12-15T21:53:39.722+0500] {processor.py:179} INFO - Processing /home/amina/miniconda/lib/python3.11/site-packages/airflow/example_dags/example_params_trigger_ui.py took 0.244 seconds
[2023-12-15T21:54:30.576+0500] {processor.py:157} INFO - Started process (PID=8235) to work on /home/amina/miniconda/lib/python3.11/site-packages/airflow/example_dags/example_params_trigger_ui.py
[2023-12-15T21:54:30.599+0500] {processor.py:829} INFO - Processing file /home/amina/miniconda/lib/python3.11/site-packages/airflow/example_dags/example_params_trigger_ui.py for tasks to queue
[2023-12-15T21:54:30.600+0500] {logging_mixin.py:154} INFO - [2023-12-15T21:54:30.599+0500] {dagbag.py:536} INFO - Filling up the DagBag from /home/amina/miniconda/lib/python3.11/site-packages/airflow/example_dags/example_params_trigger_ui.py
[2023-12-15T21:54:30.618+0500] {processor.py:839} INFO - DAG(s) dict_keys(['example_params_trigger_ui']) retrieved from /home/amina/miniconda/lib/python3.11/site-packages/airflow/example_dags/example_params_trigger_ui.py
[2023-12-15T21:54:30.655+0500] {logging_mixin.py:154} INFO - [2023-12-15T21:54:30.655+0500] {dag.py:2941} INFO - Sync 1 DAGs
[2023-12-15T21:54:30.666+0500] {logging_mixin.py:154} INFO - [2023-12-15T21:54:30.666+0500] {dag.py:3722} INFO - Setting next_dagrun for example_params_trigger_ui to None, run_after=None
[2023-12-15T21:54:30.774+0500] {processor.py:179} INFO - Processing /home/amina/miniconda/lib/python3.11/site-packages/airflow/example_dags/example_params_trigger_ui.py took 0.200 seconds
[2023-12-15T21:55:35.290+0500] {processor.py:157} INFO - Started process (PID=8312) to work on /home/amina/miniconda/lib/python3.11/site-packages/airflow/example_dags/example_params_trigger_ui.py
[2023-12-15T21:55:35.318+0500] {processor.py:829} INFO - Processing file /home/amina/miniconda/lib/python3.11/site-packages/airflow/example_dags/example_params_trigger_ui.py for tasks to queue
[2023-12-15T21:55:35.319+0500] {logging_mixin.py:154} INFO - [2023-12-15T21:55:35.318+0500] {dagbag.py:536} INFO - Filling up the DagBag from /home/amina/miniconda/lib/python3.11/site-packages/airflow/example_dags/example_params_trigger_ui.py
[2023-12-15T21:55:35.335+0500] {processor.py:839} INFO - DAG(s) dict_keys(['example_params_trigger_ui']) retrieved from /home/amina/miniconda/lib/python3.11/site-packages/airflow/example_dags/example_params_trigger_ui.py
[2023-12-15T21:55:35.372+0500] {logging_mixin.py:154} INFO - [2023-12-15T21:55:35.372+0500] {dag.py:2941} INFO - Sync 1 DAGs
[2023-12-15T21:55:35.383+0500] {logging_mixin.py:154} INFO - [2023-12-15T21:55:35.383+0500] {dag.py:3722} INFO - Setting next_dagrun for example_params_trigger_ui to None, run_after=None
[2023-12-15T21:55:35.521+0500] {processor.py:179} INFO - Processing /home/amina/miniconda/lib/python3.11/site-packages/airflow/example_dags/example_params_trigger_ui.py took 0.234 seconds
[2023-12-15T21:56:49.834+0500] {processor.py:157} INFO - Started process (PID=8387) to work on /home/amina/miniconda/lib/python3.11/site-packages/airflow/example_dags/example_params_trigger_ui.py
[2023-12-15T21:56:49.860+0500] {processor.py:829} INFO - Processing file /home/amina/miniconda/lib/python3.11/site-packages/airflow/example_dags/example_params_trigger_ui.py for tasks to queue
[2023-12-15T21:56:49.861+0500] {logging_mixin.py:154} INFO - [2023-12-15T21:56:49.860+0500] {dagbag.py:536} INFO - Filling up the DagBag from /home/amina/miniconda/lib/python3.11/site-packages/airflow/example_dags/example_params_trigger_ui.py
[2023-12-15T21:56:49.885+0500] {processor.py:839} INFO - DAG(s) dict_keys(['example_params_trigger_ui']) retrieved from /home/amina/miniconda/lib/python3.11/site-packages/airflow/example_dags/example_params_trigger_ui.py
[2023-12-15T21:56:49.939+0500] {logging_mixin.py:154} INFO - [2023-12-15T21:56:49.938+0500] {dag.py:2941} INFO - Sync 1 DAGs
[2023-12-15T21:56:49.953+0500] {logging_mixin.py:154} INFO - [2023-12-15T21:56:49.952+0500] {dag.py:3722} INFO - Setting next_dagrun for example_params_trigger_ui to None, run_after=None
[2023-12-15T21:56:50.068+0500] {processor.py:179} INFO - Processing /home/amina/miniconda/lib/python3.11/site-packages/airflow/example_dags/example_params_trigger_ui.py took 0.237 seconds
[2023-12-15T21:57:43.194+0500] {processor.py:157} INFO - Started process (PID=8454) to work on /home/amina/miniconda/lib/python3.11/site-packages/airflow/example_dags/example_params_trigger_ui.py
[2023-12-15T21:57:43.211+0500] {processor.py:829} INFO - Processing file /home/amina/miniconda/lib/python3.11/site-packages/airflow/example_dags/example_params_trigger_ui.py for tasks to queue
[2023-12-15T21:57:43.212+0500] {logging_mixin.py:154} INFO - [2023-12-15T21:57:43.212+0500] {dagbag.py:536} INFO - Filling up the DagBag from /home/amina/miniconda/lib/python3.11/site-packages/airflow/example_dags/example_params_trigger_ui.py
[2023-12-15T21:57:43.231+0500] {processor.py:839} INFO - DAG(s) dict_keys(['example_params_trigger_ui']) retrieved from /home/amina/miniconda/lib/python3.11/site-packages/airflow/example_dags/example_params_trigger_ui.py
[2023-12-15T21:57:43.280+0500] {logging_mixin.py:154} INFO - [2023-12-15T21:57:43.280+0500] {dag.py:2941} INFO - Sync 1 DAGs
[2023-12-15T21:57:43.293+0500] {logging_mixin.py:154} INFO - [2023-12-15T21:57:43.293+0500] {dag.py:3722} INFO - Setting next_dagrun for example_params_trigger_ui to None, run_after=None
[2023-12-15T21:57:43.402+0500] {processor.py:179} INFO - Processing /home/amina/miniconda/lib/python3.11/site-packages/airflow/example_dags/example_params_trigger_ui.py took 0.212 seconds
[2023-12-15T21:58:37.464+0500] {processor.py:157} INFO - Started process (PID=8508) to work on /home/amina/miniconda/lib/python3.11/site-packages/airflow/example_dags/example_params_trigger_ui.py
[2023-12-15T21:58:37.482+0500] {processor.py:829} INFO - Processing file /home/amina/miniconda/lib/python3.11/site-packages/airflow/example_dags/example_params_trigger_ui.py for tasks to queue
[2023-12-15T21:58:37.483+0500] {logging_mixin.py:154} INFO - [2023-12-15T21:58:37.482+0500] {dagbag.py:536} INFO - Filling up the DagBag from /home/amina/miniconda/lib/python3.11/site-packages/airflow/example_dags/example_params_trigger_ui.py
[2023-12-15T21:58:37.498+0500] {processor.py:839} INFO - DAG(s) dict_keys(['example_params_trigger_ui']) retrieved from /home/amina/miniconda/lib/python3.11/site-packages/airflow/example_dags/example_params_trigger_ui.py
[2023-12-15T21:58:37.535+0500] {logging_mixin.py:154} INFO - [2023-12-15T21:58:37.535+0500] {dag.py:2941} INFO - Sync 1 DAGs
[2023-12-15T21:58:37.545+0500] {logging_mixin.py:154} INFO - [2023-12-15T21:58:37.545+0500] {dag.py:3722} INFO - Setting next_dagrun for example_params_trigger_ui to None, run_after=None
[2023-12-15T21:58:37.663+0500] {processor.py:179} INFO - Processing /home/amina/miniconda/lib/python3.11/site-packages/airflow/example_dags/example_params_trigger_ui.py took 0.202 seconds
[2023-12-15T21:59:31.205+0500] {processor.py:157} INFO - Started process (PID=8570) to work on /home/amina/miniconda/lib/python3.11/site-packages/airflow/example_dags/example_params_trigger_ui.py
[2023-12-15T21:59:31.232+0500] {processor.py:829} INFO - Processing file /home/amina/miniconda/lib/python3.11/site-packages/airflow/example_dags/example_params_trigger_ui.py for tasks to queue
[2023-12-15T21:59:31.233+0500] {logging_mixin.py:154} INFO - [2023-12-15T21:59:31.233+0500] {dagbag.py:536} INFO - Filling up the DagBag from /home/amina/miniconda/lib/python3.11/site-packages/airflow/example_dags/example_params_trigger_ui.py
[2023-12-15T21:59:31.250+0500] {processor.py:839} INFO - DAG(s) dict_keys(['example_params_trigger_ui']) retrieved from /home/amina/miniconda/lib/python3.11/site-packages/airflow/example_dags/example_params_trigger_ui.py
[2023-12-15T21:59:31.286+0500] {logging_mixin.py:154} INFO - [2023-12-15T21:59:31.286+0500] {dag.py:2941} INFO - Sync 1 DAGs
[2023-12-15T21:59:31.298+0500] {logging_mixin.py:154} INFO - [2023-12-15T21:59:31.298+0500] {dag.py:3722} INFO - Setting next_dagrun for example_params_trigger_ui to None, run_after=None
[2023-12-15T21:59:31.426+0500] {processor.py:179} INFO - Processing /home/amina/miniconda/lib/python3.11/site-packages/airflow/example_dags/example_params_trigger_ui.py took 0.224 seconds
[2023-12-15T22:00:24.079+0500] {processor.py:157} INFO - Started process (PID=8630) to work on /home/amina/miniconda/lib/python3.11/site-packages/airflow/example_dags/example_params_trigger_ui.py
[2023-12-15T22:00:24.083+0500] {processor.py:829} INFO - Processing file /home/amina/miniconda/lib/python3.11/site-packages/airflow/example_dags/example_params_trigger_ui.py for tasks to queue
[2023-12-15T22:00:24.084+0500] {logging_mixin.py:154} INFO - [2023-12-15T22:00:24.084+0500] {dagbag.py:536} INFO - Filling up the DagBag from /home/amina/miniconda/lib/python3.11/site-packages/airflow/example_dags/example_params_trigger_ui.py
[2023-12-15T22:00:24.104+0500] {processor.py:839} INFO - DAG(s) dict_keys(['example_params_trigger_ui']) retrieved from /home/amina/miniconda/lib/python3.11/site-packages/airflow/example_dags/example_params_trigger_ui.py
[2023-12-15T22:00:24.144+0500] {logging_mixin.py:154} INFO - [2023-12-15T22:00:24.144+0500] {dag.py:2941} INFO - Sync 1 DAGs
[2023-12-15T22:00:24.157+0500] {logging_mixin.py:154} INFO - [2023-12-15T22:00:24.157+0500] {dag.py:3722} INFO - Setting next_dagrun for example_params_trigger_ui to None, run_after=None
[2023-12-15T22:00:24.310+0500] {processor.py:179} INFO - Processing /home/amina/miniconda/lib/python3.11/site-packages/airflow/example_dags/example_params_trigger_ui.py took 0.235 seconds
[2023-12-15T22:01:19.104+0500] {processor.py:157} INFO - Started process (PID=8710) to work on /home/amina/miniconda/lib/python3.11/site-packages/airflow/example_dags/example_params_trigger_ui.py
[2023-12-15T22:01:19.119+0500] {processor.py:829} INFO - Processing file /home/amina/miniconda/lib/python3.11/site-packages/airflow/example_dags/example_params_trigger_ui.py for tasks to queue
[2023-12-15T22:01:19.120+0500] {logging_mixin.py:154} INFO - [2023-12-15T22:01:19.120+0500] {dagbag.py:536} INFO - Filling up the DagBag from /home/amina/miniconda/lib/python3.11/site-packages/airflow/example_dags/example_params_trigger_ui.py
[2023-12-15T22:01:19.140+0500] {processor.py:839} INFO - DAG(s) dict_keys(['example_params_trigger_ui']) retrieved from /home/amina/miniconda/lib/python3.11/site-packages/airflow/example_dags/example_params_trigger_ui.py
[2023-12-15T22:01:19.190+0500] {logging_mixin.py:154} INFO - [2023-12-15T22:01:19.190+0500] {dag.py:2941} INFO - Sync 1 DAGs
[2023-12-15T22:01:19.204+0500] {logging_mixin.py:154} INFO - [2023-12-15T22:01:19.203+0500] {dag.py:3722} INFO - Setting next_dagrun for example_params_trigger_ui to None, run_after=None
[2023-12-15T22:01:19.320+0500] {processor.py:179} INFO - Processing /home/amina/miniconda/lib/python3.11/site-packages/airflow/example_dags/example_params_trigger_ui.py took 0.219 seconds
[2023-12-15T22:02:10.819+0500] {processor.py:157} INFO - Started process (PID=8771) to work on /home/amina/miniconda/lib/python3.11/site-packages/airflow/example_dags/example_params_trigger_ui.py
[2023-12-15T22:02:10.851+0500] {processor.py:829} INFO - Processing file /home/amina/miniconda/lib/python3.11/site-packages/airflow/example_dags/example_params_trigger_ui.py for tasks to queue
[2023-12-15T22:02:10.852+0500] {logging_mixin.py:154} INFO - [2023-12-15T22:02:10.852+0500] {dagbag.py:536} INFO - Filling up the DagBag from /home/amina/miniconda/lib/python3.11/site-packages/airflow/example_dags/example_params_trigger_ui.py
[2023-12-15T22:02:10.870+0500] {processor.py:839} INFO - DAG(s) dict_keys(['example_params_trigger_ui']) retrieved from /home/amina/miniconda/lib/python3.11/site-packages/airflow/example_dags/example_params_trigger_ui.py
[2023-12-15T22:02:10.906+0500] {logging_mixin.py:154} INFO - [2023-12-15T22:02:10.906+0500] {dag.py:2941} INFO - Sync 1 DAGs
[2023-12-15T22:02:10.917+0500] {logging_mixin.py:154} INFO - [2023-12-15T22:02:10.917+0500] {dag.py:3722} INFO - Setting next_dagrun for example_params_trigger_ui to None, run_after=None
[2023-12-15T22:02:11.027+0500] {processor.py:179} INFO - Processing /home/amina/miniconda/lib/python3.11/site-packages/airflow/example_dags/example_params_trigger_ui.py took 0.211 seconds
[2023-12-15T22:03:01.673+0500] {processor.py:157} INFO - Started process (PID=8826) to work on /home/amina/miniconda/lib/python3.11/site-packages/airflow/example_dags/example_params_trigger_ui.py
[2023-12-15T22:03:01.727+0500] {processor.py:829} INFO - Processing file /home/amina/miniconda/lib/python3.11/site-packages/airflow/example_dags/example_params_trigger_ui.py for tasks to queue
[2023-12-15T22:03:01.729+0500] {logging_mixin.py:154} INFO - [2023-12-15T22:03:01.728+0500] {dagbag.py:536} INFO - Filling up the DagBag from /home/amina/miniconda/lib/python3.11/site-packages/airflow/example_dags/example_params_trigger_ui.py
[2023-12-15T22:03:01.748+0500] {processor.py:839} INFO - DAG(s) dict_keys(['example_params_trigger_ui']) retrieved from /home/amina/miniconda/lib/python3.11/site-packages/airflow/example_dags/example_params_trigger_ui.py
[2023-12-15T22:03:01.787+0500] {logging_mixin.py:154} INFO - [2023-12-15T22:03:01.787+0500] {dag.py:2941} INFO - Sync 1 DAGs
[2023-12-15T22:03:01.798+0500] {logging_mixin.py:154} INFO - [2023-12-15T22:03:01.798+0500] {dag.py:3722} INFO - Setting next_dagrun for example_params_trigger_ui to None, run_after=None
[2023-12-15T22:03:01.926+0500] {processor.py:179} INFO - Processing /home/amina/miniconda/lib/python3.11/site-packages/airflow/example_dags/example_params_trigger_ui.py took 0.257 seconds
[2023-12-15T22:04:12.070+0500] {processor.py:157} INFO - Started process (PID=8906) to work on /home/amina/miniconda/lib/python3.11/site-packages/airflow/example_dags/example_params_trigger_ui.py
[2023-12-15T22:04:12.168+0500] {processor.py:829} INFO - Processing file /home/amina/miniconda/lib/python3.11/site-packages/airflow/example_dags/example_params_trigger_ui.py for tasks to queue
[2023-12-15T22:04:12.169+0500] {logging_mixin.py:154} INFO - [2023-12-15T22:04:12.169+0500] {dagbag.py:536} INFO - Filling up the DagBag from /home/amina/miniconda/lib/python3.11/site-packages/airflow/example_dags/example_params_trigger_ui.py
[2023-12-15T22:04:12.187+0500] {processor.py:839} INFO - DAG(s) dict_keys(['example_params_trigger_ui']) retrieved from /home/amina/miniconda/lib/python3.11/site-packages/airflow/example_dags/example_params_trigger_ui.py
[2023-12-15T22:04:12.228+0500] {logging_mixin.py:154} INFO - [2023-12-15T22:04:12.228+0500] {dag.py:2941} INFO - Sync 1 DAGs
[2023-12-15T22:04:12.240+0500] {logging_mixin.py:154} INFO - [2023-12-15T22:04:12.239+0500] {dag.py:3722} INFO - Setting next_dagrun for example_params_trigger_ui to None, run_after=None
[2023-12-15T22:04:12.329+0500] {processor.py:179} INFO - Processing /home/amina/miniconda/lib/python3.11/site-packages/airflow/example_dags/example_params_trigger_ui.py took 0.263 seconds
[2023-12-15T22:05:17.346+0500] {processor.py:157} INFO - Started process (PID=8976) to work on /home/amina/miniconda/lib/python3.11/site-packages/airflow/example_dags/example_params_trigger_ui.py
[2023-12-15T22:05:17.372+0500] {processor.py:829} INFO - Processing file /home/amina/miniconda/lib/python3.11/site-packages/airflow/example_dags/example_params_trigger_ui.py for tasks to queue
[2023-12-15T22:05:17.373+0500] {logging_mixin.py:154} INFO - [2023-12-15T22:05:17.373+0500] {dagbag.py:536} INFO - Filling up the DagBag from /home/amina/miniconda/lib/python3.11/site-packages/airflow/example_dags/example_params_trigger_ui.py
[2023-12-15T22:05:17.390+0500] {processor.py:839} INFO - DAG(s) dict_keys(['example_params_trigger_ui']) retrieved from /home/amina/miniconda/lib/python3.11/site-packages/airflow/example_dags/example_params_trigger_ui.py
[2023-12-15T22:05:17.432+0500] {logging_mixin.py:154} INFO - [2023-12-15T22:05:17.431+0500] {dag.py:2941} INFO - Sync 1 DAGs
[2023-12-15T22:05:17.445+0500] {logging_mixin.py:154} INFO - [2023-12-15T22:05:17.445+0500] {dag.py:3722} INFO - Setting next_dagrun for example_params_trigger_ui to None, run_after=None
[2023-12-15T22:05:17.545+0500] {processor.py:179} INFO - Processing /home/amina/miniconda/lib/python3.11/site-packages/airflow/example_dags/example_params_trigger_ui.py took 0.202 seconds
[2023-12-15T22:06:16.342+0500] {processor.py:157} INFO - Started process (PID=9044) to work on /home/amina/miniconda/lib/python3.11/site-packages/airflow/example_dags/example_params_trigger_ui.py
[2023-12-15T22:06:16.343+0500] {processor.py:829} INFO - Processing file /home/amina/miniconda/lib/python3.11/site-packages/airflow/example_dags/example_params_trigger_ui.py for tasks to queue
[2023-12-15T22:06:16.345+0500] {logging_mixin.py:154} INFO - [2023-12-15T22:06:16.344+0500] {dagbag.py:536} INFO - Filling up the DagBag from /home/amina/miniconda/lib/python3.11/site-packages/airflow/example_dags/example_params_trigger_ui.py
[2023-12-15T22:06:16.362+0500] {processor.py:839} INFO - DAG(s) dict_keys(['example_params_trigger_ui']) retrieved from /home/amina/miniconda/lib/python3.11/site-packages/airflow/example_dags/example_params_trigger_ui.py
[2023-12-15T22:06:16.406+0500] {logging_mixin.py:154} INFO - [2023-12-15T22:06:16.406+0500] {dag.py:2941} INFO - Sync 1 DAGs
[2023-12-15T22:06:16.419+0500] {logging_mixin.py:154} INFO - [2023-12-15T22:06:16.419+0500] {dag.py:3722} INFO - Setting next_dagrun for example_params_trigger_ui to None, run_after=None
[2023-12-15T22:06:16.506+0500] {processor.py:179} INFO - Processing /home/amina/miniconda/lib/python3.11/site-packages/airflow/example_dags/example_params_trigger_ui.py took 0.167 seconds
[2023-12-15T22:07:19.495+0500] {processor.py:157} INFO - Started process (PID=9099) to work on /home/amina/miniconda/lib/python3.11/site-packages/airflow/example_dags/example_params_trigger_ui.py
[2023-12-15T22:07:19.506+0500] {processor.py:829} INFO - Processing file /home/amina/miniconda/lib/python3.11/site-packages/airflow/example_dags/example_params_trigger_ui.py for tasks to queue
[2023-12-15T22:07:19.508+0500] {logging_mixin.py:154} INFO - [2023-12-15T22:07:19.508+0500] {dagbag.py:536} INFO - Filling up the DagBag from /home/amina/miniconda/lib/python3.11/site-packages/airflow/example_dags/example_params_trigger_ui.py
[2023-12-15T22:07:19.526+0500] {processor.py:839} INFO - DAG(s) dict_keys(['example_params_trigger_ui']) retrieved from /home/amina/miniconda/lib/python3.11/site-packages/airflow/example_dags/example_params_trigger_ui.py
[2023-12-15T22:07:19.569+0500] {logging_mixin.py:154} INFO - [2023-12-15T22:07:19.569+0500] {dag.py:2941} INFO - Sync 1 DAGs
[2023-12-15T22:07:19.582+0500] {logging_mixin.py:154} INFO - [2023-12-15T22:07:19.582+0500] {dag.py:3722} INFO - Setting next_dagrun for example_params_trigger_ui to None, run_after=None
[2023-12-15T22:07:19.683+0500] {processor.py:179} INFO - Processing /home/amina/miniconda/lib/python3.11/site-packages/airflow/example_dags/example_params_trigger_ui.py took 0.190 seconds
[2023-12-15T22:08:20.281+0500] {processor.py:157} INFO - Started process (PID=9167) to work on /home/amina/miniconda/lib/python3.11/site-packages/airflow/example_dags/example_params_trigger_ui.py
[2023-12-15T22:08:20.342+0500] {processor.py:829} INFO - Processing file /home/amina/miniconda/lib/python3.11/site-packages/airflow/example_dags/example_params_trigger_ui.py for tasks to queue
[2023-12-15T22:08:20.344+0500] {logging_mixin.py:154} INFO - [2023-12-15T22:08:20.343+0500] {dagbag.py:536} INFO - Filling up the DagBag from /home/amina/miniconda/lib/python3.11/site-packages/airflow/example_dags/example_params_trigger_ui.py
[2023-12-15T22:08:20.362+0500] {processor.py:839} INFO - DAG(s) dict_keys(['example_params_trigger_ui']) retrieved from /home/amina/miniconda/lib/python3.11/site-packages/airflow/example_dags/example_params_trigger_ui.py
[2023-12-15T22:08:20.411+0500] {logging_mixin.py:154} INFO - [2023-12-15T22:08:20.411+0500] {dag.py:2941} INFO - Sync 1 DAGs
[2023-12-15T22:08:20.425+0500] {logging_mixin.py:154} INFO - [2023-12-15T22:08:20.425+0500] {dag.py:3722} INFO - Setting next_dagrun for example_params_trigger_ui to None, run_after=None
[2023-12-15T22:08:20.515+0500] {processor.py:179} INFO - Processing /home/amina/miniconda/lib/python3.11/site-packages/airflow/example_dags/example_params_trigger_ui.py took 0.237 seconds
[2023-12-15T22:09:25.691+0500] {processor.py:157} INFO - Started process (PID=9243) to work on /home/amina/miniconda/lib/python3.11/site-packages/airflow/example_dags/example_params_trigger_ui.py
[2023-12-15T22:09:25.726+0500] {processor.py:829} INFO - Processing file /home/amina/miniconda/lib/python3.11/site-packages/airflow/example_dags/example_params_trigger_ui.py for tasks to queue
[2023-12-15T22:09:25.727+0500] {logging_mixin.py:154} INFO - [2023-12-15T22:09:25.727+0500] {dagbag.py:536} INFO - Filling up the DagBag from /home/amina/miniconda/lib/python3.11/site-packages/airflow/example_dags/example_params_trigger_ui.py
[2023-12-15T22:09:25.752+0500] {processor.py:839} INFO - DAG(s) dict_keys(['example_params_trigger_ui']) retrieved from /home/amina/miniconda/lib/python3.11/site-packages/airflow/example_dags/example_params_trigger_ui.py
[2023-12-15T22:09:25.808+0500] {logging_mixin.py:154} INFO - [2023-12-15T22:09:25.808+0500] {dag.py:2941} INFO - Sync 1 DAGs
[2023-12-15T22:09:25.824+0500] {logging_mixin.py:154} INFO - [2023-12-15T22:09:25.824+0500] {dag.py:3722} INFO - Setting next_dagrun for example_params_trigger_ui to None, run_after=None
[2023-12-15T22:09:25.938+0500] {processor.py:179} INFO - Processing /home/amina/miniconda/lib/python3.11/site-packages/airflow/example_dags/example_params_trigger_ui.py took 0.253 seconds
[2023-12-15T22:10:29.165+0500] {processor.py:157} INFO - Started process (PID=9306) to work on /home/amina/miniconda/lib/python3.11/site-packages/airflow/example_dags/example_params_trigger_ui.py
[2023-12-15T22:10:29.214+0500] {processor.py:829} INFO - Processing file /home/amina/miniconda/lib/python3.11/site-packages/airflow/example_dags/example_params_trigger_ui.py for tasks to queue
[2023-12-15T22:10:29.215+0500] {logging_mixin.py:154} INFO - [2023-12-15T22:10:29.215+0500] {dagbag.py:536} INFO - Filling up the DagBag from /home/amina/miniconda/lib/python3.11/site-packages/airflow/example_dags/example_params_trigger_ui.py
[2023-12-15T22:10:29.234+0500] {processor.py:839} INFO - DAG(s) dict_keys(['example_params_trigger_ui']) retrieved from /home/amina/miniconda/lib/python3.11/site-packages/airflow/example_dags/example_params_trigger_ui.py
[2023-12-15T22:10:29.276+0500] {logging_mixin.py:154} INFO - [2023-12-15T22:10:29.276+0500] {dag.py:2941} INFO - Sync 1 DAGs
[2023-12-15T22:10:29.290+0500] {logging_mixin.py:154} INFO - [2023-12-15T22:10:29.290+0500] {dag.py:3722} INFO - Setting next_dagrun for example_params_trigger_ui to None, run_after=None
[2023-12-15T22:10:29.400+0500] {processor.py:179} INFO - Processing /home/amina/miniconda/lib/python3.11/site-packages/airflow/example_dags/example_params_trigger_ui.py took 0.238 seconds
[2023-12-15T22:11:28.368+0500] {processor.py:157} INFO - Started process (PID=9366) to work on /home/amina/miniconda/lib/python3.11/site-packages/airflow/example_dags/example_params_trigger_ui.py
[2023-12-15T22:11:28.445+0500] {processor.py:829} INFO - Processing file /home/amina/miniconda/lib/python3.11/site-packages/airflow/example_dags/example_params_trigger_ui.py for tasks to queue
[2023-12-15T22:11:28.446+0500] {logging_mixin.py:154} INFO - [2023-12-15T22:11:28.446+0500] {dagbag.py:536} INFO - Filling up the DagBag from /home/amina/miniconda/lib/python3.11/site-packages/airflow/example_dags/example_params_trigger_ui.py
[2023-12-15T22:11:28.465+0500] {processor.py:839} INFO - DAG(s) dict_keys(['example_params_trigger_ui']) retrieved from /home/amina/miniconda/lib/python3.11/site-packages/airflow/example_dags/example_params_trigger_ui.py
[2023-12-15T22:11:28.513+0500] {logging_mixin.py:154} INFO - [2023-12-15T22:11:28.513+0500] {dag.py:2941} INFO - Sync 1 DAGs
[2023-12-15T22:11:28.527+0500] {logging_mixin.py:154} INFO - [2023-12-15T22:11:28.527+0500] {dag.py:3722} INFO - Setting next_dagrun for example_params_trigger_ui to None, run_after=None
[2023-12-15T22:11:28.607+0500] {processor.py:179} INFO - Processing /home/amina/miniconda/lib/python3.11/site-packages/airflow/example_dags/example_params_trigger_ui.py took 0.242 seconds
[2023-12-15T22:12:27.124+0500] {processor.py:157} INFO - Started process (PID=9429) to work on /home/amina/miniconda/lib/python3.11/site-packages/airflow/example_dags/example_params_trigger_ui.py
[2023-12-15T22:12:27.134+0500] {processor.py:829} INFO - Processing file /home/amina/miniconda/lib/python3.11/site-packages/airflow/example_dags/example_params_trigger_ui.py for tasks to queue
[2023-12-15T22:12:27.136+0500] {logging_mixin.py:154} INFO - [2023-12-15T22:12:27.135+0500] {dagbag.py:536} INFO - Filling up the DagBag from /home/amina/miniconda/lib/python3.11/site-packages/airflow/example_dags/example_params_trigger_ui.py
[2023-12-15T22:12:27.160+0500] {processor.py:839} INFO - DAG(s) dict_keys(['example_params_trigger_ui']) retrieved from /home/amina/miniconda/lib/python3.11/site-packages/airflow/example_dags/example_params_trigger_ui.py
[2023-12-15T22:12:27.209+0500] {logging_mixin.py:154} INFO - [2023-12-15T22:12:27.209+0500] {dag.py:2941} INFO - Sync 1 DAGs
[2023-12-15T22:12:27.229+0500] {logging_mixin.py:154} INFO - [2023-12-15T22:12:27.229+0500] {dag.py:3722} INFO - Setting next_dagrun for example_params_trigger_ui to None, run_after=None
[2023-12-15T22:12:27.332+0500] {processor.py:179} INFO - Processing /home/amina/miniconda/lib/python3.11/site-packages/airflow/example_dags/example_params_trigger_ui.py took 0.214 seconds
[2023-12-15T22:13:21.689+0500] {processor.py:157} INFO - Started process (PID=9486) to work on /home/amina/miniconda/lib/python3.11/site-packages/airflow/example_dags/example_params_trigger_ui.py
[2023-12-15T22:13:21.702+0500] {processor.py:829} INFO - Processing file /home/amina/miniconda/lib/python3.11/site-packages/airflow/example_dags/example_params_trigger_ui.py for tasks to queue
[2023-12-15T22:13:21.703+0500] {logging_mixin.py:154} INFO - [2023-12-15T22:13:21.702+0500] {dagbag.py:536} INFO - Filling up the DagBag from /home/amina/miniconda/lib/python3.11/site-packages/airflow/example_dags/example_params_trigger_ui.py
[2023-12-15T22:13:21.725+0500] {processor.py:839} INFO - DAG(s) dict_keys(['example_params_trigger_ui']) retrieved from /home/amina/miniconda/lib/python3.11/site-packages/airflow/example_dags/example_params_trigger_ui.py
[2023-12-15T22:13:21.775+0500] {logging_mixin.py:154} INFO - [2023-12-15T22:13:21.775+0500] {dag.py:2941} INFO - Sync 1 DAGs
[2023-12-15T22:13:21.789+0500] {logging_mixin.py:154} INFO - [2023-12-15T22:13:21.789+0500] {dag.py:3722} INFO - Setting next_dagrun for example_params_trigger_ui to None, run_after=None
[2023-12-15T22:13:21.885+0500] {processor.py:179} INFO - Processing /home/amina/miniconda/lib/python3.11/site-packages/airflow/example_dags/example_params_trigger_ui.py took 0.200 seconds
[2023-12-15T22:14:36.102+0500] {processor.py:157} INFO - Started process (PID=9577) to work on /home/amina/miniconda/lib/python3.11/site-packages/airflow/example_dags/example_params_trigger_ui.py
[2023-12-15T22:14:36.113+0500] {processor.py:829} INFO - Processing file /home/amina/miniconda/lib/python3.11/site-packages/airflow/example_dags/example_params_trigger_ui.py for tasks to queue
[2023-12-15T22:14:36.114+0500] {logging_mixin.py:154} INFO - [2023-12-15T22:14:36.114+0500] {dagbag.py:536} INFO - Filling up the DagBag from /home/amina/miniconda/lib/python3.11/site-packages/airflow/example_dags/example_params_trigger_ui.py
[2023-12-15T22:14:36.138+0500] {processor.py:839} INFO - DAG(s) dict_keys(['example_params_trigger_ui']) retrieved from /home/amina/miniconda/lib/python3.11/site-packages/airflow/example_dags/example_params_trigger_ui.py
[2023-12-15T22:14:36.186+0500] {logging_mixin.py:154} INFO - [2023-12-15T22:14:36.186+0500] {dag.py:2941} INFO - Sync 1 DAGs
[2023-12-15T22:14:36.200+0500] {logging_mixin.py:154} INFO - [2023-12-15T22:14:36.200+0500] {dag.py:3722} INFO - Setting next_dagrun for example_params_trigger_ui to None, run_after=None
[2023-12-15T22:14:36.312+0500] {processor.py:179} INFO - Processing /home/amina/miniconda/lib/python3.11/site-packages/airflow/example_dags/example_params_trigger_ui.py took 0.216 seconds
[2023-12-15T22:15:58.685+0500] {processor.py:157} INFO - Started process (PID=9669) to work on /home/amina/miniconda/lib/python3.11/site-packages/airflow/example_dags/example_params_trigger_ui.py
[2023-12-15T22:15:58.720+0500] {processor.py:829} INFO - Processing file /home/amina/miniconda/lib/python3.11/site-packages/airflow/example_dags/example_params_trigger_ui.py for tasks to queue
[2023-12-15T22:15:58.721+0500] {logging_mixin.py:154} INFO - [2023-12-15T22:15:58.720+0500] {dagbag.py:536} INFO - Filling up the DagBag from /home/amina/miniconda/lib/python3.11/site-packages/airflow/example_dags/example_params_trigger_ui.py
[2023-12-15T22:15:58.742+0500] {processor.py:839} INFO - DAG(s) dict_keys(['example_params_trigger_ui']) retrieved from /home/amina/miniconda/lib/python3.11/site-packages/airflow/example_dags/example_params_trigger_ui.py
[2023-12-15T22:15:58.786+0500] {logging_mixin.py:154} INFO - [2023-12-15T22:15:58.786+0500] {dag.py:2941} INFO - Sync 1 DAGs
[2023-12-15T22:15:58.800+0500] {logging_mixin.py:154} INFO - [2023-12-15T22:15:58.800+0500] {dag.py:3722} INFO - Setting next_dagrun for example_params_trigger_ui to None, run_after=None
[2023-12-15T22:15:58.897+0500] {processor.py:179} INFO - Processing /home/amina/miniconda/lib/python3.11/site-packages/airflow/example_dags/example_params_trigger_ui.py took 0.215 seconds
[2023-12-15T22:17:02.921+0500] {processor.py:157} INFO - Started process (PID=9739) to work on /home/amina/miniconda/lib/python3.11/site-packages/airflow/example_dags/example_params_trigger_ui.py
[2023-12-15T22:17:02.944+0500] {processor.py:829} INFO - Processing file /home/amina/miniconda/lib/python3.11/site-packages/airflow/example_dags/example_params_trigger_ui.py for tasks to queue
[2023-12-15T22:17:02.945+0500] {logging_mixin.py:154} INFO - [2023-12-15T22:17:02.944+0500] {dagbag.py:536} INFO - Filling up the DagBag from /home/amina/miniconda/lib/python3.11/site-packages/airflow/example_dags/example_params_trigger_ui.py
[2023-12-15T22:17:02.973+0500] {processor.py:839} INFO - DAG(s) dict_keys(['example_params_trigger_ui']) retrieved from /home/amina/miniconda/lib/python3.11/site-packages/airflow/example_dags/example_params_trigger_ui.py
[2023-12-15T22:17:03.047+0500] {logging_mixin.py:154} INFO - [2023-12-15T22:17:03.046+0500] {dag.py:2941} INFO - Sync 1 DAGs
[2023-12-15T22:17:03.066+0500] {logging_mixin.py:154} INFO - [2023-12-15T22:17:03.065+0500] {dag.py:3722} INFO - Setting next_dagrun for example_params_trigger_ui to None, run_after=None
[2023-12-15T22:17:03.164+0500] {processor.py:179} INFO - Processing /home/amina/miniconda/lib/python3.11/site-packages/airflow/example_dags/example_params_trigger_ui.py took 0.246 seconds
[2023-12-15T22:18:06.907+0500] {processor.py:157} INFO - Started process (PID=9809) to work on /home/amina/miniconda/lib/python3.11/site-packages/airflow/example_dags/example_params_trigger_ui.py
[2023-12-15T22:18:06.908+0500] {processor.py:829} INFO - Processing file /home/amina/miniconda/lib/python3.11/site-packages/airflow/example_dags/example_params_trigger_ui.py for tasks to queue
[2023-12-15T22:18:06.910+0500] {logging_mixin.py:154} INFO - [2023-12-15T22:18:06.909+0500] {dagbag.py:536} INFO - Filling up the DagBag from /home/amina/miniconda/lib/python3.11/site-packages/airflow/example_dags/example_params_trigger_ui.py
[2023-12-15T22:18:06.928+0500] {processor.py:839} INFO - DAG(s) dict_keys(['example_params_trigger_ui']) retrieved from /home/amina/miniconda/lib/python3.11/site-packages/airflow/example_dags/example_params_trigger_ui.py
[2023-12-15T22:18:06.968+0500] {logging_mixin.py:154} INFO - [2023-12-15T22:18:06.968+0500] {dag.py:2941} INFO - Sync 1 DAGs
[2023-12-15T22:18:06.979+0500] {logging_mixin.py:154} INFO - [2023-12-15T22:18:06.979+0500] {dag.py:3722} INFO - Setting next_dagrun for example_params_trigger_ui to None, run_after=None
[2023-12-15T22:18:07.095+0500] {processor.py:179} INFO - Processing /home/amina/miniconda/lib/python3.11/site-packages/airflow/example_dags/example_params_trigger_ui.py took 0.191 seconds
[2023-12-15T22:19:08.900+0500] {processor.py:157} INFO - Started process (PID=9884) to work on /home/amina/miniconda/lib/python3.11/site-packages/airflow/example_dags/example_params_trigger_ui.py
[2023-12-15T22:19:08.960+0500] {processor.py:829} INFO - Processing file /home/amina/miniconda/lib/python3.11/site-packages/airflow/example_dags/example_params_trigger_ui.py for tasks to queue
[2023-12-15T22:19:08.961+0500] {logging_mixin.py:154} INFO - [2023-12-15T22:19:08.960+0500] {dagbag.py:536} INFO - Filling up the DagBag from /home/amina/miniconda/lib/python3.11/site-packages/airflow/example_dags/example_params_trigger_ui.py
[2023-12-15T22:19:08.978+0500] {processor.py:839} INFO - DAG(s) dict_keys(['example_params_trigger_ui']) retrieved from /home/amina/miniconda/lib/python3.11/site-packages/airflow/example_dags/example_params_trigger_ui.py
[2023-12-15T22:19:09.018+0500] {logging_mixin.py:154} INFO - [2023-12-15T22:19:09.018+0500] {dag.py:2941} INFO - Sync 1 DAGs
[2023-12-15T22:19:09.030+0500] {logging_mixin.py:154} INFO - [2023-12-15T22:19:09.030+0500] {dag.py:3722} INFO - Setting next_dagrun for example_params_trigger_ui to None, run_after=None
[2023-12-15T22:19:09.109+0500] {processor.py:179} INFO - Processing /home/amina/miniconda/lib/python3.11/site-packages/airflow/example_dags/example_params_trigger_ui.py took 0.212 seconds
[2023-12-15T22:20:18.826+0500] {processor.py:157} INFO - Started process (PID=10085) to work on /home/amina/miniconda/lib/python3.11/site-packages/airflow/example_dags/example_params_trigger_ui.py
[2023-12-15T22:20:18.857+0500] {processor.py:829} INFO - Processing file /home/amina/miniconda/lib/python3.11/site-packages/airflow/example_dags/example_params_trigger_ui.py for tasks to queue
[2023-12-15T22:20:18.858+0500] {logging_mixin.py:154} INFO - [2023-12-15T22:20:18.858+0500] {dagbag.py:536} INFO - Filling up the DagBag from /home/amina/miniconda/lib/python3.11/site-packages/airflow/example_dags/example_params_trigger_ui.py
[2023-12-15T22:20:18.884+0500] {processor.py:839} INFO - DAG(s) dict_keys(['example_params_trigger_ui']) retrieved from /home/amina/miniconda/lib/python3.11/site-packages/airflow/example_dags/example_params_trigger_ui.py
[2023-12-15T22:20:18.927+0500] {logging_mixin.py:154} INFO - [2023-12-15T22:20:18.927+0500] {dag.py:2941} INFO - Sync 1 DAGs
[2023-12-15T22:20:18.939+0500] {logging_mixin.py:154} INFO - [2023-12-15T22:20:18.939+0500] {dag.py:3722} INFO - Setting next_dagrun for example_params_trigger_ui to None, run_after=None
[2023-12-15T22:20:19.034+0500] {processor.py:179} INFO - Processing /home/amina/miniconda/lib/python3.11/site-packages/airflow/example_dags/example_params_trigger_ui.py took 0.211 seconds
[2023-12-15T22:21:20.430+0500] {processor.py:157} INFO - Started process (PID=10155) to work on /home/amina/miniconda/lib/python3.11/site-packages/airflow/example_dags/example_params_trigger_ui.py
[2023-12-15T22:21:20.487+0500] {processor.py:829} INFO - Processing file /home/amina/miniconda/lib/python3.11/site-packages/airflow/example_dags/example_params_trigger_ui.py for tasks to queue
[2023-12-15T22:21:20.488+0500] {logging_mixin.py:154} INFO - [2023-12-15T22:21:20.488+0500] {dagbag.py:536} INFO - Filling up the DagBag from /home/amina/miniconda/lib/python3.11/site-packages/airflow/example_dags/example_params_trigger_ui.py
[2023-12-15T22:21:20.506+0500] {processor.py:839} INFO - DAG(s) dict_keys(['example_params_trigger_ui']) retrieved from /home/amina/miniconda/lib/python3.11/site-packages/airflow/example_dags/example_params_trigger_ui.py
[2023-12-15T22:21:20.547+0500] {logging_mixin.py:154} INFO - [2023-12-15T22:21:20.547+0500] {dag.py:2941} INFO - Sync 1 DAGs
[2023-12-15T22:21:20.559+0500] {logging_mixin.py:154} INFO - [2023-12-15T22:21:20.559+0500] {dag.py:3722} INFO - Setting next_dagrun for example_params_trigger_ui to None, run_after=None
[2023-12-15T22:21:20.672+0500] {processor.py:179} INFO - Processing /home/amina/miniconda/lib/python3.11/site-packages/airflow/example_dags/example_params_trigger_ui.py took 0.245 seconds
[2023-12-15T22:22:11.685+0500] {processor.py:157} INFO - Started process (PID=10221) to work on /home/amina/miniconda/lib/python3.11/site-packages/airflow/example_dags/example_params_trigger_ui.py
[2023-12-15T22:22:11.736+0500] {processor.py:829} INFO - Processing file /home/amina/miniconda/lib/python3.11/site-packages/airflow/example_dags/example_params_trigger_ui.py for tasks to queue
[2023-12-15T22:22:11.737+0500] {logging_mixin.py:154} INFO - [2023-12-15T22:22:11.736+0500] {dagbag.py:536} INFO - Filling up the DagBag from /home/amina/miniconda/lib/python3.11/site-packages/airflow/example_dags/example_params_trigger_ui.py
[2023-12-15T22:22:11.756+0500] {processor.py:839} INFO - DAG(s) dict_keys(['example_params_trigger_ui']) retrieved from /home/amina/miniconda/lib/python3.11/site-packages/airflow/example_dags/example_params_trigger_ui.py
[2023-12-15T22:22:11.802+0500] {logging_mixin.py:154} INFO - [2023-12-15T22:22:11.801+0500] {dag.py:2941} INFO - Sync 1 DAGs
[2023-12-15T22:22:11.815+0500] {logging_mixin.py:154} INFO - [2023-12-15T22:22:11.814+0500] {dag.py:3722} INFO - Setting next_dagrun for example_params_trigger_ui to None, run_after=None
[2023-12-15T22:22:11.910+0500] {processor.py:179} INFO - Processing /home/amina/miniconda/lib/python3.11/site-packages/airflow/example_dags/example_params_trigger_ui.py took 0.230 seconds
[2023-12-15T22:23:07.842+0500] {processor.py:157} INFO - Started process (PID=10276) to work on /home/amina/miniconda/lib/python3.11/site-packages/airflow/example_dags/example_params_trigger_ui.py
[2023-12-15T22:23:07.888+0500] {processor.py:829} INFO - Processing file /home/amina/miniconda/lib/python3.11/site-packages/airflow/example_dags/example_params_trigger_ui.py for tasks to queue
[2023-12-15T22:23:07.889+0500] {logging_mixin.py:154} INFO - [2023-12-15T22:23:07.889+0500] {dagbag.py:536} INFO - Filling up the DagBag from /home/amina/miniconda/lib/python3.11/site-packages/airflow/example_dags/example_params_trigger_ui.py
[2023-12-15T22:23:07.910+0500] {processor.py:839} INFO - DAG(s) dict_keys(['example_params_trigger_ui']) retrieved from /home/amina/miniconda/lib/python3.11/site-packages/airflow/example_dags/example_params_trigger_ui.py
[2023-12-15T22:23:07.952+0500] {logging_mixin.py:154} INFO - [2023-12-15T22:23:07.951+0500] {dag.py:2941} INFO - Sync 1 DAGs
[2023-12-15T22:23:07.965+0500] {logging_mixin.py:154} INFO - [2023-12-15T22:23:07.965+0500] {dag.py:3722} INFO - Setting next_dagrun for example_params_trigger_ui to None, run_after=None
[2023-12-15T22:23:08.050+0500] {processor.py:179} INFO - Processing /home/amina/miniconda/lib/python3.11/site-packages/airflow/example_dags/example_params_trigger_ui.py took 0.212 seconds
[2023-12-15T22:23:59.934+0500] {processor.py:157} INFO - Started process (PID=10338) to work on /home/amina/miniconda/lib/python3.11/site-packages/airflow/example_dags/example_params_trigger_ui.py
[2023-12-15T22:23:59.982+0500] {processor.py:829} INFO - Processing file /home/amina/miniconda/lib/python3.11/site-packages/airflow/example_dags/example_params_trigger_ui.py for tasks to queue
[2023-12-15T22:23:59.983+0500] {logging_mixin.py:154} INFO - [2023-12-15T22:23:59.983+0500] {dagbag.py:536} INFO - Filling up the DagBag from /home/amina/miniconda/lib/python3.11/site-packages/airflow/example_dags/example_params_trigger_ui.py
[2023-12-15T22:23:59.999+0500] {processor.py:839} INFO - DAG(s) dict_keys(['example_params_trigger_ui']) retrieved from /home/amina/miniconda/lib/python3.11/site-packages/airflow/example_dags/example_params_trigger_ui.py
[2023-12-15T22:24:00.038+0500] {logging_mixin.py:154} INFO - [2023-12-15T22:24:00.038+0500] {dag.py:2941} INFO - Sync 1 DAGs
[2023-12-15T22:24:00.048+0500] {logging_mixin.py:154} INFO - [2023-12-15T22:24:00.048+0500] {dag.py:3722} INFO - Setting next_dagrun for example_params_trigger_ui to None, run_after=None
[2023-12-15T22:24:00.171+0500] {processor.py:179} INFO - Processing /home/amina/miniconda/lib/python3.11/site-packages/airflow/example_dags/example_params_trigger_ui.py took 0.240 seconds
[2023-12-15T22:24:52.269+0500] {processor.py:157} INFO - Started process (PID=10399) to work on /home/amina/miniconda/lib/python3.11/site-packages/airflow/example_dags/example_params_trigger_ui.py
[2023-12-15T22:24:52.316+0500] {processor.py:829} INFO - Processing file /home/amina/miniconda/lib/python3.11/site-packages/airflow/example_dags/example_params_trigger_ui.py for tasks to queue
[2023-12-15T22:24:52.317+0500] {logging_mixin.py:154} INFO - [2023-12-15T22:24:52.317+0500] {dagbag.py:536} INFO - Filling up the DagBag from /home/amina/miniconda/lib/python3.11/site-packages/airflow/example_dags/example_params_trigger_ui.py
[2023-12-15T22:24:52.339+0500] {processor.py:839} INFO - DAG(s) dict_keys(['example_params_trigger_ui']) retrieved from /home/amina/miniconda/lib/python3.11/site-packages/airflow/example_dags/example_params_trigger_ui.py
[2023-12-15T22:24:52.400+0500] {logging_mixin.py:154} INFO - [2023-12-15T22:24:52.399+0500] {dag.py:2941} INFO - Sync 1 DAGs
[2023-12-15T22:24:52.414+0500] {logging_mixin.py:154} INFO - [2023-12-15T22:24:52.414+0500] {dag.py:3722} INFO - Setting next_dagrun for example_params_trigger_ui to None, run_after=None
[2023-12-15T22:24:52.523+0500] {processor.py:179} INFO - Processing /home/amina/miniconda/lib/python3.11/site-packages/airflow/example_dags/example_params_trigger_ui.py took 0.258 seconds
[2023-12-15T22:25:50.156+0500] {processor.py:157} INFO - Started process (PID=10450) to work on /home/amina/miniconda/lib/python3.11/site-packages/airflow/example_dags/example_params_trigger_ui.py
[2023-12-15T22:25:50.187+0500] {processor.py:829} INFO - Processing file /home/amina/miniconda/lib/python3.11/site-packages/airflow/example_dags/example_params_trigger_ui.py for tasks to queue
[2023-12-15T22:25:50.188+0500] {logging_mixin.py:154} INFO - [2023-12-15T22:25:50.188+0500] {dagbag.py:536} INFO - Filling up the DagBag from /home/amina/miniconda/lib/python3.11/site-packages/airflow/example_dags/example_params_trigger_ui.py
[2023-12-15T22:25:50.206+0500] {processor.py:839} INFO - DAG(s) dict_keys(['example_params_trigger_ui']) retrieved from /home/amina/miniconda/lib/python3.11/site-packages/airflow/example_dags/example_params_trigger_ui.py
[2023-12-15T22:25:50.250+0500] {logging_mixin.py:154} INFO - [2023-12-15T22:25:50.250+0500] {dag.py:2941} INFO - Sync 1 DAGs
[2023-12-15T22:25:50.263+0500] {logging_mixin.py:154} INFO - [2023-12-15T22:25:50.263+0500] {dag.py:3722} INFO - Setting next_dagrun for example_params_trigger_ui to None, run_after=None
[2023-12-15T22:25:50.357+0500] {processor.py:179} INFO - Processing /home/amina/miniconda/lib/python3.11/site-packages/airflow/example_dags/example_params_trigger_ui.py took 0.204 seconds
[2023-12-15T22:26:45.975+0500] {processor.py:157} INFO - Started process (PID=10508) to work on /home/amina/miniconda/lib/python3.11/site-packages/airflow/example_dags/example_params_trigger_ui.py
[2023-12-15T22:26:46.040+0500] {processor.py:829} INFO - Processing file /home/amina/miniconda/lib/python3.11/site-packages/airflow/example_dags/example_params_trigger_ui.py for tasks to queue
[2023-12-15T22:26:46.041+0500] {logging_mixin.py:154} INFO - [2023-12-15T22:26:46.040+0500] {dagbag.py:536} INFO - Filling up the DagBag from /home/amina/miniconda/lib/python3.11/site-packages/airflow/example_dags/example_params_trigger_ui.py
[2023-12-15T22:26:46.060+0500] {processor.py:839} INFO - DAG(s) dict_keys(['example_params_trigger_ui']) retrieved from /home/amina/miniconda/lib/python3.11/site-packages/airflow/example_dags/example_params_trigger_ui.py
[2023-12-15T22:26:46.099+0500] {logging_mixin.py:154} INFO - [2023-12-15T22:26:46.099+0500] {dag.py:2941} INFO - Sync 1 DAGs
[2023-12-15T22:26:46.111+0500] {logging_mixin.py:154} INFO - [2023-12-15T22:26:46.110+0500] {dag.py:3722} INFO - Setting next_dagrun for example_params_trigger_ui to None, run_after=None
[2023-12-15T22:26:46.209+0500] {processor.py:179} INFO - Processing /home/amina/miniconda/lib/python3.11/site-packages/airflow/example_dags/example_params_trigger_ui.py took 0.237 seconds
[2023-12-15T22:27:38.794+0500] {processor.py:157} INFO - Started process (PID=10563) to work on /home/amina/miniconda/lib/python3.11/site-packages/airflow/example_dags/example_params_trigger_ui.py
[2023-12-15T22:27:38.808+0500] {processor.py:829} INFO - Processing file /home/amina/miniconda/lib/python3.11/site-packages/airflow/example_dags/example_params_trigger_ui.py for tasks to queue
[2023-12-15T22:27:38.810+0500] {logging_mixin.py:154} INFO - [2023-12-15T22:27:38.809+0500] {dagbag.py:536} INFO - Filling up the DagBag from /home/amina/miniconda/lib/python3.11/site-packages/airflow/example_dags/example_params_trigger_ui.py
[2023-12-15T22:27:38.837+0500] {processor.py:839} INFO - DAG(s) dict_keys(['example_params_trigger_ui']) retrieved from /home/amina/miniconda/lib/python3.11/site-packages/airflow/example_dags/example_params_trigger_ui.py
[2023-12-15T22:27:38.903+0500] {logging_mixin.py:154} INFO - [2023-12-15T22:27:38.903+0500] {dag.py:2941} INFO - Sync 1 DAGs
[2023-12-15T22:27:38.915+0500] {logging_mixin.py:154} INFO - [2023-12-15T22:27:38.915+0500] {dag.py:3722} INFO - Setting next_dagrun for example_params_trigger_ui to None, run_after=None
[2023-12-15T22:27:39.028+0500] {processor.py:179} INFO - Processing /home/amina/miniconda/lib/python3.11/site-packages/airflow/example_dags/example_params_trigger_ui.py took 0.237 seconds
[2023-12-15T22:28:30.286+0500] {processor.py:157} INFO - Started process (PID=10625) to work on /home/amina/miniconda/lib/python3.11/site-packages/airflow/example_dags/example_params_trigger_ui.py
[2023-12-15T22:28:30.327+0500] {processor.py:829} INFO - Processing file /home/amina/miniconda/lib/python3.11/site-packages/airflow/example_dags/example_params_trigger_ui.py for tasks to queue
[2023-12-15T22:28:30.328+0500] {logging_mixin.py:154} INFO - [2023-12-15T22:28:30.328+0500] {dagbag.py:536} INFO - Filling up the DagBag from /home/amina/miniconda/lib/python3.11/site-packages/airflow/example_dags/example_params_trigger_ui.py
[2023-12-15T22:28:30.347+0500] {processor.py:839} INFO - DAG(s) dict_keys(['example_params_trigger_ui']) retrieved from /home/amina/miniconda/lib/python3.11/site-packages/airflow/example_dags/example_params_trigger_ui.py
[2023-12-15T22:28:30.390+0500] {logging_mixin.py:154} INFO - [2023-12-15T22:28:30.389+0500] {dag.py:2941} INFO - Sync 1 DAGs
[2023-12-15T22:28:30.403+0500] {logging_mixin.py:154} INFO - [2023-12-15T22:28:30.402+0500] {dag.py:3722} INFO - Setting next_dagrun for example_params_trigger_ui to None, run_after=None
[2023-12-15T22:28:30.516+0500] {processor.py:179} INFO - Processing /home/amina/miniconda/lib/python3.11/site-packages/airflow/example_dags/example_params_trigger_ui.py took 0.233 seconds
[2023-12-15T22:29:23.623+0500] {processor.py:157} INFO - Started process (PID=10686) to work on /home/amina/miniconda/lib/python3.11/site-packages/airflow/example_dags/example_params_trigger_ui.py
[2023-12-15T22:29:23.637+0500] {processor.py:829} INFO - Processing file /home/amina/miniconda/lib/python3.11/site-packages/airflow/example_dags/example_params_trigger_ui.py for tasks to queue
[2023-12-15T22:29:23.638+0500] {logging_mixin.py:154} INFO - [2023-12-15T22:29:23.637+0500] {dagbag.py:536} INFO - Filling up the DagBag from /home/amina/miniconda/lib/python3.11/site-packages/airflow/example_dags/example_params_trigger_ui.py
[2023-12-15T22:29:23.656+0500] {processor.py:839} INFO - DAG(s) dict_keys(['example_params_trigger_ui']) retrieved from /home/amina/miniconda/lib/python3.11/site-packages/airflow/example_dags/example_params_trigger_ui.py
[2023-12-15T22:29:23.699+0500] {logging_mixin.py:154} INFO - [2023-12-15T22:29:23.699+0500] {dag.py:2941} INFO - Sync 1 DAGs
[2023-12-15T22:29:23.713+0500] {logging_mixin.py:154} INFO - [2023-12-15T22:29:23.712+0500] {dag.py:3722} INFO - Setting next_dagrun for example_params_trigger_ui to None, run_after=None
[2023-12-15T22:29:23.823+0500] {processor.py:179} INFO - Processing /home/amina/miniconda/lib/python3.11/site-packages/airflow/example_dags/example_params_trigger_ui.py took 0.203 seconds
[2023-12-15T22:30:49.546+0500] {processor.py:157} INFO - Started process (PID=10797) to work on /home/amina/miniconda/lib/python3.11/site-packages/airflow/example_dags/example_params_trigger_ui.py
[2023-12-15T22:30:49.587+0500] {processor.py:829} INFO - Processing file /home/amina/miniconda/lib/python3.11/site-packages/airflow/example_dags/example_params_trigger_ui.py for tasks to queue
[2023-12-15T22:30:49.588+0500] {logging_mixin.py:154} INFO - [2023-12-15T22:30:49.588+0500] {dagbag.py:536} INFO - Filling up the DagBag from /home/amina/miniconda/lib/python3.11/site-packages/airflow/example_dags/example_params_trigger_ui.py
[2023-12-15T22:30:49.606+0500] {processor.py:839} INFO - DAG(s) dict_keys(['example_params_trigger_ui']) retrieved from /home/amina/miniconda/lib/python3.11/site-packages/airflow/example_dags/example_params_trigger_ui.py
[2023-12-15T22:30:49.654+0500] {logging_mixin.py:154} INFO - [2023-12-15T22:30:49.654+0500] {dag.py:2941} INFO - Sync 1 DAGs
[2023-12-15T22:30:49.670+0500] {logging_mixin.py:154} INFO - [2023-12-15T22:30:49.669+0500] {dag.py:3722} INFO - Setting next_dagrun for example_params_trigger_ui to None, run_after=None
[2023-12-15T22:30:49.771+0500] {processor.py:179} INFO - Processing /home/amina/miniconda/lib/python3.11/site-packages/airflow/example_dags/example_params_trigger_ui.py took 0.228 seconds
[2023-12-15T22:31:44.037+0500] {processor.py:157} INFO - Started process (PID=10852) to work on /home/amina/miniconda/lib/python3.11/site-packages/airflow/example_dags/example_params_trigger_ui.py
[2023-12-15T22:31:44.098+0500] {processor.py:829} INFO - Processing file /home/amina/miniconda/lib/python3.11/site-packages/airflow/example_dags/example_params_trigger_ui.py for tasks to queue
[2023-12-15T22:31:44.099+0500] {logging_mixin.py:154} INFO - [2023-12-15T22:31:44.099+0500] {dagbag.py:536} INFO - Filling up the DagBag from /home/amina/miniconda/lib/python3.11/site-packages/airflow/example_dags/example_params_trigger_ui.py
[2023-12-15T22:31:44.118+0500] {processor.py:839} INFO - DAG(s) dict_keys(['example_params_trigger_ui']) retrieved from /home/amina/miniconda/lib/python3.11/site-packages/airflow/example_dags/example_params_trigger_ui.py
[2023-12-15T22:31:44.172+0500] {logging_mixin.py:154} INFO - [2023-12-15T22:31:44.172+0500] {dag.py:2941} INFO - Sync 1 DAGs
[2023-12-15T22:31:44.186+0500] {logging_mixin.py:154} INFO - [2023-12-15T22:31:44.186+0500] {dag.py:3722} INFO - Setting next_dagrun for example_params_trigger_ui to None, run_after=None
[2023-12-15T22:31:44.277+0500] {processor.py:179} INFO - Processing /home/amina/miniconda/lib/python3.11/site-packages/airflow/example_dags/example_params_trigger_ui.py took 0.244 seconds
[2023-12-15T22:32:37.987+0500] {processor.py:157} INFO - Started process (PID=10912) to work on /home/amina/miniconda/lib/python3.11/site-packages/airflow/example_dags/example_params_trigger_ui.py
[2023-12-15T22:32:38.020+0500] {processor.py:829} INFO - Processing file /home/amina/miniconda/lib/python3.11/site-packages/airflow/example_dags/example_params_trigger_ui.py for tasks to queue
[2023-12-15T22:32:38.021+0500] {logging_mixin.py:154} INFO - [2023-12-15T22:32:38.020+0500] {dagbag.py:536} INFO - Filling up the DagBag from /home/amina/miniconda/lib/python3.11/site-packages/airflow/example_dags/example_params_trigger_ui.py
[2023-12-15T22:32:38.038+0500] {processor.py:839} INFO - DAG(s) dict_keys(['example_params_trigger_ui']) retrieved from /home/amina/miniconda/lib/python3.11/site-packages/airflow/example_dags/example_params_trigger_ui.py
[2023-12-15T22:32:38.082+0500] {logging_mixin.py:154} INFO - [2023-12-15T22:32:38.082+0500] {dag.py:2941} INFO - Sync 1 DAGs
[2023-12-15T22:32:38.094+0500] {logging_mixin.py:154} INFO - [2023-12-15T22:32:38.093+0500] {dag.py:3722} INFO - Setting next_dagrun for example_params_trigger_ui to None, run_after=None
[2023-12-15T22:32:38.413+0500] {processor.py:179} INFO - Processing /home/amina/miniconda/lib/python3.11/site-packages/airflow/example_dags/example_params_trigger_ui.py took 0.429 seconds
[2023-12-15T22:33:32.579+0500] {processor.py:157} INFO - Started process (PID=10967) to work on /home/amina/miniconda/lib/python3.11/site-packages/airflow/example_dags/example_params_trigger_ui.py
[2023-12-15T22:33:32.620+0500] {processor.py:829} INFO - Processing file /home/amina/miniconda/lib/python3.11/site-packages/airflow/example_dags/example_params_trigger_ui.py for tasks to queue
[2023-12-15T22:33:32.621+0500] {logging_mixin.py:154} INFO - [2023-12-15T22:33:32.621+0500] {dagbag.py:536} INFO - Filling up the DagBag from /home/amina/miniconda/lib/python3.11/site-packages/airflow/example_dags/example_params_trigger_ui.py
[2023-12-15T22:33:32.642+0500] {processor.py:839} INFO - DAG(s) dict_keys(['example_params_trigger_ui']) retrieved from /home/amina/miniconda/lib/python3.11/site-packages/airflow/example_dags/example_params_trigger_ui.py
[2023-12-15T22:33:32.686+0500] {logging_mixin.py:154} INFO - [2023-12-15T22:33:32.686+0500] {dag.py:2941} INFO - Sync 1 DAGs
[2023-12-15T22:33:32.699+0500] {logging_mixin.py:154} INFO - [2023-12-15T22:33:32.699+0500] {dag.py:3722} INFO - Setting next_dagrun for example_params_trigger_ui to None, run_after=None
[2023-12-15T22:33:32.813+0500] {processor.py:179} INFO - Processing /home/amina/miniconda/lib/python3.11/site-packages/airflow/example_dags/example_params_trigger_ui.py took 0.237 seconds
[2023-12-15T22:34:26.169+0500] {processor.py:157} INFO - Started process (PID=11031) to work on /home/amina/miniconda/lib/python3.11/site-packages/airflow/example_dags/example_params_trigger_ui.py
[2023-12-15T22:34:26.198+0500] {processor.py:829} INFO - Processing file /home/amina/miniconda/lib/python3.11/site-packages/airflow/example_dags/example_params_trigger_ui.py for tasks to queue
[2023-12-15T22:34:26.199+0500] {logging_mixin.py:154} INFO - [2023-12-15T22:34:26.198+0500] {dagbag.py:536} INFO - Filling up the DagBag from /home/amina/miniconda/lib/python3.11/site-packages/airflow/example_dags/example_params_trigger_ui.py
[2023-12-15T22:34:26.218+0500] {processor.py:839} INFO - DAG(s) dict_keys(['example_params_trigger_ui']) retrieved from /home/amina/miniconda/lib/python3.11/site-packages/airflow/example_dags/example_params_trigger_ui.py
[2023-12-15T22:34:26.264+0500] {logging_mixin.py:154} INFO - [2023-12-15T22:34:26.264+0500] {dag.py:2941} INFO - Sync 1 DAGs
[2023-12-15T22:34:26.279+0500] {logging_mixin.py:154} INFO - [2023-12-15T22:34:26.279+0500] {dag.py:3722} INFO - Setting next_dagrun for example_params_trigger_ui to None, run_after=None
[2023-12-15T22:34:26.391+0500] {processor.py:179} INFO - Processing /home/amina/miniconda/lib/python3.11/site-packages/airflow/example_dags/example_params_trigger_ui.py took 0.225 seconds
[2023-12-15T22:35:22.040+0500] {processor.py:157} INFO - Started process (PID=11097) to work on /home/amina/miniconda/lib/python3.11/site-packages/airflow/example_dags/example_params_trigger_ui.py
[2023-12-15T22:35:22.080+0500] {processor.py:829} INFO - Processing file /home/amina/miniconda/lib/python3.11/site-packages/airflow/example_dags/example_params_trigger_ui.py for tasks to queue
[2023-12-15T22:35:22.081+0500] {logging_mixin.py:154} INFO - [2023-12-15T22:35:22.080+0500] {dagbag.py:536} INFO - Filling up the DagBag from /home/amina/miniconda/lib/python3.11/site-packages/airflow/example_dags/example_params_trigger_ui.py
[2023-12-15T22:35:22.104+0500] {processor.py:839} INFO - DAG(s) dict_keys(['example_params_trigger_ui']) retrieved from /home/amina/miniconda/lib/python3.11/site-packages/airflow/example_dags/example_params_trigger_ui.py
[2023-12-15T22:35:22.148+0500] {logging_mixin.py:154} INFO - [2023-12-15T22:35:22.147+0500] {dag.py:2941} INFO - Sync 1 DAGs
[2023-12-15T22:35:22.161+0500] {logging_mixin.py:154} INFO - [2023-12-15T22:35:22.161+0500] {dag.py:3722} INFO - Setting next_dagrun for example_params_trigger_ui to None, run_after=None
[2023-12-15T22:35:22.427+0500] {processor.py:179} INFO - Processing /home/amina/miniconda/lib/python3.11/site-packages/airflow/example_dags/example_params_trigger_ui.py took 0.390 seconds
[2023-12-15T22:36:16.115+0500] {processor.py:157} INFO - Started process (PID=11157) to work on /home/amina/miniconda/lib/python3.11/site-packages/airflow/example_dags/example_params_trigger_ui.py
[2023-12-15T22:36:16.144+0500] {processor.py:829} INFO - Processing file /home/amina/miniconda/lib/python3.11/site-packages/airflow/example_dags/example_params_trigger_ui.py for tasks to queue
[2023-12-15T22:36:16.145+0500] {logging_mixin.py:154} INFO - [2023-12-15T22:36:16.145+0500] {dagbag.py:536} INFO - Filling up the DagBag from /home/amina/miniconda/lib/python3.11/site-packages/airflow/example_dags/example_params_trigger_ui.py
[2023-12-15T22:36:16.161+0500] {processor.py:839} INFO - DAG(s) dict_keys(['example_params_trigger_ui']) retrieved from /home/amina/miniconda/lib/python3.11/site-packages/airflow/example_dags/example_params_trigger_ui.py
[2023-12-15T22:36:16.197+0500] {logging_mixin.py:154} INFO - [2023-12-15T22:36:16.197+0500] {dag.py:2941} INFO - Sync 1 DAGs
[2023-12-15T22:36:16.208+0500] {logging_mixin.py:154} INFO - [2023-12-15T22:36:16.208+0500] {dag.py:3722} INFO - Setting next_dagrun for example_params_trigger_ui to None, run_after=None
[2023-12-15T22:36:16.318+0500] {processor.py:179} INFO - Processing /home/amina/miniconda/lib/python3.11/site-packages/airflow/example_dags/example_params_trigger_ui.py took 0.206 seconds
[2023-12-15T22:37:13.170+0500] {processor.py:157} INFO - Started process (PID=11215) to work on /home/amina/miniconda/lib/python3.11/site-packages/airflow/example_dags/example_params_trigger_ui.py
[2023-12-15T22:37:13.216+0500] {processor.py:829} INFO - Processing file /home/amina/miniconda/lib/python3.11/site-packages/airflow/example_dags/example_params_trigger_ui.py for tasks to queue
[2023-12-15T22:37:13.218+0500] {logging_mixin.py:154} INFO - [2023-12-15T22:37:13.217+0500] {dagbag.py:536} INFO - Filling up the DagBag from /home/amina/miniconda/lib/python3.11/site-packages/airflow/example_dags/example_params_trigger_ui.py
[2023-12-15T22:37:13.241+0500] {processor.py:839} INFO - DAG(s) dict_keys(['example_params_trigger_ui']) retrieved from /home/amina/miniconda/lib/python3.11/site-packages/airflow/example_dags/example_params_trigger_ui.py
[2023-12-15T22:37:13.303+0500] {logging_mixin.py:154} INFO - [2023-12-15T22:37:13.303+0500] {dag.py:2941} INFO - Sync 1 DAGs
[2023-12-15T22:37:13.319+0500] {logging_mixin.py:154} INFO - [2023-12-15T22:37:13.319+0500] {dag.py:3722} INFO - Setting next_dagrun for example_params_trigger_ui to None, run_after=None
[2023-12-15T22:37:13.450+0500] {processor.py:179} INFO - Processing /home/amina/miniconda/lib/python3.11/site-packages/airflow/example_dags/example_params_trigger_ui.py took 0.286 seconds
[2023-12-15T22:38:08.516+0500] {processor.py:157} INFO - Started process (PID=11271) to work on /home/amina/miniconda/lib/python3.11/site-packages/airflow/example_dags/example_params_trigger_ui.py
[2023-12-15T22:38:08.571+0500] {processor.py:829} INFO - Processing file /home/amina/miniconda/lib/python3.11/site-packages/airflow/example_dags/example_params_trigger_ui.py for tasks to queue
[2023-12-15T22:38:08.572+0500] {logging_mixin.py:154} INFO - [2023-12-15T22:38:08.571+0500] {dagbag.py:536} INFO - Filling up the DagBag from /home/amina/miniconda/lib/python3.11/site-packages/airflow/example_dags/example_params_trigger_ui.py
[2023-12-15T22:38:08.590+0500] {processor.py:839} INFO - DAG(s) dict_keys(['example_params_trigger_ui']) retrieved from /home/amina/miniconda/lib/python3.11/site-packages/airflow/example_dags/example_params_trigger_ui.py
[2023-12-15T22:38:08.629+0500] {logging_mixin.py:154} INFO - [2023-12-15T22:38:08.629+0500] {dag.py:2941} INFO - Sync 1 DAGs
[2023-12-15T22:38:08.641+0500] {logging_mixin.py:154} INFO - [2023-12-15T22:38:08.641+0500] {dag.py:3722} INFO - Setting next_dagrun for example_params_trigger_ui to None, run_after=None
[2023-12-15T22:38:08.753+0500] {processor.py:179} INFO - Processing /home/amina/miniconda/lib/python3.11/site-packages/airflow/example_dags/example_params_trigger_ui.py took 0.240 seconds
[2023-12-15T22:39:01.580+0500] {processor.py:157} INFO - Started process (PID=11325) to work on /home/amina/miniconda/lib/python3.11/site-packages/airflow/example_dags/example_params_trigger_ui.py
[2023-12-15T22:39:01.614+0500] {processor.py:829} INFO - Processing file /home/amina/miniconda/lib/python3.11/site-packages/airflow/example_dags/example_params_trigger_ui.py for tasks to queue
[2023-12-15T22:39:01.615+0500] {logging_mixin.py:154} INFO - [2023-12-15T22:39:01.614+0500] {dagbag.py:536} INFO - Filling up the DagBag from /home/amina/miniconda/lib/python3.11/site-packages/airflow/example_dags/example_params_trigger_ui.py
[2023-12-15T22:39:01.631+0500] {processor.py:839} INFO - DAG(s) dict_keys(['example_params_trigger_ui']) retrieved from /home/amina/miniconda/lib/python3.11/site-packages/airflow/example_dags/example_params_trigger_ui.py
[2023-12-15T22:39:01.666+0500] {logging_mixin.py:154} INFO - [2023-12-15T22:39:01.666+0500] {dag.py:2941} INFO - Sync 1 DAGs
[2023-12-15T22:39:01.680+0500] {logging_mixin.py:154} INFO - [2023-12-15T22:39:01.679+0500] {dag.py:3722} INFO - Setting next_dagrun for example_params_trigger_ui to None, run_after=None
[2023-12-15T22:39:01.791+0500] {processor.py:179} INFO - Processing /home/amina/miniconda/lib/python3.11/site-packages/airflow/example_dags/example_params_trigger_ui.py took 0.215 seconds
[2023-12-15T22:39:53.578+0500] {processor.py:157} INFO - Started process (PID=11384) to work on /home/amina/miniconda/lib/python3.11/site-packages/airflow/example_dags/example_params_trigger_ui.py
[2023-12-15T22:39:53.609+0500] {processor.py:829} INFO - Processing file /home/amina/miniconda/lib/python3.11/site-packages/airflow/example_dags/example_params_trigger_ui.py for tasks to queue
[2023-12-15T22:39:53.609+0500] {logging_mixin.py:154} INFO - [2023-12-15T22:39:53.609+0500] {dagbag.py:536} INFO - Filling up the DagBag from /home/amina/miniconda/lib/python3.11/site-packages/airflow/example_dags/example_params_trigger_ui.py
[2023-12-15T22:39:53.631+0500] {processor.py:839} INFO - DAG(s) dict_keys(['example_params_trigger_ui']) retrieved from /home/amina/miniconda/lib/python3.11/site-packages/airflow/example_dags/example_params_trigger_ui.py
[2023-12-15T22:39:53.677+0500] {logging_mixin.py:154} INFO - [2023-12-15T22:39:53.677+0500] {dag.py:2941} INFO - Sync 1 DAGs
[2023-12-15T22:39:53.690+0500] {logging_mixin.py:154} INFO - [2023-12-15T22:39:53.690+0500] {dag.py:3722} INFO - Setting next_dagrun for example_params_trigger_ui to None, run_after=None
[2023-12-15T22:39:53.812+0500] {processor.py:179} INFO - Processing /home/amina/miniconda/lib/python3.11/site-packages/airflow/example_dags/example_params_trigger_ui.py took 0.238 seconds
[2023-12-15T22:40:50.147+0500] {processor.py:157} INFO - Started process (PID=11518) to work on /home/amina/miniconda/lib/python3.11/site-packages/airflow/example_dags/example_params_trigger_ui.py
[2023-12-15T22:40:50.203+0500] {processor.py:829} INFO - Processing file /home/amina/miniconda/lib/python3.11/site-packages/airflow/example_dags/example_params_trigger_ui.py for tasks to queue
[2023-12-15T22:40:50.203+0500] {logging_mixin.py:154} INFO - [2023-12-15T22:40:50.203+0500] {dagbag.py:536} INFO - Filling up the DagBag from /home/amina/miniconda/lib/python3.11/site-packages/airflow/example_dags/example_params_trigger_ui.py
[2023-12-15T22:40:50.220+0500] {processor.py:839} INFO - DAG(s) dict_keys(['example_params_trigger_ui']) retrieved from /home/amina/miniconda/lib/python3.11/site-packages/airflow/example_dags/example_params_trigger_ui.py
[2023-12-15T22:40:50.256+0500] {logging_mixin.py:154} INFO - [2023-12-15T22:40:50.256+0500] {dag.py:2941} INFO - Sync 1 DAGs
[2023-12-15T22:40:50.267+0500] {logging_mixin.py:154} INFO - [2023-12-15T22:40:50.266+0500] {dag.py:3722} INFO - Setting next_dagrun for example_params_trigger_ui to None, run_after=None
[2023-12-15T22:40:50.371+0500] {processor.py:179} INFO - Processing /home/amina/miniconda/lib/python3.11/site-packages/airflow/example_dags/example_params_trigger_ui.py took 0.228 seconds
[2023-12-15T22:41:46.311+0500] {processor.py:157} INFO - Started process (PID=11585) to work on /home/amina/miniconda/lib/python3.11/site-packages/airflow/example_dags/example_params_trigger_ui.py
[2023-12-15T22:41:46.360+0500] {processor.py:829} INFO - Processing file /home/amina/miniconda/lib/python3.11/site-packages/airflow/example_dags/example_params_trigger_ui.py for tasks to queue
[2023-12-15T22:41:46.361+0500] {logging_mixin.py:154} INFO - [2023-12-15T22:41:46.360+0500] {dagbag.py:536} INFO - Filling up the DagBag from /home/amina/miniconda/lib/python3.11/site-packages/airflow/example_dags/example_params_trigger_ui.py
[2023-12-15T22:41:46.381+0500] {processor.py:839} INFO - DAG(s) dict_keys(['example_params_trigger_ui']) retrieved from /home/amina/miniconda/lib/python3.11/site-packages/airflow/example_dags/example_params_trigger_ui.py
[2023-12-15T22:41:46.430+0500] {logging_mixin.py:154} INFO - [2023-12-15T22:41:46.430+0500] {dag.py:2941} INFO - Sync 1 DAGs
[2023-12-15T22:41:46.449+0500] {logging_mixin.py:154} INFO - [2023-12-15T22:41:46.449+0500] {dag.py:3722} INFO - Setting next_dagrun for example_params_trigger_ui to None, run_after=None
[2023-12-15T22:41:46.565+0500] {processor.py:179} INFO - Processing /home/amina/miniconda/lib/python3.11/site-packages/airflow/example_dags/example_params_trigger_ui.py took 0.258 seconds
[2023-12-15T22:42:36.762+0500] {processor.py:157} INFO - Started process (PID=11652) to work on /home/amina/miniconda/lib/python3.11/site-packages/airflow/example_dags/example_params_trigger_ui.py
[2023-12-15T22:42:36.819+0500] {processor.py:829} INFO - Processing file /home/amina/miniconda/lib/python3.11/site-packages/airflow/example_dags/example_params_trigger_ui.py for tasks to queue
[2023-12-15T22:42:36.819+0500] {logging_mixin.py:154} INFO - [2023-12-15T22:42:36.819+0500] {dagbag.py:536} INFO - Filling up the DagBag from /home/amina/miniconda/lib/python3.11/site-packages/airflow/example_dags/example_params_trigger_ui.py
[2023-12-15T22:42:36.836+0500] {processor.py:839} INFO - DAG(s) dict_keys(['example_params_trigger_ui']) retrieved from /home/amina/miniconda/lib/python3.11/site-packages/airflow/example_dags/example_params_trigger_ui.py
[2023-12-15T22:42:36.872+0500] {logging_mixin.py:154} INFO - [2023-12-15T22:42:36.872+0500] {dag.py:2941} INFO - Sync 1 DAGs
[2023-12-15T22:42:36.882+0500] {logging_mixin.py:154} INFO - [2023-12-15T22:42:36.882+0500] {dag.py:3722} INFO - Setting next_dagrun for example_params_trigger_ui to None, run_after=None
[2023-12-15T22:42:36.976+0500] {processor.py:179} INFO - Processing /home/amina/miniconda/lib/python3.11/site-packages/airflow/example_dags/example_params_trigger_ui.py took 0.217 seconds
[2023-12-15T22:43:44.551+0500] {processor.py:157} INFO - Started process (PID=11726) to work on /home/amina/miniconda/lib/python3.11/site-packages/airflow/example_dags/example_params_trigger_ui.py
[2023-12-15T22:43:44.612+0500] {processor.py:829} INFO - Processing file /home/amina/miniconda/lib/python3.11/site-packages/airflow/example_dags/example_params_trigger_ui.py for tasks to queue
[2023-12-15T22:43:44.613+0500] {logging_mixin.py:154} INFO - [2023-12-15T22:43:44.612+0500] {dagbag.py:536} INFO - Filling up the DagBag from /home/amina/miniconda/lib/python3.11/site-packages/airflow/example_dags/example_params_trigger_ui.py
[2023-12-15T22:43:44.628+0500] {processor.py:839} INFO - DAG(s) dict_keys(['example_params_trigger_ui']) retrieved from /home/amina/miniconda/lib/python3.11/site-packages/airflow/example_dags/example_params_trigger_ui.py
[2023-12-15T22:43:44.664+0500] {logging_mixin.py:154} INFO - [2023-12-15T22:43:44.664+0500] {dag.py:2941} INFO - Sync 1 DAGs
[2023-12-15T22:43:44.675+0500] {logging_mixin.py:154} INFO - [2023-12-15T22:43:44.675+0500] {dag.py:3722} INFO - Setting next_dagrun for example_params_trigger_ui to None, run_after=None
[2023-12-15T22:43:44.758+0500] {processor.py:179} INFO - Processing /home/amina/miniconda/lib/python3.11/site-packages/airflow/example_dags/example_params_trigger_ui.py took 0.211 seconds
[2023-12-15T22:44:39.792+0500] {processor.py:157} INFO - Started process (PID=11783) to work on /home/amina/miniconda/lib/python3.11/site-packages/airflow/example_dags/example_params_trigger_ui.py
[2023-12-15T22:44:39.808+0500] {processor.py:829} INFO - Processing file /home/amina/miniconda/lib/python3.11/site-packages/airflow/example_dags/example_params_trigger_ui.py for tasks to queue
[2023-12-15T22:44:39.809+0500] {logging_mixin.py:154} INFO - [2023-12-15T22:44:39.808+0500] {dagbag.py:536} INFO - Filling up the DagBag from /home/amina/miniconda/lib/python3.11/site-packages/airflow/example_dags/example_params_trigger_ui.py
[2023-12-15T22:44:39.827+0500] {processor.py:839} INFO - DAG(s) dict_keys(['example_params_trigger_ui']) retrieved from /home/amina/miniconda/lib/python3.11/site-packages/airflow/example_dags/example_params_trigger_ui.py
[2023-12-15T22:44:39.867+0500] {logging_mixin.py:154} INFO - [2023-12-15T22:44:39.867+0500] {dag.py:2941} INFO - Sync 1 DAGs
[2023-12-15T22:44:39.880+0500] {logging_mixin.py:154} INFO - [2023-12-15T22:44:39.879+0500] {dag.py:3722} INFO - Setting next_dagrun for example_params_trigger_ui to None, run_after=None
[2023-12-15T22:44:39.989+0500] {processor.py:179} INFO - Processing /home/amina/miniconda/lib/python3.11/site-packages/airflow/example_dags/example_params_trigger_ui.py took 0.200 seconds
[2023-12-15T22:45:33.075+0500] {processor.py:157} INFO - Started process (PID=11850) to work on /home/amina/miniconda/lib/python3.11/site-packages/airflow/example_dags/example_params_trigger_ui.py
[2023-12-15T22:45:33.099+0500] {processor.py:829} INFO - Processing file /home/amina/miniconda/lib/python3.11/site-packages/airflow/example_dags/example_params_trigger_ui.py for tasks to queue
[2023-12-15T22:45:33.100+0500] {logging_mixin.py:154} INFO - [2023-12-15T22:45:33.099+0500] {dagbag.py:536} INFO - Filling up the DagBag from /home/amina/miniconda/lib/python3.11/site-packages/airflow/example_dags/example_params_trigger_ui.py
[2023-12-15T22:45:33.116+0500] {processor.py:839} INFO - DAG(s) dict_keys(['example_params_trigger_ui']) retrieved from /home/amina/miniconda/lib/python3.11/site-packages/airflow/example_dags/example_params_trigger_ui.py
[2023-12-15T22:45:33.160+0500] {logging_mixin.py:154} INFO - [2023-12-15T22:45:33.160+0500] {dag.py:2941} INFO - Sync 1 DAGs
[2023-12-15T22:45:33.171+0500] {logging_mixin.py:154} INFO - [2023-12-15T22:45:33.171+0500] {dag.py:3722} INFO - Setting next_dagrun for example_params_trigger_ui to None, run_after=None
[2023-12-15T22:45:33.274+0500] {processor.py:179} INFO - Processing /home/amina/miniconda/lib/python3.11/site-packages/airflow/example_dags/example_params_trigger_ui.py took 0.202 seconds
[2023-12-15T22:46:28.508+0500] {processor.py:157} INFO - Started process (PID=11905) to work on /home/amina/miniconda/lib/python3.11/site-packages/airflow/example_dags/example_params_trigger_ui.py
[2023-12-15T22:46:28.556+0500] {processor.py:829} INFO - Processing file /home/amina/miniconda/lib/python3.11/site-packages/airflow/example_dags/example_params_trigger_ui.py for tasks to queue
[2023-12-15T22:46:28.557+0500] {logging_mixin.py:154} INFO - [2023-12-15T22:46:28.557+0500] {dagbag.py:536} INFO - Filling up the DagBag from /home/amina/miniconda/lib/python3.11/site-packages/airflow/example_dags/example_params_trigger_ui.py
[2023-12-15T22:46:28.575+0500] {processor.py:839} INFO - DAG(s) dict_keys(['example_params_trigger_ui']) retrieved from /home/amina/miniconda/lib/python3.11/site-packages/airflow/example_dags/example_params_trigger_ui.py
[2023-12-15T22:46:28.623+0500] {logging_mixin.py:154} INFO - [2023-12-15T22:46:28.623+0500] {dag.py:2941} INFO - Sync 1 DAGs
[2023-12-15T22:46:28.642+0500] {logging_mixin.py:154} INFO - [2023-12-15T22:46:28.641+0500] {dag.py:3722} INFO - Setting next_dagrun for example_params_trigger_ui to None, run_after=None
[2023-12-15T22:46:28.748+0500] {processor.py:179} INFO - Processing /home/amina/miniconda/lib/python3.11/site-packages/airflow/example_dags/example_params_trigger_ui.py took 0.243 seconds
[2023-12-15T22:47:26.336+0500] {processor.py:157} INFO - Started process (PID=11985) to work on /home/amina/miniconda/lib/python3.11/site-packages/airflow/example_dags/example_params_trigger_ui.py
[2023-12-15T22:47:26.356+0500] {processor.py:829} INFO - Processing file /home/amina/miniconda/lib/python3.11/site-packages/airflow/example_dags/example_params_trigger_ui.py for tasks to queue
[2023-12-15T22:47:26.357+0500] {logging_mixin.py:154} INFO - [2023-12-15T22:47:26.357+0500] {dagbag.py:536} INFO - Filling up the DagBag from /home/amina/miniconda/lib/python3.11/site-packages/airflow/example_dags/example_params_trigger_ui.py
[2023-12-15T22:47:26.377+0500] {processor.py:839} INFO - DAG(s) dict_keys(['example_params_trigger_ui']) retrieved from /home/amina/miniconda/lib/python3.11/site-packages/airflow/example_dags/example_params_trigger_ui.py
[2023-12-15T22:47:26.421+0500] {logging_mixin.py:154} INFO - [2023-12-15T22:47:26.420+0500] {dag.py:2941} INFO - Sync 1 DAGs
[2023-12-15T22:47:26.433+0500] {logging_mixin.py:154} INFO - [2023-12-15T22:47:26.433+0500] {dag.py:3722} INFO - Setting next_dagrun for example_params_trigger_ui to None, run_after=None
[2023-12-15T22:47:26.536+0500] {processor.py:179} INFO - Processing /home/amina/miniconda/lib/python3.11/site-packages/airflow/example_dags/example_params_trigger_ui.py took 0.204 seconds
[2023-12-15T22:48:24.119+0500] {processor.py:157} INFO - Started process (PID=12079) to work on /home/amina/miniconda/lib/python3.11/site-packages/airflow/example_dags/example_params_trigger_ui.py
[2023-12-15T22:48:24.147+0500] {processor.py:829} INFO - Processing file /home/amina/miniconda/lib/python3.11/site-packages/airflow/example_dags/example_params_trigger_ui.py for tasks to queue
[2023-12-15T22:48:24.149+0500] {logging_mixin.py:154} INFO - [2023-12-15T22:48:24.148+0500] {dagbag.py:536} INFO - Filling up the DagBag from /home/amina/miniconda/lib/python3.11/site-packages/airflow/example_dags/example_params_trigger_ui.py
[2023-12-15T22:48:24.170+0500] {processor.py:839} INFO - DAG(s) dict_keys(['example_params_trigger_ui']) retrieved from /home/amina/miniconda/lib/python3.11/site-packages/airflow/example_dags/example_params_trigger_ui.py
[2023-12-15T22:48:24.214+0500] {logging_mixin.py:154} INFO - [2023-12-15T22:48:24.214+0500] {dag.py:2941} INFO - Sync 1 DAGs
[2023-12-15T22:48:24.228+0500] {logging_mixin.py:154} INFO - [2023-12-15T22:48:24.228+0500] {dag.py:3722} INFO - Setting next_dagrun for example_params_trigger_ui to None, run_after=None
[2023-12-15T22:48:24.685+0500] {processor.py:179} INFO - Processing /home/amina/miniconda/lib/python3.11/site-packages/airflow/example_dags/example_params_trigger_ui.py took 0.570 seconds
[2023-12-15T22:49:57.915+0500] {processor.py:157} INFO - Started process (PID=12226) to work on /home/amina/miniconda/lib/python3.11/site-packages/airflow/example_dags/example_params_trigger_ui.py
[2023-12-15T22:49:57.941+0500] {processor.py:829} INFO - Processing file /home/amina/miniconda/lib/python3.11/site-packages/airflow/example_dags/example_params_trigger_ui.py for tasks to queue
[2023-12-15T22:49:57.942+0500] {logging_mixin.py:154} INFO - [2023-12-15T22:49:57.942+0500] {dagbag.py:536} INFO - Filling up the DagBag from /home/amina/miniconda/lib/python3.11/site-packages/airflow/example_dags/example_params_trigger_ui.py
[2023-12-15T22:49:57.962+0500] {processor.py:839} INFO - DAG(s) dict_keys(['example_params_trigger_ui']) retrieved from /home/amina/miniconda/lib/python3.11/site-packages/airflow/example_dags/example_params_trigger_ui.py
[2023-12-15T22:49:58.009+0500] {logging_mixin.py:154} INFO - [2023-12-15T22:49:58.009+0500] {dag.py:2941} INFO - Sync 1 DAGs
[2023-12-15T22:49:58.026+0500] {logging_mixin.py:154} INFO - [2023-12-15T22:49:58.025+0500] {dag.py:3722} INFO - Setting next_dagrun for example_params_trigger_ui to None, run_after=None
[2023-12-15T22:49:58.125+0500] {processor.py:179} INFO - Processing /home/amina/miniconda/lib/python3.11/site-packages/airflow/example_dags/example_params_trigger_ui.py took 0.214 seconds
[2023-12-15T22:50:56.719+0500] {processor.py:157} INFO - Started process (PID=12331) to work on /home/amina/miniconda/lib/python3.11/site-packages/airflow/example_dags/example_params_trigger_ui.py
[2023-12-15T22:50:56.747+0500] {processor.py:829} INFO - Processing file /home/amina/miniconda/lib/python3.11/site-packages/airflow/example_dags/example_params_trigger_ui.py for tasks to queue
[2023-12-15T22:50:56.748+0500] {logging_mixin.py:154} INFO - [2023-12-15T22:50:56.747+0500] {dagbag.py:536} INFO - Filling up the DagBag from /home/amina/miniconda/lib/python3.11/site-packages/airflow/example_dags/example_params_trigger_ui.py
[2023-12-15T22:50:56.766+0500] {processor.py:839} INFO - DAG(s) dict_keys(['example_params_trigger_ui']) retrieved from /home/amina/miniconda/lib/python3.11/site-packages/airflow/example_dags/example_params_trigger_ui.py
[2023-12-15T22:50:56.809+0500] {logging_mixin.py:154} INFO - [2023-12-15T22:50:56.809+0500] {dag.py:2941} INFO - Sync 1 DAGs
[2023-12-15T22:50:56.822+0500] {logging_mixin.py:154} INFO - [2023-12-15T22:50:56.822+0500] {dag.py:3722} INFO - Setting next_dagrun for example_params_trigger_ui to None, run_after=None
[2023-12-15T22:50:56.915+0500] {processor.py:179} INFO - Processing /home/amina/miniconda/lib/python3.11/site-packages/airflow/example_dags/example_params_trigger_ui.py took 0.199 seconds
[2023-12-15T22:51:52.199+0500] {processor.py:157} INFO - Started process (PID=12388) to work on /home/amina/miniconda/lib/python3.11/site-packages/airflow/example_dags/example_params_trigger_ui.py
[2023-12-15T22:51:52.294+0500] {processor.py:829} INFO - Processing file /home/amina/miniconda/lib/python3.11/site-packages/airflow/example_dags/example_params_trigger_ui.py for tasks to queue
[2023-12-15T22:51:52.295+0500] {logging_mixin.py:154} INFO - [2023-12-15T22:51:52.295+0500] {dagbag.py:536} INFO - Filling up the DagBag from /home/amina/miniconda/lib/python3.11/site-packages/airflow/example_dags/example_params_trigger_ui.py
[2023-12-15T22:51:52.317+0500] {processor.py:839} INFO - DAG(s) dict_keys(['example_params_trigger_ui']) retrieved from /home/amina/miniconda/lib/python3.11/site-packages/airflow/example_dags/example_params_trigger_ui.py
[2023-12-15T22:51:52.359+0500] {logging_mixin.py:154} INFO - [2023-12-15T22:51:52.358+0500] {dag.py:2941} INFO - Sync 1 DAGs
[2023-12-15T22:51:52.370+0500] {logging_mixin.py:154} INFO - [2023-12-15T22:51:52.370+0500] {dag.py:3722} INFO - Setting next_dagrun for example_params_trigger_ui to None, run_after=None
[2023-12-15T22:51:52.462+0500] {processor.py:179} INFO - Processing /home/amina/miniconda/lib/python3.11/site-packages/airflow/example_dags/example_params_trigger_ui.py took 0.267 seconds
