[2023-11-28T11:37:23.023+0500] {processor.py:157} INFO - Started process (PID=6474) to work on /home/amina/miniconda/lib/python3.11/site-packages/airflow/example_dags/plugins/event_listener.py
[2023-11-28T11:37:23.023+0500] {processor.py:829} INFO - Processing file /home/amina/miniconda/lib/python3.11/site-packages/airflow/example_dags/plugins/event_listener.py for tasks to queue
[2023-11-28T11:37:23.025+0500] {logging_mixin.py:154} INFO - [2023-11-28T11:37:23.024+0500] {dagbag.py:536} INFO - Filling up the DagBag from /home/amina/miniconda/lib/python3.11/site-packages/airflow/example_dags/plugins/event_listener.py
[2023-11-28T11:37:23.027+0500] {processor.py:841} WARNING - No viable dags retrieved from /home/amina/miniconda/lib/python3.11/site-packages/airflow/example_dags/plugins/event_listener.py
[2023-11-28T11:37:23.041+0500] {processor.py:179} INFO - Processing /home/amina/miniconda/lib/python3.11/site-packages/airflow/example_dags/plugins/event_listener.py took 0.021 seconds
[2023-11-28T11:38:23.913+0500] {processor.py:157} INFO - Started process (PID=6620) to work on /home/amina/miniconda/lib/python3.11/site-packages/airflow/example_dags/plugins/event_listener.py
[2023-11-28T11:38:23.942+0500] {processor.py:829} INFO - Processing file /home/amina/miniconda/lib/python3.11/site-packages/airflow/example_dags/plugins/event_listener.py for tasks to queue
[2023-11-28T11:38:23.943+0500] {logging_mixin.py:154} INFO - [2023-11-28T11:38:23.943+0500] {dagbag.py:536} INFO - Filling up the DagBag from /home/amina/miniconda/lib/python3.11/site-packages/airflow/example_dags/plugins/event_listener.py
[2023-11-28T11:38:23.945+0500] {processor.py:841} WARNING - No viable dags retrieved from /home/amina/miniconda/lib/python3.11/site-packages/airflow/example_dags/plugins/event_listener.py
[2023-11-28T11:38:23.953+0500] {processor.py:179} INFO - Processing /home/amina/miniconda/lib/python3.11/site-packages/airflow/example_dags/plugins/event_listener.py took 0.043 seconds
[2023-11-28T11:39:12.201+0500] {processor.py:157} INFO - Started process (PID=6737) to work on /home/amina/miniconda/lib/python3.11/site-packages/airflow/example_dags/plugins/event_listener.py
[2023-11-28T11:39:12.224+0500] {processor.py:829} INFO - Processing file /home/amina/miniconda/lib/python3.11/site-packages/airflow/example_dags/plugins/event_listener.py for tasks to queue
[2023-11-28T11:39:12.225+0500] {logging_mixin.py:154} INFO - [2023-11-28T11:39:12.224+0500] {dagbag.py:536} INFO - Filling up the DagBag from /home/amina/miniconda/lib/python3.11/site-packages/airflow/example_dags/plugins/event_listener.py
[2023-11-28T11:39:12.227+0500] {processor.py:841} WARNING - No viable dags retrieved from /home/amina/miniconda/lib/python3.11/site-packages/airflow/example_dags/plugins/event_listener.py
[2023-11-28T11:39:12.235+0500] {processor.py:179} INFO - Processing /home/amina/miniconda/lib/python3.11/site-packages/airflow/example_dags/plugins/event_listener.py took 0.037 seconds
[2023-11-28T11:40:09.431+0500] {processor.py:157} INFO - Started process (PID=6791) to work on /home/amina/miniconda/lib/python3.11/site-packages/airflow/example_dags/plugins/event_listener.py
[2023-11-28T11:40:09.473+0500] {processor.py:829} INFO - Processing file /home/amina/miniconda/lib/python3.11/site-packages/airflow/example_dags/plugins/event_listener.py for tasks to queue
[2023-11-28T11:40:09.474+0500] {logging_mixin.py:154} INFO - [2023-11-28T11:40:09.474+0500] {dagbag.py:536} INFO - Filling up the DagBag from /home/amina/miniconda/lib/python3.11/site-packages/airflow/example_dags/plugins/event_listener.py
[2023-11-28T11:40:09.476+0500] {processor.py:841} WARNING - No viable dags retrieved from /home/amina/miniconda/lib/python3.11/site-packages/airflow/example_dags/plugins/event_listener.py
[2023-11-28T11:40:09.484+0500] {processor.py:179} INFO - Processing /home/amina/miniconda/lib/python3.11/site-packages/airflow/example_dags/plugins/event_listener.py took 0.057 seconds
[2023-11-28T11:41:05.182+0500] {processor.py:157} INFO - Started process (PID=6852) to work on /home/amina/miniconda/lib/python3.11/site-packages/airflow/example_dags/plugins/event_listener.py
[2023-11-28T11:41:05.201+0500] {processor.py:829} INFO - Processing file /home/amina/miniconda/lib/python3.11/site-packages/airflow/example_dags/plugins/event_listener.py for tasks to queue
[2023-11-28T11:41:05.202+0500] {logging_mixin.py:154} INFO - [2023-11-28T11:41:05.202+0500] {dagbag.py:536} INFO - Filling up the DagBag from /home/amina/miniconda/lib/python3.11/site-packages/airflow/example_dags/plugins/event_listener.py
[2023-11-28T11:41:05.204+0500] {processor.py:841} WARNING - No viable dags retrieved from /home/amina/miniconda/lib/python3.11/site-packages/airflow/example_dags/plugins/event_listener.py
[2023-11-28T11:41:05.213+0500] {processor.py:179} INFO - Processing /home/amina/miniconda/lib/python3.11/site-packages/airflow/example_dags/plugins/event_listener.py took 0.034 seconds
[2023-11-28T11:41:47.897+0500] {processor.py:157} INFO - Started process (PID=6897) to work on /home/amina/miniconda/lib/python3.11/site-packages/airflow/example_dags/plugins/event_listener.py
[2023-11-28T11:41:47.901+0500] {processor.py:829} INFO - Processing file /home/amina/miniconda/lib/python3.11/site-packages/airflow/example_dags/plugins/event_listener.py for tasks to queue
[2023-11-28T11:41:47.902+0500] {logging_mixin.py:154} INFO - [2023-11-28T11:41:47.902+0500] {dagbag.py:536} INFO - Filling up the DagBag from /home/amina/miniconda/lib/python3.11/site-packages/airflow/example_dags/plugins/event_listener.py
[2023-11-28T11:41:47.905+0500] {processor.py:841} WARNING - No viable dags retrieved from /home/amina/miniconda/lib/python3.11/site-packages/airflow/example_dags/plugins/event_listener.py
[2023-11-28T11:41:47.914+0500] {processor.py:179} INFO - Processing /home/amina/miniconda/lib/python3.11/site-packages/airflow/example_dags/plugins/event_listener.py took 0.021 seconds
[2023-11-28T11:42:30.916+0500] {processor.py:157} INFO - Started process (PID=6940) to work on /home/amina/miniconda/lib/python3.11/site-packages/airflow/example_dags/plugins/event_listener.py
[2023-11-28T11:42:30.946+0500] {processor.py:829} INFO - Processing file /home/amina/miniconda/lib/python3.11/site-packages/airflow/example_dags/plugins/event_listener.py for tasks to queue
[2023-11-28T11:42:30.947+0500] {logging_mixin.py:154} INFO - [2023-11-28T11:42:30.947+0500] {dagbag.py:536} INFO - Filling up the DagBag from /home/amina/miniconda/lib/python3.11/site-packages/airflow/example_dags/plugins/event_listener.py
[2023-11-28T11:42:30.949+0500] {processor.py:841} WARNING - No viable dags retrieved from /home/amina/miniconda/lib/python3.11/site-packages/airflow/example_dags/plugins/event_listener.py
[2023-11-28T11:42:30.958+0500] {processor.py:179} INFO - Processing /home/amina/miniconda/lib/python3.11/site-packages/airflow/example_dags/plugins/event_listener.py took 0.045 seconds
[2023-11-28T11:47:45.897+0500] {processor.py:157} INFO - Started process (PID=7355) to work on /home/amina/miniconda/lib/python3.11/site-packages/airflow/example_dags/plugins/event_listener.py
[2023-11-28T11:47:45.918+0500] {processor.py:829} INFO - Processing file /home/amina/miniconda/lib/python3.11/site-packages/airflow/example_dags/plugins/event_listener.py for tasks to queue
[2023-11-28T11:47:45.920+0500] {logging_mixin.py:154} INFO - [2023-11-28T11:47:45.919+0500] {dagbag.py:536} INFO - Filling up the DagBag from /home/amina/miniconda/lib/python3.11/site-packages/airflow/example_dags/plugins/event_listener.py
[2023-11-28T11:47:45.922+0500] {processor.py:841} WARNING - No viable dags retrieved from /home/amina/miniconda/lib/python3.11/site-packages/airflow/example_dags/plugins/event_listener.py
[2023-11-28T11:47:45.934+0500] {processor.py:179} INFO - Processing /home/amina/miniconda/lib/python3.11/site-packages/airflow/example_dags/plugins/event_listener.py took 0.039 seconds
[2023-11-28T11:48:38.348+0500] {processor.py:157} INFO - Started process (PID=7413) to work on /home/amina/miniconda/lib/python3.11/site-packages/airflow/example_dags/plugins/event_listener.py
[2023-11-28T11:48:38.375+0500] {processor.py:829} INFO - Processing file /home/amina/miniconda/lib/python3.11/site-packages/airflow/example_dags/plugins/event_listener.py for tasks to queue
[2023-11-28T11:48:38.376+0500] {logging_mixin.py:154} INFO - [2023-11-28T11:48:38.376+0500] {dagbag.py:536} INFO - Filling up the DagBag from /home/amina/miniconda/lib/python3.11/site-packages/airflow/example_dags/plugins/event_listener.py
[2023-11-28T11:48:38.380+0500] {processor.py:841} WARNING - No viable dags retrieved from /home/amina/miniconda/lib/python3.11/site-packages/airflow/example_dags/plugins/event_listener.py
[2023-11-28T11:48:38.399+0500] {processor.py:179} INFO - Processing /home/amina/miniconda/lib/python3.11/site-packages/airflow/example_dags/plugins/event_listener.py took 0.055 seconds
[2023-11-28T11:49:42.960+0500] {processor.py:157} INFO - Started process (PID=7451) to work on /home/amina/miniconda/lib/python3.11/site-packages/airflow/example_dags/plugins/event_listener.py
[2023-11-28T11:49:42.985+0500] {processor.py:829} INFO - Processing file /home/amina/miniconda/lib/python3.11/site-packages/airflow/example_dags/plugins/event_listener.py for tasks to queue
[2023-11-28T11:49:42.986+0500] {logging_mixin.py:154} INFO - [2023-11-28T11:49:42.986+0500] {dagbag.py:536} INFO - Filling up the DagBag from /home/amina/miniconda/lib/python3.11/site-packages/airflow/example_dags/plugins/event_listener.py
[2023-11-28T11:49:42.989+0500] {processor.py:841} WARNING - No viable dags retrieved from /home/amina/miniconda/lib/python3.11/site-packages/airflow/example_dags/plugins/event_listener.py
[2023-11-28T11:49:43.003+0500] {processor.py:179} INFO - Processing /home/amina/miniconda/lib/python3.11/site-packages/airflow/example_dags/plugins/event_listener.py took 0.048 seconds
[2023-11-28T11:50:39.312+0500] {processor.py:157} INFO - Started process (PID=7497) to work on /home/amina/miniconda/lib/python3.11/site-packages/airflow/example_dags/plugins/event_listener.py
[2023-11-28T11:50:39.323+0500] {processor.py:829} INFO - Processing file /home/amina/miniconda/lib/python3.11/site-packages/airflow/example_dags/plugins/event_listener.py for tasks to queue
[2023-11-28T11:50:39.324+0500] {logging_mixin.py:154} INFO - [2023-11-28T11:50:39.324+0500] {dagbag.py:536} INFO - Filling up the DagBag from /home/amina/miniconda/lib/python3.11/site-packages/airflow/example_dags/plugins/event_listener.py
[2023-11-28T11:50:39.326+0500] {processor.py:841} WARNING - No viable dags retrieved from /home/amina/miniconda/lib/python3.11/site-packages/airflow/example_dags/plugins/event_listener.py
[2023-11-28T11:50:39.338+0500] {processor.py:179} INFO - Processing /home/amina/miniconda/lib/python3.11/site-packages/airflow/example_dags/plugins/event_listener.py took 0.028 seconds
[2023-11-28T11:51:33.978+0500] {processor.py:157} INFO - Started process (PID=7550) to work on /home/amina/miniconda/lib/python3.11/site-packages/airflow/example_dags/plugins/event_listener.py
[2023-11-28T11:51:34.014+0500] {processor.py:829} INFO - Processing file /home/amina/miniconda/lib/python3.11/site-packages/airflow/example_dags/plugins/event_listener.py for tasks to queue
[2023-11-28T11:51:34.015+0500] {logging_mixin.py:154} INFO - [2023-11-28T11:51:34.014+0500] {dagbag.py:536} INFO - Filling up the DagBag from /home/amina/miniconda/lib/python3.11/site-packages/airflow/example_dags/plugins/event_listener.py
[2023-11-28T11:51:34.018+0500] {processor.py:841} WARNING - No viable dags retrieved from /home/amina/miniconda/lib/python3.11/site-packages/airflow/example_dags/plugins/event_listener.py
[2023-11-28T11:51:34.030+0500] {processor.py:179} INFO - Processing /home/amina/miniconda/lib/python3.11/site-packages/airflow/example_dags/plugins/event_listener.py took 0.055 seconds
[2023-11-28T11:52:06.684+0500] {processor.py:157} INFO - Started process (PID=7618) to work on /home/amina/miniconda/lib/python3.11/site-packages/airflow/example_dags/plugins/event_listener.py
[2023-11-28T11:52:06.695+0500] {processor.py:829} INFO - Processing file /home/amina/miniconda/lib/python3.11/site-packages/airflow/example_dags/plugins/event_listener.py for tasks to queue
[2023-11-28T11:52:06.697+0500] {logging_mixin.py:154} INFO - [2023-11-28T11:52:06.696+0500] {dagbag.py:536} INFO - Filling up the DagBag from /home/amina/miniconda/lib/python3.11/site-packages/airflow/example_dags/plugins/event_listener.py
[2023-11-28T11:52:06.699+0500] {processor.py:841} WARNING - No viable dags retrieved from /home/amina/miniconda/lib/python3.11/site-packages/airflow/example_dags/plugins/event_listener.py
[2023-11-28T11:52:06.714+0500] {processor.py:179} INFO - Processing /home/amina/miniconda/lib/python3.11/site-packages/airflow/example_dags/plugins/event_listener.py took 0.034 seconds
[2023-11-28T11:52:59.032+0500] {processor.py:157} INFO - Started process (PID=7723) to work on /home/amina/miniconda/lib/python3.11/site-packages/airflow/example_dags/plugins/event_listener.py
[2023-11-28T11:52:59.068+0500] {processor.py:829} INFO - Processing file /home/amina/miniconda/lib/python3.11/site-packages/airflow/example_dags/plugins/event_listener.py for tasks to queue
[2023-11-28T11:52:59.069+0500] {logging_mixin.py:154} INFO - [2023-11-28T11:52:59.068+0500] {dagbag.py:536} INFO - Filling up the DagBag from /home/amina/miniconda/lib/python3.11/site-packages/airflow/example_dags/plugins/event_listener.py
[2023-11-28T11:52:59.072+0500] {processor.py:841} WARNING - No viable dags retrieved from /home/amina/miniconda/lib/python3.11/site-packages/airflow/example_dags/plugins/event_listener.py
[2023-11-28T11:52:59.082+0500] {processor.py:179} INFO - Processing /home/amina/miniconda/lib/python3.11/site-packages/airflow/example_dags/plugins/event_listener.py took 0.052 seconds
[2023-11-28T11:53:46.963+0500] {processor.py:157} INFO - Started process (PID=7764) to work on /home/amina/miniconda/lib/python3.11/site-packages/airflow/example_dags/plugins/event_listener.py
[2023-11-28T11:53:46.997+0500] {processor.py:829} INFO - Processing file /home/amina/miniconda/lib/python3.11/site-packages/airflow/example_dags/plugins/event_listener.py for tasks to queue
[2023-11-28T11:53:46.998+0500] {logging_mixin.py:154} INFO - [2023-11-28T11:53:46.997+0500] {dagbag.py:536} INFO - Filling up the DagBag from /home/amina/miniconda/lib/python3.11/site-packages/airflow/example_dags/plugins/event_listener.py
[2023-11-28T11:53:47.000+0500] {processor.py:841} WARNING - No viable dags retrieved from /home/amina/miniconda/lib/python3.11/site-packages/airflow/example_dags/plugins/event_listener.py
[2023-11-28T11:53:47.011+0500] {processor.py:179} INFO - Processing /home/amina/miniconda/lib/python3.11/site-packages/airflow/example_dags/plugins/event_listener.py took 0.053 seconds
[2023-11-28T11:54:38.001+0500] {processor.py:157} INFO - Started process (PID=7819) to work on /home/amina/miniconda/lib/python3.11/site-packages/airflow/example_dags/plugins/event_listener.py
[2023-11-28T11:54:38.035+0500] {processor.py:829} INFO - Processing file /home/amina/miniconda/lib/python3.11/site-packages/airflow/example_dags/plugins/event_listener.py for tasks to queue
[2023-11-28T11:54:38.036+0500] {logging_mixin.py:154} INFO - [2023-11-28T11:54:38.036+0500] {dagbag.py:536} INFO - Filling up the DagBag from /home/amina/miniconda/lib/python3.11/site-packages/airflow/example_dags/plugins/event_listener.py
[2023-11-28T11:54:38.040+0500] {processor.py:841} WARNING - No viable dags retrieved from /home/amina/miniconda/lib/python3.11/site-packages/airflow/example_dags/plugins/event_listener.py
[2023-11-28T11:54:38.050+0500] {processor.py:179} INFO - Processing /home/amina/miniconda/lib/python3.11/site-packages/airflow/example_dags/plugins/event_listener.py took 0.052 seconds
[2023-11-28T11:55:28.029+0500] {processor.py:157} INFO - Started process (PID=7868) to work on /home/amina/miniconda/lib/python3.11/site-packages/airflow/example_dags/plugins/event_listener.py
[2023-11-28T11:55:28.076+0500] {processor.py:829} INFO - Processing file /home/amina/miniconda/lib/python3.11/site-packages/airflow/example_dags/plugins/event_listener.py for tasks to queue
[2023-11-28T11:55:28.077+0500] {logging_mixin.py:154} INFO - [2023-11-28T11:55:28.076+0500] {dagbag.py:536} INFO - Filling up the DagBag from /home/amina/miniconda/lib/python3.11/site-packages/airflow/example_dags/plugins/event_listener.py
[2023-11-28T11:55:28.081+0500] {processor.py:841} WARNING - No viable dags retrieved from /home/amina/miniconda/lib/python3.11/site-packages/airflow/example_dags/plugins/event_listener.py
[2023-11-28T11:55:28.097+0500] {processor.py:179} INFO - Processing /home/amina/miniconda/lib/python3.11/site-packages/airflow/example_dags/plugins/event_listener.py took 0.074 seconds
[2023-11-28T11:56:15.782+0500] {processor.py:157} INFO - Started process (PID=7913) to work on /home/amina/miniconda/lib/python3.11/site-packages/airflow/example_dags/plugins/event_listener.py
[2023-11-28T11:56:15.821+0500] {processor.py:829} INFO - Processing file /home/amina/miniconda/lib/python3.11/site-packages/airflow/example_dags/plugins/event_listener.py for tasks to queue
[2023-11-28T11:56:15.821+0500] {logging_mixin.py:154} INFO - [2023-11-28T11:56:15.821+0500] {dagbag.py:536} INFO - Filling up the DagBag from /home/amina/miniconda/lib/python3.11/site-packages/airflow/example_dags/plugins/event_listener.py
[2023-11-28T11:56:15.825+0500] {processor.py:841} WARNING - No viable dags retrieved from /home/amina/miniconda/lib/python3.11/site-packages/airflow/example_dags/plugins/event_listener.py
[2023-11-28T11:56:15.835+0500] {processor.py:179} INFO - Processing /home/amina/miniconda/lib/python3.11/site-packages/airflow/example_dags/plugins/event_listener.py took 0.056 seconds
[2023-11-28T11:57:05.896+0500] {processor.py:157} INFO - Started process (PID=7963) to work on /home/amina/miniconda/lib/python3.11/site-packages/airflow/example_dags/plugins/event_listener.py
[2023-11-28T11:57:05.929+0500] {processor.py:829} INFO - Processing file /home/amina/miniconda/lib/python3.11/site-packages/airflow/example_dags/plugins/event_listener.py for tasks to queue
[2023-11-28T11:57:05.932+0500] {logging_mixin.py:154} INFO - [2023-11-28T11:57:05.931+0500] {dagbag.py:536} INFO - Filling up the DagBag from /home/amina/miniconda/lib/python3.11/site-packages/airflow/example_dags/plugins/event_listener.py
[2023-11-28T11:57:05.938+0500] {processor.py:841} WARNING - No viable dags retrieved from /home/amina/miniconda/lib/python3.11/site-packages/airflow/example_dags/plugins/event_listener.py
[2023-11-28T11:57:05.958+0500] {processor.py:179} INFO - Processing /home/amina/miniconda/lib/python3.11/site-packages/airflow/example_dags/plugins/event_listener.py took 0.066 seconds
[2023-11-28T18:23:28.102+0500] {processor.py:157} INFO - Started process (PID=8262) to work on /home/amina/miniconda/lib/python3.11/site-packages/airflow/example_dags/plugins/event_listener.py
[2023-11-28T18:23:28.138+0500] {processor.py:829} INFO - Processing file /home/amina/miniconda/lib/python3.11/site-packages/airflow/example_dags/plugins/event_listener.py for tasks to queue
[2023-11-28T18:23:28.139+0500] {logging_mixin.py:154} INFO - [2023-11-28T18:23:28.139+0500] {dagbag.py:536} INFO - Filling up the DagBag from /home/amina/miniconda/lib/python3.11/site-packages/airflow/example_dags/plugins/event_listener.py
[2023-11-28T18:23:28.141+0500] {processor.py:841} WARNING - No viable dags retrieved from /home/amina/miniconda/lib/python3.11/site-packages/airflow/example_dags/plugins/event_listener.py
[2023-11-28T18:23:28.151+0500] {processor.py:179} INFO - Processing /home/amina/miniconda/lib/python3.11/site-packages/airflow/example_dags/plugins/event_listener.py took 0.052 seconds
[2023-11-28T18:24:03.771+0500] {processor.py:157} INFO - Started process (PID=8367) to work on /home/amina/miniconda/lib/python3.11/site-packages/airflow/example_dags/plugins/event_listener.py
[2023-11-28T18:24:03.781+0500] {processor.py:829} INFO - Processing file /home/amina/miniconda/lib/python3.11/site-packages/airflow/example_dags/plugins/event_listener.py for tasks to queue
[2023-11-28T18:24:03.782+0500] {logging_mixin.py:154} INFO - [2023-11-28T18:24:03.782+0500] {dagbag.py:536} INFO - Filling up the DagBag from /home/amina/miniconda/lib/python3.11/site-packages/airflow/example_dags/plugins/event_listener.py
[2023-11-28T18:24:03.784+0500] {processor.py:841} WARNING - No viable dags retrieved from /home/amina/miniconda/lib/python3.11/site-packages/airflow/example_dags/plugins/event_listener.py
[2023-11-28T18:24:03.793+0500] {processor.py:179} INFO - Processing /home/amina/miniconda/lib/python3.11/site-packages/airflow/example_dags/plugins/event_listener.py took 0.025 seconds
