[2023-11-28T11:37:24.199+0500] {processor.py:157} INFO - Started process (PID=6475) to work on /home/amina/miniconda/lib/python3.11/site-packages/airflow/example_dags/plugins/listener_plugin.py
[2023-11-28T11:37:24.200+0500] {processor.py:829} INFO - Processing file /home/amina/miniconda/lib/python3.11/site-packages/airflow/example_dags/plugins/listener_plugin.py for tasks to queue
[2023-11-28T11:37:24.200+0500] {logging_mixin.py:154} INFO - [2023-11-28T11:37:24.200+0500] {dagbag.py:536} INFO - Filling up the DagBag from /home/amina/miniconda/lib/python3.11/site-packages/airflow/example_dags/plugins/listener_plugin.py
[2023-11-28T11:37:24.204+0500] {processor.py:841} WARNING - No viable dags retrieved from /home/amina/miniconda/lib/python3.11/site-packages/airflow/example_dags/plugins/listener_plugin.py
[2023-11-28T11:37:24.214+0500] {processor.py:179} INFO - Processing /home/amina/miniconda/lib/python3.11/site-packages/airflow/example_dags/plugins/listener_plugin.py took 0.019 seconds
[2023-11-28T11:38:24.096+0500] {processor.py:157} INFO - Started process (PID=6621) to work on /home/amina/miniconda/lib/python3.11/site-packages/airflow/example_dags/plugins/listener_plugin.py
[2023-11-28T11:38:24.097+0500] {processor.py:829} INFO - Processing file /home/amina/miniconda/lib/python3.11/site-packages/airflow/example_dags/plugins/listener_plugin.py for tasks to queue
[2023-11-28T11:38:24.098+0500] {logging_mixin.py:154} INFO - [2023-11-28T11:38:24.097+0500] {dagbag.py:536} INFO - Filling up the DagBag from /home/amina/miniconda/lib/python3.11/site-packages/airflow/example_dags/plugins/listener_plugin.py
[2023-11-28T11:38:24.102+0500] {processor.py:841} WARNING - No viable dags retrieved from /home/amina/miniconda/lib/python3.11/site-packages/airflow/example_dags/plugins/listener_plugin.py
[2023-11-28T11:38:24.113+0500] {processor.py:179} INFO - Processing /home/amina/miniconda/lib/python3.11/site-packages/airflow/example_dags/plugins/listener_plugin.py took 0.020 seconds
[2023-11-28T11:39:13.349+0500] {processor.py:157} INFO - Started process (PID=6738) to work on /home/amina/miniconda/lib/python3.11/site-packages/airflow/example_dags/plugins/listener_plugin.py
[2023-11-28T11:39:13.388+0500] {processor.py:829} INFO - Processing file /home/amina/miniconda/lib/python3.11/site-packages/airflow/example_dags/plugins/listener_plugin.py for tasks to queue
[2023-11-28T11:39:13.389+0500] {logging_mixin.py:154} INFO - [2023-11-28T11:39:13.389+0500] {dagbag.py:536} INFO - Filling up the DagBag from /home/amina/miniconda/lib/python3.11/site-packages/airflow/example_dags/plugins/listener_plugin.py
[2023-11-28T11:39:13.391+0500] {processor.py:841} WARNING - No viable dags retrieved from /home/amina/miniconda/lib/python3.11/site-packages/airflow/example_dags/plugins/listener_plugin.py
[2023-11-28T11:39:13.401+0500] {processor.py:179} INFO - Processing /home/amina/miniconda/lib/python3.11/site-packages/airflow/example_dags/plugins/listener_plugin.py took 0.054 seconds
[2023-11-28T11:40:10.580+0500] {processor.py:157} INFO - Started process (PID=6792) to work on /home/amina/miniconda/lib/python3.11/site-packages/airflow/example_dags/plugins/listener_plugin.py
[2023-11-28T11:40:10.608+0500] {processor.py:829} INFO - Processing file /home/amina/miniconda/lib/python3.11/site-packages/airflow/example_dags/plugins/listener_plugin.py for tasks to queue
[2023-11-28T11:40:10.609+0500] {logging_mixin.py:154} INFO - [2023-11-28T11:40:10.609+0500] {dagbag.py:536} INFO - Filling up the DagBag from /home/amina/miniconda/lib/python3.11/site-packages/airflow/example_dags/plugins/listener_plugin.py
[2023-11-28T11:40:10.611+0500] {processor.py:841} WARNING - No viable dags retrieved from /home/amina/miniconda/lib/python3.11/site-packages/airflow/example_dags/plugins/listener_plugin.py
[2023-11-28T11:40:10.620+0500] {processor.py:179} INFO - Processing /home/amina/miniconda/lib/python3.11/site-packages/airflow/example_dags/plugins/listener_plugin.py took 0.045 seconds
[2023-11-28T11:41:06.330+0500] {processor.py:157} INFO - Started process (PID=6853) to work on /home/amina/miniconda/lib/python3.11/site-packages/airflow/example_dags/plugins/listener_plugin.py
[2023-11-28T11:41:06.331+0500] {processor.py:829} INFO - Processing file /home/amina/miniconda/lib/python3.11/site-packages/airflow/example_dags/plugins/listener_plugin.py for tasks to queue
[2023-11-28T11:41:06.332+0500] {logging_mixin.py:154} INFO - [2023-11-28T11:41:06.332+0500] {dagbag.py:536} INFO - Filling up the DagBag from /home/amina/miniconda/lib/python3.11/site-packages/airflow/example_dags/plugins/listener_plugin.py
[2023-11-28T11:41:06.335+0500] {processor.py:841} WARNING - No viable dags retrieved from /home/amina/miniconda/lib/python3.11/site-packages/airflow/example_dags/plugins/listener_plugin.py
[2023-11-28T11:41:06.345+0500] {processor.py:179} INFO - Processing /home/amina/miniconda/lib/python3.11/site-packages/airflow/example_dags/plugins/listener_plugin.py took 0.017 seconds
[2023-11-28T11:41:49.044+0500] {processor.py:157} INFO - Started process (PID=6900) to work on /home/amina/miniconda/lib/python3.11/site-packages/airflow/example_dags/plugins/listener_plugin.py
[2023-11-28T11:41:49.092+0500] {processor.py:829} INFO - Processing file /home/amina/miniconda/lib/python3.11/site-packages/airflow/example_dags/plugins/listener_plugin.py for tasks to queue
[2023-11-28T11:41:49.093+0500] {logging_mixin.py:154} INFO - [2023-11-28T11:41:49.093+0500] {dagbag.py:536} INFO - Filling up the DagBag from /home/amina/miniconda/lib/python3.11/site-packages/airflow/example_dags/plugins/listener_plugin.py
[2023-11-28T11:41:49.096+0500] {processor.py:841} WARNING - No viable dags retrieved from /home/amina/miniconda/lib/python3.11/site-packages/airflow/example_dags/plugins/listener_plugin.py
[2023-11-28T11:41:49.106+0500] {processor.py:179} INFO - Processing /home/amina/miniconda/lib/python3.11/site-packages/airflow/example_dags/plugins/listener_plugin.py took 0.065 seconds
[2023-11-28T11:42:32.058+0500] {processor.py:157} INFO - Started process (PID=6941) to work on /home/amina/miniconda/lib/python3.11/site-packages/airflow/example_dags/plugins/listener_plugin.py
[2023-11-28T11:42:32.069+0500] {processor.py:829} INFO - Processing file /home/amina/miniconda/lib/python3.11/site-packages/airflow/example_dags/plugins/listener_plugin.py for tasks to queue
[2023-11-28T11:42:32.070+0500] {logging_mixin.py:154} INFO - [2023-11-28T11:42:32.070+0500] {dagbag.py:536} INFO - Filling up the DagBag from /home/amina/miniconda/lib/python3.11/site-packages/airflow/example_dags/plugins/listener_plugin.py
[2023-11-28T11:42:32.073+0500] {processor.py:841} WARNING - No viable dags retrieved from /home/amina/miniconda/lib/python3.11/site-packages/airflow/example_dags/plugins/listener_plugin.py
[2023-11-28T11:42:32.081+0500] {processor.py:179} INFO - Processing /home/amina/miniconda/lib/python3.11/site-packages/airflow/example_dags/plugins/listener_plugin.py took 0.029 seconds
[2023-11-28T11:47:47.086+0500] {processor.py:157} INFO - Started process (PID=7359) to work on /home/amina/miniconda/lib/python3.11/site-packages/airflow/example_dags/plugins/listener_plugin.py
[2023-11-28T11:47:47.130+0500] {processor.py:829} INFO - Processing file /home/amina/miniconda/lib/python3.11/site-packages/airflow/example_dags/plugins/listener_plugin.py for tasks to queue
[2023-11-28T11:47:47.132+0500] {logging_mixin.py:154} INFO - [2023-11-28T11:47:47.131+0500] {dagbag.py:536} INFO - Filling up the DagBag from /home/amina/miniconda/lib/python3.11/site-packages/airflow/example_dags/plugins/listener_plugin.py
[2023-11-28T11:47:47.136+0500] {processor.py:841} WARNING - No viable dags retrieved from /home/amina/miniconda/lib/python3.11/site-packages/airflow/example_dags/plugins/listener_plugin.py
[2023-11-28T11:47:47.145+0500] {processor.py:179} INFO - Processing /home/amina/miniconda/lib/python3.11/site-packages/airflow/example_dags/plugins/listener_plugin.py took 0.065 seconds
[2023-11-28T11:48:39.584+0500] {processor.py:157} INFO - Started process (PID=7414) to work on /home/amina/miniconda/lib/python3.11/site-packages/airflow/example_dags/plugins/listener_plugin.py
[2023-11-28T11:48:39.587+0500] {processor.py:829} INFO - Processing file /home/amina/miniconda/lib/python3.11/site-packages/airflow/example_dags/plugins/listener_plugin.py for tasks to queue
[2023-11-28T11:48:39.589+0500] {logging_mixin.py:154} INFO - [2023-11-28T11:48:39.588+0500] {dagbag.py:536} INFO - Filling up the DagBag from /home/amina/miniconda/lib/python3.11/site-packages/airflow/example_dags/plugins/listener_plugin.py
[2023-11-28T11:48:39.592+0500] {processor.py:841} WARNING - No viable dags retrieved from /home/amina/miniconda/lib/python3.11/site-packages/airflow/example_dags/plugins/listener_plugin.py
[2023-11-28T11:48:39.607+0500] {processor.py:179} INFO - Processing /home/amina/miniconda/lib/python3.11/site-packages/airflow/example_dags/plugins/listener_plugin.py took 0.027 seconds
[2023-11-28T11:49:43.387+0500] {processor.py:157} INFO - Started process (PID=7452) to work on /home/amina/miniconda/lib/python3.11/site-packages/airflow/example_dags/plugins/listener_plugin.py
[2023-11-28T11:49:43.395+0500] {processor.py:829} INFO - Processing file /home/amina/miniconda/lib/python3.11/site-packages/airflow/example_dags/plugins/listener_plugin.py for tasks to queue
[2023-11-28T11:49:43.396+0500] {logging_mixin.py:154} INFO - [2023-11-28T11:49:43.395+0500] {dagbag.py:536} INFO - Filling up the DagBag from /home/amina/miniconda/lib/python3.11/site-packages/airflow/example_dags/plugins/listener_plugin.py
[2023-11-28T11:49:43.398+0500] {processor.py:841} WARNING - No viable dags retrieved from /home/amina/miniconda/lib/python3.11/site-packages/airflow/example_dags/plugins/listener_plugin.py
[2023-11-28T11:49:43.408+0500] {processor.py:179} INFO - Processing /home/amina/miniconda/lib/python3.11/site-packages/airflow/example_dags/plugins/listener_plugin.py took 0.026 seconds
[2023-11-28T11:50:40.639+0500] {processor.py:157} INFO - Started process (PID=7498) to work on /home/amina/miniconda/lib/python3.11/site-packages/airflow/example_dags/plugins/listener_plugin.py
[2023-11-28T11:50:40.665+0500] {processor.py:829} INFO - Processing file /home/amina/miniconda/lib/python3.11/site-packages/airflow/example_dags/plugins/listener_plugin.py for tasks to queue
[2023-11-28T11:50:40.666+0500] {logging_mixin.py:154} INFO - [2023-11-28T11:50:40.665+0500] {dagbag.py:536} INFO - Filling up the DagBag from /home/amina/miniconda/lib/python3.11/site-packages/airflow/example_dags/plugins/listener_plugin.py
[2023-11-28T11:50:40.668+0500] {processor.py:841} WARNING - No viable dags retrieved from /home/amina/miniconda/lib/python3.11/site-packages/airflow/example_dags/plugins/listener_plugin.py
[2023-11-28T11:50:40.678+0500] {processor.py:179} INFO - Processing /home/amina/miniconda/lib/python3.11/site-packages/airflow/example_dags/plugins/listener_plugin.py took 0.042 seconds
[2023-11-28T11:51:34.510+0500] {processor.py:157} INFO - Started process (PID=7551) to work on /home/amina/miniconda/lib/python3.11/site-packages/airflow/example_dags/plugins/listener_plugin.py
[2023-11-28T11:51:34.533+0500] {processor.py:829} INFO - Processing file /home/amina/miniconda/lib/python3.11/site-packages/airflow/example_dags/plugins/listener_plugin.py for tasks to queue
[2023-11-28T11:51:34.535+0500] {logging_mixin.py:154} INFO - [2023-11-28T11:51:34.535+0500] {dagbag.py:536} INFO - Filling up the DagBag from /home/amina/miniconda/lib/python3.11/site-packages/airflow/example_dags/plugins/listener_plugin.py
[2023-11-28T11:51:34.540+0500] {processor.py:841} WARNING - No viable dags retrieved from /home/amina/miniconda/lib/python3.11/site-packages/airflow/example_dags/plugins/listener_plugin.py
[2023-11-28T11:51:34.557+0500] {processor.py:179} INFO - Processing /home/amina/miniconda/lib/python3.11/site-packages/airflow/example_dags/plugins/listener_plugin.py took 0.053 seconds
[2023-11-28T11:52:07.835+0500] {processor.py:157} INFO - Started process (PID=7619) to work on /home/amina/miniconda/lib/python3.11/site-packages/airflow/example_dags/plugins/listener_plugin.py
[2023-11-28T11:52:07.851+0500] {processor.py:829} INFO - Processing file /home/amina/miniconda/lib/python3.11/site-packages/airflow/example_dags/plugins/listener_plugin.py for tasks to queue
[2023-11-28T11:52:07.851+0500] {logging_mixin.py:154} INFO - [2023-11-28T11:52:07.851+0500] {dagbag.py:536} INFO - Filling up the DagBag from /home/amina/miniconda/lib/python3.11/site-packages/airflow/example_dags/plugins/listener_plugin.py
[2023-11-28T11:52:07.854+0500] {processor.py:841} WARNING - No viable dags retrieved from /home/amina/miniconda/lib/python3.11/site-packages/airflow/example_dags/plugins/listener_plugin.py
[2023-11-28T11:52:07.865+0500] {processor.py:179} INFO - Processing /home/amina/miniconda/lib/python3.11/site-packages/airflow/example_dags/plugins/listener_plugin.py took 0.033 seconds
[2023-11-28T11:53:00.179+0500] {processor.py:157} INFO - Started process (PID=7724) to work on /home/amina/miniconda/lib/python3.11/site-packages/airflow/example_dags/plugins/listener_plugin.py
[2023-11-28T11:53:00.190+0500] {processor.py:829} INFO - Processing file /home/amina/miniconda/lib/python3.11/site-packages/airflow/example_dags/plugins/listener_plugin.py for tasks to queue
[2023-11-28T11:53:00.191+0500] {logging_mixin.py:154} INFO - [2023-11-28T11:53:00.190+0500] {dagbag.py:536} INFO - Filling up the DagBag from /home/amina/miniconda/lib/python3.11/site-packages/airflow/example_dags/plugins/listener_plugin.py
[2023-11-28T11:53:00.195+0500] {processor.py:841} WARNING - No viable dags retrieved from /home/amina/miniconda/lib/python3.11/site-packages/airflow/example_dags/plugins/listener_plugin.py
[2023-11-28T11:53:00.211+0500] {processor.py:179} INFO - Processing /home/amina/miniconda/lib/python3.11/site-packages/airflow/example_dags/plugins/listener_plugin.py took 0.036 seconds
[2023-11-28T11:53:48.112+0500] {processor.py:157} INFO - Started process (PID=7765) to work on /home/amina/miniconda/lib/python3.11/site-packages/airflow/example_dags/plugins/listener_plugin.py
[2023-11-28T11:53:48.132+0500] {processor.py:829} INFO - Processing file /home/amina/miniconda/lib/python3.11/site-packages/airflow/example_dags/plugins/listener_plugin.py for tasks to queue
[2023-11-28T11:53:48.133+0500] {logging_mixin.py:154} INFO - [2023-11-28T11:53:48.133+0500] {dagbag.py:536} INFO - Filling up the DagBag from /home/amina/miniconda/lib/python3.11/site-packages/airflow/example_dags/plugins/listener_plugin.py
[2023-11-28T11:53:48.136+0500] {processor.py:841} WARNING - No viable dags retrieved from /home/amina/miniconda/lib/python3.11/site-packages/airflow/example_dags/plugins/listener_plugin.py
[2023-11-28T11:53:48.149+0500] {processor.py:179} INFO - Processing /home/amina/miniconda/lib/python3.11/site-packages/airflow/example_dags/plugins/listener_plugin.py took 0.042 seconds
[2023-11-28T11:54:38.326+0500] {processor.py:157} INFO - Started process (PID=7820) to work on /home/amina/miniconda/lib/python3.11/site-packages/airflow/example_dags/plugins/listener_plugin.py
[2023-11-28T11:54:38.348+0500] {processor.py:829} INFO - Processing file /home/amina/miniconda/lib/python3.11/site-packages/airflow/example_dags/plugins/listener_plugin.py for tasks to queue
[2023-11-28T11:54:38.349+0500] {logging_mixin.py:154} INFO - [2023-11-28T11:54:38.349+0500] {dagbag.py:536} INFO - Filling up the DagBag from /home/amina/miniconda/lib/python3.11/site-packages/airflow/example_dags/plugins/listener_plugin.py
[2023-11-28T11:54:38.353+0500] {processor.py:841} WARNING - No viable dags retrieved from /home/amina/miniconda/lib/python3.11/site-packages/airflow/example_dags/plugins/listener_plugin.py
[2023-11-28T11:54:38.365+0500] {processor.py:179} INFO - Processing /home/amina/miniconda/lib/python3.11/site-packages/airflow/example_dags/plugins/listener_plugin.py took 0.045 seconds
[2023-11-28T11:55:29.177+0500] {processor.py:157} INFO - Started process (PID=7869) to work on /home/amina/miniconda/lib/python3.11/site-packages/airflow/example_dags/plugins/listener_plugin.py
[2023-11-28T11:55:29.201+0500] {processor.py:829} INFO - Processing file /home/amina/miniconda/lib/python3.11/site-packages/airflow/example_dags/plugins/listener_plugin.py for tasks to queue
[2023-11-28T11:55:29.202+0500] {logging_mixin.py:154} INFO - [2023-11-28T11:55:29.201+0500] {dagbag.py:536} INFO - Filling up the DagBag from /home/amina/miniconda/lib/python3.11/site-packages/airflow/example_dags/plugins/listener_plugin.py
[2023-11-28T11:55:29.205+0500] {processor.py:841} WARNING - No viable dags retrieved from /home/amina/miniconda/lib/python3.11/site-packages/airflow/example_dags/plugins/listener_plugin.py
[2023-11-28T11:55:29.219+0500] {processor.py:179} INFO - Processing /home/amina/miniconda/lib/python3.11/site-packages/airflow/example_dags/plugins/listener_plugin.py took 0.047 seconds
[2023-11-28T11:56:16.921+0500] {processor.py:157} INFO - Started process (PID=7915) to work on /home/amina/miniconda/lib/python3.11/site-packages/airflow/example_dags/plugins/listener_plugin.py
[2023-11-28T11:56:16.924+0500] {processor.py:829} INFO - Processing file /home/amina/miniconda/lib/python3.11/site-packages/airflow/example_dags/plugins/listener_plugin.py for tasks to queue
[2023-11-28T11:56:16.925+0500] {logging_mixin.py:154} INFO - [2023-11-28T11:56:16.924+0500] {dagbag.py:536} INFO - Filling up the DagBag from /home/amina/miniconda/lib/python3.11/site-packages/airflow/example_dags/plugins/listener_plugin.py
[2023-11-28T11:56:16.928+0500] {processor.py:841} WARNING - No viable dags retrieved from /home/amina/miniconda/lib/python3.11/site-packages/airflow/example_dags/plugins/listener_plugin.py
[2023-11-28T11:56:16.937+0500] {processor.py:179} INFO - Processing /home/amina/miniconda/lib/python3.11/site-packages/airflow/example_dags/plugins/listener_plugin.py took 0.019 seconds
[2023-11-28T11:57:07.162+0500] {processor.py:157} INFO - Started process (PID=7964) to work on /home/amina/miniconda/lib/python3.11/site-packages/airflow/example_dags/plugins/listener_plugin.py
[2023-11-28T11:57:07.174+0500] {processor.py:829} INFO - Processing file /home/amina/miniconda/lib/python3.11/site-packages/airflow/example_dags/plugins/listener_plugin.py for tasks to queue
[2023-11-28T11:57:07.175+0500] {logging_mixin.py:154} INFO - [2023-11-28T11:57:07.174+0500] {dagbag.py:536} INFO - Filling up the DagBag from /home/amina/miniconda/lib/python3.11/site-packages/airflow/example_dags/plugins/listener_plugin.py
[2023-11-28T11:57:07.178+0500] {processor.py:841} WARNING - No viable dags retrieved from /home/amina/miniconda/lib/python3.11/site-packages/airflow/example_dags/plugins/listener_plugin.py
[2023-11-28T11:57:07.193+0500] {processor.py:179} INFO - Processing /home/amina/miniconda/lib/python3.11/site-packages/airflow/example_dags/plugins/listener_plugin.py took 0.035 seconds
[2023-11-28T18:23:29.237+0500] {processor.py:157} INFO - Started process (PID=8263) to work on /home/amina/miniconda/lib/python3.11/site-packages/airflow/example_dags/plugins/listener_plugin.py
[2023-11-28T18:23:29.274+0500] {processor.py:829} INFO - Processing file /home/amina/miniconda/lib/python3.11/site-packages/airflow/example_dags/plugins/listener_plugin.py for tasks to queue
[2023-11-28T18:23:29.275+0500] {logging_mixin.py:154} INFO - [2023-11-28T18:23:29.274+0500] {dagbag.py:536} INFO - Filling up the DagBag from /home/amina/miniconda/lib/python3.11/site-packages/airflow/example_dags/plugins/listener_plugin.py
[2023-11-28T18:23:29.277+0500] {processor.py:841} WARNING - No viable dags retrieved from /home/amina/miniconda/lib/python3.11/site-packages/airflow/example_dags/plugins/listener_plugin.py
[2023-11-28T18:23:29.287+0500] {processor.py:179} INFO - Processing /home/amina/miniconda/lib/python3.11/site-packages/airflow/example_dags/plugins/listener_plugin.py took 0.052 seconds
[2023-11-28T18:24:04.918+0500] {processor.py:157} INFO - Started process (PID=8368) to work on /home/amina/miniconda/lib/python3.11/site-packages/airflow/example_dags/plugins/listener_plugin.py
[2023-11-28T18:24:04.928+0500] {processor.py:829} INFO - Processing file /home/amina/miniconda/lib/python3.11/site-packages/airflow/example_dags/plugins/listener_plugin.py for tasks to queue
[2023-11-28T18:24:04.929+0500] {logging_mixin.py:154} INFO - [2023-11-28T18:24:04.928+0500] {dagbag.py:536} INFO - Filling up the DagBag from /home/amina/miniconda/lib/python3.11/site-packages/airflow/example_dags/plugins/listener_plugin.py
[2023-11-28T18:24:04.931+0500] {processor.py:841} WARNING - No viable dags retrieved from /home/amina/miniconda/lib/python3.11/site-packages/airflow/example_dags/plugins/listener_plugin.py
[2023-11-28T18:24:04.941+0500] {processor.py:179} INFO - Processing /home/amina/miniconda/lib/python3.11/site-packages/airflow/example_dags/plugins/listener_plugin.py took 0.026 seconds
