[2023-11-28T11:37:25.350+0500] {processor.py:157} INFO - Started process (PID=6476) to work on /home/amina/miniconda/lib/python3.11/site-packages/airflow/example_dags/plugins/workday.py
[2023-11-28T11:37:25.350+0500] {processor.py:829} INFO - Processing file /home/amina/miniconda/lib/python3.11/site-packages/airflow/example_dags/plugins/workday.py for tasks to queue
[2023-11-28T11:37:25.351+0500] {logging_mixin.py:154} INFO - [2023-11-28T11:37:25.351+0500] {dagbag.py:536} INFO - Filling up the DagBag from /home/amina/miniconda/lib/python3.11/site-packages/airflow/example_dags/plugins/workday.py
[2023-11-28T11:37:25.353+0500] {logging_mixin.py:154} INFO - [2023-11-28T11:37:25.353+0500] {workday.py:36} WARNING - Could not import pandas. Holidays will not be considered.
[2023-11-28T11:37:25.354+0500] {processor.py:841} WARNING - No viable dags retrieved from /home/amina/miniconda/lib/python3.11/site-packages/airflow/example_dags/plugins/workday.py
[2023-11-28T11:37:25.362+0500] {processor.py:179} INFO - Processing /home/amina/miniconda/lib/python3.11/site-packages/airflow/example_dags/plugins/workday.py took 0.015 seconds
[2023-11-28T11:38:25.249+0500] {processor.py:157} INFO - Started process (PID=6622) to work on /home/amina/miniconda/lib/python3.11/site-packages/airflow/example_dags/plugins/workday.py
[2023-11-28T11:38:25.259+0500] {processor.py:829} INFO - Processing file /home/amina/miniconda/lib/python3.11/site-packages/airflow/example_dags/plugins/workday.py for tasks to queue
[2023-11-28T11:38:25.260+0500] {logging_mixin.py:154} INFO - [2023-11-28T11:38:25.259+0500] {dagbag.py:536} INFO - Filling up the DagBag from /home/amina/miniconda/lib/python3.11/site-packages/airflow/example_dags/plugins/workday.py
[2023-11-28T11:38:25.262+0500] {logging_mixin.py:154} INFO - [2023-11-28T11:38:25.262+0500] {workday.py:36} WARNING - Could not import pandas. Holidays will not be considered.
[2023-11-28T11:38:25.262+0500] {processor.py:841} WARNING - No viable dags retrieved from /home/amina/miniconda/lib/python3.11/site-packages/airflow/example_dags/plugins/workday.py
[2023-11-28T11:38:25.271+0500] {processor.py:179} INFO - Processing /home/amina/miniconda/lib/python3.11/site-packages/airflow/example_dags/plugins/workday.py took 0.024 seconds
[2023-11-28T11:39:14.597+0500] {processor.py:157} INFO - Started process (PID=6739) to work on /home/amina/miniconda/lib/python3.11/site-packages/airflow/example_dags/plugins/workday.py
[2023-11-28T11:39:14.620+0500] {processor.py:829} INFO - Processing file /home/amina/miniconda/lib/python3.11/site-packages/airflow/example_dags/plugins/workday.py for tasks to queue
[2023-11-28T11:39:14.620+0500] {logging_mixin.py:154} INFO - [2023-11-28T11:39:14.620+0500] {dagbag.py:536} INFO - Filling up the DagBag from /home/amina/miniconda/lib/python3.11/site-packages/airflow/example_dags/plugins/workday.py
[2023-11-28T11:39:14.623+0500] {logging_mixin.py:154} INFO - [2023-11-28T11:39:14.623+0500] {workday.py:36} WARNING - Could not import pandas. Holidays will not be considered.
[2023-11-28T11:39:14.623+0500] {processor.py:841} WARNING - No viable dags retrieved from /home/amina/miniconda/lib/python3.11/site-packages/airflow/example_dags/plugins/workday.py
[2023-11-28T11:39:14.632+0500] {processor.py:179} INFO - Processing /home/amina/miniconda/lib/python3.11/site-packages/airflow/example_dags/plugins/workday.py took 0.038 seconds
[2023-11-28T11:40:10.960+0500] {processor.py:157} INFO - Started process (PID=6793) to work on /home/amina/miniconda/lib/python3.11/site-packages/airflow/example_dags/plugins/workday.py
[2023-11-28T11:40:10.986+0500] {processor.py:829} INFO - Processing file /home/amina/miniconda/lib/python3.11/site-packages/airflow/example_dags/plugins/workday.py for tasks to queue
[2023-11-28T11:40:10.987+0500] {logging_mixin.py:154} INFO - [2023-11-28T11:40:10.986+0500] {dagbag.py:536} INFO - Filling up the DagBag from /home/amina/miniconda/lib/python3.11/site-packages/airflow/example_dags/plugins/workday.py
[2023-11-28T11:40:10.989+0500] {logging_mixin.py:154} INFO - [2023-11-28T11:40:10.989+0500] {workday.py:36} WARNING - Could not import pandas. Holidays will not be considered.
[2023-11-28T11:40:10.989+0500] {processor.py:841} WARNING - No viable dags retrieved from /home/amina/miniconda/lib/python3.11/site-packages/airflow/example_dags/plugins/workday.py
[2023-11-28T11:40:10.998+0500] {processor.py:179} INFO - Processing /home/amina/miniconda/lib/python3.11/site-packages/airflow/example_dags/plugins/workday.py took 0.042 seconds
[2023-11-28T11:41:07.470+0500] {processor.py:157} INFO - Started process (PID=6854) to work on /home/amina/miniconda/lib/python3.11/site-packages/airflow/example_dags/plugins/workday.py
[2023-11-28T11:41:07.500+0500] {processor.py:829} INFO - Processing file /home/amina/miniconda/lib/python3.11/site-packages/airflow/example_dags/plugins/workday.py for tasks to queue
[2023-11-28T11:41:07.501+0500] {logging_mixin.py:154} INFO - [2023-11-28T11:41:07.501+0500] {dagbag.py:536} INFO - Filling up the DagBag from /home/amina/miniconda/lib/python3.11/site-packages/airflow/example_dags/plugins/workday.py
[2023-11-28T11:41:07.503+0500] {logging_mixin.py:154} INFO - [2023-11-28T11:41:07.503+0500] {workday.py:36} WARNING - Could not import pandas. Holidays will not be considered.
[2023-11-28T11:41:07.504+0500] {processor.py:841} WARNING - No viable dags retrieved from /home/amina/miniconda/lib/python3.11/site-packages/airflow/example_dags/plugins/workday.py
[2023-11-28T11:41:07.513+0500] {processor.py:179} INFO - Processing /home/amina/miniconda/lib/python3.11/site-packages/airflow/example_dags/plugins/workday.py took 0.046 seconds
[2023-11-28T11:41:49.811+0500] {processor.py:157} INFO - Started process (PID=6901) to work on /home/amina/miniconda/lib/python3.11/site-packages/airflow/example_dags/plugins/workday.py
[2023-11-28T11:41:49.842+0500] {processor.py:829} INFO - Processing file /home/amina/miniconda/lib/python3.11/site-packages/airflow/example_dags/plugins/workday.py for tasks to queue
[2023-11-28T11:41:49.843+0500] {logging_mixin.py:154} INFO - [2023-11-28T11:41:49.843+0500] {dagbag.py:536} INFO - Filling up the DagBag from /home/amina/miniconda/lib/python3.11/site-packages/airflow/example_dags/plugins/workday.py
[2023-11-28T11:41:49.846+0500] {logging_mixin.py:154} INFO - [2023-11-28T11:41:49.846+0500] {workday.py:36} WARNING - Could not import pandas. Holidays will not be considered.
[2023-11-28T11:41:49.847+0500] {processor.py:841} WARNING - No viable dags retrieved from /home/amina/miniconda/lib/python3.11/site-packages/airflow/example_dags/plugins/workday.py
[2023-11-28T11:41:49.856+0500] {processor.py:179} INFO - Processing /home/amina/miniconda/lib/python3.11/site-packages/airflow/example_dags/plugins/workday.py took 0.048 seconds
[2023-11-28T11:42:33.208+0500] {processor.py:157} INFO - Started process (PID=6942) to work on /home/amina/miniconda/lib/python3.11/site-packages/airflow/example_dags/plugins/workday.py
[2023-11-28T11:42:33.247+0500] {processor.py:829} INFO - Processing file /home/amina/miniconda/lib/python3.11/site-packages/airflow/example_dags/plugins/workday.py for tasks to queue
[2023-11-28T11:42:33.248+0500] {logging_mixin.py:154} INFO - [2023-11-28T11:42:33.248+0500] {dagbag.py:536} INFO - Filling up the DagBag from /home/amina/miniconda/lib/python3.11/site-packages/airflow/example_dags/plugins/workday.py
[2023-11-28T11:42:33.250+0500] {logging_mixin.py:154} INFO - [2023-11-28T11:42:33.250+0500] {workday.py:36} WARNING - Could not import pandas. Holidays will not be considered.
[2023-11-28T11:42:33.251+0500] {processor.py:841} WARNING - No viable dags retrieved from /home/amina/miniconda/lib/python3.11/site-packages/airflow/example_dags/plugins/workday.py
[2023-11-28T11:42:33.259+0500] {processor.py:179} INFO - Processing /home/amina/miniconda/lib/python3.11/site-packages/airflow/example_dags/plugins/workday.py took 0.054 seconds
[2023-11-28T11:47:48.235+0500] {processor.py:157} INFO - Started process (PID=7360) to work on /home/amina/miniconda/lib/python3.11/site-packages/airflow/example_dags/plugins/workday.py
[2023-11-28T11:47:48.282+0500] {processor.py:829} INFO - Processing file /home/amina/miniconda/lib/python3.11/site-packages/airflow/example_dags/plugins/workday.py for tasks to queue
[2023-11-28T11:47:48.284+0500] {logging_mixin.py:154} INFO - [2023-11-28T11:47:48.283+0500] {dagbag.py:536} INFO - Filling up the DagBag from /home/amina/miniconda/lib/python3.11/site-packages/airflow/example_dags/plugins/workday.py
[2023-11-28T11:47:48.286+0500] {logging_mixin.py:154} INFO - [2023-11-28T11:47:48.286+0500] {workday.py:36} WARNING - Could not import pandas. Holidays will not be considered.
[2023-11-28T11:47:48.286+0500] {processor.py:841} WARNING - No viable dags retrieved from /home/amina/miniconda/lib/python3.11/site-packages/airflow/example_dags/plugins/workday.py
[2023-11-28T11:47:48.295+0500] {processor.py:179} INFO - Processing /home/amina/miniconda/lib/python3.11/site-packages/airflow/example_dags/plugins/workday.py took 0.064 seconds
[2023-11-28T11:48:40.741+0500] {processor.py:157} INFO - Started process (PID=7415) to work on /home/amina/miniconda/lib/python3.11/site-packages/airflow/example_dags/plugins/workday.py
[2023-11-28T11:48:40.778+0500] {processor.py:829} INFO - Processing file /home/amina/miniconda/lib/python3.11/site-packages/airflow/example_dags/plugins/workday.py for tasks to queue
[2023-11-28T11:48:40.779+0500] {logging_mixin.py:154} INFO - [2023-11-28T11:48:40.778+0500] {dagbag.py:536} INFO - Filling up the DagBag from /home/amina/miniconda/lib/python3.11/site-packages/airflow/example_dags/plugins/workday.py
[2023-11-28T11:48:40.781+0500] {logging_mixin.py:154} INFO - [2023-11-28T11:48:40.781+0500] {workday.py:36} WARNING - Could not import pandas. Holidays will not be considered.
[2023-11-28T11:48:40.781+0500] {processor.py:841} WARNING - No viable dags retrieved from /home/amina/miniconda/lib/python3.11/site-packages/airflow/example_dags/plugins/workday.py
[2023-11-28T11:48:40.793+0500] {processor.py:179} INFO - Processing /home/amina/miniconda/lib/python3.11/site-packages/airflow/example_dags/plugins/workday.py took 0.055 seconds
[2023-11-28T11:49:44.059+0500] {processor.py:157} INFO - Started process (PID=7454) to work on /home/amina/miniconda/lib/python3.11/site-packages/airflow/example_dags/plugins/workday.py
[2023-11-28T11:49:44.095+0500] {processor.py:829} INFO - Processing file /home/amina/miniconda/lib/python3.11/site-packages/airflow/example_dags/plugins/workday.py for tasks to queue
[2023-11-28T11:49:44.096+0500] {logging_mixin.py:154} INFO - [2023-11-28T11:49:44.095+0500] {dagbag.py:536} INFO - Filling up the DagBag from /home/amina/miniconda/lib/python3.11/site-packages/airflow/example_dags/plugins/workday.py
[2023-11-28T11:49:44.098+0500] {logging_mixin.py:154} INFO - [2023-11-28T11:49:44.098+0500] {workday.py:36} WARNING - Could not import pandas. Holidays will not be considered.
[2023-11-28T11:49:44.098+0500] {processor.py:841} WARNING - No viable dags retrieved from /home/amina/miniconda/lib/python3.11/site-packages/airflow/example_dags/plugins/workday.py
[2023-11-28T11:49:44.108+0500] {processor.py:179} INFO - Processing /home/amina/miniconda/lib/python3.11/site-packages/airflow/example_dags/plugins/workday.py took 0.054 seconds
[2023-11-28T11:50:41.786+0500] {processor.py:157} INFO - Started process (PID=7499) to work on /home/amina/miniconda/lib/python3.11/site-packages/airflow/example_dags/plugins/workday.py
[2023-11-28T11:50:41.833+0500] {processor.py:829} INFO - Processing file /home/amina/miniconda/lib/python3.11/site-packages/airflow/example_dags/plugins/workday.py for tasks to queue
[2023-11-28T11:50:41.834+0500] {logging_mixin.py:154} INFO - [2023-11-28T11:50:41.833+0500] {dagbag.py:536} INFO - Filling up the DagBag from /home/amina/miniconda/lib/python3.11/site-packages/airflow/example_dags/plugins/workday.py
[2023-11-28T11:50:41.836+0500] {logging_mixin.py:154} INFO - [2023-11-28T11:50:41.836+0500] {workday.py:36} WARNING - Could not import pandas. Holidays will not be considered.
[2023-11-28T11:50:41.837+0500] {processor.py:841} WARNING - No viable dags retrieved from /home/amina/miniconda/lib/python3.11/site-packages/airflow/example_dags/plugins/workday.py
[2023-11-28T11:50:41.846+0500] {processor.py:179} INFO - Processing /home/amina/miniconda/lib/python3.11/site-packages/airflow/example_dags/plugins/workday.py took 0.066 seconds
[2023-11-28T11:51:35.771+0500] {processor.py:157} INFO - Started process (PID=7556) to work on /home/amina/miniconda/lib/python3.11/site-packages/airflow/example_dags/plugins/workday.py
[2023-11-28T11:51:35.788+0500] {processor.py:829} INFO - Processing file /home/amina/miniconda/lib/python3.11/site-packages/airflow/example_dags/plugins/workday.py for tasks to queue
[2023-11-28T11:51:35.790+0500] {logging_mixin.py:154} INFO - [2023-11-28T11:51:35.790+0500] {dagbag.py:536} INFO - Filling up the DagBag from /home/amina/miniconda/lib/python3.11/site-packages/airflow/example_dags/plugins/workday.py
[2023-11-28T11:51:35.793+0500] {logging_mixin.py:154} INFO - [2023-11-28T11:51:35.793+0500] {workday.py:36} WARNING - Could not import pandas. Holidays will not be considered.
[2023-11-28T11:51:35.794+0500] {processor.py:841} WARNING - No viable dags retrieved from /home/amina/miniconda/lib/python3.11/site-packages/airflow/example_dags/plugins/workday.py
[2023-11-28T11:51:35.809+0500] {processor.py:179} INFO - Processing /home/amina/miniconda/lib/python3.11/site-packages/airflow/example_dags/plugins/workday.py took 0.044 seconds
[2023-11-28T11:52:08.979+0500] {processor.py:157} INFO - Started process (PID=7620) to work on /home/amina/miniconda/lib/python3.11/site-packages/airflow/example_dags/plugins/workday.py
[2023-11-28T11:52:08.981+0500] {processor.py:829} INFO - Processing file /home/amina/miniconda/lib/python3.11/site-packages/airflow/example_dags/plugins/workday.py for tasks to queue
[2023-11-28T11:52:08.981+0500] {logging_mixin.py:154} INFO - [2023-11-28T11:52:08.981+0500] {dagbag.py:536} INFO - Filling up the DagBag from /home/amina/miniconda/lib/python3.11/site-packages/airflow/example_dags/plugins/workday.py
[2023-11-28T11:52:08.984+0500] {logging_mixin.py:154} INFO - [2023-11-28T11:52:08.984+0500] {workday.py:36} WARNING - Could not import pandas. Holidays will not be considered.
[2023-11-28T11:52:08.985+0500] {processor.py:841} WARNING - No viable dags retrieved from /home/amina/miniconda/lib/python3.11/site-packages/airflow/example_dags/plugins/workday.py
[2023-11-28T11:52:08.999+0500] {processor.py:179} INFO - Processing /home/amina/miniconda/lib/python3.11/site-packages/airflow/example_dags/plugins/workday.py took 0.024 seconds
[2023-11-28T11:53:01.326+0500] {processor.py:157} INFO - Started process (PID=7725) to work on /home/amina/miniconda/lib/python3.11/site-packages/airflow/example_dags/plugins/workday.py
[2023-11-28T11:53:01.334+0500] {processor.py:829} INFO - Processing file /home/amina/miniconda/lib/python3.11/site-packages/airflow/example_dags/plugins/workday.py for tasks to queue
[2023-11-28T11:53:01.335+0500] {logging_mixin.py:154} INFO - [2023-11-28T11:53:01.335+0500] {dagbag.py:536} INFO - Filling up the DagBag from /home/amina/miniconda/lib/python3.11/site-packages/airflow/example_dags/plugins/workday.py
[2023-11-28T11:53:01.339+0500] {logging_mixin.py:154} INFO - [2023-11-28T11:53:01.339+0500] {workday.py:36} WARNING - Could not import pandas. Holidays will not be considered.
[2023-11-28T11:53:01.339+0500] {processor.py:841} WARNING - No viable dags retrieved from /home/amina/miniconda/lib/python3.11/site-packages/airflow/example_dags/plugins/workday.py
[2023-11-28T11:53:01.351+0500] {processor.py:179} INFO - Processing /home/amina/miniconda/lib/python3.11/site-packages/airflow/example_dags/plugins/workday.py took 0.028 seconds
[2023-11-28T11:53:49.252+0500] {processor.py:157} INFO - Started process (PID=7766) to work on /home/amina/miniconda/lib/python3.11/site-packages/airflow/example_dags/plugins/workday.py
[2023-11-28T11:53:49.263+0500] {processor.py:829} INFO - Processing file /home/amina/miniconda/lib/python3.11/site-packages/airflow/example_dags/plugins/workday.py for tasks to queue
[2023-11-28T11:53:49.264+0500] {logging_mixin.py:154} INFO - [2023-11-28T11:53:49.263+0500] {dagbag.py:536} INFO - Filling up the DagBag from /home/amina/miniconda/lib/python3.11/site-packages/airflow/example_dags/plugins/workday.py
[2023-11-28T11:53:49.266+0500] {logging_mixin.py:154} INFO - [2023-11-28T11:53:49.266+0500] {workday.py:36} WARNING - Could not import pandas. Holidays will not be considered.
[2023-11-28T11:53:49.267+0500] {processor.py:841} WARNING - No viable dags retrieved from /home/amina/miniconda/lib/python3.11/site-packages/airflow/example_dags/plugins/workday.py
[2023-11-28T11:53:49.278+0500] {processor.py:179} INFO - Processing /home/amina/miniconda/lib/python3.11/site-packages/airflow/example_dags/plugins/workday.py took 0.029 seconds
[2023-11-28T11:54:38.845+0500] {processor.py:157} INFO - Started process (PID=7822) to work on /home/amina/miniconda/lib/python3.11/site-packages/airflow/example_dags/plugins/workday.py
[2023-11-28T11:54:38.906+0500] {processor.py:829} INFO - Processing file /home/amina/miniconda/lib/python3.11/site-packages/airflow/example_dags/plugins/workday.py for tasks to queue
[2023-11-28T11:54:38.907+0500] {logging_mixin.py:154} INFO - [2023-11-28T11:54:38.906+0500] {dagbag.py:536} INFO - Filling up the DagBag from /home/amina/miniconda/lib/python3.11/site-packages/airflow/example_dags/plugins/workday.py
[2023-11-28T11:54:38.910+0500] {logging_mixin.py:154} INFO - [2023-11-28T11:54:38.909+0500] {workday.py:36} WARNING - Could not import pandas. Holidays will not be considered.
[2023-11-28T11:54:38.910+0500] {processor.py:841} WARNING - No viable dags retrieved from /home/amina/miniconda/lib/python3.11/site-packages/airflow/example_dags/plugins/workday.py
[2023-11-28T11:54:38.923+0500] {processor.py:179} INFO - Processing /home/amina/miniconda/lib/python3.11/site-packages/airflow/example_dags/plugins/workday.py took 0.081 seconds
[2023-11-28T11:55:30.334+0500] {processor.py:157} INFO - Started process (PID=7872) to work on /home/amina/miniconda/lib/python3.11/site-packages/airflow/example_dags/plugins/workday.py
[2023-11-28T11:55:30.369+0500] {processor.py:829} INFO - Processing file /home/amina/miniconda/lib/python3.11/site-packages/airflow/example_dags/plugins/workday.py for tasks to queue
[2023-11-28T11:55:30.370+0500] {logging_mixin.py:154} INFO - [2023-11-28T11:55:30.370+0500] {dagbag.py:536} INFO - Filling up the DagBag from /home/amina/miniconda/lib/python3.11/site-packages/airflow/example_dags/plugins/workday.py
[2023-11-28T11:55:30.373+0500] {logging_mixin.py:154} INFO - [2023-11-28T11:55:30.373+0500] {workday.py:36} WARNING - Could not import pandas. Holidays will not be considered.
[2023-11-28T11:55:30.373+0500] {processor.py:841} WARNING - No viable dags retrieved from /home/amina/miniconda/lib/python3.11/site-packages/airflow/example_dags/plugins/workday.py
[2023-11-28T11:55:30.387+0500] {processor.py:179} INFO - Processing /home/amina/miniconda/lib/python3.11/site-packages/airflow/example_dags/plugins/workday.py took 0.058 seconds
[2023-11-28T11:56:18.039+0500] {processor.py:157} INFO - Started process (PID=7916) to work on /home/amina/miniconda/lib/python3.11/site-packages/airflow/example_dags/plugins/workday.py
[2023-11-28T11:56:18.090+0500] {processor.py:829} INFO - Processing file /home/amina/miniconda/lib/python3.11/site-packages/airflow/example_dags/plugins/workday.py for tasks to queue
[2023-11-28T11:56:18.091+0500] {logging_mixin.py:154} INFO - [2023-11-28T11:56:18.090+0500] {dagbag.py:536} INFO - Filling up the DagBag from /home/amina/miniconda/lib/python3.11/site-packages/airflow/example_dags/plugins/workday.py
[2023-11-28T11:56:18.094+0500] {logging_mixin.py:154} INFO - [2023-11-28T11:56:18.094+0500] {workday.py:36} WARNING - Could not import pandas. Holidays will not be considered.
[2023-11-28T11:56:18.095+0500] {processor.py:841} WARNING - No viable dags retrieved from /home/amina/miniconda/lib/python3.11/site-packages/airflow/example_dags/plugins/workday.py
[2023-11-28T11:56:18.105+0500] {processor.py:179} INFO - Processing /home/amina/miniconda/lib/python3.11/site-packages/airflow/example_dags/plugins/workday.py took 0.069 seconds
[2023-11-28T11:57:08.301+0500] {processor.py:157} INFO - Started process (PID=7965) to work on /home/amina/miniconda/lib/python3.11/site-packages/airflow/example_dags/plugins/workday.py
[2023-11-28T11:57:08.329+0500] {processor.py:829} INFO - Processing file /home/amina/miniconda/lib/python3.11/site-packages/airflow/example_dags/plugins/workday.py for tasks to queue
[2023-11-28T11:57:08.330+0500] {logging_mixin.py:154} INFO - [2023-11-28T11:57:08.330+0500] {dagbag.py:536} INFO - Filling up the DagBag from /home/amina/miniconda/lib/python3.11/site-packages/airflow/example_dags/plugins/workday.py
[2023-11-28T11:57:08.332+0500] {logging_mixin.py:154} INFO - [2023-11-28T11:57:08.332+0500] {workday.py:36} WARNING - Could not import pandas. Holidays will not be considered.
[2023-11-28T11:57:08.333+0500] {processor.py:841} WARNING - No viable dags retrieved from /home/amina/miniconda/lib/python3.11/site-packages/airflow/example_dags/plugins/workday.py
[2023-11-28T11:57:08.342+0500] {processor.py:179} INFO - Processing /home/amina/miniconda/lib/python3.11/site-packages/airflow/example_dags/plugins/workday.py took 0.044 seconds
[2023-11-28T18:23:30.374+0500] {processor.py:157} INFO - Started process (PID=8264) to work on /home/amina/miniconda/lib/python3.11/site-packages/airflow/example_dags/plugins/workday.py
[2023-11-28T18:23:30.446+0500] {processor.py:829} INFO - Processing file /home/amina/miniconda/lib/python3.11/site-packages/airflow/example_dags/plugins/workday.py for tasks to queue
[2023-11-28T18:23:30.447+0500] {logging_mixin.py:154} INFO - [2023-11-28T18:23:30.446+0500] {dagbag.py:536} INFO - Filling up the DagBag from /home/amina/miniconda/lib/python3.11/site-packages/airflow/example_dags/plugins/workday.py
[2023-11-28T18:23:30.449+0500] {logging_mixin.py:154} INFO - [2023-11-28T18:23:30.449+0500] {workday.py:36} WARNING - Could not import pandas. Holidays will not be considered.
[2023-11-28T18:23:30.450+0500] {processor.py:841} WARNING - No viable dags retrieved from /home/amina/miniconda/lib/python3.11/site-packages/airflow/example_dags/plugins/workday.py
[2023-11-28T18:23:30.460+0500] {processor.py:179} INFO - Processing /home/amina/miniconda/lib/python3.11/site-packages/airflow/example_dags/plugins/workday.py took 0.088 seconds
[2023-11-28T18:24:05.413+0500] {processor.py:157} INFO - Started process (PID=8369) to work on /home/amina/miniconda/lib/python3.11/site-packages/airflow/example_dags/plugins/workday.py
[2023-11-28T18:24:05.414+0500] {processor.py:829} INFO - Processing file /home/amina/miniconda/lib/python3.11/site-packages/airflow/example_dags/plugins/workday.py for tasks to queue
[2023-11-28T18:24:05.415+0500] {logging_mixin.py:154} INFO - [2023-11-28T18:24:05.415+0500] {dagbag.py:536} INFO - Filling up the DagBag from /home/amina/miniconda/lib/python3.11/site-packages/airflow/example_dags/plugins/workday.py
[2023-11-28T18:24:05.419+0500] {logging_mixin.py:154} INFO - [2023-11-28T18:24:05.418+0500] {workday.py:36} WARNING - Could not import pandas. Holidays will not be considered.
[2023-11-28T18:24:05.419+0500] {processor.py:841} WARNING - No viable dags retrieved from /home/amina/miniconda/lib/python3.11/site-packages/airflow/example_dags/plugins/workday.py
[2023-11-28T18:24:05.428+0500] {processor.py:179} INFO - Processing /home/amina/miniconda/lib/python3.11/site-packages/airflow/example_dags/plugins/workday.py took 0.019 seconds
