[2023-12-15T21:42:55.908+0500] {processor.py:157} INFO - Started process (PID=7467) to work on /home/amina/miniconda/lib/python3.11/site-packages/airflow/example_dags/subdags/subdag.py
[2023-12-15T21:42:55.909+0500] {processor.py:829} INFO - Processing file /home/amina/miniconda/lib/python3.11/site-packages/airflow/example_dags/subdags/subdag.py for tasks to queue
[2023-12-15T21:42:55.910+0500] {logging_mixin.py:154} INFO - [2023-12-15T21:42:55.910+0500] {dagbag.py:536} INFO - Filling up the DagBag from /home/amina/miniconda/lib/python3.11/site-packages/airflow/example_dags/subdags/subdag.py
[2023-12-15T21:42:55.913+0500] {processor.py:841} WARNING - No viable dags retrieved from /home/amina/miniconda/lib/python3.11/site-packages/airflow/example_dags/subdags/subdag.py
[2023-12-15T21:42:55.926+0500] {processor.py:179} INFO - Processing /home/amina/miniconda/lib/python3.11/site-packages/airflow/example_dags/subdags/subdag.py took 0.023 seconds
[2023-12-15T21:43:54.275+0500] {processor.py:157} INFO - Started process (PID=7529) to work on /home/amina/miniconda/lib/python3.11/site-packages/airflow/example_dags/subdags/subdag.py
[2023-12-15T21:43:54.297+0500] {processor.py:829} INFO - Processing file /home/amina/miniconda/lib/python3.11/site-packages/airflow/example_dags/subdags/subdag.py for tasks to queue
[2023-12-15T21:43:54.299+0500] {logging_mixin.py:154} INFO - [2023-12-15T21:43:54.298+0500] {dagbag.py:536} INFO - Filling up the DagBag from /home/amina/miniconda/lib/python3.11/site-packages/airflow/example_dags/subdags/subdag.py
[2023-12-15T21:43:54.303+0500] {processor.py:841} WARNING - No viable dags retrieved from /home/amina/miniconda/lib/python3.11/site-packages/airflow/example_dags/subdags/subdag.py
[2023-12-15T21:43:54.314+0500] {processor.py:179} INFO - Processing /home/amina/miniconda/lib/python3.11/site-packages/airflow/example_dags/subdags/subdag.py took 0.043 seconds
[2023-12-15T21:45:46.704+0500] {processor.py:157} INFO - Started process (PID=7633) to work on /home/amina/miniconda/lib/python3.11/site-packages/airflow/example_dags/subdags/subdag.py
[2023-12-15T21:45:46.705+0500] {processor.py:829} INFO - Processing file /home/amina/miniconda/lib/python3.11/site-packages/airflow/example_dags/subdags/subdag.py for tasks to queue
[2023-12-15T21:45:46.707+0500] {logging_mixin.py:154} INFO - [2023-12-15T21:45:46.705+0500] {dagbag.py:536} INFO - Filling up the DagBag from /home/amina/miniconda/lib/python3.11/site-packages/airflow/example_dags/subdags/subdag.py
[2023-12-15T21:45:46.710+0500] {processor.py:841} WARNING - No viable dags retrieved from /home/amina/miniconda/lib/python3.11/site-packages/airflow/example_dags/subdags/subdag.py
[2023-12-15T21:45:46.719+0500] {processor.py:179} INFO - Processing /home/amina/miniconda/lib/python3.11/site-packages/airflow/example_dags/subdags/subdag.py took 0.018 seconds
[2023-12-15T21:47:47.286+0500] {processor.py:157} INFO - Started process (PID=7733) to work on /home/amina/miniconda/lib/python3.11/site-packages/airflow/example_dags/subdags/subdag.py
[2023-12-15T21:47:47.302+0500] {processor.py:829} INFO - Processing file /home/amina/miniconda/lib/python3.11/site-packages/airflow/example_dags/subdags/subdag.py for tasks to queue
[2023-12-15T21:47:47.304+0500] {logging_mixin.py:154} INFO - [2023-12-15T21:47:47.304+0500] {dagbag.py:536} INFO - Filling up the DagBag from /home/amina/miniconda/lib/python3.11/site-packages/airflow/example_dags/subdags/subdag.py
[2023-12-15T21:47:47.307+0500] {processor.py:841} WARNING - No viable dags retrieved from /home/amina/miniconda/lib/python3.11/site-packages/airflow/example_dags/subdags/subdag.py
[2023-12-15T21:47:47.324+0500] {processor.py:179} INFO - Processing /home/amina/miniconda/lib/python3.11/site-packages/airflow/example_dags/subdags/subdag.py took 0.043 seconds
[2023-12-15T21:48:33.488+0500] {processor.py:157} INFO - Started process (PID=7799) to work on /home/amina/miniconda/lib/python3.11/site-packages/airflow/example_dags/subdags/subdag.py
[2023-12-15T21:48:33.497+0500] {processor.py:829} INFO - Processing file /home/amina/miniconda/lib/python3.11/site-packages/airflow/example_dags/subdags/subdag.py for tasks to queue
[2023-12-15T21:48:33.498+0500] {logging_mixin.py:154} INFO - [2023-12-15T21:48:33.497+0500] {dagbag.py:536} INFO - Filling up the DagBag from /home/amina/miniconda/lib/python3.11/site-packages/airflow/example_dags/subdags/subdag.py
[2023-12-15T21:48:33.500+0500] {processor.py:841} WARNING - No viable dags retrieved from /home/amina/miniconda/lib/python3.11/site-packages/airflow/example_dags/subdags/subdag.py
[2023-12-15T21:48:33.508+0500] {processor.py:179} INFO - Processing /home/amina/miniconda/lib/python3.11/site-packages/airflow/example_dags/subdags/subdag.py took 0.024 seconds
[2023-12-15T21:49:09.227+0500] {processor.py:157} INFO - Started process (PID=7844) to work on /home/amina/miniconda/lib/python3.11/site-packages/airflow/example_dags/subdags/subdag.py
[2023-12-15T21:49:09.291+0500] {processor.py:829} INFO - Processing file /home/amina/miniconda/lib/python3.11/site-packages/airflow/example_dags/subdags/subdag.py for tasks to queue
[2023-12-15T21:49:09.292+0500] {logging_mixin.py:154} INFO - [2023-12-15T21:49:09.292+0500] {dagbag.py:536} INFO - Filling up the DagBag from /home/amina/miniconda/lib/python3.11/site-packages/airflow/example_dags/subdags/subdag.py
[2023-12-15T21:49:09.294+0500] {processor.py:841} WARNING - No viable dags retrieved from /home/amina/miniconda/lib/python3.11/site-packages/airflow/example_dags/subdags/subdag.py
[2023-12-15T21:49:09.303+0500] {processor.py:179} INFO - Processing /home/amina/miniconda/lib/python3.11/site-packages/airflow/example_dags/subdags/subdag.py took 0.082 seconds
[2023-12-15T21:50:13.482+0500] {processor.py:157} INFO - Started process (PID=7906) to work on /home/amina/miniconda/lib/python3.11/site-packages/airflow/example_dags/subdags/subdag.py
[2023-12-15T21:50:13.493+0500] {processor.py:829} INFO - Processing file /home/amina/miniconda/lib/python3.11/site-packages/airflow/example_dags/subdags/subdag.py for tasks to queue
[2023-12-15T21:50:13.494+0500] {logging_mixin.py:154} INFO - [2023-12-15T21:50:13.493+0500] {dagbag.py:536} INFO - Filling up the DagBag from /home/amina/miniconda/lib/python3.11/site-packages/airflow/example_dags/subdags/subdag.py
[2023-12-15T21:50:13.495+0500] {processor.py:841} WARNING - No viable dags retrieved from /home/amina/miniconda/lib/python3.11/site-packages/airflow/example_dags/subdags/subdag.py
[2023-12-15T21:50:13.505+0500] {processor.py:179} INFO - Processing /home/amina/miniconda/lib/python3.11/site-packages/airflow/example_dags/subdags/subdag.py took 0.026 seconds
[2023-12-15T21:50:56.721+0500] {processor.py:157} INFO - Started process (PID=7945) to work on /home/amina/miniconda/lib/python3.11/site-packages/airflow/example_dags/subdags/subdag.py
[2023-12-15T21:50:56.753+0500] {processor.py:829} INFO - Processing file /home/amina/miniconda/lib/python3.11/site-packages/airflow/example_dags/subdags/subdag.py for tasks to queue
[2023-12-15T21:50:56.754+0500] {logging_mixin.py:154} INFO - [2023-12-15T21:50:56.754+0500] {dagbag.py:536} INFO - Filling up the DagBag from /home/amina/miniconda/lib/python3.11/site-packages/airflow/example_dags/subdags/subdag.py
[2023-12-15T21:50:56.756+0500] {processor.py:841} WARNING - No viable dags retrieved from /home/amina/miniconda/lib/python3.11/site-packages/airflow/example_dags/subdags/subdag.py
[2023-12-15T21:50:56.765+0500] {processor.py:179} INFO - Processing /home/amina/miniconda/lib/python3.11/site-packages/airflow/example_dags/subdags/subdag.py took 0.048 seconds
[2023-12-15T21:51:48.836+0500] {processor.py:157} INFO - Started process (PID=8065) to work on /home/amina/miniconda/lib/python3.11/site-packages/airflow/example_dags/subdags/subdag.py
[2023-12-15T21:51:48.859+0500] {processor.py:829} INFO - Processing file /home/amina/miniconda/lib/python3.11/site-packages/airflow/example_dags/subdags/subdag.py for tasks to queue
[2023-12-15T21:51:48.860+0500] {logging_mixin.py:154} INFO - [2023-12-15T21:51:48.860+0500] {dagbag.py:536} INFO - Filling up the DagBag from /home/amina/miniconda/lib/python3.11/site-packages/airflow/example_dags/subdags/subdag.py
[2023-12-15T21:51:48.862+0500] {processor.py:841} WARNING - No viable dags retrieved from /home/amina/miniconda/lib/python3.11/site-packages/airflow/example_dags/subdags/subdag.py
[2023-12-15T21:51:48.872+0500] {processor.py:179} INFO - Processing /home/amina/miniconda/lib/python3.11/site-packages/airflow/example_dags/subdags/subdag.py took 0.038 seconds
[2023-12-15T21:52:45.717+0500] {processor.py:157} INFO - Started process (PID=8114) to work on /home/amina/miniconda/lib/python3.11/site-packages/airflow/example_dags/subdags/subdag.py
[2023-12-15T21:52:45.759+0500] {processor.py:829} INFO - Processing file /home/amina/miniconda/lib/python3.11/site-packages/airflow/example_dags/subdags/subdag.py for tasks to queue
[2023-12-15T21:52:45.761+0500] {logging_mixin.py:154} INFO - [2023-12-15T21:52:45.760+0500] {dagbag.py:536} INFO - Filling up the DagBag from /home/amina/miniconda/lib/python3.11/site-packages/airflow/example_dags/subdags/subdag.py
[2023-12-15T21:52:45.763+0500] {processor.py:841} WARNING - No viable dags retrieved from /home/amina/miniconda/lib/python3.11/site-packages/airflow/example_dags/subdags/subdag.py
[2023-12-15T21:52:45.775+0500] {processor.py:179} INFO - Processing /home/amina/miniconda/lib/python3.11/site-packages/airflow/example_dags/subdags/subdag.py took 0.061 seconds
[2023-12-15T21:53:24.240+0500] {processor.py:157} INFO - Started process (PID=8158) to work on /home/amina/miniconda/lib/python3.11/site-packages/airflow/example_dags/subdags/subdag.py
[2023-12-15T21:53:24.318+0500] {processor.py:829} INFO - Processing file /home/amina/miniconda/lib/python3.11/site-packages/airflow/example_dags/subdags/subdag.py for tasks to queue
[2023-12-15T21:53:24.319+0500] {logging_mixin.py:154} INFO - [2023-12-15T21:53:24.319+0500] {dagbag.py:536} INFO - Filling up the DagBag from /home/amina/miniconda/lib/python3.11/site-packages/airflow/example_dags/subdags/subdag.py
[2023-12-15T21:53:24.321+0500] {processor.py:841} WARNING - No viable dags retrieved from /home/amina/miniconda/lib/python3.11/site-packages/airflow/example_dags/subdags/subdag.py
[2023-12-15T21:53:24.330+0500] {processor.py:179} INFO - Processing /home/amina/miniconda/lib/python3.11/site-packages/airflow/example_dags/subdags/subdag.py took 0.093 seconds
[2023-12-15T21:54:16.733+0500] {processor.py:157} INFO - Started process (PID=8219) to work on /home/amina/miniconda/lib/python3.11/site-packages/airflow/example_dags/subdags/subdag.py
[2023-12-15T21:54:16.781+0500] {processor.py:829} INFO - Processing file /home/amina/miniconda/lib/python3.11/site-packages/airflow/example_dags/subdags/subdag.py for tasks to queue
[2023-12-15T21:54:16.782+0500] {logging_mixin.py:154} INFO - [2023-12-15T21:54:16.781+0500] {dagbag.py:536} INFO - Filling up the DagBag from /home/amina/miniconda/lib/python3.11/site-packages/airflow/example_dags/subdags/subdag.py
[2023-12-15T21:54:16.783+0500] {processor.py:841} WARNING - No viable dags retrieved from /home/amina/miniconda/lib/python3.11/site-packages/airflow/example_dags/subdags/subdag.py
[2023-12-15T21:54:16.792+0500] {processor.py:179} INFO - Processing /home/amina/miniconda/lib/python3.11/site-packages/airflow/example_dags/subdags/subdag.py took 0.063 seconds
[2023-12-15T21:55:00.666+0500] {processor.py:157} INFO - Started process (PID=8274) to work on /home/amina/miniconda/lib/python3.11/site-packages/airflow/example_dags/subdags/subdag.py
[2023-12-15T21:55:00.698+0500] {processor.py:829} INFO - Processing file /home/amina/miniconda/lib/python3.11/site-packages/airflow/example_dags/subdags/subdag.py for tasks to queue
[2023-12-15T21:55:00.699+0500] {logging_mixin.py:154} INFO - [2023-12-15T21:55:00.699+0500] {dagbag.py:536} INFO - Filling up the DagBag from /home/amina/miniconda/lib/python3.11/site-packages/airflow/example_dags/subdags/subdag.py
[2023-12-15T21:55:00.701+0500] {processor.py:841} WARNING - No viable dags retrieved from /home/amina/miniconda/lib/python3.11/site-packages/airflow/example_dags/subdags/subdag.py
[2023-12-15T21:55:00.710+0500] {processor.py:179} INFO - Processing /home/amina/miniconda/lib/python3.11/site-packages/airflow/example_dags/subdags/subdag.py took 0.048 seconds
[2023-12-15T21:55:44.103+0500] {processor.py:157} INFO - Started process (PID=8322) to work on /home/amina/miniconda/lib/python3.11/site-packages/airflow/example_dags/subdags/subdag.py
[2023-12-15T21:55:44.113+0500] {processor.py:829} INFO - Processing file /home/amina/miniconda/lib/python3.11/site-packages/airflow/example_dags/subdags/subdag.py for tasks to queue
[2023-12-15T21:55:44.115+0500] {logging_mixin.py:154} INFO - [2023-12-15T21:55:44.114+0500] {dagbag.py:536} INFO - Filling up the DagBag from /home/amina/miniconda/lib/python3.11/site-packages/airflow/example_dags/subdags/subdag.py
[2023-12-15T21:55:44.118+0500] {processor.py:841} WARNING - No viable dags retrieved from /home/amina/miniconda/lib/python3.11/site-packages/airflow/example_dags/subdags/subdag.py
[2023-12-15T21:55:44.128+0500] {processor.py:179} INFO - Processing /home/amina/miniconda/lib/python3.11/site-packages/airflow/example_dags/subdags/subdag.py took 0.029 seconds
[2023-12-15T21:56:34.550+0500] {processor.py:157} INFO - Started process (PID=8371) to work on /home/amina/miniconda/lib/python3.11/site-packages/airflow/example_dags/subdags/subdag.py
[2023-12-15T21:56:34.581+0500] {processor.py:829} INFO - Processing file /home/amina/miniconda/lib/python3.11/site-packages/airflow/example_dags/subdags/subdag.py for tasks to queue
[2023-12-15T21:56:34.582+0500] {logging_mixin.py:154} INFO - [2023-12-15T21:56:34.581+0500] {dagbag.py:536} INFO - Filling up the DagBag from /home/amina/miniconda/lib/python3.11/site-packages/airflow/example_dags/subdags/subdag.py
[2023-12-15T21:56:34.584+0500] {processor.py:841} WARNING - No viable dags retrieved from /home/amina/miniconda/lib/python3.11/site-packages/airflow/example_dags/subdags/subdag.py
[2023-12-15T21:56:34.593+0500] {processor.py:179} INFO - Processing /home/amina/miniconda/lib/python3.11/site-packages/airflow/example_dags/subdags/subdag.py took 0.046 seconds
[2023-12-15T21:57:26.567+0500] {processor.py:157} INFO - Started process (PID=8434) to work on /home/amina/miniconda/lib/python3.11/site-packages/airflow/example_dags/subdags/subdag.py
[2023-12-15T21:57:26.580+0500] {processor.py:829} INFO - Processing file /home/amina/miniconda/lib/python3.11/site-packages/airflow/example_dags/subdags/subdag.py for tasks to queue
[2023-12-15T21:57:26.581+0500] {logging_mixin.py:154} INFO - [2023-12-15T21:57:26.580+0500] {dagbag.py:536} INFO - Filling up the DagBag from /home/amina/miniconda/lib/python3.11/site-packages/airflow/example_dags/subdags/subdag.py
[2023-12-15T21:57:26.583+0500] {processor.py:841} WARNING - No viable dags retrieved from /home/amina/miniconda/lib/python3.11/site-packages/airflow/example_dags/subdags/subdag.py
[2023-12-15T21:57:26.592+0500] {processor.py:179} INFO - Processing /home/amina/miniconda/lib/python3.11/site-packages/airflow/example_dags/subdags/subdag.py took 0.029 seconds
[2023-12-15T21:58:21.078+0500] {processor.py:157} INFO - Started process (PID=8492) to work on /home/amina/miniconda/lib/python3.11/site-packages/airflow/example_dags/subdags/subdag.py
[2023-12-15T21:58:21.102+0500] {processor.py:829} INFO - Processing file /home/amina/miniconda/lib/python3.11/site-packages/airflow/example_dags/subdags/subdag.py for tasks to queue
[2023-12-15T21:58:21.103+0500] {logging_mixin.py:154} INFO - [2023-12-15T21:58:21.103+0500] {dagbag.py:536} INFO - Filling up the DagBag from /home/amina/miniconda/lib/python3.11/site-packages/airflow/example_dags/subdags/subdag.py
[2023-12-15T21:58:21.105+0500] {processor.py:841} WARNING - No viable dags retrieved from /home/amina/miniconda/lib/python3.11/site-packages/airflow/example_dags/subdags/subdag.py
[2023-12-15T21:58:21.114+0500] {processor.py:179} INFO - Processing /home/amina/miniconda/lib/python3.11/site-packages/airflow/example_dags/subdags/subdag.py took 0.040 seconds
[2023-12-15T21:59:15.276+0500] {processor.py:157} INFO - Started process (PID=8551) to work on /home/amina/miniconda/lib/python3.11/site-packages/airflow/example_dags/subdags/subdag.py
[2023-12-15T21:59:15.330+0500] {processor.py:829} INFO - Processing file /home/amina/miniconda/lib/python3.11/site-packages/airflow/example_dags/subdags/subdag.py for tasks to queue
[2023-12-15T21:59:15.331+0500] {logging_mixin.py:154} INFO - [2023-12-15T21:59:15.330+0500] {dagbag.py:536} INFO - Filling up the DagBag from /home/amina/miniconda/lib/python3.11/site-packages/airflow/example_dags/subdags/subdag.py
[2023-12-15T21:59:15.332+0500] {processor.py:841} WARNING - No viable dags retrieved from /home/amina/miniconda/lib/python3.11/site-packages/airflow/example_dags/subdags/subdag.py
[2023-12-15T21:59:15.341+0500] {processor.py:179} INFO - Processing /home/amina/miniconda/lib/python3.11/site-packages/airflow/example_dags/subdags/subdag.py took 0.068 seconds
[2023-12-15T22:00:08.049+0500] {processor.py:157} INFO - Started process (PID=8614) to work on /home/amina/miniconda/lib/python3.11/site-packages/airflow/example_dags/subdags/subdag.py
[2023-12-15T22:00:08.103+0500] {processor.py:829} INFO - Processing file /home/amina/miniconda/lib/python3.11/site-packages/airflow/example_dags/subdags/subdag.py for tasks to queue
[2023-12-15T22:00:08.104+0500] {logging_mixin.py:154} INFO - [2023-12-15T22:00:08.104+0500] {dagbag.py:536} INFO - Filling up the DagBag from /home/amina/miniconda/lib/python3.11/site-packages/airflow/example_dags/subdags/subdag.py
[2023-12-15T22:00:08.106+0500] {processor.py:841} WARNING - No viable dags retrieved from /home/amina/miniconda/lib/python3.11/site-packages/airflow/example_dags/subdags/subdag.py
[2023-12-15T22:00:08.114+0500] {processor.py:179} INFO - Processing /home/amina/miniconda/lib/python3.11/site-packages/airflow/example_dags/subdags/subdag.py took 0.068 seconds
[2023-12-15T22:01:04.371+0500] {processor.py:157} INFO - Started process (PID=8689) to work on /home/amina/miniconda/lib/python3.11/site-packages/airflow/example_dags/subdags/subdag.py
[2023-12-15T22:01:04.380+0500] {processor.py:829} INFO - Processing file /home/amina/miniconda/lib/python3.11/site-packages/airflow/example_dags/subdags/subdag.py for tasks to queue
[2023-12-15T22:01:04.381+0500] {logging_mixin.py:154} INFO - [2023-12-15T22:01:04.381+0500] {dagbag.py:536} INFO - Filling up the DagBag from /home/amina/miniconda/lib/python3.11/site-packages/airflow/example_dags/subdags/subdag.py
[2023-12-15T22:01:04.383+0500] {processor.py:841} WARNING - No viable dags retrieved from /home/amina/miniconda/lib/python3.11/site-packages/airflow/example_dags/subdags/subdag.py
[2023-12-15T22:01:04.393+0500] {processor.py:179} INFO - Processing /home/amina/miniconda/lib/python3.11/site-packages/airflow/example_dags/subdags/subdag.py took 0.027 seconds
[2023-12-15T22:01:54.692+0500] {processor.py:157} INFO - Started process (PID=8753) to work on /home/amina/miniconda/lib/python3.11/site-packages/airflow/example_dags/subdags/subdag.py
[2023-12-15T22:01:54.728+0500] {processor.py:829} INFO - Processing file /home/amina/miniconda/lib/python3.11/site-packages/airflow/example_dags/subdags/subdag.py for tasks to queue
[2023-12-15T22:01:54.729+0500] {logging_mixin.py:154} INFO - [2023-12-15T22:01:54.728+0500] {dagbag.py:536} INFO - Filling up the DagBag from /home/amina/miniconda/lib/python3.11/site-packages/airflow/example_dags/subdags/subdag.py
[2023-12-15T22:01:54.730+0500] {processor.py:841} WARNING - No viable dags retrieved from /home/amina/miniconda/lib/python3.11/site-packages/airflow/example_dags/subdags/subdag.py
[2023-12-15T22:01:54.739+0500] {processor.py:179} INFO - Processing /home/amina/miniconda/lib/python3.11/site-packages/airflow/example_dags/subdags/subdag.py took 0.050 seconds
[2023-12-15T22:02:46.778+0500] {processor.py:157} INFO - Started process (PID=8811) to work on /home/amina/miniconda/lib/python3.11/site-packages/airflow/example_dags/subdags/subdag.py
[2023-12-15T22:02:46.786+0500] {processor.py:829} INFO - Processing file /home/amina/miniconda/lib/python3.11/site-packages/airflow/example_dags/subdags/subdag.py for tasks to queue
[2023-12-15T22:02:46.787+0500] {logging_mixin.py:154} INFO - [2023-12-15T22:02:46.787+0500] {dagbag.py:536} INFO - Filling up the DagBag from /home/amina/miniconda/lib/python3.11/site-packages/airflow/example_dags/subdags/subdag.py
[2023-12-15T22:02:46.792+0500] {processor.py:841} WARNING - No viable dags retrieved from /home/amina/miniconda/lib/python3.11/site-packages/airflow/example_dags/subdags/subdag.py
[2023-12-15T22:02:46.802+0500] {processor.py:179} INFO - Processing /home/amina/miniconda/lib/python3.11/site-packages/airflow/example_dags/subdags/subdag.py took 0.028 seconds
[2023-12-15T22:03:53.254+0500] {processor.py:157} INFO - Started process (PID=8885) to work on /home/amina/miniconda/lib/python3.11/site-packages/airflow/example_dags/subdags/subdag.py
[2023-12-15T22:03:53.258+0500] {processor.py:829} INFO - Processing file /home/amina/miniconda/lib/python3.11/site-packages/airflow/example_dags/subdags/subdag.py for tasks to queue
[2023-12-15T22:03:53.258+0500] {logging_mixin.py:154} INFO - [2023-12-15T22:03:53.258+0500] {dagbag.py:536} INFO - Filling up the DagBag from /home/amina/miniconda/lib/python3.11/site-packages/airflow/example_dags/subdags/subdag.py
[2023-12-15T22:03:53.260+0500] {processor.py:841} WARNING - No viable dags retrieved from /home/amina/miniconda/lib/python3.11/site-packages/airflow/example_dags/subdags/subdag.py
[2023-12-15T22:03:53.269+0500] {processor.py:179} INFO - Processing /home/amina/miniconda/lib/python3.11/site-packages/airflow/example_dags/subdags/subdag.py took 0.018 seconds
[2023-12-15T22:04:58.081+0500] {processor.py:157} INFO - Started process (PID=8960) to work on /home/amina/miniconda/lib/python3.11/site-packages/airflow/example_dags/subdags/subdag.py
[2023-12-15T22:04:58.137+0500] {processor.py:829} INFO - Processing file /home/amina/miniconda/lib/python3.11/site-packages/airflow/example_dags/subdags/subdag.py for tasks to queue
[2023-12-15T22:04:58.137+0500] {logging_mixin.py:154} INFO - [2023-12-15T22:04:58.137+0500] {dagbag.py:536} INFO - Filling up the DagBag from /home/amina/miniconda/lib/python3.11/site-packages/airflow/example_dags/subdags/subdag.py
[2023-12-15T22:04:58.139+0500] {processor.py:841} WARNING - No viable dags retrieved from /home/amina/miniconda/lib/python3.11/site-packages/airflow/example_dags/subdags/subdag.py
[2023-12-15T22:04:58.148+0500] {processor.py:179} INFO - Processing /home/amina/miniconda/lib/python3.11/site-packages/airflow/example_dags/subdags/subdag.py took 0.071 seconds
[2023-12-15T22:05:59.017+0500] {processor.py:157} INFO - Started process (PID=9026) to work on /home/amina/miniconda/lib/python3.11/site-packages/airflow/example_dags/subdags/subdag.py
[2023-12-15T22:05:59.033+0500] {processor.py:829} INFO - Processing file /home/amina/miniconda/lib/python3.11/site-packages/airflow/example_dags/subdags/subdag.py for tasks to queue
[2023-12-15T22:05:59.034+0500] {logging_mixin.py:154} INFO - [2023-12-15T22:05:59.034+0500] {dagbag.py:536} INFO - Filling up the DagBag from /home/amina/miniconda/lib/python3.11/site-packages/airflow/example_dags/subdags/subdag.py
[2023-12-15T22:05:59.036+0500] {processor.py:841} WARNING - No viable dags retrieved from /home/amina/miniconda/lib/python3.11/site-packages/airflow/example_dags/subdags/subdag.py
[2023-12-15T22:05:59.047+0500] {processor.py:179} INFO - Processing /home/amina/miniconda/lib/python3.11/site-packages/airflow/example_dags/subdags/subdag.py took 0.033 seconds
[2023-12-15T22:06:57.577+0500] {processor.py:157} INFO - Started process (PID=9078) to work on /home/amina/miniconda/lib/python3.11/site-packages/airflow/example_dags/subdags/subdag.py
[2023-12-15T22:06:57.613+0500] {processor.py:829} INFO - Processing file /home/amina/miniconda/lib/python3.11/site-packages/airflow/example_dags/subdags/subdag.py for tasks to queue
[2023-12-15T22:06:57.614+0500] {logging_mixin.py:154} INFO - [2023-12-15T22:06:57.614+0500] {dagbag.py:536} INFO - Filling up the DagBag from /home/amina/miniconda/lib/python3.11/site-packages/airflow/example_dags/subdags/subdag.py
[2023-12-15T22:06:57.616+0500] {processor.py:841} WARNING - No viable dags retrieved from /home/amina/miniconda/lib/python3.11/site-packages/airflow/example_dags/subdags/subdag.py
[2023-12-15T22:06:57.628+0500] {processor.py:179} INFO - Processing /home/amina/miniconda/lib/python3.11/site-packages/airflow/example_dags/subdags/subdag.py took 0.055 seconds
[2023-12-15T22:08:01.772+0500] {processor.py:157} INFO - Started process (PID=9148) to work on /home/amina/miniconda/lib/python3.11/site-packages/airflow/example_dags/subdags/subdag.py
[2023-12-15T22:08:01.791+0500] {processor.py:829} INFO - Processing file /home/amina/miniconda/lib/python3.11/site-packages/airflow/example_dags/subdags/subdag.py for tasks to queue
[2023-12-15T22:08:01.792+0500] {logging_mixin.py:154} INFO - [2023-12-15T22:08:01.792+0500] {dagbag.py:536} INFO - Filling up the DagBag from /home/amina/miniconda/lib/python3.11/site-packages/airflow/example_dags/subdags/subdag.py
[2023-12-15T22:08:01.794+0500] {processor.py:841} WARNING - No viable dags retrieved from /home/amina/miniconda/lib/python3.11/site-packages/airflow/example_dags/subdags/subdag.py
[2023-12-15T22:08:01.806+0500] {processor.py:179} INFO - Processing /home/amina/miniconda/lib/python3.11/site-packages/airflow/example_dags/subdags/subdag.py took 0.039 seconds
[2023-12-15T22:09:05.353+0500] {processor.py:157} INFO - Started process (PID=9221) to work on /home/amina/miniconda/lib/python3.11/site-packages/airflow/example_dags/subdags/subdag.py
[2023-12-15T22:09:05.415+0500] {processor.py:829} INFO - Processing file /home/amina/miniconda/lib/python3.11/site-packages/airflow/example_dags/subdags/subdag.py for tasks to queue
[2023-12-15T22:09:05.416+0500] {logging_mixin.py:154} INFO - [2023-12-15T22:09:05.415+0500] {dagbag.py:536} INFO - Filling up the DagBag from /home/amina/miniconda/lib/python3.11/site-packages/airflow/example_dags/subdags/subdag.py
[2023-12-15T22:09:05.417+0500] {processor.py:841} WARNING - No viable dags retrieved from /home/amina/miniconda/lib/python3.11/site-packages/airflow/example_dags/subdags/subdag.py
[2023-12-15T22:09:05.427+0500] {processor.py:179} INFO - Processing /home/amina/miniconda/lib/python3.11/site-packages/airflow/example_dags/subdags/subdag.py took 0.076 seconds
[2023-12-15T22:10:05.563+0500] {processor.py:157} INFO - Started process (PID=9281) to work on /home/amina/miniconda/lib/python3.11/site-packages/airflow/example_dags/subdags/subdag.py
[2023-12-15T22:10:05.620+0500] {processor.py:829} INFO - Processing file /home/amina/miniconda/lib/python3.11/site-packages/airflow/example_dags/subdags/subdag.py for tasks to queue
[2023-12-15T22:10:05.622+0500] {logging_mixin.py:154} INFO - [2023-12-15T22:10:05.621+0500] {dagbag.py:536} INFO - Filling up the DagBag from /home/amina/miniconda/lib/python3.11/site-packages/airflow/example_dags/subdags/subdag.py
[2023-12-15T22:10:05.624+0500] {processor.py:841} WARNING - No viable dags retrieved from /home/amina/miniconda/lib/python3.11/site-packages/airflow/example_dags/subdags/subdag.py
[2023-12-15T22:10:05.635+0500] {processor.py:179} INFO - Processing /home/amina/miniconda/lib/python3.11/site-packages/airflow/example_dags/subdags/subdag.py took 0.075 seconds
[2023-12-15T22:10:41.237+0500] {processor.py:157} INFO - Started process (PID=9316) to work on /home/amina/miniconda/lib/python3.11/site-packages/airflow/example_dags/subdags/subdag.py
[2023-12-15T22:10:41.238+0500] {processor.py:829} INFO - Processing file /home/amina/miniconda/lib/python3.11/site-packages/airflow/example_dags/subdags/subdag.py for tasks to queue
[2023-12-15T22:10:41.239+0500] {logging_mixin.py:154} INFO - [2023-12-15T22:10:41.238+0500] {dagbag.py:536} INFO - Filling up the DagBag from /home/amina/miniconda/lib/python3.11/site-packages/airflow/example_dags/subdags/subdag.py
[2023-12-15T22:10:41.241+0500] {processor.py:841} WARNING - No viable dags retrieved from /home/amina/miniconda/lib/python3.11/site-packages/airflow/example_dags/subdags/subdag.py
[2023-12-15T22:10:41.251+0500] {processor.py:179} INFO - Processing /home/amina/miniconda/lib/python3.11/site-packages/airflow/example_dags/subdags/subdag.py took 0.017 seconds
[2023-12-15T22:11:38.281+0500] {processor.py:157} INFO - Started process (PID=9375) to work on /home/amina/miniconda/lib/python3.11/site-packages/airflow/example_dags/subdags/subdag.py
[2023-12-15T22:11:38.287+0500] {processor.py:829} INFO - Processing file /home/amina/miniconda/lib/python3.11/site-packages/airflow/example_dags/subdags/subdag.py for tasks to queue
[2023-12-15T22:11:38.288+0500] {logging_mixin.py:154} INFO - [2023-12-15T22:11:38.288+0500] {dagbag.py:536} INFO - Filling up the DagBag from /home/amina/miniconda/lib/python3.11/site-packages/airflow/example_dags/subdags/subdag.py
[2023-12-15T22:11:38.290+0500] {processor.py:841} WARNING - No viable dags retrieved from /home/amina/miniconda/lib/python3.11/site-packages/airflow/example_dags/subdags/subdag.py
[2023-12-15T22:11:38.300+0500] {processor.py:179} INFO - Processing /home/amina/miniconda/lib/python3.11/site-packages/airflow/example_dags/subdags/subdag.py took 0.022 seconds
[2023-12-15T22:12:41.388+0500] {processor.py:157} INFO - Started process (PID=9443) to work on /home/amina/miniconda/lib/python3.11/site-packages/airflow/example_dags/subdags/subdag.py
[2023-12-15T22:12:41.401+0500] {processor.py:829} INFO - Processing file /home/amina/miniconda/lib/python3.11/site-packages/airflow/example_dags/subdags/subdag.py for tasks to queue
[2023-12-15T22:12:41.402+0500] {logging_mixin.py:154} INFO - [2023-12-15T22:12:41.402+0500] {dagbag.py:536} INFO - Filling up the DagBag from /home/amina/miniconda/lib/python3.11/site-packages/airflow/example_dags/subdags/subdag.py
[2023-12-15T22:12:41.405+0500] {processor.py:841} WARNING - No viable dags retrieved from /home/amina/miniconda/lib/python3.11/site-packages/airflow/example_dags/subdags/subdag.py
[2023-12-15T22:12:41.418+0500] {processor.py:179} INFO - Processing /home/amina/miniconda/lib/python3.11/site-packages/airflow/example_dags/subdags/subdag.py took 0.035 seconds
[2023-12-15T22:13:31.824+0500] {processor.py:157} INFO - Started process (PID=9495) to work on /home/amina/miniconda/lib/python3.11/site-packages/airflow/example_dags/subdags/subdag.py
[2023-12-15T22:13:31.853+0500] {processor.py:829} INFO - Processing file /home/amina/miniconda/lib/python3.11/site-packages/airflow/example_dags/subdags/subdag.py for tasks to queue
[2023-12-15T22:13:31.855+0500] {logging_mixin.py:154} INFO - [2023-12-15T22:13:31.854+0500] {dagbag.py:536} INFO - Filling up the DagBag from /home/amina/miniconda/lib/python3.11/site-packages/airflow/example_dags/subdags/subdag.py
[2023-12-15T22:13:31.858+0500] {processor.py:841} WARNING - No viable dags retrieved from /home/amina/miniconda/lib/python3.11/site-packages/airflow/example_dags/subdags/subdag.py
[2023-12-15T22:13:31.869+0500] {processor.py:179} INFO - Processing /home/amina/miniconda/lib/python3.11/site-packages/airflow/example_dags/subdags/subdag.py took 0.048 seconds
[2023-12-15T22:14:19.781+0500] {processor.py:157} INFO - Started process (PID=9559) to work on /home/amina/miniconda/lib/python3.11/site-packages/airflow/example_dags/subdags/subdag.py
[2023-12-15T22:14:19.826+0500] {processor.py:829} INFO - Processing file /home/amina/miniconda/lib/python3.11/site-packages/airflow/example_dags/subdags/subdag.py for tasks to queue
[2023-12-15T22:14:19.828+0500] {logging_mixin.py:154} INFO - [2023-12-15T22:14:19.827+0500] {dagbag.py:536} INFO - Filling up the DagBag from /home/amina/miniconda/lib/python3.11/site-packages/airflow/example_dags/subdags/subdag.py
[2023-12-15T22:14:19.830+0500] {processor.py:841} WARNING - No viable dags retrieved from /home/amina/miniconda/lib/python3.11/site-packages/airflow/example_dags/subdags/subdag.py
[2023-12-15T22:14:19.842+0500] {processor.py:179} INFO - Processing /home/amina/miniconda/lib/python3.11/site-packages/airflow/example_dags/subdags/subdag.py took 0.064 seconds
[2023-12-15T22:15:34.693+0500] {processor.py:157} INFO - Started process (PID=9641) to work on /home/amina/miniconda/lib/python3.11/site-packages/airflow/example_dags/subdags/subdag.py
[2023-12-15T22:15:34.760+0500] {processor.py:829} INFO - Processing file /home/amina/miniconda/lib/python3.11/site-packages/airflow/example_dags/subdags/subdag.py for tasks to queue
[2023-12-15T22:15:34.761+0500] {logging_mixin.py:154} INFO - [2023-12-15T22:15:34.761+0500] {dagbag.py:536} INFO - Filling up the DagBag from /home/amina/miniconda/lib/python3.11/site-packages/airflow/example_dags/subdags/subdag.py
[2023-12-15T22:15:34.765+0500] {processor.py:841} WARNING - No viable dags retrieved from /home/amina/miniconda/lib/python3.11/site-packages/airflow/example_dags/subdags/subdag.py
[2023-12-15T22:15:34.785+0500] {processor.py:179} INFO - Processing /home/amina/miniconda/lib/python3.11/site-packages/airflow/example_dags/subdags/subdag.py took 0.096 seconds
[2023-12-15T22:16:13.081+0500] {processor.py:157} INFO - Started process (PID=9681) to work on /home/amina/miniconda/lib/python3.11/site-packages/airflow/example_dags/subdags/subdag.py
[2023-12-15T22:16:13.084+0500] {processor.py:829} INFO - Processing file /home/amina/miniconda/lib/python3.11/site-packages/airflow/example_dags/subdags/subdag.py for tasks to queue
[2023-12-15T22:16:13.085+0500] {logging_mixin.py:154} INFO - [2023-12-15T22:16:13.084+0500] {dagbag.py:536} INFO - Filling up the DagBag from /home/amina/miniconda/lib/python3.11/site-packages/airflow/example_dags/subdags/subdag.py
[2023-12-15T22:16:13.087+0500] {processor.py:841} WARNING - No viable dags retrieved from /home/amina/miniconda/lib/python3.11/site-packages/airflow/example_dags/subdags/subdag.py
[2023-12-15T22:16:13.099+0500] {processor.py:179} INFO - Processing /home/amina/miniconda/lib/python3.11/site-packages/airflow/example_dags/subdags/subdag.py took 0.022 seconds
[2023-12-15T22:17:18.046+0500] {processor.py:157} INFO - Started process (PID=9753) to work on /home/amina/miniconda/lib/python3.11/site-packages/airflow/example_dags/subdags/subdag.py
[2023-12-15T22:17:18.081+0500] {processor.py:829} INFO - Processing file /home/amina/miniconda/lib/python3.11/site-packages/airflow/example_dags/subdags/subdag.py for tasks to queue
[2023-12-15T22:17:18.082+0500] {logging_mixin.py:154} INFO - [2023-12-15T22:17:18.081+0500] {dagbag.py:536} INFO - Filling up the DagBag from /home/amina/miniconda/lib/python3.11/site-packages/airflow/example_dags/subdags/subdag.py
[2023-12-15T22:17:18.084+0500] {processor.py:841} WARNING - No viable dags retrieved from /home/amina/miniconda/lib/python3.11/site-packages/airflow/example_dags/subdags/subdag.py
[2023-12-15T22:17:18.094+0500] {processor.py:179} INFO - Processing /home/amina/miniconda/lib/python3.11/site-packages/airflow/example_dags/subdags/subdag.py took 0.051 seconds
[2023-12-15T22:18:19.782+0500] {processor.py:157} INFO - Started process (PID=9825) to work on /home/amina/miniconda/lib/python3.11/site-packages/airflow/example_dags/subdags/subdag.py
[2023-12-15T22:18:19.790+0500] {processor.py:829} INFO - Processing file /home/amina/miniconda/lib/python3.11/site-packages/airflow/example_dags/subdags/subdag.py for tasks to queue
[2023-12-15T22:18:19.792+0500] {logging_mixin.py:154} INFO - [2023-12-15T22:18:19.791+0500] {dagbag.py:536} INFO - Filling up the DagBag from /home/amina/miniconda/lib/python3.11/site-packages/airflow/example_dags/subdags/subdag.py
[2023-12-15T22:18:19.794+0500] {processor.py:841} WARNING - No viable dags retrieved from /home/amina/miniconda/lib/python3.11/site-packages/airflow/example_dags/subdags/subdag.py
[2023-12-15T22:18:19.806+0500] {processor.py:179} INFO - Processing /home/amina/miniconda/lib/python3.11/site-packages/airflow/example_dags/subdags/subdag.py took 0.029 seconds
[2023-12-15T22:19:22.739+0500] {processor.py:157} INFO - Started process (PID=9929) to work on /home/amina/miniconda/lib/python3.11/site-packages/airflow/example_dags/subdags/subdag.py
[2023-12-15T22:19:22.793+0500] {processor.py:829} INFO - Processing file /home/amina/miniconda/lib/python3.11/site-packages/airflow/example_dags/subdags/subdag.py for tasks to queue
[2023-12-15T22:19:22.794+0500] {logging_mixin.py:154} INFO - [2023-12-15T22:19:22.794+0500] {dagbag.py:536} INFO - Filling up the DagBag from /home/amina/miniconda/lib/python3.11/site-packages/airflow/example_dags/subdags/subdag.py
[2023-12-15T22:19:22.797+0500] {processor.py:841} WARNING - No viable dags retrieved from /home/amina/miniconda/lib/python3.11/site-packages/airflow/example_dags/subdags/subdag.py
[2023-12-15T22:19:22.817+0500] {processor.py:179} INFO - Processing /home/amina/miniconda/lib/python3.11/site-packages/airflow/example_dags/subdags/subdag.py took 0.085 seconds
[2023-12-15T22:20:32.711+0500] {processor.py:157} INFO - Started process (PID=10103) to work on /home/amina/miniconda/lib/python3.11/site-packages/airflow/example_dags/subdags/subdag.py
[2023-12-15T22:20:32.746+0500] {processor.py:829} INFO - Processing file /home/amina/miniconda/lib/python3.11/site-packages/airflow/example_dags/subdags/subdag.py for tasks to queue
[2023-12-15T22:20:32.747+0500] {logging_mixin.py:154} INFO - [2023-12-15T22:20:32.747+0500] {dagbag.py:536} INFO - Filling up the DagBag from /home/amina/miniconda/lib/python3.11/site-packages/airflow/example_dags/subdags/subdag.py
[2023-12-15T22:20:32.750+0500] {processor.py:841} WARNING - No viable dags retrieved from /home/amina/miniconda/lib/python3.11/site-packages/airflow/example_dags/subdags/subdag.py
[2023-12-15T22:20:32.763+0500] {processor.py:179} INFO - Processing /home/amina/miniconda/lib/python3.11/site-packages/airflow/example_dags/subdags/subdag.py took 0.057 seconds
[2023-12-15T22:21:28.143+0500] {processor.py:157} INFO - Started process (PID=10163) to work on /home/amina/miniconda/lib/python3.11/site-packages/airflow/example_dags/subdags/subdag.py
[2023-12-15T22:21:28.194+0500] {processor.py:829} INFO - Processing file /home/amina/miniconda/lib/python3.11/site-packages/airflow/example_dags/subdags/subdag.py for tasks to queue
[2023-12-15T22:21:28.195+0500] {logging_mixin.py:154} INFO - [2023-12-15T22:21:28.194+0500] {dagbag.py:536} INFO - Filling up the DagBag from /home/amina/miniconda/lib/python3.11/site-packages/airflow/example_dags/subdags/subdag.py
[2023-12-15T22:21:28.197+0500] {processor.py:841} WARNING - No viable dags retrieved from /home/amina/miniconda/lib/python3.11/site-packages/airflow/example_dags/subdags/subdag.py
[2023-12-15T22:21:28.206+0500] {processor.py:179} INFO - Processing /home/amina/miniconda/lib/python3.11/site-packages/airflow/example_dags/subdags/subdag.py took 0.066 seconds
[2023-12-15T22:22:19.337+0500] {processor.py:157} INFO - Started process (PID=10230) to work on /home/amina/miniconda/lib/python3.11/site-packages/airflow/example_dags/subdags/subdag.py
[2023-12-15T22:22:19.366+0500] {processor.py:829} INFO - Processing file /home/amina/miniconda/lib/python3.11/site-packages/airflow/example_dags/subdags/subdag.py for tasks to queue
[2023-12-15T22:22:19.367+0500] {logging_mixin.py:154} INFO - [2023-12-15T22:22:19.366+0500] {dagbag.py:536} INFO - Filling up the DagBag from /home/amina/miniconda/lib/python3.11/site-packages/airflow/example_dags/subdags/subdag.py
[2023-12-15T22:22:19.369+0500] {processor.py:841} WARNING - No viable dags retrieved from /home/amina/miniconda/lib/python3.11/site-packages/airflow/example_dags/subdags/subdag.py
[2023-12-15T22:22:19.381+0500] {processor.py:179} INFO - Processing /home/amina/miniconda/lib/python3.11/site-packages/airflow/example_dags/subdags/subdag.py took 0.047 seconds
[2023-12-15T22:23:13.222+0500] {processor.py:157} INFO - Started process (PID=10281) to work on /home/amina/miniconda/lib/python3.11/site-packages/airflow/example_dags/subdags/subdag.py
[2023-12-15T22:23:13.257+0500] {processor.py:829} INFO - Processing file /home/amina/miniconda/lib/python3.11/site-packages/airflow/example_dags/subdags/subdag.py for tasks to queue
[2023-12-15T22:23:13.258+0500] {logging_mixin.py:154} INFO - [2023-12-15T22:23:13.257+0500] {dagbag.py:536} INFO - Filling up the DagBag from /home/amina/miniconda/lib/python3.11/site-packages/airflow/example_dags/subdags/subdag.py
[2023-12-15T22:23:13.259+0500] {processor.py:841} WARNING - No viable dags retrieved from /home/amina/miniconda/lib/python3.11/site-packages/airflow/example_dags/subdags/subdag.py
[2023-12-15T22:23:13.269+0500] {processor.py:179} INFO - Processing /home/amina/miniconda/lib/python3.11/site-packages/airflow/example_dags/subdags/subdag.py took 0.050 seconds
[2023-12-15T22:24:04.273+0500] {processor.py:157} INFO - Started process (PID=10343) to work on /home/amina/miniconda/lib/python3.11/site-packages/airflow/example_dags/subdags/subdag.py
[2023-12-15T22:24:04.308+0500] {processor.py:829} INFO - Processing file /home/amina/miniconda/lib/python3.11/site-packages/airflow/example_dags/subdags/subdag.py for tasks to queue
[2023-12-15T22:24:04.309+0500] {logging_mixin.py:154} INFO - [2023-12-15T22:24:04.309+0500] {dagbag.py:536} INFO - Filling up the DagBag from /home/amina/miniconda/lib/python3.11/site-packages/airflow/example_dags/subdags/subdag.py
[2023-12-15T22:24:04.311+0500] {processor.py:841} WARNING - No viable dags retrieved from /home/amina/miniconda/lib/python3.11/site-packages/airflow/example_dags/subdags/subdag.py
[2023-12-15T22:24:04.321+0500] {processor.py:179} INFO - Processing /home/amina/miniconda/lib/python3.11/site-packages/airflow/example_dags/subdags/subdag.py took 0.051 seconds
[2023-12-15T22:24:58.644+0500] {processor.py:157} INFO - Started process (PID=10405) to work on /home/amina/miniconda/lib/python3.11/site-packages/airflow/example_dags/subdags/subdag.py
[2023-12-15T22:24:58.705+0500] {processor.py:829} INFO - Processing file /home/amina/miniconda/lib/python3.11/site-packages/airflow/example_dags/subdags/subdag.py for tasks to queue
[2023-12-15T22:24:58.705+0500] {logging_mixin.py:154} INFO - [2023-12-15T22:24:58.705+0500] {dagbag.py:536} INFO - Filling up the DagBag from /home/amina/miniconda/lib/python3.11/site-packages/airflow/example_dags/subdags/subdag.py
[2023-12-15T22:24:58.708+0500] {processor.py:841} WARNING - No viable dags retrieved from /home/amina/miniconda/lib/python3.11/site-packages/airflow/example_dags/subdags/subdag.py
[2023-12-15T22:24:58.719+0500] {processor.py:179} INFO - Processing /home/amina/miniconda/lib/python3.11/site-packages/airflow/example_dags/subdags/subdag.py took 0.078 seconds
[2023-12-15T22:25:56.206+0500] {processor.py:157} INFO - Started process (PID=10455) to work on /home/amina/miniconda/lib/python3.11/site-packages/airflow/example_dags/subdags/subdag.py
[2023-12-15T22:25:56.283+0500] {processor.py:829} INFO - Processing file /home/amina/miniconda/lib/python3.11/site-packages/airflow/example_dags/subdags/subdag.py for tasks to queue
[2023-12-15T22:25:56.284+0500] {logging_mixin.py:154} INFO - [2023-12-15T22:25:56.284+0500] {dagbag.py:536} INFO - Filling up the DagBag from /home/amina/miniconda/lib/python3.11/site-packages/airflow/example_dags/subdags/subdag.py
[2023-12-15T22:25:56.287+0500] {processor.py:841} WARNING - No viable dags retrieved from /home/amina/miniconda/lib/python3.11/site-packages/airflow/example_dags/subdags/subdag.py
[2023-12-15T22:25:56.298+0500] {processor.py:179} INFO - Processing /home/amina/miniconda/lib/python3.11/site-packages/airflow/example_dags/subdags/subdag.py took 0.095 seconds
[2023-12-15T22:26:50.158+0500] {processor.py:157} INFO - Started process (PID=10511) to work on /home/amina/miniconda/lib/python3.11/site-packages/airflow/example_dags/subdags/subdag.py
[2023-12-15T22:26:50.227+0500] {processor.py:829} INFO - Processing file /home/amina/miniconda/lib/python3.11/site-packages/airflow/example_dags/subdags/subdag.py for tasks to queue
[2023-12-15T22:26:50.228+0500] {logging_mixin.py:154} INFO - [2023-12-15T22:26:50.228+0500] {dagbag.py:536} INFO - Filling up the DagBag from /home/amina/miniconda/lib/python3.11/site-packages/airflow/example_dags/subdags/subdag.py
[2023-12-15T22:26:50.231+0500] {processor.py:841} WARNING - No viable dags retrieved from /home/amina/miniconda/lib/python3.11/site-packages/airflow/example_dags/subdags/subdag.py
[2023-12-15T22:26:50.243+0500] {processor.py:179} INFO - Processing /home/amina/miniconda/lib/python3.11/site-packages/airflow/example_dags/subdags/subdag.py took 0.089 seconds
[2023-12-15T22:27:44.127+0500] {processor.py:157} INFO - Started process (PID=10569) to work on /home/amina/miniconda/lib/python3.11/site-packages/airflow/example_dags/subdags/subdag.py
[2023-12-15T22:27:44.179+0500] {processor.py:829} INFO - Processing file /home/amina/miniconda/lib/python3.11/site-packages/airflow/example_dags/subdags/subdag.py for tasks to queue
[2023-12-15T22:27:44.180+0500] {logging_mixin.py:154} INFO - [2023-12-15T22:27:44.180+0500] {dagbag.py:536} INFO - Filling up the DagBag from /home/amina/miniconda/lib/python3.11/site-packages/airflow/example_dags/subdags/subdag.py
[2023-12-15T22:27:44.182+0500] {processor.py:841} WARNING - No viable dags retrieved from /home/amina/miniconda/lib/python3.11/site-packages/airflow/example_dags/subdags/subdag.py
[2023-12-15T22:27:44.192+0500] {processor.py:179} INFO - Processing /home/amina/miniconda/lib/python3.11/site-packages/airflow/example_dags/subdags/subdag.py took 0.068 seconds
[2023-12-15T22:28:35.053+0500] {processor.py:157} INFO - Started process (PID=10632) to work on /home/amina/miniconda/lib/python3.11/site-packages/airflow/example_dags/subdags/subdag.py
[2023-12-15T22:28:35.099+0500] {processor.py:829} INFO - Processing file /home/amina/miniconda/lib/python3.11/site-packages/airflow/example_dags/subdags/subdag.py for tasks to queue
[2023-12-15T22:28:35.100+0500] {logging_mixin.py:154} INFO - [2023-12-15T22:28:35.100+0500] {dagbag.py:536} INFO - Filling up the DagBag from /home/amina/miniconda/lib/python3.11/site-packages/airflow/example_dags/subdags/subdag.py
[2023-12-15T22:28:35.102+0500] {processor.py:841} WARNING - No viable dags retrieved from /home/amina/miniconda/lib/python3.11/site-packages/airflow/example_dags/subdags/subdag.py
[2023-12-15T22:28:35.111+0500] {processor.py:179} INFO - Processing /home/amina/miniconda/lib/python3.11/site-packages/airflow/example_dags/subdags/subdag.py took 0.061 seconds
[2023-12-15T22:29:31.132+0500] {processor.py:157} INFO - Started process (PID=10699) to work on /home/amina/miniconda/lib/python3.11/site-packages/airflow/example_dags/subdags/subdag.py
[2023-12-15T22:29:31.159+0500] {processor.py:829} INFO - Processing file /home/amina/miniconda/lib/python3.11/site-packages/airflow/example_dags/subdags/subdag.py for tasks to queue
[2023-12-15T22:29:31.160+0500] {logging_mixin.py:154} INFO - [2023-12-15T22:29:31.160+0500] {dagbag.py:536} INFO - Filling up the DagBag from /home/amina/miniconda/lib/python3.11/site-packages/airflow/example_dags/subdags/subdag.py
[2023-12-15T22:29:31.162+0500] {processor.py:841} WARNING - No viable dags retrieved from /home/amina/miniconda/lib/python3.11/site-packages/airflow/example_dags/subdags/subdag.py
[2023-12-15T22:29:31.172+0500] {processor.py:179} INFO - Processing /home/amina/miniconda/lib/python3.11/site-packages/airflow/example_dags/subdags/subdag.py took 0.043 seconds
[2023-12-15T22:30:25.207+0500] {processor.py:157} INFO - Started process (PID=10773) to work on /home/amina/miniconda/lib/python3.11/site-packages/airflow/example_dags/subdags/subdag.py
[2023-12-15T22:30:25.308+0500] {processor.py:829} INFO - Processing file /home/amina/miniconda/lib/python3.11/site-packages/airflow/example_dags/subdags/subdag.py for tasks to queue
[2023-12-15T22:30:25.309+0500] {logging_mixin.py:154} INFO - [2023-12-15T22:30:25.308+0500] {dagbag.py:536} INFO - Filling up the DagBag from /home/amina/miniconda/lib/python3.11/site-packages/airflow/example_dags/subdags/subdag.py
[2023-12-15T22:30:25.311+0500] {processor.py:841} WARNING - No viable dags retrieved from /home/amina/miniconda/lib/python3.11/site-packages/airflow/example_dags/subdags/subdag.py
[2023-12-15T22:30:25.321+0500] {processor.py:179} INFO - Processing /home/amina/miniconda/lib/python3.11/site-packages/airflow/example_dags/subdags/subdag.py took 0.120 seconds
[2023-12-15T22:31:05.224+0500] {processor.py:157} INFO - Started process (PID=10812) to work on /home/amina/miniconda/lib/python3.11/site-packages/airflow/example_dags/subdags/subdag.py
[2023-12-15T22:31:05.257+0500] {processor.py:829} INFO - Processing file /home/amina/miniconda/lib/python3.11/site-packages/airflow/example_dags/subdags/subdag.py for tasks to queue
[2023-12-15T22:31:05.258+0500] {logging_mixin.py:154} INFO - [2023-12-15T22:31:05.258+0500] {dagbag.py:536} INFO - Filling up the DagBag from /home/amina/miniconda/lib/python3.11/site-packages/airflow/example_dags/subdags/subdag.py
[2023-12-15T22:31:05.260+0500] {processor.py:841} WARNING - No viable dags retrieved from /home/amina/miniconda/lib/python3.11/site-packages/airflow/example_dags/subdags/subdag.py
[2023-12-15T22:31:05.273+0500] {processor.py:179} INFO - Processing /home/amina/miniconda/lib/python3.11/site-packages/airflow/example_dags/subdags/subdag.py took 0.052 seconds
[2023-12-15T22:31:54.836+0500] {processor.py:157} INFO - Started process (PID=10871) to work on /home/amina/miniconda/lib/python3.11/site-packages/airflow/example_dags/subdags/subdag.py
[2023-12-15T22:31:54.883+0500] {processor.py:829} INFO - Processing file /home/amina/miniconda/lib/python3.11/site-packages/airflow/example_dags/subdags/subdag.py for tasks to queue
[2023-12-15T22:31:54.885+0500] {logging_mixin.py:154} INFO - [2023-12-15T22:31:54.884+0500] {dagbag.py:536} INFO - Filling up the DagBag from /home/amina/miniconda/lib/python3.11/site-packages/airflow/example_dags/subdags/subdag.py
[2023-12-15T22:31:54.888+0500] {processor.py:841} WARNING - No viable dags retrieved from /home/amina/miniconda/lib/python3.11/site-packages/airflow/example_dags/subdags/subdag.py
[2023-12-15T22:31:54.905+0500] {processor.py:179} INFO - Processing /home/amina/miniconda/lib/python3.11/site-packages/airflow/example_dags/subdags/subdag.py took 0.073 seconds
[2023-12-15T22:32:50.536+0500] {processor.py:157} INFO - Started process (PID=10925) to work on /home/amina/miniconda/lib/python3.11/site-packages/airflow/example_dags/subdags/subdag.py
[2023-12-15T22:32:50.546+0500] {processor.py:829} INFO - Processing file /home/amina/miniconda/lib/python3.11/site-packages/airflow/example_dags/subdags/subdag.py for tasks to queue
[2023-12-15T22:32:50.547+0500] {logging_mixin.py:154} INFO - [2023-12-15T22:32:50.546+0500] {dagbag.py:536} INFO - Filling up the DagBag from /home/amina/miniconda/lib/python3.11/site-packages/airflow/example_dags/subdags/subdag.py
[2023-12-15T22:32:50.548+0500] {processor.py:841} WARNING - No viable dags retrieved from /home/amina/miniconda/lib/python3.11/site-packages/airflow/example_dags/subdags/subdag.py
[2023-12-15T22:32:50.558+0500] {processor.py:179} INFO - Processing /home/amina/miniconda/lib/python3.11/site-packages/airflow/example_dags/subdags/subdag.py took 0.026 seconds
[2023-12-15T22:33:43.553+0500] {processor.py:157} INFO - Started process (PID=10977) to work on /home/amina/miniconda/lib/python3.11/site-packages/airflow/example_dags/subdags/subdag.py
[2023-12-15T22:33:43.579+0500] {processor.py:829} INFO - Processing file /home/amina/miniconda/lib/python3.11/site-packages/airflow/example_dags/subdags/subdag.py for tasks to queue
[2023-12-15T22:33:43.580+0500] {logging_mixin.py:154} INFO - [2023-12-15T22:33:43.580+0500] {dagbag.py:536} INFO - Filling up the DagBag from /home/amina/miniconda/lib/python3.11/site-packages/airflow/example_dags/subdags/subdag.py
[2023-12-15T22:33:43.583+0500] {processor.py:841} WARNING - No viable dags retrieved from /home/amina/miniconda/lib/python3.11/site-packages/airflow/example_dags/subdags/subdag.py
[2023-12-15T22:33:43.597+0500] {processor.py:179} INFO - Processing /home/amina/miniconda/lib/python3.11/site-packages/airflow/example_dags/subdags/subdag.py took 0.048 seconds
[2023-12-15T22:34:37.102+0500] {processor.py:157} INFO - Started process (PID=11044) to work on /home/amina/miniconda/lib/python3.11/site-packages/airflow/example_dags/subdags/subdag.py
[2023-12-15T22:34:37.134+0500] {processor.py:829} INFO - Processing file /home/amina/miniconda/lib/python3.11/site-packages/airflow/example_dags/subdags/subdag.py for tasks to queue
[2023-12-15T22:34:37.135+0500] {logging_mixin.py:154} INFO - [2023-12-15T22:34:37.134+0500] {dagbag.py:536} INFO - Filling up the DagBag from /home/amina/miniconda/lib/python3.11/site-packages/airflow/example_dags/subdags/subdag.py
[2023-12-15T22:34:37.138+0500] {processor.py:841} WARNING - No viable dags retrieved from /home/amina/miniconda/lib/python3.11/site-packages/airflow/example_dags/subdags/subdag.py
[2023-12-15T22:34:37.147+0500] {processor.py:179} INFO - Processing /home/amina/miniconda/lib/python3.11/site-packages/airflow/example_dags/subdags/subdag.py took 0.049 seconds
[2023-12-15T22:35:33.937+0500] {processor.py:157} INFO - Started process (PID=11111) to work on /home/amina/miniconda/lib/python3.11/site-packages/airflow/example_dags/subdags/subdag.py
[2023-12-15T22:35:33.955+0500] {processor.py:829} INFO - Processing file /home/amina/miniconda/lib/python3.11/site-packages/airflow/example_dags/subdags/subdag.py for tasks to queue
[2023-12-15T22:35:33.956+0500] {logging_mixin.py:154} INFO - [2023-12-15T22:35:33.955+0500] {dagbag.py:536} INFO - Filling up the DagBag from /home/amina/miniconda/lib/python3.11/site-packages/airflow/example_dags/subdags/subdag.py
[2023-12-15T22:35:33.958+0500] {processor.py:841} WARNING - No viable dags retrieved from /home/amina/miniconda/lib/python3.11/site-packages/airflow/example_dags/subdags/subdag.py
[2023-12-15T22:35:33.969+0500] {processor.py:179} INFO - Processing /home/amina/miniconda/lib/python3.11/site-packages/airflow/example_dags/subdags/subdag.py took 0.035 seconds
[2023-12-15T22:36:28.644+0500] {processor.py:157} INFO - Started process (PID=11168) to work on /home/amina/miniconda/lib/python3.11/site-packages/airflow/example_dags/subdags/subdag.py
[2023-12-15T22:36:28.653+0500] {processor.py:829} INFO - Processing file /home/amina/miniconda/lib/python3.11/site-packages/airflow/example_dags/subdags/subdag.py for tasks to queue
[2023-12-15T22:36:28.654+0500] {logging_mixin.py:154} INFO - [2023-12-15T22:36:28.653+0500] {dagbag.py:536} INFO - Filling up the DagBag from /home/amina/miniconda/lib/python3.11/site-packages/airflow/example_dags/subdags/subdag.py
[2023-12-15T22:36:28.655+0500] {processor.py:841} WARNING - No viable dags retrieved from /home/amina/miniconda/lib/python3.11/site-packages/airflow/example_dags/subdags/subdag.py
[2023-12-15T22:36:28.665+0500] {processor.py:179} INFO - Processing /home/amina/miniconda/lib/python3.11/site-packages/airflow/example_dags/subdags/subdag.py took 0.024 seconds
[2023-12-15T22:37:24.791+0500] {processor.py:157} INFO - Started process (PID=11225) to work on /home/amina/miniconda/lib/python3.11/site-packages/airflow/example_dags/subdags/subdag.py
[2023-12-15T22:37:24.823+0500] {processor.py:829} INFO - Processing file /home/amina/miniconda/lib/python3.11/site-packages/airflow/example_dags/subdags/subdag.py for tasks to queue
[2023-12-15T22:37:24.824+0500] {logging_mixin.py:154} INFO - [2023-12-15T22:37:24.823+0500] {dagbag.py:536} INFO - Filling up the DagBag from /home/amina/miniconda/lib/python3.11/site-packages/airflow/example_dags/subdags/subdag.py
[2023-12-15T22:37:24.825+0500] {processor.py:841} WARNING - No viable dags retrieved from /home/amina/miniconda/lib/python3.11/site-packages/airflow/example_dags/subdags/subdag.py
[2023-12-15T22:37:24.834+0500] {processor.py:179} INFO - Processing /home/amina/miniconda/lib/python3.11/site-packages/airflow/example_dags/subdags/subdag.py took 0.046 seconds
[2023-12-15T22:38:18.946+0500] {processor.py:157} INFO - Started process (PID=11281) to work on /home/amina/miniconda/lib/python3.11/site-packages/airflow/example_dags/subdags/subdag.py
[2023-12-15T22:38:18.955+0500] {processor.py:829} INFO - Processing file /home/amina/miniconda/lib/python3.11/site-packages/airflow/example_dags/subdags/subdag.py for tasks to queue
[2023-12-15T22:38:18.956+0500] {logging_mixin.py:154} INFO - [2023-12-15T22:38:18.955+0500] {dagbag.py:536} INFO - Filling up the DagBag from /home/amina/miniconda/lib/python3.11/site-packages/airflow/example_dags/subdags/subdag.py
[2023-12-15T22:38:18.957+0500] {processor.py:841} WARNING - No viable dags retrieved from /home/amina/miniconda/lib/python3.11/site-packages/airflow/example_dags/subdags/subdag.py
[2023-12-15T22:38:18.967+0500] {processor.py:179} INFO - Processing /home/amina/miniconda/lib/python3.11/site-packages/airflow/example_dags/subdags/subdag.py took 0.024 seconds
[2023-12-15T22:39:11.344+0500] {processor.py:157} INFO - Started process (PID=11341) to work on /home/amina/miniconda/lib/python3.11/site-packages/airflow/example_dags/subdags/subdag.py
[2023-12-15T22:39:11.373+0500] {processor.py:829} INFO - Processing file /home/amina/miniconda/lib/python3.11/site-packages/airflow/example_dags/subdags/subdag.py for tasks to queue
[2023-12-15T22:39:11.374+0500] {logging_mixin.py:154} INFO - [2023-12-15T22:39:11.373+0500] {dagbag.py:536} INFO - Filling up the DagBag from /home/amina/miniconda/lib/python3.11/site-packages/airflow/example_dags/subdags/subdag.py
[2023-12-15T22:39:11.376+0500] {processor.py:841} WARNING - No viable dags retrieved from /home/amina/miniconda/lib/python3.11/site-packages/airflow/example_dags/subdags/subdag.py
[2023-12-15T22:39:11.386+0500] {processor.py:179} INFO - Processing /home/amina/miniconda/lib/python3.11/site-packages/airflow/example_dags/subdags/subdag.py took 0.045 seconds
[2023-12-15T22:40:05.080+0500] {processor.py:157} INFO - Started process (PID=11395) to work on /home/amina/miniconda/lib/python3.11/site-packages/airflow/example_dags/subdags/subdag.py
[2023-12-15T22:40:05.104+0500] {processor.py:829} INFO - Processing file /home/amina/miniconda/lib/python3.11/site-packages/airflow/example_dags/subdags/subdag.py for tasks to queue
[2023-12-15T22:40:05.105+0500] {logging_mixin.py:154} INFO - [2023-12-15T22:40:05.104+0500] {dagbag.py:536} INFO - Filling up the DagBag from /home/amina/miniconda/lib/python3.11/site-packages/airflow/example_dags/subdags/subdag.py
[2023-12-15T22:40:05.108+0500] {processor.py:841} WARNING - No viable dags retrieved from /home/amina/miniconda/lib/python3.11/site-packages/airflow/example_dags/subdags/subdag.py
[2023-12-15T22:40:05.121+0500] {processor.py:179} INFO - Processing /home/amina/miniconda/lib/python3.11/site-packages/airflow/example_dags/subdags/subdag.py took 0.044 seconds
[2023-12-15T22:41:03.298+0500] {processor.py:157} INFO - Started process (PID=11533) to work on /home/amina/miniconda/lib/python3.11/site-packages/airflow/example_dags/subdags/subdag.py
[2023-12-15T22:41:03.339+0500] {processor.py:829} INFO - Processing file /home/amina/miniconda/lib/python3.11/site-packages/airflow/example_dags/subdags/subdag.py for tasks to queue
[2023-12-15T22:41:03.340+0500] {logging_mixin.py:154} INFO - [2023-12-15T22:41:03.339+0500] {dagbag.py:536} INFO - Filling up the DagBag from /home/amina/miniconda/lib/python3.11/site-packages/airflow/example_dags/subdags/subdag.py
[2023-12-15T22:41:03.341+0500] {processor.py:841} WARNING - No viable dags retrieved from /home/amina/miniconda/lib/python3.11/site-packages/airflow/example_dags/subdags/subdag.py
[2023-12-15T22:41:03.350+0500] {processor.py:179} INFO - Processing /home/amina/miniconda/lib/python3.11/site-packages/airflow/example_dags/subdags/subdag.py took 0.055 seconds
[2023-12-15T22:41:56.569+0500] {processor.py:157} INFO - Started process (PID=11606) to work on /home/amina/miniconda/lib/python3.11/site-packages/airflow/example_dags/subdags/subdag.py
[2023-12-15T22:41:56.603+0500] {processor.py:829} INFO - Processing file /home/amina/miniconda/lib/python3.11/site-packages/airflow/example_dags/subdags/subdag.py for tasks to queue
[2023-12-15T22:41:56.604+0500] {logging_mixin.py:154} INFO - [2023-12-15T22:41:56.603+0500] {dagbag.py:536} INFO - Filling up the DagBag from /home/amina/miniconda/lib/python3.11/site-packages/airflow/example_dags/subdags/subdag.py
[2023-12-15T22:41:56.606+0500] {processor.py:841} WARNING - No viable dags retrieved from /home/amina/miniconda/lib/python3.11/site-packages/airflow/example_dags/subdags/subdag.py
[2023-12-15T22:41:56.615+0500] {processor.py:179} INFO - Processing /home/amina/miniconda/lib/python3.11/site-packages/airflow/example_dags/subdags/subdag.py took 0.049 seconds
[2023-12-15T22:42:48.593+0500] {processor.py:157} INFO - Started process (PID=11662) to work on /home/amina/miniconda/lib/python3.11/site-packages/airflow/example_dags/subdags/subdag.py
[2023-12-15T22:42:48.629+0500] {processor.py:829} INFO - Processing file /home/amina/miniconda/lib/python3.11/site-packages/airflow/example_dags/subdags/subdag.py for tasks to queue
[2023-12-15T22:42:48.629+0500] {logging_mixin.py:154} INFO - [2023-12-15T22:42:48.629+0500] {dagbag.py:536} INFO - Filling up the DagBag from /home/amina/miniconda/lib/python3.11/site-packages/airflow/example_dags/subdags/subdag.py
[2023-12-15T22:42:48.631+0500] {processor.py:841} WARNING - No viable dags retrieved from /home/amina/miniconda/lib/python3.11/site-packages/airflow/example_dags/subdags/subdag.py
[2023-12-15T22:42:48.640+0500] {processor.py:179} INFO - Processing /home/amina/miniconda/lib/python3.11/site-packages/airflow/example_dags/subdags/subdag.py took 0.051 seconds
[2023-12-15T22:43:55.130+0500] {processor.py:157} INFO - Started process (PID=11735) to work on /home/amina/miniconda/lib/python3.11/site-packages/airflow/example_dags/subdags/subdag.py
[2023-12-15T22:43:55.169+0500] {processor.py:829} INFO - Processing file /home/amina/miniconda/lib/python3.11/site-packages/airflow/example_dags/subdags/subdag.py for tasks to queue
[2023-12-15T22:43:55.169+0500] {logging_mixin.py:154} INFO - [2023-12-15T22:43:55.169+0500] {dagbag.py:536} INFO - Filling up the DagBag from /home/amina/miniconda/lib/python3.11/site-packages/airflow/example_dags/subdags/subdag.py
[2023-12-15T22:43:55.171+0500] {processor.py:841} WARNING - No viable dags retrieved from /home/amina/miniconda/lib/python3.11/site-packages/airflow/example_dags/subdags/subdag.py
[2023-12-15T22:43:55.180+0500] {processor.py:179} INFO - Processing /home/amina/miniconda/lib/python3.11/site-packages/airflow/example_dags/subdags/subdag.py took 0.054 seconds
[2023-12-15T22:44:46.510+0500] {processor.py:157} INFO - Started process (PID=11788) to work on /home/amina/miniconda/lib/python3.11/site-packages/airflow/example_dags/subdags/subdag.py
[2023-12-15T22:44:46.571+0500] {processor.py:829} INFO - Processing file /home/amina/miniconda/lib/python3.11/site-packages/airflow/example_dags/subdags/subdag.py for tasks to queue
[2023-12-15T22:44:46.572+0500] {logging_mixin.py:154} INFO - [2023-12-15T22:44:46.571+0500] {dagbag.py:536} INFO - Filling up the DagBag from /home/amina/miniconda/lib/python3.11/site-packages/airflow/example_dags/subdags/subdag.py
[2023-12-15T22:44:46.574+0500] {processor.py:841} WARNING - No viable dags retrieved from /home/amina/miniconda/lib/python3.11/site-packages/airflow/example_dags/subdags/subdag.py
[2023-12-15T22:44:46.582+0500] {processor.py:179} INFO - Processing /home/amina/miniconda/lib/python3.11/site-packages/airflow/example_dags/subdags/subdag.py took 0.076 seconds
[2023-12-15T22:45:40.818+0500] {processor.py:157} INFO - Started process (PID=11857) to work on /home/amina/miniconda/lib/python3.11/site-packages/airflow/example_dags/subdags/subdag.py
[2023-12-15T22:45:40.884+0500] {processor.py:829} INFO - Processing file /home/amina/miniconda/lib/python3.11/site-packages/airflow/example_dags/subdags/subdag.py for tasks to queue
[2023-12-15T22:45:40.885+0500] {logging_mixin.py:154} INFO - [2023-12-15T22:45:40.885+0500] {dagbag.py:536} INFO - Filling up the DagBag from /home/amina/miniconda/lib/python3.11/site-packages/airflow/example_dags/subdags/subdag.py
[2023-12-15T22:45:40.888+0500] {processor.py:841} WARNING - No viable dags retrieved from /home/amina/miniconda/lib/python3.11/site-packages/airflow/example_dags/subdags/subdag.py
[2023-12-15T22:45:40.900+0500] {processor.py:179} INFO - Processing /home/amina/miniconda/lib/python3.11/site-packages/airflow/example_dags/subdags/subdag.py took 0.085 seconds
[2023-12-15T22:46:36.624+0500] {processor.py:157} INFO - Started process (PID=11911) to work on /home/amina/miniconda/lib/python3.11/site-packages/airflow/example_dags/subdags/subdag.py
[2023-12-15T22:46:36.676+0500] {processor.py:829} INFO - Processing file /home/amina/miniconda/lib/python3.11/site-packages/airflow/example_dags/subdags/subdag.py for tasks to queue
[2023-12-15T22:46:36.677+0500] {logging_mixin.py:154} INFO - [2023-12-15T22:46:36.676+0500] {dagbag.py:536} INFO - Filling up the DagBag from /home/amina/miniconda/lib/python3.11/site-packages/airflow/example_dags/subdags/subdag.py
[2023-12-15T22:46:36.678+0500] {processor.py:841} WARNING - No viable dags retrieved from /home/amina/miniconda/lib/python3.11/site-packages/airflow/example_dags/subdags/subdag.py
[2023-12-15T22:46:36.687+0500] {processor.py:179} INFO - Processing /home/amina/miniconda/lib/python3.11/site-packages/airflow/example_dags/subdags/subdag.py took 0.066 seconds
[2023-12-15T22:47:35.179+0500] {processor.py:157} INFO - Started process (PID=11993) to work on /home/amina/miniconda/lib/python3.11/site-packages/airflow/example_dags/subdags/subdag.py
[2023-12-15T22:47:35.192+0500] {processor.py:829} INFO - Processing file /home/amina/miniconda/lib/python3.11/site-packages/airflow/example_dags/subdags/subdag.py for tasks to queue
[2023-12-15T22:47:35.193+0500] {logging_mixin.py:154} INFO - [2023-12-15T22:47:35.193+0500] {dagbag.py:536} INFO - Filling up the DagBag from /home/amina/miniconda/lib/python3.11/site-packages/airflow/example_dags/subdags/subdag.py
[2023-12-15T22:47:35.195+0500] {processor.py:841} WARNING - No viable dags retrieved from /home/amina/miniconda/lib/python3.11/site-packages/airflow/example_dags/subdags/subdag.py
[2023-12-15T22:47:35.204+0500] {processor.py:179} INFO - Processing /home/amina/miniconda/lib/python3.11/site-packages/airflow/example_dags/subdags/subdag.py took 0.027 seconds
[2023-12-15T22:48:29.156+0500] {processor.py:157} INFO - Started process (PID=12084) to work on /home/amina/miniconda/lib/python3.11/site-packages/airflow/example_dags/subdags/subdag.py
[2023-12-15T22:48:29.207+0500] {processor.py:829} INFO - Processing file /home/amina/miniconda/lib/python3.11/site-packages/airflow/example_dags/subdags/subdag.py for tasks to queue
[2023-12-15T22:48:29.208+0500] {logging_mixin.py:154} INFO - [2023-12-15T22:48:29.208+0500] {dagbag.py:536} INFO - Filling up the DagBag from /home/amina/miniconda/lib/python3.11/site-packages/airflow/example_dags/subdags/subdag.py
[2023-12-15T22:48:29.210+0500] {processor.py:841} WARNING - No viable dags retrieved from /home/amina/miniconda/lib/python3.11/site-packages/airflow/example_dags/subdags/subdag.py
[2023-12-15T22:48:29.220+0500] {processor.py:179} INFO - Processing /home/amina/miniconda/lib/python3.11/site-packages/airflow/example_dags/subdags/subdag.py took 0.067 seconds
[2023-12-15T22:49:30.954+0500] {processor.py:157} INFO - Started process (PID=12172) to work on /home/amina/miniconda/lib/python3.11/site-packages/airflow/example_dags/subdags/subdag.py
[2023-12-15T22:49:31.011+0500] {processor.py:829} INFO - Processing file /home/amina/miniconda/lib/python3.11/site-packages/airflow/example_dags/subdags/subdag.py for tasks to queue
[2023-12-15T22:49:31.012+0500] {logging_mixin.py:154} INFO - [2023-12-15T22:49:31.012+0500] {dagbag.py:536} INFO - Filling up the DagBag from /home/amina/miniconda/lib/python3.11/site-packages/airflow/example_dags/subdags/subdag.py
[2023-12-15T22:49:31.015+0500] {processor.py:841} WARNING - No viable dags retrieved from /home/amina/miniconda/lib/python3.11/site-packages/airflow/example_dags/subdags/subdag.py
[2023-12-15T22:49:31.033+0500] {processor.py:179} INFO - Processing /home/amina/miniconda/lib/python3.11/site-packages/airflow/example_dags/subdags/subdag.py took 0.084 seconds
[2023-12-15T22:50:10.510+0500] {processor.py:157} INFO - Started process (PID=12255) to work on /home/amina/miniconda/lib/python3.11/site-packages/airflow/example_dags/subdags/subdag.py
[2023-12-15T22:50:10.569+0500] {processor.py:829} INFO - Processing file /home/amina/miniconda/lib/python3.11/site-packages/airflow/example_dags/subdags/subdag.py for tasks to queue
[2023-12-15T22:50:10.570+0500] {logging_mixin.py:154} INFO - [2023-12-15T22:50:10.569+0500] {dagbag.py:536} INFO - Filling up the DagBag from /home/amina/miniconda/lib/python3.11/site-packages/airflow/example_dags/subdags/subdag.py
[2023-12-15T22:50:10.571+0500] {processor.py:841} WARNING - No viable dags retrieved from /home/amina/miniconda/lib/python3.11/site-packages/airflow/example_dags/subdags/subdag.py
[2023-12-15T22:50:10.581+0500] {processor.py:179} INFO - Processing /home/amina/miniconda/lib/python3.11/site-packages/airflow/example_dags/subdags/subdag.py took 0.075 seconds
[2023-12-15T22:51:05.176+0500] {processor.py:157} INFO - Started process (PID=12338) to work on /home/amina/miniconda/lib/python3.11/site-packages/airflow/example_dags/subdags/subdag.py
[2023-12-15T22:51:05.194+0500] {processor.py:829} INFO - Processing file /home/amina/miniconda/lib/python3.11/site-packages/airflow/example_dags/subdags/subdag.py for tasks to queue
[2023-12-15T22:51:05.195+0500] {logging_mixin.py:154} INFO - [2023-12-15T22:51:05.194+0500] {dagbag.py:536} INFO - Filling up the DagBag from /home/amina/miniconda/lib/python3.11/site-packages/airflow/example_dags/subdags/subdag.py
[2023-12-15T22:51:05.196+0500] {processor.py:841} WARNING - No viable dags retrieved from /home/amina/miniconda/lib/python3.11/site-packages/airflow/example_dags/subdags/subdag.py
[2023-12-15T22:51:05.206+0500] {processor.py:179} INFO - Processing /home/amina/miniconda/lib/python3.11/site-packages/airflow/example_dags/subdags/subdag.py took 0.033 seconds
[2023-12-15T22:51:58.939+0500] {processor.py:157} INFO - Started process (PID=12397) to work on /home/amina/miniconda/lib/python3.11/site-packages/airflow/example_dags/subdags/subdag.py
[2023-12-15T22:51:58.981+0500] {processor.py:829} INFO - Processing file /home/amina/miniconda/lib/python3.11/site-packages/airflow/example_dags/subdags/subdag.py for tasks to queue
[2023-12-15T22:51:58.982+0500] {logging_mixin.py:154} INFO - [2023-12-15T22:51:58.981+0500] {dagbag.py:536} INFO - Filling up the DagBag from /home/amina/miniconda/lib/python3.11/site-packages/airflow/example_dags/subdags/subdag.py
[2023-12-15T22:51:58.984+0500] {processor.py:841} WARNING - No viable dags retrieved from /home/amina/miniconda/lib/python3.11/site-packages/airflow/example_dags/subdags/subdag.py
[2023-12-15T22:51:58.994+0500] {processor.py:179} INFO - Processing /home/amina/miniconda/lib/python3.11/site-packages/airflow/example_dags/subdags/subdag.py took 0.060 seconds
