[2023-12-16T12:21:25.705+0500] {processor.py:157} INFO - Started process (PID=18275) to work on /home/amina/miniconda/lib/python3.11/site-packages/airflow/example_dags/plugins/event_listener.py
[2023-12-16T12:21:25.706+0500] {processor.py:829} INFO - Processing file /home/amina/miniconda/lib/python3.11/site-packages/airflow/example_dags/plugins/event_listener.py for tasks to queue
[2023-12-16T12:21:25.706+0500] {logging_mixin.py:154} INFO - [2023-12-16T12:21:25.706+0500] {dagbag.py:536} INFO - Filling up the DagBag from /home/amina/miniconda/lib/python3.11/site-packages/airflow/example_dags/plugins/event_listener.py
[2023-12-16T12:21:25.709+0500] {processor.py:841} WARNING - No viable dags retrieved from /home/amina/miniconda/lib/python3.11/site-packages/airflow/example_dags/plugins/event_listener.py
[2023-12-16T12:21:25.719+0500] {processor.py:179} INFO - Processing /home/amina/miniconda/lib/python3.11/site-packages/airflow/example_dags/plugins/event_listener.py took 0.016 seconds
[2023-12-16T12:22:30.850+0500] {processor.py:157} INFO - Started process (PID=20028) to work on /home/amina/miniconda/lib/python3.11/site-packages/airflow/example_dags/plugins/event_listener.py
[2023-12-16T12:22:30.925+0500] {processor.py:829} INFO - Processing file /home/amina/miniconda/lib/python3.11/site-packages/airflow/example_dags/plugins/event_listener.py for tasks to queue
[2023-12-16T12:22:30.927+0500] {logging_mixin.py:154} INFO - [2023-12-16T12:22:30.926+0500] {dagbag.py:536} INFO - Filling up the DagBag from /home/amina/miniconda/lib/python3.11/site-packages/airflow/example_dags/plugins/event_listener.py
[2023-12-16T12:22:30.929+0500] {processor.py:841} WARNING - No viable dags retrieved from /home/amina/miniconda/lib/python3.11/site-packages/airflow/example_dags/plugins/event_listener.py
[2023-12-16T12:22:30.940+0500] {processor.py:179} INFO - Processing /home/amina/miniconda/lib/python3.11/site-packages/airflow/example_dags/plugins/event_listener.py took 0.093 seconds
[2023-12-16T12:23:32.824+0500] {processor.py:157} INFO - Started process (PID=21230) to work on /home/amina/miniconda/lib/python3.11/site-packages/airflow/example_dags/plugins/event_listener.py
[2023-12-16T12:23:32.878+0500] {processor.py:829} INFO - Processing file /home/amina/miniconda/lib/python3.11/site-packages/airflow/example_dags/plugins/event_listener.py for tasks to queue
[2023-12-16T12:23:32.879+0500] {logging_mixin.py:154} INFO - [2023-12-16T12:23:32.878+0500] {dagbag.py:536} INFO - Filling up the DagBag from /home/amina/miniconda/lib/python3.11/site-packages/airflow/example_dags/plugins/event_listener.py
[2023-12-16T12:23:32.881+0500] {processor.py:841} WARNING - No viable dags retrieved from /home/amina/miniconda/lib/python3.11/site-packages/airflow/example_dags/plugins/event_listener.py
[2023-12-16T12:23:32.896+0500] {processor.py:179} INFO - Processing /home/amina/miniconda/lib/python3.11/site-packages/airflow/example_dags/plugins/event_listener.py took 0.074 seconds
[2023-12-16T12:24:32.343+0500] {processor.py:157} INFO - Started process (PID=22686) to work on /home/amina/miniconda/lib/python3.11/site-packages/airflow/example_dags/plugins/event_listener.py
[2023-12-16T12:24:32.375+0500] {processor.py:829} INFO - Processing file /home/amina/miniconda/lib/python3.11/site-packages/airflow/example_dags/plugins/event_listener.py for tasks to queue
[2023-12-16T12:24:32.376+0500] {logging_mixin.py:154} INFO - [2023-12-16T12:24:32.375+0500] {dagbag.py:536} INFO - Filling up the DagBag from /home/amina/miniconda/lib/python3.11/site-packages/airflow/example_dags/plugins/event_listener.py
[2023-12-16T12:24:32.378+0500] {processor.py:841} WARNING - No viable dags retrieved from /home/amina/miniconda/lib/python3.11/site-packages/airflow/example_dags/plugins/event_listener.py
[2023-12-16T12:24:32.388+0500] {processor.py:179} INFO - Processing /home/amina/miniconda/lib/python3.11/site-packages/airflow/example_dags/plugins/event_listener.py took 0.048 seconds
[2023-12-16T12:25:19.719+0500] {processor.py:157} INFO - Started process (PID=23649) to work on /home/amina/miniconda/lib/python3.11/site-packages/airflow/example_dags/plugins/event_listener.py
[2023-12-16T12:25:19.892+0500] {processor.py:829} INFO - Processing file /home/amina/miniconda/lib/python3.11/site-packages/airflow/example_dags/plugins/event_listener.py for tasks to queue
[2023-12-16T12:25:19.893+0500] {logging_mixin.py:154} INFO - [2023-12-16T12:25:19.893+0500] {dagbag.py:536} INFO - Filling up the DagBag from /home/amina/miniconda/lib/python3.11/site-packages/airflow/example_dags/plugins/event_listener.py
[2023-12-16T12:25:19.896+0500] {processor.py:841} WARNING - No viable dags retrieved from /home/amina/miniconda/lib/python3.11/site-packages/airflow/example_dags/plugins/event_listener.py
[2023-12-16T12:25:19.908+0500] {processor.py:179} INFO - Processing /home/amina/miniconda/lib/python3.11/site-packages/airflow/example_dags/plugins/event_listener.py took 0.191 seconds
[2023-12-16T12:26:06.987+0500] {processor.py:157} INFO - Started process (PID=24419) to work on /home/amina/miniconda/lib/python3.11/site-packages/airflow/example_dags/plugins/event_listener.py
[2023-12-16T12:26:07.094+0500] {processor.py:829} INFO - Processing file /home/amina/miniconda/lib/python3.11/site-packages/airflow/example_dags/plugins/event_listener.py for tasks to queue
[2023-12-16T12:26:07.094+0500] {logging_mixin.py:154} INFO - [2023-12-16T12:26:07.094+0500] {dagbag.py:536} INFO - Filling up the DagBag from /home/amina/miniconda/lib/python3.11/site-packages/airflow/example_dags/plugins/event_listener.py
[2023-12-16T12:26:07.096+0500] {processor.py:841} WARNING - No viable dags retrieved from /home/amina/miniconda/lib/python3.11/site-packages/airflow/example_dags/plugins/event_listener.py
[2023-12-16T12:26:07.106+0500] {processor.py:179} INFO - Processing /home/amina/miniconda/lib/python3.11/site-packages/airflow/example_dags/plugins/event_listener.py took 0.122 seconds
[2023-12-16T12:26:42.840+0500] {processor.py:157} INFO - Started process (PID=25125) to work on /home/amina/miniconda/lib/python3.11/site-packages/airflow/example_dags/plugins/event_listener.py
[2023-12-16T12:26:42.865+0500] {processor.py:829} INFO - Processing file /home/amina/miniconda/lib/python3.11/site-packages/airflow/example_dags/plugins/event_listener.py for tasks to queue
[2023-12-16T12:26:42.866+0500] {logging_mixin.py:154} INFO - [2023-12-16T12:26:42.866+0500] {dagbag.py:536} INFO - Filling up the DagBag from /home/amina/miniconda/lib/python3.11/site-packages/airflow/example_dags/plugins/event_listener.py
[2023-12-16T12:26:42.868+0500] {processor.py:841} WARNING - No viable dags retrieved from /home/amina/miniconda/lib/python3.11/site-packages/airflow/example_dags/plugins/event_listener.py
[2023-12-16T12:26:42.878+0500] {processor.py:179} INFO - Processing /home/amina/miniconda/lib/python3.11/site-packages/airflow/example_dags/plugins/event_listener.py took 0.040 seconds
[2023-12-16T12:27:21.985+0500] {processor.py:157} INFO - Started process (PID=25822) to work on /home/amina/miniconda/lib/python3.11/site-packages/airflow/example_dags/plugins/event_listener.py
[2023-12-16T12:27:21.993+0500] {processor.py:829} INFO - Processing file /home/amina/miniconda/lib/python3.11/site-packages/airflow/example_dags/plugins/event_listener.py for tasks to queue
[2023-12-16T12:27:21.994+0500] {logging_mixin.py:154} INFO - [2023-12-16T12:27:21.993+0500] {dagbag.py:536} INFO - Filling up the DagBag from /home/amina/miniconda/lib/python3.11/site-packages/airflow/example_dags/plugins/event_listener.py
[2023-12-16T12:27:21.997+0500] {processor.py:841} WARNING - No viable dags retrieved from /home/amina/miniconda/lib/python3.11/site-packages/airflow/example_dags/plugins/event_listener.py
[2023-12-16T12:27:22.013+0500] {processor.py:179} INFO - Processing /home/amina/miniconda/lib/python3.11/site-packages/airflow/example_dags/plugins/event_listener.py took 0.032 seconds
[2023-12-16T12:29:03.305+0500] {processor.py:157} INFO - Started process (PID=27936) to work on /home/amina/miniconda/lib/python3.11/site-packages/airflow/example_dags/plugins/event_listener.py
[2023-12-16T12:29:03.384+0500] {processor.py:829} INFO - Processing file /home/amina/miniconda/lib/python3.11/site-packages/airflow/example_dags/plugins/event_listener.py for tasks to queue
[2023-12-16T12:29:03.386+0500] {logging_mixin.py:154} INFO - [2023-12-16T12:29:03.385+0500] {dagbag.py:536} INFO - Filling up the DagBag from /home/amina/miniconda/lib/python3.11/site-packages/airflow/example_dags/plugins/event_listener.py
[2023-12-16T12:29:03.390+0500] {processor.py:841} WARNING - No viable dags retrieved from /home/amina/miniconda/lib/python3.11/site-packages/airflow/example_dags/plugins/event_listener.py
[2023-12-16T12:29:03.402+0500] {processor.py:179} INFO - Processing /home/amina/miniconda/lib/python3.11/site-packages/airflow/example_dags/plugins/event_listener.py took 0.102 seconds
[2023-12-16T12:30:39.766+0500] {processor.py:157} INFO - Started process (PID=29889) to work on /home/amina/miniconda/lib/python3.11/site-packages/airflow/example_dags/plugins/event_listener.py
[2023-12-16T12:30:39.787+0500] {processor.py:829} INFO - Processing file /home/amina/miniconda/lib/python3.11/site-packages/airflow/example_dags/plugins/event_listener.py for tasks to queue
[2023-12-16T12:30:39.787+0500] {logging_mixin.py:154} INFO - [2023-12-16T12:30:39.787+0500] {dagbag.py:536} INFO - Filling up the DagBag from /home/amina/miniconda/lib/python3.11/site-packages/airflow/example_dags/plugins/event_listener.py
[2023-12-16T12:30:39.789+0500] {processor.py:841} WARNING - No viable dags retrieved from /home/amina/miniconda/lib/python3.11/site-packages/airflow/example_dags/plugins/event_listener.py
[2023-12-16T12:30:39.799+0500] {processor.py:179} INFO - Processing /home/amina/miniconda/lib/python3.11/site-packages/airflow/example_dags/plugins/event_listener.py took 0.035 seconds
[2023-12-16T12:31:14.287+0500] {processor.py:157} INFO - Started process (PID=30836) to work on /home/amina/miniconda/lib/python3.11/site-packages/airflow/example_dags/plugins/event_listener.py
[2023-12-16T12:31:14.293+0500] {processor.py:829} INFO - Processing file /home/amina/miniconda/lib/python3.11/site-packages/airflow/example_dags/plugins/event_listener.py for tasks to queue
[2023-12-16T12:31:14.294+0500] {logging_mixin.py:154} INFO - [2023-12-16T12:31:14.293+0500] {dagbag.py:536} INFO - Filling up the DagBag from /home/amina/miniconda/lib/python3.11/site-packages/airflow/example_dags/plugins/event_listener.py
[2023-12-16T12:31:14.296+0500] {processor.py:841} WARNING - No viable dags retrieved from /home/amina/miniconda/lib/python3.11/site-packages/airflow/example_dags/plugins/event_listener.py
[2023-12-16T12:31:14.305+0500] {processor.py:179} INFO - Processing /home/amina/miniconda/lib/python3.11/site-packages/airflow/example_dags/plugins/event_listener.py took 0.022 seconds
[2023-12-16T12:32:12.886+0500] {processor.py:157} INFO - Started process (PID=32404) to work on /home/amina/miniconda/lib/python3.11/site-packages/airflow/example_dags/plugins/event_listener.py
[2023-12-16T12:32:12.932+0500] {processor.py:829} INFO - Processing file /home/amina/miniconda/lib/python3.11/site-packages/airflow/example_dags/plugins/event_listener.py for tasks to queue
[2023-12-16T12:32:12.933+0500] {logging_mixin.py:154} INFO - [2023-12-16T12:32:12.933+0500] {dagbag.py:536} INFO - Filling up the DagBag from /home/amina/miniconda/lib/python3.11/site-packages/airflow/example_dags/plugins/event_listener.py
[2023-12-16T12:32:12.936+0500] {processor.py:841} WARNING - No viable dags retrieved from /home/amina/miniconda/lib/python3.11/site-packages/airflow/example_dags/plugins/event_listener.py
[2023-12-16T12:32:12.945+0500] {processor.py:179} INFO - Processing /home/amina/miniconda/lib/python3.11/site-packages/airflow/example_dags/plugins/event_listener.py took 0.062 seconds
[2023-12-16T12:32:44.579+0500] {processor.py:157} INFO - Started process (PID=33008) to work on /home/amina/miniconda/lib/python3.11/site-packages/airflow/example_dags/plugins/event_listener.py
[2023-12-16T12:32:44.581+0500] {processor.py:829} INFO - Processing file /home/amina/miniconda/lib/python3.11/site-packages/airflow/example_dags/plugins/event_listener.py for tasks to queue
[2023-12-16T12:32:44.582+0500] {logging_mixin.py:154} INFO - [2023-12-16T12:32:44.581+0500] {dagbag.py:536} INFO - Filling up the DagBag from /home/amina/miniconda/lib/python3.11/site-packages/airflow/example_dags/plugins/event_listener.py
[2023-12-16T12:32:44.584+0500] {processor.py:841} WARNING - No viable dags retrieved from /home/amina/miniconda/lib/python3.11/site-packages/airflow/example_dags/plugins/event_listener.py
[2023-12-16T12:32:44.596+0500] {processor.py:179} INFO - Processing /home/amina/miniconda/lib/python3.11/site-packages/airflow/example_dags/plugins/event_listener.py took 0.020 seconds
[2023-12-16T12:33:43.909+0500] {processor.py:157} INFO - Started process (PID=34652) to work on /home/amina/miniconda/lib/python3.11/site-packages/airflow/example_dags/plugins/event_listener.py
[2023-12-16T12:33:43.943+0500] {processor.py:829} INFO - Processing file /home/amina/miniconda/lib/python3.11/site-packages/airflow/example_dags/plugins/event_listener.py for tasks to queue
[2023-12-16T12:33:43.944+0500] {logging_mixin.py:154} INFO - [2023-12-16T12:33:43.944+0500] {dagbag.py:536} INFO - Filling up the DagBag from /home/amina/miniconda/lib/python3.11/site-packages/airflow/example_dags/plugins/event_listener.py
[2023-12-16T12:33:43.946+0500] {processor.py:841} WARNING - No viable dags retrieved from /home/amina/miniconda/lib/python3.11/site-packages/airflow/example_dags/plugins/event_listener.py
[2023-12-16T12:33:43.956+0500] {processor.py:179} INFO - Processing /home/amina/miniconda/lib/python3.11/site-packages/airflow/example_dags/plugins/event_listener.py took 0.050 seconds
[2023-12-16T12:34:37.543+0500] {processor.py:157} INFO - Started process (PID=35830) to work on /home/amina/miniconda/lib/python3.11/site-packages/airflow/example_dags/plugins/event_listener.py
[2023-12-16T12:34:37.582+0500] {processor.py:829} INFO - Processing file /home/amina/miniconda/lib/python3.11/site-packages/airflow/example_dags/plugins/event_listener.py for tasks to queue
[2023-12-16T12:34:37.583+0500] {logging_mixin.py:154} INFO - [2023-12-16T12:34:37.582+0500] {dagbag.py:536} INFO - Filling up the DagBag from /home/amina/miniconda/lib/python3.11/site-packages/airflow/example_dags/plugins/event_listener.py
[2023-12-16T12:34:37.585+0500] {processor.py:841} WARNING - No viable dags retrieved from /home/amina/miniconda/lib/python3.11/site-packages/airflow/example_dags/plugins/event_listener.py
[2023-12-16T12:34:37.595+0500] {processor.py:179} INFO - Processing /home/amina/miniconda/lib/python3.11/site-packages/airflow/example_dags/plugins/event_listener.py took 0.055 seconds
[2023-12-16T12:35:33.714+0500] {processor.py:157} INFO - Started process (PID=36353) to work on /home/amina/miniconda/lib/python3.11/site-packages/airflow/example_dags/plugins/event_listener.py
[2023-12-16T12:35:33.743+0500] {processor.py:829} INFO - Processing file /home/amina/miniconda/lib/python3.11/site-packages/airflow/example_dags/plugins/event_listener.py for tasks to queue
[2023-12-16T12:35:33.743+0500] {logging_mixin.py:154} INFO - [2023-12-16T12:35:33.743+0500] {dagbag.py:536} INFO - Filling up the DagBag from /home/amina/miniconda/lib/python3.11/site-packages/airflow/example_dags/plugins/event_listener.py
[2023-12-16T12:35:33.745+0500] {processor.py:841} WARNING - No viable dags retrieved from /home/amina/miniconda/lib/python3.11/site-packages/airflow/example_dags/plugins/event_listener.py
[2023-12-16T12:35:33.754+0500] {processor.py:179} INFO - Processing /home/amina/miniconda/lib/python3.11/site-packages/airflow/example_dags/plugins/event_listener.py took 0.043 seconds
[2023-12-16T12:36:26.437+0500] {processor.py:157} INFO - Started process (PID=36412) to work on /home/amina/miniconda/lib/python3.11/site-packages/airflow/example_dags/plugins/event_listener.py
[2023-12-16T12:36:26.508+0500] {processor.py:829} INFO - Processing file /home/amina/miniconda/lib/python3.11/site-packages/airflow/example_dags/plugins/event_listener.py for tasks to queue
[2023-12-16T12:36:26.509+0500] {logging_mixin.py:154} INFO - [2023-12-16T12:36:26.508+0500] {dagbag.py:536} INFO - Filling up the DagBag from /home/amina/miniconda/lib/python3.11/site-packages/airflow/example_dags/plugins/event_listener.py
[2023-12-16T12:36:26.512+0500] {processor.py:841} WARNING - No viable dags retrieved from /home/amina/miniconda/lib/python3.11/site-packages/airflow/example_dags/plugins/event_listener.py
[2023-12-16T12:36:26.525+0500] {processor.py:179} INFO - Processing /home/amina/miniconda/lib/python3.11/site-packages/airflow/example_dags/plugins/event_listener.py took 0.091 seconds
[2023-12-16T12:37:23.939+0500] {processor.py:157} INFO - Started process (PID=36714) to work on /home/amina/miniconda/lib/python3.11/site-packages/airflow/example_dags/plugins/event_listener.py
[2023-12-16T12:37:23.942+0500] {processor.py:829} INFO - Processing file /home/amina/miniconda/lib/python3.11/site-packages/airflow/example_dags/plugins/event_listener.py for tasks to queue
[2023-12-16T12:37:23.943+0500] {logging_mixin.py:154} INFO - [2023-12-16T12:37:23.943+0500] {dagbag.py:536} INFO - Filling up the DagBag from /home/amina/miniconda/lib/python3.11/site-packages/airflow/example_dags/plugins/event_listener.py
[2023-12-16T12:37:23.946+0500] {processor.py:841} WARNING - No viable dags retrieved from /home/amina/miniconda/lib/python3.11/site-packages/airflow/example_dags/plugins/event_listener.py
[2023-12-16T12:37:23.957+0500] {processor.py:179} INFO - Processing /home/amina/miniconda/lib/python3.11/site-packages/airflow/example_dags/plugins/event_listener.py took 0.020 seconds
[2023-12-16T12:38:13.534+0500] {processor.py:157} INFO - Started process (PID=36760) to work on /home/amina/miniconda/lib/python3.11/site-packages/airflow/example_dags/plugins/event_listener.py
[2023-12-16T12:38:13.536+0500] {processor.py:829} INFO - Processing file /home/amina/miniconda/lib/python3.11/site-packages/airflow/example_dags/plugins/event_listener.py for tasks to queue
[2023-12-16T12:38:13.537+0500] {logging_mixin.py:154} INFO - [2023-12-16T12:38:13.536+0500] {dagbag.py:536} INFO - Filling up the DagBag from /home/amina/miniconda/lib/python3.11/site-packages/airflow/example_dags/plugins/event_listener.py
[2023-12-16T12:38:13.539+0500] {processor.py:841} WARNING - No viable dags retrieved from /home/amina/miniconda/lib/python3.11/site-packages/airflow/example_dags/plugins/event_listener.py
[2023-12-16T12:38:13.549+0500] {processor.py:179} INFO - Processing /home/amina/miniconda/lib/python3.11/site-packages/airflow/example_dags/plugins/event_listener.py took 0.019 seconds
[2023-12-16T12:39:02.797+0500] {processor.py:157} INFO - Started process (PID=36807) to work on /home/amina/miniconda/lib/python3.11/site-packages/airflow/example_dags/plugins/event_listener.py
[2023-12-16T12:39:02.850+0500] {processor.py:829} INFO - Processing file /home/amina/miniconda/lib/python3.11/site-packages/airflow/example_dags/plugins/event_listener.py for tasks to queue
[2023-12-16T12:39:02.851+0500] {logging_mixin.py:154} INFO - [2023-12-16T12:39:02.851+0500] {dagbag.py:536} INFO - Filling up the DagBag from /home/amina/miniconda/lib/python3.11/site-packages/airflow/example_dags/plugins/event_listener.py
[2023-12-16T12:39:02.853+0500] {processor.py:841} WARNING - No viable dags retrieved from /home/amina/miniconda/lib/python3.11/site-packages/airflow/example_dags/plugins/event_listener.py
[2023-12-16T12:39:02.864+0500] {processor.py:179} INFO - Processing /home/amina/miniconda/lib/python3.11/site-packages/airflow/example_dags/plugins/event_listener.py took 0.071 seconds
[2023-12-16T12:39:50.581+0500] {processor.py:157} INFO - Started process (PID=36860) to work on /home/amina/miniconda/lib/python3.11/site-packages/airflow/example_dags/plugins/event_listener.py
[2023-12-16T12:39:50.582+0500] {processor.py:829} INFO - Processing file /home/amina/miniconda/lib/python3.11/site-packages/airflow/example_dags/plugins/event_listener.py for tasks to queue
[2023-12-16T12:39:50.582+0500] {logging_mixin.py:154} INFO - [2023-12-16T12:39:50.582+0500] {dagbag.py:536} INFO - Filling up the DagBag from /home/amina/miniconda/lib/python3.11/site-packages/airflow/example_dags/plugins/event_listener.py
[2023-12-16T12:39:50.585+0500] {processor.py:841} WARNING - No viable dags retrieved from /home/amina/miniconda/lib/python3.11/site-packages/airflow/example_dags/plugins/event_listener.py
[2023-12-16T12:39:50.595+0500] {processor.py:179} INFO - Processing /home/amina/miniconda/lib/python3.11/site-packages/airflow/example_dags/plugins/event_listener.py took 0.017 seconds
[2023-12-16T12:40:43.269+0500] {processor.py:157} INFO - Started process (PID=36985) to work on /home/amina/miniconda/lib/python3.11/site-packages/airflow/example_dags/plugins/event_listener.py
[2023-12-16T12:40:43.279+0500] {processor.py:829} INFO - Processing file /home/amina/miniconda/lib/python3.11/site-packages/airflow/example_dags/plugins/event_listener.py for tasks to queue
[2023-12-16T12:40:43.280+0500] {logging_mixin.py:154} INFO - [2023-12-16T12:40:43.280+0500] {dagbag.py:536} INFO - Filling up the DagBag from /home/amina/miniconda/lib/python3.11/site-packages/airflow/example_dags/plugins/event_listener.py
[2023-12-16T12:40:43.282+0500] {processor.py:841} WARNING - No viable dags retrieved from /home/amina/miniconda/lib/python3.11/site-packages/airflow/example_dags/plugins/event_listener.py
[2023-12-16T12:40:43.291+0500] {processor.py:179} INFO - Processing /home/amina/miniconda/lib/python3.11/site-packages/airflow/example_dags/plugins/event_listener.py took 0.025 seconds
[2023-12-16T12:41:37.149+0500] {processor.py:157} INFO - Started process (PID=37074) to work on /home/amina/miniconda/lib/python3.11/site-packages/airflow/example_dags/plugins/event_listener.py
[2023-12-16T12:41:37.198+0500] {processor.py:829} INFO - Processing file /home/amina/miniconda/lib/python3.11/site-packages/airflow/example_dags/plugins/event_listener.py for tasks to queue
[2023-12-16T12:41:37.199+0500] {logging_mixin.py:154} INFO - [2023-12-16T12:41:37.198+0500] {dagbag.py:536} INFO - Filling up the DagBag from /home/amina/miniconda/lib/python3.11/site-packages/airflow/example_dags/plugins/event_listener.py
[2023-12-16T12:41:37.201+0500] {processor.py:841} WARNING - No viable dags retrieved from /home/amina/miniconda/lib/python3.11/site-packages/airflow/example_dags/plugins/event_listener.py
[2023-12-16T12:41:37.209+0500] {processor.py:179} INFO - Processing /home/amina/miniconda/lib/python3.11/site-packages/airflow/example_dags/plugins/event_listener.py took 0.063 seconds
[2023-12-16T12:42:09.847+0500] {processor.py:157} INFO - Started process (PID=37107) to work on /home/amina/miniconda/lib/python3.11/site-packages/airflow/example_dags/plugins/event_listener.py
[2023-12-16T12:42:09.890+0500] {processor.py:829} INFO - Processing file /home/amina/miniconda/lib/python3.11/site-packages/airflow/example_dags/plugins/event_listener.py for tasks to queue
[2023-12-16T12:42:09.891+0500] {logging_mixin.py:154} INFO - [2023-12-16T12:42:09.891+0500] {dagbag.py:536} INFO - Filling up the DagBag from /home/amina/miniconda/lib/python3.11/site-packages/airflow/example_dags/plugins/event_listener.py
[2023-12-16T12:42:09.893+0500] {processor.py:841} WARNING - No viable dags retrieved from /home/amina/miniconda/lib/python3.11/site-packages/airflow/example_dags/plugins/event_listener.py
[2023-12-16T12:42:09.906+0500] {processor.py:179} INFO - Processing /home/amina/miniconda/lib/python3.11/site-packages/airflow/example_dags/plugins/event_listener.py took 0.062 seconds
[2023-12-16T12:43:15.493+0500] {processor.py:157} INFO - Started process (PID=37203) to work on /home/amina/miniconda/lib/python3.11/site-packages/airflow/example_dags/plugins/event_listener.py
[2023-12-16T12:43:15.534+0500] {processor.py:829} INFO - Processing file /home/amina/miniconda/lib/python3.11/site-packages/airflow/example_dags/plugins/event_listener.py for tasks to queue
[2023-12-16T12:43:15.534+0500] {logging_mixin.py:154} INFO - [2023-12-16T12:43:15.534+0500] {dagbag.py:536} INFO - Filling up the DagBag from /home/amina/miniconda/lib/python3.11/site-packages/airflow/example_dags/plugins/event_listener.py
[2023-12-16T12:43:15.536+0500] {processor.py:841} WARNING - No viable dags retrieved from /home/amina/miniconda/lib/python3.11/site-packages/airflow/example_dags/plugins/event_listener.py
[2023-12-16T12:43:15.545+0500] {processor.py:179} INFO - Processing /home/amina/miniconda/lib/python3.11/site-packages/airflow/example_dags/plugins/event_listener.py took 0.054 seconds
[2023-12-16T12:43:50.843+0500] {processor.py:157} INFO - Started process (PID=37236) to work on /home/amina/miniconda/lib/python3.11/site-packages/airflow/example_dags/plugins/event_listener.py
[2023-12-16T12:43:50.844+0500] {processor.py:829} INFO - Processing file /home/amina/miniconda/lib/python3.11/site-packages/airflow/example_dags/plugins/event_listener.py for tasks to queue
[2023-12-16T12:43:50.845+0500] {logging_mixin.py:154} INFO - [2023-12-16T12:43:50.845+0500] {dagbag.py:536} INFO - Filling up the DagBag from /home/amina/miniconda/lib/python3.11/site-packages/airflow/example_dags/plugins/event_listener.py
[2023-12-16T12:43:50.847+0500] {processor.py:841} WARNING - No viable dags retrieved from /home/amina/miniconda/lib/python3.11/site-packages/airflow/example_dags/plugins/event_listener.py
[2023-12-16T12:43:50.858+0500] {processor.py:179} INFO - Processing /home/amina/miniconda/lib/python3.11/site-packages/airflow/example_dags/plugins/event_listener.py took 0.017 seconds
[2023-12-16T12:44:40.128+0500] {processor.py:157} INFO - Started process (PID=37309) to work on /home/amina/miniconda/lib/python3.11/site-packages/airflow/example_dags/plugins/event_listener.py
[2023-12-16T12:44:40.180+0500] {processor.py:829} INFO - Processing file /home/amina/miniconda/lib/python3.11/site-packages/airflow/example_dags/plugins/event_listener.py for tasks to queue
[2023-12-16T12:44:40.181+0500] {logging_mixin.py:154} INFO - [2023-12-16T12:44:40.180+0500] {dagbag.py:536} INFO - Filling up the DagBag from /home/amina/miniconda/lib/python3.11/site-packages/airflow/example_dags/plugins/event_listener.py
[2023-12-16T12:44:40.183+0500] {processor.py:841} WARNING - No viable dags retrieved from /home/amina/miniconda/lib/python3.11/site-packages/airflow/example_dags/plugins/event_listener.py
[2023-12-16T12:44:40.191+0500] {processor.py:179} INFO - Processing /home/amina/miniconda/lib/python3.11/site-packages/airflow/example_dags/plugins/event_listener.py took 0.066 seconds
[2023-12-16T12:45:27.063+0500] {processor.py:157} INFO - Started process (PID=37381) to work on /home/amina/miniconda/lib/python3.11/site-packages/airflow/example_dags/plugins/event_listener.py
[2023-12-16T12:45:27.098+0500] {processor.py:829} INFO - Processing file /home/amina/miniconda/lib/python3.11/site-packages/airflow/example_dags/plugins/event_listener.py for tasks to queue
[2023-12-16T12:45:27.098+0500] {logging_mixin.py:154} INFO - [2023-12-16T12:45:27.098+0500] {dagbag.py:536} INFO - Filling up the DagBag from /home/amina/miniconda/lib/python3.11/site-packages/airflow/example_dags/plugins/event_listener.py
[2023-12-16T12:45:27.100+0500] {processor.py:841} WARNING - No viable dags retrieved from /home/amina/miniconda/lib/python3.11/site-packages/airflow/example_dags/plugins/event_listener.py
[2023-12-16T12:45:27.109+0500] {processor.py:179} INFO - Processing /home/amina/miniconda/lib/python3.11/site-packages/airflow/example_dags/plugins/event_listener.py took 0.048 seconds
[2023-12-16T12:46:15.578+0500] {processor.py:157} INFO - Started process (PID=37431) to work on /home/amina/miniconda/lib/python3.11/site-packages/airflow/example_dags/plugins/event_listener.py
[2023-12-16T12:46:15.649+0500] {processor.py:829} INFO - Processing file /home/amina/miniconda/lib/python3.11/site-packages/airflow/example_dags/plugins/event_listener.py for tasks to queue
[2023-12-16T12:46:15.650+0500] {logging_mixin.py:154} INFO - [2023-12-16T12:46:15.649+0500] {dagbag.py:536} INFO - Filling up the DagBag from /home/amina/miniconda/lib/python3.11/site-packages/airflow/example_dags/plugins/event_listener.py
[2023-12-16T12:46:15.652+0500] {processor.py:841} WARNING - No viable dags retrieved from /home/amina/miniconda/lib/python3.11/site-packages/airflow/example_dags/plugins/event_listener.py
[2023-12-16T12:46:15.660+0500] {processor.py:179} INFO - Processing /home/amina/miniconda/lib/python3.11/site-packages/airflow/example_dags/plugins/event_listener.py took 0.085 seconds
[2023-12-16T12:47:06.574+0500] {processor.py:157} INFO - Started process (PID=37486) to work on /home/amina/miniconda/lib/python3.11/site-packages/airflow/example_dags/plugins/event_listener.py
[2023-12-16T12:47:06.629+0500] {processor.py:829} INFO - Processing file /home/amina/miniconda/lib/python3.11/site-packages/airflow/example_dags/plugins/event_listener.py for tasks to queue
[2023-12-16T12:47:06.630+0500] {logging_mixin.py:154} INFO - [2023-12-16T12:47:06.630+0500] {dagbag.py:536} INFO - Filling up the DagBag from /home/amina/miniconda/lib/python3.11/site-packages/airflow/example_dags/plugins/event_listener.py
[2023-12-16T12:47:06.632+0500] {processor.py:841} WARNING - No viable dags retrieved from /home/amina/miniconda/lib/python3.11/site-packages/airflow/example_dags/plugins/event_listener.py
[2023-12-16T12:47:06.642+0500] {processor.py:179} INFO - Processing /home/amina/miniconda/lib/python3.11/site-packages/airflow/example_dags/plugins/event_listener.py took 0.070 seconds
[2023-12-16T12:47:56.581+0500] {processor.py:157} INFO - Started process (PID=37543) to work on /home/amina/miniconda/lib/python3.11/site-packages/airflow/example_dags/plugins/event_listener.py
[2023-12-16T12:47:56.582+0500] {processor.py:829} INFO - Processing file /home/amina/miniconda/lib/python3.11/site-packages/airflow/example_dags/plugins/event_listener.py for tasks to queue
[2023-12-16T12:47:56.582+0500] {logging_mixin.py:154} INFO - [2023-12-16T12:47:56.582+0500] {dagbag.py:536} INFO - Filling up the DagBag from /home/amina/miniconda/lib/python3.11/site-packages/airflow/example_dags/plugins/event_listener.py
[2023-12-16T12:47:56.585+0500] {processor.py:841} WARNING - No viable dags retrieved from /home/amina/miniconda/lib/python3.11/site-packages/airflow/example_dags/plugins/event_listener.py
[2023-12-16T12:47:56.595+0500] {processor.py:179} INFO - Processing /home/amina/miniconda/lib/python3.11/site-packages/airflow/example_dags/plugins/event_listener.py took 0.017 seconds
[2023-12-16T12:48:50.112+0500] {processor.py:157} INFO - Started process (PID=37668) to work on /home/amina/miniconda/lib/python3.11/site-packages/airflow/example_dags/plugins/event_listener.py
[2023-12-16T12:48:50.126+0500] {processor.py:829} INFO - Processing file /home/amina/miniconda/lib/python3.11/site-packages/airflow/example_dags/plugins/event_listener.py for tasks to queue
[2023-12-16T12:48:50.127+0500] {logging_mixin.py:154} INFO - [2023-12-16T12:48:50.127+0500] {dagbag.py:536} INFO - Filling up the DagBag from /home/amina/miniconda/lib/python3.11/site-packages/airflow/example_dags/plugins/event_listener.py
[2023-12-16T12:48:50.129+0500] {processor.py:841} WARNING - No viable dags retrieved from /home/amina/miniconda/lib/python3.11/site-packages/airflow/example_dags/plugins/event_listener.py
[2023-12-16T12:48:50.139+0500] {processor.py:179} INFO - Processing /home/amina/miniconda/lib/python3.11/site-packages/airflow/example_dags/plugins/event_listener.py took 0.031 seconds
[2023-12-16T12:49:53.756+0500] {processor.py:157} INFO - Started process (PID=38346) to work on /home/amina/miniconda/lib/python3.11/site-packages/airflow/example_dags/plugins/event_listener.py
[2023-12-16T12:49:53.782+0500] {processor.py:829} INFO - Processing file /home/amina/miniconda/lib/python3.11/site-packages/airflow/example_dags/plugins/event_listener.py for tasks to queue
[2023-12-16T12:49:53.783+0500] {logging_mixin.py:154} INFO - [2023-12-16T12:49:53.783+0500] {dagbag.py:536} INFO - Filling up the DagBag from /home/amina/miniconda/lib/python3.11/site-packages/airflow/example_dags/plugins/event_listener.py
[2023-12-16T12:49:53.785+0500] {processor.py:841} WARNING - No viable dags retrieved from /home/amina/miniconda/lib/python3.11/site-packages/airflow/example_dags/plugins/event_listener.py
[2023-12-16T12:49:53.794+0500] {processor.py:179} INFO - Processing /home/amina/miniconda/lib/python3.11/site-packages/airflow/example_dags/plugins/event_listener.py took 0.040 seconds
[2023-12-16T12:50:27.686+0500] {processor.py:157} INFO - Started process (PID=38449) to work on /home/amina/miniconda/lib/python3.11/site-packages/airflow/example_dags/plugins/event_listener.py
[2023-12-16T12:50:27.741+0500] {processor.py:829} INFO - Processing file /home/amina/miniconda/lib/python3.11/site-packages/airflow/example_dags/plugins/event_listener.py for tasks to queue
[2023-12-16T12:50:27.742+0500] {logging_mixin.py:154} INFO - [2023-12-16T12:50:27.741+0500] {dagbag.py:536} INFO - Filling up the DagBag from /home/amina/miniconda/lib/python3.11/site-packages/airflow/example_dags/plugins/event_listener.py
[2023-12-16T12:50:27.744+0500] {processor.py:841} WARNING - No viable dags retrieved from /home/amina/miniconda/lib/python3.11/site-packages/airflow/example_dags/plugins/event_listener.py
[2023-12-16T12:50:27.754+0500] {processor.py:179} INFO - Processing /home/amina/miniconda/lib/python3.11/site-packages/airflow/example_dags/plugins/event_listener.py took 0.070 seconds
[2023-12-16T12:51:01.446+0500] {processor.py:157} INFO - Started process (PID=38501) to work on /home/amina/miniconda/lib/python3.11/site-packages/airflow/example_dags/plugins/event_listener.py
[2023-12-16T12:51:01.446+0500] {processor.py:829} INFO - Processing file /home/amina/miniconda/lib/python3.11/site-packages/airflow/example_dags/plugins/event_listener.py for tasks to queue
[2023-12-16T12:51:01.447+0500] {logging_mixin.py:154} INFO - [2023-12-16T12:51:01.446+0500] {dagbag.py:536} INFO - Filling up the DagBag from /home/amina/miniconda/lib/python3.11/site-packages/airflow/example_dags/plugins/event_listener.py
[2023-12-16T12:51:01.449+0500] {processor.py:841} WARNING - No viable dags retrieved from /home/amina/miniconda/lib/python3.11/site-packages/airflow/example_dags/plugins/event_listener.py
[2023-12-16T12:51:01.460+0500] {processor.py:179} INFO - Processing /home/amina/miniconda/lib/python3.11/site-packages/airflow/example_dags/plugins/event_listener.py took 0.018 seconds
[2023-12-16T12:52:02.902+0500] {processor.py:157} INFO - Started process (PID=38551) to work on /home/amina/miniconda/lib/python3.11/site-packages/airflow/example_dags/plugins/event_listener.py
[2023-12-16T12:52:02.911+0500] {processor.py:829} INFO - Processing file /home/amina/miniconda/lib/python3.11/site-packages/airflow/example_dags/plugins/event_listener.py for tasks to queue
[2023-12-16T12:52:02.912+0500] {logging_mixin.py:154} INFO - [2023-12-16T12:52:02.912+0500] {dagbag.py:536} INFO - Filling up the DagBag from /home/amina/miniconda/lib/python3.11/site-packages/airflow/example_dags/plugins/event_listener.py
[2023-12-16T12:52:02.914+0500] {processor.py:841} WARNING - No viable dags retrieved from /home/amina/miniconda/lib/python3.11/site-packages/airflow/example_dags/plugins/event_listener.py
[2023-12-16T12:52:02.925+0500] {processor.py:179} INFO - Processing /home/amina/miniconda/lib/python3.11/site-packages/airflow/example_dags/plugins/event_listener.py took 0.027 seconds
[2023-12-16T12:52:57.535+0500] {processor.py:157} INFO - Started process (PID=38602) to work on /home/amina/miniconda/lib/python3.11/site-packages/airflow/example_dags/plugins/event_listener.py
[2023-12-16T12:52:57.549+0500] {processor.py:829} INFO - Processing file /home/amina/miniconda/lib/python3.11/site-packages/airflow/example_dags/plugins/event_listener.py for tasks to queue
[2023-12-16T12:52:57.550+0500] {logging_mixin.py:154} INFO - [2023-12-16T12:52:57.549+0500] {dagbag.py:536} INFO - Filling up the DagBag from /home/amina/miniconda/lib/python3.11/site-packages/airflow/example_dags/plugins/event_listener.py
[2023-12-16T12:52:57.552+0500] {processor.py:841} WARNING - No viable dags retrieved from /home/amina/miniconda/lib/python3.11/site-packages/airflow/example_dags/plugins/event_listener.py
[2023-12-16T12:52:57.563+0500] {processor.py:179} INFO - Processing /home/amina/miniconda/lib/python3.11/site-packages/airflow/example_dags/plugins/event_listener.py took 0.033 seconds
