[2023-12-16T12:21:30.634+0500] {processor.py:157} INFO - Started process (PID=18377) to work on /home/amina/miniconda/lib/python3.11/site-packages/airflow/example_dags/plugins/listener_plugin.py
[2023-12-16T12:21:30.635+0500] {processor.py:829} INFO - Processing file /home/amina/miniconda/lib/python3.11/site-packages/airflow/example_dags/plugins/listener_plugin.py for tasks to queue
[2023-12-16T12:21:30.636+0500] {logging_mixin.py:154} INFO - [2023-12-16T12:21:30.635+0500] {dagbag.py:536} INFO - Filling up the DagBag from /home/amina/miniconda/lib/python3.11/site-packages/airflow/example_dags/plugins/listener_plugin.py
[2023-12-16T12:21:30.638+0500] {processor.py:841} WARNING - No viable dags retrieved from /home/amina/miniconda/lib/python3.11/site-packages/airflow/example_dags/plugins/listener_plugin.py
[2023-12-16T12:21:30.649+0500] {processor.py:179} INFO - Processing /home/amina/miniconda/lib/python3.11/site-packages/airflow/example_dags/plugins/listener_plugin.py took 0.018 seconds
[2023-12-16T12:22:32.010+0500] {processor.py:157} INFO - Started process (PID=20050) to work on /home/amina/miniconda/lib/python3.11/site-packages/airflow/example_dags/plugins/listener_plugin.py
[2023-12-16T12:22:32.055+0500] {processor.py:829} INFO - Processing file /home/amina/miniconda/lib/python3.11/site-packages/airflow/example_dags/plugins/listener_plugin.py for tasks to queue
[2023-12-16T12:22:32.057+0500] {logging_mixin.py:154} INFO - [2023-12-16T12:22:32.056+0500] {dagbag.py:536} INFO - Filling up the DagBag from /home/amina/miniconda/lib/python3.11/site-packages/airflow/example_dags/plugins/listener_plugin.py
[2023-12-16T12:22:32.061+0500] {processor.py:841} WARNING - No viable dags retrieved from /home/amina/miniconda/lib/python3.11/site-packages/airflow/example_dags/plugins/listener_plugin.py
[2023-12-16T12:22:32.256+0500] {processor.py:179} INFO - Processing /home/amina/miniconda/lib/python3.11/site-packages/airflow/example_dags/plugins/listener_plugin.py took 0.254 seconds
[2023-12-16T12:23:33.487+0500] {processor.py:157} INFO - Started process (PID=21243) to work on /home/amina/miniconda/lib/python3.11/site-packages/airflow/example_dags/plugins/listener_plugin.py
[2023-12-16T12:23:33.506+0500] {processor.py:829} INFO - Processing file /home/amina/miniconda/lib/python3.11/site-packages/airflow/example_dags/plugins/listener_plugin.py for tasks to queue
[2023-12-16T12:23:33.506+0500] {logging_mixin.py:154} INFO - [2023-12-16T12:23:33.506+0500] {dagbag.py:536} INFO - Filling up the DagBag from /home/amina/miniconda/lib/python3.11/site-packages/airflow/example_dags/plugins/listener_plugin.py
[2023-12-16T12:23:33.509+0500] {processor.py:841} WARNING - No viable dags retrieved from /home/amina/miniconda/lib/python3.11/site-packages/airflow/example_dags/plugins/listener_plugin.py
[2023-12-16T12:23:33.519+0500] {processor.py:179} INFO - Processing /home/amina/miniconda/lib/python3.11/site-packages/airflow/example_dags/plugins/listener_plugin.py took 0.035 seconds
[2023-12-16T12:24:33.069+0500] {processor.py:157} INFO - Started process (PID=22702) to work on /home/amina/miniconda/lib/python3.11/site-packages/airflow/example_dags/plugins/listener_plugin.py
[2023-12-16T12:24:33.141+0500] {processor.py:829} INFO - Processing file /home/amina/miniconda/lib/python3.11/site-packages/airflow/example_dags/plugins/listener_plugin.py for tasks to queue
[2023-12-16T12:24:33.143+0500] {logging_mixin.py:154} INFO - [2023-12-16T12:24:33.142+0500] {dagbag.py:536} INFO - Filling up the DagBag from /home/amina/miniconda/lib/python3.11/site-packages/airflow/example_dags/plugins/listener_plugin.py
[2023-12-16T12:24:33.146+0500] {processor.py:841} WARNING - No viable dags retrieved from /home/amina/miniconda/lib/python3.11/site-packages/airflow/example_dags/plugins/listener_plugin.py
[2023-12-16T12:24:33.167+0500] {processor.py:179} INFO - Processing /home/amina/miniconda/lib/python3.11/site-packages/airflow/example_dags/plugins/listener_plugin.py took 0.104 seconds
[2023-12-16T12:25:20.774+0500] {processor.py:157} INFO - Started process (PID=23686) to work on /home/amina/miniconda/lib/python3.11/site-packages/airflow/example_dags/plugins/listener_plugin.py
[2023-12-16T12:25:20.803+0500] {processor.py:829} INFO - Processing file /home/amina/miniconda/lib/python3.11/site-packages/airflow/example_dags/plugins/listener_plugin.py for tasks to queue
[2023-12-16T12:25:20.804+0500] {logging_mixin.py:154} INFO - [2023-12-16T12:25:20.803+0500] {dagbag.py:536} INFO - Filling up the DagBag from /home/amina/miniconda/lib/python3.11/site-packages/airflow/example_dags/plugins/listener_plugin.py
[2023-12-16T12:25:20.806+0500] {processor.py:841} WARNING - No viable dags retrieved from /home/amina/miniconda/lib/python3.11/site-packages/airflow/example_dags/plugins/listener_plugin.py
[2023-12-16T12:25:20.818+0500] {processor.py:179} INFO - Processing /home/amina/miniconda/lib/python3.11/site-packages/airflow/example_dags/plugins/listener_plugin.py took 0.046 seconds
[2023-12-16T12:26:08.248+0500] {processor.py:157} INFO - Started process (PID=24463) to work on /home/amina/miniconda/lib/python3.11/site-packages/airflow/example_dags/plugins/listener_plugin.py
[2023-12-16T12:26:08.316+0500] {processor.py:829} INFO - Processing file /home/amina/miniconda/lib/python3.11/site-packages/airflow/example_dags/plugins/listener_plugin.py for tasks to queue
[2023-12-16T12:26:08.317+0500] {logging_mixin.py:154} INFO - [2023-12-16T12:26:08.317+0500] {dagbag.py:536} INFO - Filling up the DagBag from /home/amina/miniconda/lib/python3.11/site-packages/airflow/example_dags/plugins/listener_plugin.py
[2023-12-16T12:26:08.321+0500] {processor.py:841} WARNING - No viable dags retrieved from /home/amina/miniconda/lib/python3.11/site-packages/airflow/example_dags/plugins/listener_plugin.py
[2023-12-16T12:26:08.335+0500] {processor.py:179} INFO - Processing /home/amina/miniconda/lib/python3.11/site-packages/airflow/example_dags/plugins/listener_plugin.py took 0.091 seconds
[2023-12-16T12:26:43.524+0500] {processor.py:157} INFO - Started process (PID=25140) to work on /home/amina/miniconda/lib/python3.11/site-packages/airflow/example_dags/plugins/listener_plugin.py
[2023-12-16T12:26:43.554+0500] {processor.py:829} INFO - Processing file /home/amina/miniconda/lib/python3.11/site-packages/airflow/example_dags/plugins/listener_plugin.py for tasks to queue
[2023-12-16T12:26:43.556+0500] {logging_mixin.py:154} INFO - [2023-12-16T12:26:43.555+0500] {dagbag.py:536} INFO - Filling up the DagBag from /home/amina/miniconda/lib/python3.11/site-packages/airflow/example_dags/plugins/listener_plugin.py
[2023-12-16T12:26:43.559+0500] {processor.py:841} WARNING - No viable dags retrieved from /home/amina/miniconda/lib/python3.11/site-packages/airflow/example_dags/plugins/listener_plugin.py
[2023-12-16T12:26:43.573+0500] {processor.py:179} INFO - Processing /home/amina/miniconda/lib/python3.11/site-packages/airflow/example_dags/plugins/listener_plugin.py took 0.052 seconds
[2023-12-16T12:27:23.101+0500] {processor.py:157} INFO - Started process (PID=25844) to work on /home/amina/miniconda/lib/python3.11/site-packages/airflow/example_dags/plugins/listener_plugin.py
[2023-12-16T12:27:23.137+0500] {processor.py:829} INFO - Processing file /home/amina/miniconda/lib/python3.11/site-packages/airflow/example_dags/plugins/listener_plugin.py for tasks to queue
[2023-12-16T12:27:23.139+0500] {logging_mixin.py:154} INFO - [2023-12-16T12:27:23.138+0500] {dagbag.py:536} INFO - Filling up the DagBag from /home/amina/miniconda/lib/python3.11/site-packages/airflow/example_dags/plugins/listener_plugin.py
[2023-12-16T12:27:23.142+0500] {processor.py:841} WARNING - No viable dags retrieved from /home/amina/miniconda/lib/python3.11/site-packages/airflow/example_dags/plugins/listener_plugin.py
[2023-12-16T12:27:23.157+0500] {processor.py:179} INFO - Processing /home/amina/miniconda/lib/python3.11/site-packages/airflow/example_dags/plugins/listener_plugin.py took 0.059 seconds
[2023-12-16T12:29:04.665+0500] {processor.py:157} INFO - Started process (PID=27961) to work on /home/amina/miniconda/lib/python3.11/site-packages/airflow/example_dags/plugins/listener_plugin.py
[2023-12-16T12:29:04.666+0500] {processor.py:829} INFO - Processing file /home/amina/miniconda/lib/python3.11/site-packages/airflow/example_dags/plugins/listener_plugin.py for tasks to queue
[2023-12-16T12:29:04.667+0500] {logging_mixin.py:154} INFO - [2023-12-16T12:29:04.667+0500] {dagbag.py:536} INFO - Filling up the DagBag from /home/amina/miniconda/lib/python3.11/site-packages/airflow/example_dags/plugins/listener_plugin.py
[2023-12-16T12:29:04.672+0500] {processor.py:841} WARNING - No viable dags retrieved from /home/amina/miniconda/lib/python3.11/site-packages/airflow/example_dags/plugins/listener_plugin.py
[2023-12-16T12:29:04.686+0500] {processor.py:179} INFO - Processing /home/amina/miniconda/lib/python3.11/site-packages/airflow/example_dags/plugins/listener_plugin.py took 0.026 seconds
[2023-12-16T12:30:41.047+0500] {processor.py:157} INFO - Started process (PID=29908) to work on /home/amina/miniconda/lib/python3.11/site-packages/airflow/example_dags/plugins/listener_plugin.py
[2023-12-16T12:30:41.066+0500] {processor.py:829} INFO - Processing file /home/amina/miniconda/lib/python3.11/site-packages/airflow/example_dags/plugins/listener_plugin.py for tasks to queue
[2023-12-16T12:30:41.067+0500] {logging_mixin.py:154} INFO - [2023-12-16T12:30:41.066+0500] {dagbag.py:536} INFO - Filling up the DagBag from /home/amina/miniconda/lib/python3.11/site-packages/airflow/example_dags/plugins/listener_plugin.py
[2023-12-16T12:30:41.070+0500] {processor.py:841} WARNING - No viable dags retrieved from /home/amina/miniconda/lib/python3.11/site-packages/airflow/example_dags/plugins/listener_plugin.py
[2023-12-16T12:30:41.083+0500] {processor.py:179} INFO - Processing /home/amina/miniconda/lib/python3.11/site-packages/airflow/example_dags/plugins/listener_plugin.py took 0.038 seconds
[2023-12-16T12:31:14.912+0500] {processor.py:157} INFO - Started process (PID=30851) to work on /home/amina/miniconda/lib/python3.11/site-packages/airflow/example_dags/plugins/listener_plugin.py
[2023-12-16T12:31:14.934+0500] {processor.py:829} INFO - Processing file /home/amina/miniconda/lib/python3.11/site-packages/airflow/example_dags/plugins/listener_plugin.py for tasks to queue
[2023-12-16T12:31:14.935+0500] {logging_mixin.py:154} INFO - [2023-12-16T12:31:14.935+0500] {dagbag.py:536} INFO - Filling up the DagBag from /home/amina/miniconda/lib/python3.11/site-packages/airflow/example_dags/plugins/listener_plugin.py
[2023-12-16T12:31:14.938+0500] {processor.py:841} WARNING - No viable dags retrieved from /home/amina/miniconda/lib/python3.11/site-packages/airflow/example_dags/plugins/listener_plugin.py
[2023-12-16T12:31:14.948+0500] {processor.py:179} INFO - Processing /home/amina/miniconda/lib/python3.11/site-packages/airflow/example_dags/plugins/listener_plugin.py took 0.039 seconds
[2023-12-16T12:32:14.145+0500] {processor.py:157} INFO - Started process (PID=32423) to work on /home/amina/miniconda/lib/python3.11/site-packages/airflow/example_dags/plugins/listener_plugin.py
[2023-12-16T12:32:14.187+0500] {processor.py:829} INFO - Processing file /home/amina/miniconda/lib/python3.11/site-packages/airflow/example_dags/plugins/listener_plugin.py for tasks to queue
[2023-12-16T12:32:14.188+0500] {logging_mixin.py:154} INFO - [2023-12-16T12:32:14.187+0500] {dagbag.py:536} INFO - Filling up the DagBag from /home/amina/miniconda/lib/python3.11/site-packages/airflow/example_dags/plugins/listener_plugin.py
[2023-12-16T12:32:14.190+0500] {processor.py:841} WARNING - No viable dags retrieved from /home/amina/miniconda/lib/python3.11/site-packages/airflow/example_dags/plugins/listener_plugin.py
[2023-12-16T12:32:14.200+0500] {processor.py:179} INFO - Processing /home/amina/miniconda/lib/python3.11/site-packages/airflow/example_dags/plugins/listener_plugin.py took 0.057 seconds
[2023-12-16T12:33:15.616+0500] {processor.py:157} INFO - Started process (PID=33597) to work on /home/amina/miniconda/lib/python3.11/site-packages/airflow/example_dags/plugins/listener_plugin.py
[2023-12-16T12:33:15.675+0500] {processor.py:829} INFO - Processing file /home/amina/miniconda/lib/python3.11/site-packages/airflow/example_dags/plugins/listener_plugin.py for tasks to queue
[2023-12-16T12:33:15.676+0500] {logging_mixin.py:154} INFO - [2023-12-16T12:33:15.676+0500] {dagbag.py:536} INFO - Filling up the DagBag from /home/amina/miniconda/lib/python3.11/site-packages/airflow/example_dags/plugins/listener_plugin.py
[2023-12-16T12:33:15.679+0500] {processor.py:841} WARNING - No viable dags retrieved from /home/amina/miniconda/lib/python3.11/site-packages/airflow/example_dags/plugins/listener_plugin.py
[2023-12-16T12:33:15.688+0500] {processor.py:179} INFO - Processing /home/amina/miniconda/lib/python3.11/site-packages/airflow/example_dags/plugins/listener_plugin.py took 0.075 seconds
[2023-12-16T12:34:12.599+0500] {processor.py:157} INFO - Started process (PID=35340) to work on /home/amina/miniconda/lib/python3.11/site-packages/airflow/example_dags/plugins/listener_plugin.py
[2023-12-16T12:34:12.629+0500] {processor.py:829} INFO - Processing file /home/amina/miniconda/lib/python3.11/site-packages/airflow/example_dags/plugins/listener_plugin.py for tasks to queue
[2023-12-16T12:34:12.630+0500] {logging_mixin.py:154} INFO - [2023-12-16T12:34:12.629+0500] {dagbag.py:536} INFO - Filling up the DagBag from /home/amina/miniconda/lib/python3.11/site-packages/airflow/example_dags/plugins/listener_plugin.py
[2023-12-16T12:34:12.632+0500] {processor.py:841} WARNING - No viable dags retrieved from /home/amina/miniconda/lib/python3.11/site-packages/airflow/example_dags/plugins/listener_plugin.py
[2023-12-16T12:34:12.641+0500] {processor.py:179} INFO - Processing /home/amina/miniconda/lib/python3.11/site-packages/airflow/example_dags/plugins/listener_plugin.py took 0.046 seconds
[2023-12-16T12:35:06.971+0500] {processor.py:157} INFO - Started process (PID=36328) to work on /home/amina/miniconda/lib/python3.11/site-packages/airflow/example_dags/plugins/listener_plugin.py
[2023-12-16T12:35:07.003+0500] {processor.py:829} INFO - Processing file /home/amina/miniconda/lib/python3.11/site-packages/airflow/example_dags/plugins/listener_plugin.py for tasks to queue
[2023-12-16T12:35:07.004+0500] {logging_mixin.py:154} INFO - [2023-12-16T12:35:07.003+0500] {dagbag.py:536} INFO - Filling up the DagBag from /home/amina/miniconda/lib/python3.11/site-packages/airflow/example_dags/plugins/listener_plugin.py
[2023-12-16T12:35:07.006+0500] {processor.py:841} WARNING - No viable dags retrieved from /home/amina/miniconda/lib/python3.11/site-packages/airflow/example_dags/plugins/listener_plugin.py
[2023-12-16T12:35:07.015+0500] {processor.py:179} INFO - Processing /home/amina/miniconda/lib/python3.11/site-packages/airflow/example_dags/plugins/listener_plugin.py took 0.047 seconds
[2023-12-16T12:36:00.290+0500] {processor.py:157} INFO - Started process (PID=36385) to work on /home/amina/miniconda/lib/python3.11/site-packages/airflow/example_dags/plugins/listener_plugin.py
[2023-12-16T12:36:00.310+0500] {processor.py:829} INFO - Processing file /home/amina/miniconda/lib/python3.11/site-packages/airflow/example_dags/plugins/listener_plugin.py for tasks to queue
[2023-12-16T12:36:00.311+0500] {logging_mixin.py:154} INFO - [2023-12-16T12:36:00.311+0500] {dagbag.py:536} INFO - Filling up the DagBag from /home/amina/miniconda/lib/python3.11/site-packages/airflow/example_dags/plugins/listener_plugin.py
[2023-12-16T12:36:00.313+0500] {processor.py:841} WARNING - No viable dags retrieved from /home/amina/miniconda/lib/python3.11/site-packages/airflow/example_dags/plugins/listener_plugin.py
[2023-12-16T12:36:00.322+0500] {processor.py:179} INFO - Processing /home/amina/miniconda/lib/python3.11/site-packages/airflow/example_dags/plugins/listener_plugin.py took 0.034 seconds
[2023-12-16T12:36:57.356+0500] {processor.py:157} INFO - Started process (PID=36470) to work on /home/amina/miniconda/lib/python3.11/site-packages/airflow/example_dags/plugins/listener_plugin.py
[2023-12-16T12:36:57.407+0500] {processor.py:829} INFO - Processing file /home/amina/miniconda/lib/python3.11/site-packages/airflow/example_dags/plugins/listener_plugin.py for tasks to queue
[2023-12-16T12:36:57.408+0500] {logging_mixin.py:154} INFO - [2023-12-16T12:36:57.408+0500] {dagbag.py:536} INFO - Filling up the DagBag from /home/amina/miniconda/lib/python3.11/site-packages/airflow/example_dags/plugins/listener_plugin.py
[2023-12-16T12:36:57.410+0500] {processor.py:841} WARNING - No viable dags retrieved from /home/amina/miniconda/lib/python3.11/site-packages/airflow/example_dags/plugins/listener_plugin.py
[2023-12-16T12:36:57.419+0500] {processor.py:179} INFO - Processing /home/amina/miniconda/lib/python3.11/site-packages/airflow/example_dags/plugins/listener_plugin.py took 0.066 seconds
[2023-12-16T12:37:49.086+0500] {processor.py:157} INFO - Started process (PID=36737) to work on /home/amina/miniconda/lib/python3.11/site-packages/airflow/example_dags/plugins/listener_plugin.py
[2023-12-16T12:37:49.130+0500] {processor.py:829} INFO - Processing file /home/amina/miniconda/lib/python3.11/site-packages/airflow/example_dags/plugins/listener_plugin.py for tasks to queue
[2023-12-16T12:37:49.131+0500] {logging_mixin.py:154} INFO - [2023-12-16T12:37:49.130+0500] {dagbag.py:536} INFO - Filling up the DagBag from /home/amina/miniconda/lib/python3.11/site-packages/airflow/example_dags/plugins/listener_plugin.py
[2023-12-16T12:37:49.133+0500] {processor.py:841} WARNING - No viable dags retrieved from /home/amina/miniconda/lib/python3.11/site-packages/airflow/example_dags/plugins/listener_plugin.py
[2023-12-16T12:37:49.141+0500] {processor.py:179} INFO - Processing /home/amina/miniconda/lib/python3.11/site-packages/airflow/example_dags/plugins/listener_plugin.py took 0.058 seconds
[2023-12-16T12:38:40.283+0500] {processor.py:157} INFO - Started process (PID=36783) to work on /home/amina/miniconda/lib/python3.11/site-packages/airflow/example_dags/plugins/listener_plugin.py
[2023-12-16T12:38:40.307+0500] {processor.py:829} INFO - Processing file /home/amina/miniconda/lib/python3.11/site-packages/airflow/example_dags/plugins/listener_plugin.py for tasks to queue
[2023-12-16T12:38:40.307+0500] {logging_mixin.py:154} INFO - [2023-12-16T12:38:40.307+0500] {dagbag.py:536} INFO - Filling up the DagBag from /home/amina/miniconda/lib/python3.11/site-packages/airflow/example_dags/plugins/listener_plugin.py
[2023-12-16T12:38:40.310+0500] {processor.py:841} WARNING - No viable dags retrieved from /home/amina/miniconda/lib/python3.11/site-packages/airflow/example_dags/plugins/listener_plugin.py
[2023-12-16T12:38:40.318+0500] {processor.py:179} INFO - Processing /home/amina/miniconda/lib/python3.11/site-packages/airflow/example_dags/plugins/listener_plugin.py took 0.038 seconds
[2023-12-16T12:39:27.699+0500] {processor.py:157} INFO - Started process (PID=36830) to work on /home/amina/miniconda/lib/python3.11/site-packages/airflow/example_dags/plugins/listener_plugin.py
[2023-12-16T12:39:27.717+0500] {processor.py:829} INFO - Processing file /home/amina/miniconda/lib/python3.11/site-packages/airflow/example_dags/plugins/listener_plugin.py for tasks to queue
[2023-12-16T12:39:27.718+0500] {logging_mixin.py:154} INFO - [2023-12-16T12:39:27.717+0500] {dagbag.py:536} INFO - Filling up the DagBag from /home/amina/miniconda/lib/python3.11/site-packages/airflow/example_dags/plugins/listener_plugin.py
[2023-12-16T12:39:27.720+0500] {processor.py:841} WARNING - No viable dags retrieved from /home/amina/miniconda/lib/python3.11/site-packages/airflow/example_dags/plugins/listener_plugin.py
[2023-12-16T12:39:27.729+0500] {processor.py:179} INFO - Processing /home/amina/miniconda/lib/python3.11/site-packages/airflow/example_dags/plugins/listener_plugin.py took 0.033 seconds
[2023-12-16T12:40:18.804+0500] {processor.py:157} INFO - Started process (PID=36929) to work on /home/amina/miniconda/lib/python3.11/site-packages/airflow/example_dags/plugins/listener_plugin.py
[2023-12-16T12:40:18.851+0500] {processor.py:829} INFO - Processing file /home/amina/miniconda/lib/python3.11/site-packages/airflow/example_dags/plugins/listener_plugin.py for tasks to queue
[2023-12-16T12:40:18.852+0500] {logging_mixin.py:154} INFO - [2023-12-16T12:40:18.851+0500] {dagbag.py:536} INFO - Filling up the DagBag from /home/amina/miniconda/lib/python3.11/site-packages/airflow/example_dags/plugins/listener_plugin.py
[2023-12-16T12:40:18.854+0500] {processor.py:841} WARNING - No viable dags retrieved from /home/amina/miniconda/lib/python3.11/site-packages/airflow/example_dags/plugins/listener_plugin.py
[2023-12-16T12:40:18.866+0500] {processor.py:179} INFO - Processing /home/amina/miniconda/lib/python3.11/site-packages/airflow/example_dags/plugins/listener_plugin.py took 0.065 seconds
[2023-12-16T12:41:10.425+0500] {processor.py:157} INFO - Started process (PID=37044) to work on /home/amina/miniconda/lib/python3.11/site-packages/airflow/example_dags/plugins/listener_plugin.py
[2023-12-16T12:41:10.450+0500] {processor.py:829} INFO - Processing file /home/amina/miniconda/lib/python3.11/site-packages/airflow/example_dags/plugins/listener_plugin.py for tasks to queue
[2023-12-16T12:41:10.450+0500] {logging_mixin.py:154} INFO - [2023-12-16T12:41:10.450+0500] {dagbag.py:536} INFO - Filling up the DagBag from /home/amina/miniconda/lib/python3.11/site-packages/airflow/example_dags/plugins/listener_plugin.py
[2023-12-16T12:41:10.453+0500] {processor.py:841} WARNING - No viable dags retrieved from /home/amina/miniconda/lib/python3.11/site-packages/airflow/example_dags/plugins/listener_plugin.py
[2023-12-16T12:41:10.461+0500] {processor.py:179} INFO - Processing /home/amina/miniconda/lib/python3.11/site-packages/airflow/example_dags/plugins/listener_plugin.py took 0.040 seconds
[2023-12-16T12:42:10.990+0500] {processor.py:157} INFO - Started process (PID=37108) to work on /home/amina/miniconda/lib/python3.11/site-packages/airflow/example_dags/plugins/listener_plugin.py
[2023-12-16T12:42:11.014+0500] {processor.py:829} INFO - Processing file /home/amina/miniconda/lib/python3.11/site-packages/airflow/example_dags/plugins/listener_plugin.py for tasks to queue
[2023-12-16T12:42:11.015+0500] {logging_mixin.py:154} INFO - [2023-12-16T12:42:11.015+0500] {dagbag.py:536} INFO - Filling up the DagBag from /home/amina/miniconda/lib/python3.11/site-packages/airflow/example_dags/plugins/listener_plugin.py
[2023-12-16T12:42:11.018+0500] {processor.py:841} WARNING - No viable dags retrieved from /home/amina/miniconda/lib/python3.11/site-packages/airflow/example_dags/plugins/listener_plugin.py
[2023-12-16T12:42:11.027+0500] {processor.py:179} INFO - Processing /home/amina/miniconda/lib/python3.11/site-packages/airflow/example_dags/plugins/listener_plugin.py took 0.040 seconds
[2023-12-16T12:43:16.636+0500] {processor.py:157} INFO - Started process (PID=37204) to work on /home/amina/miniconda/lib/python3.11/site-packages/airflow/example_dags/plugins/listener_plugin.py
[2023-12-16T12:43:16.647+0500] {processor.py:829} INFO - Processing file /home/amina/miniconda/lib/python3.11/site-packages/airflow/example_dags/plugins/listener_plugin.py for tasks to queue
[2023-12-16T12:43:16.648+0500] {logging_mixin.py:154} INFO - [2023-12-16T12:43:16.648+0500] {dagbag.py:536} INFO - Filling up the DagBag from /home/amina/miniconda/lib/python3.11/site-packages/airflow/example_dags/plugins/listener_plugin.py
[2023-12-16T12:43:16.650+0500] {processor.py:841} WARNING - No viable dags retrieved from /home/amina/miniconda/lib/python3.11/site-packages/airflow/example_dags/plugins/listener_plugin.py
[2023-12-16T12:43:16.659+0500] {processor.py:179} INFO - Processing /home/amina/miniconda/lib/python3.11/site-packages/airflow/example_dags/plugins/listener_plugin.py took 0.025 seconds
[2023-12-16T12:43:51.923+0500] {processor.py:157} INFO - Started process (PID=37237) to work on /home/amina/miniconda/lib/python3.11/site-packages/airflow/example_dags/plugins/listener_plugin.py
[2023-12-16T12:43:51.944+0500] {processor.py:829} INFO - Processing file /home/amina/miniconda/lib/python3.11/site-packages/airflow/example_dags/plugins/listener_plugin.py for tasks to queue
[2023-12-16T12:43:51.945+0500] {logging_mixin.py:154} INFO - [2023-12-16T12:43:51.945+0500] {dagbag.py:536} INFO - Filling up the DagBag from /home/amina/miniconda/lib/python3.11/site-packages/airflow/example_dags/plugins/listener_plugin.py
[2023-12-16T12:43:51.948+0500] {processor.py:841} WARNING - No viable dags retrieved from /home/amina/miniconda/lib/python3.11/site-packages/airflow/example_dags/plugins/listener_plugin.py
[2023-12-16T12:43:51.956+0500] {processor.py:179} INFO - Processing /home/amina/miniconda/lib/python3.11/site-packages/airflow/example_dags/plugins/listener_plugin.py took 0.036 seconds
[2023-12-16T12:44:41.278+0500] {processor.py:157} INFO - Started process (PID=37310) to work on /home/amina/miniconda/lib/python3.11/site-packages/airflow/example_dags/plugins/listener_plugin.py
[2023-12-16T12:44:41.323+0500] {processor.py:829} INFO - Processing file /home/amina/miniconda/lib/python3.11/site-packages/airflow/example_dags/plugins/listener_plugin.py for tasks to queue
[2023-12-16T12:44:41.324+0500] {logging_mixin.py:154} INFO - [2023-12-16T12:44:41.324+0500] {dagbag.py:536} INFO - Filling up the DagBag from /home/amina/miniconda/lib/python3.11/site-packages/airflow/example_dags/plugins/listener_plugin.py
[2023-12-16T12:44:41.327+0500] {processor.py:841} WARNING - No viable dags retrieved from /home/amina/miniconda/lib/python3.11/site-packages/airflow/example_dags/plugins/listener_plugin.py
[2023-12-16T12:44:41.339+0500] {processor.py:179} INFO - Processing /home/amina/miniconda/lib/python3.11/site-packages/airflow/example_dags/plugins/listener_plugin.py took 0.065 seconds
[2023-12-16T12:45:28.342+0500] {processor.py:157} INFO - Started process (PID=37382) to work on /home/amina/miniconda/lib/python3.11/site-packages/airflow/example_dags/plugins/listener_plugin.py
[2023-12-16T12:45:28.383+0500] {processor.py:829} INFO - Processing file /home/amina/miniconda/lib/python3.11/site-packages/airflow/example_dags/plugins/listener_plugin.py for tasks to queue
[2023-12-16T12:45:28.383+0500] {logging_mixin.py:154} INFO - [2023-12-16T12:45:28.383+0500] {dagbag.py:536} INFO - Filling up the DagBag from /home/amina/miniconda/lib/python3.11/site-packages/airflow/example_dags/plugins/listener_plugin.py
[2023-12-16T12:45:28.386+0500] {processor.py:841} WARNING - No viable dags retrieved from /home/amina/miniconda/lib/python3.11/site-packages/airflow/example_dags/plugins/listener_plugin.py
[2023-12-16T12:45:28.394+0500] {processor.py:179} INFO - Processing /home/amina/miniconda/lib/python3.11/site-packages/airflow/example_dags/plugins/listener_plugin.py took 0.055 seconds
[2023-12-16T12:46:16.174+0500] {processor.py:157} INFO - Started process (PID=37432) to work on /home/amina/miniconda/lib/python3.11/site-packages/airflow/example_dags/plugins/listener_plugin.py
[2023-12-16T12:46:16.200+0500] {processor.py:829} INFO - Processing file /home/amina/miniconda/lib/python3.11/site-packages/airflow/example_dags/plugins/listener_plugin.py for tasks to queue
[2023-12-16T12:46:16.201+0500] {logging_mixin.py:154} INFO - [2023-12-16T12:46:16.201+0500] {dagbag.py:536} INFO - Filling up the DagBag from /home/amina/miniconda/lib/python3.11/site-packages/airflow/example_dags/plugins/listener_plugin.py
[2023-12-16T12:46:16.203+0500] {processor.py:841} WARNING - No viable dags retrieved from /home/amina/miniconda/lib/python3.11/site-packages/airflow/example_dags/plugins/listener_plugin.py
[2023-12-16T12:46:16.212+0500] {processor.py:179} INFO - Processing /home/amina/miniconda/lib/python3.11/site-packages/airflow/example_dags/plugins/listener_plugin.py took 0.041 seconds
[2023-12-16T12:47:07.441+0500] {processor.py:157} INFO - Started process (PID=37487) to work on /home/amina/miniconda/lib/python3.11/site-packages/airflow/example_dags/plugins/listener_plugin.py
[2023-12-16T12:47:07.474+0500] {processor.py:829} INFO - Processing file /home/amina/miniconda/lib/python3.11/site-packages/airflow/example_dags/plugins/listener_plugin.py for tasks to queue
[2023-12-16T12:47:07.475+0500] {logging_mixin.py:154} INFO - [2023-12-16T12:47:07.475+0500] {dagbag.py:536} INFO - Filling up the DagBag from /home/amina/miniconda/lib/python3.11/site-packages/airflow/example_dags/plugins/listener_plugin.py
[2023-12-16T12:47:07.477+0500] {processor.py:841} WARNING - No viable dags retrieved from /home/amina/miniconda/lib/python3.11/site-packages/airflow/example_dags/plugins/listener_plugin.py
[2023-12-16T12:47:07.486+0500] {processor.py:179} INFO - Processing /home/amina/miniconda/lib/python3.11/site-packages/airflow/example_dags/plugins/listener_plugin.py took 0.048 seconds
[2023-12-16T12:47:57.730+0500] {processor.py:157} INFO - Started process (PID=37544) to work on /home/amina/miniconda/lib/python3.11/site-packages/airflow/example_dags/plugins/listener_plugin.py
[2023-12-16T12:47:57.774+0500] {processor.py:829} INFO - Processing file /home/amina/miniconda/lib/python3.11/site-packages/airflow/example_dags/plugins/listener_plugin.py for tasks to queue
[2023-12-16T12:47:57.774+0500] {logging_mixin.py:154} INFO - [2023-12-16T12:47:57.774+0500] {dagbag.py:536} INFO - Filling up the DagBag from /home/amina/miniconda/lib/python3.11/site-packages/airflow/example_dags/plugins/listener_plugin.py
[2023-12-16T12:47:57.777+0500] {processor.py:841} WARNING - No viable dags retrieved from /home/amina/miniconda/lib/python3.11/site-packages/airflow/example_dags/plugins/listener_plugin.py
[2023-12-16T12:47:57.786+0500] {processor.py:179} INFO - Processing /home/amina/miniconda/lib/python3.11/site-packages/airflow/example_dags/plugins/listener_plugin.py took 0.059 seconds
[2023-12-16T12:48:51.261+0500] {processor.py:157} INFO - Started process (PID=37674) to work on /home/amina/miniconda/lib/python3.11/site-packages/airflow/example_dags/plugins/listener_plugin.py
[2023-12-16T12:48:51.309+0500] {processor.py:829} INFO - Processing file /home/amina/miniconda/lib/python3.11/site-packages/airflow/example_dags/plugins/listener_plugin.py for tasks to queue
[2023-12-16T12:48:51.310+0500] {logging_mixin.py:154} INFO - [2023-12-16T12:48:51.310+0500] {dagbag.py:536} INFO - Filling up the DagBag from /home/amina/miniconda/lib/python3.11/site-packages/airflow/example_dags/plugins/listener_plugin.py
[2023-12-16T12:48:51.313+0500] {processor.py:841} WARNING - No viable dags retrieved from /home/amina/miniconda/lib/python3.11/site-packages/airflow/example_dags/plugins/listener_plugin.py
[2023-12-16T12:48:51.322+0500] {processor.py:179} INFO - Processing /home/amina/miniconda/lib/python3.11/site-packages/airflow/example_dags/plugins/listener_plugin.py took 0.065 seconds
[2023-12-16T12:49:55.179+0500] {processor.py:157} INFO - Started process (PID=38347) to work on /home/amina/miniconda/lib/python3.11/site-packages/airflow/example_dags/plugins/listener_plugin.py
[2023-12-16T12:49:55.209+0500] {processor.py:829} INFO - Processing file /home/amina/miniconda/lib/python3.11/site-packages/airflow/example_dags/plugins/listener_plugin.py for tasks to queue
[2023-12-16T12:49:55.210+0500] {logging_mixin.py:154} INFO - [2023-12-16T12:49:55.209+0500] {dagbag.py:536} INFO - Filling up the DagBag from /home/amina/miniconda/lib/python3.11/site-packages/airflow/example_dags/plugins/listener_plugin.py
[2023-12-16T12:49:55.212+0500] {processor.py:841} WARNING - No viable dags retrieved from /home/amina/miniconda/lib/python3.11/site-packages/airflow/example_dags/plugins/listener_plugin.py
[2023-12-16T12:49:55.220+0500] {processor.py:179} INFO - Processing /home/amina/miniconda/lib/python3.11/site-packages/airflow/example_dags/plugins/listener_plugin.py took 0.045 seconds
[2023-12-16T12:50:28.846+0500] {processor.py:157} INFO - Started process (PID=38450) to work on /home/amina/miniconda/lib/python3.11/site-packages/airflow/example_dags/plugins/listener_plugin.py
[2023-12-16T12:50:28.847+0500] {processor.py:829} INFO - Processing file /home/amina/miniconda/lib/python3.11/site-packages/airflow/example_dags/plugins/listener_plugin.py for tasks to queue
[2023-12-16T12:50:28.847+0500] {logging_mixin.py:154} INFO - [2023-12-16T12:50:28.847+0500] {dagbag.py:536} INFO - Filling up the DagBag from /home/amina/miniconda/lib/python3.11/site-packages/airflow/example_dags/plugins/listener_plugin.py
[2023-12-16T12:50:28.850+0500] {processor.py:841} WARNING - No viable dags retrieved from /home/amina/miniconda/lib/python3.11/site-packages/airflow/example_dags/plugins/listener_plugin.py
[2023-12-16T12:50:28.858+0500] {processor.py:179} INFO - Processing /home/amina/miniconda/lib/python3.11/site-packages/airflow/example_dags/plugins/listener_plugin.py took 0.015 seconds
[2023-12-16T12:51:02.597+0500] {processor.py:157} INFO - Started process (PID=38502) to work on /home/amina/miniconda/lib/python3.11/site-packages/airflow/example_dags/plugins/listener_plugin.py
[2023-12-16T12:51:02.614+0500] {processor.py:829} INFO - Processing file /home/amina/miniconda/lib/python3.11/site-packages/airflow/example_dags/plugins/listener_plugin.py for tasks to queue
[2023-12-16T12:51:02.615+0500] {logging_mixin.py:154} INFO - [2023-12-16T12:51:02.614+0500] {dagbag.py:536} INFO - Filling up the DagBag from /home/amina/miniconda/lib/python3.11/site-packages/airflow/example_dags/plugins/listener_plugin.py
[2023-12-16T12:51:02.617+0500] {processor.py:841} WARNING - No viable dags retrieved from /home/amina/miniconda/lib/python3.11/site-packages/airflow/example_dags/plugins/listener_plugin.py
[2023-12-16T12:51:02.628+0500] {processor.py:179} INFO - Processing /home/amina/miniconda/lib/python3.11/site-packages/airflow/example_dags/plugins/listener_plugin.py took 0.034 seconds
[2023-12-16T12:52:04.049+0500] {processor.py:157} INFO - Started process (PID=38552) to work on /home/amina/miniconda/lib/python3.11/site-packages/airflow/example_dags/plugins/listener_plugin.py
[2023-12-16T12:52:04.068+0500] {processor.py:829} INFO - Processing file /home/amina/miniconda/lib/python3.11/site-packages/airflow/example_dags/plugins/listener_plugin.py for tasks to queue
[2023-12-16T12:52:04.069+0500] {logging_mixin.py:154} INFO - [2023-12-16T12:52:04.068+0500] {dagbag.py:536} INFO - Filling up the DagBag from /home/amina/miniconda/lib/python3.11/site-packages/airflow/example_dags/plugins/listener_plugin.py
[2023-12-16T12:52:04.071+0500] {processor.py:841} WARNING - No viable dags retrieved from /home/amina/miniconda/lib/python3.11/site-packages/airflow/example_dags/plugins/listener_plugin.py
[2023-12-16T12:52:04.081+0500] {processor.py:179} INFO - Processing /home/amina/miniconda/lib/python3.11/site-packages/airflow/example_dags/plugins/listener_plugin.py took 0.035 seconds
[2023-12-16T12:52:58.632+0500] {processor.py:157} INFO - Started process (PID=38603) to work on /home/amina/miniconda/lib/python3.11/site-packages/airflow/example_dags/plugins/listener_plugin.py
[2023-12-16T12:52:58.669+0500] {processor.py:829} INFO - Processing file /home/amina/miniconda/lib/python3.11/site-packages/airflow/example_dags/plugins/listener_plugin.py for tasks to queue
[2023-12-16T12:52:58.670+0500] {logging_mixin.py:154} INFO - [2023-12-16T12:52:58.670+0500] {dagbag.py:536} INFO - Filling up the DagBag from /home/amina/miniconda/lib/python3.11/site-packages/airflow/example_dags/plugins/listener_plugin.py
[2023-12-16T12:52:58.674+0500] {processor.py:841} WARNING - No viable dags retrieved from /home/amina/miniconda/lib/python3.11/site-packages/airflow/example_dags/plugins/listener_plugin.py
[2023-12-16T12:52:58.689+0500] {processor.py:179} INFO - Processing /home/amina/miniconda/lib/python3.11/site-packages/airflow/example_dags/plugins/listener_plugin.py took 0.063 seconds
