[2023-12-16T12:21:36.584+0500] {processor.py:157} INFO - Started process (PID=18491) to work on /home/amina/miniconda/lib/python3.11/site-packages/airflow/example_dags/plugins/workday.py
[2023-12-16T12:21:36.585+0500] {processor.py:829} INFO - Processing file /home/amina/miniconda/lib/python3.11/site-packages/airflow/example_dags/plugins/workday.py for tasks to queue
[2023-12-16T12:21:36.585+0500] {logging_mixin.py:154} INFO - [2023-12-16T12:21:36.585+0500] {dagbag.py:536} INFO - Filling up the DagBag from /home/amina/miniconda/lib/python3.11/site-packages/airflow/example_dags/plugins/workday.py
[2023-12-16T12:21:36.588+0500] {logging_mixin.py:154} INFO - [2023-12-16T12:21:36.588+0500] {workday.py:36} WARNING - Could not import pandas. Holidays will not be considered.
[2023-12-16T12:21:36.588+0500] {processor.py:841} WARNING - No viable dags retrieved from /home/amina/miniconda/lib/python3.11/site-packages/airflow/example_dags/plugins/workday.py
[2023-12-16T12:21:36.598+0500] {processor.py:179} INFO - Processing /home/amina/miniconda/lib/python3.11/site-packages/airflow/example_dags/plugins/workday.py took 0.017 seconds
[2023-12-16T12:22:33.356+0500] {processor.py:157} INFO - Started process (PID=20072) to work on /home/amina/miniconda/lib/python3.11/site-packages/airflow/example_dags/plugins/workday.py
[2023-12-16T12:22:33.398+0500] {processor.py:829} INFO - Processing file /home/amina/miniconda/lib/python3.11/site-packages/airflow/example_dags/plugins/workday.py for tasks to queue
[2023-12-16T12:22:33.399+0500] {logging_mixin.py:154} INFO - [2023-12-16T12:22:33.398+0500] {dagbag.py:536} INFO - Filling up the DagBag from /home/amina/miniconda/lib/python3.11/site-packages/airflow/example_dags/plugins/workday.py
[2023-12-16T12:22:33.401+0500] {logging_mixin.py:154} INFO - [2023-12-16T12:22:33.401+0500] {workday.py:36} WARNING - Could not import pandas. Holidays will not be considered.
[2023-12-16T12:22:33.402+0500] {processor.py:841} WARNING - No viable dags retrieved from /home/amina/miniconda/lib/python3.11/site-packages/airflow/example_dags/plugins/workday.py
[2023-12-16T12:22:33.413+0500] {processor.py:179} INFO - Processing /home/amina/miniconda/lib/python3.11/site-packages/airflow/example_dags/plugins/workday.py took 0.061 seconds
[2023-12-16T12:23:34.758+0500] {processor.py:157} INFO - Started process (PID=21272) to work on /home/amina/miniconda/lib/python3.11/site-packages/airflow/example_dags/plugins/workday.py
[2023-12-16T12:23:34.762+0500] {processor.py:829} INFO - Processing file /home/amina/miniconda/lib/python3.11/site-packages/airflow/example_dags/plugins/workday.py for tasks to queue
[2023-12-16T12:23:34.762+0500] {logging_mixin.py:154} INFO - [2023-12-16T12:23:34.762+0500] {dagbag.py:536} INFO - Filling up the DagBag from /home/amina/miniconda/lib/python3.11/site-packages/airflow/example_dags/plugins/workday.py
[2023-12-16T12:23:34.765+0500] {logging_mixin.py:154} INFO - [2023-12-16T12:23:34.765+0500] {workday.py:36} WARNING - Could not import pandas. Holidays will not be considered.
[2023-12-16T12:23:34.765+0500] {processor.py:841} WARNING - No viable dags retrieved from /home/amina/miniconda/lib/python3.11/site-packages/airflow/example_dags/plugins/workday.py
[2023-12-16T12:23:34.775+0500] {processor.py:179} INFO - Processing /home/amina/miniconda/lib/python3.11/site-packages/airflow/example_dags/plugins/workday.py took 0.020 seconds
[2023-12-16T12:24:34.316+0500] {processor.py:157} INFO - Started process (PID=22727) to work on /home/amina/miniconda/lib/python3.11/site-packages/airflow/example_dags/plugins/workday.py
[2023-12-16T12:24:34.386+0500] {processor.py:829} INFO - Processing file /home/amina/miniconda/lib/python3.11/site-packages/airflow/example_dags/plugins/workday.py for tasks to queue
[2023-12-16T12:24:34.387+0500] {logging_mixin.py:154} INFO - [2023-12-16T12:24:34.387+0500] {dagbag.py:536} INFO - Filling up the DagBag from /home/amina/miniconda/lib/python3.11/site-packages/airflow/example_dags/plugins/workday.py
[2023-12-16T12:24:34.391+0500] {logging_mixin.py:154} INFO - [2023-12-16T12:24:34.390+0500] {workday.py:36} WARNING - Could not import pandas. Holidays will not be considered.
[2023-12-16T12:24:34.391+0500] {processor.py:841} WARNING - No viable dags retrieved from /home/amina/miniconda/lib/python3.11/site-packages/airflow/example_dags/plugins/workday.py
[2023-12-16T12:24:34.404+0500] {processor.py:179} INFO - Processing /home/amina/miniconda/lib/python3.11/site-packages/airflow/example_dags/plugins/workday.py took 0.091 seconds
[2023-12-16T12:25:21.922+0500] {processor.py:157} INFO - Started process (PID=23703) to work on /home/amina/miniconda/lib/python3.11/site-packages/airflow/example_dags/plugins/workday.py
[2023-12-16T12:25:21.970+0500] {processor.py:829} INFO - Processing file /home/amina/miniconda/lib/python3.11/site-packages/airflow/example_dags/plugins/workday.py for tasks to queue
[2023-12-16T12:25:21.971+0500] {logging_mixin.py:154} INFO - [2023-12-16T12:25:21.970+0500] {dagbag.py:536} INFO - Filling up the DagBag from /home/amina/miniconda/lib/python3.11/site-packages/airflow/example_dags/plugins/workday.py
[2023-12-16T12:25:21.973+0500] {logging_mixin.py:154} INFO - [2023-12-16T12:25:21.973+0500] {workday.py:36} WARNING - Could not import pandas. Holidays will not be considered.
[2023-12-16T12:25:21.973+0500] {processor.py:841} WARNING - No viable dags retrieved from /home/amina/miniconda/lib/python3.11/site-packages/airflow/example_dags/plugins/workday.py
[2023-12-16T12:25:21.983+0500] {processor.py:179} INFO - Processing /home/amina/miniconda/lib/python3.11/site-packages/airflow/example_dags/plugins/workday.py took 0.063 seconds
[2023-12-16T12:26:09.393+0500] {processor.py:157} INFO - Started process (PID=24491) to work on /home/amina/miniconda/lib/python3.11/site-packages/airflow/example_dags/plugins/workday.py
[2023-12-16T12:26:09.409+0500] {processor.py:829} INFO - Processing file /home/amina/miniconda/lib/python3.11/site-packages/airflow/example_dags/plugins/workday.py for tasks to queue
[2023-12-16T12:26:09.411+0500] {logging_mixin.py:154} INFO - [2023-12-16T12:26:09.410+0500] {dagbag.py:536} INFO - Filling up the DagBag from /home/amina/miniconda/lib/python3.11/site-packages/airflow/example_dags/plugins/workday.py
[2023-12-16T12:26:09.414+0500] {logging_mixin.py:154} INFO - [2023-12-16T12:26:09.414+0500] {workday.py:36} WARNING - Could not import pandas. Holidays will not be considered.
[2023-12-16T12:26:09.414+0500] {processor.py:841} WARNING - No viable dags retrieved from /home/amina/miniconda/lib/python3.11/site-packages/airflow/example_dags/plugins/workday.py
[2023-12-16T12:26:09.428+0500] {processor.py:179} INFO - Processing /home/amina/miniconda/lib/python3.11/site-packages/airflow/example_dags/plugins/workday.py took 0.038 seconds
[2023-12-16T12:26:45.029+0500] {processor.py:157} INFO - Started process (PID=25171) to work on /home/amina/miniconda/lib/python3.11/site-packages/airflow/example_dags/plugins/workday.py
[2023-12-16T12:26:45.081+0500] {processor.py:829} INFO - Processing file /home/amina/miniconda/lib/python3.11/site-packages/airflow/example_dags/plugins/workday.py for tasks to queue
[2023-12-16T12:26:45.082+0500] {logging_mixin.py:154} INFO - [2023-12-16T12:26:45.082+0500] {dagbag.py:536} INFO - Filling up the DagBag from /home/amina/miniconda/lib/python3.11/site-packages/airflow/example_dags/plugins/workday.py
[2023-12-16T12:26:45.086+0500] {logging_mixin.py:154} INFO - [2023-12-16T12:26:45.086+0500] {workday.py:36} WARNING - Could not import pandas. Holidays will not be considered.
[2023-12-16T12:26:45.087+0500] {processor.py:841} WARNING - No viable dags retrieved from /home/amina/miniconda/lib/python3.11/site-packages/airflow/example_dags/plugins/workday.py
[2023-12-16T12:26:45.098+0500] {processor.py:179} INFO - Processing /home/amina/miniconda/lib/python3.11/site-packages/airflow/example_dags/plugins/workday.py took 0.072 seconds
[2023-12-16T12:27:25.138+0500] {processor.py:157} INFO - Started process (PID=25901) to work on /home/amina/miniconda/lib/python3.11/site-packages/airflow/example_dags/plugins/workday.py
[2023-12-16T12:27:25.186+0500] {processor.py:829} INFO - Processing file /home/amina/miniconda/lib/python3.11/site-packages/airflow/example_dags/plugins/workday.py for tasks to queue
[2023-12-16T12:27:25.187+0500] {logging_mixin.py:154} INFO - [2023-12-16T12:27:25.187+0500] {dagbag.py:536} INFO - Filling up the DagBag from /home/amina/miniconda/lib/python3.11/site-packages/airflow/example_dags/plugins/workday.py
[2023-12-16T12:27:25.191+0500] {logging_mixin.py:154} INFO - [2023-12-16T12:27:25.190+0500] {workday.py:36} WARNING - Could not import pandas. Holidays will not be considered.
[2023-12-16T12:27:25.191+0500] {processor.py:841} WARNING - No viable dags retrieved from /home/amina/miniconda/lib/python3.11/site-packages/airflow/example_dags/plugins/workday.py
[2023-12-16T12:27:25.201+0500] {processor.py:179} INFO - Processing /home/amina/miniconda/lib/python3.11/site-packages/airflow/example_dags/plugins/workday.py took 0.065 seconds
[2023-12-16T12:29:06.050+0500] {processor.py:157} INFO - Started process (PID=27989) to work on /home/amina/miniconda/lib/python3.11/site-packages/airflow/example_dags/plugins/workday.py
[2023-12-16T12:29:06.072+0500] {processor.py:829} INFO - Processing file /home/amina/miniconda/lib/python3.11/site-packages/airflow/example_dags/plugins/workday.py for tasks to queue
[2023-12-16T12:29:06.073+0500] {logging_mixin.py:154} INFO - [2023-12-16T12:29:06.073+0500] {dagbag.py:536} INFO - Filling up the DagBag from /home/amina/miniconda/lib/python3.11/site-packages/airflow/example_dags/plugins/workday.py
[2023-12-16T12:29:06.076+0500] {logging_mixin.py:154} INFO - [2023-12-16T12:29:06.075+0500] {workday.py:36} WARNING - Could not import pandas. Holidays will not be considered.
[2023-12-16T12:29:06.076+0500] {processor.py:841} WARNING - No viable dags retrieved from /home/amina/miniconda/lib/python3.11/site-packages/airflow/example_dags/plugins/workday.py
[2023-12-16T12:29:10.452+0500] {processor.py:179} INFO - Processing /home/amina/miniconda/lib/python3.11/site-packages/airflow/example_dags/plugins/workday.py took 4.406 seconds
[2023-12-16T12:30:42.186+0500] {processor.py:157} INFO - Started process (PID=30073) to work on /home/amina/miniconda/lib/python3.11/site-packages/airflow/example_dags/plugins/workday.py
[2023-12-16T12:30:42.285+0500] {processor.py:829} INFO - Processing file /home/amina/miniconda/lib/python3.11/site-packages/airflow/example_dags/plugins/workday.py for tasks to queue
[2023-12-16T12:30:42.286+0500] {logging_mixin.py:154} INFO - [2023-12-16T12:30:42.286+0500] {dagbag.py:536} INFO - Filling up the DagBag from /home/amina/miniconda/lib/python3.11/site-packages/airflow/example_dags/plugins/workday.py
[2023-12-16T12:30:42.289+0500] {logging_mixin.py:154} INFO - [2023-12-16T12:30:42.288+0500] {workday.py:36} WARNING - Could not import pandas. Holidays will not be considered.
[2023-12-16T12:30:42.289+0500] {processor.py:841} WARNING - No viable dags retrieved from /home/amina/miniconda/lib/python3.11/site-packages/airflow/example_dags/plugins/workday.py
[2023-12-16T12:30:42.299+0500] {processor.py:179} INFO - Processing /home/amina/miniconda/lib/python3.11/site-packages/airflow/example_dags/plugins/workday.py took 0.115 seconds
[2023-12-16T12:31:15.529+0500] {processor.py:157} INFO - Started process (PID=30866) to work on /home/amina/miniconda/lib/python3.11/site-packages/airflow/example_dags/plugins/workday.py
[2023-12-16T12:31:15.557+0500] {processor.py:829} INFO - Processing file /home/amina/miniconda/lib/python3.11/site-packages/airflow/example_dags/plugins/workday.py for tasks to queue
[2023-12-16T12:31:15.557+0500] {logging_mixin.py:154} INFO - [2023-12-16T12:31:15.557+0500] {dagbag.py:536} INFO - Filling up the DagBag from /home/amina/miniconda/lib/python3.11/site-packages/airflow/example_dags/plugins/workday.py
[2023-12-16T12:31:15.560+0500] {logging_mixin.py:154} INFO - [2023-12-16T12:31:15.560+0500] {workday.py:36} WARNING - Could not import pandas. Holidays will not be considered.
[2023-12-16T12:31:15.561+0500] {processor.py:841} WARNING - No viable dags retrieved from /home/amina/miniconda/lib/python3.11/site-packages/airflow/example_dags/plugins/workday.py
[2023-12-16T12:31:15.570+0500] {processor.py:179} INFO - Processing /home/amina/miniconda/lib/python3.11/site-packages/airflow/example_dags/plugins/workday.py took 0.044 seconds
[2023-12-16T12:32:15.284+0500] {processor.py:157} INFO - Started process (PID=32449) to work on /home/amina/miniconda/lib/python3.11/site-packages/airflow/example_dags/plugins/workday.py
[2023-12-16T12:32:15.344+0500] {processor.py:829} INFO - Processing file /home/amina/miniconda/lib/python3.11/site-packages/airflow/example_dags/plugins/workday.py for tasks to queue
[2023-12-16T12:32:15.345+0500] {logging_mixin.py:154} INFO - [2023-12-16T12:32:15.345+0500] {dagbag.py:536} INFO - Filling up the DagBag from /home/amina/miniconda/lib/python3.11/site-packages/airflow/example_dags/plugins/workday.py
[2023-12-16T12:32:15.348+0500] {logging_mixin.py:154} INFO - [2023-12-16T12:32:15.348+0500] {workday.py:36} WARNING - Could not import pandas. Holidays will not be considered.
[2023-12-16T12:32:15.349+0500] {processor.py:841} WARNING - No viable dags retrieved from /home/amina/miniconda/lib/python3.11/site-packages/airflow/example_dags/plugins/workday.py
[2023-12-16T12:32:15.361+0500] {processor.py:179} INFO - Processing /home/amina/miniconda/lib/python3.11/site-packages/airflow/example_dags/plugins/workday.py took 0.080 seconds
[2023-12-16T12:33:16.755+0500] {processor.py:157} INFO - Started process (PID=33624) to work on /home/amina/miniconda/lib/python3.11/site-packages/airflow/example_dags/plugins/workday.py
[2023-12-16T12:33:16.785+0500] {processor.py:829} INFO - Processing file /home/amina/miniconda/lib/python3.11/site-packages/airflow/example_dags/plugins/workday.py for tasks to queue
[2023-12-16T12:33:16.786+0500] {logging_mixin.py:154} INFO - [2023-12-16T12:33:16.786+0500] {dagbag.py:536} INFO - Filling up the DagBag from /home/amina/miniconda/lib/python3.11/site-packages/airflow/example_dags/plugins/workday.py
[2023-12-16T12:33:16.789+0500] {logging_mixin.py:154} INFO - [2023-12-16T12:33:16.789+0500] {workday.py:36} WARNING - Could not import pandas. Holidays will not be considered.
[2023-12-16T12:33:16.789+0500] {processor.py:841} WARNING - No viable dags retrieved from /home/amina/miniconda/lib/python3.11/site-packages/airflow/example_dags/plugins/workday.py
[2023-12-16T12:33:16.798+0500] {processor.py:179} INFO - Processing /home/amina/miniconda/lib/python3.11/site-packages/airflow/example_dags/plugins/workday.py took 0.046 seconds
[2023-12-16T12:34:13.749+0500] {processor.py:157} INFO - Started process (PID=35365) to work on /home/amina/miniconda/lib/python3.11/site-packages/airflow/example_dags/plugins/workday.py
[2023-12-16T12:34:13.816+0500] {processor.py:829} INFO - Processing file /home/amina/miniconda/lib/python3.11/site-packages/airflow/example_dags/plugins/workday.py for tasks to queue
[2023-12-16T12:34:13.816+0500] {logging_mixin.py:154} INFO - [2023-12-16T12:34:13.816+0500] {dagbag.py:536} INFO - Filling up the DagBag from /home/amina/miniconda/lib/python3.11/site-packages/airflow/example_dags/plugins/workday.py
[2023-12-16T12:34:13.819+0500] {logging_mixin.py:154} INFO - [2023-12-16T12:34:13.819+0500] {workday.py:36} WARNING - Could not import pandas. Holidays will not be considered.
[2023-12-16T12:34:13.819+0500] {processor.py:841} WARNING - No viable dags retrieved from /home/amina/miniconda/lib/python3.11/site-packages/airflow/example_dags/plugins/workday.py
[2023-12-16T12:34:13.832+0500] {processor.py:179} INFO - Processing /home/amina/miniconda/lib/python3.11/site-packages/airflow/example_dags/plugins/workday.py took 0.087 seconds
[2023-12-16T12:35:08.121+0500] {processor.py:157} INFO - Started process (PID=36329) to work on /home/amina/miniconda/lib/python3.11/site-packages/airflow/example_dags/plugins/workday.py
[2023-12-16T12:35:08.178+0500] {processor.py:829} INFO - Processing file /home/amina/miniconda/lib/python3.11/site-packages/airflow/example_dags/plugins/workday.py for tasks to queue
[2023-12-16T12:35:08.179+0500] {logging_mixin.py:154} INFO - [2023-12-16T12:35:08.179+0500] {dagbag.py:536} INFO - Filling up the DagBag from /home/amina/miniconda/lib/python3.11/site-packages/airflow/example_dags/plugins/workday.py
[2023-12-16T12:35:08.182+0500] {logging_mixin.py:154} INFO - [2023-12-16T12:35:08.182+0500] {workday.py:36} WARNING - Could not import pandas. Holidays will not be considered.
[2023-12-16T12:35:08.182+0500] {processor.py:841} WARNING - No viable dags retrieved from /home/amina/miniconda/lib/python3.11/site-packages/airflow/example_dags/plugins/workday.py
[2023-12-16T12:35:08.190+0500] {processor.py:179} INFO - Processing /home/amina/miniconda/lib/python3.11/site-packages/airflow/example_dags/plugins/workday.py took 0.072 seconds
[2023-12-16T12:36:01.442+0500] {processor.py:157} INFO - Started process (PID=36386) to work on /home/amina/miniconda/lib/python3.11/site-packages/airflow/example_dags/plugins/workday.py
[2023-12-16T12:36:01.447+0500] {processor.py:829} INFO - Processing file /home/amina/miniconda/lib/python3.11/site-packages/airflow/example_dags/plugins/workday.py for tasks to queue
[2023-12-16T12:36:01.448+0500] {logging_mixin.py:154} INFO - [2023-12-16T12:36:01.448+0500] {dagbag.py:536} INFO - Filling up the DagBag from /home/amina/miniconda/lib/python3.11/site-packages/airflow/example_dags/plugins/workday.py
[2023-12-16T12:36:01.451+0500] {logging_mixin.py:154} INFO - [2023-12-16T12:36:01.451+0500] {workday.py:36} WARNING - Could not import pandas. Holidays will not be considered.
[2023-12-16T12:36:01.451+0500] {processor.py:841} WARNING - No viable dags retrieved from /home/amina/miniconda/lib/python3.11/site-packages/airflow/example_dags/plugins/workday.py
[2023-12-16T12:36:01.460+0500] {processor.py:179} INFO - Processing /home/amina/miniconda/lib/python3.11/site-packages/airflow/example_dags/plugins/workday.py took 0.021 seconds
[2023-12-16T12:36:58.500+0500] {processor.py:157} INFO - Started process (PID=36475) to work on /home/amina/miniconda/lib/python3.11/site-packages/airflow/example_dags/plugins/workday.py
[2023-12-16T12:36:58.545+0500] {processor.py:829} INFO - Processing file /home/amina/miniconda/lib/python3.11/site-packages/airflow/example_dags/plugins/workday.py for tasks to queue
[2023-12-16T12:36:58.546+0500] {logging_mixin.py:154} INFO - [2023-12-16T12:36:58.546+0500] {dagbag.py:536} INFO - Filling up the DagBag from /home/amina/miniconda/lib/python3.11/site-packages/airflow/example_dags/plugins/workday.py
[2023-12-16T12:36:58.549+0500] {logging_mixin.py:154} INFO - [2023-12-16T12:36:58.548+0500] {workday.py:36} WARNING - Could not import pandas. Holidays will not be considered.
[2023-12-16T12:36:58.549+0500] {processor.py:841} WARNING - No viable dags retrieved from /home/amina/miniconda/lib/python3.11/site-packages/airflow/example_dags/plugins/workday.py
[2023-12-16T12:36:58.558+0500] {processor.py:179} INFO - Processing /home/amina/miniconda/lib/python3.11/site-packages/airflow/example_dags/plugins/workday.py took 0.061 seconds
[2023-12-16T12:37:50.356+0500] {processor.py:157} INFO - Started process (PID=36738) to work on /home/amina/miniconda/lib/python3.11/site-packages/airflow/example_dags/plugins/workday.py
[2023-12-16T12:37:50.399+0500] {processor.py:829} INFO - Processing file /home/amina/miniconda/lib/python3.11/site-packages/airflow/example_dags/plugins/workday.py for tasks to queue
[2023-12-16T12:37:50.400+0500] {logging_mixin.py:154} INFO - [2023-12-16T12:37:50.400+0500] {dagbag.py:536} INFO - Filling up the DagBag from /home/amina/miniconda/lib/python3.11/site-packages/airflow/example_dags/plugins/workday.py
[2023-12-16T12:37:50.403+0500] {logging_mixin.py:154} INFO - [2023-12-16T12:37:50.403+0500] {workday.py:36} WARNING - Could not import pandas. Holidays will not be considered.
[2023-12-16T12:37:50.403+0500] {processor.py:841} WARNING - No viable dags retrieved from /home/amina/miniconda/lib/python3.11/site-packages/airflow/example_dags/plugins/workday.py
[2023-12-16T12:37:50.411+0500] {processor.py:179} INFO - Processing /home/amina/miniconda/lib/python3.11/site-packages/airflow/example_dags/plugins/workday.py took 0.058 seconds
[2023-12-16T12:38:41.434+0500] {processor.py:157} INFO - Started process (PID=36784) to work on /home/amina/miniconda/lib/python3.11/site-packages/airflow/example_dags/plugins/workday.py
[2023-12-16T12:38:41.480+0500] {processor.py:829} INFO - Processing file /home/amina/miniconda/lib/python3.11/site-packages/airflow/example_dags/plugins/workday.py for tasks to queue
[2023-12-16T12:38:41.481+0500] {logging_mixin.py:154} INFO - [2023-12-16T12:38:41.481+0500] {dagbag.py:536} INFO - Filling up the DagBag from /home/amina/miniconda/lib/python3.11/site-packages/airflow/example_dags/plugins/workday.py
[2023-12-16T12:38:41.483+0500] {logging_mixin.py:154} INFO - [2023-12-16T12:38:41.483+0500] {workday.py:36} WARNING - Could not import pandas. Holidays will not be considered.
[2023-12-16T12:38:41.484+0500] {processor.py:841} WARNING - No viable dags retrieved from /home/amina/miniconda/lib/python3.11/site-packages/airflow/example_dags/plugins/workday.py
[2023-12-16T12:38:41.492+0500] {processor.py:179} INFO - Processing /home/amina/miniconda/lib/python3.11/site-packages/airflow/example_dags/plugins/workday.py took 0.062 seconds
[2023-12-16T12:39:28.750+0500] {processor.py:157} INFO - Started process (PID=36831) to work on /home/amina/miniconda/lib/python3.11/site-packages/airflow/example_dags/plugins/workday.py
[2023-12-16T12:39:28.798+0500] {processor.py:829} INFO - Processing file /home/amina/miniconda/lib/python3.11/site-packages/airflow/example_dags/plugins/workday.py for tasks to queue
[2023-12-16T12:39:28.799+0500] {logging_mixin.py:154} INFO - [2023-12-16T12:39:28.798+0500] {dagbag.py:536} INFO - Filling up the DagBag from /home/amina/miniconda/lib/python3.11/site-packages/airflow/example_dags/plugins/workday.py
[2023-12-16T12:39:28.801+0500] {logging_mixin.py:154} INFO - [2023-12-16T12:39:28.801+0500] {workday.py:36} WARNING - Could not import pandas. Holidays will not be considered.
[2023-12-16T12:39:28.801+0500] {processor.py:841} WARNING - No viable dags retrieved from /home/amina/miniconda/lib/python3.11/site-packages/airflow/example_dags/plugins/workday.py
[2023-12-16T12:39:28.810+0500] {processor.py:179} INFO - Processing /home/amina/miniconda/lib/python3.11/site-packages/airflow/example_dags/plugins/workday.py took 0.063 seconds
[2023-12-16T12:40:19.955+0500] {processor.py:157} INFO - Started process (PID=36930) to work on /home/amina/miniconda/lib/python3.11/site-packages/airflow/example_dags/plugins/workday.py
[2023-12-16T12:40:20.027+0500] {processor.py:829} INFO - Processing file /home/amina/miniconda/lib/python3.11/site-packages/airflow/example_dags/plugins/workday.py for tasks to queue
[2023-12-16T12:40:20.028+0500] {logging_mixin.py:154} INFO - [2023-12-16T12:40:20.028+0500] {dagbag.py:536} INFO - Filling up the DagBag from /home/amina/miniconda/lib/python3.11/site-packages/airflow/example_dags/plugins/workday.py
[2023-12-16T12:40:20.030+0500] {logging_mixin.py:154} INFO - [2023-12-16T12:40:20.030+0500] {workday.py:36} WARNING - Could not import pandas. Holidays will not be considered.
[2023-12-16T12:40:20.031+0500] {processor.py:841} WARNING - No viable dags retrieved from /home/amina/miniconda/lib/python3.11/site-packages/airflow/example_dags/plugins/workday.py
[2023-12-16T12:40:20.039+0500] {processor.py:179} INFO - Processing /home/amina/miniconda/lib/python3.11/site-packages/airflow/example_dags/plugins/workday.py took 0.087 seconds
[2023-12-16T12:41:11.704+0500] {processor.py:157} INFO - Started process (PID=37045) to work on /home/amina/miniconda/lib/python3.11/site-packages/airflow/example_dags/plugins/workday.py
[2023-12-16T12:41:11.745+0500] {processor.py:829} INFO - Processing file /home/amina/miniconda/lib/python3.11/site-packages/airflow/example_dags/plugins/workday.py for tasks to queue
[2023-12-16T12:41:11.746+0500] {logging_mixin.py:154} INFO - [2023-12-16T12:41:11.746+0500] {dagbag.py:536} INFO - Filling up the DagBag from /home/amina/miniconda/lib/python3.11/site-packages/airflow/example_dags/plugins/workday.py
[2023-12-16T12:41:11.749+0500] {logging_mixin.py:154} INFO - [2023-12-16T12:41:11.748+0500] {workday.py:36} WARNING - Could not import pandas. Holidays will not be considered.
[2023-12-16T12:41:11.749+0500] {processor.py:841} WARNING - No viable dags retrieved from /home/amina/miniconda/lib/python3.11/site-packages/airflow/example_dags/plugins/workday.py
[2023-12-16T12:41:11.758+0500] {processor.py:179} INFO - Processing /home/amina/miniconda/lib/python3.11/site-packages/airflow/example_dags/plugins/workday.py took 0.056 seconds
[2023-12-16T12:42:12.138+0500] {processor.py:157} INFO - Started process (PID=37110) to work on /home/amina/miniconda/lib/python3.11/site-packages/airflow/example_dags/plugins/workday.py
[2023-12-16T12:42:12.180+0500] {processor.py:829} INFO - Processing file /home/amina/miniconda/lib/python3.11/site-packages/airflow/example_dags/plugins/workday.py for tasks to queue
[2023-12-16T12:42:12.181+0500] {logging_mixin.py:154} INFO - [2023-12-16T12:42:12.181+0500] {dagbag.py:536} INFO - Filling up the DagBag from /home/amina/miniconda/lib/python3.11/site-packages/airflow/example_dags/plugins/workday.py
[2023-12-16T12:42:12.184+0500] {logging_mixin.py:154} INFO - [2023-12-16T12:42:12.184+0500] {workday.py:36} WARNING - Could not import pandas. Holidays will not be considered.
[2023-12-16T12:42:12.185+0500] {processor.py:841} WARNING - No viable dags retrieved from /home/amina/miniconda/lib/python3.11/site-packages/airflow/example_dags/plugins/workday.py
[2023-12-16T12:42:12.193+0500] {processor.py:179} INFO - Processing /home/amina/miniconda/lib/python3.11/site-packages/airflow/example_dags/plugins/workday.py took 0.058 seconds
[2023-12-16T12:43:17.786+0500] {processor.py:157} INFO - Started process (PID=37205) to work on /home/amina/miniconda/lib/python3.11/site-packages/airflow/example_dags/plugins/workday.py
[2023-12-16T12:43:17.806+0500] {processor.py:829} INFO - Processing file /home/amina/miniconda/lib/python3.11/site-packages/airflow/example_dags/plugins/workday.py for tasks to queue
[2023-12-16T12:43:17.807+0500] {logging_mixin.py:154} INFO - [2023-12-16T12:43:17.807+0500] {dagbag.py:536} INFO - Filling up the DagBag from /home/amina/miniconda/lib/python3.11/site-packages/airflow/example_dags/plugins/workday.py
[2023-12-16T12:43:17.809+0500] {logging_mixin.py:154} INFO - [2023-12-16T12:43:17.809+0500] {workday.py:36} WARNING - Could not import pandas. Holidays will not be considered.
[2023-12-16T12:43:17.810+0500] {processor.py:841} WARNING - No viable dags retrieved from /home/amina/miniconda/lib/python3.11/site-packages/airflow/example_dags/plugins/workday.py
[2023-12-16T12:43:17.818+0500] {processor.py:179} INFO - Processing /home/amina/miniconda/lib/python3.11/site-packages/airflow/example_dags/plugins/workday.py took 0.035 seconds
[2023-12-16T12:43:52.115+0500] {processor.py:157} INFO - Started process (PID=37238) to work on /home/amina/miniconda/lib/python3.11/site-packages/airflow/example_dags/plugins/workday.py
[2023-12-16T12:43:52.116+0500] {processor.py:829} INFO - Processing file /home/amina/miniconda/lib/python3.11/site-packages/airflow/example_dags/plugins/workday.py for tasks to queue
[2023-12-16T12:43:52.116+0500] {logging_mixin.py:154} INFO - [2023-12-16T12:43:52.116+0500] {dagbag.py:536} INFO - Filling up the DagBag from /home/amina/miniconda/lib/python3.11/site-packages/airflow/example_dags/plugins/workday.py
[2023-12-16T12:43:52.119+0500] {logging_mixin.py:154} INFO - [2023-12-16T12:43:52.119+0500] {workday.py:36} WARNING - Could not import pandas. Holidays will not be considered.
[2023-12-16T12:43:52.120+0500] {processor.py:841} WARNING - No viable dags retrieved from /home/amina/miniconda/lib/python3.11/site-packages/airflow/example_dags/plugins/workday.py
[2023-12-16T12:43:52.129+0500] {processor.py:179} INFO - Processing /home/amina/miniconda/lib/python3.11/site-packages/airflow/example_dags/plugins/workday.py took 0.017 seconds
[2023-12-16T12:44:42.423+0500] {processor.py:157} INFO - Started process (PID=37311) to work on /home/amina/miniconda/lib/python3.11/site-packages/airflow/example_dags/plugins/workday.py
[2023-12-16T12:44:42.434+0500] {processor.py:829} INFO - Processing file /home/amina/miniconda/lib/python3.11/site-packages/airflow/example_dags/plugins/workday.py for tasks to queue
[2023-12-16T12:44:42.435+0500] {logging_mixin.py:154} INFO - [2023-12-16T12:44:42.435+0500] {dagbag.py:536} INFO - Filling up the DagBag from /home/amina/miniconda/lib/python3.11/site-packages/airflow/example_dags/plugins/workday.py
[2023-12-16T12:44:42.438+0500] {logging_mixin.py:154} INFO - [2023-12-16T12:44:42.438+0500] {workday.py:36} WARNING - Could not import pandas. Holidays will not be considered.
[2023-12-16T12:44:42.438+0500] {processor.py:841} WARNING - No viable dags retrieved from /home/amina/miniconda/lib/python3.11/site-packages/airflow/example_dags/plugins/workday.py
[2023-12-16T12:44:42.450+0500] {processor.py:179} INFO - Processing /home/amina/miniconda/lib/python3.11/site-packages/airflow/example_dags/plugins/workday.py took 0.030 seconds
[2023-12-16T12:45:29.495+0500] {processor.py:157} INFO - Started process (PID=37383) to work on /home/amina/miniconda/lib/python3.11/site-packages/airflow/example_dags/plugins/workday.py
[2023-12-16T12:45:29.544+0500] {processor.py:829} INFO - Processing file /home/amina/miniconda/lib/python3.11/site-packages/airflow/example_dags/plugins/workday.py for tasks to queue
[2023-12-16T12:45:29.545+0500] {logging_mixin.py:154} INFO - [2023-12-16T12:45:29.545+0500] {dagbag.py:536} INFO - Filling up the DagBag from /home/amina/miniconda/lib/python3.11/site-packages/airflow/example_dags/plugins/workday.py
[2023-12-16T12:45:29.547+0500] {logging_mixin.py:154} INFO - [2023-12-16T12:45:29.547+0500] {workday.py:36} WARNING - Could not import pandas. Holidays will not be considered.
[2023-12-16T12:45:29.548+0500] {processor.py:841} WARNING - No viable dags retrieved from /home/amina/miniconda/lib/python3.11/site-packages/airflow/example_dags/plugins/workday.py
[2023-12-16T12:45:29.556+0500] {processor.py:179} INFO - Processing /home/amina/miniconda/lib/python3.11/site-packages/airflow/example_dags/plugins/workday.py took 0.064 seconds
[2023-12-16T12:46:17.331+0500] {processor.py:157} INFO - Started process (PID=37433) to work on /home/amina/miniconda/lib/python3.11/site-packages/airflow/example_dags/plugins/workday.py
[2023-12-16T12:46:17.384+0500] {processor.py:829} INFO - Processing file /home/amina/miniconda/lib/python3.11/site-packages/airflow/example_dags/plugins/workday.py for tasks to queue
[2023-12-16T12:46:17.385+0500] {logging_mixin.py:154} INFO - [2023-12-16T12:46:17.385+0500] {dagbag.py:536} INFO - Filling up the DagBag from /home/amina/miniconda/lib/python3.11/site-packages/airflow/example_dags/plugins/workday.py
[2023-12-16T12:46:17.387+0500] {logging_mixin.py:154} INFO - [2023-12-16T12:46:17.387+0500] {workday.py:36} WARNING - Could not import pandas. Holidays will not be considered.
[2023-12-16T12:46:17.388+0500] {processor.py:841} WARNING - No viable dags retrieved from /home/amina/miniconda/lib/python3.11/site-packages/airflow/example_dags/plugins/workday.py
[2023-12-16T12:46:17.399+0500] {processor.py:179} INFO - Processing /home/amina/miniconda/lib/python3.11/site-packages/airflow/example_dags/plugins/workday.py took 0.070 seconds
[2023-12-16T12:47:08.736+0500] {processor.py:157} INFO - Started process (PID=37488) to work on /home/amina/miniconda/lib/python3.11/site-packages/airflow/example_dags/plugins/workday.py
[2023-12-16T12:47:08.769+0500] {processor.py:829} INFO - Processing file /home/amina/miniconda/lib/python3.11/site-packages/airflow/example_dags/plugins/workday.py for tasks to queue
[2023-12-16T12:47:08.770+0500] {logging_mixin.py:154} INFO - [2023-12-16T12:47:08.770+0500] {dagbag.py:536} INFO - Filling up the DagBag from /home/amina/miniconda/lib/python3.11/site-packages/airflow/example_dags/plugins/workday.py
[2023-12-16T12:47:08.772+0500] {logging_mixin.py:154} INFO - [2023-12-16T12:47:08.772+0500] {workday.py:36} WARNING - Could not import pandas. Holidays will not be considered.
[2023-12-16T12:47:08.773+0500] {processor.py:841} WARNING - No viable dags retrieved from /home/amina/miniconda/lib/python3.11/site-packages/airflow/example_dags/plugins/workday.py
[2023-12-16T12:47:08.782+0500] {processor.py:179} INFO - Processing /home/amina/miniconda/lib/python3.11/site-packages/airflow/example_dags/plugins/workday.py took 0.048 seconds
[2023-12-16T12:47:58.857+0500] {processor.py:157} INFO - Started process (PID=37545) to work on /home/amina/miniconda/lib/python3.11/site-packages/airflow/example_dags/plugins/workday.py
[2023-12-16T12:47:58.901+0500] {processor.py:829} INFO - Processing file /home/amina/miniconda/lib/python3.11/site-packages/airflow/example_dags/plugins/workday.py for tasks to queue
[2023-12-16T12:47:58.902+0500] {logging_mixin.py:154} INFO - [2023-12-16T12:47:58.901+0500] {dagbag.py:536} INFO - Filling up the DagBag from /home/amina/miniconda/lib/python3.11/site-packages/airflow/example_dags/plugins/workday.py
[2023-12-16T12:47:58.904+0500] {logging_mixin.py:154} INFO - [2023-12-16T12:47:58.904+0500] {workday.py:36} WARNING - Could not import pandas. Holidays will not be considered.
[2023-12-16T12:47:58.905+0500] {processor.py:841} WARNING - No viable dags retrieved from /home/amina/miniconda/lib/python3.11/site-packages/airflow/example_dags/plugins/workday.py
[2023-12-16T12:47:58.913+0500] {processor.py:179} INFO - Processing /home/amina/miniconda/lib/python3.11/site-packages/airflow/example_dags/plugins/workday.py took 0.059 seconds
[2023-12-16T12:48:52.091+0500] {processor.py:157} INFO - Started process (PID=37687) to work on /home/amina/miniconda/lib/python3.11/site-packages/airflow/example_dags/plugins/workday.py
[2023-12-16T12:48:52.110+0500] {processor.py:829} INFO - Processing file /home/amina/miniconda/lib/python3.11/site-packages/airflow/example_dags/plugins/workday.py for tasks to queue
[2023-12-16T12:48:52.111+0500] {logging_mixin.py:154} INFO - [2023-12-16T12:48:52.110+0500] {dagbag.py:536} INFO - Filling up the DagBag from /home/amina/miniconda/lib/python3.11/site-packages/airflow/example_dags/plugins/workday.py
[2023-12-16T12:48:52.113+0500] {logging_mixin.py:154} INFO - [2023-12-16T12:48:52.113+0500] {workday.py:36} WARNING - Could not import pandas. Holidays will not be considered.
[2023-12-16T12:48:52.114+0500] {processor.py:841} WARNING - No viable dags retrieved from /home/amina/miniconda/lib/python3.11/site-packages/airflow/example_dags/plugins/workday.py
[2023-12-16T12:48:52.123+0500] {processor.py:179} INFO - Processing /home/amina/miniconda/lib/python3.11/site-packages/airflow/example_dags/plugins/workday.py took 0.034 seconds
[2023-12-16T12:49:56.330+0500] {processor.py:157} INFO - Started process (PID=38348) to work on /home/amina/miniconda/lib/python3.11/site-packages/airflow/example_dags/plugins/workday.py
[2023-12-16T12:49:56.391+0500] {processor.py:829} INFO - Processing file /home/amina/miniconda/lib/python3.11/site-packages/airflow/example_dags/plugins/workday.py for tasks to queue
[2023-12-16T12:49:56.392+0500] {logging_mixin.py:154} INFO - [2023-12-16T12:49:56.392+0500] {dagbag.py:536} INFO - Filling up the DagBag from /home/amina/miniconda/lib/python3.11/site-packages/airflow/example_dags/plugins/workday.py
[2023-12-16T12:49:56.394+0500] {logging_mixin.py:154} INFO - [2023-12-16T12:49:56.394+0500] {workday.py:36} WARNING - Could not import pandas. Holidays will not be considered.
[2023-12-16T12:49:56.395+0500] {processor.py:841} WARNING - No viable dags retrieved from /home/amina/miniconda/lib/python3.11/site-packages/airflow/example_dags/plugins/workday.py
[2023-12-16T12:49:56.403+0500] {processor.py:179} INFO - Processing /home/amina/miniconda/lib/python3.11/site-packages/airflow/example_dags/plugins/workday.py took 0.077 seconds
[2023-12-16T12:51:03.747+0500] {processor.py:157} INFO - Started process (PID=38503) to work on /home/amina/miniconda/lib/python3.11/site-packages/airflow/example_dags/plugins/workday.py
[2023-12-16T12:51:03.757+0500] {processor.py:829} INFO - Processing file /home/amina/miniconda/lib/python3.11/site-packages/airflow/example_dags/plugins/workday.py for tasks to queue
[2023-12-16T12:51:03.758+0500] {logging_mixin.py:154} INFO - [2023-12-16T12:51:03.758+0500] {dagbag.py:536} INFO - Filling up the DagBag from /home/amina/miniconda/lib/python3.11/site-packages/airflow/example_dags/plugins/workday.py
[2023-12-16T12:51:03.761+0500] {logging_mixin.py:154} INFO - [2023-12-16T12:51:03.761+0500] {workday.py:36} WARNING - Could not import pandas. Holidays will not be considered.
[2023-12-16T12:51:03.762+0500] {processor.py:841} WARNING - No viable dags retrieved from /home/amina/miniconda/lib/python3.11/site-packages/airflow/example_dags/plugins/workday.py
[2023-12-16T12:51:03.774+0500] {processor.py:179} INFO - Processing /home/amina/miniconda/lib/python3.11/site-packages/airflow/example_dags/plugins/workday.py took 0.030 seconds
[2023-12-16T12:52:05.204+0500] {processor.py:157} INFO - Started process (PID=38553) to work on /home/amina/miniconda/lib/python3.11/site-packages/airflow/example_dags/plugins/workday.py
[2023-12-16T12:52:05.224+0500] {processor.py:829} INFO - Processing file /home/amina/miniconda/lib/python3.11/site-packages/airflow/example_dags/plugins/workday.py for tasks to queue
[2023-12-16T12:52:05.225+0500] {logging_mixin.py:154} INFO - [2023-12-16T12:52:05.225+0500] {dagbag.py:536} INFO - Filling up the DagBag from /home/amina/miniconda/lib/python3.11/site-packages/airflow/example_dags/plugins/workday.py
[2023-12-16T12:52:05.228+0500] {logging_mixin.py:154} INFO - [2023-12-16T12:52:05.228+0500] {workday.py:36} WARNING - Could not import pandas. Holidays will not be considered.
[2023-12-16T12:52:05.229+0500] {processor.py:841} WARNING - No viable dags retrieved from /home/amina/miniconda/lib/python3.11/site-packages/airflow/example_dags/plugins/workday.py
[2023-12-16T12:52:05.240+0500] {processor.py:179} INFO - Processing /home/amina/miniconda/lib/python3.11/site-packages/airflow/example_dags/plugins/workday.py took 0.040 seconds
[2023-12-16T12:52:59.910+0500] {processor.py:157} INFO - Started process (PID=38604) to work on /home/amina/miniconda/lib/python3.11/site-packages/airflow/example_dags/plugins/workday.py
[2023-12-16T12:52:59.927+0500] {processor.py:829} INFO - Processing file /home/amina/miniconda/lib/python3.11/site-packages/airflow/example_dags/plugins/workday.py for tasks to queue
[2023-12-16T12:52:59.929+0500] {logging_mixin.py:154} INFO - [2023-12-16T12:52:59.928+0500] {dagbag.py:536} INFO - Filling up the DagBag from /home/amina/miniconda/lib/python3.11/site-packages/airflow/example_dags/plugins/workday.py
[2023-12-16T12:52:59.932+0500] {logging_mixin.py:154} INFO - [2023-12-16T12:52:59.931+0500] {workday.py:36} WARNING - Could not import pandas. Holidays will not be considered.
[2023-12-16T12:52:59.932+0500] {processor.py:841} WARNING - No viable dags retrieved from /home/amina/miniconda/lib/python3.11/site-packages/airflow/example_dags/plugins/workday.py
[2023-12-16T12:53:00.772+0500] {processor.py:179} INFO - Processing /home/amina/miniconda/lib/python3.11/site-packages/airflow/example_dags/plugins/workday.py took 0.866 seconds
[2023-12-16T12:53:57.567+0500] {processor.py:157} INFO - Started process (PID=38758) to work on /home/amina/miniconda/lib/python3.11/site-packages/airflow/example_dags/plugins/workday.py
[2023-12-16T12:53:57.609+0500] {processor.py:829} INFO - Processing file /home/amina/miniconda/lib/python3.11/site-packages/airflow/example_dags/plugins/workday.py for tasks to queue
[2023-12-16T12:53:57.609+0500] {logging_mixin.py:154} INFO - [2023-12-16T12:53:57.609+0500] {dagbag.py:536} INFO - Filling up the DagBag from /home/amina/miniconda/lib/python3.11/site-packages/airflow/example_dags/plugins/workday.py
[2023-12-16T12:53:57.612+0500] {logging_mixin.py:154} INFO - [2023-12-16T12:53:57.612+0500] {workday.py:36} WARNING - Could not import pandas. Holidays will not be considered.
[2023-12-16T12:53:57.613+0500] {processor.py:841} WARNING - No viable dags retrieved from /home/amina/miniconda/lib/python3.11/site-packages/airflow/example_dags/plugins/workday.py
[2023-12-16T12:53:57.622+0500] {processor.py:179} INFO - Processing /home/amina/miniconda/lib/python3.11/site-packages/airflow/example_dags/plugins/workday.py took 0.057 seconds
[2023-12-16T12:54:37.628+0500] {processor.py:157} INFO - Started process (PID=39029) to work on /home/amina/miniconda/lib/python3.11/site-packages/airflow/example_dags/plugins/workday.py
[2023-12-16T12:54:37.668+0500] {processor.py:829} INFO - Processing file /home/amina/miniconda/lib/python3.11/site-packages/airflow/example_dags/plugins/workday.py for tasks to queue
[2023-12-16T12:54:37.669+0500] {logging_mixin.py:154} INFO - [2023-12-16T12:54:37.669+0500] {dagbag.py:536} INFO - Filling up the DagBag from /home/amina/miniconda/lib/python3.11/site-packages/airflow/example_dags/plugins/workday.py
[2023-12-16T12:54:37.672+0500] {logging_mixin.py:154} INFO - [2023-12-16T12:54:37.672+0500] {workday.py:36} WARNING - Could not import pandas. Holidays will not be considered.
[2023-12-16T12:54:37.673+0500] {processor.py:841} WARNING - No viable dags retrieved from /home/amina/miniconda/lib/python3.11/site-packages/airflow/example_dags/plugins/workday.py
[2023-12-16T12:54:37.684+0500] {processor.py:179} INFO - Processing /home/amina/miniconda/lib/python3.11/site-packages/airflow/example_dags/plugins/workday.py took 0.058 seconds
[2023-12-16T12:55:32.957+0500] {processor.py:157} INFO - Started process (PID=39076) to work on /home/amina/miniconda/lib/python3.11/site-packages/airflow/example_dags/plugins/workday.py
[2023-12-16T12:55:32.958+0500] {processor.py:829} INFO - Processing file /home/amina/miniconda/lib/python3.11/site-packages/airflow/example_dags/plugins/workday.py for tasks to queue
[2023-12-16T12:55:32.959+0500] {logging_mixin.py:154} INFO - [2023-12-16T12:55:32.959+0500] {dagbag.py:536} INFO - Filling up the DagBag from /home/amina/miniconda/lib/python3.11/site-packages/airflow/example_dags/plugins/workday.py
[2023-12-16T12:55:32.962+0500] {logging_mixin.py:154} INFO - [2023-12-16T12:55:32.961+0500] {workday.py:36} WARNING - Could not import pandas. Holidays will not be considered.
[2023-12-16T12:55:32.962+0500] {processor.py:841} WARNING - No viable dags retrieved from /home/amina/miniconda/lib/python3.11/site-packages/airflow/example_dags/plugins/workday.py
[2023-12-16T12:55:32.975+0500] {processor.py:179} INFO - Processing /home/amina/miniconda/lib/python3.11/site-packages/airflow/example_dags/plugins/workday.py took 0.020 seconds
[2023-12-16T12:56:23.968+0500] {processor.py:157} INFO - Started process (PID=39158) to work on /home/amina/miniconda/lib/python3.11/site-packages/airflow/example_dags/plugins/workday.py
[2023-12-16T12:56:23.969+0500] {processor.py:829} INFO - Processing file /home/amina/miniconda/lib/python3.11/site-packages/airflow/example_dags/plugins/workday.py for tasks to queue
[2023-12-16T12:56:23.970+0500] {logging_mixin.py:154} INFO - [2023-12-16T12:56:23.969+0500] {dagbag.py:536} INFO - Filling up the DagBag from /home/amina/miniconda/lib/python3.11/site-packages/airflow/example_dags/plugins/workday.py
[2023-12-16T12:56:23.973+0500] {logging_mixin.py:154} INFO - [2023-12-16T12:56:23.973+0500] {workday.py:36} WARNING - Could not import pandas. Holidays will not be considered.
[2023-12-16T12:56:23.974+0500] {processor.py:841} WARNING - No viable dags retrieved from /home/amina/miniconda/lib/python3.11/site-packages/airflow/example_dags/plugins/workday.py
[2023-12-16T12:56:23.985+0500] {processor.py:179} INFO - Processing /home/amina/miniconda/lib/python3.11/site-packages/airflow/example_dags/plugins/workday.py took 0.020 seconds
[2023-12-16T12:57:10.793+0500] {processor.py:157} INFO - Started process (PID=39199) to work on /home/amina/miniconda/lib/python3.11/site-packages/airflow/example_dags/plugins/workday.py
[2023-12-16T12:57:10.829+0500] {processor.py:829} INFO - Processing file /home/amina/miniconda/lib/python3.11/site-packages/airflow/example_dags/plugins/workday.py for tasks to queue
[2023-12-16T12:57:10.830+0500] {logging_mixin.py:154} INFO - [2023-12-16T12:57:10.829+0500] {dagbag.py:536} INFO - Filling up the DagBag from /home/amina/miniconda/lib/python3.11/site-packages/airflow/example_dags/plugins/workday.py
[2023-12-16T12:57:10.833+0500] {logging_mixin.py:154} INFO - [2023-12-16T12:57:10.833+0500] {workday.py:36} WARNING - Could not import pandas. Holidays will not be considered.
[2023-12-16T12:57:10.833+0500] {processor.py:841} WARNING - No viable dags retrieved from /home/amina/miniconda/lib/python3.11/site-packages/airflow/example_dags/plugins/workday.py
[2023-12-16T12:57:10.846+0500] {processor.py:179} INFO - Processing /home/amina/miniconda/lib/python3.11/site-packages/airflow/example_dags/plugins/workday.py took 0.056 seconds
[2023-12-16T12:58:02.101+0500] {processor.py:157} INFO - Started process (PID=39246) to work on /home/amina/miniconda/lib/python3.11/site-packages/airflow/example_dags/plugins/workday.py
[2023-12-16T12:58:02.122+0500] {processor.py:829} INFO - Processing file /home/amina/miniconda/lib/python3.11/site-packages/airflow/example_dags/plugins/workday.py for tasks to queue
[2023-12-16T12:58:02.123+0500] {logging_mixin.py:154} INFO - [2023-12-16T12:58:02.123+0500] {dagbag.py:536} INFO - Filling up the DagBag from /home/amina/miniconda/lib/python3.11/site-packages/airflow/example_dags/plugins/workday.py
[2023-12-16T12:58:02.126+0500] {logging_mixin.py:154} INFO - [2023-12-16T12:58:02.126+0500] {workday.py:36} WARNING - Could not import pandas. Holidays will not be considered.
[2023-12-16T12:58:02.126+0500] {processor.py:841} WARNING - No viable dags retrieved from /home/amina/miniconda/lib/python3.11/site-packages/airflow/example_dags/plugins/workday.py
[2023-12-16T12:58:02.136+0500] {processor.py:179} INFO - Processing /home/amina/miniconda/lib/python3.11/site-packages/airflow/example_dags/plugins/workday.py took 0.037 seconds
[2023-12-16T12:58:53.505+0500] {processor.py:157} INFO - Started process (PID=39296) to work on /home/amina/miniconda/lib/python3.11/site-packages/airflow/example_dags/plugins/workday.py
[2023-12-16T12:58:53.556+0500] {processor.py:829} INFO - Processing file /home/amina/miniconda/lib/python3.11/site-packages/airflow/example_dags/plugins/workday.py for tasks to queue
[2023-12-16T12:58:53.557+0500] {logging_mixin.py:154} INFO - [2023-12-16T12:58:53.556+0500] {dagbag.py:536} INFO - Filling up the DagBag from /home/amina/miniconda/lib/python3.11/site-packages/airflow/example_dags/plugins/workday.py
[2023-12-16T12:58:53.559+0500] {logging_mixin.py:154} INFO - [2023-12-16T12:58:53.559+0500] {workday.py:36} WARNING - Could not import pandas. Holidays will not be considered.
[2023-12-16T12:58:53.559+0500] {processor.py:841} WARNING - No viable dags retrieved from /home/amina/miniconda/lib/python3.11/site-packages/airflow/example_dags/plugins/workday.py
[2023-12-16T12:58:53.568+0500] {processor.py:179} INFO - Processing /home/amina/miniconda/lib/python3.11/site-packages/airflow/example_dags/plugins/workday.py took 0.065 seconds
[2023-12-16T12:59:45.732+0500] {processor.py:157} INFO - Started process (PID=39360) to work on /home/amina/miniconda/lib/python3.11/site-packages/airflow/example_dags/plugins/workday.py
[2023-12-16T12:59:45.763+0500] {processor.py:829} INFO - Processing file /home/amina/miniconda/lib/python3.11/site-packages/airflow/example_dags/plugins/workday.py for tasks to queue
[2023-12-16T12:59:45.765+0500] {logging_mixin.py:154} INFO - [2023-12-16T12:59:45.764+0500] {dagbag.py:536} INFO - Filling up the DagBag from /home/amina/miniconda/lib/python3.11/site-packages/airflow/example_dags/plugins/workday.py
[2023-12-16T12:59:45.768+0500] {logging_mixin.py:154} INFO - [2023-12-16T12:59:45.767+0500] {workday.py:36} WARNING - Could not import pandas. Holidays will not be considered.
[2023-12-16T12:59:45.768+0500] {processor.py:841} WARNING - No viable dags retrieved from /home/amina/miniconda/lib/python3.11/site-packages/airflow/example_dags/plugins/workday.py
[2023-12-16T12:59:45.780+0500] {processor.py:179} INFO - Processing /home/amina/miniconda/lib/python3.11/site-packages/airflow/example_dags/plugins/workday.py took 0.051 seconds
[2023-12-16T13:00:35.411+0500] {processor.py:157} INFO - Started process (PID=39404) to work on /home/amina/miniconda/lib/python3.11/site-packages/airflow/example_dags/plugins/workday.py
[2023-12-16T13:00:35.442+0500] {processor.py:829} INFO - Processing file /home/amina/miniconda/lib/python3.11/site-packages/airflow/example_dags/plugins/workday.py for tasks to queue
[2023-12-16T13:00:35.442+0500] {logging_mixin.py:154} INFO - [2023-12-16T13:00:35.442+0500] {dagbag.py:536} INFO - Filling up the DagBag from /home/amina/miniconda/lib/python3.11/site-packages/airflow/example_dags/plugins/workday.py
[2023-12-16T13:00:35.445+0500] {logging_mixin.py:154} INFO - [2023-12-16T13:00:35.444+0500] {workday.py:36} WARNING - Could not import pandas. Holidays will not be considered.
[2023-12-16T13:00:35.445+0500] {processor.py:841} WARNING - No viable dags retrieved from /home/amina/miniconda/lib/python3.11/site-packages/airflow/example_dags/plugins/workday.py
[2023-12-16T13:00:35.454+0500] {processor.py:179} INFO - Processing /home/amina/miniconda/lib/python3.11/site-packages/airflow/example_dags/plugins/workday.py took 0.045 seconds
[2023-12-16T13:01:24.670+0500] {processor.py:157} INFO - Started process (PID=39470) to work on /home/amina/miniconda/lib/python3.11/site-packages/airflow/example_dags/plugins/workday.py
[2023-12-16T13:01:24.700+0500] {processor.py:829} INFO - Processing file /home/amina/miniconda/lib/python3.11/site-packages/airflow/example_dags/plugins/workday.py for tasks to queue
[2023-12-16T13:01:24.701+0500] {logging_mixin.py:154} INFO - [2023-12-16T13:01:24.701+0500] {dagbag.py:536} INFO - Filling up the DagBag from /home/amina/miniconda/lib/python3.11/site-packages/airflow/example_dags/plugins/workday.py
[2023-12-16T13:01:24.704+0500] {logging_mixin.py:154} INFO - [2023-12-16T13:01:24.704+0500] {workday.py:36} WARNING - Could not import pandas. Holidays will not be considered.
[2023-12-16T13:01:24.704+0500] {processor.py:841} WARNING - No viable dags retrieved from /home/amina/miniconda/lib/python3.11/site-packages/airflow/example_dags/plugins/workday.py
[2023-12-16T13:01:24.714+0500] {processor.py:179} INFO - Processing /home/amina/miniconda/lib/python3.11/site-packages/airflow/example_dags/plugins/workday.py took 0.048 seconds
[2023-12-16T13:02:14.982+0500] {processor.py:157} INFO - Started process (PID=39537) to work on /home/amina/miniconda/lib/python3.11/site-packages/airflow/example_dags/plugins/workday.py
[2023-12-16T13:02:15.005+0500] {processor.py:829} INFO - Processing file /home/amina/miniconda/lib/python3.11/site-packages/airflow/example_dags/plugins/workday.py for tasks to queue
[2023-12-16T13:02:15.006+0500] {logging_mixin.py:154} INFO - [2023-12-16T13:02:15.006+0500] {dagbag.py:536} INFO - Filling up the DagBag from /home/amina/miniconda/lib/python3.11/site-packages/airflow/example_dags/plugins/workday.py
[2023-12-16T13:02:15.010+0500] {logging_mixin.py:154} INFO - [2023-12-16T13:02:15.010+0500] {workday.py:36} WARNING - Could not import pandas. Holidays will not be considered.
[2023-12-16T13:02:15.010+0500] {processor.py:841} WARNING - No viable dags retrieved from /home/amina/miniconda/lib/python3.11/site-packages/airflow/example_dags/plugins/workday.py
[2023-12-16T13:02:15.024+0500] {processor.py:179} INFO - Processing /home/amina/miniconda/lib/python3.11/site-packages/airflow/example_dags/plugins/workday.py took 0.044 seconds
[2023-12-16T13:03:04.267+0500] {processor.py:157} INFO - Started process (PID=39585) to work on /home/amina/miniconda/lib/python3.11/site-packages/airflow/example_dags/plugins/workday.py
[2023-12-16T13:03:04.286+0500] {processor.py:829} INFO - Processing file /home/amina/miniconda/lib/python3.11/site-packages/airflow/example_dags/plugins/workday.py for tasks to queue
[2023-12-16T13:03:04.287+0500] {logging_mixin.py:154} INFO - [2023-12-16T13:03:04.287+0500] {dagbag.py:536} INFO - Filling up the DagBag from /home/amina/miniconda/lib/python3.11/site-packages/airflow/example_dags/plugins/workday.py
[2023-12-16T13:03:04.289+0500] {logging_mixin.py:154} INFO - [2023-12-16T13:03:04.289+0500] {workday.py:36} WARNING - Could not import pandas. Holidays will not be considered.
[2023-12-16T13:03:04.290+0500] {processor.py:841} WARNING - No viable dags retrieved from /home/amina/miniconda/lib/python3.11/site-packages/airflow/example_dags/plugins/workday.py
[2023-12-16T13:03:04.300+0500] {processor.py:179} INFO - Processing /home/amina/miniconda/lib/python3.11/site-packages/airflow/example_dags/plugins/workday.py took 0.036 seconds
[2023-12-16T13:03:59.573+0500] {processor.py:157} INFO - Started process (PID=39832) to work on /home/amina/miniconda/lib/python3.11/site-packages/airflow/example_dags/plugins/workday.py
[2023-12-16T13:03:59.583+0500] {processor.py:829} INFO - Processing file /home/amina/miniconda/lib/python3.11/site-packages/airflow/example_dags/plugins/workday.py for tasks to queue
[2023-12-16T13:03:59.584+0500] {logging_mixin.py:154} INFO - [2023-12-16T13:03:59.584+0500] {dagbag.py:536} INFO - Filling up the DagBag from /home/amina/miniconda/lib/python3.11/site-packages/airflow/example_dags/plugins/workday.py
[2023-12-16T13:03:59.588+0500] {logging_mixin.py:154} INFO - [2023-12-16T13:03:59.587+0500] {workday.py:36} WARNING - Could not import pandas. Holidays will not be considered.
[2023-12-16T13:03:59.588+0500] {processor.py:841} WARNING - No viable dags retrieved from /home/amina/miniconda/lib/python3.11/site-packages/airflow/example_dags/plugins/workday.py
[2023-12-16T13:03:59.603+0500] {processor.py:179} INFO - Processing /home/amina/miniconda/lib/python3.11/site-packages/airflow/example_dags/plugins/workday.py took 0.035 seconds
[2023-12-16T13:04:55.205+0500] {processor.py:157} INFO - Started process (PID=39960) to work on /home/amina/miniconda/lib/python3.11/site-packages/airflow/example_dags/plugins/workday.py
[2023-12-16T13:04:55.241+0500] {processor.py:829} INFO - Processing file /home/amina/miniconda/lib/python3.11/site-packages/airflow/example_dags/plugins/workday.py for tasks to queue
[2023-12-16T13:04:55.242+0500] {logging_mixin.py:154} INFO - [2023-12-16T13:04:55.241+0500] {dagbag.py:536} INFO - Filling up the DagBag from /home/amina/miniconda/lib/python3.11/site-packages/airflow/example_dags/plugins/workday.py
[2023-12-16T13:04:55.244+0500] {logging_mixin.py:154} INFO - [2023-12-16T13:04:55.244+0500] {workday.py:36} WARNING - Could not import pandas. Holidays will not be considered.
[2023-12-16T13:04:55.245+0500] {processor.py:841} WARNING - No viable dags retrieved from /home/amina/miniconda/lib/python3.11/site-packages/airflow/example_dags/plugins/workday.py
[2023-12-16T13:04:55.255+0500] {processor.py:179} INFO - Processing /home/amina/miniconda/lib/python3.11/site-packages/airflow/example_dags/plugins/workday.py took 0.054 seconds
[2023-12-16T13:05:47.249+0500] {processor.py:157} INFO - Started process (PID=40023) to work on /home/amina/miniconda/lib/python3.11/site-packages/airflow/example_dags/plugins/workday.py
[2023-12-16T13:05:47.286+0500] {processor.py:829} INFO - Processing file /home/amina/miniconda/lib/python3.11/site-packages/airflow/example_dags/plugins/workday.py for tasks to queue
[2023-12-16T13:05:47.287+0500] {logging_mixin.py:154} INFO - [2023-12-16T13:05:47.286+0500] {dagbag.py:536} INFO - Filling up the DagBag from /home/amina/miniconda/lib/python3.11/site-packages/airflow/example_dags/plugins/workday.py
[2023-12-16T13:05:47.289+0500] {logging_mixin.py:154} INFO - [2023-12-16T13:05:47.289+0500] {workday.py:36} WARNING - Could not import pandas. Holidays will not be considered.
[2023-12-16T13:05:47.289+0500] {processor.py:841} WARNING - No viable dags retrieved from /home/amina/miniconda/lib/python3.11/site-packages/airflow/example_dags/plugins/workday.py
[2023-12-16T13:05:47.298+0500] {processor.py:179} INFO - Processing /home/amina/miniconda/lib/python3.11/site-packages/airflow/example_dags/plugins/workday.py took 0.052 seconds
[2023-12-16T13:06:35.069+0500] {processor.py:157} INFO - Started process (PID=40074) to work on /home/amina/miniconda/lib/python3.11/site-packages/airflow/example_dags/plugins/workday.py
[2023-12-16T13:06:35.111+0500] {processor.py:829} INFO - Processing file /home/amina/miniconda/lib/python3.11/site-packages/airflow/example_dags/plugins/workday.py for tasks to queue
[2023-12-16T13:06:35.112+0500] {logging_mixin.py:154} INFO - [2023-12-16T13:06:35.112+0500] {dagbag.py:536} INFO - Filling up the DagBag from /home/amina/miniconda/lib/python3.11/site-packages/airflow/example_dags/plugins/workday.py
[2023-12-16T13:06:35.115+0500] {logging_mixin.py:154} INFO - [2023-12-16T13:06:35.114+0500] {workday.py:36} WARNING - Could not import pandas. Holidays will not be considered.
[2023-12-16T13:06:35.115+0500] {processor.py:841} WARNING - No viable dags retrieved from /home/amina/miniconda/lib/python3.11/site-packages/airflow/example_dags/plugins/workday.py
[2023-12-16T13:06:35.124+0500] {processor.py:179} INFO - Processing /home/amina/miniconda/lib/python3.11/site-packages/airflow/example_dags/plugins/workday.py took 0.058 seconds
[2023-12-16T13:07:24.342+0500] {processor.py:157} INFO - Started process (PID=40123) to work on /home/amina/miniconda/lib/python3.11/site-packages/airflow/example_dags/plugins/workday.py
[2023-12-16T13:07:24.382+0500] {processor.py:829} INFO - Processing file /home/amina/miniconda/lib/python3.11/site-packages/airflow/example_dags/plugins/workday.py for tasks to queue
[2023-12-16T13:07:24.383+0500] {logging_mixin.py:154} INFO - [2023-12-16T13:07:24.382+0500] {dagbag.py:536} INFO - Filling up the DagBag from /home/amina/miniconda/lib/python3.11/site-packages/airflow/example_dags/plugins/workday.py
[2023-12-16T13:07:24.385+0500] {logging_mixin.py:154} INFO - [2023-12-16T13:07:24.385+0500] {workday.py:36} WARNING - Could not import pandas. Holidays will not be considered.
[2023-12-16T13:07:24.385+0500] {processor.py:841} WARNING - No viable dags retrieved from /home/amina/miniconda/lib/python3.11/site-packages/airflow/example_dags/plugins/workday.py
[2023-12-16T13:07:24.394+0500] {processor.py:179} INFO - Processing /home/amina/miniconda/lib/python3.11/site-packages/airflow/example_dags/plugins/workday.py took 0.055 seconds
