[2023-12-15T21:42:52.644+0500] {processor.py:157} INFO - Started process (PID=7464) to work on /home/amina/miniconda/lib/python3.11/site-packages/airflow/example_dags/plugins/event_listener.py
[2023-12-15T21:42:52.645+0500] {processor.py:829} INFO - Processing file /home/amina/miniconda/lib/python3.11/site-packages/airflow/example_dags/plugins/event_listener.py for tasks to queue
[2023-12-15T21:42:52.646+0500] {logging_mixin.py:154} INFO - [2023-12-15T21:42:52.646+0500] {dagbag.py:536} INFO - Filling up the DagBag from /home/amina/miniconda/lib/python3.11/site-packages/airflow/example_dags/plugins/event_listener.py
[2023-12-15T21:42:52.649+0500] {processor.py:841} WARNING - No viable dags retrieved from /home/amina/miniconda/lib/python3.11/site-packages/airflow/example_dags/plugins/event_listener.py
[2023-12-15T21:42:52.661+0500] {processor.py:179} INFO - Processing /home/amina/miniconda/lib/python3.11/site-packages/airflow/example_dags/plugins/event_listener.py took 0.019 seconds
[2023-12-15T21:43:52.012+0500] {processor.py:157} INFO - Started process (PID=7526) to work on /home/amina/miniconda/lib/python3.11/site-packages/airflow/example_dags/plugins/event_listener.py
[2023-12-15T21:43:52.026+0500] {processor.py:829} INFO - Processing file /home/amina/miniconda/lib/python3.11/site-packages/airflow/example_dags/plugins/event_listener.py for tasks to queue
[2023-12-15T21:43:52.027+0500] {logging_mixin.py:154} INFO - [2023-12-15T21:43:52.027+0500] {dagbag.py:536} INFO - Filling up the DagBag from /home/amina/miniconda/lib/python3.11/site-packages/airflow/example_dags/plugins/event_listener.py
[2023-12-15T21:43:52.029+0500] {processor.py:841} WARNING - No viable dags retrieved from /home/amina/miniconda/lib/python3.11/site-packages/airflow/example_dags/plugins/event_listener.py
[2023-12-15T21:43:52.040+0500] {processor.py:179} INFO - Processing /home/amina/miniconda/lib/python3.11/site-packages/airflow/example_dags/plugins/event_listener.py took 0.031 seconds
[2023-12-15T21:44:53.155+0500] {processor.py:157} INFO - Started process (PID=7593) to work on /home/amina/miniconda/lib/python3.11/site-packages/airflow/example_dags/plugins/event_listener.py
[2023-12-15T21:44:53.171+0500] {processor.py:829} INFO - Processing file /home/amina/miniconda/lib/python3.11/site-packages/airflow/example_dags/plugins/event_listener.py for tasks to queue
[2023-12-15T21:44:53.172+0500] {logging_mixin.py:154} INFO - [2023-12-15T21:44:53.171+0500] {dagbag.py:536} INFO - Filling up the DagBag from /home/amina/miniconda/lib/python3.11/site-packages/airflow/example_dags/plugins/event_listener.py
[2023-12-15T21:44:53.174+0500] {processor.py:841} WARNING - No viable dags retrieved from /home/amina/miniconda/lib/python3.11/site-packages/airflow/example_dags/plugins/event_listener.py
[2023-12-15T21:44:53.185+0500] {processor.py:179} INFO - Processing /home/amina/miniconda/lib/python3.11/site-packages/airflow/example_dags/plugins/event_listener.py took 0.032 seconds
[2023-12-15T21:47:43.422+0500] {processor.py:157} INFO - Started process (PID=7729) to work on /home/amina/miniconda/lib/python3.11/site-packages/airflow/example_dags/plugins/event_listener.py
[2023-12-15T21:47:43.466+0500] {processor.py:829} INFO - Processing file /home/amina/miniconda/lib/python3.11/site-packages/airflow/example_dags/plugins/event_listener.py for tasks to queue
[2023-12-15T21:47:43.469+0500] {logging_mixin.py:154} INFO - [2023-12-15T21:47:43.467+0500] {dagbag.py:536} INFO - Filling up the DagBag from /home/amina/miniconda/lib/python3.11/site-packages/airflow/example_dags/plugins/event_listener.py
[2023-12-15T21:47:43.472+0500] {processor.py:841} WARNING - No viable dags retrieved from /home/amina/miniconda/lib/python3.11/site-packages/airflow/example_dags/plugins/event_listener.py
[2023-12-15T21:47:43.488+0500] {processor.py:179} INFO - Processing /home/amina/miniconda/lib/python3.11/site-packages/airflow/example_dags/plugins/event_listener.py took 0.073 seconds
[2023-12-15T21:48:29.870+0500] {processor.py:157} INFO - Started process (PID=7794) to work on /home/amina/miniconda/lib/python3.11/site-packages/airflow/example_dags/plugins/event_listener.py
[2023-12-15T21:48:29.917+0500] {processor.py:829} INFO - Processing file /home/amina/miniconda/lib/python3.11/site-packages/airflow/example_dags/plugins/event_listener.py for tasks to queue
[2023-12-15T21:48:29.917+0500] {logging_mixin.py:154} INFO - [2023-12-15T21:48:29.917+0500] {dagbag.py:536} INFO - Filling up the DagBag from /home/amina/miniconda/lib/python3.11/site-packages/airflow/example_dags/plugins/event_listener.py
[2023-12-15T21:48:29.920+0500] {processor.py:841} WARNING - No viable dags retrieved from /home/amina/miniconda/lib/python3.11/site-packages/airflow/example_dags/plugins/event_listener.py
[2023-12-15T21:48:29.933+0500] {processor.py:179} INFO - Processing /home/amina/miniconda/lib/python3.11/site-packages/airflow/example_dags/plugins/event_listener.py took 0.066 seconds
[2023-12-15T21:49:05.889+0500] {processor.py:157} INFO - Started process (PID=7840) to work on /home/amina/miniconda/lib/python3.11/site-packages/airflow/example_dags/plugins/event_listener.py
[2023-12-15T21:49:05.920+0500] {processor.py:829} INFO - Processing file /home/amina/miniconda/lib/python3.11/site-packages/airflow/example_dags/plugins/event_listener.py for tasks to queue
[2023-12-15T21:49:05.921+0500] {logging_mixin.py:154} INFO - [2023-12-15T21:49:05.920+0500] {dagbag.py:536} INFO - Filling up the DagBag from /home/amina/miniconda/lib/python3.11/site-packages/airflow/example_dags/plugins/event_listener.py
[2023-12-15T21:49:05.923+0500] {processor.py:841} WARNING - No viable dags retrieved from /home/amina/miniconda/lib/python3.11/site-packages/airflow/example_dags/plugins/event_listener.py
[2023-12-15T21:49:05.933+0500] {processor.py:179} INFO - Processing /home/amina/miniconda/lib/python3.11/site-packages/airflow/example_dags/plugins/event_listener.py took 0.047 seconds
[2023-12-15T21:49:37.977+0500] {processor.py:157} INFO - Started process (PID=7874) to work on /home/amina/miniconda/lib/python3.11/site-packages/airflow/example_dags/plugins/event_listener.py
[2023-12-15T21:49:37.986+0500] {processor.py:829} INFO - Processing file /home/amina/miniconda/lib/python3.11/site-packages/airflow/example_dags/plugins/event_listener.py for tasks to queue
[2023-12-15T21:49:37.987+0500] {logging_mixin.py:154} INFO - [2023-12-15T21:49:37.987+0500] {dagbag.py:536} INFO - Filling up the DagBag from /home/amina/miniconda/lib/python3.11/site-packages/airflow/example_dags/plugins/event_listener.py
[2023-12-15T21:49:37.989+0500] {processor.py:841} WARNING - No viable dags retrieved from /home/amina/miniconda/lib/python3.11/site-packages/airflow/example_dags/plugins/event_listener.py
[2023-12-15T21:49:38.000+0500] {processor.py:179} INFO - Processing /home/amina/miniconda/lib/python3.11/site-packages/airflow/example_dags/plugins/event_listener.py took 0.025 seconds
[2023-12-15T21:50:09.983+0500] {processor.py:157} INFO - Started process (PID=7902) to work on /home/amina/miniconda/lib/python3.11/site-packages/airflow/example_dags/plugins/event_listener.py
[2023-12-15T21:50:09.984+0500] {processor.py:829} INFO - Processing file /home/amina/miniconda/lib/python3.11/site-packages/airflow/example_dags/plugins/event_listener.py for tasks to queue
[2023-12-15T21:50:09.985+0500] {logging_mixin.py:154} INFO - [2023-12-15T21:50:09.985+0500] {dagbag.py:536} INFO - Filling up the DagBag from /home/amina/miniconda/lib/python3.11/site-packages/airflow/example_dags/plugins/event_listener.py
[2023-12-15T21:50:09.988+0500] {processor.py:841} WARNING - No viable dags retrieved from /home/amina/miniconda/lib/python3.11/site-packages/airflow/example_dags/plugins/event_listener.py
[2023-12-15T21:50:10.001+0500] {processor.py:179} INFO - Processing /home/amina/miniconda/lib/python3.11/site-packages/airflow/example_dags/plugins/event_listener.py took 0.021 seconds
[2023-12-15T21:50:53.740+0500] {processor.py:157} INFO - Started process (PID=7942) to work on /home/amina/miniconda/lib/python3.11/site-packages/airflow/example_dags/plugins/event_listener.py
[2023-12-15T21:50:53.784+0500] {processor.py:829} INFO - Processing file /home/amina/miniconda/lib/python3.11/site-packages/airflow/example_dags/plugins/event_listener.py for tasks to queue
[2023-12-15T21:50:53.785+0500] {logging_mixin.py:154} INFO - [2023-12-15T21:50:53.785+0500] {dagbag.py:536} INFO - Filling up the DagBag from /home/amina/miniconda/lib/python3.11/site-packages/airflow/example_dags/plugins/event_listener.py
[2023-12-15T21:50:53.788+0500] {processor.py:841} WARNING - No viable dags retrieved from /home/amina/miniconda/lib/python3.11/site-packages/airflow/example_dags/plugins/event_listener.py
[2023-12-15T21:50:53.798+0500] {processor.py:179} INFO - Processing /home/amina/miniconda/lib/python3.11/site-packages/airflow/example_dags/plugins/event_listener.py took 0.062 seconds
[2023-12-15T21:51:44.893+0500] {processor.py:157} INFO - Started process (PID=8061) to work on /home/amina/miniconda/lib/python3.11/site-packages/airflow/example_dags/plugins/event_listener.py
[2023-12-15T21:51:44.905+0500] {processor.py:829} INFO - Processing file /home/amina/miniconda/lib/python3.11/site-packages/airflow/example_dags/plugins/event_listener.py for tasks to queue
[2023-12-15T21:51:44.906+0500] {logging_mixin.py:154} INFO - [2023-12-15T21:51:44.906+0500] {dagbag.py:536} INFO - Filling up the DagBag from /home/amina/miniconda/lib/python3.11/site-packages/airflow/example_dags/plugins/event_listener.py
[2023-12-15T21:51:44.908+0500] {processor.py:841} WARNING - No viable dags retrieved from /home/amina/miniconda/lib/python3.11/site-packages/airflow/example_dags/plugins/event_listener.py
[2023-12-15T21:51:44.920+0500] {processor.py:179} INFO - Processing /home/amina/miniconda/lib/python3.11/site-packages/airflow/example_dags/plugins/event_listener.py took 0.031 seconds
[2023-12-15T21:52:42.271+0500] {processor.py:157} INFO - Started process (PID=8111) to work on /home/amina/miniconda/lib/python3.11/site-packages/airflow/example_dags/plugins/event_listener.py
[2023-12-15T21:52:42.309+0500] {processor.py:829} INFO - Processing file /home/amina/miniconda/lib/python3.11/site-packages/airflow/example_dags/plugins/event_listener.py for tasks to queue
[2023-12-15T21:52:42.310+0500] {logging_mixin.py:154} INFO - [2023-12-15T21:52:42.310+0500] {dagbag.py:536} INFO - Filling up the DagBag from /home/amina/miniconda/lib/python3.11/site-packages/airflow/example_dags/plugins/event_listener.py
[2023-12-15T21:52:42.312+0500] {processor.py:841} WARNING - No viable dags retrieved from /home/amina/miniconda/lib/python3.11/site-packages/airflow/example_dags/plugins/event_listener.py
[2023-12-15T21:52:42.321+0500] {processor.py:179} INFO - Processing /home/amina/miniconda/lib/python3.11/site-packages/airflow/example_dags/plugins/event_listener.py took 0.054 seconds
[2023-12-15T21:53:21.519+0500] {processor.py:157} INFO - Started process (PID=8155) to work on /home/amina/miniconda/lib/python3.11/site-packages/airflow/example_dags/plugins/event_listener.py
[2023-12-15T21:53:21.538+0500] {processor.py:829} INFO - Processing file /home/amina/miniconda/lib/python3.11/site-packages/airflow/example_dags/plugins/event_listener.py for tasks to queue
[2023-12-15T21:53:21.539+0500] {logging_mixin.py:154} INFO - [2023-12-15T21:53:21.539+0500] {dagbag.py:536} INFO - Filling up the DagBag from /home/amina/miniconda/lib/python3.11/site-packages/airflow/example_dags/plugins/event_listener.py
[2023-12-15T21:53:21.541+0500] {processor.py:841} WARNING - No viable dags retrieved from /home/amina/miniconda/lib/python3.11/site-packages/airflow/example_dags/plugins/event_listener.py
[2023-12-15T21:53:21.551+0500] {processor.py:179} INFO - Processing /home/amina/miniconda/lib/python3.11/site-packages/airflow/example_dags/plugins/event_listener.py took 0.034 seconds
[2023-12-15T21:54:13.166+0500] {processor.py:157} INFO - Started process (PID=8216) to work on /home/amina/miniconda/lib/python3.11/site-packages/airflow/example_dags/plugins/event_listener.py
[2023-12-15T21:54:13.210+0500] {processor.py:829} INFO - Processing file /home/amina/miniconda/lib/python3.11/site-packages/airflow/example_dags/plugins/event_listener.py for tasks to queue
[2023-12-15T21:54:13.211+0500] {logging_mixin.py:154} INFO - [2023-12-15T21:54:13.211+0500] {dagbag.py:536} INFO - Filling up the DagBag from /home/amina/miniconda/lib/python3.11/site-packages/airflow/example_dags/plugins/event_listener.py
[2023-12-15T21:54:13.213+0500] {processor.py:841} WARNING - No viable dags retrieved from /home/amina/miniconda/lib/python3.11/site-packages/airflow/example_dags/plugins/event_listener.py
[2023-12-15T21:54:13.222+0500] {processor.py:179} INFO - Processing /home/amina/miniconda/lib/python3.11/site-packages/airflow/example_dags/plugins/event_listener.py took 0.058 seconds
[2023-12-15T21:54:57.218+0500] {processor.py:157} INFO - Started process (PID=8271) to work on /home/amina/miniconda/lib/python3.11/site-packages/airflow/example_dags/plugins/event_listener.py
[2023-12-15T21:54:57.280+0500] {processor.py:829} INFO - Processing file /home/amina/miniconda/lib/python3.11/site-packages/airflow/example_dags/plugins/event_listener.py for tasks to queue
[2023-12-15T21:54:57.280+0500] {logging_mixin.py:154} INFO - [2023-12-15T21:54:57.280+0500] {dagbag.py:536} INFO - Filling up the DagBag from /home/amina/miniconda/lib/python3.11/site-packages/airflow/example_dags/plugins/event_listener.py
[2023-12-15T21:54:57.282+0500] {processor.py:841} WARNING - No viable dags retrieved from /home/amina/miniconda/lib/python3.11/site-packages/airflow/example_dags/plugins/event_listener.py
[2023-12-15T21:54:57.292+0500] {processor.py:179} INFO - Processing /home/amina/miniconda/lib/python3.11/site-packages/airflow/example_dags/plugins/event_listener.py took 0.076 seconds
[2023-12-15T21:55:41.095+0500] {processor.py:157} INFO - Started process (PID=8319) to work on /home/amina/miniconda/lib/python3.11/site-packages/airflow/example_dags/plugins/event_listener.py
[2023-12-15T21:55:41.134+0500] {processor.py:829} INFO - Processing file /home/amina/miniconda/lib/python3.11/site-packages/airflow/example_dags/plugins/event_listener.py for tasks to queue
[2023-12-15T21:55:41.135+0500] {logging_mixin.py:154} INFO - [2023-12-15T21:55:41.134+0500] {dagbag.py:536} INFO - Filling up the DagBag from /home/amina/miniconda/lib/python3.11/site-packages/airflow/example_dags/plugins/event_listener.py
[2023-12-15T21:55:41.137+0500] {processor.py:841} WARNING - No viable dags retrieved from /home/amina/miniconda/lib/python3.11/site-packages/airflow/example_dags/plugins/event_listener.py
[2023-12-15T21:55:41.146+0500] {processor.py:179} INFO - Processing /home/amina/miniconda/lib/python3.11/site-packages/airflow/example_dags/plugins/event_listener.py took 0.055 seconds
[2023-12-15T21:56:31.127+0500] {processor.py:157} INFO - Started process (PID=8368) to work on /home/amina/miniconda/lib/python3.11/site-packages/airflow/example_dags/plugins/event_listener.py
[2023-12-15T21:56:31.128+0500] {processor.py:829} INFO - Processing file /home/amina/miniconda/lib/python3.11/site-packages/airflow/example_dags/plugins/event_listener.py for tasks to queue
[2023-12-15T21:56:31.129+0500] {logging_mixin.py:154} INFO - [2023-12-15T21:56:31.128+0500] {dagbag.py:536} INFO - Filling up the DagBag from /home/amina/miniconda/lib/python3.11/site-packages/airflow/example_dags/plugins/event_listener.py
[2023-12-15T21:56:31.131+0500] {processor.py:841} WARNING - No viable dags retrieved from /home/amina/miniconda/lib/python3.11/site-packages/airflow/example_dags/plugins/event_listener.py
[2023-12-15T21:56:31.141+0500] {processor.py:179} INFO - Processing /home/amina/miniconda/lib/python3.11/site-packages/airflow/example_dags/plugins/event_listener.py took 0.017 seconds
[2023-12-15T21:57:23.624+0500] {processor.py:157} INFO - Started process (PID=8431) to work on /home/amina/miniconda/lib/python3.11/site-packages/airflow/example_dags/plugins/event_listener.py
[2023-12-15T21:57:23.666+0500] {processor.py:829} INFO - Processing file /home/amina/miniconda/lib/python3.11/site-packages/airflow/example_dags/plugins/event_listener.py for tasks to queue
[2023-12-15T21:57:23.667+0500] {logging_mixin.py:154} INFO - [2023-12-15T21:57:23.667+0500] {dagbag.py:536} INFO - Filling up the DagBag from /home/amina/miniconda/lib/python3.11/site-packages/airflow/example_dags/plugins/event_listener.py
[2023-12-15T21:57:23.669+0500] {processor.py:841} WARNING - No viable dags retrieved from /home/amina/miniconda/lib/python3.11/site-packages/airflow/example_dags/plugins/event_listener.py
[2023-12-15T21:57:23.679+0500] {processor.py:179} INFO - Processing /home/amina/miniconda/lib/python3.11/site-packages/airflow/example_dags/plugins/event_listener.py took 0.058 seconds
[2023-12-15T21:58:17.929+0500] {processor.py:157} INFO - Started process (PID=8489) to work on /home/amina/miniconda/lib/python3.11/site-packages/airflow/example_dags/plugins/event_listener.py
[2023-12-15T21:58:17.955+0500] {processor.py:829} INFO - Processing file /home/amina/miniconda/lib/python3.11/site-packages/airflow/example_dags/plugins/event_listener.py for tasks to queue
[2023-12-15T21:58:17.956+0500] {logging_mixin.py:154} INFO - [2023-12-15T21:58:17.956+0500] {dagbag.py:536} INFO - Filling up the DagBag from /home/amina/miniconda/lib/python3.11/site-packages/airflow/example_dags/plugins/event_listener.py
[2023-12-15T21:58:17.958+0500] {processor.py:841} WARNING - No viable dags retrieved from /home/amina/miniconda/lib/python3.11/site-packages/airflow/example_dags/plugins/event_listener.py
[2023-12-15T21:58:17.968+0500] {processor.py:179} INFO - Processing /home/amina/miniconda/lib/python3.11/site-packages/airflow/example_dags/plugins/event_listener.py took 0.043 seconds
[2023-12-15T21:59:12.998+0500] {processor.py:157} INFO - Started process (PID=8547) to work on /home/amina/miniconda/lib/python3.11/site-packages/airflow/example_dags/plugins/event_listener.py
[2023-12-15T21:59:13.033+0500] {processor.py:829} INFO - Processing file /home/amina/miniconda/lib/python3.11/site-packages/airflow/example_dags/plugins/event_listener.py for tasks to queue
[2023-12-15T21:59:13.034+0500] {logging_mixin.py:154} INFO - [2023-12-15T21:59:13.034+0500] {dagbag.py:536} INFO - Filling up the DagBag from /home/amina/miniconda/lib/python3.11/site-packages/airflow/example_dags/plugins/event_listener.py
[2023-12-15T21:59:13.036+0500] {processor.py:841} WARNING - No viable dags retrieved from /home/amina/miniconda/lib/python3.11/site-packages/airflow/example_dags/plugins/event_listener.py
[2023-12-15T21:59:13.046+0500] {processor.py:179} INFO - Processing /home/amina/miniconda/lib/python3.11/site-packages/airflow/example_dags/plugins/event_listener.py took 0.050 seconds
[2023-12-15T22:00:04.436+0500] {processor.py:157} INFO - Started process (PID=8611) to work on /home/amina/miniconda/lib/python3.11/site-packages/airflow/example_dags/plugins/event_listener.py
[2023-12-15T22:00:04.454+0500] {processor.py:829} INFO - Processing file /home/amina/miniconda/lib/python3.11/site-packages/airflow/example_dags/plugins/event_listener.py for tasks to queue
[2023-12-15T22:00:04.455+0500] {logging_mixin.py:154} INFO - [2023-12-15T22:00:04.455+0500] {dagbag.py:536} INFO - Filling up the DagBag from /home/amina/miniconda/lib/python3.11/site-packages/airflow/example_dags/plugins/event_listener.py
[2023-12-15T22:00:04.458+0500] {processor.py:841} WARNING - No viable dags retrieved from /home/amina/miniconda/lib/python3.11/site-packages/airflow/example_dags/plugins/event_listener.py
[2023-12-15T22:00:04.476+0500] {processor.py:179} INFO - Processing /home/amina/miniconda/lib/python3.11/site-packages/airflow/example_dags/plugins/event_listener.py took 0.046 seconds
[2023-12-15T22:01:01.607+0500] {processor.py:157} INFO - Started process (PID=8684) to work on /home/amina/miniconda/lib/python3.11/site-packages/airflow/example_dags/plugins/event_listener.py
[2023-12-15T22:01:01.631+0500] {processor.py:829} INFO - Processing file /home/amina/miniconda/lib/python3.11/site-packages/airflow/example_dags/plugins/event_listener.py for tasks to queue
[2023-12-15T22:01:01.633+0500] {logging_mixin.py:154} INFO - [2023-12-15T22:01:01.632+0500] {dagbag.py:536} INFO - Filling up the DagBag from /home/amina/miniconda/lib/python3.11/site-packages/airflow/example_dags/plugins/event_listener.py
[2023-12-15T22:01:01.636+0500] {processor.py:841} WARNING - No viable dags retrieved from /home/amina/miniconda/lib/python3.11/site-packages/airflow/example_dags/plugins/event_listener.py
[2023-12-15T22:01:01.648+0500] {processor.py:179} INFO - Processing /home/amina/miniconda/lib/python3.11/site-packages/airflow/example_dags/plugins/event_listener.py took 0.044 seconds
[2023-12-15T22:01:51.067+0500] {processor.py:157} INFO - Started process (PID=8745) to work on /home/amina/miniconda/lib/python3.11/site-packages/airflow/example_dags/plugins/event_listener.py
[2023-12-15T22:01:51.110+0500] {processor.py:829} INFO - Processing file /home/amina/miniconda/lib/python3.11/site-packages/airflow/example_dags/plugins/event_listener.py for tasks to queue
[2023-12-15T22:01:51.111+0500] {logging_mixin.py:154} INFO - [2023-12-15T22:01:51.111+0500] {dagbag.py:536} INFO - Filling up the DagBag from /home/amina/miniconda/lib/python3.11/site-packages/airflow/example_dags/plugins/event_listener.py
[2023-12-15T22:01:51.113+0500] {processor.py:841} WARNING - No viable dags retrieved from /home/amina/miniconda/lib/python3.11/site-packages/airflow/example_dags/plugins/event_listener.py
[2023-12-15T22:01:51.122+0500] {processor.py:179} INFO - Processing /home/amina/miniconda/lib/python3.11/site-packages/airflow/example_dags/plugins/event_listener.py took 0.058 seconds
[2023-12-15T22:02:43.197+0500] {processor.py:157} INFO - Started process (PID=8808) to work on /home/amina/miniconda/lib/python3.11/site-packages/airflow/example_dags/plugins/event_listener.py
[2023-12-15T22:02:43.202+0500] {processor.py:829} INFO - Processing file /home/amina/miniconda/lib/python3.11/site-packages/airflow/example_dags/plugins/event_listener.py for tasks to queue
[2023-12-15T22:02:43.203+0500] {logging_mixin.py:154} INFO - [2023-12-15T22:02:43.203+0500] {dagbag.py:536} INFO - Filling up the DagBag from /home/amina/miniconda/lib/python3.11/site-packages/airflow/example_dags/plugins/event_listener.py
[2023-12-15T22:02:43.206+0500] {processor.py:841} WARNING - No viable dags retrieved from /home/amina/miniconda/lib/python3.11/site-packages/airflow/example_dags/plugins/event_listener.py
[2023-12-15T22:02:43.216+0500] {processor.py:179} INFO - Processing /home/amina/miniconda/lib/python3.11/site-packages/airflow/example_dags/plugins/event_listener.py took 0.022 seconds
[2023-12-15T22:03:42.254+0500] {processor.py:157} INFO - Started process (PID=8873) to work on /home/amina/miniconda/lib/python3.11/site-packages/airflow/example_dags/plugins/event_listener.py
[2023-12-15T22:03:42.256+0500] {processor.py:829} INFO - Processing file /home/amina/miniconda/lib/python3.11/site-packages/airflow/example_dags/plugins/event_listener.py for tasks to queue
[2023-12-15T22:03:42.257+0500] {logging_mixin.py:154} INFO - [2023-12-15T22:03:42.257+0500] {dagbag.py:536} INFO - Filling up the DagBag from /home/amina/miniconda/lib/python3.11/site-packages/airflow/example_dags/plugins/event_listener.py
[2023-12-15T22:03:42.261+0500] {processor.py:841} WARNING - No viable dags retrieved from /home/amina/miniconda/lib/python3.11/site-packages/airflow/example_dags/plugins/event_listener.py
[2023-12-15T22:03:42.284+0500] {processor.py:179} INFO - Processing /home/amina/miniconda/lib/python3.11/site-packages/airflow/example_dags/plugins/event_listener.py took 0.042 seconds
[2023-12-15T22:04:20.108+0500] {processor.py:157} INFO - Started process (PID=8916) to work on /home/amina/miniconda/lib/python3.11/site-packages/airflow/example_dags/plugins/event_listener.py
[2023-12-15T22:04:20.130+0500] {processor.py:829} INFO - Processing file /home/amina/miniconda/lib/python3.11/site-packages/airflow/example_dags/plugins/event_listener.py for tasks to queue
[2023-12-15T22:04:20.131+0500] {logging_mixin.py:154} INFO - [2023-12-15T22:04:20.130+0500] {dagbag.py:536} INFO - Filling up the DagBag from /home/amina/miniconda/lib/python3.11/site-packages/airflow/example_dags/plugins/event_listener.py
[2023-12-15T22:04:20.133+0500] {processor.py:841} WARNING - No viable dags retrieved from /home/amina/miniconda/lib/python3.11/site-packages/airflow/example_dags/plugins/event_listener.py
[2023-12-15T22:04:20.144+0500] {processor.py:179} INFO - Processing /home/amina/miniconda/lib/python3.11/site-packages/airflow/example_dags/plugins/event_listener.py took 0.040 seconds
[2023-12-15T22:04:54.441+0500] {processor.py:157} INFO - Started process (PID=8956) to work on /home/amina/miniconda/lib/python3.11/site-packages/airflow/example_dags/plugins/event_listener.py
[2023-12-15T22:04:54.460+0500] {processor.py:829} INFO - Processing file /home/amina/miniconda/lib/python3.11/site-packages/airflow/example_dags/plugins/event_listener.py for tasks to queue
[2023-12-15T22:04:54.461+0500] {logging_mixin.py:154} INFO - [2023-12-15T22:04:54.461+0500] {dagbag.py:536} INFO - Filling up the DagBag from /home/amina/miniconda/lib/python3.11/site-packages/airflow/example_dags/plugins/event_listener.py
[2023-12-15T22:04:54.464+0500] {processor.py:841} WARNING - No viable dags retrieved from /home/amina/miniconda/lib/python3.11/site-packages/airflow/example_dags/plugins/event_listener.py
[2023-12-15T22:04:54.473+0500] {processor.py:179} INFO - Processing /home/amina/miniconda/lib/python3.11/site-packages/airflow/example_dags/plugins/event_listener.py took 0.035 seconds
[2023-12-15T22:05:55.651+0500] {processor.py:157} INFO - Started process (PID=9021) to work on /home/amina/miniconda/lib/python3.11/site-packages/airflow/example_dags/plugins/event_listener.py
[2023-12-15T22:05:55.686+0500] {processor.py:829} INFO - Processing file /home/amina/miniconda/lib/python3.11/site-packages/airflow/example_dags/plugins/event_listener.py for tasks to queue
[2023-12-15T22:05:55.687+0500] {logging_mixin.py:154} INFO - [2023-12-15T22:05:55.687+0500] {dagbag.py:536} INFO - Filling up the DagBag from /home/amina/miniconda/lib/python3.11/site-packages/airflow/example_dags/plugins/event_listener.py
[2023-12-15T22:05:55.689+0500] {processor.py:841} WARNING - No viable dags retrieved from /home/amina/miniconda/lib/python3.11/site-packages/airflow/example_dags/plugins/event_listener.py
[2023-12-15T22:05:55.700+0500] {processor.py:179} INFO - Processing /home/amina/miniconda/lib/python3.11/site-packages/airflow/example_dags/plugins/event_listener.py took 0.053 seconds
[2023-12-15T22:06:53.770+0500] {processor.py:157} INFO - Started process (PID=9075) to work on /home/amina/miniconda/lib/python3.11/site-packages/airflow/example_dags/plugins/event_listener.py
[2023-12-15T22:06:53.809+0500] {processor.py:829} INFO - Processing file /home/amina/miniconda/lib/python3.11/site-packages/airflow/example_dags/plugins/event_listener.py for tasks to queue
[2023-12-15T22:06:53.810+0500] {logging_mixin.py:154} INFO - [2023-12-15T22:06:53.810+0500] {dagbag.py:536} INFO - Filling up the DagBag from /home/amina/miniconda/lib/python3.11/site-packages/airflow/example_dags/plugins/event_listener.py
[2023-12-15T22:06:53.812+0500] {processor.py:841} WARNING - No viable dags retrieved from /home/amina/miniconda/lib/python3.11/site-packages/airflow/example_dags/plugins/event_listener.py
[2023-12-15T22:06:53.821+0500] {processor.py:179} INFO - Processing /home/amina/miniconda/lib/python3.11/site-packages/airflow/example_dags/plugins/event_listener.py took 0.054 seconds
[2023-12-15T22:07:27.398+0500] {processor.py:157} INFO - Started process (PID=9107) to work on /home/amina/miniconda/lib/python3.11/site-packages/airflow/example_dags/plugins/event_listener.py
[2023-12-15T22:07:27.420+0500] {processor.py:829} INFO - Processing file /home/amina/miniconda/lib/python3.11/site-packages/airflow/example_dags/plugins/event_listener.py for tasks to queue
[2023-12-15T22:07:27.421+0500] {logging_mixin.py:154} INFO - [2023-12-15T22:07:27.421+0500] {dagbag.py:536} INFO - Filling up the DagBag from /home/amina/miniconda/lib/python3.11/site-packages/airflow/example_dags/plugins/event_listener.py
[2023-12-15T22:07:27.424+0500] {processor.py:841} WARNING - No viable dags retrieved from /home/amina/miniconda/lib/python3.11/site-packages/airflow/example_dags/plugins/event_listener.py
[2023-12-15T22:07:27.437+0500] {processor.py:179} INFO - Processing /home/amina/miniconda/lib/python3.11/site-packages/airflow/example_dags/plugins/event_listener.py took 0.041 seconds
[2023-12-15T22:08:00.237+0500] {processor.py:157} INFO - Started process (PID=9145) to work on /home/amina/miniconda/lib/python3.11/site-packages/airflow/example_dags/plugins/event_listener.py
[2023-12-15T22:08:00.238+0500] {processor.py:829} INFO - Processing file /home/amina/miniconda/lib/python3.11/site-packages/airflow/example_dags/plugins/event_listener.py for tasks to queue
[2023-12-15T22:08:00.239+0500] {logging_mixin.py:154} INFO - [2023-12-15T22:08:00.238+0500] {dagbag.py:536} INFO - Filling up the DagBag from /home/amina/miniconda/lib/python3.11/site-packages/airflow/example_dags/plugins/event_listener.py
[2023-12-15T22:08:00.241+0500] {processor.py:841} WARNING - No viable dags retrieved from /home/amina/miniconda/lib/python3.11/site-packages/airflow/example_dags/plugins/event_listener.py
[2023-12-15T22:08:00.250+0500] {processor.py:179} INFO - Processing /home/amina/miniconda/lib/python3.11/site-packages/airflow/example_dags/plugins/event_listener.py took 0.017 seconds
[2023-12-15T22:09:02.904+0500] {processor.py:157} INFO - Started process (PID=9218) to work on /home/amina/miniconda/lib/python3.11/site-packages/airflow/example_dags/plugins/event_listener.py
[2023-12-15T22:09:02.938+0500] {processor.py:829} INFO - Processing file /home/amina/miniconda/lib/python3.11/site-packages/airflow/example_dags/plugins/event_listener.py for tasks to queue
[2023-12-15T22:09:02.939+0500] {logging_mixin.py:154} INFO - [2023-12-15T22:09:02.938+0500] {dagbag.py:536} INFO - Filling up the DagBag from /home/amina/miniconda/lib/python3.11/site-packages/airflow/example_dags/plugins/event_listener.py
[2023-12-15T22:09:02.941+0500] {processor.py:841} WARNING - No viable dags retrieved from /home/amina/miniconda/lib/python3.11/site-packages/airflow/example_dags/plugins/event_listener.py
[2023-12-15T22:09:02.952+0500] {processor.py:179} INFO - Processing /home/amina/miniconda/lib/python3.11/site-packages/airflow/example_dags/plugins/event_listener.py took 0.051 seconds
[2023-12-15T22:10:02.109+0500] {processor.py:157} INFO - Started process (PID=9278) to work on /home/amina/miniconda/lib/python3.11/site-packages/airflow/example_dags/plugins/event_listener.py
[2023-12-15T22:10:02.110+0500] {processor.py:829} INFO - Processing file /home/amina/miniconda/lib/python3.11/site-packages/airflow/example_dags/plugins/event_listener.py for tasks to queue
[2023-12-15T22:10:02.111+0500] {logging_mixin.py:154} INFO - [2023-12-15T22:10:02.111+0500] {dagbag.py:536} INFO - Filling up the DagBag from /home/amina/miniconda/lib/python3.11/site-packages/airflow/example_dags/plugins/event_listener.py
[2023-12-15T22:10:02.113+0500] {processor.py:841} WARNING - No viable dags retrieved from /home/amina/miniconda/lib/python3.11/site-packages/airflow/example_dags/plugins/event_listener.py
[2023-12-15T22:10:02.124+0500] {processor.py:179} INFO - Processing /home/amina/miniconda/lib/python3.11/site-packages/airflow/example_dags/plugins/event_listener.py took 0.019 seconds
[2023-12-15T22:10:38.178+0500] {processor.py:157} INFO - Started process (PID=9313) to work on /home/amina/miniconda/lib/python3.11/site-packages/airflow/example_dags/plugins/event_listener.py
[2023-12-15T22:10:38.192+0500] {processor.py:829} INFO - Processing file /home/amina/miniconda/lib/python3.11/site-packages/airflow/example_dags/plugins/event_listener.py for tasks to queue
[2023-12-15T22:10:38.193+0500] {logging_mixin.py:154} INFO - [2023-12-15T22:10:38.193+0500] {dagbag.py:536} INFO - Filling up the DagBag from /home/amina/miniconda/lib/python3.11/site-packages/airflow/example_dags/plugins/event_listener.py
[2023-12-15T22:10:38.195+0500] {processor.py:841} WARNING - No viable dags retrieved from /home/amina/miniconda/lib/python3.11/site-packages/airflow/example_dags/plugins/event_listener.py
[2023-12-15T22:10:38.206+0500] {processor.py:179} INFO - Processing /home/amina/miniconda/lib/python3.11/site-packages/airflow/example_dags/plugins/event_listener.py took 0.031 seconds
[2023-12-15T22:11:10.057+0500] {processor.py:157} INFO - Started process (PID=9347) to work on /home/amina/miniconda/lib/python3.11/site-packages/airflow/example_dags/plugins/event_listener.py
[2023-12-15T22:11:10.058+0500] {processor.py:829} INFO - Processing file /home/amina/miniconda/lib/python3.11/site-packages/airflow/example_dags/plugins/event_listener.py for tasks to queue
[2023-12-15T22:11:10.059+0500] {logging_mixin.py:154} INFO - [2023-12-15T22:11:10.058+0500] {dagbag.py:536} INFO - Filling up the DagBag from /home/amina/miniconda/lib/python3.11/site-packages/airflow/example_dags/plugins/event_listener.py
[2023-12-15T22:11:10.062+0500] {processor.py:841} WARNING - No viable dags retrieved from /home/amina/miniconda/lib/python3.11/site-packages/airflow/example_dags/plugins/event_listener.py
[2023-12-15T22:11:10.074+0500] {processor.py:179} INFO - Processing /home/amina/miniconda/lib/python3.11/site-packages/airflow/example_dags/plugins/event_listener.py took 0.021 seconds
[2023-12-15T22:12:05.506+0500] {processor.py:157} INFO - Started process (PID=9405) to work on /home/amina/miniconda/lib/python3.11/site-packages/airflow/example_dags/plugins/event_listener.py
[2023-12-15T22:12:05.547+0500] {processor.py:829} INFO - Processing file /home/amina/miniconda/lib/python3.11/site-packages/airflow/example_dags/plugins/event_listener.py for tasks to queue
[2023-12-15T22:12:05.548+0500] {logging_mixin.py:154} INFO - [2023-12-15T22:12:05.548+0500] {dagbag.py:536} INFO - Filling up the DagBag from /home/amina/miniconda/lib/python3.11/site-packages/airflow/example_dags/plugins/event_listener.py
[2023-12-15T22:12:05.551+0500] {processor.py:841} WARNING - No viable dags retrieved from /home/amina/miniconda/lib/python3.11/site-packages/airflow/example_dags/plugins/event_listener.py
[2023-12-15T22:12:05.560+0500] {processor.py:179} INFO - Processing /home/amina/miniconda/lib/python3.11/site-packages/airflow/example_dags/plugins/event_listener.py took 0.057 seconds
[2023-12-15T22:12:37.819+0500] {processor.py:157} INFO - Started process (PID=9440) to work on /home/amina/miniconda/lib/python3.11/site-packages/airflow/example_dags/plugins/event_listener.py
[2023-12-15T22:12:37.819+0500] {processor.py:829} INFO - Processing file /home/amina/miniconda/lib/python3.11/site-packages/airflow/example_dags/plugins/event_listener.py for tasks to queue
[2023-12-15T22:12:37.820+0500] {logging_mixin.py:154} INFO - [2023-12-15T22:12:37.820+0500] {dagbag.py:536} INFO - Filling up the DagBag from /home/amina/miniconda/lib/python3.11/site-packages/airflow/example_dags/plugins/event_listener.py
[2023-12-15T22:12:37.823+0500] {processor.py:841} WARNING - No viable dags retrieved from /home/amina/miniconda/lib/python3.11/site-packages/airflow/example_dags/plugins/event_listener.py
[2023-12-15T22:12:37.834+0500] {processor.py:179} INFO - Processing /home/amina/miniconda/lib/python3.11/site-packages/airflow/example_dags/plugins/event_listener.py took 0.018 seconds
[2023-12-15T22:13:28.844+0500] {processor.py:157} INFO - Started process (PID=9492) to work on /home/amina/miniconda/lib/python3.11/site-packages/airflow/example_dags/plugins/event_listener.py
[2023-12-15T22:13:28.882+0500] {processor.py:829} INFO - Processing file /home/amina/miniconda/lib/python3.11/site-packages/airflow/example_dags/plugins/event_listener.py for tasks to queue
[2023-12-15T22:13:28.883+0500] {logging_mixin.py:154} INFO - [2023-12-15T22:13:28.883+0500] {dagbag.py:536} INFO - Filling up the DagBag from /home/amina/miniconda/lib/python3.11/site-packages/airflow/example_dags/plugins/event_listener.py
[2023-12-15T22:13:28.885+0500] {processor.py:841} WARNING - No viable dags retrieved from /home/amina/miniconda/lib/python3.11/site-packages/airflow/example_dags/plugins/event_listener.py
[2023-12-15T22:13:28.894+0500] {processor.py:179} INFO - Processing /home/amina/miniconda/lib/python3.11/site-packages/airflow/example_dags/plugins/event_listener.py took 0.053 seconds
[2023-12-15T22:14:16.722+0500] {processor.py:157} INFO - Started process (PID=9556) to work on /home/amina/miniconda/lib/python3.11/site-packages/airflow/example_dags/plugins/event_listener.py
[2023-12-15T22:14:16.757+0500] {processor.py:829} INFO - Processing file /home/amina/miniconda/lib/python3.11/site-packages/airflow/example_dags/plugins/event_listener.py for tasks to queue
[2023-12-15T22:14:16.758+0500] {logging_mixin.py:154} INFO - [2023-12-15T22:14:16.758+0500] {dagbag.py:536} INFO - Filling up the DagBag from /home/amina/miniconda/lib/python3.11/site-packages/airflow/example_dags/plugins/event_listener.py
[2023-12-15T22:14:16.760+0500] {processor.py:841} WARNING - No viable dags retrieved from /home/amina/miniconda/lib/python3.11/site-packages/airflow/example_dags/plugins/event_listener.py
[2023-12-15T22:14:16.770+0500] {processor.py:179} INFO - Processing /home/amina/miniconda/lib/python3.11/site-packages/airflow/example_dags/plugins/event_listener.py took 0.051 seconds
[2023-12-15T22:15:31.777+0500] {processor.py:157} INFO - Started process (PID=9638) to work on /home/amina/miniconda/lib/python3.11/site-packages/airflow/example_dags/plugins/event_listener.py
[2023-12-15T22:15:31.779+0500] {processor.py:829} INFO - Processing file /home/amina/miniconda/lib/python3.11/site-packages/airflow/example_dags/plugins/event_listener.py for tasks to queue
[2023-12-15T22:15:31.781+0500] {logging_mixin.py:154} INFO - [2023-12-15T22:15:31.780+0500] {dagbag.py:536} INFO - Filling up the DagBag from /home/amina/miniconda/lib/python3.11/site-packages/airflow/example_dags/plugins/event_listener.py
[2023-12-15T22:15:31.783+0500] {processor.py:841} WARNING - No viable dags retrieved from /home/amina/miniconda/lib/python3.11/site-packages/airflow/example_dags/plugins/event_listener.py
[2023-12-15T22:15:31.799+0500] {processor.py:179} INFO - Processing /home/amina/miniconda/lib/python3.11/site-packages/airflow/example_dags/plugins/event_listener.py took 0.025 seconds
[2023-12-15T22:16:10.240+0500] {processor.py:157} INFO - Started process (PID=9678) to work on /home/amina/miniconda/lib/python3.11/site-packages/airflow/example_dags/plugins/event_listener.py
[2023-12-15T22:16:10.273+0500] {processor.py:829} INFO - Processing file /home/amina/miniconda/lib/python3.11/site-packages/airflow/example_dags/plugins/event_listener.py for tasks to queue
[2023-12-15T22:16:10.274+0500] {logging_mixin.py:154} INFO - [2023-12-15T22:16:10.273+0500] {dagbag.py:536} INFO - Filling up the DagBag from /home/amina/miniconda/lib/python3.11/site-packages/airflow/example_dags/plugins/event_listener.py
[2023-12-15T22:16:10.276+0500] {processor.py:841} WARNING - No viable dags retrieved from /home/amina/miniconda/lib/python3.11/site-packages/airflow/example_dags/plugins/event_listener.py
[2023-12-15T22:16:10.285+0500] {processor.py:179} INFO - Processing /home/amina/miniconda/lib/python3.11/site-packages/airflow/example_dags/plugins/event_listener.py took 0.050 seconds
[2023-12-15T22:17:14.161+0500] {processor.py:157} INFO - Started process (PID=9750) to work on /home/amina/miniconda/lib/python3.11/site-packages/airflow/example_dags/plugins/event_listener.py
[2023-12-15T22:17:14.171+0500] {processor.py:829} INFO - Processing file /home/amina/miniconda/lib/python3.11/site-packages/airflow/example_dags/plugins/event_listener.py for tasks to queue
[2023-12-15T22:17:14.171+0500] {logging_mixin.py:154} INFO - [2023-12-15T22:17:14.171+0500] {dagbag.py:536} INFO - Filling up the DagBag from /home/amina/miniconda/lib/python3.11/site-packages/airflow/example_dags/plugins/event_listener.py
[2023-12-15T22:17:14.174+0500] {processor.py:841} WARNING - No viable dags retrieved from /home/amina/miniconda/lib/python3.11/site-packages/airflow/example_dags/plugins/event_listener.py
[2023-12-15T22:17:14.186+0500] {processor.py:179} INFO - Processing /home/amina/miniconda/lib/python3.11/site-packages/airflow/example_dags/plugins/event_listener.py took 0.029 seconds
[2023-12-15T22:17:46.542+0500] {processor.py:157} INFO - Started process (PID=9780) to work on /home/amina/miniconda/lib/python3.11/site-packages/airflow/example_dags/plugins/event_listener.py
[2023-12-15T22:17:46.543+0500] {processor.py:829} INFO - Processing file /home/amina/miniconda/lib/python3.11/site-packages/airflow/example_dags/plugins/event_listener.py for tasks to queue
[2023-12-15T22:17:46.545+0500] {logging_mixin.py:154} INFO - [2023-12-15T22:17:46.544+0500] {dagbag.py:536} INFO - Filling up the DagBag from /home/amina/miniconda/lib/python3.11/site-packages/airflow/example_dags/plugins/event_listener.py
[2023-12-15T22:17:46.549+0500] {processor.py:841} WARNING - No viable dags retrieved from /home/amina/miniconda/lib/python3.11/site-packages/airflow/example_dags/plugins/event_listener.py
[2023-12-15T22:17:46.565+0500] {processor.py:179} INFO - Processing /home/amina/miniconda/lib/python3.11/site-packages/airflow/example_dags/plugins/event_listener.py took 0.028 seconds
[2023-12-15T22:18:48.225+0500] {processor.py:157} INFO - Started process (PID=9858) to work on /home/amina/miniconda/lib/python3.11/site-packages/airflow/example_dags/plugins/event_listener.py
[2023-12-15T22:18:48.226+0500] {processor.py:829} INFO - Processing file /home/amina/miniconda/lib/python3.11/site-packages/airflow/example_dags/plugins/event_listener.py for tasks to queue
[2023-12-15T22:18:48.228+0500] {logging_mixin.py:154} INFO - [2023-12-15T22:18:48.227+0500] {dagbag.py:536} INFO - Filling up the DagBag from /home/amina/miniconda/lib/python3.11/site-packages/airflow/example_dags/plugins/event_listener.py
[2023-12-15T22:18:48.231+0500] {processor.py:841} WARNING - No viable dags retrieved from /home/amina/miniconda/lib/python3.11/site-packages/airflow/example_dags/plugins/event_listener.py
[2023-12-15T22:18:48.242+0500] {processor.py:179} INFO - Processing /home/amina/miniconda/lib/python3.11/site-packages/airflow/example_dags/plugins/event_listener.py took 0.020 seconds
[2023-12-15T22:19:19.361+0500] {processor.py:157} INFO - Started process (PID=9900) to work on /home/amina/miniconda/lib/python3.11/site-packages/airflow/example_dags/plugins/event_listener.py
[2023-12-15T22:19:19.361+0500] {processor.py:829} INFO - Processing file /home/amina/miniconda/lib/python3.11/site-packages/airflow/example_dags/plugins/event_listener.py for tasks to queue
[2023-12-15T22:19:19.362+0500] {logging_mixin.py:154} INFO - [2023-12-15T22:19:19.362+0500] {dagbag.py:536} INFO - Filling up the DagBag from /home/amina/miniconda/lib/python3.11/site-packages/airflow/example_dags/plugins/event_listener.py
[2023-12-15T22:19:19.364+0500] {processor.py:841} WARNING - No viable dags retrieved from /home/amina/miniconda/lib/python3.11/site-packages/airflow/example_dags/plugins/event_listener.py
[2023-12-15T22:19:19.377+0500] {processor.py:179} INFO - Processing /home/amina/miniconda/lib/python3.11/site-packages/airflow/example_dags/plugins/event_listener.py took 0.020 seconds
[2023-12-15T22:19:51.749+0500] {processor.py:157} INFO - Started process (PID=9966) to work on /home/amina/miniconda/lib/python3.11/site-packages/airflow/example_dags/plugins/event_listener.py
[2023-12-15T22:19:51.763+0500] {processor.py:829} INFO - Processing file /home/amina/miniconda/lib/python3.11/site-packages/airflow/example_dags/plugins/event_listener.py for tasks to queue
[2023-12-15T22:19:51.764+0500] {logging_mixin.py:154} INFO - [2023-12-15T22:19:51.764+0500] {dagbag.py:536} INFO - Filling up the DagBag from /home/amina/miniconda/lib/python3.11/site-packages/airflow/example_dags/plugins/event_listener.py
[2023-12-15T22:19:51.767+0500] {processor.py:841} WARNING - No viable dags retrieved from /home/amina/miniconda/lib/python3.11/site-packages/airflow/example_dags/plugins/event_listener.py
[2023-12-15T22:19:51.780+0500] {processor.py:179} INFO - Processing /home/amina/miniconda/lib/python3.11/site-packages/airflow/example_dags/plugins/event_listener.py took 0.034 seconds
[2023-12-15T22:20:29.147+0500] {processor.py:157} INFO - Started process (PID=10100) to work on /home/amina/miniconda/lib/python3.11/site-packages/airflow/example_dags/plugins/event_listener.py
[2023-12-15T22:20:29.189+0500] {processor.py:829} INFO - Processing file /home/amina/miniconda/lib/python3.11/site-packages/airflow/example_dags/plugins/event_listener.py for tasks to queue
[2023-12-15T22:20:29.190+0500] {logging_mixin.py:154} INFO - [2023-12-15T22:20:29.190+0500] {dagbag.py:536} INFO - Filling up the DagBag from /home/amina/miniconda/lib/python3.11/site-packages/airflow/example_dags/plugins/event_listener.py
[2023-12-15T22:20:29.192+0500] {processor.py:841} WARNING - No viable dags retrieved from /home/amina/miniconda/lib/python3.11/site-packages/airflow/example_dags/plugins/event_listener.py
[2023-12-15T22:20:29.203+0500] {processor.py:179} INFO - Processing /home/amina/miniconda/lib/python3.11/site-packages/airflow/example_dags/plugins/event_listener.py took 0.060 seconds
[2023-12-15T22:21:03.654+0500] {processor.py:157} INFO - Started process (PID=10139) to work on /home/amina/miniconda/lib/python3.11/site-packages/airflow/example_dags/plugins/event_listener.py
[2023-12-15T22:21:03.684+0500] {processor.py:829} INFO - Processing file /home/amina/miniconda/lib/python3.11/site-packages/airflow/example_dags/plugins/event_listener.py for tasks to queue
[2023-12-15T22:21:03.685+0500] {logging_mixin.py:154} INFO - [2023-12-15T22:21:03.685+0500] {dagbag.py:536} INFO - Filling up the DagBag from /home/amina/miniconda/lib/python3.11/site-packages/airflow/example_dags/plugins/event_listener.py
[2023-12-15T22:21:03.688+0500] {processor.py:841} WARNING - No viable dags retrieved from /home/amina/miniconda/lib/python3.11/site-packages/airflow/example_dags/plugins/event_listener.py
[2023-12-15T22:21:03.702+0500] {processor.py:179} INFO - Processing /home/amina/miniconda/lib/python3.11/site-packages/airflow/example_dags/plugins/event_listener.py took 0.052 seconds
[2023-12-15T22:21:54.668+0500] {processor.py:157} INFO - Started process (PID=10200) to work on /home/amina/miniconda/lib/python3.11/site-packages/airflow/example_dags/plugins/event_listener.py
[2023-12-15T22:21:54.741+0500] {processor.py:829} INFO - Processing file /home/amina/miniconda/lib/python3.11/site-packages/airflow/example_dags/plugins/event_listener.py for tasks to queue
[2023-12-15T22:21:54.742+0500] {logging_mixin.py:154} INFO - [2023-12-15T22:21:54.741+0500] {dagbag.py:536} INFO - Filling up the DagBag from /home/amina/miniconda/lib/python3.11/site-packages/airflow/example_dags/plugins/event_listener.py
[2023-12-15T22:21:54.744+0500] {processor.py:841} WARNING - No viable dags retrieved from /home/amina/miniconda/lib/python3.11/site-packages/airflow/example_dags/plugins/event_listener.py
[2023-12-15T22:21:54.754+0500] {processor.py:179} INFO - Processing /home/amina/miniconda/lib/python3.11/site-packages/airflow/example_dags/plugins/event_listener.py took 0.089 seconds
[2023-12-15T22:22:47.966+0500] {processor.py:157} INFO - Started process (PID=10253) to work on /home/amina/miniconda/lib/python3.11/site-packages/airflow/example_dags/plugins/event_listener.py
[2023-12-15T22:22:47.986+0500] {processor.py:829} INFO - Processing file /home/amina/miniconda/lib/python3.11/site-packages/airflow/example_dags/plugins/event_listener.py for tasks to queue
[2023-12-15T22:22:47.987+0500] {logging_mixin.py:154} INFO - [2023-12-15T22:22:47.986+0500] {dagbag.py:536} INFO - Filling up the DagBag from /home/amina/miniconda/lib/python3.11/site-packages/airflow/example_dags/plugins/event_listener.py
[2023-12-15T22:22:47.990+0500] {processor.py:841} WARNING - No viable dags retrieved from /home/amina/miniconda/lib/python3.11/site-packages/airflow/example_dags/plugins/event_listener.py
[2023-12-15T22:22:48.001+0500] {processor.py:179} INFO - Processing /home/amina/miniconda/lib/python3.11/site-packages/airflow/example_dags/plugins/event_listener.py took 0.038 seconds
[2023-12-15T22:23:40.199+0500] {processor.py:157} INFO - Started process (PID=10316) to work on /home/amina/miniconda/lib/python3.11/site-packages/airflow/example_dags/plugins/event_listener.py
[2023-12-15T22:23:40.215+0500] {processor.py:829} INFO - Processing file /home/amina/miniconda/lib/python3.11/site-packages/airflow/example_dags/plugins/event_listener.py for tasks to queue
[2023-12-15T22:23:40.216+0500] {logging_mixin.py:154} INFO - [2023-12-15T22:23:40.215+0500] {dagbag.py:536} INFO - Filling up the DagBag from /home/amina/miniconda/lib/python3.11/site-packages/airflow/example_dags/plugins/event_listener.py
[2023-12-15T22:23:40.218+0500] {processor.py:841} WARNING - No viable dags retrieved from /home/amina/miniconda/lib/python3.11/site-packages/airflow/example_dags/plugins/event_listener.py
[2023-12-15T22:23:40.230+0500] {processor.py:179} INFO - Processing /home/amina/miniconda/lib/python3.11/site-packages/airflow/example_dags/plugins/event_listener.py took 0.035 seconds
[2023-12-15T22:24:32.180+0500] {processor.py:157} INFO - Started process (PID=10370) to work on /home/amina/miniconda/lib/python3.11/site-packages/airflow/example_dags/plugins/event_listener.py
[2023-12-15T22:24:32.184+0500] {processor.py:829} INFO - Processing file /home/amina/miniconda/lib/python3.11/site-packages/airflow/example_dags/plugins/event_listener.py for tasks to queue
[2023-12-15T22:24:32.185+0500] {logging_mixin.py:154} INFO - [2023-12-15T22:24:32.185+0500] {dagbag.py:536} INFO - Filling up the DagBag from /home/amina/miniconda/lib/python3.11/site-packages/airflow/example_dags/plugins/event_listener.py
[2023-12-15T22:24:32.188+0500] {processor.py:841} WARNING - No viable dags retrieved from /home/amina/miniconda/lib/python3.11/site-packages/airflow/example_dags/plugins/event_listener.py
[2023-12-15T22:24:32.197+0500] {processor.py:179} INFO - Processing /home/amina/miniconda/lib/python3.11/site-packages/airflow/example_dags/plugins/event_listener.py took 0.021 seconds
[2023-12-15T22:25:28.455+0500] {processor.py:157} INFO - Started process (PID=10432) to work on /home/amina/miniconda/lib/python3.11/site-packages/airflow/example_dags/plugins/event_listener.py
[2023-12-15T22:25:28.479+0500] {processor.py:829} INFO - Processing file /home/amina/miniconda/lib/python3.11/site-packages/airflow/example_dags/plugins/event_listener.py for tasks to queue
[2023-12-15T22:25:28.480+0500] {logging_mixin.py:154} INFO - [2023-12-15T22:25:28.479+0500] {dagbag.py:536} INFO - Filling up the DagBag from /home/amina/miniconda/lib/python3.11/site-packages/airflow/example_dags/plugins/event_listener.py
[2023-12-15T22:25:28.482+0500] {processor.py:841} WARNING - No viable dags retrieved from /home/amina/miniconda/lib/python3.11/site-packages/airflow/example_dags/plugins/event_listener.py
[2023-12-15T22:25:28.493+0500] {processor.py:179} INFO - Processing /home/amina/miniconda/lib/python3.11/site-packages/airflow/example_dags/plugins/event_listener.py took 0.041 seconds
[2023-12-15T22:26:25.550+0500] {processor.py:157} INFO - Started process (PID=10484) to work on /home/amina/miniconda/lib/python3.11/site-packages/airflow/example_dags/plugins/event_listener.py
[2023-12-15T22:26:25.566+0500] {processor.py:829} INFO - Processing file /home/amina/miniconda/lib/python3.11/site-packages/airflow/example_dags/plugins/event_listener.py for tasks to queue
[2023-12-15T22:26:25.567+0500] {logging_mixin.py:154} INFO - [2023-12-15T22:26:25.567+0500] {dagbag.py:536} INFO - Filling up the DagBag from /home/amina/miniconda/lib/python3.11/site-packages/airflow/example_dags/plugins/event_listener.py
[2023-12-15T22:26:25.570+0500] {processor.py:841} WARNING - No viable dags retrieved from /home/amina/miniconda/lib/python3.11/site-packages/airflow/example_dags/plugins/event_listener.py
[2023-12-15T22:26:25.580+0500] {processor.py:179} INFO - Processing /home/amina/miniconda/lib/python3.11/site-packages/airflow/example_dags/plugins/event_listener.py took 0.034 seconds
[2023-12-15T22:27:19.301+0500] {processor.py:157} INFO - Started process (PID=10541) to work on /home/amina/miniconda/lib/python3.11/site-packages/airflow/example_dags/plugins/event_listener.py
[2023-12-15T22:27:19.342+0500] {processor.py:829} INFO - Processing file /home/amina/miniconda/lib/python3.11/site-packages/airflow/example_dags/plugins/event_listener.py for tasks to queue
[2023-12-15T22:27:19.343+0500] {logging_mixin.py:154} INFO - [2023-12-15T22:27:19.343+0500] {dagbag.py:536} INFO - Filling up the DagBag from /home/amina/miniconda/lib/python3.11/site-packages/airflow/example_dags/plugins/event_listener.py
[2023-12-15T22:27:19.346+0500] {processor.py:841} WARNING - No viable dags retrieved from /home/amina/miniconda/lib/python3.11/site-packages/airflow/example_dags/plugins/event_listener.py
[2023-12-15T22:27:19.357+0500] {processor.py:179} INFO - Processing /home/amina/miniconda/lib/python3.11/site-packages/airflow/example_dags/plugins/event_listener.py took 0.059 seconds
[2023-12-15T22:28:10.651+0500] {processor.py:157} INFO - Started process (PID=10595) to work on /home/amina/miniconda/lib/python3.11/site-packages/airflow/example_dags/plugins/event_listener.py
[2023-12-15T22:28:10.671+0500] {processor.py:829} INFO - Processing file /home/amina/miniconda/lib/python3.11/site-packages/airflow/example_dags/plugins/event_listener.py for tasks to queue
[2023-12-15T22:28:10.672+0500] {logging_mixin.py:154} INFO - [2023-12-15T22:28:10.672+0500] {dagbag.py:536} INFO - Filling up the DagBag from /home/amina/miniconda/lib/python3.11/site-packages/airflow/example_dags/plugins/event_listener.py
[2023-12-15T22:28:10.675+0500] {processor.py:841} WARNING - No viable dags retrieved from /home/amina/miniconda/lib/python3.11/site-packages/airflow/example_dags/plugins/event_listener.py
[2023-12-15T22:28:10.687+0500] {processor.py:179} INFO - Processing /home/amina/miniconda/lib/python3.11/site-packages/airflow/example_dags/plugins/event_listener.py took 0.041 seconds
[2023-12-15T22:29:05.502+0500] {processor.py:157} INFO - Started process (PID=10666) to work on /home/amina/miniconda/lib/python3.11/site-packages/airflow/example_dags/plugins/event_listener.py
[2023-12-15T22:29:05.515+0500] {processor.py:829} INFO - Processing file /home/amina/miniconda/lib/python3.11/site-packages/airflow/example_dags/plugins/event_listener.py for tasks to queue
[2023-12-15T22:29:05.516+0500] {logging_mixin.py:154} INFO - [2023-12-15T22:29:05.516+0500] {dagbag.py:536} INFO - Filling up the DagBag from /home/amina/miniconda/lib/python3.11/site-packages/airflow/example_dags/plugins/event_listener.py
[2023-12-15T22:29:05.518+0500] {processor.py:841} WARNING - No viable dags retrieved from /home/amina/miniconda/lib/python3.11/site-packages/airflow/example_dags/plugins/event_listener.py
[2023-12-15T22:29:05.529+0500] {processor.py:179} INFO - Processing /home/amina/miniconda/lib/python3.11/site-packages/airflow/example_dags/plugins/event_listener.py took 0.030 seconds
[2023-12-15T22:30:21.801+0500] {processor.py:157} INFO - Started process (PID=10770) to work on /home/amina/miniconda/lib/python3.11/site-packages/airflow/example_dags/plugins/event_listener.py
[2023-12-15T22:30:21.887+0500] {processor.py:829} INFO - Processing file /home/amina/miniconda/lib/python3.11/site-packages/airflow/example_dags/plugins/event_listener.py for tasks to queue
[2023-12-15T22:30:21.889+0500] {logging_mixin.py:154} INFO - [2023-12-15T22:30:21.888+0500] {dagbag.py:536} INFO - Filling up the DagBag from /home/amina/miniconda/lib/python3.11/site-packages/airflow/example_dags/plugins/event_listener.py
[2023-12-15T22:30:21.892+0500] {processor.py:841} WARNING - No viable dags retrieved from /home/amina/miniconda/lib/python3.11/site-packages/airflow/example_dags/plugins/event_listener.py
[2023-12-15T22:30:21.901+0500] {processor.py:179} INFO - Processing /home/amina/miniconda/lib/python3.11/site-packages/airflow/example_dags/plugins/event_listener.py took 0.103 seconds
[2023-12-15T22:31:01.773+0500] {processor.py:157} INFO - Started process (PID=10808) to work on /home/amina/miniconda/lib/python3.11/site-packages/airflow/example_dags/plugins/event_listener.py
[2023-12-15T22:31:01.780+0500] {processor.py:829} INFO - Processing file /home/amina/miniconda/lib/python3.11/site-packages/airflow/example_dags/plugins/event_listener.py for tasks to queue
[2023-12-15T22:31:01.782+0500] {logging_mixin.py:154} INFO - [2023-12-15T22:31:01.781+0500] {dagbag.py:536} INFO - Filling up the DagBag from /home/amina/miniconda/lib/python3.11/site-packages/airflow/example_dags/plugins/event_listener.py
[2023-12-15T22:31:01.784+0500] {processor.py:841} WARNING - No viable dags retrieved from /home/amina/miniconda/lib/python3.11/site-packages/airflow/example_dags/plugins/event_listener.py
[2023-12-15T22:31:01.798+0500] {processor.py:179} INFO - Processing /home/amina/miniconda/lib/python3.11/site-packages/airflow/example_dags/plugins/event_listener.py took 0.030 seconds
[2023-12-15T22:31:52.958+0500] {processor.py:157} INFO - Started process (PID=10861) to work on /home/amina/miniconda/lib/python3.11/site-packages/airflow/example_dags/plugins/event_listener.py
[2023-12-15T22:31:52.997+0500] {processor.py:829} INFO - Processing file /home/amina/miniconda/lib/python3.11/site-packages/airflow/example_dags/plugins/event_listener.py for tasks to queue
[2023-12-15T22:31:52.999+0500] {logging_mixin.py:154} INFO - [2023-12-15T22:31:52.999+0500] {dagbag.py:536} INFO - Filling up the DagBag from /home/amina/miniconda/lib/python3.11/site-packages/airflow/example_dags/plugins/event_listener.py
[2023-12-15T22:31:53.002+0500] {processor.py:841} WARNING - No viable dags retrieved from /home/amina/miniconda/lib/python3.11/site-packages/airflow/example_dags/plugins/event_listener.py
[2023-12-15T22:31:53.012+0500] {processor.py:179} INFO - Processing /home/amina/miniconda/lib/python3.11/site-packages/airflow/example_dags/plugins/event_listener.py took 0.057 seconds
[2023-12-15T22:32:47.106+0500] {processor.py:157} INFO - Started process (PID=10922) to work on /home/amina/miniconda/lib/python3.11/site-packages/airflow/example_dags/plugins/event_listener.py
[2023-12-15T22:32:47.124+0500] {processor.py:829} INFO - Processing file /home/amina/miniconda/lib/python3.11/site-packages/airflow/example_dags/plugins/event_listener.py for tasks to queue
[2023-12-15T22:32:47.125+0500] {logging_mixin.py:154} INFO - [2023-12-15T22:32:47.124+0500] {dagbag.py:536} INFO - Filling up the DagBag from /home/amina/miniconda/lib/python3.11/site-packages/airflow/example_dags/plugins/event_listener.py
[2023-12-15T22:32:47.128+0500] {processor.py:841} WARNING - No viable dags retrieved from /home/amina/miniconda/lib/python3.11/site-packages/airflow/example_dags/plugins/event_listener.py
[2023-12-15T22:32:47.139+0500] {processor.py:179} INFO - Processing /home/amina/miniconda/lib/python3.11/site-packages/airflow/example_dags/plugins/event_listener.py took 0.036 seconds
[2023-12-15T22:33:40.532+0500] {processor.py:157} INFO - Started process (PID=10974) to work on /home/amina/miniconda/lib/python3.11/site-packages/airflow/example_dags/plugins/event_listener.py
[2023-12-15T22:33:40.534+0500] {processor.py:829} INFO - Processing file /home/amina/miniconda/lib/python3.11/site-packages/airflow/example_dags/plugins/event_listener.py for tasks to queue
[2023-12-15T22:33:40.536+0500] {logging_mixin.py:154} INFO - [2023-12-15T22:33:40.535+0500] {dagbag.py:536} INFO - Filling up the DagBag from /home/amina/miniconda/lib/python3.11/site-packages/airflow/example_dags/plugins/event_listener.py
[2023-12-15T22:33:40.539+0500] {processor.py:841} WARNING - No viable dags retrieved from /home/amina/miniconda/lib/python3.11/site-packages/airflow/example_dags/plugins/event_listener.py
[2023-12-15T22:33:40.554+0500] {processor.py:179} INFO - Processing /home/amina/miniconda/lib/python3.11/site-packages/airflow/example_dags/plugins/event_listener.py took 0.026 seconds
[2023-12-15T22:34:34.858+0500] {processor.py:157} INFO - Started process (PID=11038) to work on /home/amina/miniconda/lib/python3.11/site-packages/airflow/example_dags/plugins/event_listener.py
[2023-12-15T22:34:34.919+0500] {processor.py:829} INFO - Processing file /home/amina/miniconda/lib/python3.11/site-packages/airflow/example_dags/plugins/event_listener.py for tasks to queue
[2023-12-15T22:34:34.921+0500] {logging_mixin.py:154} INFO - [2023-12-15T22:34:34.920+0500] {dagbag.py:536} INFO - Filling up the DagBag from /home/amina/miniconda/lib/python3.11/site-packages/airflow/example_dags/plugins/event_listener.py
[2023-12-15T22:34:34.925+0500] {processor.py:841} WARNING - No viable dags retrieved from /home/amina/miniconda/lib/python3.11/site-packages/airflow/example_dags/plugins/event_listener.py
[2023-12-15T22:34:34.942+0500] {processor.py:179} INFO - Processing /home/amina/miniconda/lib/python3.11/site-packages/airflow/example_dags/plugins/event_listener.py took 0.089 seconds
[2023-12-15T22:35:30.436+0500] {processor.py:157} INFO - Started process (PID=11107) to work on /home/amina/miniconda/lib/python3.11/site-packages/airflow/example_dags/plugins/event_listener.py
[2023-12-15T22:35:30.445+0500] {processor.py:829} INFO - Processing file /home/amina/miniconda/lib/python3.11/site-packages/airflow/example_dags/plugins/event_listener.py for tasks to queue
[2023-12-15T22:35:30.446+0500] {logging_mixin.py:154} INFO - [2023-12-15T22:35:30.446+0500] {dagbag.py:536} INFO - Filling up the DagBag from /home/amina/miniconda/lib/python3.11/site-packages/airflow/example_dags/plugins/event_listener.py
[2023-12-15T22:35:30.449+0500] {processor.py:841} WARNING - No viable dags retrieved from /home/amina/miniconda/lib/python3.11/site-packages/airflow/example_dags/plugins/event_listener.py
[2023-12-15T22:35:30.459+0500] {processor.py:179} INFO - Processing /home/amina/miniconda/lib/python3.11/site-packages/airflow/example_dags/plugins/event_listener.py took 0.026 seconds
[2023-12-15T22:36:25.528+0500] {processor.py:157} INFO - Started process (PID=11165) to work on /home/amina/miniconda/lib/python3.11/site-packages/airflow/example_dags/plugins/event_listener.py
[2023-12-15T22:36:25.552+0500] {processor.py:829} INFO - Processing file /home/amina/miniconda/lib/python3.11/site-packages/airflow/example_dags/plugins/event_listener.py for tasks to queue
[2023-12-15T22:36:25.553+0500] {logging_mixin.py:154} INFO - [2023-12-15T22:36:25.552+0500] {dagbag.py:536} INFO - Filling up the DagBag from /home/amina/miniconda/lib/python3.11/site-packages/airflow/example_dags/plugins/event_listener.py
[2023-12-15T22:36:25.555+0500] {processor.py:841} WARNING - No viable dags retrieved from /home/amina/miniconda/lib/python3.11/site-packages/airflow/example_dags/plugins/event_listener.py
[2023-12-15T22:36:25.564+0500] {processor.py:179} INFO - Processing /home/amina/miniconda/lib/python3.11/site-packages/airflow/example_dags/plugins/event_listener.py took 0.039 seconds
[2023-12-15T22:37:22.581+0500] {processor.py:157} INFO - Started process (PID=11222) to work on /home/amina/miniconda/lib/python3.11/site-packages/airflow/example_dags/plugins/event_listener.py
[2023-12-15T22:37:22.633+0500] {processor.py:829} INFO - Processing file /home/amina/miniconda/lib/python3.11/site-packages/airflow/example_dags/plugins/event_listener.py for tasks to queue
[2023-12-15T22:37:22.634+0500] {logging_mixin.py:154} INFO - [2023-12-15T22:37:22.634+0500] {dagbag.py:536} INFO - Filling up the DagBag from /home/amina/miniconda/lib/python3.11/site-packages/airflow/example_dags/plugins/event_listener.py
[2023-12-15T22:37:22.636+0500] {processor.py:841} WARNING - No viable dags retrieved from /home/amina/miniconda/lib/python3.11/site-packages/airflow/example_dags/plugins/event_listener.py
[2023-12-15T22:37:22.650+0500] {processor.py:179} INFO - Processing /home/amina/miniconda/lib/python3.11/site-packages/airflow/example_dags/plugins/event_listener.py took 0.073 seconds
[2023-12-15T22:38:16.032+0500] {processor.py:157} INFO - Started process (PID=11277) to work on /home/amina/miniconda/lib/python3.11/site-packages/airflow/example_dags/plugins/event_listener.py
[2023-12-15T22:38:16.065+0500] {processor.py:829} INFO - Processing file /home/amina/miniconda/lib/python3.11/site-packages/airflow/example_dags/plugins/event_listener.py for tasks to queue
[2023-12-15T22:38:16.066+0500] {logging_mixin.py:154} INFO - [2023-12-15T22:38:16.066+0500] {dagbag.py:536} INFO - Filling up the DagBag from /home/amina/miniconda/lib/python3.11/site-packages/airflow/example_dags/plugins/event_listener.py
[2023-12-15T22:38:16.068+0500] {processor.py:841} WARNING - No viable dags retrieved from /home/amina/miniconda/lib/python3.11/site-packages/airflow/example_dags/plugins/event_listener.py
[2023-12-15T22:38:16.077+0500] {processor.py:179} INFO - Processing /home/amina/miniconda/lib/python3.11/site-packages/airflow/example_dags/plugins/event_listener.py took 0.048 seconds
[2023-12-15T22:39:07.757+0500] {processor.py:157} INFO - Started process (PID=11334) to work on /home/amina/miniconda/lib/python3.11/site-packages/airflow/example_dags/plugins/event_listener.py
[2023-12-15T22:39:07.819+0500] {processor.py:829} INFO - Processing file /home/amina/miniconda/lib/python3.11/site-packages/airflow/example_dags/plugins/event_listener.py for tasks to queue
[2023-12-15T22:39:07.820+0500] {logging_mixin.py:154} INFO - [2023-12-15T22:39:07.820+0500] {dagbag.py:536} INFO - Filling up the DagBag from /home/amina/miniconda/lib/python3.11/site-packages/airflow/example_dags/plugins/event_listener.py
[2023-12-15T22:39:07.822+0500] {processor.py:841} WARNING - No viable dags retrieved from /home/amina/miniconda/lib/python3.11/site-packages/airflow/example_dags/plugins/event_listener.py
[2023-12-15T22:39:07.832+0500] {processor.py:179} INFO - Processing /home/amina/miniconda/lib/python3.11/site-packages/airflow/example_dags/plugins/event_listener.py took 0.078 seconds
[2023-12-15T22:40:02.193+0500] {processor.py:157} INFO - Started process (PID=11392) to work on /home/amina/miniconda/lib/python3.11/site-packages/airflow/example_dags/plugins/event_listener.py
[2023-12-15T22:40:02.212+0500] {processor.py:829} INFO - Processing file /home/amina/miniconda/lib/python3.11/site-packages/airflow/example_dags/plugins/event_listener.py for tasks to queue
[2023-12-15T22:40:02.213+0500] {logging_mixin.py:154} INFO - [2023-12-15T22:40:02.213+0500] {dagbag.py:536} INFO - Filling up the DagBag from /home/amina/miniconda/lib/python3.11/site-packages/airflow/example_dags/plugins/event_listener.py
[2023-12-15T22:40:02.215+0500] {processor.py:841} WARNING - No viable dags retrieved from /home/amina/miniconda/lib/python3.11/site-packages/airflow/example_dags/plugins/event_listener.py
[2023-12-15T22:40:02.225+0500] {processor.py:179} INFO - Processing /home/amina/miniconda/lib/python3.11/site-packages/airflow/example_dags/plugins/event_listener.py took 0.035 seconds
[2023-12-15T22:40:59.782+0500] {processor.py:157} INFO - Started process (PID=11529) to work on /home/amina/miniconda/lib/python3.11/site-packages/airflow/example_dags/plugins/event_listener.py
[2023-12-15T22:40:59.812+0500] {processor.py:829} INFO - Processing file /home/amina/miniconda/lib/python3.11/site-packages/airflow/example_dags/plugins/event_listener.py for tasks to queue
[2023-12-15T22:40:59.812+0500] {logging_mixin.py:154} INFO - [2023-12-15T22:40:59.812+0500] {dagbag.py:536} INFO - Filling up the DagBag from /home/amina/miniconda/lib/python3.11/site-packages/airflow/example_dags/plugins/event_listener.py
[2023-12-15T22:40:59.816+0500] {processor.py:841} WARNING - No viable dags retrieved from /home/amina/miniconda/lib/python3.11/site-packages/airflow/example_dags/plugins/event_listener.py
[2023-12-15T22:40:59.826+0500] {processor.py:179} INFO - Processing /home/amina/miniconda/lib/python3.11/site-packages/airflow/example_dags/plugins/event_listener.py took 0.047 seconds
[2023-12-15T22:41:53.006+0500] {processor.py:157} INFO - Started process (PID=11603) to work on /home/amina/miniconda/lib/python3.11/site-packages/airflow/example_dags/plugins/event_listener.py
[2023-12-15T22:41:53.071+0500] {processor.py:829} INFO - Processing file /home/amina/miniconda/lib/python3.11/site-packages/airflow/example_dags/plugins/event_listener.py for tasks to queue
[2023-12-15T22:41:53.072+0500] {logging_mixin.py:154} INFO - [2023-12-15T22:41:53.072+0500] {dagbag.py:536} INFO - Filling up the DagBag from /home/amina/miniconda/lib/python3.11/site-packages/airflow/example_dags/plugins/event_listener.py
[2023-12-15T22:41:53.074+0500] {processor.py:841} WARNING - No viable dags retrieved from /home/amina/miniconda/lib/python3.11/site-packages/airflow/example_dags/plugins/event_listener.py
[2023-12-15T22:41:53.083+0500] {processor.py:179} INFO - Processing /home/amina/miniconda/lib/python3.11/site-packages/airflow/example_dags/plugins/event_listener.py took 0.080 seconds
[2023-12-15T22:42:45.220+0500] {processor.py:157} INFO - Started process (PID=11658) to work on /home/amina/miniconda/lib/python3.11/site-packages/airflow/example_dags/plugins/event_listener.py
[2023-12-15T22:42:45.246+0500] {processor.py:829} INFO - Processing file /home/amina/miniconda/lib/python3.11/site-packages/airflow/example_dags/plugins/event_listener.py for tasks to queue
[2023-12-15T22:42:45.247+0500] {logging_mixin.py:154} INFO - [2023-12-15T22:42:45.246+0500] {dagbag.py:536} INFO - Filling up the DagBag from /home/amina/miniconda/lib/python3.11/site-packages/airflow/example_dags/plugins/event_listener.py
[2023-12-15T22:42:45.249+0500] {processor.py:841} WARNING - No viable dags retrieved from /home/amina/miniconda/lib/python3.11/site-packages/airflow/example_dags/plugins/event_listener.py
[2023-12-15T22:42:45.258+0500] {processor.py:179} INFO - Processing /home/amina/miniconda/lib/python3.11/site-packages/airflow/example_dags/plugins/event_listener.py took 0.040 seconds
[2023-12-15T22:43:20.717+0500] {processor.py:157} INFO - Started process (PID=11685) to work on /home/amina/miniconda/lib/python3.11/site-packages/airflow/example_dags/plugins/event_listener.py
[2023-12-15T22:43:20.822+0500] {processor.py:829} INFO - Processing file /home/amina/miniconda/lib/python3.11/site-packages/airflow/example_dags/plugins/event_listener.py for tasks to queue
[2023-12-15T22:43:20.823+0500] {logging_mixin.py:154} INFO - [2023-12-15T22:43:20.823+0500] {dagbag.py:536} INFO - Filling up the DagBag from /home/amina/miniconda/lib/python3.11/site-packages/airflow/example_dags/plugins/event_listener.py
[2023-12-15T22:43:20.825+0500] {processor.py:841} WARNING - No viable dags retrieved from /home/amina/miniconda/lib/python3.11/site-packages/airflow/example_dags/plugins/event_listener.py
[2023-12-15T22:43:20.834+0500] {processor.py:179} INFO - Processing /home/amina/miniconda/lib/python3.11/site-packages/airflow/example_dags/plugins/event_listener.py took 0.119 seconds
[2023-12-15T22:43:53.860+0500] {processor.py:157} INFO - Started process (PID=11734) to work on /home/amina/miniconda/lib/python3.11/site-packages/airflow/example_dags/plugins/event_listener.py
[2023-12-15T22:43:53.872+0500] {processor.py:829} INFO - Processing file /home/amina/miniconda/lib/python3.11/site-packages/airflow/example_dags/plugins/event_listener.py for tasks to queue
[2023-12-15T22:43:53.873+0500] {logging_mixin.py:154} INFO - [2023-12-15T22:43:53.873+0500] {dagbag.py:536} INFO - Filling up the DagBag from /home/amina/miniconda/lib/python3.11/site-packages/airflow/example_dags/plugins/event_listener.py
[2023-12-15T22:43:53.875+0500] {processor.py:841} WARNING - No viable dags retrieved from /home/amina/miniconda/lib/python3.11/site-packages/airflow/example_dags/plugins/event_listener.py
[2023-12-15T22:43:53.884+0500] {processor.py:179} INFO - Processing /home/amina/miniconda/lib/python3.11/site-packages/airflow/example_dags/plugins/event_listener.py took 0.027 seconds
[2023-12-15T22:44:45.502+0500] {processor.py:157} INFO - Started process (PID=11787) to work on /home/amina/miniconda/lib/python3.11/site-packages/airflow/example_dags/plugins/event_listener.py
[2023-12-15T22:44:45.508+0500] {processor.py:829} INFO - Processing file /home/amina/miniconda/lib/python3.11/site-packages/airflow/example_dags/plugins/event_listener.py for tasks to queue
[2023-12-15T22:44:45.509+0500] {logging_mixin.py:154} INFO - [2023-12-15T22:44:45.508+0500] {dagbag.py:536} INFO - Filling up the DagBag from /home/amina/miniconda/lib/python3.11/site-packages/airflow/example_dags/plugins/event_listener.py
[2023-12-15T22:44:45.511+0500] {processor.py:841} WARNING - No viable dags retrieved from /home/amina/miniconda/lib/python3.11/site-packages/airflow/example_dags/plugins/event_listener.py
[2023-12-15T22:44:45.520+0500] {processor.py:179} INFO - Processing /home/amina/miniconda/lib/python3.11/site-packages/airflow/example_dags/plugins/event_listener.py took 0.021 seconds
[2023-12-15T22:45:39.665+0500] {processor.py:157} INFO - Started process (PID=11856) to work on /home/amina/miniconda/lib/python3.11/site-packages/airflow/example_dags/plugins/event_listener.py
[2023-12-15T22:45:39.677+0500] {processor.py:829} INFO - Processing file /home/amina/miniconda/lib/python3.11/site-packages/airflow/example_dags/plugins/event_listener.py for tasks to queue
[2023-12-15T22:45:39.678+0500] {logging_mixin.py:154} INFO - [2023-12-15T22:45:39.677+0500] {dagbag.py:536} INFO - Filling up the DagBag from /home/amina/miniconda/lib/python3.11/site-packages/airflow/example_dags/plugins/event_listener.py
[2023-12-15T22:45:39.680+0500] {processor.py:841} WARNING - No viable dags retrieved from /home/amina/miniconda/lib/python3.11/site-packages/airflow/example_dags/plugins/event_listener.py
[2023-12-15T22:45:39.693+0500] {processor.py:179} INFO - Processing /home/amina/miniconda/lib/python3.11/site-packages/airflow/example_dags/plugins/event_listener.py took 0.031 seconds
[2023-12-15T22:46:35.475+0500] {processor.py:157} INFO - Started process (PID=11910) to work on /home/amina/miniconda/lib/python3.11/site-packages/airflow/example_dags/plugins/event_listener.py
[2023-12-15T22:46:35.527+0500] {processor.py:829} INFO - Processing file /home/amina/miniconda/lib/python3.11/site-packages/airflow/example_dags/plugins/event_listener.py for tasks to queue
[2023-12-15T22:46:35.528+0500] {logging_mixin.py:154} INFO - [2023-12-15T22:46:35.527+0500] {dagbag.py:536} INFO - Filling up the DagBag from /home/amina/miniconda/lib/python3.11/site-packages/airflow/example_dags/plugins/event_listener.py
[2023-12-15T22:46:35.530+0500] {processor.py:841} WARNING - No viable dags retrieved from /home/amina/miniconda/lib/python3.11/site-packages/airflow/example_dags/plugins/event_listener.py
[2023-12-15T22:46:35.539+0500] {processor.py:179} INFO - Processing /home/amina/miniconda/lib/python3.11/site-packages/airflow/example_dags/plugins/event_listener.py took 0.066 seconds
[2023-12-15T22:47:34.189+0500] {processor.py:157} INFO - Started process (PID=11992) to work on /home/amina/miniconda/lib/python3.11/site-packages/airflow/example_dags/plugins/event_listener.py
[2023-12-15T22:47:34.204+0500] {processor.py:829} INFO - Processing file /home/amina/miniconda/lib/python3.11/site-packages/airflow/example_dags/plugins/event_listener.py for tasks to queue
[2023-12-15T22:47:34.205+0500] {logging_mixin.py:154} INFO - [2023-12-15T22:47:34.205+0500] {dagbag.py:536} INFO - Filling up the DagBag from /home/amina/miniconda/lib/python3.11/site-packages/airflow/example_dags/plugins/event_listener.py
[2023-12-15T22:47:34.208+0500] {processor.py:841} WARNING - No viable dags retrieved from /home/amina/miniconda/lib/python3.11/site-packages/airflow/example_dags/plugins/event_listener.py
[2023-12-15T22:47:34.219+0500] {processor.py:179} INFO - Processing /home/amina/miniconda/lib/python3.11/site-packages/airflow/example_dags/plugins/event_listener.py took 0.035 seconds
[2023-12-15T22:48:27.864+0500] {processor.py:157} INFO - Started process (PID=12083) to work on /home/amina/miniconda/lib/python3.11/site-packages/airflow/example_dags/plugins/event_listener.py
[2023-12-15T22:48:27.921+0500] {processor.py:829} INFO - Processing file /home/amina/miniconda/lib/python3.11/site-packages/airflow/example_dags/plugins/event_listener.py for tasks to queue
[2023-12-15T22:48:27.922+0500] {logging_mixin.py:154} INFO - [2023-12-15T22:48:27.922+0500] {dagbag.py:536} INFO - Filling up the DagBag from /home/amina/miniconda/lib/python3.11/site-packages/airflow/example_dags/plugins/event_listener.py
[2023-12-15T22:48:27.926+0500] {processor.py:841} WARNING - No viable dags retrieved from /home/amina/miniconda/lib/python3.11/site-packages/airflow/example_dags/plugins/event_listener.py
[2023-12-15T22:48:27.936+0500] {processor.py:179} INFO - Processing /home/amina/miniconda/lib/python3.11/site-packages/airflow/example_dags/plugins/event_listener.py took 0.077 seconds
[2023-12-15T22:49:28.157+0500] {processor.py:157} INFO - Started process (PID=12167) to work on /home/amina/miniconda/lib/python3.11/site-packages/airflow/example_dags/plugins/event_listener.py
[2023-12-15T22:49:28.188+0500] {processor.py:829} INFO - Processing file /home/amina/miniconda/lib/python3.11/site-packages/airflow/example_dags/plugins/event_listener.py for tasks to queue
[2023-12-15T22:49:28.189+0500] {logging_mixin.py:154} INFO - [2023-12-15T22:49:28.189+0500] {dagbag.py:536} INFO - Filling up the DagBag from /home/amina/miniconda/lib/python3.11/site-packages/airflow/example_dags/plugins/event_listener.py
[2023-12-15T22:49:28.193+0500] {processor.py:841} WARNING - No viable dags retrieved from /home/amina/miniconda/lib/python3.11/site-packages/airflow/example_dags/plugins/event_listener.py
[2023-12-15T22:49:28.207+0500] {processor.py:179} INFO - Processing /home/amina/miniconda/lib/python3.11/site-packages/airflow/example_dags/plugins/event_listener.py took 0.055 seconds
[2023-12-15T22:50:07.713+0500] {processor.py:157} INFO - Started process (PID=12246) to work on /home/amina/miniconda/lib/python3.11/site-packages/airflow/example_dags/plugins/event_listener.py
[2023-12-15T22:50:07.727+0500] {processor.py:829} INFO - Processing file /home/amina/miniconda/lib/python3.11/site-packages/airflow/example_dags/plugins/event_listener.py for tasks to queue
[2023-12-15T22:50:07.729+0500] {logging_mixin.py:154} INFO - [2023-12-15T22:50:07.728+0500] {dagbag.py:536} INFO - Filling up the DagBag from /home/amina/miniconda/lib/python3.11/site-packages/airflow/example_dags/plugins/event_listener.py
[2023-12-15T22:50:07.734+0500] {processor.py:841} WARNING - No viable dags retrieved from /home/amina/miniconda/lib/python3.11/site-packages/airflow/example_dags/plugins/event_listener.py
[2023-12-15T22:50:07.749+0500] {processor.py:179} INFO - Processing /home/amina/miniconda/lib/python3.11/site-packages/airflow/example_dags/plugins/event_listener.py took 0.039 seconds
[2023-12-15T22:51:01.731+0500] {processor.py:157} INFO - Started process (PID=12335) to work on /home/amina/miniconda/lib/python3.11/site-packages/airflow/example_dags/plugins/event_listener.py
[2023-12-15T22:51:01.749+0500] {processor.py:829} INFO - Processing file /home/amina/miniconda/lib/python3.11/site-packages/airflow/example_dags/plugins/event_listener.py for tasks to queue
[2023-12-15T22:51:01.750+0500] {logging_mixin.py:154} INFO - [2023-12-15T22:51:01.750+0500] {dagbag.py:536} INFO - Filling up the DagBag from /home/amina/miniconda/lib/python3.11/site-packages/airflow/example_dags/plugins/event_listener.py
[2023-12-15T22:51:01.752+0500] {processor.py:841} WARNING - No viable dags retrieved from /home/amina/miniconda/lib/python3.11/site-packages/airflow/example_dags/plugins/event_listener.py
[2023-12-15T22:51:01.763+0500] {processor.py:179} INFO - Processing /home/amina/miniconda/lib/python3.11/site-packages/airflow/example_dags/plugins/event_listener.py took 0.035 seconds
[2023-12-15T22:51:55.674+0500] {processor.py:157} INFO - Started process (PID=12393) to work on /home/amina/miniconda/lib/python3.11/site-packages/airflow/example_dags/plugins/event_listener.py
[2023-12-15T22:51:55.698+0500] {processor.py:829} INFO - Processing file /home/amina/miniconda/lib/python3.11/site-packages/airflow/example_dags/plugins/event_listener.py for tasks to queue
[2023-12-15T22:51:55.699+0500] {logging_mixin.py:154} INFO - [2023-12-15T22:51:55.698+0500] {dagbag.py:536} INFO - Filling up the DagBag from /home/amina/miniconda/lib/python3.11/site-packages/airflow/example_dags/plugins/event_listener.py
[2023-12-15T22:51:55.702+0500] {processor.py:841} WARNING - No viable dags retrieved from /home/amina/miniconda/lib/python3.11/site-packages/airflow/example_dags/plugins/event_listener.py
[2023-12-15T22:51:55.717+0500] {processor.py:179} INFO - Processing /home/amina/miniconda/lib/python3.11/site-packages/airflow/example_dags/plugins/event_listener.py took 0.047 seconds
