[2023-12-15T21:42:53.796+0500] {processor.py:157} INFO - Started process (PID=7465) to work on /home/amina/miniconda/lib/python3.11/site-packages/airflow/example_dags/plugins/listener_plugin.py
[2023-12-15T21:42:53.796+0500] {processor.py:829} INFO - Processing file /home/amina/miniconda/lib/python3.11/site-packages/airflow/example_dags/plugins/listener_plugin.py for tasks to queue
[2023-12-15T21:42:53.797+0500] {logging_mixin.py:154} INFO - [2023-12-15T21:42:53.797+0500] {dagbag.py:536} INFO - Filling up the DagBag from /home/amina/miniconda/lib/python3.11/site-packages/airflow/example_dags/plugins/listener_plugin.py
[2023-12-15T21:42:53.800+0500] {processor.py:841} WARNING - No viable dags retrieved from /home/amina/miniconda/lib/python3.11/site-packages/airflow/example_dags/plugins/listener_plugin.py
[2023-12-15T21:42:53.811+0500] {processor.py:179} INFO - Processing /home/amina/miniconda/lib/python3.11/site-packages/airflow/example_dags/plugins/listener_plugin.py took 0.018 seconds
[2023-12-15T21:43:52.861+0500] {processor.py:157} INFO - Started process (PID=7527) to work on /home/amina/miniconda/lib/python3.11/site-packages/airflow/example_dags/plugins/listener_plugin.py
[2023-12-15T21:43:52.897+0500] {processor.py:829} INFO - Processing file /home/amina/miniconda/lib/python3.11/site-packages/airflow/example_dags/plugins/listener_plugin.py for tasks to queue
[2023-12-15T21:43:52.898+0500] {logging_mixin.py:154} INFO - [2023-12-15T21:43:52.897+0500] {dagbag.py:536} INFO - Filling up the DagBag from /home/amina/miniconda/lib/python3.11/site-packages/airflow/example_dags/plugins/listener_plugin.py
[2023-12-15T21:43:52.902+0500] {processor.py:841} WARNING - No viable dags retrieved from /home/amina/miniconda/lib/python3.11/site-packages/airflow/example_dags/plugins/listener_plugin.py
[2023-12-15T21:43:52.911+0500] {processor.py:179} INFO - Processing /home/amina/miniconda/lib/python3.11/site-packages/airflow/example_dags/plugins/listener_plugin.py took 0.053 seconds
[2023-12-15T21:45:12.585+0500] {processor.py:157} INFO - Started process (PID=7606) to work on /home/amina/miniconda/lib/python3.11/site-packages/airflow/example_dags/plugins/listener_plugin.py
[2023-12-15T21:45:12.648+0500] {processor.py:829} INFO - Processing file /home/amina/miniconda/lib/python3.11/site-packages/airflow/example_dags/plugins/listener_plugin.py for tasks to queue
[2023-12-15T21:45:12.649+0500] {logging_mixin.py:154} INFO - [2023-12-15T21:45:12.649+0500] {dagbag.py:536} INFO - Filling up the DagBag from /home/amina/miniconda/lib/python3.11/site-packages/airflow/example_dags/plugins/listener_plugin.py
[2023-12-15T21:45:12.651+0500] {processor.py:841} WARNING - No viable dags retrieved from /home/amina/miniconda/lib/python3.11/site-packages/airflow/example_dags/plugins/listener_plugin.py
[2023-12-15T21:45:12.744+0500] {processor.py:179} INFO - Processing /home/amina/miniconda/lib/python3.11/site-packages/airflow/example_dags/plugins/listener_plugin.py took 0.163 seconds
[2023-12-15T21:47:44.771+0500] {processor.py:157} INFO - Started process (PID=7730) to work on /home/amina/miniconda/lib/python3.11/site-packages/airflow/example_dags/plugins/listener_plugin.py
[2023-12-15T21:47:44.787+0500] {processor.py:829} INFO - Processing file /home/amina/miniconda/lib/python3.11/site-packages/airflow/example_dags/plugins/listener_plugin.py for tasks to queue
[2023-12-15T21:47:44.788+0500] {logging_mixin.py:154} INFO - [2023-12-15T21:47:44.787+0500] {dagbag.py:536} INFO - Filling up the DagBag from /home/amina/miniconda/lib/python3.11/site-packages/airflow/example_dags/plugins/listener_plugin.py
[2023-12-15T21:47:44.791+0500] {processor.py:841} WARNING - No viable dags retrieved from /home/amina/miniconda/lib/python3.11/site-packages/airflow/example_dags/plugins/listener_plugin.py
[2023-12-15T21:47:44.805+0500] {processor.py:179} INFO - Processing /home/amina/miniconda/lib/python3.11/site-packages/airflow/example_dags/plugins/listener_plugin.py took 0.038 seconds
[2023-12-15T21:48:31.180+0500] {processor.py:157} INFO - Started process (PID=7795) to work on /home/amina/miniconda/lib/python3.11/site-packages/airflow/example_dags/plugins/listener_plugin.py
[2023-12-15T21:48:31.211+0500] {processor.py:829} INFO - Processing file /home/amina/miniconda/lib/python3.11/site-packages/airflow/example_dags/plugins/listener_plugin.py for tasks to queue
[2023-12-15T21:48:31.213+0500] {logging_mixin.py:154} INFO - [2023-12-15T21:48:31.212+0500] {dagbag.py:536} INFO - Filling up the DagBag from /home/amina/miniconda/lib/python3.11/site-packages/airflow/example_dags/plugins/listener_plugin.py
[2023-12-15T21:48:31.217+0500] {processor.py:841} WARNING - No viable dags retrieved from /home/amina/miniconda/lib/python3.11/site-packages/airflow/example_dags/plugins/listener_plugin.py
[2023-12-15T21:48:31.232+0500] {processor.py:179} INFO - Processing /home/amina/miniconda/lib/python3.11/site-packages/airflow/example_dags/plugins/listener_plugin.py took 0.058 seconds
[2023-12-15T21:49:07.261+0500] {processor.py:157} INFO - Started process (PID=7841) to work on /home/amina/miniconda/lib/python3.11/site-packages/airflow/example_dags/plugins/listener_plugin.py
[2023-12-15T21:49:07.282+0500] {processor.py:829} INFO - Processing file /home/amina/miniconda/lib/python3.11/site-packages/airflow/example_dags/plugins/listener_plugin.py for tasks to queue
[2023-12-15T21:49:07.283+0500] {logging_mixin.py:154} INFO - [2023-12-15T21:49:07.282+0500] {dagbag.py:536} INFO - Filling up the DagBag from /home/amina/miniconda/lib/python3.11/site-packages/airflow/example_dags/plugins/listener_plugin.py
[2023-12-15T21:49:07.285+0500] {processor.py:841} WARNING - No viable dags retrieved from /home/amina/miniconda/lib/python3.11/site-packages/airflow/example_dags/plugins/listener_plugin.py
[2023-12-15T21:49:07.296+0500] {processor.py:179} INFO - Processing /home/amina/miniconda/lib/python3.11/site-packages/airflow/example_dags/plugins/listener_plugin.py took 0.040 seconds
[2023-12-15T21:50:10.781+0500] {processor.py:157} INFO - Started process (PID=7903) to work on /home/amina/miniconda/lib/python3.11/site-packages/airflow/example_dags/plugins/listener_plugin.py
[2023-12-15T21:50:10.818+0500] {processor.py:829} INFO - Processing file /home/amina/miniconda/lib/python3.11/site-packages/airflow/example_dags/plugins/listener_plugin.py for tasks to queue
[2023-12-15T21:50:10.819+0500] {logging_mixin.py:154} INFO - [2023-12-15T21:50:10.819+0500] {dagbag.py:536} INFO - Filling up the DagBag from /home/amina/miniconda/lib/python3.11/site-packages/airflow/example_dags/plugins/listener_plugin.py
[2023-12-15T21:50:10.822+0500] {processor.py:841} WARNING - No viable dags retrieved from /home/amina/miniconda/lib/python3.11/site-packages/airflow/example_dags/plugins/listener_plugin.py
[2023-12-15T21:50:10.830+0500] {processor.py:179} INFO - Processing /home/amina/miniconda/lib/python3.11/site-packages/airflow/example_dags/plugins/listener_plugin.py took 0.053 seconds
[2023-12-15T21:50:54.543+0500] {processor.py:157} INFO - Started process (PID=7943) to work on /home/amina/miniconda/lib/python3.11/site-packages/airflow/example_dags/plugins/listener_plugin.py
[2023-12-15T21:50:54.593+0500] {processor.py:829} INFO - Processing file /home/amina/miniconda/lib/python3.11/site-packages/airflow/example_dags/plugins/listener_plugin.py for tasks to queue
[2023-12-15T21:50:54.594+0500] {logging_mixin.py:154} INFO - [2023-12-15T21:50:54.593+0500] {dagbag.py:536} INFO - Filling up the DagBag from /home/amina/miniconda/lib/python3.11/site-packages/airflow/example_dags/plugins/listener_plugin.py
[2023-12-15T21:50:54.597+0500] {processor.py:841} WARNING - No viable dags retrieved from /home/amina/miniconda/lib/python3.11/site-packages/airflow/example_dags/plugins/listener_plugin.py
[2023-12-15T21:50:54.610+0500] {processor.py:179} INFO - Processing /home/amina/miniconda/lib/python3.11/site-packages/airflow/example_dags/plugins/listener_plugin.py took 0.071 seconds
[2023-12-15T21:51:46.192+0500] {processor.py:157} INFO - Started process (PID=8063) to work on /home/amina/miniconda/lib/python3.11/site-packages/airflow/example_dags/plugins/listener_plugin.py
[2023-12-15T21:51:46.221+0500] {processor.py:829} INFO - Processing file /home/amina/miniconda/lib/python3.11/site-packages/airflow/example_dags/plugins/listener_plugin.py for tasks to queue
[2023-12-15T21:51:46.222+0500] {logging_mixin.py:154} INFO - [2023-12-15T21:51:46.222+0500] {dagbag.py:536} INFO - Filling up the DagBag from /home/amina/miniconda/lib/python3.11/site-packages/airflow/example_dags/plugins/listener_plugin.py
[2023-12-15T21:51:46.224+0500] {processor.py:841} WARNING - No viable dags retrieved from /home/amina/miniconda/lib/python3.11/site-packages/airflow/example_dags/plugins/listener_plugin.py
[2023-12-15T21:51:46.234+0500] {processor.py:179} INFO - Processing /home/amina/miniconda/lib/python3.11/site-packages/airflow/example_dags/plugins/listener_plugin.py took 0.046 seconds
[2023-12-15T21:52:43.418+0500] {processor.py:157} INFO - Started process (PID=8112) to work on /home/amina/miniconda/lib/python3.11/site-packages/airflow/example_dags/plugins/listener_plugin.py
[2023-12-15T21:52:43.456+0500] {processor.py:829} INFO - Processing file /home/amina/miniconda/lib/python3.11/site-packages/airflow/example_dags/plugins/listener_plugin.py for tasks to queue
[2023-12-15T21:52:43.457+0500] {logging_mixin.py:154} INFO - [2023-12-15T21:52:43.456+0500] {dagbag.py:536} INFO - Filling up the DagBag from /home/amina/miniconda/lib/python3.11/site-packages/airflow/example_dags/plugins/listener_plugin.py
[2023-12-15T21:52:43.459+0500] {processor.py:841} WARNING - No viable dags retrieved from /home/amina/miniconda/lib/python3.11/site-packages/airflow/example_dags/plugins/listener_plugin.py
[2023-12-15T21:52:43.468+0500] {processor.py:179} INFO - Processing /home/amina/miniconda/lib/python3.11/site-packages/airflow/example_dags/plugins/listener_plugin.py took 0.054 seconds
[2023-12-15T21:53:21.940+0500] {processor.py:157} INFO - Started process (PID=8156) to work on /home/amina/miniconda/lib/python3.11/site-packages/airflow/example_dags/plugins/listener_plugin.py
[2023-12-15T21:53:21.962+0500] {processor.py:829} INFO - Processing file /home/amina/miniconda/lib/python3.11/site-packages/airflow/example_dags/plugins/listener_plugin.py for tasks to queue
[2023-12-15T21:53:21.963+0500] {logging_mixin.py:154} INFO - [2023-12-15T21:53:21.963+0500] {dagbag.py:536} INFO - Filling up the DagBag from /home/amina/miniconda/lib/python3.11/site-packages/airflow/example_dags/plugins/listener_plugin.py
[2023-12-15T21:53:21.967+0500] {processor.py:841} WARNING - No viable dags retrieved from /home/amina/miniconda/lib/python3.11/site-packages/airflow/example_dags/plugins/listener_plugin.py
[2023-12-15T21:53:21.978+0500] {processor.py:179} INFO - Processing /home/amina/miniconda/lib/python3.11/site-packages/airflow/example_dags/plugins/listener_plugin.py took 0.042 seconds
[2023-12-15T21:54:14.435+0500] {processor.py:157} INFO - Started process (PID=8217) to work on /home/amina/miniconda/lib/python3.11/site-packages/airflow/example_dags/plugins/listener_plugin.py
[2023-12-15T21:54:14.478+0500] {processor.py:829} INFO - Processing file /home/amina/miniconda/lib/python3.11/site-packages/airflow/example_dags/plugins/listener_plugin.py for tasks to queue
[2023-12-15T21:54:14.479+0500] {logging_mixin.py:154} INFO - [2023-12-15T21:54:14.479+0500] {dagbag.py:536} INFO - Filling up the DagBag from /home/amina/miniconda/lib/python3.11/site-packages/airflow/example_dags/plugins/listener_plugin.py
[2023-12-15T21:54:14.481+0500] {processor.py:841} WARNING - No viable dags retrieved from /home/amina/miniconda/lib/python3.11/site-packages/airflow/example_dags/plugins/listener_plugin.py
[2023-12-15T21:54:14.491+0500] {processor.py:179} INFO - Processing /home/amina/miniconda/lib/python3.11/site-packages/airflow/example_dags/plugins/listener_plugin.py took 0.058 seconds
[2023-12-15T21:54:58.366+0500] {processor.py:157} INFO - Started process (PID=8272) to work on /home/amina/miniconda/lib/python3.11/site-packages/airflow/example_dags/plugins/listener_plugin.py
[2023-12-15T21:54:58.396+0500] {processor.py:829} INFO - Processing file /home/amina/miniconda/lib/python3.11/site-packages/airflow/example_dags/plugins/listener_plugin.py for tasks to queue
[2023-12-15T21:54:58.396+0500] {logging_mixin.py:154} INFO - [2023-12-15T21:54:58.396+0500] {dagbag.py:536} INFO - Filling up the DagBag from /home/amina/miniconda/lib/python3.11/site-packages/airflow/example_dags/plugins/listener_plugin.py
[2023-12-15T21:54:58.399+0500] {processor.py:841} WARNING - No viable dags retrieved from /home/amina/miniconda/lib/python3.11/site-packages/airflow/example_dags/plugins/listener_plugin.py
[2023-12-15T21:54:58.408+0500] {processor.py:179} INFO - Processing /home/amina/miniconda/lib/python3.11/site-packages/airflow/example_dags/plugins/listener_plugin.py took 0.046 seconds
[2023-12-15T21:55:42.243+0500] {processor.py:157} INFO - Started process (PID=8320) to work on /home/amina/miniconda/lib/python3.11/site-packages/airflow/example_dags/plugins/listener_plugin.py
[2023-12-15T21:55:42.276+0500] {processor.py:829} INFO - Processing file /home/amina/miniconda/lib/python3.11/site-packages/airflow/example_dags/plugins/listener_plugin.py for tasks to queue
[2023-12-15T21:55:42.277+0500] {logging_mixin.py:154} INFO - [2023-12-15T21:55:42.276+0500] {dagbag.py:536} INFO - Filling up the DagBag from /home/amina/miniconda/lib/python3.11/site-packages/airflow/example_dags/plugins/listener_plugin.py
[2023-12-15T21:55:42.279+0500] {processor.py:841} WARNING - No viable dags retrieved from /home/amina/miniconda/lib/python3.11/site-packages/airflow/example_dags/plugins/listener_plugin.py
[2023-12-15T21:55:42.292+0500] {processor.py:179} INFO - Processing /home/amina/miniconda/lib/python3.11/site-packages/airflow/example_dags/plugins/listener_plugin.py took 0.052 seconds
[2023-12-15T21:56:32.125+0500] {processor.py:157} INFO - Started process (PID=8369) to work on /home/amina/miniconda/lib/python3.11/site-packages/airflow/example_dags/plugins/listener_plugin.py
[2023-12-15T21:56:32.133+0500] {processor.py:829} INFO - Processing file /home/amina/miniconda/lib/python3.11/site-packages/airflow/example_dags/plugins/listener_plugin.py for tasks to queue
[2023-12-15T21:56:32.134+0500] {logging_mixin.py:154} INFO - [2023-12-15T21:56:32.133+0500] {dagbag.py:536} INFO - Filling up the DagBag from /home/amina/miniconda/lib/python3.11/site-packages/airflow/example_dags/plugins/listener_plugin.py
[2023-12-15T21:56:32.136+0500] {processor.py:841} WARNING - No viable dags retrieved from /home/amina/miniconda/lib/python3.11/site-packages/airflow/example_dags/plugins/listener_plugin.py
[2023-12-15T21:56:32.145+0500] {processor.py:179} INFO - Processing /home/amina/miniconda/lib/python3.11/site-packages/airflow/example_dags/plugins/listener_plugin.py took 0.023 seconds
[2023-12-15T21:57:24.770+0500] {processor.py:157} INFO - Started process (PID=8432) to work on /home/amina/miniconda/lib/python3.11/site-packages/airflow/example_dags/plugins/listener_plugin.py
[2023-12-15T21:57:24.783+0500] {processor.py:829} INFO - Processing file /home/amina/miniconda/lib/python3.11/site-packages/airflow/example_dags/plugins/listener_plugin.py for tasks to queue
[2023-12-15T21:57:24.784+0500] {logging_mixin.py:154} INFO - [2023-12-15T21:57:24.784+0500] {dagbag.py:536} INFO - Filling up the DagBag from /home/amina/miniconda/lib/python3.11/site-packages/airflow/example_dags/plugins/listener_plugin.py
[2023-12-15T21:57:24.787+0500] {processor.py:841} WARNING - No viable dags retrieved from /home/amina/miniconda/lib/python3.11/site-packages/airflow/example_dags/plugins/listener_plugin.py
[2023-12-15T21:57:24.796+0500] {processor.py:179} INFO - Processing /home/amina/miniconda/lib/python3.11/site-packages/airflow/example_dags/plugins/listener_plugin.py took 0.029 seconds
[2023-12-15T21:58:19.075+0500] {processor.py:157} INFO - Started process (PID=8490) to work on /home/amina/miniconda/lib/python3.11/site-packages/airflow/example_dags/plugins/listener_plugin.py
[2023-12-15T21:58:19.102+0500] {processor.py:829} INFO - Processing file /home/amina/miniconda/lib/python3.11/site-packages/airflow/example_dags/plugins/listener_plugin.py for tasks to queue
[2023-12-15T21:58:19.103+0500] {logging_mixin.py:154} INFO - [2023-12-15T21:58:19.102+0500] {dagbag.py:536} INFO - Filling up the DagBag from /home/amina/miniconda/lib/python3.11/site-packages/airflow/example_dags/plugins/listener_plugin.py
[2023-12-15T21:58:19.105+0500] {processor.py:841} WARNING - No viable dags retrieved from /home/amina/miniconda/lib/python3.11/site-packages/airflow/example_dags/plugins/listener_plugin.py
[2023-12-15T21:58:19.114+0500] {processor.py:179} INFO - Processing /home/amina/miniconda/lib/python3.11/site-packages/airflow/example_dags/plugins/listener_plugin.py took 0.042 seconds
[2023-12-15T21:59:13.345+0500] {processor.py:157} INFO - Started process (PID=8548) to work on /home/amina/miniconda/lib/python3.11/site-packages/airflow/example_dags/plugins/listener_plugin.py
[2023-12-15T21:59:13.386+0500] {processor.py:829} INFO - Processing file /home/amina/miniconda/lib/python3.11/site-packages/airflow/example_dags/plugins/listener_plugin.py for tasks to queue
[2023-12-15T21:59:13.387+0500] {logging_mixin.py:154} INFO - [2023-12-15T21:59:13.386+0500] {dagbag.py:536} INFO - Filling up the DagBag from /home/amina/miniconda/lib/python3.11/site-packages/airflow/example_dags/plugins/listener_plugin.py
[2023-12-15T21:59:13.389+0500] {processor.py:841} WARNING - No viable dags retrieved from /home/amina/miniconda/lib/python3.11/site-packages/airflow/example_dags/plugins/listener_plugin.py
[2023-12-15T21:59:13.398+0500] {processor.py:179} INFO - Processing /home/amina/miniconda/lib/python3.11/site-packages/airflow/example_dags/plugins/listener_plugin.py took 0.056 seconds
[2023-12-15T22:00:05.742+0500] {processor.py:157} INFO - Started process (PID=8612) to work on /home/amina/miniconda/lib/python3.11/site-packages/airflow/example_dags/plugins/listener_plugin.py
[2023-12-15T22:00:05.784+0500] {processor.py:829} INFO - Processing file /home/amina/miniconda/lib/python3.11/site-packages/airflow/example_dags/plugins/listener_plugin.py for tasks to queue
[2023-12-15T22:00:05.786+0500] {logging_mixin.py:154} INFO - [2023-12-15T22:00:05.785+0500] {dagbag.py:536} INFO - Filling up the DagBag from /home/amina/miniconda/lib/python3.11/site-packages/airflow/example_dags/plugins/listener_plugin.py
[2023-12-15T22:00:05.791+0500] {processor.py:841} WARNING - No viable dags retrieved from /home/amina/miniconda/lib/python3.11/site-packages/airflow/example_dags/plugins/listener_plugin.py
[2023-12-15T22:00:05.808+0500] {processor.py:179} INFO - Processing /home/amina/miniconda/lib/python3.11/site-packages/airflow/example_dags/plugins/listener_plugin.py took 0.069 seconds
[2023-12-15T22:01:02.753+0500] {processor.py:157} INFO - Started process (PID=8686) to work on /home/amina/miniconda/lib/python3.11/site-packages/airflow/example_dags/plugins/listener_plugin.py
[2023-12-15T22:01:02.779+0500] {processor.py:829} INFO - Processing file /home/amina/miniconda/lib/python3.11/site-packages/airflow/example_dags/plugins/listener_plugin.py for tasks to queue
[2023-12-15T22:01:02.780+0500] {logging_mixin.py:154} INFO - [2023-12-15T22:01:02.780+0500] {dagbag.py:536} INFO - Filling up the DagBag from /home/amina/miniconda/lib/python3.11/site-packages/airflow/example_dags/plugins/listener_plugin.py
[2023-12-15T22:01:02.782+0500] {processor.py:841} WARNING - No viable dags retrieved from /home/amina/miniconda/lib/python3.11/site-packages/airflow/example_dags/plugins/listener_plugin.py
[2023-12-15T22:01:02.791+0500] {processor.py:179} INFO - Processing /home/amina/miniconda/lib/python3.11/site-packages/airflow/example_dags/plugins/listener_plugin.py took 0.041 seconds
[2023-12-15T22:01:52.394+0500] {processor.py:157} INFO - Started process (PID=8751) to work on /home/amina/miniconda/lib/python3.11/site-packages/airflow/example_dags/plugins/listener_plugin.py
[2023-12-15T22:01:52.434+0500] {processor.py:829} INFO - Processing file /home/amina/miniconda/lib/python3.11/site-packages/airflow/example_dags/plugins/listener_plugin.py for tasks to queue
[2023-12-15T22:01:52.435+0500] {logging_mixin.py:154} INFO - [2023-12-15T22:01:52.435+0500] {dagbag.py:536} INFO - Filling up the DagBag from /home/amina/miniconda/lib/python3.11/site-packages/airflow/example_dags/plugins/listener_plugin.py
[2023-12-15T22:01:52.438+0500] {processor.py:841} WARNING - No viable dags retrieved from /home/amina/miniconda/lib/python3.11/site-packages/airflow/example_dags/plugins/listener_plugin.py
[2023-12-15T22:01:52.447+0500] {processor.py:179} INFO - Processing /home/amina/miniconda/lib/python3.11/site-packages/airflow/example_dags/plugins/listener_plugin.py took 0.057 seconds
[2023-12-15T22:02:44.345+0500] {processor.py:157} INFO - Started process (PID=8809) to work on /home/amina/miniconda/lib/python3.11/site-packages/airflow/example_dags/plugins/listener_plugin.py
[2023-12-15T22:02:44.408+0500] {processor.py:829} INFO - Processing file /home/amina/miniconda/lib/python3.11/site-packages/airflow/example_dags/plugins/listener_plugin.py for tasks to queue
[2023-12-15T22:02:44.409+0500] {logging_mixin.py:154} INFO - [2023-12-15T22:02:44.409+0500] {dagbag.py:536} INFO - Filling up the DagBag from /home/amina/miniconda/lib/python3.11/site-packages/airflow/example_dags/plugins/listener_plugin.py
[2023-12-15T22:02:44.412+0500] {processor.py:841} WARNING - No viable dags retrieved from /home/amina/miniconda/lib/python3.11/site-packages/airflow/example_dags/plugins/listener_plugin.py
[2023-12-15T22:02:44.421+0500] {processor.py:179} INFO - Processing /home/amina/miniconda/lib/python3.11/site-packages/airflow/example_dags/plugins/listener_plugin.py took 0.079 seconds
[2023-12-15T22:03:46.933+0500] {processor.py:157} INFO - Started process (PID=8879) to work on /home/amina/miniconda/lib/python3.11/site-packages/airflow/example_dags/plugins/listener_plugin.py
[2023-12-15T22:03:46.994+0500] {processor.py:829} INFO - Processing file /home/amina/miniconda/lib/python3.11/site-packages/airflow/example_dags/plugins/listener_plugin.py for tasks to queue
[2023-12-15T22:03:46.995+0500] {logging_mixin.py:154} INFO - [2023-12-15T22:03:46.995+0500] {dagbag.py:536} INFO - Filling up the DagBag from /home/amina/miniconda/lib/python3.11/site-packages/airflow/example_dags/plugins/listener_plugin.py
[2023-12-15T22:03:46.998+0500] {processor.py:841} WARNING - No viable dags retrieved from /home/amina/miniconda/lib/python3.11/site-packages/airflow/example_dags/plugins/listener_plugin.py
[2023-12-15T22:03:47.010+0500] {processor.py:179} INFO - Processing /home/amina/miniconda/lib/python3.11/site-packages/airflow/example_dags/plugins/listener_plugin.py took 0.081 seconds
[2023-12-15T22:04:21.346+0500] {processor.py:157} INFO - Started process (PID=8918) to work on /home/amina/miniconda/lib/python3.11/site-packages/airflow/example_dags/plugins/listener_plugin.py
[2023-12-15T22:04:21.347+0500] {processor.py:829} INFO - Processing file /home/amina/miniconda/lib/python3.11/site-packages/airflow/example_dags/plugins/listener_plugin.py for tasks to queue
[2023-12-15T22:04:21.348+0500] {logging_mixin.py:154} INFO - [2023-12-15T22:04:21.348+0500] {dagbag.py:536} INFO - Filling up the DagBag from /home/amina/miniconda/lib/python3.11/site-packages/airflow/example_dags/plugins/listener_plugin.py
[2023-12-15T22:04:21.352+0500] {processor.py:841} WARNING - No viable dags retrieved from /home/amina/miniconda/lib/python3.11/site-packages/airflow/example_dags/plugins/listener_plugin.py
[2023-12-15T22:04:21.363+0500] {processor.py:179} INFO - Processing /home/amina/miniconda/lib/python3.11/site-packages/airflow/example_dags/plugins/listener_plugin.py took 0.019 seconds
[2023-12-15T22:04:55.692+0500] {processor.py:157} INFO - Started process (PID=8957) to work on /home/amina/miniconda/lib/python3.11/site-packages/airflow/example_dags/plugins/listener_plugin.py
[2023-12-15T22:04:55.735+0500] {processor.py:829} INFO - Processing file /home/amina/miniconda/lib/python3.11/site-packages/airflow/example_dags/plugins/listener_plugin.py for tasks to queue
[2023-12-15T22:04:55.736+0500] {logging_mixin.py:154} INFO - [2023-12-15T22:04:55.735+0500] {dagbag.py:536} INFO - Filling up the DagBag from /home/amina/miniconda/lib/python3.11/site-packages/airflow/example_dags/plugins/listener_plugin.py
[2023-12-15T22:04:55.738+0500] {processor.py:841} WARNING - No viable dags retrieved from /home/amina/miniconda/lib/python3.11/site-packages/airflow/example_dags/plugins/listener_plugin.py
[2023-12-15T22:04:55.749+0500] {processor.py:179} INFO - Processing /home/amina/miniconda/lib/python3.11/site-packages/airflow/example_dags/plugins/listener_plugin.py took 0.060 seconds
[2023-12-15T22:05:56.450+0500] {processor.py:157} INFO - Started process (PID=9022) to work on /home/amina/miniconda/lib/python3.11/site-packages/airflow/example_dags/plugins/listener_plugin.py
[2023-12-15T22:05:56.496+0500] {processor.py:829} INFO - Processing file /home/amina/miniconda/lib/python3.11/site-packages/airflow/example_dags/plugins/listener_plugin.py for tasks to queue
[2023-12-15T22:05:56.497+0500] {logging_mixin.py:154} INFO - [2023-12-15T22:05:56.497+0500] {dagbag.py:536} INFO - Filling up the DagBag from /home/amina/miniconda/lib/python3.11/site-packages/airflow/example_dags/plugins/listener_plugin.py
[2023-12-15T22:05:56.499+0500] {processor.py:841} WARNING - No viable dags retrieved from /home/amina/miniconda/lib/python3.11/site-packages/airflow/example_dags/plugins/listener_plugin.py
[2023-12-15T22:05:56.510+0500] {processor.py:179} INFO - Processing /home/amina/miniconda/lib/python3.11/site-packages/airflow/example_dags/plugins/listener_plugin.py took 0.063 seconds
[2023-12-15T22:06:55.009+0500] {processor.py:157} INFO - Started process (PID=9076) to work on /home/amina/miniconda/lib/python3.11/site-packages/airflow/example_dags/plugins/listener_plugin.py
[2023-12-15T22:06:55.055+0500] {processor.py:829} INFO - Processing file /home/amina/miniconda/lib/python3.11/site-packages/airflow/example_dags/plugins/listener_plugin.py for tasks to queue
[2023-12-15T22:06:55.056+0500] {logging_mixin.py:154} INFO - [2023-12-15T22:06:55.055+0500] {dagbag.py:536} INFO - Filling up the DagBag from /home/amina/miniconda/lib/python3.11/site-packages/airflow/example_dags/plugins/listener_plugin.py
[2023-12-15T22:06:55.059+0500] {processor.py:841} WARNING - No viable dags retrieved from /home/amina/miniconda/lib/python3.11/site-packages/airflow/example_dags/plugins/listener_plugin.py
[2023-12-15T22:06:55.068+0500] {processor.py:179} INFO - Processing /home/amina/miniconda/lib/python3.11/site-packages/airflow/example_dags/plugins/listener_plugin.py took 0.063 seconds
[2023-12-15T22:07:28.654+0500] {processor.py:157} INFO - Started process (PID=9108) to work on /home/amina/miniconda/lib/python3.11/site-packages/airflow/example_dags/plugins/listener_plugin.py
[2023-12-15T22:07:28.687+0500] {processor.py:829} INFO - Processing file /home/amina/miniconda/lib/python3.11/site-packages/airflow/example_dags/plugins/listener_plugin.py for tasks to queue
[2023-12-15T22:07:28.689+0500] {logging_mixin.py:154} INFO - [2023-12-15T22:07:28.688+0500] {dagbag.py:536} INFO - Filling up the DagBag from /home/amina/miniconda/lib/python3.11/site-packages/airflow/example_dags/plugins/listener_plugin.py
[2023-12-15T22:07:28.692+0500] {processor.py:841} WARNING - No viable dags retrieved from /home/amina/miniconda/lib/python3.11/site-packages/airflow/example_dags/plugins/listener_plugin.py
[2023-12-15T22:07:28.702+0500] {processor.py:179} INFO - Processing /home/amina/miniconda/lib/python3.11/site-packages/airflow/example_dags/plugins/listener_plugin.py took 0.051 seconds
[2023-12-15T22:08:26.908+0500] {processor.py:157} INFO - Started process (PID=9174) to work on /home/amina/miniconda/lib/python3.11/site-packages/airflow/example_dags/plugins/listener_plugin.py
[2023-12-15T22:08:26.961+0500] {processor.py:829} INFO - Processing file /home/amina/miniconda/lib/python3.11/site-packages/airflow/example_dags/plugins/listener_plugin.py for tasks to queue
[2023-12-15T22:08:26.962+0500] {logging_mixin.py:154} INFO - [2023-12-15T22:08:26.962+0500] {dagbag.py:536} INFO - Filling up the DagBag from /home/amina/miniconda/lib/python3.11/site-packages/airflow/example_dags/plugins/listener_plugin.py
[2023-12-15T22:08:26.965+0500] {processor.py:841} WARNING - No viable dags retrieved from /home/amina/miniconda/lib/python3.11/site-packages/airflow/example_dags/plugins/listener_plugin.py
[2023-12-15T22:08:26.977+0500] {processor.py:179} INFO - Processing /home/amina/miniconda/lib/python3.11/site-packages/airflow/example_dags/plugins/listener_plugin.py took 0.071 seconds
[2023-12-15T22:09:04.048+0500] {processor.py:157} INFO - Started process (PID=9219) to work on /home/amina/miniconda/lib/python3.11/site-packages/airflow/example_dags/plugins/listener_plugin.py
[2023-12-15T22:09:04.049+0500] {processor.py:829} INFO - Processing file /home/amina/miniconda/lib/python3.11/site-packages/airflow/example_dags/plugins/listener_plugin.py for tasks to queue
[2023-12-15T22:09:04.050+0500] {logging_mixin.py:154} INFO - [2023-12-15T22:09:04.050+0500] {dagbag.py:536} INFO - Filling up the DagBag from /home/amina/miniconda/lib/python3.11/site-packages/airflow/example_dags/plugins/listener_plugin.py
[2023-12-15T22:09:04.053+0500] {processor.py:841} WARNING - No viable dags retrieved from /home/amina/miniconda/lib/python3.11/site-packages/airflow/example_dags/plugins/listener_plugin.py
[2023-12-15T22:09:04.066+0500] {processor.py:179} INFO - Processing /home/amina/miniconda/lib/python3.11/site-packages/airflow/example_dags/plugins/listener_plugin.py took 0.022 seconds
[2023-12-15T22:10:03.261+0500] {processor.py:157} INFO - Started process (PID=9279) to work on /home/amina/miniconda/lib/python3.11/site-packages/airflow/example_dags/plugins/listener_plugin.py
[2023-12-15T22:10:03.322+0500] {processor.py:829} INFO - Processing file /home/amina/miniconda/lib/python3.11/site-packages/airflow/example_dags/plugins/listener_plugin.py for tasks to queue
[2023-12-15T22:10:03.323+0500] {logging_mixin.py:154} INFO - [2023-12-15T22:10:03.323+0500] {dagbag.py:536} INFO - Filling up the DagBag from /home/amina/miniconda/lib/python3.11/site-packages/airflow/example_dags/plugins/listener_plugin.py
[2023-12-15T22:10:03.326+0500] {processor.py:841} WARNING - No viable dags retrieved from /home/amina/miniconda/lib/python3.11/site-packages/airflow/example_dags/plugins/listener_plugin.py
[2023-12-15T22:10:03.337+0500] {processor.py:179} INFO - Processing /home/amina/miniconda/lib/python3.11/site-packages/airflow/example_dags/plugins/listener_plugin.py took 0.080 seconds
[2023-12-15T22:10:39.338+0500] {processor.py:157} INFO - Started process (PID=9314) to work on /home/amina/miniconda/lib/python3.11/site-packages/airflow/example_dags/plugins/listener_plugin.py
[2023-12-15T22:10:39.360+0500] {processor.py:829} INFO - Processing file /home/amina/miniconda/lib/python3.11/site-packages/airflow/example_dags/plugins/listener_plugin.py for tasks to queue
[2023-12-15T22:10:39.361+0500] {logging_mixin.py:154} INFO - [2023-12-15T22:10:39.361+0500] {dagbag.py:536} INFO - Filling up the DagBag from /home/amina/miniconda/lib/python3.11/site-packages/airflow/example_dags/plugins/listener_plugin.py
[2023-12-15T22:10:39.364+0500] {processor.py:841} WARNING - No viable dags retrieved from /home/amina/miniconda/lib/python3.11/site-packages/airflow/example_dags/plugins/listener_plugin.py
[2023-12-15T22:10:39.375+0500] {processor.py:179} INFO - Processing /home/amina/miniconda/lib/python3.11/site-packages/airflow/example_dags/plugins/listener_plugin.py took 0.040 seconds
[2023-12-15T22:11:35.865+0500] {processor.py:157} INFO - Started process (PID=9373) to work on /home/amina/miniconda/lib/python3.11/site-packages/airflow/example_dags/plugins/listener_plugin.py
[2023-12-15T22:11:35.920+0500] {processor.py:829} INFO - Processing file /home/amina/miniconda/lib/python3.11/site-packages/airflow/example_dags/plugins/listener_plugin.py for tasks to queue
[2023-12-15T22:11:35.921+0500] {logging_mixin.py:154} INFO - [2023-12-15T22:11:35.921+0500] {dagbag.py:536} INFO - Filling up the DagBag from /home/amina/miniconda/lib/python3.11/site-packages/airflow/example_dags/plugins/listener_plugin.py
[2023-12-15T22:11:35.925+0500] {processor.py:841} WARNING - No viable dags retrieved from /home/amina/miniconda/lib/python3.11/site-packages/airflow/example_dags/plugins/listener_plugin.py
[2023-12-15T22:11:35.937+0500] {processor.py:179} INFO - Processing /home/amina/miniconda/lib/python3.11/site-packages/airflow/example_dags/plugins/listener_plugin.py took 0.075 seconds
[2023-12-15T22:12:38.967+0500] {processor.py:157} INFO - Started process (PID=9441) to work on /home/amina/miniconda/lib/python3.11/site-packages/airflow/example_dags/plugins/listener_plugin.py
[2023-12-15T22:12:38.968+0500] {processor.py:829} INFO - Processing file /home/amina/miniconda/lib/python3.11/site-packages/airflow/example_dags/plugins/listener_plugin.py for tasks to queue
[2023-12-15T22:12:38.969+0500] {logging_mixin.py:154} INFO - [2023-12-15T22:12:38.968+0500] {dagbag.py:536} INFO - Filling up the DagBag from /home/amina/miniconda/lib/python3.11/site-packages/airflow/example_dags/plugins/listener_plugin.py
[2023-12-15T22:12:38.972+0500] {processor.py:841} WARNING - No viable dags retrieved from /home/amina/miniconda/lib/python3.11/site-packages/airflow/example_dags/plugins/listener_plugin.py
[2023-12-15T22:12:38.982+0500] {processor.py:179} INFO - Processing /home/amina/miniconda/lib/python3.11/site-packages/airflow/example_dags/plugins/listener_plugin.py took 0.020 seconds
[2023-12-15T22:13:29.506+0500] {processor.py:157} INFO - Started process (PID=9493) to work on /home/amina/miniconda/lib/python3.11/site-packages/airflow/example_dags/plugins/listener_plugin.py
[2023-12-15T22:13:29.542+0500] {processor.py:829} INFO - Processing file /home/amina/miniconda/lib/python3.11/site-packages/airflow/example_dags/plugins/listener_plugin.py for tasks to queue
[2023-12-15T22:13:29.542+0500] {logging_mixin.py:154} INFO - [2023-12-15T22:13:29.542+0500] {dagbag.py:536} INFO - Filling up the DagBag from /home/amina/miniconda/lib/python3.11/site-packages/airflow/example_dags/plugins/listener_plugin.py
[2023-12-15T22:13:29.545+0500] {processor.py:841} WARNING - No viable dags retrieved from /home/amina/miniconda/lib/python3.11/site-packages/airflow/example_dags/plugins/listener_plugin.py
[2023-12-15T22:13:29.554+0500] {processor.py:179} INFO - Processing /home/amina/miniconda/lib/python3.11/site-packages/airflow/example_dags/plugins/listener_plugin.py took 0.051 seconds
[2023-12-15T22:14:17.871+0500] {processor.py:157} INFO - Started process (PID=9557) to work on /home/amina/miniconda/lib/python3.11/site-packages/airflow/example_dags/plugins/listener_plugin.py
[2023-12-15T22:14:17.882+0500] {processor.py:829} INFO - Processing file /home/amina/miniconda/lib/python3.11/site-packages/airflow/example_dags/plugins/listener_plugin.py for tasks to queue
[2023-12-15T22:14:17.883+0500] {logging_mixin.py:154} INFO - [2023-12-15T22:14:17.883+0500] {dagbag.py:536} INFO - Filling up the DagBag from /home/amina/miniconda/lib/python3.11/site-packages/airflow/example_dags/plugins/listener_plugin.py
[2023-12-15T22:14:17.886+0500] {processor.py:841} WARNING - No viable dags retrieved from /home/amina/miniconda/lib/python3.11/site-packages/airflow/example_dags/plugins/listener_plugin.py
[2023-12-15T22:14:17.895+0500] {processor.py:179} INFO - Processing /home/amina/miniconda/lib/python3.11/site-packages/airflow/example_dags/plugins/listener_plugin.py took 0.027 seconds
[2023-12-15T22:15:33.033+0500] {processor.py:157} INFO - Started process (PID=9639) to work on /home/amina/miniconda/lib/python3.11/site-packages/airflow/example_dags/plugins/listener_plugin.py
[2023-12-15T22:15:33.046+0500] {processor.py:829} INFO - Processing file /home/amina/miniconda/lib/python3.11/site-packages/airflow/example_dags/plugins/listener_plugin.py for tasks to queue
[2023-12-15T22:15:33.048+0500] {logging_mixin.py:154} INFO - [2023-12-15T22:15:33.047+0500] {dagbag.py:536} INFO - Filling up the DagBag from /home/amina/miniconda/lib/python3.11/site-packages/airflow/example_dags/plugins/listener_plugin.py
[2023-12-15T22:15:33.050+0500] {processor.py:841} WARNING - No viable dags retrieved from /home/amina/miniconda/lib/python3.11/site-packages/airflow/example_dags/plugins/listener_plugin.py
[2023-12-15T22:15:33.066+0500] {processor.py:179} INFO - Processing /home/amina/miniconda/lib/python3.11/site-packages/airflow/example_dags/plugins/listener_plugin.py took 0.039 seconds
[2023-12-15T22:16:11.493+0500] {processor.py:157} INFO - Started process (PID=9679) to work on /home/amina/miniconda/lib/python3.11/site-packages/airflow/example_dags/plugins/listener_plugin.py
[2023-12-15T22:16:11.567+0500] {processor.py:829} INFO - Processing file /home/amina/miniconda/lib/python3.11/site-packages/airflow/example_dags/plugins/listener_plugin.py for tasks to queue
[2023-12-15T22:16:11.568+0500] {logging_mixin.py:154} INFO - [2023-12-15T22:16:11.568+0500] {dagbag.py:536} INFO - Filling up the DagBag from /home/amina/miniconda/lib/python3.11/site-packages/airflow/example_dags/plugins/listener_plugin.py
[2023-12-15T22:16:11.570+0500] {processor.py:841} WARNING - No viable dags retrieved from /home/amina/miniconda/lib/python3.11/site-packages/airflow/example_dags/plugins/listener_plugin.py
[2023-12-15T22:16:11.582+0500] {processor.py:179} INFO - Processing /home/amina/miniconda/lib/python3.11/site-packages/airflow/example_dags/plugins/listener_plugin.py took 0.092 seconds
[2023-12-15T22:17:15.413+0500] {processor.py:157} INFO - Started process (PID=9751) to work on /home/amina/miniconda/lib/python3.11/site-packages/airflow/example_dags/plugins/listener_plugin.py
[2023-12-15T22:17:15.476+0500] {processor.py:829} INFO - Processing file /home/amina/miniconda/lib/python3.11/site-packages/airflow/example_dags/plugins/listener_plugin.py for tasks to queue
[2023-12-15T22:17:15.477+0500] {logging_mixin.py:154} INFO - [2023-12-15T22:17:15.477+0500] {dagbag.py:536} INFO - Filling up the DagBag from /home/amina/miniconda/lib/python3.11/site-packages/airflow/example_dags/plugins/listener_plugin.py
[2023-12-15T22:17:15.480+0500] {processor.py:841} WARNING - No viable dags retrieved from /home/amina/miniconda/lib/python3.11/site-packages/airflow/example_dags/plugins/listener_plugin.py
[2023-12-15T22:17:15.490+0500] {processor.py:179} INFO - Processing /home/amina/miniconda/lib/python3.11/site-packages/airflow/example_dags/plugins/listener_plugin.py took 0.080 seconds
[2023-12-15T22:18:17.257+0500] {processor.py:157} INFO - Started process (PID=9821) to work on /home/amina/miniconda/lib/python3.11/site-packages/airflow/example_dags/plugins/listener_plugin.py
[2023-12-15T22:18:17.296+0500] {processor.py:829} INFO - Processing file /home/amina/miniconda/lib/python3.11/site-packages/airflow/example_dags/plugins/listener_plugin.py for tasks to queue
[2023-12-15T22:18:17.297+0500] {logging_mixin.py:154} INFO - [2023-12-15T22:18:17.297+0500] {dagbag.py:536} INFO - Filling up the DagBag from /home/amina/miniconda/lib/python3.11/site-packages/airflow/example_dags/plugins/listener_plugin.py
[2023-12-15T22:18:17.300+0500] {processor.py:841} WARNING - No viable dags retrieved from /home/amina/miniconda/lib/python3.11/site-packages/airflow/example_dags/plugins/listener_plugin.py
[2023-12-15T22:18:17.312+0500] {processor.py:179} INFO - Processing /home/amina/miniconda/lib/python3.11/site-packages/airflow/example_dags/plugins/listener_plugin.py took 0.059 seconds
[2023-12-15T22:19:20.038+0500] {processor.py:157} INFO - Started process (PID=9901) to work on /home/amina/miniconda/lib/python3.11/site-packages/airflow/example_dags/plugins/listener_plugin.py
[2023-12-15T22:19:20.048+0500] {processor.py:829} INFO - Processing file /home/amina/miniconda/lib/python3.11/site-packages/airflow/example_dags/plugins/listener_plugin.py for tasks to queue
[2023-12-15T22:19:20.049+0500] {logging_mixin.py:154} INFO - [2023-12-15T22:19:20.049+0500] {dagbag.py:536} INFO - Filling up the DagBag from /home/amina/miniconda/lib/python3.11/site-packages/airflow/example_dags/plugins/listener_plugin.py
[2023-12-15T22:19:20.051+0500] {processor.py:841} WARNING - No viable dags retrieved from /home/amina/miniconda/lib/python3.11/site-packages/airflow/example_dags/plugins/listener_plugin.py
[2023-12-15T22:19:20.062+0500] {processor.py:179} INFO - Processing /home/amina/miniconda/lib/python3.11/site-packages/airflow/example_dags/plugins/listener_plugin.py took 0.027 seconds
[2023-12-15T22:19:53.133+0500] {processor.py:157} INFO - Started process (PID=9967) to work on /home/amina/miniconda/lib/python3.11/site-packages/airflow/example_dags/plugins/listener_plugin.py
[2023-12-15T22:19:53.134+0500] {processor.py:829} INFO - Processing file /home/amina/miniconda/lib/python3.11/site-packages/airflow/example_dags/plugins/listener_plugin.py for tasks to queue
[2023-12-15T22:19:53.135+0500] {logging_mixin.py:154} INFO - [2023-12-15T22:19:53.134+0500] {dagbag.py:536} INFO - Filling up the DagBag from /home/amina/miniconda/lib/python3.11/site-packages/airflow/example_dags/plugins/listener_plugin.py
[2023-12-15T22:19:53.138+0500] {processor.py:841} WARNING - No viable dags retrieved from /home/amina/miniconda/lib/python3.11/site-packages/airflow/example_dags/plugins/listener_plugin.py
[2023-12-15T22:19:53.150+0500] {processor.py:179} INFO - Processing /home/amina/miniconda/lib/python3.11/site-packages/airflow/example_dags/plugins/listener_plugin.py took 0.021 seconds
[2023-12-15T22:20:30.292+0500] {processor.py:157} INFO - Started process (PID=10101) to work on /home/amina/miniconda/lib/python3.11/site-packages/airflow/example_dags/plugins/listener_plugin.py
[2023-12-15T22:20:30.334+0500] {processor.py:829} INFO - Processing file /home/amina/miniconda/lib/python3.11/site-packages/airflow/example_dags/plugins/listener_plugin.py for tasks to queue
[2023-12-15T22:20:30.335+0500] {logging_mixin.py:154} INFO - [2023-12-15T22:20:30.335+0500] {dagbag.py:536} INFO - Filling up the DagBag from /home/amina/miniconda/lib/python3.11/site-packages/airflow/example_dags/plugins/listener_plugin.py
[2023-12-15T22:20:30.338+0500] {processor.py:841} WARNING - No viable dags retrieved from /home/amina/miniconda/lib/python3.11/site-packages/airflow/example_dags/plugins/listener_plugin.py
[2023-12-15T22:20:30.349+0500] {processor.py:179} INFO - Processing /home/amina/miniconda/lib/python3.11/site-packages/airflow/example_dags/plugins/listener_plugin.py took 0.060 seconds
[2023-12-15T22:21:04.937+0500] {processor.py:157} INFO - Started process (PID=10140) to work on /home/amina/miniconda/lib/python3.11/site-packages/airflow/example_dags/plugins/listener_plugin.py
[2023-12-15T22:21:04.973+0500] {processor.py:829} INFO - Processing file /home/amina/miniconda/lib/python3.11/site-packages/airflow/example_dags/plugins/listener_plugin.py for tasks to queue
[2023-12-15T22:21:04.974+0500] {logging_mixin.py:154} INFO - [2023-12-15T22:21:04.973+0500] {dagbag.py:536} INFO - Filling up the DagBag from /home/amina/miniconda/lib/python3.11/site-packages/airflow/example_dags/plugins/listener_plugin.py
[2023-12-15T22:21:04.976+0500] {processor.py:841} WARNING - No viable dags retrieved from /home/amina/miniconda/lib/python3.11/site-packages/airflow/example_dags/plugins/listener_plugin.py
[2023-12-15T22:21:04.988+0500] {processor.py:179} INFO - Processing /home/amina/miniconda/lib/python3.11/site-packages/airflow/example_dags/plugins/listener_plugin.py took 0.055 seconds
[2023-12-15T22:21:55.821+0500] {processor.py:157} INFO - Started process (PID=10204) to work on /home/amina/miniconda/lib/python3.11/site-packages/airflow/example_dags/plugins/listener_plugin.py
[2023-12-15T22:21:55.836+0500] {processor.py:829} INFO - Processing file /home/amina/miniconda/lib/python3.11/site-packages/airflow/example_dags/plugins/listener_plugin.py for tasks to queue
[2023-12-15T22:21:55.837+0500] {logging_mixin.py:154} INFO - [2023-12-15T22:21:55.837+0500] {dagbag.py:536} INFO - Filling up the DagBag from /home/amina/miniconda/lib/python3.11/site-packages/airflow/example_dags/plugins/listener_plugin.py
[2023-12-15T22:21:55.839+0500] {processor.py:841} WARNING - No viable dags retrieved from /home/amina/miniconda/lib/python3.11/site-packages/airflow/example_dags/plugins/listener_plugin.py
[2023-12-15T22:21:55.849+0500] {processor.py:179} INFO - Processing /home/amina/miniconda/lib/python3.11/site-packages/airflow/example_dags/plugins/listener_plugin.py took 0.032 seconds
[2023-12-15T22:22:49.128+0500] {processor.py:157} INFO - Started process (PID=10254) to work on /home/amina/miniconda/lib/python3.11/site-packages/airflow/example_dags/plugins/listener_plugin.py
[2023-12-15T22:22:49.165+0500] {processor.py:829} INFO - Processing file /home/amina/miniconda/lib/python3.11/site-packages/airflow/example_dags/plugins/listener_plugin.py for tasks to queue
[2023-12-15T22:22:49.166+0500] {logging_mixin.py:154} INFO - [2023-12-15T22:22:49.165+0500] {dagbag.py:536} INFO - Filling up the DagBag from /home/amina/miniconda/lib/python3.11/site-packages/airflow/example_dags/plugins/listener_plugin.py
[2023-12-15T22:22:49.169+0500] {processor.py:841} WARNING - No viable dags retrieved from /home/amina/miniconda/lib/python3.11/site-packages/airflow/example_dags/plugins/listener_plugin.py
[2023-12-15T22:22:49.186+0500] {processor.py:179} INFO - Processing /home/amina/miniconda/lib/python3.11/site-packages/airflow/example_dags/plugins/listener_plugin.py took 0.063 seconds
[2023-12-15T22:23:41.354+0500] {processor.py:157} INFO - Started process (PID=10317) to work on /home/amina/miniconda/lib/python3.11/site-packages/airflow/example_dags/plugins/listener_plugin.py
[2023-12-15T22:23:41.376+0500] {processor.py:829} INFO - Processing file /home/amina/miniconda/lib/python3.11/site-packages/airflow/example_dags/plugins/listener_plugin.py for tasks to queue
[2023-12-15T22:23:41.377+0500] {logging_mixin.py:154} INFO - [2023-12-15T22:23:41.376+0500] {dagbag.py:536} INFO - Filling up the DagBag from /home/amina/miniconda/lib/python3.11/site-packages/airflow/example_dags/plugins/listener_plugin.py
[2023-12-15T22:23:41.381+0500] {processor.py:841} WARNING - No viable dags retrieved from /home/amina/miniconda/lib/python3.11/site-packages/airflow/example_dags/plugins/listener_plugin.py
[2023-12-15T22:23:41.392+0500] {processor.py:179} INFO - Processing /home/amina/miniconda/lib/python3.11/site-packages/airflow/example_dags/plugins/listener_plugin.py took 0.042 seconds
[2023-12-15T22:24:32.633+0500] {processor.py:157} INFO - Started process (PID=10374) to work on /home/amina/miniconda/lib/python3.11/site-packages/airflow/example_dags/plugins/listener_plugin.py
[2023-12-15T22:24:32.674+0500] {processor.py:829} INFO - Processing file /home/amina/miniconda/lib/python3.11/site-packages/airflow/example_dags/plugins/listener_plugin.py for tasks to queue
[2023-12-15T22:24:32.675+0500] {logging_mixin.py:154} INFO - [2023-12-15T22:24:32.675+0500] {dagbag.py:536} INFO - Filling up the DagBag from /home/amina/miniconda/lib/python3.11/site-packages/airflow/example_dags/plugins/listener_plugin.py
[2023-12-15T22:24:32.677+0500] {processor.py:841} WARNING - No viable dags retrieved from /home/amina/miniconda/lib/python3.11/site-packages/airflow/example_dags/plugins/listener_plugin.py
[2023-12-15T22:24:32.689+0500] {processor.py:179} INFO - Processing /home/amina/miniconda/lib/python3.11/site-packages/airflow/example_dags/plugins/listener_plugin.py took 0.060 seconds
[2023-12-15T22:25:29.606+0500] {processor.py:157} INFO - Started process (PID=10433) to work on /home/amina/miniconda/lib/python3.11/site-packages/airflow/example_dags/plugins/listener_plugin.py
[2023-12-15T22:25:29.643+0500] {processor.py:829} INFO - Processing file /home/amina/miniconda/lib/python3.11/site-packages/airflow/example_dags/plugins/listener_plugin.py for tasks to queue
[2023-12-15T22:25:29.645+0500] {logging_mixin.py:154} INFO - [2023-12-15T22:25:29.644+0500] {dagbag.py:536} INFO - Filling up the DagBag from /home/amina/miniconda/lib/python3.11/site-packages/airflow/example_dags/plugins/listener_plugin.py
[2023-12-15T22:25:29.648+0500] {processor.py:841} WARNING - No viable dags retrieved from /home/amina/miniconda/lib/python3.11/site-packages/airflow/example_dags/plugins/listener_plugin.py
[2023-12-15T22:25:29.658+0500] {processor.py:179} INFO - Processing /home/amina/miniconda/lib/python3.11/site-packages/airflow/example_dags/plugins/listener_plugin.py took 0.055 seconds
[2023-12-15T22:26:26.705+0500] {processor.py:157} INFO - Started process (PID=10485) to work on /home/amina/miniconda/lib/python3.11/site-packages/airflow/example_dags/plugins/listener_plugin.py
[2023-12-15T22:26:26.743+0500] {processor.py:829} INFO - Processing file /home/amina/miniconda/lib/python3.11/site-packages/airflow/example_dags/plugins/listener_plugin.py for tasks to queue
[2023-12-15T22:26:26.744+0500] {logging_mixin.py:154} INFO - [2023-12-15T22:26:26.744+0500] {dagbag.py:536} INFO - Filling up the DagBag from /home/amina/miniconda/lib/python3.11/site-packages/airflow/example_dags/plugins/listener_plugin.py
[2023-12-15T22:26:26.747+0500] {processor.py:841} WARNING - No viable dags retrieved from /home/amina/miniconda/lib/python3.11/site-packages/airflow/example_dags/plugins/listener_plugin.py
[2023-12-15T22:26:26.757+0500] {processor.py:179} INFO - Processing /home/amina/miniconda/lib/python3.11/site-packages/airflow/example_dags/plugins/listener_plugin.py took 0.055 seconds
[2023-12-15T22:27:20.448+0500] {processor.py:157} INFO - Started process (PID=10542) to work on /home/amina/miniconda/lib/python3.11/site-packages/airflow/example_dags/plugins/listener_plugin.py
[2023-12-15T22:27:20.489+0500] {processor.py:829} INFO - Processing file /home/amina/miniconda/lib/python3.11/site-packages/airflow/example_dags/plugins/listener_plugin.py for tasks to queue
[2023-12-15T22:27:20.490+0500] {logging_mixin.py:154} INFO - [2023-12-15T22:27:20.490+0500] {dagbag.py:536} INFO - Filling up the DagBag from /home/amina/miniconda/lib/python3.11/site-packages/airflow/example_dags/plugins/listener_plugin.py
[2023-12-15T22:27:20.493+0500] {processor.py:841} WARNING - No viable dags retrieved from /home/amina/miniconda/lib/python3.11/site-packages/airflow/example_dags/plugins/listener_plugin.py
[2023-12-15T22:27:20.504+0500] {processor.py:179} INFO - Processing /home/amina/miniconda/lib/python3.11/site-packages/airflow/example_dags/plugins/listener_plugin.py took 0.059 seconds
[2023-12-15T22:28:11.929+0500] {processor.py:157} INFO - Started process (PID=10597) to work on /home/amina/miniconda/lib/python3.11/site-packages/airflow/example_dags/plugins/listener_plugin.py
[2023-12-15T22:28:11.975+0500] {processor.py:829} INFO - Processing file /home/amina/miniconda/lib/python3.11/site-packages/airflow/example_dags/plugins/listener_plugin.py for tasks to queue
[2023-12-15T22:28:11.976+0500] {logging_mixin.py:154} INFO - [2023-12-15T22:28:11.976+0500] {dagbag.py:536} INFO - Filling up the DagBag from /home/amina/miniconda/lib/python3.11/site-packages/airflow/example_dags/plugins/listener_plugin.py
[2023-12-15T22:28:11.979+0500] {processor.py:841} WARNING - No viable dags retrieved from /home/amina/miniconda/lib/python3.11/site-packages/airflow/example_dags/plugins/listener_plugin.py
[2023-12-15T22:28:11.990+0500] {processor.py:179} INFO - Processing /home/amina/miniconda/lib/python3.11/site-packages/airflow/example_dags/plugins/listener_plugin.py took 0.064 seconds
[2023-12-15T22:29:06.650+0500] {processor.py:157} INFO - Started process (PID=10667) to work on /home/amina/miniconda/lib/python3.11/site-packages/airflow/example_dags/plugins/listener_plugin.py
[2023-12-15T22:29:06.684+0500] {processor.py:829} INFO - Processing file /home/amina/miniconda/lib/python3.11/site-packages/airflow/example_dags/plugins/listener_plugin.py for tasks to queue
[2023-12-15T22:29:06.685+0500] {logging_mixin.py:154} INFO - [2023-12-15T22:29:06.685+0500] {dagbag.py:536} INFO - Filling up the DagBag from /home/amina/miniconda/lib/python3.11/site-packages/airflow/example_dags/plugins/listener_plugin.py
[2023-12-15T22:29:06.688+0500] {processor.py:841} WARNING - No viable dags retrieved from /home/amina/miniconda/lib/python3.11/site-packages/airflow/example_dags/plugins/listener_plugin.py
[2023-12-15T22:29:06.699+0500] {processor.py:179} INFO - Processing /home/amina/miniconda/lib/python3.11/site-packages/airflow/example_dags/plugins/listener_plugin.py took 0.052 seconds
[2023-12-15T22:30:22.616+0500] {processor.py:157} INFO - Started process (PID=10771) to work on /home/amina/miniconda/lib/python3.11/site-packages/airflow/example_dags/plugins/listener_plugin.py
[2023-12-15T22:30:22.672+0500] {processor.py:829} INFO - Processing file /home/amina/miniconda/lib/python3.11/site-packages/airflow/example_dags/plugins/listener_plugin.py for tasks to queue
[2023-12-15T22:30:22.673+0500] {logging_mixin.py:154} INFO - [2023-12-15T22:30:22.673+0500] {dagbag.py:536} INFO - Filling up the DagBag from /home/amina/miniconda/lib/python3.11/site-packages/airflow/example_dags/plugins/listener_plugin.py
[2023-12-15T22:30:22.676+0500] {processor.py:841} WARNING - No viable dags retrieved from /home/amina/miniconda/lib/python3.11/site-packages/airflow/example_dags/plugins/listener_plugin.py
[2023-12-15T22:30:22.686+0500] {processor.py:179} INFO - Processing /home/amina/miniconda/lib/python3.11/site-packages/airflow/example_dags/plugins/listener_plugin.py took 0.072 seconds
[2023-12-15T22:31:02.923+0500] {processor.py:157} INFO - Started process (PID=10810) to work on /home/amina/miniconda/lib/python3.11/site-packages/airflow/example_dags/plugins/listener_plugin.py
[2023-12-15T22:31:02.936+0500] {processor.py:829} INFO - Processing file /home/amina/miniconda/lib/python3.11/site-packages/airflow/example_dags/plugins/listener_plugin.py for tasks to queue
[2023-12-15T22:31:02.937+0500] {logging_mixin.py:154} INFO - [2023-12-15T22:31:02.936+0500] {dagbag.py:536} INFO - Filling up the DagBag from /home/amina/miniconda/lib/python3.11/site-packages/airflow/example_dags/plugins/listener_plugin.py
[2023-12-15T22:31:02.940+0500] {processor.py:841} WARNING - No viable dags retrieved from /home/amina/miniconda/lib/python3.11/site-packages/airflow/example_dags/plugins/listener_plugin.py
[2023-12-15T22:31:02.951+0500] {processor.py:179} INFO - Processing /home/amina/miniconda/lib/python3.11/site-packages/airflow/example_dags/plugins/listener_plugin.py took 0.033 seconds
[2023-12-15T22:31:53.393+0500] {processor.py:157} INFO - Started process (PID=10867) to work on /home/amina/miniconda/lib/python3.11/site-packages/airflow/example_dags/plugins/listener_plugin.py
[2023-12-15T22:31:53.419+0500] {processor.py:829} INFO - Processing file /home/amina/miniconda/lib/python3.11/site-packages/airflow/example_dags/plugins/listener_plugin.py for tasks to queue
[2023-12-15T22:31:53.420+0500] {logging_mixin.py:154} INFO - [2023-12-15T22:31:53.420+0500] {dagbag.py:536} INFO - Filling up the DagBag from /home/amina/miniconda/lib/python3.11/site-packages/airflow/example_dags/plugins/listener_plugin.py
[2023-12-15T22:31:53.423+0500] {processor.py:841} WARNING - No viable dags retrieved from /home/amina/miniconda/lib/python3.11/site-packages/airflow/example_dags/plugins/listener_plugin.py
[2023-12-15T22:31:53.436+0500] {processor.py:179} INFO - Processing /home/amina/miniconda/lib/python3.11/site-packages/airflow/example_dags/plugins/listener_plugin.py took 0.045 seconds
[2023-12-15T22:32:48.256+0500] {processor.py:157} INFO - Started process (PID=10923) to work on /home/amina/miniconda/lib/python3.11/site-packages/airflow/example_dags/plugins/listener_plugin.py
[2023-12-15T22:32:48.297+0500] {processor.py:829} INFO - Processing file /home/amina/miniconda/lib/python3.11/site-packages/airflow/example_dags/plugins/listener_plugin.py for tasks to queue
[2023-12-15T22:32:48.298+0500] {logging_mixin.py:154} INFO - [2023-12-15T22:32:48.297+0500] {dagbag.py:536} INFO - Filling up the DagBag from /home/amina/miniconda/lib/python3.11/site-packages/airflow/example_dags/plugins/listener_plugin.py
[2023-12-15T22:32:48.300+0500] {processor.py:841} WARNING - No viable dags retrieved from /home/amina/miniconda/lib/python3.11/site-packages/airflow/example_dags/plugins/listener_plugin.py
[2023-12-15T22:32:48.310+0500] {processor.py:179} INFO - Processing /home/amina/miniconda/lib/python3.11/site-packages/airflow/example_dags/plugins/listener_plugin.py took 0.056 seconds
[2023-12-15T22:33:41.683+0500] {processor.py:157} INFO - Started process (PID=10975) to work on /home/amina/miniconda/lib/python3.11/site-packages/airflow/example_dags/plugins/listener_plugin.py
[2023-12-15T22:33:41.696+0500] {processor.py:829} INFO - Processing file /home/amina/miniconda/lib/python3.11/site-packages/airflow/example_dags/plugins/listener_plugin.py for tasks to queue
[2023-12-15T22:33:41.697+0500] {logging_mixin.py:154} INFO - [2023-12-15T22:33:41.697+0500] {dagbag.py:536} INFO - Filling up the DagBag from /home/amina/miniconda/lib/python3.11/site-packages/airflow/example_dags/plugins/listener_plugin.py
[2023-12-15T22:33:41.700+0500] {processor.py:841} WARNING - No viable dags retrieved from /home/amina/miniconda/lib/python3.11/site-packages/airflow/example_dags/plugins/listener_plugin.py
[2023-12-15T22:33:41.712+0500] {processor.py:179} INFO - Processing /home/amina/miniconda/lib/python3.11/site-packages/airflow/example_dags/plugins/listener_plugin.py took 0.032 seconds
[2023-12-15T22:34:35.170+0500] {processor.py:157} INFO - Started process (PID=11042) to work on /home/amina/miniconda/lib/python3.11/site-packages/airflow/example_dags/plugins/listener_plugin.py
[2023-12-15T22:34:35.194+0500] {processor.py:829} INFO - Processing file /home/amina/miniconda/lib/python3.11/site-packages/airflow/example_dags/plugins/listener_plugin.py for tasks to queue
[2023-12-15T22:34:35.195+0500] {logging_mixin.py:154} INFO - [2023-12-15T22:34:35.194+0500] {dagbag.py:536} INFO - Filling up the DagBag from /home/amina/miniconda/lib/python3.11/site-packages/airflow/example_dags/plugins/listener_plugin.py
[2023-12-15T22:34:35.197+0500] {processor.py:841} WARNING - No viable dags retrieved from /home/amina/miniconda/lib/python3.11/site-packages/airflow/example_dags/plugins/listener_plugin.py
[2023-12-15T22:34:35.208+0500] {processor.py:179} INFO - Processing /home/amina/miniconda/lib/python3.11/site-packages/airflow/example_dags/plugins/listener_plugin.py took 0.042 seconds
[2023-12-15T22:35:31.521+0500] {processor.py:157} INFO - Started process (PID=11108) to work on /home/amina/miniconda/lib/python3.11/site-packages/airflow/example_dags/plugins/listener_plugin.py
[2023-12-15T22:35:31.536+0500] {processor.py:829} INFO - Processing file /home/amina/miniconda/lib/python3.11/site-packages/airflow/example_dags/plugins/listener_plugin.py for tasks to queue
[2023-12-15T22:35:31.537+0500] {logging_mixin.py:154} INFO - [2023-12-15T22:35:31.536+0500] {dagbag.py:536} INFO - Filling up the DagBag from /home/amina/miniconda/lib/python3.11/site-packages/airflow/example_dags/plugins/listener_plugin.py
[2023-12-15T22:35:31.540+0500] {processor.py:841} WARNING - No viable dags retrieved from /home/amina/miniconda/lib/python3.11/site-packages/airflow/example_dags/plugins/listener_plugin.py
[2023-12-15T22:35:31.552+0500] {processor.py:179} INFO - Processing /home/amina/miniconda/lib/python3.11/site-packages/airflow/example_dags/plugins/listener_plugin.py took 0.034 seconds
[2023-12-15T22:36:26.818+0500] {processor.py:157} INFO - Started process (PID=11166) to work on /home/amina/miniconda/lib/python3.11/site-packages/airflow/example_dags/plugins/listener_plugin.py
[2023-12-15T22:36:26.841+0500] {processor.py:829} INFO - Processing file /home/amina/miniconda/lib/python3.11/site-packages/airflow/example_dags/plugins/listener_plugin.py for tasks to queue
[2023-12-15T22:36:26.842+0500] {logging_mixin.py:154} INFO - [2023-12-15T22:36:26.842+0500] {dagbag.py:536} INFO - Filling up the DagBag from /home/amina/miniconda/lib/python3.11/site-packages/airflow/example_dags/plugins/listener_plugin.py
[2023-12-15T22:36:26.845+0500] {processor.py:841} WARNING - No viable dags retrieved from /home/amina/miniconda/lib/python3.11/site-packages/airflow/example_dags/plugins/listener_plugin.py
[2023-12-15T22:36:26.856+0500] {processor.py:179} INFO - Processing /home/amina/miniconda/lib/python3.11/site-packages/airflow/example_dags/plugins/listener_plugin.py took 0.041 seconds
[2023-12-15T22:37:23.727+0500] {processor.py:157} INFO - Started process (PID=11223) to work on /home/amina/miniconda/lib/python3.11/site-packages/airflow/example_dags/plugins/listener_plugin.py
[2023-12-15T22:37:23.782+0500] {processor.py:829} INFO - Processing file /home/amina/miniconda/lib/python3.11/site-packages/airflow/example_dags/plugins/listener_plugin.py for tasks to queue
[2023-12-15T22:37:23.784+0500] {logging_mixin.py:154} INFO - [2023-12-15T22:37:23.783+0500] {dagbag.py:536} INFO - Filling up the DagBag from /home/amina/miniconda/lib/python3.11/site-packages/airflow/example_dags/plugins/listener_plugin.py
[2023-12-15T22:37:23.786+0500] {processor.py:841} WARNING - No viable dags retrieved from /home/amina/miniconda/lib/python3.11/site-packages/airflow/example_dags/plugins/listener_plugin.py
[2023-12-15T22:37:23.799+0500] {processor.py:179} INFO - Processing /home/amina/miniconda/lib/python3.11/site-packages/airflow/example_dags/plugins/listener_plugin.py took 0.074 seconds
[2023-12-15T22:38:16.521+0500] {processor.py:157} INFO - Started process (PID=11278) to work on /home/amina/miniconda/lib/python3.11/site-packages/airflow/example_dags/plugins/listener_plugin.py
[2023-12-15T22:38:16.546+0500] {processor.py:829} INFO - Processing file /home/amina/miniconda/lib/python3.11/site-packages/airflow/example_dags/plugins/listener_plugin.py for tasks to queue
[2023-12-15T22:38:16.547+0500] {logging_mixin.py:154} INFO - [2023-12-15T22:38:16.547+0500] {dagbag.py:536} INFO - Filling up the DagBag from /home/amina/miniconda/lib/python3.11/site-packages/airflow/example_dags/plugins/listener_plugin.py
[2023-12-15T22:38:16.551+0500] {processor.py:841} WARNING - No viable dags retrieved from /home/amina/miniconda/lib/python3.11/site-packages/airflow/example_dags/plugins/listener_plugin.py
[2023-12-15T22:38:16.564+0500] {processor.py:179} INFO - Processing /home/amina/miniconda/lib/python3.11/site-packages/airflow/example_dags/plugins/listener_plugin.py took 0.047 seconds
[2023-12-15T22:39:08.905+0500] {processor.py:157} INFO - Started process (PID=11339) to work on /home/amina/miniconda/lib/python3.11/site-packages/airflow/example_dags/plugins/listener_plugin.py
[2023-12-15T22:39:08.942+0500] {processor.py:829} INFO - Processing file /home/amina/miniconda/lib/python3.11/site-packages/airflow/example_dags/plugins/listener_plugin.py for tasks to queue
[2023-12-15T22:39:08.943+0500] {logging_mixin.py:154} INFO - [2023-12-15T22:39:08.942+0500] {dagbag.py:536} INFO - Filling up the DagBag from /home/amina/miniconda/lib/python3.11/site-packages/airflow/example_dags/plugins/listener_plugin.py
[2023-12-15T22:39:08.945+0500] {processor.py:841} WARNING - No viable dags retrieved from /home/amina/miniconda/lib/python3.11/site-packages/airflow/example_dags/plugins/listener_plugin.py
[2023-12-15T22:39:08.954+0500] {processor.py:179} INFO - Processing /home/amina/miniconda/lib/python3.11/site-packages/airflow/example_dags/plugins/listener_plugin.py took 0.052 seconds
[2023-12-15T22:40:03.000+0500] {processor.py:157} INFO - Started process (PID=11393) to work on /home/amina/miniconda/lib/python3.11/site-packages/airflow/example_dags/plugins/listener_plugin.py
[2023-12-15T22:40:03.034+0500] {processor.py:829} INFO - Processing file /home/amina/miniconda/lib/python3.11/site-packages/airflow/example_dags/plugins/listener_plugin.py for tasks to queue
[2023-12-15T22:40:03.035+0500] {logging_mixin.py:154} INFO - [2023-12-15T22:40:03.034+0500] {dagbag.py:536} INFO - Filling up the DagBag from /home/amina/miniconda/lib/python3.11/site-packages/airflow/example_dags/plugins/listener_plugin.py
[2023-12-15T22:40:03.037+0500] {processor.py:841} WARNING - No viable dags retrieved from /home/amina/miniconda/lib/python3.11/site-packages/airflow/example_dags/plugins/listener_plugin.py
[2023-12-15T22:40:03.047+0500] {processor.py:179} INFO - Processing /home/amina/miniconda/lib/python3.11/site-packages/airflow/example_dags/plugins/listener_plugin.py took 0.050 seconds
[2023-12-15T22:41:00.872+0500] {processor.py:157} INFO - Started process (PID=11531) to work on /home/amina/miniconda/lib/python3.11/site-packages/airflow/example_dags/plugins/listener_plugin.py
[2023-12-15T22:41:00.919+0500] {processor.py:829} INFO - Processing file /home/amina/miniconda/lib/python3.11/site-packages/airflow/example_dags/plugins/listener_plugin.py for tasks to queue
[2023-12-15T22:41:00.920+0500] {logging_mixin.py:154} INFO - [2023-12-15T22:41:00.920+0500] {dagbag.py:536} INFO - Filling up the DagBag from /home/amina/miniconda/lib/python3.11/site-packages/airflow/example_dags/plugins/listener_plugin.py
[2023-12-15T22:41:00.923+0500] {processor.py:841} WARNING - No viable dags retrieved from /home/amina/miniconda/lib/python3.11/site-packages/airflow/example_dags/plugins/listener_plugin.py
[2023-12-15T22:41:00.932+0500] {processor.py:179} INFO - Processing /home/amina/miniconda/lib/python3.11/site-packages/airflow/example_dags/plugins/listener_plugin.py took 0.063 seconds
[2023-12-15T22:41:54.153+0500] {processor.py:157} INFO - Started process (PID=11604) to work on /home/amina/miniconda/lib/python3.11/site-packages/airflow/example_dags/plugins/listener_plugin.py
[2023-12-15T22:41:54.218+0500] {processor.py:829} INFO - Processing file /home/amina/miniconda/lib/python3.11/site-packages/airflow/example_dags/plugins/listener_plugin.py for tasks to queue
[2023-12-15T22:41:54.219+0500] {logging_mixin.py:154} INFO - [2023-12-15T22:41:54.219+0500] {dagbag.py:536} INFO - Filling up the DagBag from /home/amina/miniconda/lib/python3.11/site-packages/airflow/example_dags/plugins/listener_plugin.py
[2023-12-15T22:41:54.222+0500] {processor.py:841} WARNING - No viable dags retrieved from /home/amina/miniconda/lib/python3.11/site-packages/airflow/example_dags/plugins/listener_plugin.py
[2023-12-15T22:41:54.232+0500] {processor.py:179} INFO - Processing /home/amina/miniconda/lib/python3.11/site-packages/airflow/example_dags/plugins/listener_plugin.py took 0.082 seconds
[2023-12-15T22:42:46.381+0500] {processor.py:157} INFO - Started process (PID=11659) to work on /home/amina/miniconda/lib/python3.11/site-packages/airflow/example_dags/plugins/listener_plugin.py
[2023-12-15T22:42:46.407+0500] {processor.py:829} INFO - Processing file /home/amina/miniconda/lib/python3.11/site-packages/airflow/example_dags/plugins/listener_plugin.py for tasks to queue
[2023-12-15T22:42:46.408+0500] {logging_mixin.py:154} INFO - [2023-12-15T22:42:46.407+0500] {dagbag.py:536} INFO - Filling up the DagBag from /home/amina/miniconda/lib/python3.11/site-packages/airflow/example_dags/plugins/listener_plugin.py
[2023-12-15T22:42:46.410+0500] {processor.py:841} WARNING - No viable dags retrieved from /home/amina/miniconda/lib/python3.11/site-packages/airflow/example_dags/plugins/listener_plugin.py
[2023-12-15T22:42:46.419+0500] {processor.py:179} INFO - Processing /home/amina/miniconda/lib/python3.11/site-packages/airflow/example_dags/plugins/listener_plugin.py took 0.040 seconds
[2023-12-15T22:43:23.018+0500] {processor.py:157} INFO - Started process (PID=11692) to work on /home/amina/miniconda/lib/python3.11/site-packages/airflow/example_dags/plugins/listener_plugin.py
[2023-12-15T22:43:23.047+0500] {processor.py:829} INFO - Processing file /home/amina/miniconda/lib/python3.11/site-packages/airflow/example_dags/plugins/listener_plugin.py for tasks to queue
[2023-12-15T22:43:23.047+0500] {logging_mixin.py:154} INFO - [2023-12-15T22:43:23.047+0500] {dagbag.py:536} INFO - Filling up the DagBag from /home/amina/miniconda/lib/python3.11/site-packages/airflow/example_dags/plugins/listener_plugin.py
[2023-12-15T22:43:23.050+0500] {processor.py:841} WARNING - No viable dags retrieved from /home/amina/miniconda/lib/python3.11/site-packages/airflow/example_dags/plugins/listener_plugin.py
[2023-12-15T22:43:23.059+0500] {processor.py:179} INFO - Processing /home/amina/miniconda/lib/python3.11/site-packages/airflow/example_dags/plugins/listener_plugin.py took 0.043 seconds
[2023-12-15T22:44:17.889+0500] {processor.py:157} INFO - Started process (PID=11760) to work on /home/amina/miniconda/lib/python3.11/site-packages/airflow/example_dags/plugins/listener_plugin.py
[2023-12-15T22:44:17.896+0500] {processor.py:829} INFO - Processing file /home/amina/miniconda/lib/python3.11/site-packages/airflow/example_dags/plugins/listener_plugin.py for tasks to queue
[2023-12-15T22:44:17.896+0500] {logging_mixin.py:154} INFO - [2023-12-15T22:44:17.896+0500] {dagbag.py:536} INFO - Filling up the DagBag from /home/amina/miniconda/lib/python3.11/site-packages/airflow/example_dags/plugins/listener_plugin.py
[2023-12-15T22:44:17.899+0500] {processor.py:841} WARNING - No viable dags retrieved from /home/amina/miniconda/lib/python3.11/site-packages/airflow/example_dags/plugins/listener_plugin.py
[2023-12-15T22:44:17.908+0500] {processor.py:179} INFO - Processing /home/amina/miniconda/lib/python3.11/site-packages/airflow/example_dags/plugins/listener_plugin.py took 0.021 seconds
[2023-12-15T22:45:10.410+0500] {processor.py:157} INFO - Started process (PID=11815) to work on /home/amina/miniconda/lib/python3.11/site-packages/airflow/example_dags/plugins/listener_plugin.py
[2023-12-15T22:45:10.449+0500] {processor.py:829} INFO - Processing file /home/amina/miniconda/lib/python3.11/site-packages/airflow/example_dags/plugins/listener_plugin.py for tasks to queue
[2023-12-15T22:45:10.450+0500] {logging_mixin.py:154} INFO - [2023-12-15T22:45:10.449+0500] {dagbag.py:536} INFO - Filling up the DagBag from /home/amina/miniconda/lib/python3.11/site-packages/airflow/example_dags/plugins/listener_plugin.py
[2023-12-15T22:45:10.452+0500] {processor.py:841} WARNING - No viable dags retrieved from /home/amina/miniconda/lib/python3.11/site-packages/airflow/example_dags/plugins/listener_plugin.py
[2023-12-15T22:45:10.461+0500] {processor.py:179} INFO - Processing /home/amina/miniconda/lib/python3.11/site-packages/airflow/example_dags/plugins/listener_plugin.py took 0.054 seconds
[2023-12-15T22:46:05.071+0500] {processor.py:157} INFO - Started process (PID=11884) to work on /home/amina/miniconda/lib/python3.11/site-packages/airflow/example_dags/plugins/listener_plugin.py
[2023-12-15T22:46:05.107+0500] {processor.py:829} INFO - Processing file /home/amina/miniconda/lib/python3.11/site-packages/airflow/example_dags/plugins/listener_plugin.py for tasks to queue
[2023-12-15T22:46:05.108+0500] {logging_mixin.py:154} INFO - [2023-12-15T22:46:05.108+0500] {dagbag.py:536} INFO - Filling up the DagBag from /home/amina/miniconda/lib/python3.11/site-packages/airflow/example_dags/plugins/listener_plugin.py
[2023-12-15T22:46:05.110+0500] {processor.py:841} WARNING - No viable dags retrieved from /home/amina/miniconda/lib/python3.11/site-packages/airflow/example_dags/plugins/listener_plugin.py
[2023-12-15T22:46:05.120+0500] {processor.py:179} INFO - Processing /home/amina/miniconda/lib/python3.11/site-packages/airflow/example_dags/plugins/listener_plugin.py took 0.052 seconds
[2023-12-15T22:47:03.541+0500] {processor.py:157} INFO - Started process (PID=11958) to work on /home/amina/miniconda/lib/python3.11/site-packages/airflow/example_dags/plugins/listener_plugin.py
[2023-12-15T22:47:03.598+0500] {processor.py:829} INFO - Processing file /home/amina/miniconda/lib/python3.11/site-packages/airflow/example_dags/plugins/listener_plugin.py for tasks to queue
[2023-12-15T22:47:03.600+0500] {logging_mixin.py:154} INFO - [2023-12-15T22:47:03.599+0500] {dagbag.py:536} INFO - Filling up the DagBag from /home/amina/miniconda/lib/python3.11/site-packages/airflow/example_dags/plugins/listener_plugin.py
[2023-12-15T22:47:03.602+0500] {processor.py:841} WARNING - No viable dags retrieved from /home/amina/miniconda/lib/python3.11/site-packages/airflow/example_dags/plugins/listener_plugin.py
[2023-12-15T22:47:03.611+0500] {processor.py:179} INFO - Processing /home/amina/miniconda/lib/python3.11/site-packages/airflow/example_dags/plugins/listener_plugin.py took 0.073 seconds
[2023-12-15T22:48:01.873+0500] {processor.py:157} INFO - Started process (PID=12048) to work on /home/amina/miniconda/lib/python3.11/site-packages/airflow/example_dags/plugins/listener_plugin.py
[2023-12-15T22:48:01.901+0500] {processor.py:829} INFO - Processing file /home/amina/miniconda/lib/python3.11/site-packages/airflow/example_dags/plugins/listener_plugin.py for tasks to queue
[2023-12-15T22:48:01.902+0500] {logging_mixin.py:154} INFO - [2023-12-15T22:48:01.902+0500] {dagbag.py:536} INFO - Filling up the DagBag from /home/amina/miniconda/lib/python3.11/site-packages/airflow/example_dags/plugins/listener_plugin.py
[2023-12-15T22:48:01.905+0500] {processor.py:841} WARNING - No viable dags retrieved from /home/amina/miniconda/lib/python3.11/site-packages/airflow/example_dags/plugins/listener_plugin.py
[2023-12-15T22:48:01.914+0500] {processor.py:179} INFO - Processing /home/amina/miniconda/lib/python3.11/site-packages/airflow/example_dags/plugins/listener_plugin.py took 0.045 seconds
[2023-12-15T22:49:28.370+0500] {processor.py:157} INFO - Started process (PID=12168) to work on /home/amina/miniconda/lib/python3.11/site-packages/airflow/example_dags/plugins/listener_plugin.py
[2023-12-15T22:49:28.431+0500] {processor.py:829} INFO - Processing file /home/amina/miniconda/lib/python3.11/site-packages/airflow/example_dags/plugins/listener_plugin.py for tasks to queue
[2023-12-15T22:49:28.432+0500] {logging_mixin.py:154} INFO - [2023-12-15T22:49:28.431+0500] {dagbag.py:536} INFO - Filling up the DagBag from /home/amina/miniconda/lib/python3.11/site-packages/airflow/example_dags/plugins/listener_plugin.py
[2023-12-15T22:49:28.437+0500] {processor.py:841} WARNING - No viable dags retrieved from /home/amina/miniconda/lib/python3.11/site-packages/airflow/example_dags/plugins/listener_plugin.py
[2023-12-15T22:49:28.448+0500] {processor.py:179} INFO - Processing /home/amina/miniconda/lib/python3.11/site-packages/airflow/example_dags/plugins/listener_plugin.py took 0.083 seconds
[2023-12-15T22:50:08.878+0500] {processor.py:157} INFO - Started process (PID=12253) to work on /home/amina/miniconda/lib/python3.11/site-packages/airflow/example_dags/plugins/listener_plugin.py
[2023-12-15T22:50:08.933+0500] {processor.py:829} INFO - Processing file /home/amina/miniconda/lib/python3.11/site-packages/airflow/example_dags/plugins/listener_plugin.py for tasks to queue
[2023-12-15T22:50:08.934+0500] {logging_mixin.py:154} INFO - [2023-12-15T22:50:08.934+0500] {dagbag.py:536} INFO - Filling up the DagBag from /home/amina/miniconda/lib/python3.11/site-packages/airflow/example_dags/plugins/listener_plugin.py
[2023-12-15T22:50:08.937+0500] {processor.py:841} WARNING - No viable dags retrieved from /home/amina/miniconda/lib/python3.11/site-packages/airflow/example_dags/plugins/listener_plugin.py
[2023-12-15T22:50:08.947+0500] {processor.py:179} INFO - Processing /home/amina/miniconda/lib/python3.11/site-packages/airflow/example_dags/plugins/listener_plugin.py took 0.072 seconds
[2023-12-15T22:51:02.879+0500] {processor.py:157} INFO - Started process (PID=12336) to work on /home/amina/miniconda/lib/python3.11/site-packages/airflow/example_dags/plugins/listener_plugin.py
[2023-12-15T22:51:02.894+0500] {processor.py:829} INFO - Processing file /home/amina/miniconda/lib/python3.11/site-packages/airflow/example_dags/plugins/listener_plugin.py for tasks to queue
[2023-12-15T22:51:02.895+0500] {logging_mixin.py:154} INFO - [2023-12-15T22:51:02.894+0500] {dagbag.py:536} INFO - Filling up the DagBag from /home/amina/miniconda/lib/python3.11/site-packages/airflow/example_dags/plugins/listener_plugin.py
[2023-12-15T22:51:02.897+0500] {processor.py:841} WARNING - No viable dags retrieved from /home/amina/miniconda/lib/python3.11/site-packages/airflow/example_dags/plugins/listener_plugin.py
[2023-12-15T22:51:02.906+0500] {processor.py:179} INFO - Processing /home/amina/miniconda/lib/python3.11/site-packages/airflow/example_dags/plugins/listener_plugin.py took 0.032 seconds
[2023-12-15T22:51:56.824+0500] {processor.py:157} INFO - Started process (PID=12395) to work on /home/amina/miniconda/lib/python3.11/site-packages/airflow/example_dags/plugins/listener_plugin.py
[2023-12-15T22:51:56.843+0500] {processor.py:829} INFO - Processing file /home/amina/miniconda/lib/python3.11/site-packages/airflow/example_dags/plugins/listener_plugin.py for tasks to queue
[2023-12-15T22:51:56.844+0500] {logging_mixin.py:154} INFO - [2023-12-15T22:51:56.844+0500] {dagbag.py:536} INFO - Filling up the DagBag from /home/amina/miniconda/lib/python3.11/site-packages/airflow/example_dags/plugins/listener_plugin.py
[2023-12-15T22:51:56.847+0500] {processor.py:841} WARNING - No viable dags retrieved from /home/amina/miniconda/lib/python3.11/site-packages/airflow/example_dags/plugins/listener_plugin.py
[2023-12-15T22:51:56.857+0500] {processor.py:179} INFO - Processing /home/amina/miniconda/lib/python3.11/site-packages/airflow/example_dags/plugins/listener_plugin.py took 0.039 seconds
