[2023-12-15T21:42:54.945+0500] {processor.py:157} INFO - Started process (PID=7466) to work on /home/amina/miniconda/lib/python3.11/site-packages/airflow/example_dags/plugins/workday.py
[2023-12-15T21:42:54.945+0500] {processor.py:829} INFO - Processing file /home/amina/miniconda/lib/python3.11/site-packages/airflow/example_dags/plugins/workday.py for tasks to queue
[2023-12-15T21:42:54.946+0500] {logging_mixin.py:154} INFO - [2023-12-15T21:42:54.946+0500] {dagbag.py:536} INFO - Filling up the DagBag from /home/amina/miniconda/lib/python3.11/site-packages/airflow/example_dags/plugins/workday.py
[2023-12-15T21:42:54.948+0500] {logging_mixin.py:154} INFO - [2023-12-15T21:42:54.948+0500] {workday.py:36} WARNING - Could not import pandas. Holidays will not be considered.
[2023-12-15T21:42:54.949+0500] {processor.py:841} WARNING - No viable dags retrieved from /home/amina/miniconda/lib/python3.11/site-packages/airflow/example_dags/plugins/workday.py
[2023-12-15T21:42:54.959+0500] {processor.py:179} INFO - Processing /home/amina/miniconda/lib/python3.11/site-packages/airflow/example_dags/plugins/workday.py took 0.017 seconds
[2023-12-15T21:43:54.010+0500] {processor.py:157} INFO - Started process (PID=7528) to work on /home/amina/miniconda/lib/python3.11/site-packages/airflow/example_dags/plugins/workday.py
[2023-12-15T21:43:54.059+0500] {processor.py:829} INFO - Processing file /home/amina/miniconda/lib/python3.11/site-packages/airflow/example_dags/plugins/workday.py for tasks to queue
[2023-12-15T21:43:54.060+0500] {logging_mixin.py:154} INFO - [2023-12-15T21:43:54.060+0500] {dagbag.py:536} INFO - Filling up the DagBag from /home/amina/miniconda/lib/python3.11/site-packages/airflow/example_dags/plugins/workday.py
[2023-12-15T21:43:54.063+0500] {logging_mixin.py:154} INFO - [2023-12-15T21:43:54.063+0500] {workday.py:36} WARNING - Could not import pandas. Holidays will not be considered.
[2023-12-15T21:43:54.064+0500] {processor.py:841} WARNING - No viable dags retrieved from /home/amina/miniconda/lib/python3.11/site-packages/airflow/example_dags/plugins/workday.py
[2023-12-15T21:43:54.078+0500] {processor.py:179} INFO - Processing /home/amina/miniconda/lib/python3.11/site-packages/airflow/example_dags/plugins/workday.py took 0.070 seconds
[2023-12-15T21:45:29.775+0500] {processor.py:157} INFO - Started process (PID=7620) to work on /home/amina/miniconda/lib/python3.11/site-packages/airflow/example_dags/plugins/workday.py
[2023-12-15T21:45:29.792+0500] {processor.py:829} INFO - Processing file /home/amina/miniconda/lib/python3.11/site-packages/airflow/example_dags/plugins/workday.py for tasks to queue
[2023-12-15T21:45:29.793+0500] {logging_mixin.py:154} INFO - [2023-12-15T21:45:29.793+0500] {dagbag.py:536} INFO - Filling up the DagBag from /home/amina/miniconda/lib/python3.11/site-packages/airflow/example_dags/plugins/workday.py
[2023-12-15T21:45:29.796+0500] {logging_mixin.py:154} INFO - [2023-12-15T21:45:29.796+0500] {workday.py:36} WARNING - Could not import pandas. Holidays will not be considered.
[2023-12-15T21:45:29.797+0500] {processor.py:841} WARNING - No viable dags retrieved from /home/amina/miniconda/lib/python3.11/site-packages/airflow/example_dags/plugins/workday.py
[2023-12-15T21:45:29.808+0500] {processor.py:179} INFO - Processing /home/amina/miniconda/lib/python3.11/site-packages/airflow/example_dags/plugins/workday.py took 0.038 seconds
[2023-12-15T21:47:46.110+0500] {processor.py:157} INFO - Started process (PID=7732) to work on /home/amina/miniconda/lib/python3.11/site-packages/airflow/example_dags/plugins/workday.py
[2023-12-15T21:47:46.136+0500] {processor.py:829} INFO - Processing file /home/amina/miniconda/lib/python3.11/site-packages/airflow/example_dags/plugins/workday.py for tasks to queue
[2023-12-15T21:47:46.136+0500] {logging_mixin.py:154} INFO - [2023-12-15T21:47:46.136+0500] {dagbag.py:536} INFO - Filling up the DagBag from /home/amina/miniconda/lib/python3.11/site-packages/airflow/example_dags/plugins/workday.py
[2023-12-15T21:47:46.139+0500] {logging_mixin.py:154} INFO - [2023-12-15T21:47:46.139+0500] {workday.py:36} WARNING - Could not import pandas. Holidays will not be considered.
[2023-12-15T21:47:46.139+0500] {processor.py:841} WARNING - No viable dags retrieved from /home/amina/miniconda/lib/python3.11/site-packages/airflow/example_dags/plugins/workday.py
[2023-12-15T21:47:46.152+0500] {processor.py:179} INFO - Processing /home/amina/miniconda/lib/python3.11/site-packages/airflow/example_dags/plugins/workday.py took 0.045 seconds
[2023-12-15T21:48:31.941+0500] {processor.py:157} INFO - Started process (PID=7796) to work on /home/amina/miniconda/lib/python3.11/site-packages/airflow/example_dags/plugins/workday.py
[2023-12-15T21:48:31.958+0500] {processor.py:829} INFO - Processing file /home/amina/miniconda/lib/python3.11/site-packages/airflow/example_dags/plugins/workday.py for tasks to queue
[2023-12-15T21:48:31.960+0500] {logging_mixin.py:154} INFO - [2023-12-15T21:48:31.959+0500] {dagbag.py:536} INFO - Filling up the DagBag from /home/amina/miniconda/lib/python3.11/site-packages/airflow/example_dags/plugins/workday.py
[2023-12-15T21:48:31.964+0500] {logging_mixin.py:154} INFO - [2023-12-15T21:48:31.964+0500] {workday.py:36} WARNING - Could not import pandas. Holidays will not be considered.
[2023-12-15T21:48:31.965+0500] {processor.py:841} WARNING - No viable dags retrieved from /home/amina/miniconda/lib/python3.11/site-packages/airflow/example_dags/plugins/workday.py
[2023-12-15T21:48:31.974+0500] {processor.py:179} INFO - Processing /home/amina/miniconda/lib/python3.11/site-packages/airflow/example_dags/plugins/workday.py took 0.036 seconds
[2023-12-15T21:49:07.822+0500] {processor.py:157} INFO - Started process (PID=7842) to work on /home/amina/miniconda/lib/python3.11/site-packages/airflow/example_dags/plugins/workday.py
[2023-12-15T21:49:07.823+0500] {processor.py:829} INFO - Processing file /home/amina/miniconda/lib/python3.11/site-packages/airflow/example_dags/plugins/workday.py for tasks to queue
[2023-12-15T21:49:07.824+0500] {logging_mixin.py:154} INFO - [2023-12-15T21:49:07.824+0500] {dagbag.py:536} INFO - Filling up the DagBag from /home/amina/miniconda/lib/python3.11/site-packages/airflow/example_dags/plugins/workday.py
[2023-12-15T21:49:07.830+0500] {logging_mixin.py:154} INFO - [2023-12-15T21:49:07.829+0500] {workday.py:36} WARNING - Could not import pandas. Holidays will not be considered.
[2023-12-15T21:49:07.830+0500] {processor.py:841} WARNING - No viable dags retrieved from /home/amina/miniconda/lib/python3.11/site-packages/airflow/example_dags/plugins/workday.py
[2023-12-15T21:49:07.843+0500] {processor.py:179} INFO - Processing /home/amina/miniconda/lib/python3.11/site-packages/airflow/example_dags/plugins/workday.py took 0.026 seconds
[2023-12-15T21:50:12.189+0500] {processor.py:157} INFO - Started process (PID=7904) to work on /home/amina/miniconda/lib/python3.11/site-packages/airflow/example_dags/plugins/workday.py
[2023-12-15T21:50:12.216+0500] {processor.py:829} INFO - Processing file /home/amina/miniconda/lib/python3.11/site-packages/airflow/example_dags/plugins/workday.py for tasks to queue
[2023-12-15T21:50:12.216+0500] {logging_mixin.py:154} INFO - [2023-12-15T21:50:12.216+0500] {dagbag.py:536} INFO - Filling up the DagBag from /home/amina/miniconda/lib/python3.11/site-packages/airflow/example_dags/plugins/workday.py
[2023-12-15T21:50:12.219+0500] {logging_mixin.py:154} INFO - [2023-12-15T21:50:12.219+0500] {workday.py:36} WARNING - Could not import pandas. Holidays will not be considered.
[2023-12-15T21:50:12.219+0500] {processor.py:841} WARNING - No viable dags retrieved from /home/amina/miniconda/lib/python3.11/site-packages/airflow/example_dags/plugins/workday.py
[2023-12-15T21:50:12.229+0500] {processor.py:179} INFO - Processing /home/amina/miniconda/lib/python3.11/site-packages/airflow/example_dags/plugins/workday.py took 0.043 seconds
[2023-12-15T21:50:55.292+0500] {processor.py:157} INFO - Started process (PID=7944) to work on /home/amina/miniconda/lib/python3.11/site-packages/airflow/example_dags/plugins/workday.py
[2023-12-15T21:50:55.335+0500] {processor.py:829} INFO - Processing file /home/amina/miniconda/lib/python3.11/site-packages/airflow/example_dags/plugins/workday.py for tasks to queue
[2023-12-15T21:50:55.336+0500] {logging_mixin.py:154} INFO - [2023-12-15T21:50:55.336+0500] {dagbag.py:536} INFO - Filling up the DagBag from /home/amina/miniconda/lib/python3.11/site-packages/airflow/example_dags/plugins/workday.py
[2023-12-15T21:50:55.340+0500] {logging_mixin.py:154} INFO - [2023-12-15T21:50:55.340+0500] {workday.py:36} WARNING - Could not import pandas. Holidays will not be considered.
[2023-12-15T21:50:55.341+0500] {processor.py:841} WARNING - No viable dags retrieved from /home/amina/miniconda/lib/python3.11/site-packages/airflow/example_dags/plugins/workday.py
[2023-12-15T21:50:55.351+0500] {processor.py:179} INFO - Processing /home/amina/miniconda/lib/python3.11/site-packages/airflow/example_dags/plugins/workday.py took 0.063 seconds
[2023-12-15T21:51:47.569+0500] {processor.py:157} INFO - Started process (PID=8064) to work on /home/amina/miniconda/lib/python3.11/site-packages/airflow/example_dags/plugins/workday.py
[2023-12-15T21:51:47.629+0500] {processor.py:829} INFO - Processing file /home/amina/miniconda/lib/python3.11/site-packages/airflow/example_dags/plugins/workday.py for tasks to queue
[2023-12-15T21:51:47.630+0500] {logging_mixin.py:154} INFO - [2023-12-15T21:51:47.630+0500] {dagbag.py:536} INFO - Filling up the DagBag from /home/amina/miniconda/lib/python3.11/site-packages/airflow/example_dags/plugins/workday.py
[2023-12-15T21:51:47.633+0500] {logging_mixin.py:154} INFO - [2023-12-15T21:51:47.633+0500] {workday.py:36} WARNING - Could not import pandas. Holidays will not be considered.
[2023-12-15T21:51:47.633+0500] {processor.py:841} WARNING - No viable dags retrieved from /home/amina/miniconda/lib/python3.11/site-packages/airflow/example_dags/plugins/workday.py
[2023-12-15T21:51:47.642+0500] {processor.py:179} INFO - Processing /home/amina/miniconda/lib/python3.11/site-packages/airflow/example_dags/plugins/workday.py took 0.076 seconds
[2023-12-15T21:52:44.569+0500] {processor.py:157} INFO - Started process (PID=8113) to work on /home/amina/miniconda/lib/python3.11/site-packages/airflow/example_dags/plugins/workday.py
[2023-12-15T21:52:44.597+0500] {processor.py:829} INFO - Processing file /home/amina/miniconda/lib/python3.11/site-packages/airflow/example_dags/plugins/workday.py for tasks to queue
[2023-12-15T21:52:44.599+0500] {logging_mixin.py:154} INFO - [2023-12-15T21:52:44.598+0500] {dagbag.py:536} INFO - Filling up the DagBag from /home/amina/miniconda/lib/python3.11/site-packages/airflow/example_dags/plugins/workday.py
[2023-12-15T21:52:44.601+0500] {logging_mixin.py:154} INFO - [2023-12-15T21:52:44.601+0500] {workday.py:36} WARNING - Could not import pandas. Holidays will not be considered.
[2023-12-15T21:52:44.602+0500] {processor.py:841} WARNING - No viable dags retrieved from /home/amina/miniconda/lib/python3.11/site-packages/airflow/example_dags/plugins/workday.py
[2023-12-15T21:52:44.613+0500] {processor.py:179} INFO - Processing /home/amina/miniconda/lib/python3.11/site-packages/airflow/example_dags/plugins/workday.py took 0.048 seconds
[2023-12-15T21:53:23.097+0500] {processor.py:157} INFO - Started process (PID=8157) to work on /home/amina/miniconda/lib/python3.11/site-packages/airflow/example_dags/plugins/workday.py
[2023-12-15T21:53:23.125+0500] {processor.py:829} INFO - Processing file /home/amina/miniconda/lib/python3.11/site-packages/airflow/example_dags/plugins/workday.py for tasks to queue
[2023-12-15T21:53:23.126+0500] {logging_mixin.py:154} INFO - [2023-12-15T21:53:23.125+0500] {dagbag.py:536} INFO - Filling up the DagBag from /home/amina/miniconda/lib/python3.11/site-packages/airflow/example_dags/plugins/workday.py
[2023-12-15T21:53:23.128+0500] {logging_mixin.py:154} INFO - [2023-12-15T21:53:23.128+0500] {workday.py:36} WARNING - Could not import pandas. Holidays will not be considered.
[2023-12-15T21:53:23.129+0500] {processor.py:841} WARNING - No viable dags retrieved from /home/amina/miniconda/lib/python3.11/site-packages/airflow/example_dags/plugins/workday.py
[2023-12-15T21:53:23.138+0500] {processor.py:179} INFO - Processing /home/amina/miniconda/lib/python3.11/site-packages/airflow/example_dags/plugins/workday.py took 0.044 seconds
[2023-12-15T21:54:15.583+0500] {processor.py:157} INFO - Started process (PID=8218) to work on /home/amina/miniconda/lib/python3.11/site-packages/airflow/example_dags/plugins/workday.py
[2023-12-15T21:54:15.631+0500] {processor.py:829} INFO - Processing file /home/amina/miniconda/lib/python3.11/site-packages/airflow/example_dags/plugins/workday.py for tasks to queue
[2023-12-15T21:54:15.632+0500] {logging_mixin.py:154} INFO - [2023-12-15T21:54:15.632+0500] {dagbag.py:536} INFO - Filling up the DagBag from /home/amina/miniconda/lib/python3.11/site-packages/airflow/example_dags/plugins/workday.py
[2023-12-15T21:54:15.635+0500] {logging_mixin.py:154} INFO - [2023-12-15T21:54:15.634+0500] {workday.py:36} WARNING - Could not import pandas. Holidays will not be considered.
[2023-12-15T21:54:15.635+0500] {processor.py:841} WARNING - No viable dags retrieved from /home/amina/miniconda/lib/python3.11/site-packages/airflow/example_dags/plugins/workday.py
[2023-12-15T21:54:15.644+0500] {processor.py:179} INFO - Processing /home/amina/miniconda/lib/python3.11/site-packages/airflow/example_dags/plugins/workday.py took 0.064 seconds
[2023-12-15T21:54:59.518+0500] {processor.py:157} INFO - Started process (PID=8273) to work on /home/amina/miniconda/lib/python3.11/site-packages/airflow/example_dags/plugins/workday.py
[2023-12-15T21:54:59.527+0500] {processor.py:829} INFO - Processing file /home/amina/miniconda/lib/python3.11/site-packages/airflow/example_dags/plugins/workday.py for tasks to queue
[2023-12-15T21:54:59.528+0500] {logging_mixin.py:154} INFO - [2023-12-15T21:54:59.527+0500] {dagbag.py:536} INFO - Filling up the DagBag from /home/amina/miniconda/lib/python3.11/site-packages/airflow/example_dags/plugins/workday.py
[2023-12-15T21:54:59.530+0500] {logging_mixin.py:154} INFO - [2023-12-15T21:54:59.530+0500] {workday.py:36} WARNING - Could not import pandas. Holidays will not be considered.
[2023-12-15T21:54:59.530+0500] {processor.py:841} WARNING - No viable dags retrieved from /home/amina/miniconda/lib/python3.11/site-packages/airflow/example_dags/plugins/workday.py
[2023-12-15T21:54:59.540+0500] {processor.py:179} INFO - Processing /home/amina/miniconda/lib/python3.11/site-packages/airflow/example_dags/plugins/workday.py took 0.025 seconds
[2023-12-15T21:55:43.392+0500] {processor.py:157} INFO - Started process (PID=8321) to work on /home/amina/miniconda/lib/python3.11/site-packages/airflow/example_dags/plugins/workday.py
[2023-12-15T21:55:43.425+0500] {processor.py:829} INFO - Processing file /home/amina/miniconda/lib/python3.11/site-packages/airflow/example_dags/plugins/workday.py for tasks to queue
[2023-12-15T21:55:43.426+0500] {logging_mixin.py:154} INFO - [2023-12-15T21:55:43.425+0500] {dagbag.py:536} INFO - Filling up the DagBag from /home/amina/miniconda/lib/python3.11/site-packages/airflow/example_dags/plugins/workday.py
[2023-12-15T21:55:43.428+0500] {logging_mixin.py:154} INFO - [2023-12-15T21:55:43.428+0500] {workday.py:36} WARNING - Could not import pandas. Holidays will not be considered.
[2023-12-15T21:55:43.428+0500] {processor.py:841} WARNING - No viable dags retrieved from /home/amina/miniconda/lib/python3.11/site-packages/airflow/example_dags/plugins/workday.py
[2023-12-15T21:55:43.437+0500] {processor.py:179} INFO - Processing /home/amina/miniconda/lib/python3.11/site-packages/airflow/example_dags/plugins/workday.py took 0.049 seconds
[2023-12-15T21:56:33.401+0500] {processor.py:157} INFO - Started process (PID=8370) to work on /home/amina/miniconda/lib/python3.11/site-packages/airflow/example_dags/plugins/workday.py
[2023-12-15T21:56:33.466+0500] {processor.py:829} INFO - Processing file /home/amina/miniconda/lib/python3.11/site-packages/airflow/example_dags/plugins/workday.py for tasks to queue
[2023-12-15T21:56:33.467+0500] {logging_mixin.py:154} INFO - [2023-12-15T21:56:33.467+0500] {dagbag.py:536} INFO - Filling up the DagBag from /home/amina/miniconda/lib/python3.11/site-packages/airflow/example_dags/plugins/workday.py
[2023-12-15T21:56:33.469+0500] {logging_mixin.py:154} INFO - [2023-12-15T21:56:33.469+0500] {workday.py:36} WARNING - Could not import pandas. Holidays will not be considered.
[2023-12-15T21:56:33.470+0500] {processor.py:841} WARNING - No viable dags retrieved from /home/amina/miniconda/lib/python3.11/site-packages/airflow/example_dags/plugins/workday.py
[2023-12-15T21:56:33.479+0500] {processor.py:179} INFO - Processing /home/amina/miniconda/lib/python3.11/site-packages/airflow/example_dags/plugins/workday.py took 0.080 seconds
[2023-12-15T21:57:25.928+0500] {processor.py:157} INFO - Started process (PID=8433) to work on /home/amina/miniconda/lib/python3.11/site-packages/airflow/example_dags/plugins/workday.py
[2023-12-15T21:57:25.959+0500] {processor.py:829} INFO - Processing file /home/amina/miniconda/lib/python3.11/site-packages/airflow/example_dags/plugins/workday.py for tasks to queue
[2023-12-15T21:57:25.961+0500] {logging_mixin.py:154} INFO - [2023-12-15T21:57:25.960+0500] {dagbag.py:536} INFO - Filling up the DagBag from /home/amina/miniconda/lib/python3.11/site-packages/airflow/example_dags/plugins/workday.py
[2023-12-15T21:57:25.963+0500] {logging_mixin.py:154} INFO - [2023-12-15T21:57:25.963+0500] {workday.py:36} WARNING - Could not import pandas. Holidays will not be considered.
[2023-12-15T21:57:25.964+0500] {processor.py:841} WARNING - No viable dags retrieved from /home/amina/miniconda/lib/python3.11/site-packages/airflow/example_dags/plugins/workday.py
[2023-12-15T21:57:25.974+0500] {processor.py:179} INFO - Processing /home/amina/miniconda/lib/python3.11/site-packages/airflow/example_dags/plugins/workday.py took 0.049 seconds
[2023-12-15T21:58:19.929+0500] {processor.py:157} INFO - Started process (PID=8491) to work on /home/amina/miniconda/lib/python3.11/site-packages/airflow/example_dags/plugins/workday.py
[2023-12-15T21:58:19.956+0500] {processor.py:829} INFO - Processing file /home/amina/miniconda/lib/python3.11/site-packages/airflow/example_dags/plugins/workday.py for tasks to queue
[2023-12-15T21:58:19.957+0500] {logging_mixin.py:154} INFO - [2023-12-15T21:58:19.957+0500] {dagbag.py:536} INFO - Filling up the DagBag from /home/amina/miniconda/lib/python3.11/site-packages/airflow/example_dags/plugins/workday.py
[2023-12-15T21:58:19.960+0500] {logging_mixin.py:154} INFO - [2023-12-15T21:58:19.959+0500] {workday.py:36} WARNING - Could not import pandas. Holidays will not be considered.
[2023-12-15T21:58:19.960+0500] {processor.py:841} WARNING - No viable dags retrieved from /home/amina/miniconda/lib/python3.11/site-packages/airflow/example_dags/plugins/workday.py
[2023-12-15T21:58:19.969+0500] {processor.py:179} INFO - Processing /home/amina/miniconda/lib/python3.11/site-packages/airflow/example_dags/plugins/workday.py took 0.045 seconds
[2023-12-15T21:59:14.115+0500] {processor.py:157} INFO - Started process (PID=8550) to work on /home/amina/miniconda/lib/python3.11/site-packages/airflow/example_dags/plugins/workday.py
[2023-12-15T21:59:14.143+0500] {processor.py:829} INFO - Processing file /home/amina/miniconda/lib/python3.11/site-packages/airflow/example_dags/plugins/workday.py for tasks to queue
[2023-12-15T21:59:14.144+0500] {logging_mixin.py:154} INFO - [2023-12-15T21:59:14.144+0500] {dagbag.py:536} INFO - Filling up the DagBag from /home/amina/miniconda/lib/python3.11/site-packages/airflow/example_dags/plugins/workday.py
[2023-12-15T21:59:14.147+0500] {logging_mixin.py:154} INFO - [2023-12-15T21:59:14.147+0500] {workday.py:36} WARNING - Could not import pandas. Holidays will not be considered.
[2023-12-15T21:59:14.147+0500] {processor.py:841} WARNING - No viable dags retrieved from /home/amina/miniconda/lib/python3.11/site-packages/airflow/example_dags/plugins/workday.py
[2023-12-15T21:59:14.161+0500] {processor.py:179} INFO - Processing /home/amina/miniconda/lib/python3.11/site-packages/airflow/example_dags/plugins/workday.py took 0.048 seconds
[2023-12-15T22:00:06.903+0500] {processor.py:157} INFO - Started process (PID=8613) to work on /home/amina/miniconda/lib/python3.11/site-packages/airflow/example_dags/plugins/workday.py
[2023-12-15T22:00:06.942+0500] {processor.py:829} INFO - Processing file /home/amina/miniconda/lib/python3.11/site-packages/airflow/example_dags/plugins/workday.py for tasks to queue
[2023-12-15T22:00:06.943+0500] {logging_mixin.py:154} INFO - [2023-12-15T22:00:06.943+0500] {dagbag.py:536} INFO - Filling up the DagBag from /home/amina/miniconda/lib/python3.11/site-packages/airflow/example_dags/plugins/workday.py
[2023-12-15T22:00:06.946+0500] {logging_mixin.py:154} INFO - [2023-12-15T22:00:06.946+0500] {workday.py:36} WARNING - Could not import pandas. Holidays will not be considered.
[2023-12-15T22:00:06.946+0500] {processor.py:841} WARNING - No viable dags retrieved from /home/amina/miniconda/lib/python3.11/site-packages/airflow/example_dags/plugins/workday.py
[2023-12-15T22:00:06.955+0500] {processor.py:179} INFO - Processing /home/amina/miniconda/lib/python3.11/site-packages/airflow/example_dags/plugins/workday.py took 0.056 seconds
[2023-12-15T22:01:03.110+0500] {processor.py:157} INFO - Started process (PID=8687) to work on /home/amina/miniconda/lib/python3.11/site-packages/airflow/example_dags/plugins/workday.py
[2023-12-15T22:01:03.138+0500] {processor.py:829} INFO - Processing file /home/amina/miniconda/lib/python3.11/site-packages/airflow/example_dags/plugins/workday.py for tasks to queue
[2023-12-15T22:01:03.139+0500] {logging_mixin.py:154} INFO - [2023-12-15T22:01:03.139+0500] {dagbag.py:536} INFO - Filling up the DagBag from /home/amina/miniconda/lib/python3.11/site-packages/airflow/example_dags/plugins/workday.py
[2023-12-15T22:01:03.142+0500] {logging_mixin.py:154} INFO - [2023-12-15T22:01:03.142+0500] {workday.py:36} WARNING - Could not import pandas. Holidays will not be considered.
[2023-12-15T22:01:03.142+0500] {processor.py:841} WARNING - No viable dags retrieved from /home/amina/miniconda/lib/python3.11/site-packages/airflow/example_dags/plugins/workday.py
[2023-12-15T22:01:03.151+0500] {processor.py:179} INFO - Processing /home/amina/miniconda/lib/python3.11/site-packages/airflow/example_dags/plugins/workday.py took 0.045 seconds
[2023-12-15T22:01:53.542+0500] {processor.py:157} INFO - Started process (PID=8752) to work on /home/amina/miniconda/lib/python3.11/site-packages/airflow/example_dags/plugins/workday.py
[2023-12-15T22:01:53.594+0500] {processor.py:829} INFO - Processing file /home/amina/miniconda/lib/python3.11/site-packages/airflow/example_dags/plugins/workday.py for tasks to queue
[2023-12-15T22:01:53.595+0500] {logging_mixin.py:154} INFO - [2023-12-15T22:01:53.594+0500] {dagbag.py:536} INFO - Filling up the DagBag from /home/amina/miniconda/lib/python3.11/site-packages/airflow/example_dags/plugins/workday.py
[2023-12-15T22:01:53.597+0500] {logging_mixin.py:154} INFO - [2023-12-15T22:01:53.597+0500] {workday.py:36} WARNING - Could not import pandas. Holidays will not be considered.
[2023-12-15T22:01:53.598+0500] {processor.py:841} WARNING - No viable dags retrieved from /home/amina/miniconda/lib/python3.11/site-packages/airflow/example_dags/plugins/workday.py
[2023-12-15T22:01:53.606+0500] {processor.py:179} INFO - Processing /home/amina/miniconda/lib/python3.11/site-packages/airflow/example_dags/plugins/workday.py took 0.067 seconds
[2023-12-15T22:02:45.616+0500] {processor.py:157} INFO - Started process (PID=8810) to work on /home/amina/miniconda/lib/python3.11/site-packages/airflow/example_dags/plugins/workday.py
[2023-12-15T22:02:45.629+0500] {processor.py:829} INFO - Processing file /home/amina/miniconda/lib/python3.11/site-packages/airflow/example_dags/plugins/workday.py for tasks to queue
[2023-12-15T22:02:45.630+0500] {logging_mixin.py:154} INFO - [2023-12-15T22:02:45.629+0500] {dagbag.py:536} INFO - Filling up the DagBag from /home/amina/miniconda/lib/python3.11/site-packages/airflow/example_dags/plugins/workday.py
[2023-12-15T22:02:45.632+0500] {logging_mixin.py:154} INFO - [2023-12-15T22:02:45.632+0500] {workday.py:36} WARNING - Could not import pandas. Holidays will not be considered.
[2023-12-15T22:02:45.632+0500] {processor.py:841} WARNING - No viable dags retrieved from /home/amina/miniconda/lib/python3.11/site-packages/airflow/example_dags/plugins/workday.py
[2023-12-15T22:02:45.644+0500] {processor.py:179} INFO - Processing /home/amina/miniconda/lib/python3.11/site-packages/airflow/example_dags/plugins/workday.py took 0.031 seconds
[2023-12-15T22:03:51.911+0500] {processor.py:157} INFO - Started process (PID=8884) to work on /home/amina/miniconda/lib/python3.11/site-packages/airflow/example_dags/plugins/workday.py
[2023-12-15T22:03:51.931+0500] {processor.py:829} INFO - Processing file /home/amina/miniconda/lib/python3.11/site-packages/airflow/example_dags/plugins/workday.py for tasks to queue
[2023-12-15T22:03:51.932+0500] {logging_mixin.py:154} INFO - [2023-12-15T22:03:51.932+0500] {dagbag.py:536} INFO - Filling up the DagBag from /home/amina/miniconda/lib/python3.11/site-packages/airflow/example_dags/plugins/workday.py
[2023-12-15T22:03:51.936+0500] {logging_mixin.py:154} INFO - [2023-12-15T22:03:51.936+0500] {workday.py:36} WARNING - Could not import pandas. Holidays will not be considered.
[2023-12-15T22:03:51.937+0500] {processor.py:841} WARNING - No viable dags retrieved from /home/amina/miniconda/lib/python3.11/site-packages/airflow/example_dags/plugins/workday.py
[2023-12-15T22:03:52.080+0500] {processor.py:179} INFO - Processing /home/amina/miniconda/lib/python3.11/site-packages/airflow/example_dags/plugins/workday.py took 0.173 seconds
[2023-12-15T22:04:57.010+0500] {processor.py:157} INFO - Started process (PID=8958) to work on /home/amina/miniconda/lib/python3.11/site-packages/airflow/example_dags/plugins/workday.py
[2023-12-15T22:04:57.011+0500] {processor.py:829} INFO - Processing file /home/amina/miniconda/lib/python3.11/site-packages/airflow/example_dags/plugins/workday.py for tasks to queue
[2023-12-15T22:04:57.012+0500] {logging_mixin.py:154} INFO - [2023-12-15T22:04:57.012+0500] {dagbag.py:536} INFO - Filling up the DagBag from /home/amina/miniconda/lib/python3.11/site-packages/airflow/example_dags/plugins/workday.py
[2023-12-15T22:04:57.015+0500] {logging_mixin.py:154} INFO - [2023-12-15T22:04:57.015+0500] {workday.py:36} WARNING - Could not import pandas. Holidays will not be considered.
[2023-12-15T22:04:57.015+0500] {processor.py:841} WARNING - No viable dags retrieved from /home/amina/miniconda/lib/python3.11/site-packages/airflow/example_dags/plugins/workday.py
[2023-12-15T22:04:57.029+0500] {processor.py:179} INFO - Processing /home/amina/miniconda/lib/python3.11/site-packages/airflow/example_dags/plugins/workday.py took 0.022 seconds
[2023-12-15T22:05:57.801+0500] {processor.py:157} INFO - Started process (PID=9025) to work on /home/amina/miniconda/lib/python3.11/site-packages/airflow/example_dags/plugins/workday.py
[2023-12-15T22:05:57.853+0500] {processor.py:829} INFO - Processing file /home/amina/miniconda/lib/python3.11/site-packages/airflow/example_dags/plugins/workday.py for tasks to queue
[2023-12-15T22:05:57.854+0500] {logging_mixin.py:154} INFO - [2023-12-15T22:05:57.854+0500] {dagbag.py:536} INFO - Filling up the DagBag from /home/amina/miniconda/lib/python3.11/site-packages/airflow/example_dags/plugins/workday.py
[2023-12-15T22:05:57.856+0500] {logging_mixin.py:154} INFO - [2023-12-15T22:05:57.856+0500] {workday.py:36} WARNING - Could not import pandas. Holidays will not be considered.
[2023-12-15T22:05:57.857+0500] {processor.py:841} WARNING - No viable dags retrieved from /home/amina/miniconda/lib/python3.11/site-packages/airflow/example_dags/plugins/workday.py
[2023-12-15T22:05:57.867+0500] {processor.py:179} INFO - Processing /home/amina/miniconda/lib/python3.11/site-packages/airflow/example_dags/plugins/workday.py took 0.069 seconds
[2023-12-15T22:06:56.199+0500] {processor.py:157} INFO - Started process (PID=9077) to work on /home/amina/miniconda/lib/python3.11/site-packages/airflow/example_dags/plugins/workday.py
[2023-12-15T22:06:56.200+0500] {processor.py:829} INFO - Processing file /home/amina/miniconda/lib/python3.11/site-packages/airflow/example_dags/plugins/workday.py for tasks to queue
[2023-12-15T22:06:56.201+0500] {logging_mixin.py:154} INFO - [2023-12-15T22:06:56.200+0500] {dagbag.py:536} INFO - Filling up the DagBag from /home/amina/miniconda/lib/python3.11/site-packages/airflow/example_dags/plugins/workday.py
[2023-12-15T22:06:56.204+0500] {logging_mixin.py:154} INFO - [2023-12-15T22:06:56.204+0500] {workday.py:36} WARNING - Could not import pandas. Holidays will not be considered.
[2023-12-15T22:06:56.204+0500] {processor.py:841} WARNING - No viable dags retrieved from /home/amina/miniconda/lib/python3.11/site-packages/airflow/example_dags/plugins/workday.py
[2023-12-15T22:06:56.218+0500] {processor.py:179} INFO - Processing /home/amina/miniconda/lib/python3.11/site-packages/airflow/example_dags/plugins/workday.py took 0.025 seconds
[2023-12-15T22:08:01.472+0500] {processor.py:157} INFO - Started process (PID=9147) to work on /home/amina/miniconda/lib/python3.11/site-packages/airflow/example_dags/plugins/workday.py
[2023-12-15T22:08:01.504+0500] {processor.py:829} INFO - Processing file /home/amina/miniconda/lib/python3.11/site-packages/airflow/example_dags/plugins/workday.py for tasks to queue
[2023-12-15T22:08:01.506+0500] {logging_mixin.py:154} INFO - [2023-12-15T22:08:01.505+0500] {dagbag.py:536} INFO - Filling up the DagBag from /home/amina/miniconda/lib/python3.11/site-packages/airflow/example_dags/plugins/workday.py
[2023-12-15T22:08:01.508+0500] {logging_mixin.py:154} INFO - [2023-12-15T22:08:01.508+0500] {workday.py:36} WARNING - Could not import pandas. Holidays will not be considered.
[2023-12-15T22:08:01.508+0500] {processor.py:841} WARNING - No viable dags retrieved from /home/amina/miniconda/lib/python3.11/site-packages/airflow/example_dags/plugins/workday.py
[2023-12-15T22:08:01.519+0500] {processor.py:179} INFO - Processing /home/amina/miniconda/lib/python3.11/site-packages/airflow/example_dags/plugins/workday.py took 0.050 seconds
[2023-12-15T22:09:04.202+0500] {processor.py:157} INFO - Started process (PID=9220) to work on /home/amina/miniconda/lib/python3.11/site-packages/airflow/example_dags/plugins/workday.py
[2023-12-15T22:09:04.202+0500] {processor.py:829} INFO - Processing file /home/amina/miniconda/lib/python3.11/site-packages/airflow/example_dags/plugins/workday.py for tasks to queue
[2023-12-15T22:09:04.203+0500] {logging_mixin.py:154} INFO - [2023-12-15T22:09:04.203+0500] {dagbag.py:536} INFO - Filling up the DagBag from /home/amina/miniconda/lib/python3.11/site-packages/airflow/example_dags/plugins/workday.py
[2023-12-15T22:09:04.206+0500] {logging_mixin.py:154} INFO - [2023-12-15T22:09:04.206+0500] {workday.py:36} WARNING - Could not import pandas. Holidays will not be considered.
[2023-12-15T22:09:04.206+0500] {processor.py:841} WARNING - No viable dags retrieved from /home/amina/miniconda/lib/python3.11/site-packages/airflow/example_dags/plugins/workday.py
[2023-12-15T22:09:04.218+0500] {processor.py:179} INFO - Processing /home/amina/miniconda/lib/python3.11/site-packages/airflow/example_dags/plugins/workday.py took 0.020 seconds
[2023-12-15T22:10:04.414+0500] {processor.py:157} INFO - Started process (PID=9280) to work on /home/amina/miniconda/lib/python3.11/site-packages/airflow/example_dags/plugins/workday.py
[2023-12-15T22:10:04.429+0500] {processor.py:829} INFO - Processing file /home/amina/miniconda/lib/python3.11/site-packages/airflow/example_dags/plugins/workday.py for tasks to queue
[2023-12-15T22:10:04.429+0500] {logging_mixin.py:154} INFO - [2023-12-15T22:10:04.429+0500] {dagbag.py:536} INFO - Filling up the DagBag from /home/amina/miniconda/lib/python3.11/site-packages/airflow/example_dags/plugins/workday.py
[2023-12-15T22:10:04.432+0500] {logging_mixin.py:154} INFO - [2023-12-15T22:10:04.432+0500] {workday.py:36} WARNING - Could not import pandas. Holidays will not be considered.
[2023-12-15T22:10:04.432+0500] {processor.py:841} WARNING - No viable dags retrieved from /home/amina/miniconda/lib/python3.11/site-packages/airflow/example_dags/plugins/workday.py
[2023-12-15T22:10:04.444+0500] {processor.py:179} INFO - Processing /home/amina/miniconda/lib/python3.11/site-packages/airflow/example_dags/plugins/workday.py took 0.034 seconds
[2023-12-15T22:10:40.013+0500] {processor.py:157} INFO - Started process (PID=9315) to work on /home/amina/miniconda/lib/python3.11/site-packages/airflow/example_dags/plugins/workday.py
[2023-12-15T22:10:40.038+0500] {processor.py:829} INFO - Processing file /home/amina/miniconda/lib/python3.11/site-packages/airflow/example_dags/plugins/workday.py for tasks to queue
[2023-12-15T22:10:40.040+0500] {logging_mixin.py:154} INFO - [2023-12-15T22:10:40.039+0500] {dagbag.py:536} INFO - Filling up the DagBag from /home/amina/miniconda/lib/python3.11/site-packages/airflow/example_dags/plugins/workday.py
[2023-12-15T22:10:40.044+0500] {logging_mixin.py:154} INFO - [2023-12-15T22:10:40.043+0500] {workday.py:36} WARNING - Could not import pandas. Holidays will not be considered.
[2023-12-15T22:10:40.044+0500] {processor.py:841} WARNING - No viable dags retrieved from /home/amina/miniconda/lib/python3.11/site-packages/airflow/example_dags/plugins/workday.py
[2023-12-15T22:10:40.054+0500] {processor.py:179} INFO - Processing /home/amina/miniconda/lib/python3.11/site-packages/airflow/example_dags/plugins/workday.py took 0.044 seconds
[2023-12-15T22:11:37.133+0500] {processor.py:157} INFO - Started process (PID=9374) to work on /home/amina/miniconda/lib/python3.11/site-packages/airflow/example_dags/plugins/workday.py
[2023-12-15T22:11:37.186+0500] {processor.py:829} INFO - Processing file /home/amina/miniconda/lib/python3.11/site-packages/airflow/example_dags/plugins/workday.py for tasks to queue
[2023-12-15T22:11:37.187+0500] {logging_mixin.py:154} INFO - [2023-12-15T22:11:37.187+0500] {dagbag.py:536} INFO - Filling up the DagBag from /home/amina/miniconda/lib/python3.11/site-packages/airflow/example_dags/plugins/workday.py
[2023-12-15T22:11:37.190+0500] {logging_mixin.py:154} INFO - [2023-12-15T22:11:37.190+0500] {workday.py:36} WARNING - Could not import pandas. Holidays will not be considered.
[2023-12-15T22:11:37.190+0500] {processor.py:841} WARNING - No viable dags retrieved from /home/amina/miniconda/lib/python3.11/site-packages/airflow/example_dags/plugins/workday.py
[2023-12-15T22:11:37.199+0500] {processor.py:179} INFO - Processing /home/amina/miniconda/lib/python3.11/site-packages/airflow/example_dags/plugins/workday.py took 0.071 seconds
[2023-12-15T22:12:40.240+0500] {processor.py:157} INFO - Started process (PID=9442) to work on /home/amina/miniconda/lib/python3.11/site-packages/airflow/example_dags/plugins/workday.py
[2023-12-15T22:12:40.290+0500] {processor.py:829} INFO - Processing file /home/amina/miniconda/lib/python3.11/site-packages/airflow/example_dags/plugins/workday.py for tasks to queue
[2023-12-15T22:12:40.291+0500] {logging_mixin.py:154} INFO - [2023-12-15T22:12:40.291+0500] {dagbag.py:536} INFO - Filling up the DagBag from /home/amina/miniconda/lib/python3.11/site-packages/airflow/example_dags/plugins/workday.py
[2023-12-15T22:12:40.294+0500] {logging_mixin.py:154} INFO - [2023-12-15T22:12:40.294+0500] {workday.py:36} WARNING - Could not import pandas. Holidays will not be considered.
[2023-12-15T22:12:40.294+0500] {processor.py:841} WARNING - No viable dags retrieved from /home/amina/miniconda/lib/python3.11/site-packages/airflow/example_dags/plugins/workday.py
[2023-12-15T22:12:40.304+0500] {processor.py:179} INFO - Processing /home/amina/miniconda/lib/python3.11/site-packages/airflow/example_dags/plugins/workday.py took 0.067 seconds
[2023-12-15T22:13:30.663+0500] {processor.py:157} INFO - Started process (PID=9494) to work on /home/amina/miniconda/lib/python3.11/site-packages/airflow/example_dags/plugins/workday.py
[2023-12-15T22:13:30.707+0500] {processor.py:829} INFO - Processing file /home/amina/miniconda/lib/python3.11/site-packages/airflow/example_dags/plugins/workday.py for tasks to queue
[2023-12-15T22:13:30.708+0500] {logging_mixin.py:154} INFO - [2023-12-15T22:13:30.708+0500] {dagbag.py:536} INFO - Filling up the DagBag from /home/amina/miniconda/lib/python3.11/site-packages/airflow/example_dags/plugins/workday.py
[2023-12-15T22:13:30.711+0500] {logging_mixin.py:154} INFO - [2023-12-15T22:13:30.711+0500] {workday.py:36} WARNING - Could not import pandas. Holidays will not be considered.
[2023-12-15T22:13:30.711+0500] {processor.py:841} WARNING - No viable dags retrieved from /home/amina/miniconda/lib/python3.11/site-packages/airflow/example_dags/plugins/workday.py
[2023-12-15T22:13:30.720+0500] {processor.py:179} INFO - Processing /home/amina/miniconda/lib/python3.11/site-packages/airflow/example_dags/plugins/workday.py took 0.060 seconds
[2023-12-15T22:14:18.621+0500] {processor.py:157} INFO - Started process (PID=9558) to work on /home/amina/miniconda/lib/python3.11/site-packages/airflow/example_dags/plugins/workday.py
[2023-12-15T22:14:18.677+0500] {processor.py:829} INFO - Processing file /home/amina/miniconda/lib/python3.11/site-packages/airflow/example_dags/plugins/workday.py for tasks to queue
[2023-12-15T22:14:18.678+0500] {logging_mixin.py:154} INFO - [2023-12-15T22:14:18.677+0500] {dagbag.py:536} INFO - Filling up the DagBag from /home/amina/miniconda/lib/python3.11/site-packages/airflow/example_dags/plugins/workday.py
[2023-12-15T22:14:18.680+0500] {logging_mixin.py:154} INFO - [2023-12-15T22:14:18.680+0500] {workday.py:36} WARNING - Could not import pandas. Holidays will not be considered.
[2023-12-15T22:14:18.680+0500] {processor.py:841} WARNING - No viable dags retrieved from /home/amina/miniconda/lib/python3.11/site-packages/airflow/example_dags/plugins/workday.py
[2023-12-15T22:14:18.689+0500] {processor.py:179} INFO - Processing /home/amina/miniconda/lib/python3.11/site-packages/airflow/example_dags/plugins/workday.py took 0.071 seconds
[2023-12-15T22:15:34.290+0500] {processor.py:157} INFO - Started process (PID=9640) to work on /home/amina/miniconda/lib/python3.11/site-packages/airflow/example_dags/plugins/workday.py
[2023-12-15T22:15:34.343+0500] {processor.py:829} INFO - Processing file /home/amina/miniconda/lib/python3.11/site-packages/airflow/example_dags/plugins/workday.py for tasks to queue
[2023-12-15T22:15:34.343+0500] {logging_mixin.py:154} INFO - [2023-12-15T22:15:34.343+0500] {dagbag.py:536} INFO - Filling up the DagBag from /home/amina/miniconda/lib/python3.11/site-packages/airflow/example_dags/plugins/workday.py
[2023-12-15T22:15:34.346+0500] {logging_mixin.py:154} INFO - [2023-12-15T22:15:34.346+0500] {workday.py:36} WARNING - Could not import pandas. Holidays will not be considered.
[2023-12-15T22:15:34.346+0500] {processor.py:841} WARNING - No viable dags retrieved from /home/amina/miniconda/lib/python3.11/site-packages/airflow/example_dags/plugins/workday.py
[2023-12-15T22:15:34.356+0500] {processor.py:179} INFO - Processing /home/amina/miniconda/lib/python3.11/site-packages/airflow/example_dags/plugins/workday.py took 0.068 seconds
[2023-12-15T22:16:12.496+0500] {processor.py:157} INFO - Started process (PID=9680) to work on /home/amina/miniconda/lib/python3.11/site-packages/airflow/example_dags/plugins/workday.py
[2023-12-15T22:16:12.545+0500] {processor.py:829} INFO - Processing file /home/amina/miniconda/lib/python3.11/site-packages/airflow/example_dags/plugins/workday.py for tasks to queue
[2023-12-15T22:16:12.546+0500] {logging_mixin.py:154} INFO - [2023-12-15T22:16:12.545+0500] {dagbag.py:536} INFO - Filling up the DagBag from /home/amina/miniconda/lib/python3.11/site-packages/airflow/example_dags/plugins/workday.py
[2023-12-15T22:16:12.548+0500] {logging_mixin.py:154} INFO - [2023-12-15T22:16:12.548+0500] {workday.py:36} WARNING - Could not import pandas. Holidays will not be considered.
[2023-12-15T22:16:12.549+0500] {processor.py:841} WARNING - No viable dags retrieved from /home/amina/miniconda/lib/python3.11/site-packages/airflow/example_dags/plugins/workday.py
[2023-12-15T22:16:12.561+0500] {processor.py:179} INFO - Processing /home/amina/miniconda/lib/python3.11/site-packages/airflow/example_dags/plugins/workday.py took 0.067 seconds
[2023-12-15T22:17:16.802+0500] {processor.py:157} INFO - Started process (PID=9752) to work on /home/amina/miniconda/lib/python3.11/site-packages/airflow/example_dags/plugins/workday.py
[2023-12-15T22:17:16.832+0500] {processor.py:829} INFO - Processing file /home/amina/miniconda/lib/python3.11/site-packages/airflow/example_dags/plugins/workday.py for tasks to queue
[2023-12-15T22:17:16.833+0500] {logging_mixin.py:154} INFO - [2023-12-15T22:17:16.832+0500] {dagbag.py:536} INFO - Filling up the DagBag from /home/amina/miniconda/lib/python3.11/site-packages/airflow/example_dags/plugins/workday.py
[2023-12-15T22:17:16.836+0500] {logging_mixin.py:154} INFO - [2023-12-15T22:17:16.836+0500] {workday.py:36} WARNING - Could not import pandas. Holidays will not be considered.
[2023-12-15T22:17:16.836+0500] {processor.py:841} WARNING - No viable dags retrieved from /home/amina/miniconda/lib/python3.11/site-packages/airflow/example_dags/plugins/workday.py
[2023-12-15T22:17:16.846+0500] {processor.py:179} INFO - Processing /home/amina/miniconda/lib/python3.11/site-packages/airflow/example_dags/plugins/workday.py took 0.048 seconds
[2023-12-15T22:18:18.490+0500] {processor.py:157} INFO - Started process (PID=9822) to work on /home/amina/miniconda/lib/python3.11/site-packages/airflow/example_dags/plugins/workday.py
[2023-12-15T22:18:18.535+0500] {processor.py:829} INFO - Processing file /home/amina/miniconda/lib/python3.11/site-packages/airflow/example_dags/plugins/workday.py for tasks to queue
[2023-12-15T22:18:18.536+0500] {logging_mixin.py:154} INFO - [2023-12-15T22:18:18.536+0500] {dagbag.py:536} INFO - Filling up the DagBag from /home/amina/miniconda/lib/python3.11/site-packages/airflow/example_dags/plugins/workday.py
[2023-12-15T22:18:18.539+0500] {logging_mixin.py:154} INFO - [2023-12-15T22:18:18.539+0500] {workday.py:36} WARNING - Could not import pandas. Holidays will not be considered.
[2023-12-15T22:18:18.539+0500] {processor.py:841} WARNING - No viable dags retrieved from /home/amina/miniconda/lib/python3.11/site-packages/airflow/example_dags/plugins/workday.py
[2023-12-15T22:18:18.549+0500] {processor.py:179} INFO - Processing /home/amina/miniconda/lib/python3.11/site-packages/airflow/example_dags/plugins/workday.py took 0.062 seconds
[2023-12-15T22:19:21.270+0500] {processor.py:157} INFO - Started process (PID=9905) to work on /home/amina/miniconda/lib/python3.11/site-packages/airflow/example_dags/plugins/workday.py
[2023-12-15T22:19:21.320+0500] {processor.py:829} INFO - Processing file /home/amina/miniconda/lib/python3.11/site-packages/airflow/example_dags/plugins/workday.py for tasks to queue
[2023-12-15T22:19:21.321+0500] {logging_mixin.py:154} INFO - [2023-12-15T22:19:21.321+0500] {dagbag.py:536} INFO - Filling up the DagBag from /home/amina/miniconda/lib/python3.11/site-packages/airflow/example_dags/plugins/workday.py
[2023-12-15T22:19:21.325+0500] {logging_mixin.py:154} INFO - [2023-12-15T22:19:21.325+0500] {workday.py:36} WARNING - Could not import pandas. Holidays will not be considered.
[2023-12-15T22:19:21.326+0500] {processor.py:841} WARNING - No viable dags retrieved from /home/amina/miniconda/lib/python3.11/site-packages/airflow/example_dags/plugins/workday.py
[2023-12-15T22:19:21.339+0500] {processor.py:179} INFO - Processing /home/amina/miniconda/lib/python3.11/site-packages/airflow/example_dags/plugins/workday.py took 0.073 seconds
[2023-12-15T22:20:31.442+0500] {processor.py:157} INFO - Started process (PID=10102) to work on /home/amina/miniconda/lib/python3.11/site-packages/airflow/example_dags/plugins/workday.py
[2023-12-15T22:20:31.452+0500] {processor.py:829} INFO - Processing file /home/amina/miniconda/lib/python3.11/site-packages/airflow/example_dags/plugins/workday.py for tasks to queue
[2023-12-15T22:20:31.453+0500] {logging_mixin.py:154} INFO - [2023-12-15T22:20:31.452+0500] {dagbag.py:536} INFO - Filling up the DagBag from /home/amina/miniconda/lib/python3.11/site-packages/airflow/example_dags/plugins/workday.py
[2023-12-15T22:20:31.456+0500] {logging_mixin.py:154} INFO - [2023-12-15T22:20:31.456+0500] {workday.py:36} WARNING - Could not import pandas. Holidays will not be considered.
[2023-12-15T22:20:31.456+0500] {processor.py:841} WARNING - No viable dags retrieved from /home/amina/miniconda/lib/python3.11/site-packages/airflow/example_dags/plugins/workday.py
[2023-12-15T22:20:31.466+0500] {processor.py:179} INFO - Processing /home/amina/miniconda/lib/python3.11/site-packages/airflow/example_dags/plugins/workday.py took 0.027 seconds
[2023-12-15T22:21:06.087+0500] {processor.py:157} INFO - Started process (PID=10141) to work on /home/amina/miniconda/lib/python3.11/site-packages/airflow/example_dags/plugins/workday.py
[2023-12-15T22:21:06.164+0500] {processor.py:829} INFO - Processing file /home/amina/miniconda/lib/python3.11/site-packages/airflow/example_dags/plugins/workday.py for tasks to queue
[2023-12-15T22:21:06.165+0500] {logging_mixin.py:154} INFO - [2023-12-15T22:21:06.165+0500] {dagbag.py:536} INFO - Filling up the DagBag from /home/amina/miniconda/lib/python3.11/site-packages/airflow/example_dags/plugins/workday.py
[2023-12-15T22:21:06.169+0500] {logging_mixin.py:154} INFO - [2023-12-15T22:21:06.168+0500] {workday.py:36} WARNING - Could not import pandas. Holidays will not be considered.
[2023-12-15T22:21:06.169+0500] {processor.py:841} WARNING - No viable dags retrieved from /home/amina/miniconda/lib/python3.11/site-packages/airflow/example_dags/plugins/workday.py
[2023-12-15T22:21:06.178+0500] {processor.py:179} INFO - Processing /home/amina/miniconda/lib/python3.11/site-packages/airflow/example_dags/plugins/workday.py took 0.094 seconds
[2023-12-15T22:21:56.907+0500] {processor.py:157} INFO - Started process (PID=10205) to work on /home/amina/miniconda/lib/python3.11/site-packages/airflow/example_dags/plugins/workday.py
[2023-12-15T22:21:56.937+0500] {processor.py:829} INFO - Processing file /home/amina/miniconda/lib/python3.11/site-packages/airflow/example_dags/plugins/workday.py for tasks to queue
[2023-12-15T22:21:56.938+0500] {logging_mixin.py:154} INFO - [2023-12-15T22:21:56.938+0500] {dagbag.py:536} INFO - Filling up the DagBag from /home/amina/miniconda/lib/python3.11/site-packages/airflow/example_dags/plugins/workday.py
[2023-12-15T22:21:56.941+0500] {logging_mixin.py:154} INFO - [2023-12-15T22:21:56.941+0500] {workday.py:36} WARNING - Could not import pandas. Holidays will not be considered.
[2023-12-15T22:21:56.941+0500] {processor.py:841} WARNING - No viable dags retrieved from /home/amina/miniconda/lib/python3.11/site-packages/airflow/example_dags/plugins/workday.py
[2023-12-15T22:21:56.951+0500] {processor.py:179} INFO - Processing /home/amina/miniconda/lib/python3.11/site-packages/airflow/example_dags/plugins/workday.py took 0.048 seconds
[2023-12-15T22:22:50.025+0500] {processor.py:157} INFO - Started process (PID=10256) to work on /home/amina/miniconda/lib/python3.11/site-packages/airflow/example_dags/plugins/workday.py
[2023-12-15T22:22:50.025+0500] {processor.py:829} INFO - Processing file /home/amina/miniconda/lib/python3.11/site-packages/airflow/example_dags/plugins/workday.py for tasks to queue
[2023-12-15T22:22:50.027+0500] {logging_mixin.py:154} INFO - [2023-12-15T22:22:50.026+0500] {dagbag.py:536} INFO - Filling up the DagBag from /home/amina/miniconda/lib/python3.11/site-packages/airflow/example_dags/plugins/workday.py
[2023-12-15T22:22:50.030+0500] {logging_mixin.py:154} INFO - [2023-12-15T22:22:50.030+0500] {workday.py:36} WARNING - Could not import pandas. Holidays will not be considered.
[2023-12-15T22:22:50.031+0500] {processor.py:841} WARNING - No viable dags retrieved from /home/amina/miniconda/lib/python3.11/site-packages/airflow/example_dags/plugins/workday.py
[2023-12-15T22:22:50.044+0500] {processor.py:179} INFO - Processing /home/amina/miniconda/lib/python3.11/site-packages/airflow/example_dags/plugins/workday.py took 0.023 seconds
[2023-12-15T22:23:42.514+0500] {processor.py:157} INFO - Started process (PID=10318) to work on /home/amina/miniconda/lib/python3.11/site-packages/airflow/example_dags/plugins/workday.py
[2023-12-15T22:23:42.534+0500] {processor.py:829} INFO - Processing file /home/amina/miniconda/lib/python3.11/site-packages/airflow/example_dags/plugins/workday.py for tasks to queue
[2023-12-15T22:23:42.535+0500] {logging_mixin.py:154} INFO - [2023-12-15T22:23:42.535+0500] {dagbag.py:536} INFO - Filling up the DagBag from /home/amina/miniconda/lib/python3.11/site-packages/airflow/example_dags/plugins/workday.py
[2023-12-15T22:23:42.539+0500] {logging_mixin.py:154} INFO - [2023-12-15T22:23:42.539+0500] {workday.py:36} WARNING - Could not import pandas. Holidays will not be considered.
[2023-12-15T22:23:42.539+0500] {processor.py:841} WARNING - No viable dags retrieved from /home/amina/miniconda/lib/python3.11/site-packages/airflow/example_dags/plugins/workday.py
[2023-12-15T22:23:42.550+0500] {processor.py:179} INFO - Processing /home/amina/miniconda/lib/python3.11/site-packages/airflow/example_dags/plugins/workday.py took 0.039 seconds
[2023-12-15T22:24:33.777+0500] {processor.py:157} INFO - Started process (PID=10378) to work on /home/amina/miniconda/lib/python3.11/site-packages/airflow/example_dags/plugins/workday.py
[2023-12-15T22:24:33.840+0500] {processor.py:829} INFO - Processing file /home/amina/miniconda/lib/python3.11/site-packages/airflow/example_dags/plugins/workday.py for tasks to queue
[2023-12-15T22:24:33.841+0500] {logging_mixin.py:154} INFO - [2023-12-15T22:24:33.841+0500] {dagbag.py:536} INFO - Filling up the DagBag from /home/amina/miniconda/lib/python3.11/site-packages/airflow/example_dags/plugins/workday.py
[2023-12-15T22:24:33.844+0500] {logging_mixin.py:154} INFO - [2023-12-15T22:24:33.844+0500] {workday.py:36} WARNING - Could not import pandas. Holidays will not be considered.
[2023-12-15T22:24:33.844+0500] {processor.py:841} WARNING - No viable dags retrieved from /home/amina/miniconda/lib/python3.11/site-packages/airflow/example_dags/plugins/workday.py
[2023-12-15T22:24:33.856+0500] {processor.py:179} INFO - Processing /home/amina/miniconda/lib/python3.11/site-packages/airflow/example_dags/plugins/workday.py took 0.082 seconds
[2023-12-15T22:25:30.759+0500] {processor.py:157} INFO - Started process (PID=10434) to work on /home/amina/miniconda/lib/python3.11/site-packages/airflow/example_dags/plugins/workday.py
[2023-12-15T22:25:30.768+0500] {processor.py:829} INFO - Processing file /home/amina/miniconda/lib/python3.11/site-packages/airflow/example_dags/plugins/workday.py for tasks to queue
[2023-12-15T22:25:30.769+0500] {logging_mixin.py:154} INFO - [2023-12-15T22:25:30.769+0500] {dagbag.py:536} INFO - Filling up the DagBag from /home/amina/miniconda/lib/python3.11/site-packages/airflow/example_dags/plugins/workday.py
[2023-12-15T22:25:30.772+0500] {logging_mixin.py:154} INFO - [2023-12-15T22:25:30.772+0500] {workday.py:36} WARNING - Could not import pandas. Holidays will not be considered.
[2023-12-15T22:25:30.773+0500] {processor.py:841} WARNING - No viable dags retrieved from /home/amina/miniconda/lib/python3.11/site-packages/airflow/example_dags/plugins/workday.py
[2023-12-15T22:25:30.783+0500] {processor.py:179} INFO - Processing /home/amina/miniconda/lib/python3.11/site-packages/airflow/example_dags/plugins/workday.py took 0.028 seconds
[2023-12-15T22:26:27.856+0500] {processor.py:157} INFO - Started process (PID=10486) to work on /home/amina/miniconda/lib/python3.11/site-packages/airflow/example_dags/plugins/workday.py
[2023-12-15T22:26:27.857+0500] {processor.py:829} INFO - Processing file /home/amina/miniconda/lib/python3.11/site-packages/airflow/example_dags/plugins/workday.py for tasks to queue
[2023-12-15T22:26:27.858+0500] {logging_mixin.py:154} INFO - [2023-12-15T22:26:27.858+0500] {dagbag.py:536} INFO - Filling up the DagBag from /home/amina/miniconda/lib/python3.11/site-packages/airflow/example_dags/plugins/workday.py
[2023-12-15T22:26:27.861+0500] {logging_mixin.py:154} INFO - [2023-12-15T22:26:27.861+0500] {workday.py:36} WARNING - Could not import pandas. Holidays will not be considered.
[2023-12-15T22:26:27.861+0500] {processor.py:841} WARNING - No viable dags retrieved from /home/amina/miniconda/lib/python3.11/site-packages/airflow/example_dags/plugins/workday.py
[2023-12-15T22:26:27.871+0500] {processor.py:179} INFO - Processing /home/amina/miniconda/lib/python3.11/site-packages/airflow/example_dags/plugins/workday.py took 0.018 seconds
[2023-12-15T22:27:21.598+0500] {processor.py:157} INFO - Started process (PID=10543) to work on /home/amina/miniconda/lib/python3.11/site-packages/airflow/example_dags/plugins/workday.py
[2023-12-15T22:27:21.608+0500] {processor.py:829} INFO - Processing file /home/amina/miniconda/lib/python3.11/site-packages/airflow/example_dags/plugins/workday.py for tasks to queue
[2023-12-15T22:27:21.609+0500] {logging_mixin.py:154} INFO - [2023-12-15T22:27:21.609+0500] {dagbag.py:536} INFO - Filling up the DagBag from /home/amina/miniconda/lib/python3.11/site-packages/airflow/example_dags/plugins/workday.py
[2023-12-15T22:27:21.612+0500] {logging_mixin.py:154} INFO - [2023-12-15T22:27:21.612+0500] {workday.py:36} WARNING - Could not import pandas. Holidays will not be considered.
[2023-12-15T22:27:21.612+0500] {processor.py:841} WARNING - No viable dags retrieved from /home/amina/miniconda/lib/python3.11/site-packages/airflow/example_dags/plugins/workday.py
[2023-12-15T22:27:21.622+0500] {processor.py:179} INFO - Processing /home/amina/miniconda/lib/python3.11/site-packages/airflow/example_dags/plugins/workday.py took 0.027 seconds
[2023-12-15T22:28:13.086+0500] {processor.py:157} INFO - Started process (PID=10598) to work on /home/amina/miniconda/lib/python3.11/site-packages/airflow/example_dags/plugins/workday.py
[2023-12-15T22:28:13.095+0500] {processor.py:829} INFO - Processing file /home/amina/miniconda/lib/python3.11/site-packages/airflow/example_dags/plugins/workday.py for tasks to queue
[2023-12-15T22:28:13.096+0500] {logging_mixin.py:154} INFO - [2023-12-15T22:28:13.095+0500] {dagbag.py:536} INFO - Filling up the DagBag from /home/amina/miniconda/lib/python3.11/site-packages/airflow/example_dags/plugins/workday.py
[2023-12-15T22:28:13.100+0500] {logging_mixin.py:154} INFO - [2023-12-15T22:28:13.100+0500] {workday.py:36} WARNING - Could not import pandas. Holidays will not be considered.
[2023-12-15T22:28:13.102+0500] {processor.py:841} WARNING - No viable dags retrieved from /home/amina/miniconda/lib/python3.11/site-packages/airflow/example_dags/plugins/workday.py
[2023-12-15T22:28:13.114+0500] {processor.py:179} INFO - Processing /home/amina/miniconda/lib/python3.11/site-packages/airflow/example_dags/plugins/workday.py took 0.033 seconds
[2023-12-15T22:29:07.799+0500] {processor.py:157} INFO - Started process (PID=10668) to work on /home/amina/miniconda/lib/python3.11/site-packages/airflow/example_dags/plugins/workday.py
[2023-12-15T22:29:07.801+0500] {processor.py:829} INFO - Processing file /home/amina/miniconda/lib/python3.11/site-packages/airflow/example_dags/plugins/workday.py for tasks to queue
[2023-12-15T22:29:07.802+0500] {logging_mixin.py:154} INFO - [2023-12-15T22:29:07.802+0500] {dagbag.py:536} INFO - Filling up the DagBag from /home/amina/miniconda/lib/python3.11/site-packages/airflow/example_dags/plugins/workday.py
[2023-12-15T22:29:07.805+0500] {logging_mixin.py:154} INFO - [2023-12-15T22:29:07.805+0500] {workday.py:36} WARNING - Could not import pandas. Holidays will not be considered.
[2023-12-15T22:29:07.806+0500] {processor.py:841} WARNING - No viable dags retrieved from /home/amina/miniconda/lib/python3.11/site-packages/airflow/example_dags/plugins/workday.py
[2023-12-15T22:29:07.819+0500] {processor.py:179} INFO - Processing /home/amina/miniconda/lib/python3.11/site-packages/airflow/example_dags/plugins/workday.py took 0.024 seconds
[2023-12-15T22:30:23.769+0500] {processor.py:157} INFO - Started process (PID=10772) to work on /home/amina/miniconda/lib/python3.11/site-packages/airflow/example_dags/plugins/workday.py
[2023-12-15T22:30:23.872+0500] {processor.py:829} INFO - Processing file /home/amina/miniconda/lib/python3.11/site-packages/airflow/example_dags/plugins/workday.py for tasks to queue
[2023-12-15T22:30:23.874+0500] {logging_mixin.py:154} INFO - [2023-12-15T22:30:23.873+0500] {dagbag.py:536} INFO - Filling up the DagBag from /home/amina/miniconda/lib/python3.11/site-packages/airflow/example_dags/plugins/workday.py
[2023-12-15T22:30:23.876+0500] {logging_mixin.py:154} INFO - [2023-12-15T22:30:23.876+0500] {workday.py:36} WARNING - Could not import pandas. Holidays will not be considered.
[2023-12-15T22:30:23.876+0500] {processor.py:841} WARNING - No viable dags retrieved from /home/amina/miniconda/lib/python3.11/site-packages/airflow/example_dags/plugins/workday.py
[2023-12-15T22:30:23.886+0500] {processor.py:179} INFO - Processing /home/amina/miniconda/lib/python3.11/site-packages/airflow/example_dags/plugins/workday.py took 0.120 seconds
[2023-12-15T22:31:04.074+0500] {processor.py:157} INFO - Started process (PID=10811) to work on /home/amina/miniconda/lib/python3.11/site-packages/airflow/example_dags/plugins/workday.py
[2023-12-15T22:31:04.102+0500] {processor.py:829} INFO - Processing file /home/amina/miniconda/lib/python3.11/site-packages/airflow/example_dags/plugins/workday.py for tasks to queue
[2023-12-15T22:31:04.104+0500] {logging_mixin.py:154} INFO - [2023-12-15T22:31:04.103+0500] {dagbag.py:536} INFO - Filling up the DagBag from /home/amina/miniconda/lib/python3.11/site-packages/airflow/example_dags/plugins/workday.py
[2023-12-15T22:31:04.107+0500] {logging_mixin.py:154} INFO - [2023-12-15T22:31:04.106+0500] {workday.py:36} WARNING - Could not import pandas. Holidays will not be considered.
[2023-12-15T22:31:04.107+0500] {processor.py:841} WARNING - No viable dags retrieved from /home/amina/miniconda/lib/python3.11/site-packages/airflow/example_dags/plugins/workday.py
[2023-12-15T22:31:04.118+0500] {processor.py:179} INFO - Processing /home/amina/miniconda/lib/python3.11/site-packages/airflow/example_dags/plugins/workday.py took 0.050 seconds
[2023-12-15T22:31:54.544+0500] {processor.py:157} INFO - Started process (PID=10870) to work on /home/amina/miniconda/lib/python3.11/site-packages/airflow/example_dags/plugins/workday.py
[2023-12-15T22:31:54.590+0500] {processor.py:829} INFO - Processing file /home/amina/miniconda/lib/python3.11/site-packages/airflow/example_dags/plugins/workday.py for tasks to queue
[2023-12-15T22:31:54.591+0500] {logging_mixin.py:154} INFO - [2023-12-15T22:31:54.591+0500] {dagbag.py:536} INFO - Filling up the DagBag from /home/amina/miniconda/lib/python3.11/site-packages/airflow/example_dags/plugins/workday.py
[2023-12-15T22:31:54.594+0500] {logging_mixin.py:154} INFO - [2023-12-15T22:31:54.594+0500] {workday.py:36} WARNING - Could not import pandas. Holidays will not be considered.
[2023-12-15T22:31:54.594+0500] {processor.py:841} WARNING - No viable dags retrieved from /home/amina/miniconda/lib/python3.11/site-packages/airflow/example_dags/plugins/workday.py
[2023-12-15T22:31:54.605+0500] {processor.py:179} INFO - Processing /home/amina/miniconda/lib/python3.11/site-packages/airflow/example_dags/plugins/workday.py took 0.064 seconds
[2023-12-15T22:32:49.257+0500] {processor.py:157} INFO - Started process (PID=10924) to work on /home/amina/miniconda/lib/python3.11/site-packages/airflow/example_dags/plugins/workday.py
[2023-12-15T22:32:49.275+0500] {processor.py:829} INFO - Processing file /home/amina/miniconda/lib/python3.11/site-packages/airflow/example_dags/plugins/workday.py for tasks to queue
[2023-12-15T22:32:49.276+0500] {logging_mixin.py:154} INFO - [2023-12-15T22:32:49.275+0500] {dagbag.py:536} INFO - Filling up the DagBag from /home/amina/miniconda/lib/python3.11/site-packages/airflow/example_dags/plugins/workday.py
[2023-12-15T22:32:49.280+0500] {logging_mixin.py:154} INFO - [2023-12-15T22:32:49.280+0500] {workday.py:36} WARNING - Could not import pandas. Holidays will not be considered.
[2023-12-15T22:32:49.280+0500] {processor.py:841} WARNING - No viable dags retrieved from /home/amina/miniconda/lib/python3.11/site-packages/airflow/example_dags/plugins/workday.py
[2023-12-15T22:32:49.289+0500] {processor.py:179} INFO - Processing /home/amina/miniconda/lib/python3.11/site-packages/airflow/example_dags/plugins/workday.py took 0.035 seconds
[2023-12-15T22:33:42.837+0500] {processor.py:157} INFO - Started process (PID=10976) to work on /home/amina/miniconda/lib/python3.11/site-packages/airflow/example_dags/plugins/workday.py
[2023-12-15T22:33:42.846+0500] {processor.py:829} INFO - Processing file /home/amina/miniconda/lib/python3.11/site-packages/airflow/example_dags/plugins/workday.py for tasks to queue
[2023-12-15T22:33:42.846+0500] {logging_mixin.py:154} INFO - [2023-12-15T22:33:42.846+0500] {dagbag.py:536} INFO - Filling up the DagBag from /home/amina/miniconda/lib/python3.11/site-packages/airflow/example_dags/plugins/workday.py
[2023-12-15T22:33:42.849+0500] {logging_mixin.py:154} INFO - [2023-12-15T22:33:42.849+0500] {workday.py:36} WARNING - Could not import pandas. Holidays will not be considered.
[2023-12-15T22:33:42.850+0500] {processor.py:841} WARNING - No viable dags retrieved from /home/amina/miniconda/lib/python3.11/site-packages/airflow/example_dags/plugins/workday.py
[2023-12-15T22:33:42.861+0500] {processor.py:179} INFO - Processing /home/amina/miniconda/lib/python3.11/site-packages/airflow/example_dags/plugins/workday.py took 0.027 seconds
[2023-12-15T22:34:36.331+0500] {processor.py:157} INFO - Started process (PID=11043) to work on /home/amina/miniconda/lib/python3.11/site-packages/airflow/example_dags/plugins/workday.py
[2023-12-15T22:34:36.378+0500] {processor.py:829} INFO - Processing file /home/amina/miniconda/lib/python3.11/site-packages/airflow/example_dags/plugins/workday.py for tasks to queue
[2023-12-15T22:34:36.379+0500] {logging_mixin.py:154} INFO - [2023-12-15T22:34:36.379+0500] {dagbag.py:536} INFO - Filling up the DagBag from /home/amina/miniconda/lib/python3.11/site-packages/airflow/example_dags/plugins/workday.py
[2023-12-15T22:34:36.382+0500] {logging_mixin.py:154} INFO - [2023-12-15T22:34:36.381+0500] {workday.py:36} WARNING - Could not import pandas. Holidays will not be considered.
[2023-12-15T22:34:36.382+0500] {processor.py:841} WARNING - No viable dags retrieved from /home/amina/miniconda/lib/python3.11/site-packages/airflow/example_dags/plugins/workday.py
[2023-12-15T22:34:36.394+0500] {processor.py:179} INFO - Processing /home/amina/miniconda/lib/python3.11/site-packages/airflow/example_dags/plugins/workday.py took 0.066 seconds
[2023-12-15T22:35:32.788+0500] {processor.py:157} INFO - Started process (PID=11110) to work on /home/amina/miniconda/lib/python3.11/site-packages/airflow/example_dags/plugins/workday.py
[2023-12-15T22:35:32.843+0500] {processor.py:829} INFO - Processing file /home/amina/miniconda/lib/python3.11/site-packages/airflow/example_dags/plugins/workday.py for tasks to queue
[2023-12-15T22:35:32.844+0500] {logging_mixin.py:154} INFO - [2023-12-15T22:35:32.843+0500] {dagbag.py:536} INFO - Filling up the DagBag from /home/amina/miniconda/lib/python3.11/site-packages/airflow/example_dags/plugins/workday.py
[2023-12-15T22:35:32.847+0500] {logging_mixin.py:154} INFO - [2023-12-15T22:35:32.846+0500] {workday.py:36} WARNING - Could not import pandas. Holidays will not be considered.
[2023-12-15T22:35:32.847+0500] {processor.py:841} WARNING - No viable dags retrieved from /home/amina/miniconda/lib/python3.11/site-packages/airflow/example_dags/plugins/workday.py
[2023-12-15T22:35:32.858+0500] {processor.py:179} INFO - Processing /home/amina/miniconda/lib/python3.11/site-packages/airflow/example_dags/plugins/workday.py took 0.074 seconds
[2023-12-15T22:36:27.818+0500] {processor.py:157} INFO - Started process (PID=11167) to work on /home/amina/miniconda/lib/python3.11/site-packages/airflow/example_dags/plugins/workday.py
[2023-12-15T22:36:27.852+0500] {processor.py:829} INFO - Processing file /home/amina/miniconda/lib/python3.11/site-packages/airflow/example_dags/plugins/workday.py for tasks to queue
[2023-12-15T22:36:27.853+0500] {logging_mixin.py:154} INFO - [2023-12-15T22:36:27.853+0500] {dagbag.py:536} INFO - Filling up the DagBag from /home/amina/miniconda/lib/python3.11/site-packages/airflow/example_dags/plugins/workday.py
[2023-12-15T22:36:27.855+0500] {logging_mixin.py:154} INFO - [2023-12-15T22:36:27.855+0500] {workday.py:36} WARNING - Could not import pandas. Holidays will not be considered.
[2023-12-15T22:36:27.856+0500] {processor.py:841} WARNING - No viable dags retrieved from /home/amina/miniconda/lib/python3.11/site-packages/airflow/example_dags/plugins/workday.py
[2023-12-15T22:36:27.865+0500] {processor.py:179} INFO - Processing /home/amina/miniconda/lib/python3.11/site-packages/airflow/example_dags/plugins/workday.py took 0.050 seconds
[2023-12-15T22:37:24.101+0500] {processor.py:157} INFO - Started process (PID=11224) to work on /home/amina/miniconda/lib/python3.11/site-packages/airflow/example_dags/plugins/workday.py
[2023-12-15T22:37:24.113+0500] {processor.py:829} INFO - Processing file /home/amina/miniconda/lib/python3.11/site-packages/airflow/example_dags/plugins/workday.py for tasks to queue
[2023-12-15T22:37:24.114+0500] {logging_mixin.py:154} INFO - [2023-12-15T22:37:24.114+0500] {dagbag.py:536} INFO - Filling up the DagBag from /home/amina/miniconda/lib/python3.11/site-packages/airflow/example_dags/plugins/workday.py
[2023-12-15T22:37:24.118+0500] {logging_mixin.py:154} INFO - [2023-12-15T22:37:24.118+0500] {workday.py:36} WARNING - Could not import pandas. Holidays will not be considered.
[2023-12-15T22:37:24.119+0500] {processor.py:841} WARNING - No viable dags retrieved from /home/amina/miniconda/lib/python3.11/site-packages/airflow/example_dags/plugins/workday.py
[2023-12-15T22:37:24.128+0500] {processor.py:179} INFO - Processing /home/amina/miniconda/lib/python3.11/site-packages/airflow/example_dags/plugins/workday.py took 0.033 seconds
[2023-12-15T22:38:17.798+0500] {processor.py:157} INFO - Started process (PID=11280) to work on /home/amina/miniconda/lib/python3.11/site-packages/airflow/example_dags/plugins/workday.py
[2023-12-15T22:38:17.845+0500] {processor.py:829} INFO - Processing file /home/amina/miniconda/lib/python3.11/site-packages/airflow/example_dags/plugins/workday.py for tasks to queue
[2023-12-15T22:38:17.845+0500] {logging_mixin.py:154} INFO - [2023-12-15T22:38:17.845+0500] {dagbag.py:536} INFO - Filling up the DagBag from /home/amina/miniconda/lib/python3.11/site-packages/airflow/example_dags/plugins/workday.py
[2023-12-15T22:38:17.848+0500] {logging_mixin.py:154} INFO - [2023-12-15T22:38:17.848+0500] {workday.py:36} WARNING - Could not import pandas. Holidays will not be considered.
[2023-12-15T22:38:17.848+0500] {processor.py:841} WARNING - No viable dags retrieved from /home/amina/miniconda/lib/python3.11/site-packages/airflow/example_dags/plugins/workday.py
[2023-12-15T22:38:17.857+0500] {processor.py:179} INFO - Processing /home/amina/miniconda/lib/python3.11/site-packages/airflow/example_dags/plugins/workday.py took 0.061 seconds
[2023-12-15T22:39:10.052+0500] {processor.py:157} INFO - Started process (PID=11340) to work on /home/amina/miniconda/lib/python3.11/site-packages/airflow/example_dags/plugins/workday.py
[2023-12-15T22:39:10.085+0500] {processor.py:829} INFO - Processing file /home/amina/miniconda/lib/python3.11/site-packages/airflow/example_dags/plugins/workday.py for tasks to queue
[2023-12-15T22:39:10.086+0500] {logging_mixin.py:154} INFO - [2023-12-15T22:39:10.085+0500] {dagbag.py:536} INFO - Filling up the DagBag from /home/amina/miniconda/lib/python3.11/site-packages/airflow/example_dags/plugins/workday.py
[2023-12-15T22:39:10.088+0500] {logging_mixin.py:154} INFO - [2023-12-15T22:39:10.088+0500] {workday.py:36} WARNING - Could not import pandas. Holidays will not be considered.
[2023-12-15T22:39:10.089+0500] {processor.py:841} WARNING - No viable dags retrieved from /home/amina/miniconda/lib/python3.11/site-packages/airflow/example_dags/plugins/workday.py
[2023-12-15T22:39:10.098+0500] {processor.py:179} INFO - Processing /home/amina/miniconda/lib/python3.11/site-packages/airflow/example_dags/plugins/workday.py took 0.048 seconds
[2023-12-15T22:40:03.927+0500] {processor.py:157} INFO - Started process (PID=11394) to work on /home/amina/miniconda/lib/python3.11/site-packages/airflow/example_dags/plugins/workday.py
[2023-12-15T22:40:03.946+0500] {processor.py:829} INFO - Processing file /home/amina/miniconda/lib/python3.11/site-packages/airflow/example_dags/plugins/workday.py for tasks to queue
[2023-12-15T22:40:03.947+0500] {logging_mixin.py:154} INFO - [2023-12-15T22:40:03.946+0500] {dagbag.py:536} INFO - Filling up the DagBag from /home/amina/miniconda/lib/python3.11/site-packages/airflow/example_dags/plugins/workday.py
[2023-12-15T22:40:03.949+0500] {logging_mixin.py:154} INFO - [2023-12-15T22:40:03.949+0500] {workday.py:36} WARNING - Could not import pandas. Holidays will not be considered.
[2023-12-15T22:40:03.950+0500] {processor.py:841} WARNING - No viable dags retrieved from /home/amina/miniconda/lib/python3.11/site-packages/airflow/example_dags/plugins/workday.py
[2023-12-15T22:40:03.963+0500] {processor.py:179} INFO - Processing /home/amina/miniconda/lib/python3.11/site-packages/airflow/example_dags/plugins/workday.py took 0.040 seconds
[2023-12-15T22:41:02.151+0500] {processor.py:157} INFO - Started process (PID=11532) to work on /home/amina/miniconda/lib/python3.11/site-packages/airflow/example_dags/plugins/workday.py
[2023-12-15T22:41:02.161+0500] {processor.py:829} INFO - Processing file /home/amina/miniconda/lib/python3.11/site-packages/airflow/example_dags/plugins/workday.py for tasks to queue
[2023-12-15T22:41:02.162+0500] {logging_mixin.py:154} INFO - [2023-12-15T22:41:02.161+0500] {dagbag.py:536} INFO - Filling up the DagBag from /home/amina/miniconda/lib/python3.11/site-packages/airflow/example_dags/plugins/workday.py
[2023-12-15T22:41:02.164+0500] {logging_mixin.py:154} INFO - [2023-12-15T22:41:02.164+0500] {workday.py:36} WARNING - Could not import pandas. Holidays will not be considered.
[2023-12-15T22:41:02.165+0500] {processor.py:841} WARNING - No viable dags retrieved from /home/amina/miniconda/lib/python3.11/site-packages/airflow/example_dags/plugins/workday.py
[2023-12-15T22:41:02.174+0500] {processor.py:179} INFO - Processing /home/amina/miniconda/lib/python3.11/site-packages/airflow/example_dags/plugins/workday.py took 0.026 seconds
[2023-12-15T22:41:55.420+0500] {processor.py:157} INFO - Started process (PID=11605) to work on /home/amina/miniconda/lib/python3.11/site-packages/airflow/example_dags/plugins/workday.py
[2023-12-15T22:41:55.454+0500] {processor.py:829} INFO - Processing file /home/amina/miniconda/lib/python3.11/site-packages/airflow/example_dags/plugins/workday.py for tasks to queue
[2023-12-15T22:41:55.455+0500] {logging_mixin.py:154} INFO - [2023-12-15T22:41:55.454+0500] {dagbag.py:536} INFO - Filling up the DagBag from /home/amina/miniconda/lib/python3.11/site-packages/airflow/example_dags/plugins/workday.py
[2023-12-15T22:41:55.457+0500] {logging_mixin.py:154} INFO - [2023-12-15T22:41:55.457+0500] {workday.py:36} WARNING - Could not import pandas. Holidays will not be considered.
[2023-12-15T22:41:55.457+0500] {processor.py:841} WARNING - No viable dags retrieved from /home/amina/miniconda/lib/python3.11/site-packages/airflow/example_dags/plugins/workday.py
[2023-12-15T22:41:55.466+0500] {processor.py:179} INFO - Processing /home/amina/miniconda/lib/python3.11/site-packages/airflow/example_dags/plugins/workday.py took 0.050 seconds
[2023-12-15T22:42:47.525+0500] {processor.py:157} INFO - Started process (PID=11661) to work on /home/amina/miniconda/lib/python3.11/site-packages/airflow/example_dags/plugins/workday.py
[2023-12-15T22:42:47.542+0500] {processor.py:829} INFO - Processing file /home/amina/miniconda/lib/python3.11/site-packages/airflow/example_dags/plugins/workday.py for tasks to queue
[2023-12-15T22:42:47.542+0500] {logging_mixin.py:154} INFO - [2023-12-15T22:42:47.542+0500] {dagbag.py:536} INFO - Filling up the DagBag from /home/amina/miniconda/lib/python3.11/site-packages/airflow/example_dags/plugins/workday.py
[2023-12-15T22:42:47.545+0500] {logging_mixin.py:154} INFO - [2023-12-15T22:42:47.545+0500] {workday.py:36} WARNING - Could not import pandas. Holidays will not be considered.
[2023-12-15T22:42:47.545+0500] {processor.py:841} WARNING - No viable dags retrieved from /home/amina/miniconda/lib/python3.11/site-packages/airflow/example_dags/plugins/workday.py
[2023-12-15T22:42:47.554+0500] {processor.py:179} INFO - Processing /home/amina/miniconda/lib/python3.11/site-packages/airflow/example_dags/plugins/workday.py took 0.032 seconds
[2023-12-15T22:43:24.162+0500] {processor.py:157} INFO - Started process (PID=11693) to work on /home/amina/miniconda/lib/python3.11/site-packages/airflow/example_dags/plugins/workday.py
[2023-12-15T22:43:24.251+0500] {processor.py:829} INFO - Processing file /home/amina/miniconda/lib/python3.11/site-packages/airflow/example_dags/plugins/workday.py for tasks to queue
[2023-12-15T22:43:24.252+0500] {logging_mixin.py:154} INFO - [2023-12-15T22:43:24.251+0500] {dagbag.py:536} INFO - Filling up the DagBag from /home/amina/miniconda/lib/python3.11/site-packages/airflow/example_dags/plugins/workday.py
[2023-12-15T22:43:24.254+0500] {logging_mixin.py:154} INFO - [2023-12-15T22:43:24.254+0500] {workday.py:36} WARNING - Could not import pandas. Holidays will not be considered.
[2023-12-15T22:43:24.254+0500] {processor.py:841} WARNING - No viable dags retrieved from /home/amina/miniconda/lib/python3.11/site-packages/airflow/example_dags/plugins/workday.py
[2023-12-15T22:43:24.263+0500] {processor.py:179} INFO - Processing /home/amina/miniconda/lib/python3.11/site-packages/airflow/example_dags/plugins/workday.py took 0.104 seconds
[2023-12-15T22:44:19.050+0500] {processor.py:157} INFO - Started process (PID=11761) to work on /home/amina/miniconda/lib/python3.11/site-packages/airflow/example_dags/plugins/workday.py
[2023-12-15T22:44:19.075+0500] {processor.py:829} INFO - Processing file /home/amina/miniconda/lib/python3.11/site-packages/airflow/example_dags/plugins/workday.py for tasks to queue
[2023-12-15T22:44:19.076+0500] {logging_mixin.py:154} INFO - [2023-12-15T22:44:19.076+0500] {dagbag.py:536} INFO - Filling up the DagBag from /home/amina/miniconda/lib/python3.11/site-packages/airflow/example_dags/plugins/workday.py
[2023-12-15T22:44:19.079+0500] {logging_mixin.py:154} INFO - [2023-12-15T22:44:19.079+0500] {workday.py:36} WARNING - Could not import pandas. Holidays will not be considered.
[2023-12-15T22:44:19.079+0500] {processor.py:841} WARNING - No viable dags retrieved from /home/amina/miniconda/lib/python3.11/site-packages/airflow/example_dags/plugins/workday.py
[2023-12-15T22:44:19.088+0500] {processor.py:179} INFO - Processing /home/amina/miniconda/lib/python3.11/site-packages/airflow/example_dags/plugins/workday.py took 0.041 seconds
[2023-12-15T22:45:11.568+0500] {processor.py:157} INFO - Started process (PID=11820) to work on /home/amina/miniconda/lib/python3.11/site-packages/airflow/example_dags/plugins/workday.py
[2023-12-15T22:45:11.589+0500] {processor.py:829} INFO - Processing file /home/amina/miniconda/lib/python3.11/site-packages/airflow/example_dags/plugins/workday.py for tasks to queue
[2023-12-15T22:45:11.590+0500] {logging_mixin.py:154} INFO - [2023-12-15T22:45:11.589+0500] {dagbag.py:536} INFO - Filling up the DagBag from /home/amina/miniconda/lib/python3.11/site-packages/airflow/example_dags/plugins/workday.py
[2023-12-15T22:45:11.592+0500] {logging_mixin.py:154} INFO - [2023-12-15T22:45:11.592+0500] {workday.py:36} WARNING - Could not import pandas. Holidays will not be considered.
[2023-12-15T22:45:11.593+0500] {processor.py:841} WARNING - No viable dags retrieved from /home/amina/miniconda/lib/python3.11/site-packages/airflow/example_dags/plugins/workday.py
[2023-12-15T22:45:11.605+0500] {processor.py:179} INFO - Processing /home/amina/miniconda/lib/python3.11/site-packages/airflow/example_dags/plugins/workday.py took 0.041 seconds
[2023-12-15T22:46:06.089+0500] {processor.py:157} INFO - Started process (PID=11885) to work on /home/amina/miniconda/lib/python3.11/site-packages/airflow/example_dags/plugins/workday.py
[2023-12-15T22:46:06.090+0500] {processor.py:829} INFO - Processing file /home/amina/miniconda/lib/python3.11/site-packages/airflow/example_dags/plugins/workday.py for tasks to queue
[2023-12-15T22:46:06.091+0500] {logging_mixin.py:154} INFO - [2023-12-15T22:46:06.090+0500] {dagbag.py:536} INFO - Filling up the DagBag from /home/amina/miniconda/lib/python3.11/site-packages/airflow/example_dags/plugins/workday.py
[2023-12-15T22:46:06.094+0500] {logging_mixin.py:154} INFO - [2023-12-15T22:46:06.093+0500] {workday.py:36} WARNING - Could not import pandas. Holidays will not be considered.
[2023-12-15T22:46:06.094+0500] {processor.py:841} WARNING - No viable dags retrieved from /home/amina/miniconda/lib/python3.11/site-packages/airflow/example_dags/plugins/workday.py
[2023-12-15T22:46:06.104+0500] {processor.py:179} INFO - Processing /home/amina/miniconda/lib/python3.11/site-packages/airflow/example_dags/plugins/workday.py took 0.018 seconds
[2023-12-15T22:47:04.740+0500] {processor.py:157} INFO - Started process (PID=11959) to work on /home/amina/miniconda/lib/python3.11/site-packages/airflow/example_dags/plugins/workday.py
[2023-12-15T22:47:04.770+0500] {processor.py:829} INFO - Processing file /home/amina/miniconda/lib/python3.11/site-packages/airflow/example_dags/plugins/workday.py for tasks to queue
[2023-12-15T22:47:04.770+0500] {logging_mixin.py:154} INFO - [2023-12-15T22:47:04.770+0500] {dagbag.py:536} INFO - Filling up the DagBag from /home/amina/miniconda/lib/python3.11/site-packages/airflow/example_dags/plugins/workday.py
[2023-12-15T22:47:04.773+0500] {logging_mixin.py:154} INFO - [2023-12-15T22:47:04.773+0500] {workday.py:36} WARNING - Could not import pandas. Holidays will not be considered.
[2023-12-15T22:47:04.773+0500] {processor.py:841} WARNING - No viable dags retrieved from /home/amina/miniconda/lib/python3.11/site-packages/airflow/example_dags/plugins/workday.py
[2023-12-15T22:47:04.782+0500] {processor.py:179} INFO - Processing /home/amina/miniconda/lib/python3.11/site-packages/airflow/example_dags/plugins/workday.py took 0.045 seconds
[2023-12-15T22:48:03.139+0500] {processor.py:157} INFO - Started process (PID=12049) to work on /home/amina/miniconda/lib/python3.11/site-packages/airflow/example_dags/plugins/workday.py
[2023-12-15T22:48:03.140+0500] {processor.py:829} INFO - Processing file /home/amina/miniconda/lib/python3.11/site-packages/airflow/example_dags/plugins/workday.py for tasks to queue
[2023-12-15T22:48:03.141+0500] {logging_mixin.py:154} INFO - [2023-12-15T22:48:03.141+0500] {dagbag.py:536} INFO - Filling up the DagBag from /home/amina/miniconda/lib/python3.11/site-packages/airflow/example_dags/plugins/workday.py
[2023-12-15T22:48:03.143+0500] {logging_mixin.py:154} INFO - [2023-12-15T22:48:03.143+0500] {workday.py:36} WARNING - Could not import pandas. Holidays will not be considered.
[2023-12-15T22:48:03.144+0500] {processor.py:841} WARNING - No viable dags retrieved from /home/amina/miniconda/lib/python3.11/site-packages/airflow/example_dags/plugins/workday.py
[2023-12-15T22:48:03.153+0500] {processor.py:179} INFO - Processing /home/amina/miniconda/lib/python3.11/site-packages/airflow/example_dags/plugins/workday.py took 0.017 seconds
[2023-12-15T22:49:29.321+0500] {processor.py:157} INFO - Started process (PID=12169) to work on /home/amina/miniconda/lib/python3.11/site-packages/airflow/example_dags/plugins/workday.py
[2023-12-15T22:49:29.373+0500] {processor.py:829} INFO - Processing file /home/amina/miniconda/lib/python3.11/site-packages/airflow/example_dags/plugins/workday.py for tasks to queue
[2023-12-15T22:49:29.374+0500] {logging_mixin.py:154} INFO - [2023-12-15T22:49:29.373+0500] {dagbag.py:536} INFO - Filling up the DagBag from /home/amina/miniconda/lib/python3.11/site-packages/airflow/example_dags/plugins/workday.py
[2023-12-15T22:49:29.376+0500] {logging_mixin.py:154} INFO - [2023-12-15T22:49:29.376+0500] {workday.py:36} WARNING - Could not import pandas. Holidays will not be considered.
[2023-12-15T22:49:29.376+0500] {processor.py:841} WARNING - No viable dags retrieved from /home/amina/miniconda/lib/python3.11/site-packages/airflow/example_dags/plugins/workday.py
[2023-12-15T22:49:29.387+0500] {processor.py:179} INFO - Processing /home/amina/miniconda/lib/python3.11/site-packages/airflow/example_dags/plugins/workday.py took 0.069 seconds
[2023-12-15T22:50:09.353+0500] {processor.py:157} INFO - Started process (PID=12254) to work on /home/amina/miniconda/lib/python3.11/site-packages/airflow/example_dags/plugins/workday.py
[2023-12-15T22:50:09.368+0500] {processor.py:829} INFO - Processing file /home/amina/miniconda/lib/python3.11/site-packages/airflow/example_dags/plugins/workday.py for tasks to queue
[2023-12-15T22:50:09.369+0500] {logging_mixin.py:154} INFO - [2023-12-15T22:50:09.369+0500] {dagbag.py:536} INFO - Filling up the DagBag from /home/amina/miniconda/lib/python3.11/site-packages/airflow/example_dags/plugins/workday.py
[2023-12-15T22:50:09.372+0500] {logging_mixin.py:154} INFO - [2023-12-15T22:50:09.371+0500] {workday.py:36} WARNING - Could not import pandas. Holidays will not be considered.
[2023-12-15T22:50:09.372+0500] {processor.py:841} WARNING - No viable dags retrieved from /home/amina/miniconda/lib/python3.11/site-packages/airflow/example_dags/plugins/workday.py
[2023-12-15T22:50:09.382+0500] {processor.py:179} INFO - Processing /home/amina/miniconda/lib/python3.11/site-packages/airflow/example_dags/plugins/workday.py took 0.032 seconds
[2023-12-15T22:51:04.030+0500] {processor.py:157} INFO - Started process (PID=12337) to work on /home/amina/miniconda/lib/python3.11/site-packages/airflow/example_dags/plugins/workday.py
[2023-12-15T22:51:04.038+0500] {processor.py:829} INFO - Processing file /home/amina/miniconda/lib/python3.11/site-packages/airflow/example_dags/plugins/workday.py for tasks to queue
[2023-12-15T22:51:04.039+0500] {logging_mixin.py:154} INFO - [2023-12-15T22:51:04.038+0500] {dagbag.py:536} INFO - Filling up the DagBag from /home/amina/miniconda/lib/python3.11/site-packages/airflow/example_dags/plugins/workday.py
[2023-12-15T22:51:04.041+0500] {logging_mixin.py:154} INFO - [2023-12-15T22:51:04.041+0500] {workday.py:36} WARNING - Could not import pandas. Holidays will not be considered.
[2023-12-15T22:51:04.042+0500] {processor.py:841} WARNING - No viable dags retrieved from /home/amina/miniconda/lib/python3.11/site-packages/airflow/example_dags/plugins/workday.py
[2023-12-15T22:51:04.052+0500] {processor.py:179} INFO - Processing /home/amina/miniconda/lib/python3.11/site-packages/airflow/example_dags/plugins/workday.py took 0.026 seconds
[2023-12-15T22:51:57.675+0500] {processor.py:157} INFO - Started process (PID=12396) to work on /home/amina/miniconda/lib/python3.11/site-packages/airflow/example_dags/plugins/workday.py
[2023-12-15T22:51:57.688+0500] {processor.py:829} INFO - Processing file /home/amina/miniconda/lib/python3.11/site-packages/airflow/example_dags/plugins/workday.py for tasks to queue
[2023-12-15T22:51:57.690+0500] {logging_mixin.py:154} INFO - [2023-12-15T22:51:57.689+0500] {dagbag.py:536} INFO - Filling up the DagBag from /home/amina/miniconda/lib/python3.11/site-packages/airflow/example_dags/plugins/workday.py
[2023-12-15T22:51:57.692+0500] {logging_mixin.py:154} INFO - [2023-12-15T22:51:57.692+0500] {workday.py:36} WARNING - Could not import pandas. Holidays will not be considered.
[2023-12-15T22:51:57.693+0500] {processor.py:841} WARNING - No viable dags retrieved from /home/amina/miniconda/lib/python3.11/site-packages/airflow/example_dags/plugins/workday.py
[2023-12-15T22:51:57.705+0500] {processor.py:179} INFO - Processing /home/amina/miniconda/lib/python3.11/site-packages/airflow/example_dags/plugins/workday.py took 0.035 seconds
[2023-12-15T22:52:53.897+0500] {processor.py:157} INFO - Started process (PID=12474) to work on /home/amina/miniconda/lib/python3.11/site-packages/airflow/example_dags/plugins/workday.py
[2023-12-15T22:52:53.948+0500] {processor.py:829} INFO - Processing file /home/amina/miniconda/lib/python3.11/site-packages/airflow/example_dags/plugins/workday.py for tasks to queue
[2023-12-15T22:52:53.949+0500] {logging_mixin.py:154} INFO - [2023-12-15T22:52:53.949+0500] {dagbag.py:536} INFO - Filling up the DagBag from /home/amina/miniconda/lib/python3.11/site-packages/airflow/example_dags/plugins/workday.py
[2023-12-15T22:52:53.953+0500] {logging_mixin.py:154} INFO - [2023-12-15T22:52:53.953+0500] {workday.py:36} WARNING - Could not import pandas. Holidays will not be considered.
[2023-12-15T22:52:53.954+0500] {processor.py:841} WARNING - No viable dags retrieved from /home/amina/miniconda/lib/python3.11/site-packages/airflow/example_dags/plugins/workday.py
[2023-12-15T22:52:53.967+0500] {processor.py:179} INFO - Processing /home/amina/miniconda/lib/python3.11/site-packages/airflow/example_dags/plugins/workday.py took 0.075 seconds
[2023-12-15T22:53:45.935+0500] {processor.py:157} INFO - Started process (PID=12524) to work on /home/amina/miniconda/lib/python3.11/site-packages/airflow/example_dags/plugins/workday.py
[2023-12-15T22:53:45.936+0500] {processor.py:829} INFO - Processing file /home/amina/miniconda/lib/python3.11/site-packages/airflow/example_dags/plugins/workday.py for tasks to queue
[2023-12-15T22:53:45.937+0500] {logging_mixin.py:154} INFO - [2023-12-15T22:53:45.937+0500] {dagbag.py:536} INFO - Filling up the DagBag from /home/amina/miniconda/lib/python3.11/site-packages/airflow/example_dags/plugins/workday.py
[2023-12-15T22:53:45.940+0500] {logging_mixin.py:154} INFO - [2023-12-15T22:53:45.940+0500] {workday.py:36} WARNING - Could not import pandas. Holidays will not be considered.
[2023-12-15T22:53:45.941+0500] {processor.py:841} WARNING - No viable dags retrieved from /home/amina/miniconda/lib/python3.11/site-packages/airflow/example_dags/plugins/workday.py
[2023-12-15T22:53:45.952+0500] {processor.py:179} INFO - Processing /home/amina/miniconda/lib/python3.11/site-packages/airflow/example_dags/plugins/workday.py took 0.020 seconds
[2023-12-15T22:54:38.198+0500] {processor.py:157} INFO - Started process (PID=12572) to work on /home/amina/miniconda/lib/python3.11/site-packages/airflow/example_dags/plugins/workday.py
[2023-12-15T22:54:38.219+0500] {processor.py:829} INFO - Processing file /home/amina/miniconda/lib/python3.11/site-packages/airflow/example_dags/plugins/workday.py for tasks to queue
[2023-12-15T22:54:38.220+0500] {logging_mixin.py:154} INFO - [2023-12-15T22:54:38.220+0500] {dagbag.py:536} INFO - Filling up the DagBag from /home/amina/miniconda/lib/python3.11/site-packages/airflow/example_dags/plugins/workday.py
[2023-12-15T22:54:38.223+0500] {logging_mixin.py:154} INFO - [2023-12-15T22:54:38.223+0500] {workday.py:36} WARNING - Could not import pandas. Holidays will not be considered.
[2023-12-15T22:54:38.223+0500] {processor.py:841} WARNING - No viable dags retrieved from /home/amina/miniconda/lib/python3.11/site-packages/airflow/example_dags/plugins/workday.py
[2023-12-15T22:54:38.235+0500] {processor.py:179} INFO - Processing /home/amina/miniconda/lib/python3.11/site-packages/airflow/example_dags/plugins/workday.py took 0.042 seconds
[2023-12-15T23:22:45.486+0500] {processor.py:157} INFO - Started process (PID=20179) to work on /home/amina/miniconda/lib/python3.11/site-packages/airflow/example_dags/plugins/workday.py
[2023-12-15T23:22:45.504+0500] {processor.py:829} INFO - Processing file /home/amina/miniconda/lib/python3.11/site-packages/airflow/example_dags/plugins/workday.py for tasks to queue
[2023-12-15T23:22:45.505+0500] {logging_mixin.py:154} INFO - [2023-12-15T23:22:45.504+0500] {dagbag.py:536} INFO - Filling up the DagBag from /home/amina/miniconda/lib/python3.11/site-packages/airflow/example_dags/plugins/workday.py
[2023-12-15T23:22:45.507+0500] {logging_mixin.py:154} INFO - [2023-12-15T23:22:45.507+0500] {workday.py:36} WARNING - Could not import pandas. Holidays will not be considered.
[2023-12-15T23:22:45.508+0500] {processor.py:841} WARNING - No viable dags retrieved from /home/amina/miniconda/lib/python3.11/site-packages/airflow/example_dags/plugins/workday.py
[2023-12-15T23:22:45.518+0500] {processor.py:179} INFO - Processing /home/amina/miniconda/lib/python3.11/site-packages/airflow/example_dags/plugins/workday.py took 0.036 seconds
[2023-12-15T23:24:17.779+0500] {processor.py:157} INFO - Started process (PID=20451) to work on /home/amina/miniconda/lib/python3.11/site-packages/airflow/example_dags/plugins/workday.py
[2023-12-15T23:24:17.785+0500] {processor.py:829} INFO - Processing file /home/amina/miniconda/lib/python3.11/site-packages/airflow/example_dags/plugins/workday.py for tasks to queue
[2023-12-15T23:24:17.786+0500] {logging_mixin.py:154} INFO - [2023-12-15T23:24:17.786+0500] {dagbag.py:536} INFO - Filling up the DagBag from /home/amina/miniconda/lib/python3.11/site-packages/airflow/example_dags/plugins/workday.py
[2023-12-15T23:24:17.789+0500] {logging_mixin.py:154} INFO - [2023-12-15T23:24:17.789+0500] {workday.py:36} WARNING - Could not import pandas. Holidays will not be considered.
[2023-12-15T23:24:17.790+0500] {processor.py:841} WARNING - No viable dags retrieved from /home/amina/miniconda/lib/python3.11/site-packages/airflow/example_dags/plugins/workday.py
[2023-12-15T23:24:17.801+0500] {processor.py:179} INFO - Processing /home/amina/miniconda/lib/python3.11/site-packages/airflow/example_dags/plugins/workday.py took 0.025 seconds
[2023-12-15T23:25:21.487+0500] {processor.py:157} INFO - Started process (PID=20519) to work on /home/amina/miniconda/lib/python3.11/site-packages/airflow/example_dags/plugins/workday.py
[2023-12-15T23:25:21.489+0500] {processor.py:829} INFO - Processing file /home/amina/miniconda/lib/python3.11/site-packages/airflow/example_dags/plugins/workday.py for tasks to queue
[2023-12-15T23:25:21.490+0500] {logging_mixin.py:154} INFO - [2023-12-15T23:25:21.489+0500] {dagbag.py:536} INFO - Filling up the DagBag from /home/amina/miniconda/lib/python3.11/site-packages/airflow/example_dags/plugins/workday.py
[2023-12-15T23:25:21.493+0500] {logging_mixin.py:154} INFO - [2023-12-15T23:25:21.493+0500] {workday.py:36} WARNING - Could not import pandas. Holidays will not be considered.
[2023-12-15T23:25:21.494+0500] {processor.py:841} WARNING - No viable dags retrieved from /home/amina/miniconda/lib/python3.11/site-packages/airflow/example_dags/plugins/workday.py
[2023-12-15T23:25:21.507+0500] {processor.py:179} INFO - Processing /home/amina/miniconda/lib/python3.11/site-packages/airflow/example_dags/plugins/workday.py took 0.022 seconds
[2023-12-15T23:26:23.033+0500] {processor.py:157} INFO - Started process (PID=20570) to work on /home/amina/miniconda/lib/python3.11/site-packages/airflow/example_dags/plugins/workday.py
[2023-12-15T23:26:23.065+0500] {processor.py:829} INFO - Processing file /home/amina/miniconda/lib/python3.11/site-packages/airflow/example_dags/plugins/workday.py for tasks to queue
[2023-12-15T23:26:23.066+0500] {logging_mixin.py:154} INFO - [2023-12-15T23:26:23.065+0500] {dagbag.py:536} INFO - Filling up the DagBag from /home/amina/miniconda/lib/python3.11/site-packages/airflow/example_dags/plugins/workday.py
[2023-12-15T23:26:23.069+0500] {logging_mixin.py:154} INFO - [2023-12-15T23:26:23.069+0500] {workday.py:36} WARNING - Could not import pandas. Holidays will not be considered.
[2023-12-15T23:26:23.069+0500] {processor.py:841} WARNING - No viable dags retrieved from /home/amina/miniconda/lib/python3.11/site-packages/airflow/example_dags/plugins/workday.py
[2023-12-15T23:26:23.080+0500] {processor.py:179} INFO - Processing /home/amina/miniconda/lib/python3.11/site-packages/airflow/example_dags/plugins/workday.py took 0.050 seconds
[2023-12-15T23:27:20.816+0500] {processor.py:157} INFO - Started process (PID=20618) to work on /home/amina/miniconda/lib/python3.11/site-packages/airflow/example_dags/plugins/workday.py
[2023-12-15T23:27:20.857+0500] {processor.py:829} INFO - Processing file /home/amina/miniconda/lib/python3.11/site-packages/airflow/example_dags/plugins/workday.py for tasks to queue
[2023-12-15T23:27:20.858+0500] {logging_mixin.py:154} INFO - [2023-12-15T23:27:20.857+0500] {dagbag.py:536} INFO - Filling up the DagBag from /home/amina/miniconda/lib/python3.11/site-packages/airflow/example_dags/plugins/workday.py
[2023-12-15T23:27:20.862+0500] {logging_mixin.py:154} INFO - [2023-12-15T23:27:20.861+0500] {workday.py:36} WARNING - Could not import pandas. Holidays will not be considered.
[2023-12-15T23:27:20.862+0500] {processor.py:841} WARNING - No viable dags retrieved from /home/amina/miniconda/lib/python3.11/site-packages/airflow/example_dags/plugins/workday.py
[2023-12-15T23:27:20.873+0500] {processor.py:179} INFO - Processing /home/amina/miniconda/lib/python3.11/site-packages/airflow/example_dags/plugins/workday.py took 0.060 seconds
