[2023-12-06T23:34:05.150+0500] {taskinstance.py:1159} INFO - Dependencies all met for dep_context=non-requeueable deps ti=<TaskInstance: etl_dag2.extract_data scheduled__2023-06-02T00:00:00+00:00 [queued]>
[2023-12-06T23:34:05.159+0500] {taskinstance.py:1159} INFO - Dependencies all met for dep_context=requeueable deps ti=<TaskInstance: etl_dag2.extract_data scheduled__2023-06-02T00:00:00+00:00 [queued]>
[2023-12-06T23:34:05.160+0500] {taskinstance.py:1361} INFO - Starting attempt 1 of 2
[2023-12-06T23:34:05.332+0500] {taskinstance.py:1382} INFO - Executing <Task(PythonOperator): extract_data> on 2023-06-02 00:00:00+00:00
[2023-12-06T23:34:05.335+0500] {standard_task_runner.py:57} INFO - Started process 29941 to run task
[2023-12-06T23:34:05.338+0500] {standard_task_runner.py:84} INFO - Running: ['airflow', 'tasks', 'run', 'etl_dag2', 'extract_data', 'scheduled__2023-06-02T00:00:00+00:00', '--job-id', '551', '--raw', '--subdir', 'DAGS_FOLDER/airflow_dag.py', '--cfg-path', '/tmp/tmp7ajxtytk']
[2023-12-06T23:34:05.339+0500] {standard_task_runner.py:85} INFO - Job 551: Subtask extract_data
[2023-12-06T23:34:05.490+0500] {task_command.py:416} INFO - Running <TaskInstance: etl_dag2.extract_data scheduled__2023-06-02T00:00:00+00:00 [running]> on host amina-HP-ProBook-450-G2
[2023-12-06T23:34:05.864+0500] {taskinstance.py:1662} INFO - Exporting env vars: AIRFLOW_CTX_DAG_OWNER='amina_bibi' AIRFLOW_CTX_DAG_ID='etl_dag2' AIRFLOW_CTX_TASK_ID='extract_data' AIRFLOW_CTX_EXECUTION_DATE='2023-06-02T00:00:00+00:00' AIRFLOW_CTX_TRY_NUMBER='1' AIRFLOW_CTX_DAG_RUN_ID='scheduled__2023-06-02T00:00:00+00:00'
[2023-12-06T23:34:05.865+0500] {python.py:194} INFO - Done. Returned value was: variety
Setosa
Setosa
Setosa
Setosa
Setosa
Setosa
Setosa
Setosa
Setosa
Setosa
Setosa
Setosa
Setosa
Setosa
Setosa
Setosa
Setosa
Setosa
Setosa
Setosa
Setosa
Setosa
Setosa
Setosa
Setosa
Setosa
Setosa
Setosa
Setosa
Setosa
Setosa
Setosa
Setosa
Setosa
Setosa
Setosa
Setosa
Setosa
Setosa
Setosa
Setosa
Setosa
Setosa
Setosa
Setosa
Setosa
Setosa
Setosa
Setosa
Setosa
Versicolor
Versicolor
Versicolor
Versicolor
Versicolor
Versicolor
Versicolor
Versicolor
Versicolor
Versicolor
Versicolor
Versicolor
Versicolor
Versicolor
Versicolor
Versicolor
Versicolor
Versicolor
Versicolor
Versicolor
Versicolor
Versicolor
Versicolor
Versicolor
Versicolor
Versicolor
Versicolor
Versicolor
Versicolor
Versicolor
Versicolor
Versicolor
Versicolor
Versicolor
Versicolor
Versicolor
Versicolor
Versicolor
Versicolor
Versicolor
Versicolor
Versicolor
Versicolor
Versicolor
Versicolor
Versicolor
Versicolor
Versicolor
Versicolor
Versicolor
Virginica
Virginica
Virginica
Virginica
Virginica
Virginica
Virginica
Virginica
Virginica
Virginica
Virginica
Virginica
Virginica
Virginica
Virginica
Virginica
Virginica
Virginica
Virginica
Virginica
Virginica
Virginica
Virginica
Virginica
Virginica
Virginica
Virginica
Virginica
Virginica
Virginica
Virginica
Virginica
Virginica
Virginica
Virginica
Virginica
Virginica
Virginica
Virginica
Virginica
Virginica
Virginica
Virginica
Virginica
Virginica
Virginica
Virginica
Virginica
Virginica
Virginica

[2023-12-06T23:34:06.030+0500] {taskinstance.py:1400} INFO - Marking task as SUCCESS. dag_id=etl_dag2, task_id=extract_data, execution_date=20230602T000000, start_date=20231206T183405, end_date=20231206T183406
[2023-12-06T23:34:06.232+0500] {local_task_job_runner.py:228} INFO - Task exited with return code 0
[2023-12-06T23:34:06.361+0500] {taskinstance.py:2778} INFO - 1 downstream tasks scheduled from follow-on schedule check
