[2023-12-07T00:37:20.103+0500] {taskinstance.py:1159} INFO - Dependencies all met for dep_context=non-requeueable deps ti=<TaskInstance: etl_dag2.transform_data scheduled__2023-10-24T00:00:00+00:00 [queued]>
[2023-12-07T00:37:20.110+0500] {taskinstance.py:1159} INFO - Dependencies all met for dep_context=requeueable deps ti=<TaskInstance: etl_dag2.transform_data scheduled__2023-10-24T00:00:00+00:00 [queued]>
[2023-12-07T00:37:20.110+0500] {taskinstance.py:1361} INFO - Starting attempt 1 of 2
[2023-12-07T00:37:20.278+0500] {taskinstance.py:1382} INFO - Executing <Task(PythonOperator): transform_data> on 2023-10-24 00:00:00+00:00
[2023-12-07T00:37:20.281+0500] {standard_task_runner.py:57} INFO - Started process 34266 to run task
[2023-12-07T00:37:20.284+0500] {standard_task_runner.py:84} INFO - Running: ['airflow', 'tasks', 'run', 'etl_dag2', 'transform_data', 'scheduled__2023-10-24T00:00:00+00:00', '--job-id', '1125', '--raw', '--subdir', 'DAGS_FOLDER/airflow_dag.py', '--cfg-path', '/tmp/tmp4p4xpciz']
[2023-12-07T00:37:20.285+0500] {standard_task_runner.py:85} INFO - Job 1125: Subtask transform_data
[2023-12-07T00:37:20.452+0500] {task_command.py:416} INFO - Running <TaskInstance: etl_dag2.transform_data scheduled__2023-10-24T00:00:00+00:00 [running]> on host amina-HP-ProBook-450-G2
[2023-12-07T00:37:20.768+0500] {taskinstance.py:1662} INFO - Exporting env vars: AIRFLOW_CTX_DAG_OWNER='amina_bibi' AIRFLOW_CTX_DAG_ID='etl_dag2' AIRFLOW_CTX_TASK_ID='transform_data' AIRFLOW_CTX_EXECUTION_DATE='2023-10-24T00:00:00+00:00' AIRFLOW_CTX_TRY_NUMBER='1' AIRFLOW_CTX_DAG_RUN_ID='scheduled__2023-10-24T00:00:00+00:00'
[2023-12-07T00:37:20.770+0500] {taskinstance.py:1937} ERROR - Task failed with exception
Traceback (most recent call last):
  File "/home/amina/miniconda/lib/python3.11/site-packages/airflow/operators/python.py", line 192, in execute
    return_value = self.execute_callable()
                   ^^^^^^^^^^^^^^^^^^^^^^^
  File "/home/amina/miniconda/lib/python3.11/site-packages/airflow/operators/python.py", line 209, in execute_callable
    return self.python_callable(*self.op_args, **self.op_kwargs)
           ^^^^^^^^^^^^^^^^^^^^^^^^^^^^^^^^^^^^^^^^^^^^^^^^^^^^^
TypeError: transform_data() missing 1 required positional argument: 'data'
[2023-12-07T00:37:20.773+0500] {taskinstance.py:1400} INFO - Marking task as UP_FOR_RETRY. dag_id=etl_dag2, task_id=transform_data, execution_date=20231024T000000, start_date=20231206T193720, end_date=20231206T193720
[2023-12-07T00:37:20.954+0500] {standard_task_runner.py:104} ERROR - Failed to execute job 1125 for task transform_data (transform_data() missing 1 required positional argument: 'data'; 34266)
[2023-12-07T00:37:20.977+0500] {local_task_job_runner.py:228} INFO - Task exited with return code 1
[2023-12-07T00:37:21.000+0500] {taskinstance.py:2778} INFO - 0 downstream tasks scheduled from follow-on schedule check
