[2023-12-16T12:23:08.121+0500] {processor.py:157} INFO - Started process (PID=20770) to work on /home/amina/miniconda/lib/python3.11/site-packages/airflow/example_dags/example_branch_datetime_operator.py
[2023-12-16T12:23:08.122+0500] {processor.py:829} INFO - Processing file /home/amina/miniconda/lib/python3.11/site-packages/airflow/example_dags/example_branch_datetime_operator.py for tasks to queue
[2023-12-16T12:23:08.123+0500] {logging_mixin.py:154} INFO - [2023-12-16T12:23:08.122+0500] {dagbag.py:536} INFO - Filling up the DagBag from /home/amina/miniconda/lib/python3.11/site-packages/airflow/example_dags/example_branch_datetime_operator.py
[2023-12-16T12:23:08.134+0500] {processor.py:839} INFO - DAG(s) dict_keys(['example_branch_datetime_operator_2', 'example_branch_datetime_operator', 'example_branch_datetime_operator_3']) retrieved from /home/amina/miniconda/lib/python3.11/site-packages/airflow/example_dags/example_branch_datetime_operator.py
[2023-12-16T12:23:08.158+0500] {logging_mixin.py:154} INFO - [2023-12-16T12:23:08.158+0500] {dag.py:2941} INFO - Sync 3 DAGs
[2023-12-16T12:23:08.178+0500] {logging_mixin.py:154} INFO - [2023-12-16T12:23:08.178+0500] {dag.py:3722} INFO - Setting next_dagrun for example_branch_datetime_operator to 2023-12-15T00:00:00+00:00, run_after=2023-12-16T00:00:00+00:00
[2023-12-16T12:23:08.183+0500] {logging_mixin.py:154} INFO - [2023-12-16T12:23:08.183+0500] {dag.py:3722} INFO - Setting next_dagrun for example_branch_datetime_operator_2 to 2023-12-15T00:00:00+00:00, run_after=2023-12-16T00:00:00+00:00
[2023-12-16T12:23:08.186+0500] {logging_mixin.py:154} INFO - [2023-12-16T12:23:08.185+0500] {dag.py:3722} INFO - Setting next_dagrun for example_branch_datetime_operator_3 to 2023-12-15T00:00:00+00:00, run_after=2023-12-16T00:00:00+00:00
[2023-12-16T12:23:08.337+0500] {processor.py:179} INFO - Processing /home/amina/miniconda/lib/python3.11/site-packages/airflow/example_dags/example_branch_datetime_operator.py took 0.219 seconds
[2023-12-16T12:24:04.759+0500] {processor.py:157} INFO - Started process (PID=22021) to work on /home/amina/miniconda/lib/python3.11/site-packages/airflow/example_dags/example_branch_datetime_operator.py
[2023-12-16T12:24:04.777+0500] {processor.py:829} INFO - Processing file /home/amina/miniconda/lib/python3.11/site-packages/airflow/example_dags/example_branch_datetime_operator.py for tasks to queue
[2023-12-16T12:24:04.778+0500] {logging_mixin.py:154} INFO - [2023-12-16T12:24:04.778+0500] {dagbag.py:536} INFO - Filling up the DagBag from /home/amina/miniconda/lib/python3.11/site-packages/airflow/example_dags/example_branch_datetime_operator.py
[2023-12-16T12:24:04.788+0500] {processor.py:839} INFO - DAG(s) dict_keys(['example_branch_datetime_operator_3', 'example_branch_datetime_operator', 'example_branch_datetime_operator_2']) retrieved from /home/amina/miniconda/lib/python3.11/site-packages/airflow/example_dags/example_branch_datetime_operator.py
[2023-12-16T12:24:04.808+0500] {logging_mixin.py:154} INFO - [2023-12-16T12:24:04.808+0500] {dag.py:2941} INFO - Sync 3 DAGs
[2023-12-16T12:24:04.826+0500] {logging_mixin.py:154} INFO - [2023-12-16T12:24:04.826+0500] {dag.py:3722} INFO - Setting next_dagrun for example_branch_datetime_operator to 2023-12-15T00:00:00+00:00, run_after=2023-12-16T00:00:00+00:00
[2023-12-16T12:24:04.831+0500] {logging_mixin.py:154} INFO - [2023-12-16T12:24:04.831+0500] {dag.py:3722} INFO - Setting next_dagrun for example_branch_datetime_operator_2 to 2023-12-15T00:00:00+00:00, run_after=2023-12-16T00:00:00+00:00
[2023-12-16T12:24:04.834+0500] {logging_mixin.py:154} INFO - [2023-12-16T12:24:04.834+0500] {dag.py:3722} INFO - Setting next_dagrun for example_branch_datetime_operator_3 to 2023-12-15T00:00:00+00:00, run_after=2023-12-16T00:00:00+00:00
[2023-12-16T12:24:04.924+0500] {processor.py:179} INFO - Processing /home/amina/miniconda/lib/python3.11/site-packages/airflow/example_dags/example_branch_datetime_operator.py took 0.168 seconds
[2023-12-16T12:25:38.073+0500] {processor.py:157} INFO - Started process (PID=23985) to work on /home/amina/miniconda/lib/python3.11/site-packages/airflow/example_dags/example_branch_datetime_operator.py
[2023-12-16T12:25:38.123+0500] {processor.py:829} INFO - Processing file /home/amina/miniconda/lib/python3.11/site-packages/airflow/example_dags/example_branch_datetime_operator.py for tasks to queue
[2023-12-16T12:25:38.124+0500] {logging_mixin.py:154} INFO - [2023-12-16T12:25:38.124+0500] {dagbag.py:536} INFO - Filling up the DagBag from /home/amina/miniconda/lib/python3.11/site-packages/airflow/example_dags/example_branch_datetime_operator.py
[2023-12-16T12:25:38.134+0500] {processor.py:839} INFO - DAG(s) dict_keys(['example_branch_datetime_operator_3', 'example_branch_datetime_operator', 'example_branch_datetime_operator_2']) retrieved from /home/amina/miniconda/lib/python3.11/site-packages/airflow/example_dags/example_branch_datetime_operator.py
[2023-12-16T12:25:38.155+0500] {logging_mixin.py:154} INFO - [2023-12-16T12:25:38.155+0500] {dag.py:2941} INFO - Sync 3 DAGs
[2023-12-16T12:25:38.172+0500] {logging_mixin.py:154} INFO - [2023-12-16T12:25:38.172+0500] {dag.py:3722} INFO - Setting next_dagrun for example_branch_datetime_operator to 2023-12-15T00:00:00+00:00, run_after=2023-12-16T00:00:00+00:00
[2023-12-16T12:25:38.177+0500] {logging_mixin.py:154} INFO - [2023-12-16T12:25:38.177+0500] {dag.py:3722} INFO - Setting next_dagrun for example_branch_datetime_operator_2 to 2023-12-15T00:00:00+00:00, run_after=2023-12-16T00:00:00+00:00
[2023-12-16T12:25:38.179+0500] {logging_mixin.py:154} INFO - [2023-12-16T12:25:38.179+0500] {dag.py:3722} INFO - Setting next_dagrun for example_branch_datetime_operator_3 to 2023-12-15T00:00:00+00:00, run_after=2023-12-16T00:00:00+00:00
[2023-12-16T12:25:38.324+0500] {processor.py:179} INFO - Processing /home/amina/miniconda/lib/python3.11/site-packages/airflow/example_dags/example_branch_datetime_operator.py took 0.254 seconds
[2023-12-16T12:26:52.979+0500] {processor.py:157} INFO - Started process (PID=25319) to work on /home/amina/miniconda/lib/python3.11/site-packages/airflow/example_dags/example_branch_datetime_operator.py
[2023-12-16T12:26:53.005+0500] {processor.py:829} INFO - Processing file /home/amina/miniconda/lib/python3.11/site-packages/airflow/example_dags/example_branch_datetime_operator.py for tasks to queue
[2023-12-16T12:26:53.006+0500] {logging_mixin.py:154} INFO - [2023-12-16T12:26:53.006+0500] {dagbag.py:536} INFO - Filling up the DagBag from /home/amina/miniconda/lib/python3.11/site-packages/airflow/example_dags/example_branch_datetime_operator.py
[2023-12-16T12:26:53.015+0500] {processor.py:839} INFO - DAG(s) dict_keys(['example_branch_datetime_operator_2', 'example_branch_datetime_operator', 'example_branch_datetime_operator_3']) retrieved from /home/amina/miniconda/lib/python3.11/site-packages/airflow/example_dags/example_branch_datetime_operator.py
[2023-12-16T12:26:53.034+0500] {logging_mixin.py:154} INFO - [2023-12-16T12:26:53.034+0500] {dag.py:2941} INFO - Sync 3 DAGs
[2023-12-16T12:26:53.050+0500] {logging_mixin.py:154} INFO - [2023-12-16T12:26:53.050+0500] {dag.py:3722} INFO - Setting next_dagrun for example_branch_datetime_operator to 2023-12-15T00:00:00+00:00, run_after=2023-12-16T00:00:00+00:00
[2023-12-16T12:26:53.054+0500] {logging_mixin.py:154} INFO - [2023-12-16T12:26:53.054+0500] {dag.py:3722} INFO - Setting next_dagrun for example_branch_datetime_operator_2 to 2023-12-15T00:00:00+00:00, run_after=2023-12-16T00:00:00+00:00
[2023-12-16T12:26:53.057+0500] {logging_mixin.py:154} INFO - [2023-12-16T12:26:53.056+0500] {dag.py:3722} INFO - Setting next_dagrun for example_branch_datetime_operator_3 to 2023-12-15T00:00:00+00:00, run_after=2023-12-16T00:00:00+00:00
[2023-12-16T12:26:53.464+0500] {processor.py:179} INFO - Processing /home/amina/miniconda/lib/python3.11/site-packages/airflow/example_dags/example_branch_datetime_operator.py took 0.488 seconds
[2023-12-16T12:30:17.221+0500] {processor.py:157} INFO - Started process (PID=29353) to work on /home/amina/miniconda/lib/python3.11/site-packages/airflow/example_dags/example_branch_datetime_operator.py
[2023-12-16T12:30:17.244+0500] {processor.py:829} INFO - Processing file /home/amina/miniconda/lib/python3.11/site-packages/airflow/example_dags/example_branch_datetime_operator.py for tasks to queue
[2023-12-16T12:30:17.245+0500] {logging_mixin.py:154} INFO - [2023-12-16T12:30:17.244+0500] {dagbag.py:536} INFO - Filling up the DagBag from /home/amina/miniconda/lib/python3.11/site-packages/airflow/example_dags/example_branch_datetime_operator.py
[2023-12-16T12:30:17.254+0500] {processor.py:839} INFO - DAG(s) dict_keys(['example_branch_datetime_operator_3', 'example_branch_datetime_operator_2', 'example_branch_datetime_operator']) retrieved from /home/amina/miniconda/lib/python3.11/site-packages/airflow/example_dags/example_branch_datetime_operator.py
[2023-12-16T12:30:17.272+0500] {logging_mixin.py:154} INFO - [2023-12-16T12:30:17.272+0500] {dag.py:2941} INFO - Sync 3 DAGs
[2023-12-16T12:30:17.297+0500] {logging_mixin.py:154} INFO - [2023-12-16T12:30:17.297+0500] {dag.py:3722} INFO - Setting next_dagrun for example_branch_datetime_operator to 2023-12-15T00:00:00+00:00, run_after=2023-12-16T00:00:00+00:00
[2023-12-16T12:30:17.302+0500] {logging_mixin.py:154} INFO - [2023-12-16T12:30:17.302+0500] {dag.py:3722} INFO - Setting next_dagrun for example_branch_datetime_operator_2 to 2023-12-15T00:00:00+00:00, run_after=2023-12-16T00:00:00+00:00
[2023-12-16T12:30:17.304+0500] {logging_mixin.py:154} INFO - [2023-12-16T12:30:17.304+0500] {dag.py:3722} INFO - Setting next_dagrun for example_branch_datetime_operator_3 to 2023-12-15T00:00:00+00:00, run_after=2023-12-16T00:00:00+00:00
[2023-12-16T12:30:17.481+0500] {processor.py:179} INFO - Processing /home/amina/miniconda/lib/python3.11/site-packages/airflow/example_dags/example_branch_datetime_operator.py took 0.262 seconds
[2023-12-16T12:31:20.827+0500] {processor.py:157} INFO - Started process (PID=31001) to work on /home/amina/miniconda/lib/python3.11/site-packages/airflow/example_dags/example_branch_datetime_operator.py
[2023-12-16T12:31:20.882+0500] {processor.py:829} INFO - Processing file /home/amina/miniconda/lib/python3.11/site-packages/airflow/example_dags/example_branch_datetime_operator.py for tasks to queue
[2023-12-16T12:31:20.883+0500] {logging_mixin.py:154} INFO - [2023-12-16T12:31:20.883+0500] {dagbag.py:536} INFO - Filling up the DagBag from /home/amina/miniconda/lib/python3.11/site-packages/airflow/example_dags/example_branch_datetime_operator.py
[2023-12-16T12:31:20.892+0500] {processor.py:839} INFO - DAG(s) dict_keys(['example_branch_datetime_operator_3', 'example_branch_datetime_operator', 'example_branch_datetime_operator_2']) retrieved from /home/amina/miniconda/lib/python3.11/site-packages/airflow/example_dags/example_branch_datetime_operator.py
[2023-12-16T12:31:20.911+0500] {logging_mixin.py:154} INFO - [2023-12-16T12:31:20.910+0500] {dag.py:2941} INFO - Sync 3 DAGs
[2023-12-16T12:31:20.928+0500] {logging_mixin.py:154} INFO - [2023-12-16T12:31:20.927+0500] {dag.py:3722} INFO - Setting next_dagrun for example_branch_datetime_operator to 2023-12-15T00:00:00+00:00, run_after=2023-12-16T00:00:00+00:00
[2023-12-16T12:31:20.932+0500] {logging_mixin.py:154} INFO - [2023-12-16T12:31:20.932+0500] {dag.py:3722} INFO - Setting next_dagrun for example_branch_datetime_operator_2 to 2023-12-15T00:00:00+00:00, run_after=2023-12-16T00:00:00+00:00
[2023-12-16T12:31:20.934+0500] {logging_mixin.py:154} INFO - [2023-12-16T12:31:20.934+0500] {dag.py:3722} INFO - Setting next_dagrun for example_branch_datetime_operator_3 to 2023-12-15T00:00:00+00:00, run_after=2023-12-16T00:00:00+00:00
[2023-12-16T12:31:21.068+0500] {processor.py:179} INFO - Processing /home/amina/miniconda/lib/python3.11/site-packages/airflow/example_dags/example_branch_datetime_operator.py took 0.244 seconds
[2023-12-16T12:32:21.630+0500] {processor.py:157} INFO - Started process (PID=32601) to work on /home/amina/miniconda/lib/python3.11/site-packages/airflow/example_dags/example_branch_datetime_operator.py
[2023-12-16T12:32:21.643+0500] {processor.py:829} INFO - Processing file /home/amina/miniconda/lib/python3.11/site-packages/airflow/example_dags/example_branch_datetime_operator.py for tasks to queue
[2023-12-16T12:32:21.644+0500] {logging_mixin.py:154} INFO - [2023-12-16T12:32:21.644+0500] {dagbag.py:536} INFO - Filling up the DagBag from /home/amina/miniconda/lib/python3.11/site-packages/airflow/example_dags/example_branch_datetime_operator.py
[2023-12-16T12:32:21.659+0500] {processor.py:839} INFO - DAG(s) dict_keys(['example_branch_datetime_operator_3', 'example_branch_datetime_operator', 'example_branch_datetime_operator_2']) retrieved from /home/amina/miniconda/lib/python3.11/site-packages/airflow/example_dags/example_branch_datetime_operator.py
[2023-12-16T12:32:21.688+0500] {logging_mixin.py:154} INFO - [2023-12-16T12:32:21.688+0500] {dag.py:2941} INFO - Sync 3 DAGs
[2023-12-16T12:32:21.714+0500] {logging_mixin.py:154} INFO - [2023-12-16T12:32:21.714+0500] {dag.py:3722} INFO - Setting next_dagrun for example_branch_datetime_operator to 2023-12-15T00:00:00+00:00, run_after=2023-12-16T00:00:00+00:00
[2023-12-16T12:32:21.721+0500] {logging_mixin.py:154} INFO - [2023-12-16T12:32:21.721+0500] {dag.py:3722} INFO - Setting next_dagrun for example_branch_datetime_operator_2 to 2023-12-15T00:00:00+00:00, run_after=2023-12-16T00:00:00+00:00
[2023-12-16T12:32:21.725+0500] {logging_mixin.py:154} INFO - [2023-12-16T12:32:21.725+0500] {dag.py:3722} INFO - Setting next_dagrun for example_branch_datetime_operator_3 to 2023-12-15T00:00:00+00:00, run_after=2023-12-16T00:00:00+00:00
[2023-12-16T12:32:21.877+0500] {processor.py:179} INFO - Processing /home/amina/miniconda/lib/python3.11/site-packages/airflow/example_dags/example_branch_datetime_operator.py took 0.249 seconds
[2023-12-16T12:33:22.032+0500] {processor.py:157} INFO - Started process (PID=33707) to work on /home/amina/miniconda/lib/python3.11/site-packages/airflow/example_dags/example_branch_datetime_operator.py
[2023-12-16T12:33:22.072+0500] {processor.py:829} INFO - Processing file /home/amina/miniconda/lib/python3.11/site-packages/airflow/example_dags/example_branch_datetime_operator.py for tasks to queue
[2023-12-16T12:33:22.073+0500] {logging_mixin.py:154} INFO - [2023-12-16T12:33:22.072+0500] {dagbag.py:536} INFO - Filling up the DagBag from /home/amina/miniconda/lib/python3.11/site-packages/airflow/example_dags/example_branch_datetime_operator.py
[2023-12-16T12:33:22.082+0500] {processor.py:839} INFO - DAG(s) dict_keys(['example_branch_datetime_operator_3', 'example_branch_datetime_operator_2', 'example_branch_datetime_operator']) retrieved from /home/amina/miniconda/lib/python3.11/site-packages/airflow/example_dags/example_branch_datetime_operator.py
[2023-12-16T12:33:22.107+0500] {logging_mixin.py:154} INFO - [2023-12-16T12:33:22.106+0500] {dag.py:2941} INFO - Sync 3 DAGs
[2023-12-16T12:33:22.130+0500] {logging_mixin.py:154} INFO - [2023-12-16T12:33:22.130+0500] {dag.py:3722} INFO - Setting next_dagrun for example_branch_datetime_operator to 2023-12-15T00:00:00+00:00, run_after=2023-12-16T00:00:00+00:00
[2023-12-16T12:33:22.136+0500] {logging_mixin.py:154} INFO - [2023-12-16T12:33:22.136+0500] {dag.py:3722} INFO - Setting next_dagrun for example_branch_datetime_operator_2 to 2023-12-15T00:00:00+00:00, run_after=2023-12-16T00:00:00+00:00
[2023-12-16T12:33:22.140+0500] {logging_mixin.py:154} INFO - [2023-12-16T12:33:22.140+0500] {dag.py:3722} INFO - Setting next_dagrun for example_branch_datetime_operator_3 to 2023-12-15T00:00:00+00:00, run_after=2023-12-16T00:00:00+00:00
[2023-12-16T12:33:22.387+0500] {processor.py:179} INFO - Processing /home/amina/miniconda/lib/python3.11/site-packages/airflow/example_dags/example_branch_datetime_operator.py took 0.357 seconds
[2023-12-16T12:34:19.996+0500] {processor.py:157} INFO - Started process (PID=35510) to work on /home/amina/miniconda/lib/python3.11/site-packages/airflow/example_dags/example_branch_datetime_operator.py
[2023-12-16T12:34:20.080+0500] {processor.py:829} INFO - Processing file /home/amina/miniconda/lib/python3.11/site-packages/airflow/example_dags/example_branch_datetime_operator.py for tasks to queue
[2023-12-16T12:34:20.081+0500] {logging_mixin.py:154} INFO - [2023-12-16T12:34:20.080+0500] {dagbag.py:536} INFO - Filling up the DagBag from /home/amina/miniconda/lib/python3.11/site-packages/airflow/example_dags/example_branch_datetime_operator.py
[2023-12-16T12:34:20.090+0500] {processor.py:839} INFO - DAG(s) dict_keys(['example_branch_datetime_operator_2', 'example_branch_datetime_operator_3', 'example_branch_datetime_operator']) retrieved from /home/amina/miniconda/lib/python3.11/site-packages/airflow/example_dags/example_branch_datetime_operator.py
[2023-12-16T12:34:20.109+0500] {logging_mixin.py:154} INFO - [2023-12-16T12:34:20.109+0500] {dag.py:2941} INFO - Sync 3 DAGs
[2023-12-16T12:34:20.125+0500] {logging_mixin.py:154} INFO - [2023-12-16T12:34:20.125+0500] {dag.py:3722} INFO - Setting next_dagrun for example_branch_datetime_operator to 2023-12-15T00:00:00+00:00, run_after=2023-12-16T00:00:00+00:00
[2023-12-16T12:34:20.130+0500] {logging_mixin.py:154} INFO - [2023-12-16T12:34:20.129+0500] {dag.py:3722} INFO - Setting next_dagrun for example_branch_datetime_operator_2 to 2023-12-15T00:00:00+00:00, run_after=2023-12-16T00:00:00+00:00
[2023-12-16T12:34:20.132+0500] {logging_mixin.py:154} INFO - [2023-12-16T12:34:20.132+0500] {dag.py:3722} INFO - Setting next_dagrun for example_branch_datetime_operator_3 to 2023-12-15T00:00:00+00:00, run_after=2023-12-16T00:00:00+00:00
[2023-12-16T12:34:20.308+0500] {processor.py:179} INFO - Processing /home/amina/miniconda/lib/python3.11/site-packages/airflow/example_dags/example_branch_datetime_operator.py took 0.314 seconds
[2023-12-16T12:35:14.822+0500] {processor.py:157} INFO - Started process (PID=36337) to work on /home/amina/miniconda/lib/python3.11/site-packages/airflow/example_dags/example_branch_datetime_operator.py
[2023-12-16T12:35:14.867+0500] {processor.py:829} INFO - Processing file /home/amina/miniconda/lib/python3.11/site-packages/airflow/example_dags/example_branch_datetime_operator.py for tasks to queue
[2023-12-16T12:35:14.868+0500] {logging_mixin.py:154} INFO - [2023-12-16T12:35:14.867+0500] {dagbag.py:536} INFO - Filling up the DagBag from /home/amina/miniconda/lib/python3.11/site-packages/airflow/example_dags/example_branch_datetime_operator.py
[2023-12-16T12:35:14.877+0500] {processor.py:839} INFO - DAG(s) dict_keys(['example_branch_datetime_operator_3', 'example_branch_datetime_operator', 'example_branch_datetime_operator_2']) retrieved from /home/amina/miniconda/lib/python3.11/site-packages/airflow/example_dags/example_branch_datetime_operator.py
[2023-12-16T12:35:14.896+0500] {logging_mixin.py:154} INFO - [2023-12-16T12:35:14.896+0500] {dag.py:2941} INFO - Sync 3 DAGs
[2023-12-16T12:35:14.912+0500] {logging_mixin.py:154} INFO - [2023-12-16T12:35:14.912+0500] {dag.py:3722} INFO - Setting next_dagrun for example_branch_datetime_operator to 2023-12-15T00:00:00+00:00, run_after=2023-12-16T00:00:00+00:00
[2023-12-16T12:35:14.917+0500] {logging_mixin.py:154} INFO - [2023-12-16T12:35:14.916+0500] {dag.py:3722} INFO - Setting next_dagrun for example_branch_datetime_operator_2 to 2023-12-15T00:00:00+00:00, run_after=2023-12-16T00:00:00+00:00
[2023-12-16T12:35:14.919+0500] {logging_mixin.py:154} INFO - [2023-12-16T12:35:14.919+0500] {dag.py:3722} INFO - Setting next_dagrun for example_branch_datetime_operator_3 to 2023-12-15T00:00:00+00:00, run_after=2023-12-16T00:00:00+00:00
[2023-12-16T12:35:15.035+0500] {processor.py:179} INFO - Processing /home/amina/miniconda/lib/python3.11/site-packages/airflow/example_dags/example_branch_datetime_operator.py took 0.216 seconds
[2023-12-16T12:36:10.010+0500] {processor.py:157} INFO - Started process (PID=36399) to work on /home/amina/miniconda/lib/python3.11/site-packages/airflow/example_dags/example_branch_datetime_operator.py
[2023-12-16T12:36:10.081+0500] {processor.py:829} INFO - Processing file /home/amina/miniconda/lib/python3.11/site-packages/airflow/example_dags/example_branch_datetime_operator.py for tasks to queue
[2023-12-16T12:36:10.082+0500] {logging_mixin.py:154} INFO - [2023-12-16T12:36:10.081+0500] {dagbag.py:536} INFO - Filling up the DagBag from /home/amina/miniconda/lib/python3.11/site-packages/airflow/example_dags/example_branch_datetime_operator.py
[2023-12-16T12:36:10.091+0500] {processor.py:839} INFO - DAG(s) dict_keys(['example_branch_datetime_operator', 'example_branch_datetime_operator_2', 'example_branch_datetime_operator_3']) retrieved from /home/amina/miniconda/lib/python3.11/site-packages/airflow/example_dags/example_branch_datetime_operator.py
[2023-12-16T12:36:10.110+0500] {logging_mixin.py:154} INFO - [2023-12-16T12:36:10.109+0500] {dag.py:2941} INFO - Sync 3 DAGs
[2023-12-16T12:36:10.126+0500] {logging_mixin.py:154} INFO - [2023-12-16T12:36:10.126+0500] {dag.py:3722} INFO - Setting next_dagrun for example_branch_datetime_operator to 2023-12-15T00:00:00+00:00, run_after=2023-12-16T00:00:00+00:00
[2023-12-16T12:36:10.130+0500] {logging_mixin.py:154} INFO - [2023-12-16T12:36:10.130+0500] {dag.py:3722} INFO - Setting next_dagrun for example_branch_datetime_operator_2 to 2023-12-15T00:00:00+00:00, run_after=2023-12-16T00:00:00+00:00
[2023-12-16T12:36:10.132+0500] {logging_mixin.py:154} INFO - [2023-12-16T12:36:10.132+0500] {dag.py:3722} INFO - Setting next_dagrun for example_branch_datetime_operator_3 to 2023-12-15T00:00:00+00:00, run_after=2023-12-16T00:00:00+00:00
[2023-12-16T12:36:10.242+0500] {processor.py:179} INFO - Processing /home/amina/miniconda/lib/python3.11/site-packages/airflow/example_dags/example_branch_datetime_operator.py took 0.235 seconds
[2023-12-16T12:37:06.275+0500] {processor.py:157} INFO - Started process (PID=36691) to work on /home/amina/miniconda/lib/python3.11/site-packages/airflow/example_dags/example_branch_datetime_operator.py
[2023-12-16T12:37:06.294+0500] {processor.py:829} INFO - Processing file /home/amina/miniconda/lib/python3.11/site-packages/airflow/example_dags/example_branch_datetime_operator.py for tasks to queue
[2023-12-16T12:37:06.295+0500] {logging_mixin.py:154} INFO - [2023-12-16T12:37:06.295+0500] {dagbag.py:536} INFO - Filling up the DagBag from /home/amina/miniconda/lib/python3.11/site-packages/airflow/example_dags/example_branch_datetime_operator.py
[2023-12-16T12:37:06.305+0500] {processor.py:839} INFO - DAG(s) dict_keys(['example_branch_datetime_operator_2', 'example_branch_datetime_operator', 'example_branch_datetime_operator_3']) retrieved from /home/amina/miniconda/lib/python3.11/site-packages/airflow/example_dags/example_branch_datetime_operator.py
[2023-12-16T12:37:06.326+0500] {logging_mixin.py:154} INFO - [2023-12-16T12:37:06.326+0500] {dag.py:2941} INFO - Sync 3 DAGs
[2023-12-16T12:37:06.344+0500] {logging_mixin.py:154} INFO - [2023-12-16T12:37:06.344+0500] {dag.py:3722} INFO - Setting next_dagrun for example_branch_datetime_operator to 2023-12-15T00:00:00+00:00, run_after=2023-12-16T00:00:00+00:00
[2023-12-16T12:37:06.349+0500] {logging_mixin.py:154} INFO - [2023-12-16T12:37:06.349+0500] {dag.py:3722} INFO - Setting next_dagrun for example_branch_datetime_operator_2 to 2023-12-15T00:00:00+00:00, run_after=2023-12-16T00:00:00+00:00
[2023-12-16T12:37:06.351+0500] {logging_mixin.py:154} INFO - [2023-12-16T12:37:06.351+0500] {dag.py:3722} INFO - Setting next_dagrun for example_branch_datetime_operator_3 to 2023-12-15T00:00:00+00:00, run_after=2023-12-16T00:00:00+00:00
[2023-12-16T12:37:06.538+0500] {processor.py:179} INFO - Processing /home/amina/miniconda/lib/python3.11/site-packages/airflow/example_dags/example_branch_datetime_operator.py took 0.265 seconds
[2023-12-16T12:37:58.273+0500] {processor.py:157} INFO - Started process (PID=36748) to work on /home/amina/miniconda/lib/python3.11/site-packages/airflow/example_dags/example_branch_datetime_operator.py
[2023-12-16T12:37:58.313+0500] {processor.py:829} INFO - Processing file /home/amina/miniconda/lib/python3.11/site-packages/airflow/example_dags/example_branch_datetime_operator.py for tasks to queue
[2023-12-16T12:37:58.314+0500] {logging_mixin.py:154} INFO - [2023-12-16T12:37:58.313+0500] {dagbag.py:536} INFO - Filling up the DagBag from /home/amina/miniconda/lib/python3.11/site-packages/airflow/example_dags/example_branch_datetime_operator.py
[2023-12-16T12:37:58.326+0500] {processor.py:839} INFO - DAG(s) dict_keys(['example_branch_datetime_operator', 'example_branch_datetime_operator_2', 'example_branch_datetime_operator_3']) retrieved from /home/amina/miniconda/lib/python3.11/site-packages/airflow/example_dags/example_branch_datetime_operator.py
[2023-12-16T12:37:58.360+0500] {logging_mixin.py:154} INFO - [2023-12-16T12:37:58.360+0500] {dag.py:2941} INFO - Sync 3 DAGs
[2023-12-16T12:37:58.389+0500] {logging_mixin.py:154} INFO - [2023-12-16T12:37:58.389+0500] {dag.py:3722} INFO - Setting next_dagrun for example_branch_datetime_operator to 2023-12-15T00:00:00+00:00, run_after=2023-12-16T00:00:00+00:00
[2023-12-16T12:37:58.396+0500] {logging_mixin.py:154} INFO - [2023-12-16T12:37:58.396+0500] {dag.py:3722} INFO - Setting next_dagrun for example_branch_datetime_operator_2 to 2023-12-15T00:00:00+00:00, run_after=2023-12-16T00:00:00+00:00
[2023-12-16T12:37:58.401+0500] {logging_mixin.py:154} INFO - [2023-12-16T12:37:58.400+0500] {dag.py:3722} INFO - Setting next_dagrun for example_branch_datetime_operator_3 to 2023-12-15T00:00:00+00:00, run_after=2023-12-16T00:00:00+00:00
[2023-12-16T12:37:58.500+0500] {processor.py:179} INFO - Processing /home/amina/miniconda/lib/python3.11/site-packages/airflow/example_dags/example_branch_datetime_operator.py took 0.230 seconds
[2023-12-16T12:38:50.995+0500] {processor.py:157} INFO - Started process (PID=36796) to work on /home/amina/miniconda/lib/python3.11/site-packages/airflow/example_dags/example_branch_datetime_operator.py
[2023-12-16T12:38:50.996+0500] {processor.py:829} INFO - Processing file /home/amina/miniconda/lib/python3.11/site-packages/airflow/example_dags/example_branch_datetime_operator.py for tasks to queue
[2023-12-16T12:38:50.997+0500] {logging_mixin.py:154} INFO - [2023-12-16T12:38:50.996+0500] {dagbag.py:536} INFO - Filling up the DagBag from /home/amina/miniconda/lib/python3.11/site-packages/airflow/example_dags/example_branch_datetime_operator.py
[2023-12-16T12:38:51.008+0500] {processor.py:839} INFO - DAG(s) dict_keys(['example_branch_datetime_operator_2', 'example_branch_datetime_operator', 'example_branch_datetime_operator_3']) retrieved from /home/amina/miniconda/lib/python3.11/site-packages/airflow/example_dags/example_branch_datetime_operator.py
[2023-12-16T12:38:51.031+0500] {logging_mixin.py:154} INFO - [2023-12-16T12:38:51.030+0500] {dag.py:2941} INFO - Sync 3 DAGs
[2023-12-16T12:38:51.048+0500] {logging_mixin.py:154} INFO - [2023-12-16T12:38:51.048+0500] {dag.py:3722} INFO - Setting next_dagrun for example_branch_datetime_operator to 2023-12-15T00:00:00+00:00, run_after=2023-12-16T00:00:00+00:00
[2023-12-16T12:38:51.052+0500] {logging_mixin.py:154} INFO - [2023-12-16T12:38:51.052+0500] {dag.py:3722} INFO - Setting next_dagrun for example_branch_datetime_operator_2 to 2023-12-15T00:00:00+00:00, run_after=2023-12-16T00:00:00+00:00
[2023-12-16T12:38:51.054+0500] {logging_mixin.py:154} INFO - [2023-12-16T12:38:51.054+0500] {dag.py:3722} INFO - Setting next_dagrun for example_branch_datetime_operator_3 to 2023-12-15T00:00:00+00:00, run_after=2023-12-16T00:00:00+00:00
[2023-12-16T12:38:51.173+0500] {processor.py:179} INFO - Processing /home/amina/miniconda/lib/python3.11/site-packages/airflow/example_dags/example_branch_datetime_operator.py took 0.180 seconds
[2023-12-16T12:39:40.214+0500] {processor.py:157} INFO - Started process (PID=36845) to work on /home/amina/miniconda/lib/python3.11/site-packages/airflow/example_dags/example_branch_datetime_operator.py
[2023-12-16T12:39:40.226+0500] {processor.py:829} INFO - Processing file /home/amina/miniconda/lib/python3.11/site-packages/airflow/example_dags/example_branch_datetime_operator.py for tasks to queue
[2023-12-16T12:39:40.227+0500] {logging_mixin.py:154} INFO - [2023-12-16T12:39:40.226+0500] {dagbag.py:536} INFO - Filling up the DagBag from /home/amina/miniconda/lib/python3.11/site-packages/airflow/example_dags/example_branch_datetime_operator.py
[2023-12-16T12:39:40.237+0500] {processor.py:839} INFO - DAG(s) dict_keys(['example_branch_datetime_operator', 'example_branch_datetime_operator_3', 'example_branch_datetime_operator_2']) retrieved from /home/amina/miniconda/lib/python3.11/site-packages/airflow/example_dags/example_branch_datetime_operator.py
[2023-12-16T12:39:40.256+0500] {logging_mixin.py:154} INFO - [2023-12-16T12:39:40.256+0500] {dag.py:2941} INFO - Sync 3 DAGs
[2023-12-16T12:39:40.273+0500] {logging_mixin.py:154} INFO - [2023-12-16T12:39:40.273+0500] {dag.py:3722} INFO - Setting next_dagrun for example_branch_datetime_operator to 2023-12-15T00:00:00+00:00, run_after=2023-12-16T00:00:00+00:00
[2023-12-16T12:39:40.277+0500] {logging_mixin.py:154} INFO - [2023-12-16T12:39:40.277+0500] {dag.py:3722} INFO - Setting next_dagrun for example_branch_datetime_operator_2 to 2023-12-15T00:00:00+00:00, run_after=2023-12-16T00:00:00+00:00
[2023-12-16T12:39:40.280+0500] {logging_mixin.py:154} INFO - [2023-12-16T12:39:40.279+0500] {dag.py:3722} INFO - Setting next_dagrun for example_branch_datetime_operator_3 to 2023-12-15T00:00:00+00:00, run_after=2023-12-16T00:00:00+00:00
[2023-12-16T12:39:40.402+0500] {processor.py:179} INFO - Processing /home/amina/miniconda/lib/python3.11/site-packages/airflow/example_dags/example_branch_datetime_operator.py took 0.191 seconds
[2023-12-16T12:40:30.814+0500] {processor.py:157} INFO - Started process (PID=36954) to work on /home/amina/miniconda/lib/python3.11/site-packages/airflow/example_dags/example_branch_datetime_operator.py
[2023-12-16T12:40:30.815+0500] {processor.py:829} INFO - Processing file /home/amina/miniconda/lib/python3.11/site-packages/airflow/example_dags/example_branch_datetime_operator.py for tasks to queue
[2023-12-16T12:40:30.816+0500] {logging_mixin.py:154} INFO - [2023-12-16T12:40:30.816+0500] {dagbag.py:536} INFO - Filling up the DagBag from /home/amina/miniconda/lib/python3.11/site-packages/airflow/example_dags/example_branch_datetime_operator.py
[2023-12-16T12:40:30.827+0500] {processor.py:839} INFO - DAG(s) dict_keys(['example_branch_datetime_operator_2', 'example_branch_datetime_operator_3', 'example_branch_datetime_operator']) retrieved from /home/amina/miniconda/lib/python3.11/site-packages/airflow/example_dags/example_branch_datetime_operator.py
[2023-12-16T12:40:30.848+0500] {logging_mixin.py:154} INFO - [2023-12-16T12:40:30.848+0500] {dag.py:2941} INFO - Sync 3 DAGs
[2023-12-16T12:40:30.867+0500] {logging_mixin.py:154} INFO - [2023-12-16T12:40:30.867+0500] {dag.py:3722} INFO - Setting next_dagrun for example_branch_datetime_operator to 2023-12-15T00:00:00+00:00, run_after=2023-12-16T00:00:00+00:00
[2023-12-16T12:40:30.873+0500] {logging_mixin.py:154} INFO - [2023-12-16T12:40:30.873+0500] {dag.py:3722} INFO - Setting next_dagrun for example_branch_datetime_operator_2 to 2023-12-15T00:00:00+00:00, run_after=2023-12-16T00:00:00+00:00
[2023-12-16T12:40:30.876+0500] {logging_mixin.py:154} INFO - [2023-12-16T12:40:30.876+0500] {dag.py:3722} INFO - Setting next_dagrun for example_branch_datetime_operator_3 to 2023-12-15T00:00:00+00:00, run_after=2023-12-16T00:00:00+00:00
[2023-12-16T12:40:31.006+0500] {processor.py:179} INFO - Processing /home/amina/miniconda/lib/python3.11/site-packages/airflow/example_dags/example_branch_datetime_operator.py took 0.194 seconds
[2023-12-16T12:41:22.445+0500] {processor.py:157} INFO - Started process (PID=37055) to work on /home/amina/miniconda/lib/python3.11/site-packages/airflow/example_dags/example_branch_datetime_operator.py
[2023-12-16T12:41:22.445+0500] {processor.py:829} INFO - Processing file /home/amina/miniconda/lib/python3.11/site-packages/airflow/example_dags/example_branch_datetime_operator.py for tasks to queue
[2023-12-16T12:41:22.446+0500] {logging_mixin.py:154} INFO - [2023-12-16T12:41:22.446+0500] {dagbag.py:536} INFO - Filling up the DagBag from /home/amina/miniconda/lib/python3.11/site-packages/airflow/example_dags/example_branch_datetime_operator.py
[2023-12-16T12:41:22.457+0500] {processor.py:839} INFO - DAG(s) dict_keys(['example_branch_datetime_operator_2', 'example_branch_datetime_operator_3', 'example_branch_datetime_operator']) retrieved from /home/amina/miniconda/lib/python3.11/site-packages/airflow/example_dags/example_branch_datetime_operator.py
[2023-12-16T12:41:22.476+0500] {logging_mixin.py:154} INFO - [2023-12-16T12:41:22.476+0500] {dag.py:2941} INFO - Sync 3 DAGs
[2023-12-16T12:41:22.492+0500] {logging_mixin.py:154} INFO - [2023-12-16T12:41:22.492+0500] {dag.py:3722} INFO - Setting next_dagrun for example_branch_datetime_operator to 2023-12-15T00:00:00+00:00, run_after=2023-12-16T00:00:00+00:00
[2023-12-16T12:41:22.497+0500] {logging_mixin.py:154} INFO - [2023-12-16T12:41:22.496+0500] {dag.py:3722} INFO - Setting next_dagrun for example_branch_datetime_operator_2 to 2023-12-15T00:00:00+00:00, run_after=2023-12-16T00:00:00+00:00
[2023-12-16T12:41:22.499+0500] {logging_mixin.py:154} INFO - [2023-12-16T12:41:22.499+0500] {dag.py:3722} INFO - Setting next_dagrun for example_branch_datetime_operator_3 to 2023-12-15T00:00:00+00:00, run_after=2023-12-16T00:00:00+00:00
[2023-12-16T12:41:22.595+0500] {processor.py:179} INFO - Processing /home/amina/miniconda/lib/python3.11/site-packages/airflow/example_dags/example_branch_datetime_operator.py took 0.152 seconds
[2023-12-16T12:42:57.134+0500] {processor.py:157} INFO - Started process (PID=37183) to work on /home/amina/miniconda/lib/python3.11/site-packages/airflow/example_dags/example_branch_datetime_operator.py
[2023-12-16T12:42:57.151+0500] {processor.py:829} INFO - Processing file /home/amina/miniconda/lib/python3.11/site-packages/airflow/example_dags/example_branch_datetime_operator.py for tasks to queue
[2023-12-16T12:42:57.152+0500] {logging_mixin.py:154} INFO - [2023-12-16T12:42:57.152+0500] {dagbag.py:536} INFO - Filling up the DagBag from /home/amina/miniconda/lib/python3.11/site-packages/airflow/example_dags/example_branch_datetime_operator.py
[2023-12-16T12:42:57.164+0500] {processor.py:839} INFO - DAG(s) dict_keys(['example_branch_datetime_operator_2', 'example_branch_datetime_operator', 'example_branch_datetime_operator_3']) retrieved from /home/amina/miniconda/lib/python3.11/site-packages/airflow/example_dags/example_branch_datetime_operator.py
[2023-12-16T12:42:57.189+0500] {logging_mixin.py:154} INFO - [2023-12-16T12:42:57.189+0500] {dag.py:2941} INFO - Sync 3 DAGs
[2023-12-16T12:42:57.209+0500] {logging_mixin.py:154} INFO - [2023-12-16T12:42:57.208+0500] {dag.py:3722} INFO - Setting next_dagrun for example_branch_datetime_operator to 2023-12-15T00:00:00+00:00, run_after=2023-12-16T00:00:00+00:00
[2023-12-16T12:42:57.213+0500] {logging_mixin.py:154} INFO - [2023-12-16T12:42:57.213+0500] {dag.py:3722} INFO - Setting next_dagrun for example_branch_datetime_operator_2 to 2023-12-15T00:00:00+00:00, run_after=2023-12-16T00:00:00+00:00
[2023-12-16T12:42:57.215+0500] {logging_mixin.py:154} INFO - [2023-12-16T12:42:57.215+0500] {dag.py:3722} INFO - Setting next_dagrun for example_branch_datetime_operator_3 to 2023-12-15T00:00:00+00:00, run_after=2023-12-16T00:00:00+00:00
[2023-12-16T12:42:57.347+0500] {processor.py:179} INFO - Processing /home/amina/miniconda/lib/python3.11/site-packages/airflow/example_dags/example_branch_datetime_operator.py took 0.216 seconds
[2023-12-16T12:44:01.038+0500] {processor.py:157} INFO - Started process (PID=37247) to work on /home/amina/miniconda/lib/python3.11/site-packages/airflow/example_dags/example_branch_datetime_operator.py
[2023-12-16T12:44:01.073+0500] {processor.py:829} INFO - Processing file /home/amina/miniconda/lib/python3.11/site-packages/airflow/example_dags/example_branch_datetime_operator.py for tasks to queue
[2023-12-16T12:44:01.074+0500] {logging_mixin.py:154} INFO - [2023-12-16T12:44:01.074+0500] {dagbag.py:536} INFO - Filling up the DagBag from /home/amina/miniconda/lib/python3.11/site-packages/airflow/example_dags/example_branch_datetime_operator.py
[2023-12-16T12:44:01.083+0500] {processor.py:839} INFO - DAG(s) dict_keys(['example_branch_datetime_operator', 'example_branch_datetime_operator_3', 'example_branch_datetime_operator_2']) retrieved from /home/amina/miniconda/lib/python3.11/site-packages/airflow/example_dags/example_branch_datetime_operator.py
[2023-12-16T12:44:01.102+0500] {logging_mixin.py:154} INFO - [2023-12-16T12:44:01.102+0500] {dag.py:2941} INFO - Sync 3 DAGs
[2023-12-16T12:44:01.121+0500] {logging_mixin.py:154} INFO - [2023-12-16T12:44:01.121+0500] {dag.py:3722} INFO - Setting next_dagrun for example_branch_datetime_operator to 2023-12-15T00:00:00+00:00, run_after=2023-12-16T00:00:00+00:00
[2023-12-16T12:44:01.125+0500] {logging_mixin.py:154} INFO - [2023-12-16T12:44:01.125+0500] {dag.py:3722} INFO - Setting next_dagrun for example_branch_datetime_operator_2 to 2023-12-15T00:00:00+00:00, run_after=2023-12-16T00:00:00+00:00
[2023-12-16T12:44:01.128+0500] {logging_mixin.py:154} INFO - [2023-12-16T12:44:01.128+0500] {dag.py:3722} INFO - Setting next_dagrun for example_branch_datetime_operator_3 to 2023-12-15T00:00:00+00:00, run_after=2023-12-16T00:00:00+00:00
[2023-12-16T12:44:01.242+0500] {processor.py:179} INFO - Processing /home/amina/miniconda/lib/python3.11/site-packages/airflow/example_dags/example_branch_datetime_operator.py took 0.207 seconds
[2023-12-16T12:44:50.997+0500] {processor.py:157} INFO - Started process (PID=37334) to work on /home/amina/miniconda/lib/python3.11/site-packages/airflow/example_dags/example_branch_datetime_operator.py
[2023-12-16T12:44:51.025+0500] {processor.py:829} INFO - Processing file /home/amina/miniconda/lib/python3.11/site-packages/airflow/example_dags/example_branch_datetime_operator.py for tasks to queue
[2023-12-16T12:44:51.026+0500] {logging_mixin.py:154} INFO - [2023-12-16T12:44:51.025+0500] {dagbag.py:536} INFO - Filling up the DagBag from /home/amina/miniconda/lib/python3.11/site-packages/airflow/example_dags/example_branch_datetime_operator.py
[2023-12-16T12:44:51.035+0500] {processor.py:839} INFO - DAG(s) dict_keys(['example_branch_datetime_operator_3', 'example_branch_datetime_operator_2', 'example_branch_datetime_operator']) retrieved from /home/amina/miniconda/lib/python3.11/site-packages/airflow/example_dags/example_branch_datetime_operator.py
[2023-12-16T12:44:51.053+0500] {logging_mixin.py:154} INFO - [2023-12-16T12:44:51.053+0500] {dag.py:2941} INFO - Sync 3 DAGs
[2023-12-16T12:44:51.069+0500] {logging_mixin.py:154} INFO - [2023-12-16T12:44:51.069+0500] {dag.py:3722} INFO - Setting next_dagrun for example_branch_datetime_operator to 2023-12-15T00:00:00+00:00, run_after=2023-12-16T00:00:00+00:00
[2023-12-16T12:44:51.073+0500] {logging_mixin.py:154} INFO - [2023-12-16T12:44:51.073+0500] {dag.py:3722} INFO - Setting next_dagrun for example_branch_datetime_operator_2 to 2023-12-15T00:00:00+00:00, run_after=2023-12-16T00:00:00+00:00
[2023-12-16T12:44:51.075+0500] {logging_mixin.py:154} INFO - [2023-12-16T12:44:51.075+0500] {dag.py:3722} INFO - Setting next_dagrun for example_branch_datetime_operator_3 to 2023-12-15T00:00:00+00:00, run_after=2023-12-16T00:00:00+00:00
[2023-12-16T12:44:51.189+0500] {processor.py:179} INFO - Processing /home/amina/miniconda/lib/python3.11/site-packages/airflow/example_dags/example_branch_datetime_operator.py took 0.195 seconds
[2023-12-16T12:45:41.438+0500] {processor.py:157} INFO - Started process (PID=37401) to work on /home/amina/miniconda/lib/python3.11/site-packages/airflow/example_dags/example_branch_datetime_operator.py
[2023-12-16T12:45:41.457+0500] {processor.py:829} INFO - Processing file /home/amina/miniconda/lib/python3.11/site-packages/airflow/example_dags/example_branch_datetime_operator.py for tasks to queue
[2023-12-16T12:45:41.458+0500] {logging_mixin.py:154} INFO - [2023-12-16T12:45:41.457+0500] {dagbag.py:536} INFO - Filling up the DagBag from /home/amina/miniconda/lib/python3.11/site-packages/airflow/example_dags/example_branch_datetime_operator.py
[2023-12-16T12:45:41.467+0500] {processor.py:839} INFO - DAG(s) dict_keys(['example_branch_datetime_operator', 'example_branch_datetime_operator_2', 'example_branch_datetime_operator_3']) retrieved from /home/amina/miniconda/lib/python3.11/site-packages/airflow/example_dags/example_branch_datetime_operator.py
[2023-12-16T12:45:41.486+0500] {logging_mixin.py:154} INFO - [2023-12-16T12:45:41.486+0500] {dag.py:2941} INFO - Sync 3 DAGs
[2023-12-16T12:45:41.502+0500] {logging_mixin.py:154} INFO - [2023-12-16T12:45:41.502+0500] {dag.py:3722} INFO - Setting next_dagrun for example_branch_datetime_operator to 2023-12-15T00:00:00+00:00, run_after=2023-12-16T00:00:00+00:00
[2023-12-16T12:45:41.506+0500] {logging_mixin.py:154} INFO - [2023-12-16T12:45:41.506+0500] {dag.py:3722} INFO - Setting next_dagrun for example_branch_datetime_operator_2 to 2023-12-15T00:00:00+00:00, run_after=2023-12-16T00:00:00+00:00
[2023-12-16T12:45:41.508+0500] {logging_mixin.py:154} INFO - [2023-12-16T12:45:41.508+0500] {dag.py:3722} INFO - Setting next_dagrun for example_branch_datetime_operator_3 to 2023-12-15T00:00:00+00:00, run_after=2023-12-16T00:00:00+00:00
[2023-12-16T12:45:41.619+0500] {processor.py:179} INFO - Processing /home/amina/miniconda/lib/python3.11/site-packages/airflow/example_dags/example_branch_datetime_operator.py took 0.184 seconds
[2023-12-16T12:46:28.134+0500] {processor.py:157} INFO - Started process (PID=37452) to work on /home/amina/miniconda/lib/python3.11/site-packages/airflow/example_dags/example_branch_datetime_operator.py
[2023-12-16T12:46:28.172+0500] {processor.py:829} INFO - Processing file /home/amina/miniconda/lib/python3.11/site-packages/airflow/example_dags/example_branch_datetime_operator.py for tasks to queue
[2023-12-16T12:46:28.172+0500] {logging_mixin.py:154} INFO - [2023-12-16T12:46:28.172+0500] {dagbag.py:536} INFO - Filling up the DagBag from /home/amina/miniconda/lib/python3.11/site-packages/airflow/example_dags/example_branch_datetime_operator.py
[2023-12-16T12:46:28.182+0500] {processor.py:839} INFO - DAG(s) dict_keys(['example_branch_datetime_operator_2', 'example_branch_datetime_operator_3', 'example_branch_datetime_operator']) retrieved from /home/amina/miniconda/lib/python3.11/site-packages/airflow/example_dags/example_branch_datetime_operator.py
[2023-12-16T12:46:28.201+0500] {logging_mixin.py:154} INFO - [2023-12-16T12:46:28.200+0500] {dag.py:2941} INFO - Sync 3 DAGs
[2023-12-16T12:46:28.217+0500] {logging_mixin.py:154} INFO - [2023-12-16T12:46:28.217+0500] {dag.py:3722} INFO - Setting next_dagrun for example_branch_datetime_operator to 2023-12-15T00:00:00+00:00, run_after=2023-12-16T00:00:00+00:00
[2023-12-16T12:46:28.221+0500] {logging_mixin.py:154} INFO - [2023-12-16T12:46:28.221+0500] {dag.py:3722} INFO - Setting next_dagrun for example_branch_datetime_operator_2 to 2023-12-15T00:00:00+00:00, run_after=2023-12-16T00:00:00+00:00
[2023-12-16T12:46:28.224+0500] {logging_mixin.py:154} INFO - [2023-12-16T12:46:28.224+0500] {dag.py:3722} INFO - Setting next_dagrun for example_branch_datetime_operator_3 to 2023-12-15T00:00:00+00:00, run_after=2023-12-16T00:00:00+00:00
[2023-12-16T12:46:28.336+0500] {processor.py:179} INFO - Processing /home/amina/miniconda/lib/python3.11/site-packages/airflow/example_dags/example_branch_datetime_operator.py took 0.204 seconds
[2023-12-16T12:47:19.848+0500] {processor.py:157} INFO - Started process (PID=37507) to work on /home/amina/miniconda/lib/python3.11/site-packages/airflow/example_dags/example_branch_datetime_operator.py
[2023-12-16T12:47:19.857+0500] {processor.py:829} INFO - Processing file /home/amina/miniconda/lib/python3.11/site-packages/airflow/example_dags/example_branch_datetime_operator.py for tasks to queue
[2023-12-16T12:47:19.858+0500] {logging_mixin.py:154} INFO - [2023-12-16T12:47:19.858+0500] {dagbag.py:536} INFO - Filling up the DagBag from /home/amina/miniconda/lib/python3.11/site-packages/airflow/example_dags/example_branch_datetime_operator.py
[2023-12-16T12:47:19.869+0500] {processor.py:839} INFO - DAG(s) dict_keys(['example_branch_datetime_operator_3', 'example_branch_datetime_operator', 'example_branch_datetime_operator_2']) retrieved from /home/amina/miniconda/lib/python3.11/site-packages/airflow/example_dags/example_branch_datetime_operator.py
[2023-12-16T12:47:19.890+0500] {logging_mixin.py:154} INFO - [2023-12-16T12:47:19.890+0500] {dag.py:2941} INFO - Sync 3 DAGs
[2023-12-16T12:47:19.908+0500] {logging_mixin.py:154} INFO - [2023-12-16T12:47:19.908+0500] {dag.py:3722} INFO - Setting next_dagrun for example_branch_datetime_operator to 2023-12-15T00:00:00+00:00, run_after=2023-12-16T00:00:00+00:00
[2023-12-16T12:47:19.912+0500] {logging_mixin.py:154} INFO - [2023-12-16T12:47:19.912+0500] {dag.py:3722} INFO - Setting next_dagrun for example_branch_datetime_operator_2 to 2023-12-15T00:00:00+00:00, run_after=2023-12-16T00:00:00+00:00
[2023-12-16T12:47:19.915+0500] {logging_mixin.py:154} INFO - [2023-12-16T12:47:19.915+0500] {dag.py:3722} INFO - Setting next_dagrun for example_branch_datetime_operator_3 to 2023-12-15T00:00:00+00:00, run_after=2023-12-16T00:00:00+00:00
[2023-12-16T12:47:20.022+0500] {processor.py:179} INFO - Processing /home/amina/miniconda/lib/python3.11/site-packages/airflow/example_dags/example_branch_datetime_operator.py took 0.177 seconds
[2023-12-16T12:48:11.728+0500] {processor.py:157} INFO - Started process (PID=37558) to work on /home/amina/miniconda/lib/python3.11/site-packages/airflow/example_dags/example_branch_datetime_operator.py
[2023-12-16T12:48:11.786+0500] {processor.py:829} INFO - Processing file /home/amina/miniconda/lib/python3.11/site-packages/airflow/example_dags/example_branch_datetime_operator.py for tasks to queue
[2023-12-16T12:48:11.787+0500] {logging_mixin.py:154} INFO - [2023-12-16T12:48:11.787+0500] {dagbag.py:536} INFO - Filling up the DagBag from /home/amina/miniconda/lib/python3.11/site-packages/airflow/example_dags/example_branch_datetime_operator.py
[2023-12-16T12:48:11.797+0500] {processor.py:839} INFO - DAG(s) dict_keys(['example_branch_datetime_operator', 'example_branch_datetime_operator_2', 'example_branch_datetime_operator_3']) retrieved from /home/amina/miniconda/lib/python3.11/site-packages/airflow/example_dags/example_branch_datetime_operator.py
[2023-12-16T12:48:11.824+0500] {logging_mixin.py:154} INFO - [2023-12-16T12:48:11.824+0500] {dag.py:2941} INFO - Sync 3 DAGs
[2023-12-16T12:48:11.844+0500] {logging_mixin.py:154} INFO - [2023-12-16T12:48:11.844+0500] {dag.py:3722} INFO - Setting next_dagrun for example_branch_datetime_operator to 2023-12-15T00:00:00+00:00, run_after=2023-12-16T00:00:00+00:00
[2023-12-16T12:48:11.848+0500] {logging_mixin.py:154} INFO - [2023-12-16T12:48:11.848+0500] {dag.py:3722} INFO - Setting next_dagrun for example_branch_datetime_operator_2 to 2023-12-15T00:00:00+00:00, run_after=2023-12-16T00:00:00+00:00
[2023-12-16T12:48:11.851+0500] {logging_mixin.py:154} INFO - [2023-12-16T12:48:11.851+0500] {dag.py:3722} INFO - Setting next_dagrun for example_branch_datetime_operator_3 to 2023-12-15T00:00:00+00:00, run_after=2023-12-16T00:00:00+00:00
[2023-12-16T12:48:11.964+0500] {processor.py:179} INFO - Processing /home/amina/miniconda/lib/python3.11/site-packages/airflow/example_dags/example_branch_datetime_operator.py took 0.239 seconds
[2023-12-16T12:49:05.372+0500] {processor.py:157} INFO - Started process (PID=37923) to work on /home/amina/miniconda/lib/python3.11/site-packages/airflow/example_dags/example_branch_datetime_operator.py
[2023-12-16T12:49:05.385+0500] {processor.py:829} INFO - Processing file /home/amina/miniconda/lib/python3.11/site-packages/airflow/example_dags/example_branch_datetime_operator.py for tasks to queue
[2023-12-16T12:49:05.386+0500] {logging_mixin.py:154} INFO - [2023-12-16T12:49:05.386+0500] {dagbag.py:536} INFO - Filling up the DagBag from /home/amina/miniconda/lib/python3.11/site-packages/airflow/example_dags/example_branch_datetime_operator.py
[2023-12-16T12:49:05.398+0500] {processor.py:839} INFO - DAG(s) dict_keys(['example_branch_datetime_operator_2', 'example_branch_datetime_operator_3', 'example_branch_datetime_operator']) retrieved from /home/amina/miniconda/lib/python3.11/site-packages/airflow/example_dags/example_branch_datetime_operator.py
[2023-12-16T12:49:05.421+0500] {logging_mixin.py:154} INFO - [2023-12-16T12:49:05.421+0500] {dag.py:2941} INFO - Sync 3 DAGs
[2023-12-16T12:49:05.446+0500] {logging_mixin.py:154} INFO - [2023-12-16T12:49:05.446+0500] {dag.py:3722} INFO - Setting next_dagrun for example_branch_datetime_operator to 2023-12-15T00:00:00+00:00, run_after=2023-12-16T00:00:00+00:00
[2023-12-16T12:49:05.453+0500] {logging_mixin.py:154} INFO - [2023-12-16T12:49:05.453+0500] {dag.py:3722} INFO - Setting next_dagrun for example_branch_datetime_operator_2 to 2023-12-15T00:00:00+00:00, run_after=2023-12-16T00:00:00+00:00
[2023-12-16T12:49:05.458+0500] {logging_mixin.py:154} INFO - [2023-12-16T12:49:05.458+0500] {dag.py:3722} INFO - Setting next_dagrun for example_branch_datetime_operator_3 to 2023-12-15T00:00:00+00:00, run_after=2023-12-16T00:00:00+00:00
[2023-12-16T12:49:05.600+0500] {processor.py:179} INFO - Processing /home/amina/miniconda/lib/python3.11/site-packages/airflow/example_dags/example_branch_datetime_operator.py took 0.231 seconds
[2023-12-16T12:50:13.405+0500] {processor.py:157} INFO - Started process (PID=38388) to work on /home/amina/miniconda/lib/python3.11/site-packages/airflow/example_dags/example_branch_datetime_operator.py
[2023-12-16T12:50:13.563+0500] {processor.py:829} INFO - Processing file /home/amina/miniconda/lib/python3.11/site-packages/airflow/example_dags/example_branch_datetime_operator.py for tasks to queue
[2023-12-16T12:50:13.563+0500] {logging_mixin.py:154} INFO - [2023-12-16T12:50:13.563+0500] {dagbag.py:536} INFO - Filling up the DagBag from /home/amina/miniconda/lib/python3.11/site-packages/airflow/example_dags/example_branch_datetime_operator.py
[2023-12-16T12:50:13.573+0500] {processor.py:839} INFO - DAG(s) dict_keys(['example_branch_datetime_operator', 'example_branch_datetime_operator_2', 'example_branch_datetime_operator_3']) retrieved from /home/amina/miniconda/lib/python3.11/site-packages/airflow/example_dags/example_branch_datetime_operator.py
[2023-12-16T12:50:13.593+0500] {logging_mixin.py:154} INFO - [2023-12-16T12:50:13.593+0500] {dag.py:2941} INFO - Sync 3 DAGs
[2023-12-16T12:50:13.612+0500] {logging_mixin.py:154} INFO - [2023-12-16T12:50:13.612+0500] {dag.py:3722} INFO - Setting next_dagrun for example_branch_datetime_operator to 2023-12-15T00:00:00+00:00, run_after=2023-12-16T00:00:00+00:00
[2023-12-16T12:50:13.617+0500] {logging_mixin.py:154} INFO - [2023-12-16T12:50:13.617+0500] {dag.py:3722} INFO - Setting next_dagrun for example_branch_datetime_operator_2 to 2023-12-15T00:00:00+00:00, run_after=2023-12-16T00:00:00+00:00
[2023-12-16T12:50:13.620+0500] {logging_mixin.py:154} INFO - [2023-12-16T12:50:13.619+0500] {dag.py:3722} INFO - Setting next_dagrun for example_branch_datetime_operator_3 to 2023-12-15T00:00:00+00:00, run_after=2023-12-16T00:00:00+00:00
[2023-12-16T12:50:14.451+0500] {processor.py:179} INFO - Processing /home/amina/miniconda/lib/python3.11/site-packages/airflow/example_dags/example_branch_datetime_operator.py took 1.048 seconds
[2023-12-16T12:51:17.855+0500] {processor.py:157} INFO - Started process (PID=38516) to work on /home/amina/miniconda/lib/python3.11/site-packages/airflow/example_dags/example_branch_datetime_operator.py
[2023-12-16T12:51:17.882+0500] {processor.py:829} INFO - Processing file /home/amina/miniconda/lib/python3.11/site-packages/airflow/example_dags/example_branch_datetime_operator.py for tasks to queue
[2023-12-16T12:51:17.883+0500] {logging_mixin.py:154} INFO - [2023-12-16T12:51:17.882+0500] {dagbag.py:536} INFO - Filling up the DagBag from /home/amina/miniconda/lib/python3.11/site-packages/airflow/example_dags/example_branch_datetime_operator.py
[2023-12-16T12:51:17.892+0500] {processor.py:839} INFO - DAG(s) dict_keys(['example_branch_datetime_operator_2', 'example_branch_datetime_operator', 'example_branch_datetime_operator_3']) retrieved from /home/amina/miniconda/lib/python3.11/site-packages/airflow/example_dags/example_branch_datetime_operator.py
[2023-12-16T12:51:17.913+0500] {logging_mixin.py:154} INFO - [2023-12-16T12:51:17.913+0500] {dag.py:2941} INFO - Sync 3 DAGs
[2023-12-16T12:51:17.930+0500] {logging_mixin.py:154} INFO - [2023-12-16T12:51:17.930+0500] {dag.py:3722} INFO - Setting next_dagrun for example_branch_datetime_operator to 2023-12-15T00:00:00+00:00, run_after=2023-12-16T00:00:00+00:00
[2023-12-16T12:51:17.934+0500] {logging_mixin.py:154} INFO - [2023-12-16T12:51:17.934+0500] {dag.py:3722} INFO - Setting next_dagrun for example_branch_datetime_operator_2 to 2023-12-15T00:00:00+00:00, run_after=2023-12-16T00:00:00+00:00
[2023-12-16T12:51:17.938+0500] {logging_mixin.py:154} INFO - [2023-12-16T12:51:17.937+0500] {dag.py:3722} INFO - Setting next_dagrun for example_branch_datetime_operator_3 to 2023-12-15T00:00:00+00:00, run_after=2023-12-16T00:00:00+00:00
[2023-12-16T12:51:18.299+0500] {processor.py:179} INFO - Processing /home/amina/miniconda/lib/python3.11/site-packages/airflow/example_dags/example_branch_datetime_operator.py took 0.449 seconds
[2023-12-16T12:52:18.986+0500] {processor.py:157} INFO - Started process (PID=38567) to work on /home/amina/miniconda/lib/python3.11/site-packages/airflow/example_dags/example_branch_datetime_operator.py
[2023-12-16T12:52:19.010+0500] {processor.py:829} INFO - Processing file /home/amina/miniconda/lib/python3.11/site-packages/airflow/example_dags/example_branch_datetime_operator.py for tasks to queue
[2023-12-16T12:52:19.011+0500] {logging_mixin.py:154} INFO - [2023-12-16T12:52:19.011+0500] {dagbag.py:536} INFO - Filling up the DagBag from /home/amina/miniconda/lib/python3.11/site-packages/airflow/example_dags/example_branch_datetime_operator.py
[2023-12-16T12:52:19.023+0500] {processor.py:839} INFO - DAG(s) dict_keys(['example_branch_datetime_operator_2', 'example_branch_datetime_operator', 'example_branch_datetime_operator_3']) retrieved from /home/amina/miniconda/lib/python3.11/site-packages/airflow/example_dags/example_branch_datetime_operator.py
[2023-12-16T12:52:19.043+0500] {logging_mixin.py:154} INFO - [2023-12-16T12:52:19.043+0500] {dag.py:2941} INFO - Sync 3 DAGs
[2023-12-16T12:52:19.061+0500] {logging_mixin.py:154} INFO - [2023-12-16T12:52:19.061+0500] {dag.py:3722} INFO - Setting next_dagrun for example_branch_datetime_operator to 2023-12-15T00:00:00+00:00, run_after=2023-12-16T00:00:00+00:00
[2023-12-16T12:52:19.066+0500] {logging_mixin.py:154} INFO - [2023-12-16T12:52:19.066+0500] {dag.py:3722} INFO - Setting next_dagrun for example_branch_datetime_operator_2 to 2023-12-15T00:00:00+00:00, run_after=2023-12-16T00:00:00+00:00
[2023-12-16T12:52:19.069+0500] {logging_mixin.py:154} INFO - [2023-12-16T12:52:19.069+0500] {dag.py:3722} INFO - Setting next_dagrun for example_branch_datetime_operator_3 to 2023-12-15T00:00:00+00:00, run_after=2023-12-16T00:00:00+00:00
[2023-12-16T12:52:19.154+0500] {processor.py:179} INFO - Processing /home/amina/miniconda/lib/python3.11/site-packages/airflow/example_dags/example_branch_datetime_operator.py took 0.171 seconds
[2023-12-16T12:53:46.162+0500] {processor.py:157} INFO - Started process (PID=38693) to work on /home/amina/miniconda/lib/python3.11/site-packages/airflow/example_dags/example_branch_datetime_operator.py
[2023-12-16T12:53:46.193+0500] {processor.py:829} INFO - Processing file /home/amina/miniconda/lib/python3.11/site-packages/airflow/example_dags/example_branch_datetime_operator.py for tasks to queue
[2023-12-16T12:53:46.194+0500] {logging_mixin.py:154} INFO - [2023-12-16T12:53:46.194+0500] {dagbag.py:536} INFO - Filling up the DagBag from /home/amina/miniconda/lib/python3.11/site-packages/airflow/example_dags/example_branch_datetime_operator.py
[2023-12-16T12:53:46.204+0500] {processor.py:839} INFO - DAG(s) dict_keys(['example_branch_datetime_operator_3', 'example_branch_datetime_operator', 'example_branch_datetime_operator_2']) retrieved from /home/amina/miniconda/lib/python3.11/site-packages/airflow/example_dags/example_branch_datetime_operator.py
[2023-12-16T12:53:46.226+0500] {logging_mixin.py:154} INFO - [2023-12-16T12:53:46.226+0500] {dag.py:2941} INFO - Sync 3 DAGs
[2023-12-16T12:53:46.248+0500] {logging_mixin.py:154} INFO - [2023-12-16T12:53:46.248+0500] {dag.py:3722} INFO - Setting next_dagrun for example_branch_datetime_operator to 2023-12-15T00:00:00+00:00, run_after=2023-12-16T00:00:00+00:00
[2023-12-16T12:53:46.252+0500] {logging_mixin.py:154} INFO - [2023-12-16T12:53:46.252+0500] {dag.py:3722} INFO - Setting next_dagrun for example_branch_datetime_operator_2 to 2023-12-15T00:00:00+00:00, run_after=2023-12-16T00:00:00+00:00
[2023-12-16T12:53:46.255+0500] {logging_mixin.py:154} INFO - [2023-12-16T12:53:46.255+0500] {dag.py:3722} INFO - Setting next_dagrun for example_branch_datetime_operator_3 to 2023-12-15T00:00:00+00:00, run_after=2023-12-16T00:00:00+00:00
[2023-12-16T12:53:46.350+0500] {processor.py:179} INFO - Processing /home/amina/miniconda/lib/python3.11/site-packages/airflow/example_dags/example_branch_datetime_operator.py took 0.191 seconds
[2023-12-16T12:54:54.586+0500] {processor.py:157} INFO - Started process (PID=39044) to work on /home/amina/miniconda/lib/python3.11/site-packages/airflow/example_dags/example_branch_datetime_operator.py
[2023-12-16T12:54:54.597+0500] {processor.py:829} INFO - Processing file /home/amina/miniconda/lib/python3.11/site-packages/airflow/example_dags/example_branch_datetime_operator.py for tasks to queue
[2023-12-16T12:54:54.598+0500] {logging_mixin.py:154} INFO - [2023-12-16T12:54:54.598+0500] {dagbag.py:536} INFO - Filling up the DagBag from /home/amina/miniconda/lib/python3.11/site-packages/airflow/example_dags/example_branch_datetime_operator.py
[2023-12-16T12:54:54.610+0500] {processor.py:839} INFO - DAG(s) dict_keys(['example_branch_datetime_operator', 'example_branch_datetime_operator_3', 'example_branch_datetime_operator_2']) retrieved from /home/amina/miniconda/lib/python3.11/site-packages/airflow/example_dags/example_branch_datetime_operator.py
[2023-12-16T12:54:54.634+0500] {logging_mixin.py:154} INFO - [2023-12-16T12:54:54.634+0500] {dag.py:2941} INFO - Sync 3 DAGs
[2023-12-16T12:54:54.656+0500] {logging_mixin.py:154} INFO - [2023-12-16T12:54:54.655+0500] {dag.py:3722} INFO - Setting next_dagrun for example_branch_datetime_operator to 2023-12-15T00:00:00+00:00, run_after=2023-12-16T00:00:00+00:00
[2023-12-16T12:54:54.661+0500] {logging_mixin.py:154} INFO - [2023-12-16T12:54:54.661+0500] {dag.py:3722} INFO - Setting next_dagrun for example_branch_datetime_operator_2 to 2023-12-15T00:00:00+00:00, run_after=2023-12-16T00:00:00+00:00
[2023-12-16T12:54:54.664+0500] {logging_mixin.py:154} INFO - [2023-12-16T12:54:54.664+0500] {dag.py:3722} INFO - Setting next_dagrun for example_branch_datetime_operator_3 to 2023-12-15T00:00:00+00:00, run_after=2023-12-16T00:00:00+00:00
[2023-12-16T12:54:54.746+0500] {processor.py:179} INFO - Processing /home/amina/miniconda/lib/python3.11/site-packages/airflow/example_dags/example_branch_datetime_operator.py took 0.164 seconds
[2023-12-16T12:55:49.053+0500] {processor.py:157} INFO - Started process (PID=39091) to work on /home/amina/miniconda/lib/python3.11/site-packages/airflow/example_dags/example_branch_datetime_operator.py
[2023-12-16T12:55:49.095+0500] {processor.py:829} INFO - Processing file /home/amina/miniconda/lib/python3.11/site-packages/airflow/example_dags/example_branch_datetime_operator.py for tasks to queue
[2023-12-16T12:55:49.096+0500] {logging_mixin.py:154} INFO - [2023-12-16T12:55:49.096+0500] {dagbag.py:536} INFO - Filling up the DagBag from /home/amina/miniconda/lib/python3.11/site-packages/airflow/example_dags/example_branch_datetime_operator.py
[2023-12-16T12:55:49.107+0500] {processor.py:839} INFO - DAG(s) dict_keys(['example_branch_datetime_operator_3', 'example_branch_datetime_operator_2', 'example_branch_datetime_operator']) retrieved from /home/amina/miniconda/lib/python3.11/site-packages/airflow/example_dags/example_branch_datetime_operator.py
[2023-12-16T12:55:49.129+0500] {logging_mixin.py:154} INFO - [2023-12-16T12:55:49.128+0500] {dag.py:2941} INFO - Sync 3 DAGs
[2023-12-16T12:55:49.148+0500] {logging_mixin.py:154} INFO - [2023-12-16T12:55:49.147+0500] {dag.py:3722} INFO - Setting next_dagrun for example_branch_datetime_operator to 2023-12-15T00:00:00+00:00, run_after=2023-12-16T00:00:00+00:00
[2023-12-16T12:55:49.152+0500] {logging_mixin.py:154} INFO - [2023-12-16T12:55:49.152+0500] {dag.py:3722} INFO - Setting next_dagrun for example_branch_datetime_operator_2 to 2023-12-15T00:00:00+00:00, run_after=2023-12-16T00:00:00+00:00
[2023-12-16T12:55:49.155+0500] {logging_mixin.py:154} INFO - [2023-12-16T12:55:49.155+0500] {dag.py:3722} INFO - Setting next_dagrun for example_branch_datetime_operator_3 to 2023-12-15T00:00:00+00:00, run_after=2023-12-16T00:00:00+00:00
[2023-12-16T12:55:49.269+0500] {processor.py:179} INFO - Processing /home/amina/miniconda/lib/python3.11/site-packages/airflow/example_dags/example_branch_datetime_operator.py took 0.219 seconds
[2023-12-16T12:56:39.029+0500] {processor.py:157} INFO - Started process (PID=39172) to work on /home/amina/miniconda/lib/python3.11/site-packages/airflow/example_dags/example_branch_datetime_operator.py
[2023-12-16T12:56:39.053+0500] {processor.py:829} INFO - Processing file /home/amina/miniconda/lib/python3.11/site-packages/airflow/example_dags/example_branch_datetime_operator.py for tasks to queue
[2023-12-16T12:56:39.054+0500] {logging_mixin.py:154} INFO - [2023-12-16T12:56:39.053+0500] {dagbag.py:536} INFO - Filling up the DagBag from /home/amina/miniconda/lib/python3.11/site-packages/airflow/example_dags/example_branch_datetime_operator.py
[2023-12-16T12:56:39.066+0500] {processor.py:839} INFO - DAG(s) dict_keys(['example_branch_datetime_operator_3', 'example_branch_datetime_operator_2', 'example_branch_datetime_operator']) retrieved from /home/amina/miniconda/lib/python3.11/site-packages/airflow/example_dags/example_branch_datetime_operator.py
[2023-12-16T12:56:39.095+0500] {logging_mixin.py:154} INFO - [2023-12-16T12:56:39.095+0500] {dag.py:2941} INFO - Sync 3 DAGs
[2023-12-16T12:56:39.118+0500] {logging_mixin.py:154} INFO - [2023-12-16T12:56:39.118+0500] {dag.py:3722} INFO - Setting next_dagrun for example_branch_datetime_operator to 2023-12-15T00:00:00+00:00, run_after=2023-12-16T00:00:00+00:00
[2023-12-16T12:56:39.123+0500] {logging_mixin.py:154} INFO - [2023-12-16T12:56:39.123+0500] {dag.py:3722} INFO - Setting next_dagrun for example_branch_datetime_operator_2 to 2023-12-15T00:00:00+00:00, run_after=2023-12-16T00:00:00+00:00
[2023-12-16T12:56:39.126+0500] {logging_mixin.py:154} INFO - [2023-12-16T12:56:39.126+0500] {dag.py:3722} INFO - Setting next_dagrun for example_branch_datetime_operator_3 to 2023-12-15T00:00:00+00:00, run_after=2023-12-16T00:00:00+00:00
[2023-12-16T12:56:39.230+0500] {processor.py:179} INFO - Processing /home/amina/miniconda/lib/python3.11/site-packages/airflow/example_dags/example_branch_datetime_operator.py took 0.204 seconds
[2023-12-16T12:57:49.278+0500] {processor.py:157} INFO - Started process (PID=39234) to work on /home/amina/miniconda/lib/python3.11/site-packages/airflow/example_dags/example_branch_datetime_operator.py
[2023-12-16T12:57:49.284+0500] {processor.py:829} INFO - Processing file /home/amina/miniconda/lib/python3.11/site-packages/airflow/example_dags/example_branch_datetime_operator.py for tasks to queue
[2023-12-16T12:57:49.285+0500] {logging_mixin.py:154} INFO - [2023-12-16T12:57:49.285+0500] {dagbag.py:536} INFO - Filling up the DagBag from /home/amina/miniconda/lib/python3.11/site-packages/airflow/example_dags/example_branch_datetime_operator.py
[2023-12-16T12:57:49.297+0500] {processor.py:839} INFO - DAG(s) dict_keys(['example_branch_datetime_operator_3', 'example_branch_datetime_operator', 'example_branch_datetime_operator_2']) retrieved from /home/amina/miniconda/lib/python3.11/site-packages/airflow/example_dags/example_branch_datetime_operator.py
[2023-12-16T12:57:49.318+0500] {logging_mixin.py:154} INFO - [2023-12-16T12:57:49.318+0500] {dag.py:2941} INFO - Sync 3 DAGs
[2023-12-16T12:57:49.338+0500] {logging_mixin.py:154} INFO - [2023-12-16T12:57:49.338+0500] {dag.py:3722} INFO - Setting next_dagrun for example_branch_datetime_operator to 2023-12-15T00:00:00+00:00, run_after=2023-12-16T00:00:00+00:00
[2023-12-16T12:57:49.344+0500] {logging_mixin.py:154} INFO - [2023-12-16T12:57:49.344+0500] {dag.py:3722} INFO - Setting next_dagrun for example_branch_datetime_operator_2 to 2023-12-15T00:00:00+00:00, run_after=2023-12-16T00:00:00+00:00
[2023-12-16T12:57:49.346+0500] {logging_mixin.py:154} INFO - [2023-12-16T12:57:49.346+0500] {dag.py:3722} INFO - Setting next_dagrun for example_branch_datetime_operator_3 to 2023-12-15T00:00:00+00:00, run_after=2023-12-16T00:00:00+00:00
[2023-12-16T12:57:49.430+0500] {processor.py:179} INFO - Processing /home/amina/miniconda/lib/python3.11/site-packages/airflow/example_dags/example_branch_datetime_operator.py took 0.155 seconds
[2023-12-16T12:58:40.034+0500] {processor.py:157} INFO - Started process (PID=39282) to work on /home/amina/miniconda/lib/python3.11/site-packages/airflow/example_dags/example_branch_datetime_operator.py
[2023-12-16T12:58:40.093+0500] {processor.py:829} INFO - Processing file /home/amina/miniconda/lib/python3.11/site-packages/airflow/example_dags/example_branch_datetime_operator.py for tasks to queue
[2023-12-16T12:58:40.094+0500] {logging_mixin.py:154} INFO - [2023-12-16T12:58:40.094+0500] {dagbag.py:536} INFO - Filling up the DagBag from /home/amina/miniconda/lib/python3.11/site-packages/airflow/example_dags/example_branch_datetime_operator.py
[2023-12-16T12:58:40.106+0500] {processor.py:839} INFO - DAG(s) dict_keys(['example_branch_datetime_operator_3', 'example_branch_datetime_operator', 'example_branch_datetime_operator_2']) retrieved from /home/amina/miniconda/lib/python3.11/site-packages/airflow/example_dags/example_branch_datetime_operator.py
[2023-12-16T12:58:40.129+0500] {logging_mixin.py:154} INFO - [2023-12-16T12:58:40.128+0500] {dag.py:2941} INFO - Sync 3 DAGs
[2023-12-16T12:58:40.152+0500] {logging_mixin.py:154} INFO - [2023-12-16T12:58:40.152+0500] {dag.py:3722} INFO - Setting next_dagrun for example_branch_datetime_operator to 2023-12-15T00:00:00+00:00, run_after=2023-12-16T00:00:00+00:00
[2023-12-16T12:58:40.157+0500] {logging_mixin.py:154} INFO - [2023-12-16T12:58:40.156+0500] {dag.py:3722} INFO - Setting next_dagrun for example_branch_datetime_operator_2 to 2023-12-15T00:00:00+00:00, run_after=2023-12-16T00:00:00+00:00
[2023-12-16T12:58:40.159+0500] {logging_mixin.py:154} INFO - [2023-12-16T12:58:40.159+0500] {dag.py:3722} INFO - Setting next_dagrun for example_branch_datetime_operator_3 to 2023-12-15T00:00:00+00:00, run_after=2023-12-16T00:00:00+00:00
[2023-12-16T12:58:40.254+0500] {processor.py:179} INFO - Processing /home/amina/miniconda/lib/python3.11/site-packages/airflow/example_dags/example_branch_datetime_operator.py took 0.223 seconds
[2023-12-16T12:59:32.492+0500] {processor.py:157} INFO - Started process (PID=39346) to work on /home/amina/miniconda/lib/python3.11/site-packages/airflow/example_dags/example_branch_datetime_operator.py
[2023-12-16T12:59:32.526+0500] {processor.py:829} INFO - Processing file /home/amina/miniconda/lib/python3.11/site-packages/airflow/example_dags/example_branch_datetime_operator.py for tasks to queue
[2023-12-16T12:59:32.527+0500] {logging_mixin.py:154} INFO - [2023-12-16T12:59:32.526+0500] {dagbag.py:536} INFO - Filling up the DagBag from /home/amina/miniconda/lib/python3.11/site-packages/airflow/example_dags/example_branch_datetime_operator.py
[2023-12-16T12:59:32.540+0500] {processor.py:839} INFO - DAG(s) dict_keys(['example_branch_datetime_operator_2', 'example_branch_datetime_operator_3', 'example_branch_datetime_operator']) retrieved from /home/amina/miniconda/lib/python3.11/site-packages/airflow/example_dags/example_branch_datetime_operator.py
[2023-12-16T12:59:32.567+0500] {logging_mixin.py:154} INFO - [2023-12-16T12:59:32.567+0500] {dag.py:2941} INFO - Sync 3 DAGs
[2023-12-16T12:59:32.592+0500] {logging_mixin.py:154} INFO - [2023-12-16T12:59:32.592+0500] {dag.py:3722} INFO - Setting next_dagrun for example_branch_datetime_operator to 2023-12-15T00:00:00+00:00, run_after=2023-12-16T00:00:00+00:00
[2023-12-16T12:59:32.599+0500] {logging_mixin.py:154} INFO - [2023-12-16T12:59:32.599+0500] {dag.py:3722} INFO - Setting next_dagrun for example_branch_datetime_operator_2 to 2023-12-15T00:00:00+00:00, run_after=2023-12-16T00:00:00+00:00
[2023-12-16T12:59:32.603+0500] {logging_mixin.py:154} INFO - [2023-12-16T12:59:32.603+0500] {dag.py:3722} INFO - Setting next_dagrun for example_branch_datetime_operator_3 to 2023-12-15T00:00:00+00:00, run_after=2023-12-16T00:00:00+00:00
[2023-12-16T12:59:32.697+0500] {processor.py:179} INFO - Processing /home/amina/miniconda/lib/python3.11/site-packages/airflow/example_dags/example_branch_datetime_operator.py took 0.208 seconds
[2023-12-16T13:00:23.186+0500] {processor.py:157} INFO - Started process (PID=39394) to work on /home/amina/miniconda/lib/python3.11/site-packages/airflow/example_dags/example_branch_datetime_operator.py
[2023-12-16T13:00:23.351+0500] {processor.py:829} INFO - Processing file /home/amina/miniconda/lib/python3.11/site-packages/airflow/example_dags/example_branch_datetime_operator.py for tasks to queue
[2023-12-16T13:00:23.352+0500] {logging_mixin.py:154} INFO - [2023-12-16T13:00:23.351+0500] {dagbag.py:536} INFO - Filling up the DagBag from /home/amina/miniconda/lib/python3.11/site-packages/airflow/example_dags/example_branch_datetime_operator.py
[2023-12-16T13:00:23.365+0500] {processor.py:839} INFO - DAG(s) dict_keys(['example_branch_datetime_operator_3', 'example_branch_datetime_operator', 'example_branch_datetime_operator_2']) retrieved from /home/amina/miniconda/lib/python3.11/site-packages/airflow/example_dags/example_branch_datetime_operator.py
[2023-12-16T13:00:23.387+0500] {logging_mixin.py:154} INFO - [2023-12-16T13:00:23.386+0500] {dag.py:2941} INFO - Sync 3 DAGs
[2023-12-16T13:00:23.408+0500] {logging_mixin.py:154} INFO - [2023-12-16T13:00:23.408+0500] {dag.py:3722} INFO - Setting next_dagrun for example_branch_datetime_operator to 2023-12-15T00:00:00+00:00, run_after=2023-12-16T00:00:00+00:00
[2023-12-16T13:00:23.413+0500] {logging_mixin.py:154} INFO - [2023-12-16T13:00:23.413+0500] {dag.py:3722} INFO - Setting next_dagrun for example_branch_datetime_operator_2 to 2023-12-15T00:00:00+00:00, run_after=2023-12-16T00:00:00+00:00
[2023-12-16T13:00:23.416+0500] {logging_mixin.py:154} INFO - [2023-12-16T13:00:23.415+0500] {dag.py:3722} INFO - Setting next_dagrun for example_branch_datetime_operator_3 to 2023-12-15T00:00:00+00:00, run_after=2023-12-16T00:00:00+00:00
[2023-12-16T13:00:23.583+0500] {processor.py:179} INFO - Processing /home/amina/miniconda/lib/python3.11/site-packages/airflow/example_dags/example_branch_datetime_operator.py took 0.399 seconds
[2023-12-16T13:01:13.718+0500] {processor.py:157} INFO - Started process (PID=39457) to work on /home/amina/miniconda/lib/python3.11/site-packages/airflow/example_dags/example_branch_datetime_operator.py
[2023-12-16T13:01:13.782+0500] {processor.py:829} INFO - Processing file /home/amina/miniconda/lib/python3.11/site-packages/airflow/example_dags/example_branch_datetime_operator.py for tasks to queue
[2023-12-16T13:01:13.783+0500] {logging_mixin.py:154} INFO - [2023-12-16T13:01:13.782+0500] {dagbag.py:536} INFO - Filling up the DagBag from /home/amina/miniconda/lib/python3.11/site-packages/airflow/example_dags/example_branch_datetime_operator.py
[2023-12-16T13:01:13.793+0500] {processor.py:839} INFO - DAG(s) dict_keys(['example_branch_datetime_operator', 'example_branch_datetime_operator_3', 'example_branch_datetime_operator_2']) retrieved from /home/amina/miniconda/lib/python3.11/site-packages/airflow/example_dags/example_branch_datetime_operator.py
[2023-12-16T13:01:13.817+0500] {logging_mixin.py:154} INFO - [2023-12-16T13:01:13.817+0500] {dag.py:2941} INFO - Sync 3 DAGs
[2023-12-16T13:01:13.837+0500] {logging_mixin.py:154} INFO - [2023-12-16T13:01:13.837+0500] {dag.py:3722} INFO - Setting next_dagrun for example_branch_datetime_operator to 2023-12-15T00:00:00+00:00, run_after=2023-12-16T00:00:00+00:00
[2023-12-16T13:01:13.843+0500] {logging_mixin.py:154} INFO - [2023-12-16T13:01:13.843+0500] {dag.py:3722} INFO - Setting next_dagrun for example_branch_datetime_operator_2 to 2023-12-15T00:00:00+00:00, run_after=2023-12-16T00:00:00+00:00
[2023-12-16T13:01:13.847+0500] {logging_mixin.py:154} INFO - [2023-12-16T13:01:13.847+0500] {dag.py:3722} INFO - Setting next_dagrun for example_branch_datetime_operator_3 to 2023-12-15T00:00:00+00:00, run_after=2023-12-16T00:00:00+00:00
[2023-12-16T13:01:14.002+0500] {processor.py:179} INFO - Processing /home/amina/miniconda/lib/python3.11/site-packages/airflow/example_dags/example_branch_datetime_operator.py took 0.288 seconds
[2023-12-16T13:02:02.330+0500] {processor.py:157} INFO - Started process (PID=39513) to work on /home/amina/miniconda/lib/python3.11/site-packages/airflow/example_dags/example_branch_datetime_operator.py
[2023-12-16T13:02:02.411+0500] {processor.py:829} INFO - Processing file /home/amina/miniconda/lib/python3.11/site-packages/airflow/example_dags/example_branch_datetime_operator.py for tasks to queue
[2023-12-16T13:02:02.412+0500] {logging_mixin.py:154} INFO - [2023-12-16T13:02:02.411+0500] {dagbag.py:536} INFO - Filling up the DagBag from /home/amina/miniconda/lib/python3.11/site-packages/airflow/example_dags/example_branch_datetime_operator.py
[2023-12-16T13:02:02.423+0500] {processor.py:839} INFO - DAG(s) dict_keys(['example_branch_datetime_operator_3', 'example_branch_datetime_operator_2', 'example_branch_datetime_operator']) retrieved from /home/amina/miniconda/lib/python3.11/site-packages/airflow/example_dags/example_branch_datetime_operator.py
[2023-12-16T13:02:02.450+0500] {logging_mixin.py:154} INFO - [2023-12-16T13:02:02.449+0500] {dag.py:2941} INFO - Sync 3 DAGs
[2023-12-16T13:02:02.470+0500] {logging_mixin.py:154} INFO - [2023-12-16T13:02:02.470+0500] {dag.py:3722} INFO - Setting next_dagrun for example_branch_datetime_operator to 2023-12-15T00:00:00+00:00, run_after=2023-12-16T00:00:00+00:00
[2023-12-16T13:02:02.475+0500] {logging_mixin.py:154} INFO - [2023-12-16T13:02:02.475+0500] {dag.py:3722} INFO - Setting next_dagrun for example_branch_datetime_operator_2 to 2023-12-15T00:00:00+00:00, run_after=2023-12-16T00:00:00+00:00
[2023-12-16T13:02:02.481+0500] {logging_mixin.py:154} INFO - [2023-12-16T13:02:02.481+0500] {dag.py:3722} INFO - Setting next_dagrun for example_branch_datetime_operator_3 to 2023-12-15T00:00:00+00:00, run_after=2023-12-16T00:00:00+00:00
[2023-12-16T13:02:02.594+0500] {processor.py:179} INFO - Processing /home/amina/miniconda/lib/python3.11/site-packages/airflow/example_dags/example_branch_datetime_operator.py took 0.268 seconds
[2023-12-16T13:02:54.107+0500] {processor.py:157} INFO - Started process (PID=39575) to work on /home/amina/miniconda/lib/python3.11/site-packages/airflow/example_dags/example_branch_datetime_operator.py
[2023-12-16T13:02:54.162+0500] {processor.py:829} INFO - Processing file /home/amina/miniconda/lib/python3.11/site-packages/airflow/example_dags/example_branch_datetime_operator.py for tasks to queue
[2023-12-16T13:02:54.163+0500] {logging_mixin.py:154} INFO - [2023-12-16T13:02:54.163+0500] {dagbag.py:536} INFO - Filling up the DagBag from /home/amina/miniconda/lib/python3.11/site-packages/airflow/example_dags/example_branch_datetime_operator.py
[2023-12-16T13:02:54.173+0500] {processor.py:839} INFO - DAG(s) dict_keys(['example_branch_datetime_operator', 'example_branch_datetime_operator_2', 'example_branch_datetime_operator_3']) retrieved from /home/amina/miniconda/lib/python3.11/site-packages/airflow/example_dags/example_branch_datetime_operator.py
[2023-12-16T13:02:54.191+0500] {logging_mixin.py:154} INFO - [2023-12-16T13:02:54.191+0500] {dag.py:2941} INFO - Sync 3 DAGs
[2023-12-16T13:02:54.208+0500] {logging_mixin.py:154} INFO - [2023-12-16T13:02:54.208+0500] {dag.py:3722} INFO - Setting next_dagrun for example_branch_datetime_operator to 2023-12-15T00:00:00+00:00, run_after=2023-12-16T00:00:00+00:00
[2023-12-16T13:02:54.212+0500] {logging_mixin.py:154} INFO - [2023-12-16T13:02:54.212+0500] {dag.py:3722} INFO - Setting next_dagrun for example_branch_datetime_operator_2 to 2023-12-15T00:00:00+00:00, run_after=2023-12-16T00:00:00+00:00
[2023-12-16T13:02:54.214+0500] {logging_mixin.py:154} INFO - [2023-12-16T13:02:54.214+0500] {dag.py:3722} INFO - Setting next_dagrun for example_branch_datetime_operator_3 to 2023-12-15T00:00:00+00:00, run_after=2023-12-16T00:00:00+00:00
[2023-12-16T13:02:54.304+0500] {processor.py:179} INFO - Processing /home/amina/miniconda/lib/python3.11/site-packages/airflow/example_dags/example_branch_datetime_operator.py took 0.200 seconds
[2023-12-16T13:03:45.146+0500] {processor.py:157} INFO - Started process (PID=39790) to work on /home/amina/miniconda/lib/python3.11/site-packages/airflow/example_dags/example_branch_datetime_operator.py
[2023-12-16T13:03:45.167+0500] {processor.py:829} INFO - Processing file /home/amina/miniconda/lib/python3.11/site-packages/airflow/example_dags/example_branch_datetime_operator.py for tasks to queue
[2023-12-16T13:03:45.168+0500] {logging_mixin.py:154} INFO - [2023-12-16T13:03:45.168+0500] {dagbag.py:536} INFO - Filling up the DagBag from /home/amina/miniconda/lib/python3.11/site-packages/airflow/example_dags/example_branch_datetime_operator.py
[2023-12-16T13:03:45.182+0500] {processor.py:839} INFO - DAG(s) dict_keys(['example_branch_datetime_operator', 'example_branch_datetime_operator_2', 'example_branch_datetime_operator_3']) retrieved from /home/amina/miniconda/lib/python3.11/site-packages/airflow/example_dags/example_branch_datetime_operator.py
[2023-12-16T13:03:45.205+0500] {logging_mixin.py:154} INFO - [2023-12-16T13:03:45.205+0500] {dag.py:2941} INFO - Sync 3 DAGs
[2023-12-16T13:03:45.224+0500] {logging_mixin.py:154} INFO - [2023-12-16T13:03:45.223+0500] {dag.py:3722} INFO - Setting next_dagrun for example_branch_datetime_operator to 2023-12-15T00:00:00+00:00, run_after=2023-12-16T00:00:00+00:00
[2023-12-16T13:03:45.228+0500] {logging_mixin.py:154} INFO - [2023-12-16T13:03:45.228+0500] {dag.py:3722} INFO - Setting next_dagrun for example_branch_datetime_operator_2 to 2023-12-15T00:00:00+00:00, run_after=2023-12-16T00:00:00+00:00
[2023-12-16T13:03:45.230+0500] {logging_mixin.py:154} INFO - [2023-12-16T13:03:45.230+0500] {dag.py:3722} INFO - Setting next_dagrun for example_branch_datetime_operator_3 to 2023-12-15T00:00:00+00:00, run_after=2023-12-16T00:00:00+00:00
[2023-12-16T13:03:45.610+0500] {processor.py:179} INFO - Processing /home/amina/miniconda/lib/python3.11/site-packages/airflow/example_dags/example_branch_datetime_operator.py took 0.468 seconds
[2023-12-16T13:04:40.961+0500] {processor.py:157} INFO - Started process (PID=39894) to work on /home/amina/miniconda/lib/python3.11/site-packages/airflow/example_dags/example_branch_datetime_operator.py
[2023-12-16T13:04:41.001+0500] {processor.py:829} INFO - Processing file /home/amina/miniconda/lib/python3.11/site-packages/airflow/example_dags/example_branch_datetime_operator.py for tasks to queue
[2023-12-16T13:04:41.002+0500] {logging_mixin.py:154} INFO - [2023-12-16T13:04:41.001+0500] {dagbag.py:536} INFO - Filling up the DagBag from /home/amina/miniconda/lib/python3.11/site-packages/airflow/example_dags/example_branch_datetime_operator.py
[2023-12-16T13:04:41.011+0500] {processor.py:839} INFO - DAG(s) dict_keys(['example_branch_datetime_operator_3', 'example_branch_datetime_operator_2', 'example_branch_datetime_operator']) retrieved from /home/amina/miniconda/lib/python3.11/site-packages/airflow/example_dags/example_branch_datetime_operator.py
[2023-12-16T13:04:41.029+0500] {logging_mixin.py:154} INFO - [2023-12-16T13:04:41.029+0500] {dag.py:2941} INFO - Sync 3 DAGs
[2023-12-16T13:04:41.045+0500] {logging_mixin.py:154} INFO - [2023-12-16T13:04:41.045+0500] {dag.py:3722} INFO - Setting next_dagrun for example_branch_datetime_operator to 2023-12-15T00:00:00+00:00, run_after=2023-12-16T00:00:00+00:00
[2023-12-16T13:04:41.049+0500] {logging_mixin.py:154} INFO - [2023-12-16T13:04:41.049+0500] {dag.py:3722} INFO - Setting next_dagrun for example_branch_datetime_operator_2 to 2023-12-15T00:00:00+00:00, run_after=2023-12-16T00:00:00+00:00
[2023-12-16T13:04:41.051+0500] {logging_mixin.py:154} INFO - [2023-12-16T13:04:41.051+0500] {dag.py:3722} INFO - Setting next_dagrun for example_branch_datetime_operator_3 to 2023-12-15T00:00:00+00:00, run_after=2023-12-16T00:00:00+00:00
[2023-12-16T13:04:41.140+0500] {processor.py:179} INFO - Processing /home/amina/miniconda/lib/python3.11/site-packages/airflow/example_dags/example_branch_datetime_operator.py took 0.182 seconds
[2023-12-16T13:05:33.941+0500] {processor.py:157} INFO - Started process (PID=40010) to work on /home/amina/miniconda/lib/python3.11/site-packages/airflow/example_dags/example_branch_datetime_operator.py
[2023-12-16T13:05:34.006+0500] {processor.py:829} INFO - Processing file /home/amina/miniconda/lib/python3.11/site-packages/airflow/example_dags/example_branch_datetime_operator.py for tasks to queue
[2023-12-16T13:05:34.007+0500] {logging_mixin.py:154} INFO - [2023-12-16T13:05:34.006+0500] {dagbag.py:536} INFO - Filling up the DagBag from /home/amina/miniconda/lib/python3.11/site-packages/airflow/example_dags/example_branch_datetime_operator.py
[2023-12-16T13:05:34.016+0500] {processor.py:839} INFO - DAG(s) dict_keys(['example_branch_datetime_operator_2', 'example_branch_datetime_operator', 'example_branch_datetime_operator_3']) retrieved from /home/amina/miniconda/lib/python3.11/site-packages/airflow/example_dags/example_branch_datetime_operator.py
[2023-12-16T13:05:34.034+0500] {logging_mixin.py:154} INFO - [2023-12-16T13:05:34.034+0500] {dag.py:2941} INFO - Sync 3 DAGs
[2023-12-16T13:05:34.050+0500] {logging_mixin.py:154} INFO - [2023-12-16T13:05:34.050+0500] {dag.py:3722} INFO - Setting next_dagrun for example_branch_datetime_operator to 2023-12-15T00:00:00+00:00, run_after=2023-12-16T00:00:00+00:00
[2023-12-16T13:05:34.054+0500] {logging_mixin.py:154} INFO - [2023-12-16T13:05:34.054+0500] {dag.py:3722} INFO - Setting next_dagrun for example_branch_datetime_operator_2 to 2023-12-15T00:00:00+00:00, run_after=2023-12-16T00:00:00+00:00
[2023-12-16T13:05:34.057+0500] {logging_mixin.py:154} INFO - [2023-12-16T13:05:34.057+0500] {dag.py:3722} INFO - Setting next_dagrun for example_branch_datetime_operator_3 to 2023-12-15T00:00:00+00:00, run_after=2023-12-16T00:00:00+00:00
[2023-12-16T13:05:34.155+0500] {processor.py:179} INFO - Processing /home/amina/miniconda/lib/python3.11/site-packages/airflow/example_dags/example_branch_datetime_operator.py took 0.217 seconds
[2023-12-16T13:06:23.466+0500] {processor.py:157} INFO - Started process (PID=40063) to work on /home/amina/miniconda/lib/python3.11/site-packages/airflow/example_dags/example_branch_datetime_operator.py
[2023-12-16T13:06:23.503+0500] {processor.py:829} INFO - Processing file /home/amina/miniconda/lib/python3.11/site-packages/airflow/example_dags/example_branch_datetime_operator.py for tasks to queue
[2023-12-16T13:06:23.504+0500] {logging_mixin.py:154} INFO - [2023-12-16T13:06:23.504+0500] {dagbag.py:536} INFO - Filling up the DagBag from /home/amina/miniconda/lib/python3.11/site-packages/airflow/example_dags/example_branch_datetime_operator.py
[2023-12-16T13:06:23.513+0500] {processor.py:839} INFO - DAG(s) dict_keys(['example_branch_datetime_operator_2', 'example_branch_datetime_operator_3', 'example_branch_datetime_operator']) retrieved from /home/amina/miniconda/lib/python3.11/site-packages/airflow/example_dags/example_branch_datetime_operator.py
[2023-12-16T13:06:23.532+0500] {logging_mixin.py:154} INFO - [2023-12-16T13:06:23.532+0500] {dag.py:2941} INFO - Sync 3 DAGs
[2023-12-16T13:06:23.548+0500] {logging_mixin.py:154} INFO - [2023-12-16T13:06:23.548+0500] {dag.py:3722} INFO - Setting next_dagrun for example_branch_datetime_operator to 2023-12-15T00:00:00+00:00, run_after=2023-12-16T00:00:00+00:00
[2023-12-16T13:06:23.552+0500] {logging_mixin.py:154} INFO - [2023-12-16T13:06:23.552+0500] {dag.py:3722} INFO - Setting next_dagrun for example_branch_datetime_operator_2 to 2023-12-15T00:00:00+00:00, run_after=2023-12-16T00:00:00+00:00
[2023-12-16T13:06:23.555+0500] {logging_mixin.py:154} INFO - [2023-12-16T13:06:23.555+0500] {dag.py:3722} INFO - Setting next_dagrun for example_branch_datetime_operator_3 to 2023-12-15T00:00:00+00:00, run_after=2023-12-16T00:00:00+00:00
[2023-12-16T13:06:23.656+0500] {processor.py:179} INFO - Processing /home/amina/miniconda/lib/python3.11/site-packages/airflow/example_dags/example_branch_datetime_operator.py took 0.194 seconds
[2023-12-16T13:07:11.220+0500] {processor.py:157} INFO - Started process (PID=40111) to work on /home/amina/miniconda/lib/python3.11/site-packages/airflow/example_dags/example_branch_datetime_operator.py
[2023-12-16T13:07:11.282+0500] {processor.py:829} INFO - Processing file /home/amina/miniconda/lib/python3.11/site-packages/airflow/example_dags/example_branch_datetime_operator.py for tasks to queue
[2023-12-16T13:07:11.282+0500] {logging_mixin.py:154} INFO - [2023-12-16T13:07:11.282+0500] {dagbag.py:536} INFO - Filling up the DagBag from /home/amina/miniconda/lib/python3.11/site-packages/airflow/example_dags/example_branch_datetime_operator.py
[2023-12-16T13:07:11.291+0500] {processor.py:839} INFO - DAG(s) dict_keys(['example_branch_datetime_operator_2', 'example_branch_datetime_operator_3', 'example_branch_datetime_operator']) retrieved from /home/amina/miniconda/lib/python3.11/site-packages/airflow/example_dags/example_branch_datetime_operator.py
[2023-12-16T13:07:11.310+0500] {logging_mixin.py:154} INFO - [2023-12-16T13:07:11.310+0500] {dag.py:2941} INFO - Sync 3 DAGs
[2023-12-16T13:07:11.326+0500] {logging_mixin.py:154} INFO - [2023-12-16T13:07:11.326+0500] {dag.py:3722} INFO - Setting next_dagrun for example_branch_datetime_operator to 2023-12-15T00:00:00+00:00, run_after=2023-12-16T00:00:00+00:00
[2023-12-16T13:07:11.330+0500] {logging_mixin.py:154} INFO - [2023-12-16T13:07:11.330+0500] {dag.py:3722} INFO - Setting next_dagrun for example_branch_datetime_operator_2 to 2023-12-15T00:00:00+00:00, run_after=2023-12-16T00:00:00+00:00
[2023-12-16T13:07:11.332+0500] {logging_mixin.py:154} INFO - [2023-12-16T13:07:11.332+0500] {dag.py:3722} INFO - Setting next_dagrun for example_branch_datetime_operator_3 to 2023-12-15T00:00:00+00:00, run_after=2023-12-16T00:00:00+00:00
[2023-12-16T13:07:11.423+0500] {processor.py:179} INFO - Processing /home/amina/miniconda/lib/python3.11/site-packages/airflow/example_dags/example_branch_datetime_operator.py took 0.205 seconds
