[2023-12-16T12:22:35.949+0500] {processor.py:157} INFO - Started process (PID=20120) to work on /home/amina/miniconda/lib/python3.11/site-packages/airflow/example_dags/example_sensors.py
[2023-12-16T12:22:35.950+0500] {processor.py:829} INFO - Processing file /home/amina/miniconda/lib/python3.11/site-packages/airflow/example_dags/example_sensors.py for tasks to queue
[2023-12-16T12:22:35.951+0500] {logging_mixin.py:154} INFO - [2023-12-16T12:22:35.950+0500] {dagbag.py:536} INFO - Filling up the DagBag from /home/amina/miniconda/lib/python3.11/site-packages/airflow/example_dags/example_sensors.py
[2023-12-16T12:22:35.966+0500] {processor.py:839} INFO - DAG(s) dict_keys(['example_sensors']) retrieved from /home/amina/miniconda/lib/python3.11/site-packages/airflow/example_dags/example_sensors.py
[2023-12-16T12:22:36.009+0500] {logging_mixin.py:154} INFO - [2023-12-16T12:22:36.009+0500] {dag.py:2941} INFO - Sync 1 DAGs
[2023-12-16T12:22:36.021+0500] {logging_mixin.py:154} INFO - [2023-12-16T12:22:36.021+0500] {dag.py:3722} INFO - Setting next_dagrun for example_sensors to None, run_after=None
[2023-12-16T12:22:36.166+0500] {processor.py:179} INFO - Processing /home/amina/miniconda/lib/python3.11/site-packages/airflow/example_dags/example_sensors.py took 0.221 seconds
[2023-12-16T12:23:37.048+0500] {processor.py:157} INFO - Started process (PID=21321) to work on /home/amina/miniconda/lib/python3.11/site-packages/airflow/example_dags/example_sensors.py
[2023-12-16T12:23:37.073+0500] {processor.py:829} INFO - Processing file /home/amina/miniconda/lib/python3.11/site-packages/airflow/example_dags/example_sensors.py for tasks to queue
[2023-12-16T12:23:37.074+0500] {logging_mixin.py:154} INFO - [2023-12-16T12:23:37.074+0500] {dagbag.py:536} INFO - Filling up the DagBag from /home/amina/miniconda/lib/python3.11/site-packages/airflow/example_dags/example_sensors.py
[2023-12-16T12:23:37.086+0500] {processor.py:839} INFO - DAG(s) dict_keys(['example_sensors']) retrieved from /home/amina/miniconda/lib/python3.11/site-packages/airflow/example_dags/example_sensors.py
[2023-12-16T12:23:37.106+0500] {logging_mixin.py:154} INFO - [2023-12-16T12:23:37.106+0500] {dag.py:2941} INFO - Sync 1 DAGs
[2023-12-16T12:23:37.116+0500] {logging_mixin.py:154} INFO - [2023-12-16T12:23:37.116+0500] {dag.py:3722} INFO - Setting next_dagrun for example_sensors to None, run_after=None
[2023-12-16T12:23:37.217+0500] {processor.py:179} INFO - Processing /home/amina/miniconda/lib/python3.11/site-packages/airflow/example_dags/example_sensors.py took 0.171 seconds
[2023-12-16T12:24:36.597+0500] {processor.py:157} INFO - Started process (PID=22781) to work on /home/amina/miniconda/lib/python3.11/site-packages/airflow/example_dags/example_sensors.py
[2023-12-16T12:24:36.610+0500] {processor.py:829} INFO - Processing file /home/amina/miniconda/lib/python3.11/site-packages/airflow/example_dags/example_sensors.py for tasks to queue
[2023-12-16T12:24:36.611+0500] {logging_mixin.py:154} INFO - [2023-12-16T12:24:36.610+0500] {dagbag.py:536} INFO - Filling up the DagBag from /home/amina/miniconda/lib/python3.11/site-packages/airflow/example_dags/example_sensors.py
[2023-12-16T12:24:36.624+0500] {processor.py:839} INFO - DAG(s) dict_keys(['example_sensors']) retrieved from /home/amina/miniconda/lib/python3.11/site-packages/airflow/example_dags/example_sensors.py
[2023-12-16T12:24:36.649+0500] {logging_mixin.py:154} INFO - [2023-12-16T12:24:36.648+0500] {dag.py:2941} INFO - Sync 1 DAGs
[2023-12-16T12:24:36.664+0500] {logging_mixin.py:154} INFO - [2023-12-16T12:24:36.664+0500] {dag.py:3722} INFO - Setting next_dagrun for example_sensors to None, run_after=None
[2023-12-16T12:24:37.388+0500] {processor.py:179} INFO - Processing /home/amina/miniconda/lib/python3.11/site-packages/airflow/example_dags/example_sensors.py took 0.794 seconds
[2023-12-16T12:25:24.194+0500] {processor.py:157} INFO - Started process (PID=23740) to work on /home/amina/miniconda/lib/python3.11/site-packages/airflow/example_dags/example_sensors.py
[2023-12-16T12:25:24.238+0500] {processor.py:829} INFO - Processing file /home/amina/miniconda/lib/python3.11/site-packages/airflow/example_dags/example_sensors.py for tasks to queue
[2023-12-16T12:25:24.239+0500] {logging_mixin.py:154} INFO - [2023-12-16T12:25:24.239+0500] {dagbag.py:536} INFO - Filling up the DagBag from /home/amina/miniconda/lib/python3.11/site-packages/airflow/example_dags/example_sensors.py
[2023-12-16T12:25:24.248+0500] {processor.py:839} INFO - DAG(s) dict_keys(['example_sensors']) retrieved from /home/amina/miniconda/lib/python3.11/site-packages/airflow/example_dags/example_sensors.py
[2023-12-16T12:25:24.265+0500] {logging_mixin.py:154} INFO - [2023-12-16T12:25:24.265+0500] {dag.py:2941} INFO - Sync 1 DAGs
[2023-12-16T12:25:24.274+0500] {logging_mixin.py:154} INFO - [2023-12-16T12:25:24.274+0500] {dag.py:3722} INFO - Setting next_dagrun for example_sensors to None, run_after=None
[2023-12-16T12:25:24.637+0500] {processor.py:179} INFO - Processing /home/amina/miniconda/lib/python3.11/site-packages/airflow/example_dags/example_sensors.py took 0.446 seconds
[2023-12-16T12:26:10.985+0500] {processor.py:157} INFO - Started process (PID=24525) to work on /home/amina/miniconda/lib/python3.11/site-packages/airflow/example_dags/example_sensors.py
[2023-12-16T12:26:11.005+0500] {processor.py:829} INFO - Processing file /home/amina/miniconda/lib/python3.11/site-packages/airflow/example_dags/example_sensors.py for tasks to queue
[2023-12-16T12:26:11.006+0500] {logging_mixin.py:154} INFO - [2023-12-16T12:26:11.006+0500] {dagbag.py:536} INFO - Filling up the DagBag from /home/amina/miniconda/lib/python3.11/site-packages/airflow/example_dags/example_sensors.py
[2023-12-16T12:26:11.017+0500] {processor.py:839} INFO - DAG(s) dict_keys(['example_sensors']) retrieved from /home/amina/miniconda/lib/python3.11/site-packages/airflow/example_dags/example_sensors.py
[2023-12-16T12:26:11.036+0500] {logging_mixin.py:154} INFO - [2023-12-16T12:26:11.036+0500] {dag.py:2941} INFO - Sync 1 DAGs
[2023-12-16T12:26:11.046+0500] {logging_mixin.py:154} INFO - [2023-12-16T12:26:11.046+0500] {dag.py:3722} INFO - Setting next_dagrun for example_sensors to None, run_after=None
[2023-12-16T12:26:11.249+0500] {processor.py:179} INFO - Processing /home/amina/miniconda/lib/python3.11/site-packages/airflow/example_dags/example_sensors.py took 0.267 seconds
[2023-12-16T12:27:27.528+0500] {processor.py:157} INFO - Started process (PID=25931) to work on /home/amina/miniconda/lib/python3.11/site-packages/airflow/example_dags/example_sensors.py
[2023-12-16T12:27:27.560+0500] {processor.py:829} INFO - Processing file /home/amina/miniconda/lib/python3.11/site-packages/airflow/example_dags/example_sensors.py for tasks to queue
[2023-12-16T12:27:27.561+0500] {logging_mixin.py:154} INFO - [2023-12-16T12:27:27.561+0500] {dagbag.py:536} INFO - Filling up the DagBag from /home/amina/miniconda/lib/python3.11/site-packages/airflow/example_dags/example_sensors.py
[2023-12-16T12:27:27.570+0500] {processor.py:839} INFO - DAG(s) dict_keys(['example_sensors']) retrieved from /home/amina/miniconda/lib/python3.11/site-packages/airflow/example_dags/example_sensors.py
[2023-12-16T12:27:27.587+0500] {logging_mixin.py:154} INFO - [2023-12-16T12:27:27.587+0500] {dag.py:2941} INFO - Sync 1 DAGs
[2023-12-16T12:27:27.596+0500] {logging_mixin.py:154} INFO - [2023-12-16T12:27:27.596+0500] {dag.py:3722} INFO - Setting next_dagrun for example_sensors to None, run_after=None
[2023-12-16T12:27:27.845+0500] {processor.py:179} INFO - Processing /home/amina/miniconda/lib/python3.11/site-packages/airflow/example_dags/example_sensors.py took 0.321 seconds
[2023-12-16T12:29:12.637+0500] {processor.py:157} INFO - Started process (PID=28092) to work on /home/amina/miniconda/lib/python3.11/site-packages/airflow/example_dags/example_sensors.py
[2023-12-16T12:29:12.686+0500] {processor.py:829} INFO - Processing file /home/amina/miniconda/lib/python3.11/site-packages/airflow/example_dags/example_sensors.py for tasks to queue
[2023-12-16T12:29:12.686+0500] {logging_mixin.py:154} INFO - [2023-12-16T12:29:12.686+0500] {dagbag.py:536} INFO - Filling up the DagBag from /home/amina/miniconda/lib/python3.11/site-packages/airflow/example_dags/example_sensors.py
[2023-12-16T12:29:12.696+0500] {processor.py:839} INFO - DAG(s) dict_keys(['example_sensors']) retrieved from /home/amina/miniconda/lib/python3.11/site-packages/airflow/example_dags/example_sensors.py
[2023-12-16T12:29:12.716+0500] {logging_mixin.py:154} INFO - [2023-12-16T12:29:12.715+0500] {dag.py:2941} INFO - Sync 1 DAGs
[2023-12-16T12:29:12.726+0500] {logging_mixin.py:154} INFO - [2023-12-16T12:29:12.726+0500] {dag.py:3722} INFO - Setting next_dagrun for example_sensors to None, run_after=None
[2023-12-16T12:29:12.927+0500] {processor.py:179} INFO - Processing /home/amina/miniconda/lib/python3.11/site-packages/airflow/example_dags/example_sensors.py took 0.293 seconds
[2023-12-16T12:30:43.960+0500] {processor.py:157} INFO - Started process (PID=30092) to work on /home/amina/miniconda/lib/python3.11/site-packages/airflow/example_dags/example_sensors.py
[2023-12-16T12:30:43.994+0500] {processor.py:829} INFO - Processing file /home/amina/miniconda/lib/python3.11/site-packages/airflow/example_dags/example_sensors.py for tasks to queue
[2023-12-16T12:30:43.995+0500] {logging_mixin.py:154} INFO - [2023-12-16T12:30:43.995+0500] {dagbag.py:536} INFO - Filling up the DagBag from /home/amina/miniconda/lib/python3.11/site-packages/airflow/example_dags/example_sensors.py
[2023-12-16T12:30:44.005+0500] {processor.py:839} INFO - DAG(s) dict_keys(['example_sensors']) retrieved from /home/amina/miniconda/lib/python3.11/site-packages/airflow/example_dags/example_sensors.py
[2023-12-16T12:30:44.024+0500] {logging_mixin.py:154} INFO - [2023-12-16T12:30:44.024+0500] {dag.py:2941} INFO - Sync 1 DAGs
[2023-12-16T12:30:44.034+0500] {logging_mixin.py:154} INFO - [2023-12-16T12:30:44.034+0500] {dag.py:3722} INFO - Setting next_dagrun for example_sensors to None, run_after=None
[2023-12-16T12:30:44.140+0500] {processor.py:179} INFO - Processing /home/amina/miniconda/lib/python3.11/site-packages/airflow/example_dags/example_sensors.py took 0.183 seconds
[2023-12-16T12:31:45.746+0500] {processor.py:157} INFO - Started process (PID=31650) to work on /home/amina/miniconda/lib/python3.11/site-packages/airflow/example_dags/example_sensors.py
[2023-12-16T12:31:45.803+0500] {processor.py:829} INFO - Processing file /home/amina/miniconda/lib/python3.11/site-packages/airflow/example_dags/example_sensors.py for tasks to queue
[2023-12-16T12:31:45.804+0500] {logging_mixin.py:154} INFO - [2023-12-16T12:31:45.803+0500] {dagbag.py:536} INFO - Filling up the DagBag from /home/amina/miniconda/lib/python3.11/site-packages/airflow/example_dags/example_sensors.py
[2023-12-16T12:31:45.821+0500] {processor.py:839} INFO - DAG(s) dict_keys(['example_sensors']) retrieved from /home/amina/miniconda/lib/python3.11/site-packages/airflow/example_dags/example_sensors.py
[2023-12-16T12:31:45.852+0500] {logging_mixin.py:154} INFO - [2023-12-16T12:31:45.852+0500] {dag.py:2941} INFO - Sync 1 DAGs
[2023-12-16T12:31:45.870+0500] {logging_mixin.py:154} INFO - [2023-12-16T12:31:45.869+0500] {dag.py:3722} INFO - Setting next_dagrun for example_sensors to None, run_after=None
[2023-12-16T12:31:45.990+0500] {processor.py:179} INFO - Processing /home/amina/miniconda/lib/python3.11/site-packages/airflow/example_dags/example_sensors.py took 0.248 seconds
[2023-12-16T12:32:47.034+0500] {processor.py:157} INFO - Started process (PID=33053) to work on /home/amina/miniconda/lib/python3.11/site-packages/airflow/example_dags/example_sensors.py
[2023-12-16T12:32:47.078+0500] {processor.py:829} INFO - Processing file /home/amina/miniconda/lib/python3.11/site-packages/airflow/example_dags/example_sensors.py for tasks to queue
[2023-12-16T12:32:47.079+0500] {logging_mixin.py:154} INFO - [2023-12-16T12:32:47.078+0500] {dagbag.py:536} INFO - Filling up the DagBag from /home/amina/miniconda/lib/python3.11/site-packages/airflow/example_dags/example_sensors.py
[2023-12-16T12:32:47.095+0500] {processor.py:839} INFO - DAG(s) dict_keys(['example_sensors']) retrieved from /home/amina/miniconda/lib/python3.11/site-packages/airflow/example_dags/example_sensors.py
[2023-12-16T12:32:47.125+0500] {logging_mixin.py:154} INFO - [2023-12-16T12:32:47.125+0500] {dag.py:2941} INFO - Sync 1 DAGs
[2023-12-16T12:32:47.141+0500] {logging_mixin.py:154} INFO - [2023-12-16T12:32:47.141+0500] {dag.py:3722} INFO - Setting next_dagrun for example_sensors to None, run_after=None
[2023-12-16T12:32:47.245+0500] {processor.py:179} INFO - Processing /home/amina/miniconda/lib/python3.11/site-packages/airflow/example_dags/example_sensors.py took 0.217 seconds
[2023-12-16T12:33:46.342+0500] {processor.py:157} INFO - Started process (PID=34706) to work on /home/amina/miniconda/lib/python3.11/site-packages/airflow/example_dags/example_sensors.py
[2023-12-16T12:33:46.391+0500] {processor.py:829} INFO - Processing file /home/amina/miniconda/lib/python3.11/site-packages/airflow/example_dags/example_sensors.py for tasks to queue
[2023-12-16T12:33:46.392+0500] {logging_mixin.py:154} INFO - [2023-12-16T12:33:46.391+0500] {dagbag.py:536} INFO - Filling up the DagBag from /home/amina/miniconda/lib/python3.11/site-packages/airflow/example_dags/example_sensors.py
[2023-12-16T12:33:46.407+0500] {processor.py:839} INFO - DAG(s) dict_keys(['example_sensors']) retrieved from /home/amina/miniconda/lib/python3.11/site-packages/airflow/example_dags/example_sensors.py
[2023-12-16T12:33:46.435+0500] {logging_mixin.py:154} INFO - [2023-12-16T12:33:46.435+0500] {dag.py:2941} INFO - Sync 1 DAGs
[2023-12-16T12:33:46.451+0500] {logging_mixin.py:154} INFO - [2023-12-16T12:33:46.450+0500] {dag.py:3722} INFO - Setting next_dagrun for example_sensors to None, run_after=None
[2023-12-16T12:33:46.580+0500] {processor.py:179} INFO - Processing /home/amina/miniconda/lib/python3.11/site-packages/airflow/example_dags/example_sensors.py took 0.241 seconds
[2023-12-16T12:34:39.403+0500] {processor.py:157} INFO - Started process (PID=35876) to work on /home/amina/miniconda/lib/python3.11/site-packages/airflow/example_dags/example_sensors.py
[2023-12-16T12:34:39.464+0500] {processor.py:829} INFO - Processing file /home/amina/miniconda/lib/python3.11/site-packages/airflow/example_dags/example_sensors.py for tasks to queue
[2023-12-16T12:34:39.465+0500] {logging_mixin.py:154} INFO - [2023-12-16T12:34:39.465+0500] {dagbag.py:536} INFO - Filling up the DagBag from /home/amina/miniconda/lib/python3.11/site-packages/airflow/example_dags/example_sensors.py
[2023-12-16T12:34:39.475+0500] {processor.py:839} INFO - DAG(s) dict_keys(['example_sensors']) retrieved from /home/amina/miniconda/lib/python3.11/site-packages/airflow/example_dags/example_sensors.py
[2023-12-16T12:34:39.493+0500] {logging_mixin.py:154} INFO - [2023-12-16T12:34:39.493+0500] {dag.py:2941} INFO - Sync 1 DAGs
[2023-12-16T12:34:39.505+0500] {logging_mixin.py:154} INFO - [2023-12-16T12:34:39.505+0500] {dag.py:3722} INFO - Setting next_dagrun for example_sensors to None, run_after=None
[2023-12-16T12:34:39.645+0500] {processor.py:179} INFO - Processing /home/amina/miniconda/lib/python3.11/site-packages/airflow/example_dags/example_sensors.py took 0.245 seconds
[2023-12-16T12:35:36.013+0500] {processor.py:157} INFO - Started process (PID=36355) to work on /home/amina/miniconda/lib/python3.11/site-packages/airflow/example_dags/example_sensors.py
[2023-12-16T12:35:36.039+0500] {processor.py:829} INFO - Processing file /home/amina/miniconda/lib/python3.11/site-packages/airflow/example_dags/example_sensors.py for tasks to queue
[2023-12-16T12:35:36.040+0500] {logging_mixin.py:154} INFO - [2023-12-16T12:35:36.039+0500] {dagbag.py:536} INFO - Filling up the DagBag from /home/amina/miniconda/lib/python3.11/site-packages/airflow/example_dags/example_sensors.py
[2023-12-16T12:35:36.048+0500] {processor.py:839} INFO - DAG(s) dict_keys(['example_sensors']) retrieved from /home/amina/miniconda/lib/python3.11/site-packages/airflow/example_dags/example_sensors.py
[2023-12-16T12:35:36.066+0500] {logging_mixin.py:154} INFO - [2023-12-16T12:35:36.066+0500] {dag.py:2941} INFO - Sync 1 DAGs
[2023-12-16T12:35:36.075+0500] {logging_mixin.py:154} INFO - [2023-12-16T12:35:36.075+0500] {dag.py:3722} INFO - Setting next_dagrun for example_sensors to None, run_after=None
[2023-12-16T12:35:36.178+0500] {processor.py:179} INFO - Processing /home/amina/miniconda/lib/python3.11/site-packages/airflow/example_dags/example_sensors.py took 0.167 seconds
[2023-12-16T12:36:28.739+0500] {processor.py:157} INFO - Started process (PID=36415) to work on /home/amina/miniconda/lib/python3.11/site-packages/airflow/example_dags/example_sensors.py
[2023-12-16T12:36:28.808+0500] {processor.py:829} INFO - Processing file /home/amina/miniconda/lib/python3.11/site-packages/airflow/example_dags/example_sensors.py for tasks to queue
[2023-12-16T12:36:28.809+0500] {logging_mixin.py:154} INFO - [2023-12-16T12:36:28.809+0500] {dagbag.py:536} INFO - Filling up the DagBag from /home/amina/miniconda/lib/python3.11/site-packages/airflow/example_dags/example_sensors.py
[2023-12-16T12:36:28.818+0500] {processor.py:839} INFO - DAG(s) dict_keys(['example_sensors']) retrieved from /home/amina/miniconda/lib/python3.11/site-packages/airflow/example_dags/example_sensors.py
[2023-12-16T12:36:28.837+0500] {logging_mixin.py:154} INFO - [2023-12-16T12:36:28.837+0500] {dag.py:2941} INFO - Sync 1 DAGs
[2023-12-16T12:36:28.848+0500] {logging_mixin.py:154} INFO - [2023-12-16T12:36:28.848+0500] {dag.py:3722} INFO - Setting next_dagrun for example_sensors to None, run_after=None
[2023-12-16T12:36:28.952+0500] {processor.py:179} INFO - Processing /home/amina/miniconda/lib/python3.11/site-packages/airflow/example_dags/example_sensors.py took 0.215 seconds
[2023-12-16T12:37:26.197+0500] {processor.py:157} INFO - Started process (PID=36716) to work on /home/amina/miniconda/lib/python3.11/site-packages/airflow/example_dags/example_sensors.py
[2023-12-16T12:37:26.210+0500] {processor.py:829} INFO - Processing file /home/amina/miniconda/lib/python3.11/site-packages/airflow/example_dags/example_sensors.py for tasks to queue
[2023-12-16T12:37:26.211+0500] {logging_mixin.py:154} INFO - [2023-12-16T12:37:26.211+0500] {dagbag.py:536} INFO - Filling up the DagBag from /home/amina/miniconda/lib/python3.11/site-packages/airflow/example_dags/example_sensors.py
[2023-12-16T12:37:26.221+0500] {processor.py:839} INFO - DAG(s) dict_keys(['example_sensors']) retrieved from /home/amina/miniconda/lib/python3.11/site-packages/airflow/example_dags/example_sensors.py
[2023-12-16T12:37:26.242+0500] {logging_mixin.py:154} INFO - [2023-12-16T12:37:26.242+0500] {dag.py:2941} INFO - Sync 1 DAGs
[2023-12-16T12:37:26.253+0500] {logging_mixin.py:154} INFO - [2023-12-16T12:37:26.253+0500] {dag.py:3722} INFO - Setting next_dagrun for example_sensors to None, run_after=None
[2023-12-16T12:37:26.396+0500] {processor.py:179} INFO - Processing /home/amina/miniconda/lib/python3.11/site-packages/airflow/example_dags/example_sensors.py took 0.203 seconds
[2023-12-16T12:38:15.336+0500] {processor.py:157} INFO - Started process (PID=36762) to work on /home/amina/miniconda/lib/python3.11/site-packages/airflow/example_dags/example_sensors.py
[2023-12-16T12:38:15.401+0500] {processor.py:829} INFO - Processing file /home/amina/miniconda/lib/python3.11/site-packages/airflow/example_dags/example_sensors.py for tasks to queue
[2023-12-16T12:38:15.402+0500] {logging_mixin.py:154} INFO - [2023-12-16T12:38:15.401+0500] {dagbag.py:536} INFO - Filling up the DagBag from /home/amina/miniconda/lib/python3.11/site-packages/airflow/example_dags/example_sensors.py
[2023-12-16T12:38:15.410+0500] {processor.py:839} INFO - DAG(s) dict_keys(['example_sensors']) retrieved from /home/amina/miniconda/lib/python3.11/site-packages/airflow/example_dags/example_sensors.py
[2023-12-16T12:38:15.427+0500] {logging_mixin.py:154} INFO - [2023-12-16T12:38:15.427+0500] {dag.py:2941} INFO - Sync 1 DAGs
[2023-12-16T12:38:15.436+0500] {logging_mixin.py:154} INFO - [2023-12-16T12:38:15.436+0500] {dag.py:3722} INFO - Setting next_dagrun for example_sensors to None, run_after=None
[2023-12-16T12:38:15.533+0500] {processor.py:179} INFO - Processing /home/amina/miniconda/lib/python3.11/site-packages/airflow/example_dags/example_sensors.py took 0.200 seconds
[2023-12-16T12:39:04.765+0500] {processor.py:157} INFO - Started process (PID=36809) to work on /home/amina/miniconda/lib/python3.11/site-packages/airflow/example_dags/example_sensors.py
[2023-12-16T12:39:04.832+0500] {processor.py:829} INFO - Processing file /home/amina/miniconda/lib/python3.11/site-packages/airflow/example_dags/example_sensors.py for tasks to queue
[2023-12-16T12:39:04.833+0500] {logging_mixin.py:154} INFO - [2023-12-16T12:39:04.833+0500] {dagbag.py:536} INFO - Filling up the DagBag from /home/amina/miniconda/lib/python3.11/site-packages/airflow/example_dags/example_sensors.py
[2023-12-16T12:39:04.845+0500] {processor.py:839} INFO - DAG(s) dict_keys(['example_sensors']) retrieved from /home/amina/miniconda/lib/python3.11/site-packages/airflow/example_dags/example_sensors.py
[2023-12-16T12:39:04.865+0500] {logging_mixin.py:154} INFO - [2023-12-16T12:39:04.865+0500] {dag.py:2941} INFO - Sync 1 DAGs
[2023-12-16T12:39:04.877+0500] {logging_mixin.py:154} INFO - [2023-12-16T12:39:04.877+0500] {dag.py:3722} INFO - Setting next_dagrun for example_sensors to None, run_after=None
[2023-12-16T12:39:04.986+0500] {processor.py:179} INFO - Processing /home/amina/miniconda/lib/python3.11/site-packages/airflow/example_dags/example_sensors.py took 0.225 seconds
[2023-12-16T12:39:52.271+0500] {processor.py:157} INFO - Started process (PID=36862) to work on /home/amina/miniconda/lib/python3.11/site-packages/airflow/example_dags/example_sensors.py
[2023-12-16T12:39:52.305+0500] {processor.py:829} INFO - Processing file /home/amina/miniconda/lib/python3.11/site-packages/airflow/example_dags/example_sensors.py for tasks to queue
[2023-12-16T12:39:52.306+0500] {logging_mixin.py:154} INFO - [2023-12-16T12:39:52.306+0500] {dagbag.py:536} INFO - Filling up the DagBag from /home/amina/miniconda/lib/python3.11/site-packages/airflow/example_dags/example_sensors.py
[2023-12-16T12:39:52.315+0500] {processor.py:839} INFO - DAG(s) dict_keys(['example_sensors']) retrieved from /home/amina/miniconda/lib/python3.11/site-packages/airflow/example_dags/example_sensors.py
[2023-12-16T12:39:52.332+0500] {logging_mixin.py:154} INFO - [2023-12-16T12:39:52.332+0500] {dag.py:2941} INFO - Sync 1 DAGs
[2023-12-16T12:39:52.341+0500] {logging_mixin.py:154} INFO - [2023-12-16T12:39:52.341+0500] {dag.py:3722} INFO - Setting next_dagrun for example_sensors to None, run_after=None
[2023-12-16T12:39:52.459+0500] {processor.py:179} INFO - Processing /home/amina/miniconda/lib/python3.11/site-packages/airflow/example_dags/example_sensors.py took 0.192 seconds
[2023-12-16T12:40:44.820+0500] {processor.py:157} INFO - Started process (PID=36994) to work on /home/amina/miniconda/lib/python3.11/site-packages/airflow/example_dags/example_sensors.py
[2023-12-16T12:40:44.857+0500] {processor.py:829} INFO - Processing file /home/amina/miniconda/lib/python3.11/site-packages/airflow/example_dags/example_sensors.py for tasks to queue
[2023-12-16T12:40:44.858+0500] {logging_mixin.py:154} INFO - [2023-12-16T12:40:44.858+0500] {dagbag.py:536} INFO - Filling up the DagBag from /home/amina/miniconda/lib/python3.11/site-packages/airflow/example_dags/example_sensors.py
[2023-12-16T12:40:44.867+0500] {processor.py:839} INFO - DAG(s) dict_keys(['example_sensors']) retrieved from /home/amina/miniconda/lib/python3.11/site-packages/airflow/example_dags/example_sensors.py
[2023-12-16T12:40:44.884+0500] {logging_mixin.py:154} INFO - [2023-12-16T12:40:44.884+0500] {dag.py:2941} INFO - Sync 1 DAGs
[2023-12-16T12:40:44.894+0500] {logging_mixin.py:154} INFO - [2023-12-16T12:40:44.894+0500] {dag.py:3722} INFO - Setting next_dagrun for example_sensors to None, run_after=None
[2023-12-16T12:40:45.013+0500] {processor.py:179} INFO - Processing /home/amina/miniconda/lib/python3.11/site-packages/airflow/example_dags/example_sensors.py took 0.196 seconds
[2023-12-16T12:41:39.581+0500] {processor.py:157} INFO - Started process (PID=37076) to work on /home/amina/miniconda/lib/python3.11/site-packages/airflow/example_dags/example_sensors.py
[2023-12-16T12:41:39.626+0500] {processor.py:829} INFO - Processing file /home/amina/miniconda/lib/python3.11/site-packages/airflow/example_dags/example_sensors.py for tasks to queue
[2023-12-16T12:41:39.626+0500] {logging_mixin.py:154} INFO - [2023-12-16T12:41:39.626+0500] {dagbag.py:536} INFO - Filling up the DagBag from /home/amina/miniconda/lib/python3.11/site-packages/airflow/example_dags/example_sensors.py
[2023-12-16T12:41:39.635+0500] {processor.py:839} INFO - DAG(s) dict_keys(['example_sensors']) retrieved from /home/amina/miniconda/lib/python3.11/site-packages/airflow/example_dags/example_sensors.py
[2023-12-16T12:41:39.652+0500] {logging_mixin.py:154} INFO - [2023-12-16T12:41:39.652+0500] {dag.py:2941} INFO - Sync 1 DAGs
[2023-12-16T12:41:39.661+0500] {logging_mixin.py:154} INFO - [2023-12-16T12:41:39.661+0500] {dag.py:3722} INFO - Setting next_dagrun for example_sensors to None, run_after=None
[2023-12-16T12:41:39.761+0500] {processor.py:179} INFO - Processing /home/amina/miniconda/lib/python3.11/site-packages/airflow/example_dags/example_sensors.py took 0.183 seconds
