[2023-12-16T12:23:05.467+0500] {processor.py:157} INFO - Started process (PID=20717) to work on /home/amina/miniconda/lib/python3.11/site-packages/airflow/example_dags/example_latest_only_with_trigger.py
[2023-12-16T12:23:05.468+0500] {processor.py:829} INFO - Processing file /home/amina/miniconda/lib/python3.11/site-packages/airflow/example_dags/example_latest_only_with_trigger.py for tasks to queue
[2023-12-16T12:23:05.471+0500] {logging_mixin.py:154} INFO - [2023-12-16T12:23:05.470+0500] {dagbag.py:536} INFO - Filling up the DagBag from /home/amina/miniconda/lib/python3.11/site-packages/airflow/example_dags/example_latest_only_with_trigger.py
[2023-12-16T12:23:05.479+0500] {processor.py:839} INFO - DAG(s) dict_keys(['latest_only_with_trigger']) retrieved from /home/amina/miniconda/lib/python3.11/site-packages/airflow/example_dags/example_latest_only_with_trigger.py
[2023-12-16T12:23:05.499+0500] {logging_mixin.py:154} INFO - [2023-12-16T12:23:05.499+0500] {dag.py:2941} INFO - Sync 1 DAGs
[2023-12-16T12:23:05.524+0500] {logging_mixin.py:154} INFO - [2023-12-16T12:23:05.524+0500] {dag.py:3722} INFO - Setting next_dagrun for latest_only_with_trigger to 2023-12-16T03:23:05.524279+00:00, run_after=2023-12-16T07:23:05.524279+00:00
[2023-12-16T12:23:05.681+0500] {processor.py:179} INFO - Processing /home/amina/miniconda/lib/python3.11/site-packages/airflow/example_dags/example_latest_only_with_trigger.py took 0.219 seconds
[2023-12-16T12:24:02.270+0500] {processor.py:157} INFO - Started process (PID=21980) to work on /home/amina/miniconda/lib/python3.11/site-packages/airflow/example_dags/example_latest_only_with_trigger.py
[2023-12-16T12:24:02.292+0500] {processor.py:829} INFO - Processing file /home/amina/miniconda/lib/python3.11/site-packages/airflow/example_dags/example_latest_only_with_trigger.py for tasks to queue
[2023-12-16T12:24:02.292+0500] {logging_mixin.py:154} INFO - [2023-12-16T12:24:02.292+0500] {dagbag.py:536} INFO - Filling up the DagBag from /home/amina/miniconda/lib/python3.11/site-packages/airflow/example_dags/example_latest_only_with_trigger.py
[2023-12-16T12:24:02.298+0500] {processor.py:839} INFO - DAG(s) dict_keys(['latest_only_with_trigger']) retrieved from /home/amina/miniconda/lib/python3.11/site-packages/airflow/example_dags/example_latest_only_with_trigger.py
[2023-12-16T12:24:02.312+0500] {logging_mixin.py:154} INFO - [2023-12-16T12:24:02.312+0500] {dag.py:2941} INFO - Sync 1 DAGs
[2023-12-16T12:24:02.328+0500] {logging_mixin.py:154} INFO - [2023-12-16T12:24:02.327+0500] {dag.py:3722} INFO - Setting next_dagrun for latest_only_with_trigger to 2023-12-16T03:24:02.327712+00:00, run_after=2023-12-16T07:24:02.327712+00:00
[2023-12-16T12:24:02.509+0500] {processor.py:179} INFO - Processing /home/amina/miniconda/lib/python3.11/site-packages/airflow/example_dags/example_latest_only_with_trigger.py took 0.242 seconds
[2023-12-16T12:25:36.540+0500] {processor.py:157} INFO - Started process (PID=23929) to work on /home/amina/miniconda/lib/python3.11/site-packages/airflow/example_dags/example_latest_only_with_trigger.py
[2023-12-16T12:25:36.574+0500] {processor.py:829} INFO - Processing file /home/amina/miniconda/lib/python3.11/site-packages/airflow/example_dags/example_latest_only_with_trigger.py for tasks to queue
[2023-12-16T12:25:36.575+0500] {logging_mixin.py:154} INFO - [2023-12-16T12:25:36.575+0500] {dagbag.py:536} INFO - Filling up the DagBag from /home/amina/miniconda/lib/python3.11/site-packages/airflow/example_dags/example_latest_only_with_trigger.py
[2023-12-16T12:25:36.582+0500] {processor.py:839} INFO - DAG(s) dict_keys(['latest_only_with_trigger']) retrieved from /home/amina/miniconda/lib/python3.11/site-packages/airflow/example_dags/example_latest_only_with_trigger.py
[2023-12-16T12:25:36.599+0500] {logging_mixin.py:154} INFO - [2023-12-16T12:25:36.599+0500] {dag.py:2941} INFO - Sync 1 DAGs
[2023-12-16T12:25:36.617+0500] {logging_mixin.py:154} INFO - [2023-12-16T12:25:36.617+0500] {dag.py:3722} INFO - Setting next_dagrun for latest_only_with_trigger to 2023-12-16T03:25:36.617436+00:00, run_after=2023-12-16T07:25:36.617436+00:00
[2023-12-16T12:25:36.842+0500] {processor.py:179} INFO - Processing /home/amina/miniconda/lib/python3.11/site-packages/airflow/example_dags/example_latest_only_with_trigger.py took 0.305 seconds
[2023-12-16T12:26:50.408+0500] {processor.py:157} INFO - Started process (PID=25294) to work on /home/amina/miniconda/lib/python3.11/site-packages/airflow/example_dags/example_latest_only_with_trigger.py
[2023-12-16T12:26:50.472+0500] {processor.py:829} INFO - Processing file /home/amina/miniconda/lib/python3.11/site-packages/airflow/example_dags/example_latest_only_with_trigger.py for tasks to queue
[2023-12-16T12:26:50.473+0500] {logging_mixin.py:154} INFO - [2023-12-16T12:26:50.473+0500] {dagbag.py:536} INFO - Filling up the DagBag from /home/amina/miniconda/lib/python3.11/site-packages/airflow/example_dags/example_latest_only_with_trigger.py
[2023-12-16T12:26:50.482+0500] {processor.py:839} INFO - DAG(s) dict_keys(['latest_only_with_trigger']) retrieved from /home/amina/miniconda/lib/python3.11/site-packages/airflow/example_dags/example_latest_only_with_trigger.py
[2023-12-16T12:26:50.506+0500] {logging_mixin.py:154} INFO - [2023-12-16T12:26:50.505+0500] {dag.py:2941} INFO - Sync 1 DAGs
[2023-12-16T12:26:50.531+0500] {logging_mixin.py:154} INFO - [2023-12-16T12:26:50.531+0500] {dag.py:3722} INFO - Setting next_dagrun for latest_only_with_trigger to 2023-12-16T03:26:50.531100+00:00, run_after=2023-12-16T07:26:50.531100+00:00
[2023-12-16T12:26:51.660+0500] {processor.py:179} INFO - Processing /home/amina/miniconda/lib/python3.11/site-packages/airflow/example_dags/example_latest_only_with_trigger.py took 1.256 seconds
[2023-12-16T12:30:13.645+0500] {processor.py:157} INFO - Started process (PID=29303) to work on /home/amina/miniconda/lib/python3.11/site-packages/airflow/example_dags/example_latest_only_with_trigger.py
[2023-12-16T12:30:13.688+0500] {processor.py:829} INFO - Processing file /home/amina/miniconda/lib/python3.11/site-packages/airflow/example_dags/example_latest_only_with_trigger.py for tasks to queue
[2023-12-16T12:30:13.689+0500] {logging_mixin.py:154} INFO - [2023-12-16T12:30:13.689+0500] {dagbag.py:536} INFO - Filling up the DagBag from /home/amina/miniconda/lib/python3.11/site-packages/airflow/example_dags/example_latest_only_with_trigger.py
[2023-12-16T12:30:13.697+0500] {processor.py:839} INFO - DAG(s) dict_keys(['latest_only_with_trigger']) retrieved from /home/amina/miniconda/lib/python3.11/site-packages/airflow/example_dags/example_latest_only_with_trigger.py
[2023-12-16T12:30:13.712+0500] {logging_mixin.py:154} INFO - [2023-12-16T12:30:13.712+0500] {dag.py:2941} INFO - Sync 1 DAGs
[2023-12-16T12:30:13.726+0500] {logging_mixin.py:154} INFO - [2023-12-16T12:30:13.726+0500] {dag.py:3722} INFO - Setting next_dagrun for latest_only_with_trigger to 2023-12-16T03:30:13.726340+00:00, run_after=2023-12-16T07:30:13.726340+00:00
[2023-12-16T12:30:15.038+0500] {processor.py:179} INFO - Processing /home/amina/miniconda/lib/python3.11/site-packages/airflow/example_dags/example_latest_only_with_trigger.py took 1.395 seconds
[2023-12-16T12:31:18.726+0500] {processor.py:157} INFO - Started process (PID=30941) to work on /home/amina/miniconda/lib/python3.11/site-packages/airflow/example_dags/example_latest_only_with_trigger.py
[2023-12-16T12:31:18.763+0500] {processor.py:829} INFO - Processing file /home/amina/miniconda/lib/python3.11/site-packages/airflow/example_dags/example_latest_only_with_trigger.py for tasks to queue
[2023-12-16T12:31:18.764+0500] {logging_mixin.py:154} INFO - [2023-12-16T12:31:18.764+0500] {dagbag.py:536} INFO - Filling up the DagBag from /home/amina/miniconda/lib/python3.11/site-packages/airflow/example_dags/example_latest_only_with_trigger.py
[2023-12-16T12:31:18.770+0500] {processor.py:839} INFO - DAG(s) dict_keys(['latest_only_with_trigger']) retrieved from /home/amina/miniconda/lib/python3.11/site-packages/airflow/example_dags/example_latest_only_with_trigger.py
[2023-12-16T12:31:18.785+0500] {logging_mixin.py:154} INFO - [2023-12-16T12:31:18.785+0500] {dag.py:2941} INFO - Sync 1 DAGs
[2023-12-16T12:31:18.801+0500] {logging_mixin.py:154} INFO - [2023-12-16T12:31:18.801+0500] {dag.py:3722} INFO - Setting next_dagrun for latest_only_with_trigger to 2023-12-16T03:31:18.801375+00:00, run_after=2023-12-16T07:31:18.801375+00:00
[2023-12-16T12:31:19.024+0500] {processor.py:179} INFO - Processing /home/amina/miniconda/lib/python3.11/site-packages/airflow/example_dags/example_latest_only_with_trigger.py took 0.303 seconds
[2023-12-16T12:32:19.172+0500] {processor.py:157} INFO - Started process (PID=32539) to work on /home/amina/miniconda/lib/python3.11/site-packages/airflow/example_dags/example_latest_only_with_trigger.py
[2023-12-16T12:32:19.199+0500] {processor.py:829} INFO - Processing file /home/amina/miniconda/lib/python3.11/site-packages/airflow/example_dags/example_latest_only_with_trigger.py for tasks to queue
[2023-12-16T12:32:19.200+0500] {logging_mixin.py:154} INFO - [2023-12-16T12:32:19.199+0500] {dagbag.py:536} INFO - Filling up the DagBag from /home/amina/miniconda/lib/python3.11/site-packages/airflow/example_dags/example_latest_only_with_trigger.py
[2023-12-16T12:32:19.208+0500] {processor.py:839} INFO - DAG(s) dict_keys(['latest_only_with_trigger']) retrieved from /home/amina/miniconda/lib/python3.11/site-packages/airflow/example_dags/example_latest_only_with_trigger.py
[2023-12-16T12:32:19.226+0500] {logging_mixin.py:154} INFO - [2023-12-16T12:32:19.226+0500] {dag.py:2941} INFO - Sync 1 DAGs
[2023-12-16T12:32:19.243+0500] {logging_mixin.py:154} INFO - [2023-12-16T12:32:19.242+0500] {dag.py:3722} INFO - Setting next_dagrun for latest_only_with_trigger to 2023-12-16T03:32:19.242698+00:00, run_after=2023-12-16T07:32:19.242698+00:00
[2023-12-16T12:32:19.368+0500] {processor.py:179} INFO - Processing /home/amina/miniconda/lib/python3.11/site-packages/airflow/example_dags/example_latest_only_with_trigger.py took 0.199 seconds
[2023-12-16T12:33:20.525+0500] {processor.py:157} INFO - Started process (PID=33690) to work on /home/amina/miniconda/lib/python3.11/site-packages/airflow/example_dags/example_latest_only_with_trigger.py
[2023-12-16T12:33:20.540+0500] {processor.py:829} INFO - Processing file /home/amina/miniconda/lib/python3.11/site-packages/airflow/example_dags/example_latest_only_with_trigger.py for tasks to queue
[2023-12-16T12:33:20.541+0500] {logging_mixin.py:154} INFO - [2023-12-16T12:33:20.541+0500] {dagbag.py:536} INFO - Filling up the DagBag from /home/amina/miniconda/lib/python3.11/site-packages/airflow/example_dags/example_latest_only_with_trigger.py
[2023-12-16T12:33:20.547+0500] {processor.py:839} INFO - DAG(s) dict_keys(['latest_only_with_trigger']) retrieved from /home/amina/miniconda/lib/python3.11/site-packages/airflow/example_dags/example_latest_only_with_trigger.py
[2023-12-16T12:33:20.562+0500] {logging_mixin.py:154} INFO - [2023-12-16T12:33:20.562+0500] {dag.py:2941} INFO - Sync 1 DAGs
[2023-12-16T12:33:20.576+0500] {logging_mixin.py:154} INFO - [2023-12-16T12:33:20.576+0500] {dag.py:3722} INFO - Setting next_dagrun for latest_only_with_trigger to 2023-12-16T03:33:20.576520+00:00, run_after=2023-12-16T07:33:20.576520+00:00
[2023-12-16T12:33:20.786+0500] {processor.py:179} INFO - Processing /home/amina/miniconda/lib/python3.11/site-packages/airflow/example_dags/example_latest_only_with_trigger.py took 0.264 seconds
[2023-12-16T12:34:17.607+0500] {processor.py:157} INFO - Started process (PID=35450) to work on /home/amina/miniconda/lib/python3.11/site-packages/airflow/example_dags/example_latest_only_with_trigger.py
[2023-12-16T12:34:17.637+0500] {processor.py:829} INFO - Processing file /home/amina/miniconda/lib/python3.11/site-packages/airflow/example_dags/example_latest_only_with_trigger.py for tasks to queue
[2023-12-16T12:34:17.638+0500] {logging_mixin.py:154} INFO - [2023-12-16T12:34:17.638+0500] {dagbag.py:536} INFO - Filling up the DagBag from /home/amina/miniconda/lib/python3.11/site-packages/airflow/example_dags/example_latest_only_with_trigger.py
[2023-12-16T12:34:17.647+0500] {processor.py:839} INFO - DAG(s) dict_keys(['latest_only_with_trigger']) retrieved from /home/amina/miniconda/lib/python3.11/site-packages/airflow/example_dags/example_latest_only_with_trigger.py
[2023-12-16T12:34:17.667+0500] {logging_mixin.py:154} INFO - [2023-12-16T12:34:17.666+0500] {dag.py:2941} INFO - Sync 1 DAGs
[2023-12-16T12:34:17.684+0500] {logging_mixin.py:154} INFO - [2023-12-16T12:34:17.684+0500] {dag.py:3722} INFO - Setting next_dagrun for latest_only_with_trigger to 2023-12-16T03:34:17.683913+00:00, run_after=2023-12-16T07:34:17.683913+00:00
[2023-12-16T12:34:17.806+0500] {processor.py:179} INFO - Processing /home/amina/miniconda/lib/python3.11/site-packages/airflow/example_dags/example_latest_only_with_trigger.py took 0.202 seconds
[2023-12-16T12:35:12.845+0500] {processor.py:157} INFO - Started process (PID=36335) to work on /home/amina/miniconda/lib/python3.11/site-packages/airflow/example_dags/example_latest_only_with_trigger.py
[2023-12-16T12:35:12.873+0500] {processor.py:829} INFO - Processing file /home/amina/miniconda/lib/python3.11/site-packages/airflow/example_dags/example_latest_only_with_trigger.py for tasks to queue
[2023-12-16T12:35:12.874+0500] {logging_mixin.py:154} INFO - [2023-12-16T12:35:12.873+0500] {dagbag.py:536} INFO - Filling up the DagBag from /home/amina/miniconda/lib/python3.11/site-packages/airflow/example_dags/example_latest_only_with_trigger.py
[2023-12-16T12:35:12.879+0500] {processor.py:839} INFO - DAG(s) dict_keys(['latest_only_with_trigger']) retrieved from /home/amina/miniconda/lib/python3.11/site-packages/airflow/example_dags/example_latest_only_with_trigger.py
[2023-12-16T12:35:12.894+0500] {logging_mixin.py:154} INFO - [2023-12-16T12:35:12.894+0500] {dag.py:2941} INFO - Sync 1 DAGs
[2023-12-16T12:35:12.908+0500] {logging_mixin.py:154} INFO - [2023-12-16T12:35:12.908+0500] {dag.py:3722} INFO - Setting next_dagrun for latest_only_with_trigger to 2023-12-16T03:35:12.908125+00:00, run_after=2023-12-16T07:35:12.908125+00:00
[2023-12-16T12:35:13.039+0500] {processor.py:179} INFO - Processing /home/amina/miniconda/lib/python3.11/site-packages/airflow/example_dags/example_latest_only_with_trigger.py took 0.196 seconds
[2023-12-16T12:36:08.056+0500] {processor.py:157} INFO - Started process (PID=36397) to work on /home/amina/miniconda/lib/python3.11/site-packages/airflow/example_dags/example_latest_only_with_trigger.py
[2023-12-16T12:36:08.103+0500] {processor.py:829} INFO - Processing file /home/amina/miniconda/lib/python3.11/site-packages/airflow/example_dags/example_latest_only_with_trigger.py for tasks to queue
[2023-12-16T12:36:08.103+0500] {logging_mixin.py:154} INFO - [2023-12-16T12:36:08.103+0500] {dagbag.py:536} INFO - Filling up the DagBag from /home/amina/miniconda/lib/python3.11/site-packages/airflow/example_dags/example_latest_only_with_trigger.py
[2023-12-16T12:36:08.109+0500] {processor.py:839} INFO - DAG(s) dict_keys(['latest_only_with_trigger']) retrieved from /home/amina/miniconda/lib/python3.11/site-packages/airflow/example_dags/example_latest_only_with_trigger.py
[2023-12-16T12:36:08.123+0500] {logging_mixin.py:154} INFO - [2023-12-16T12:36:08.122+0500] {dag.py:2941} INFO - Sync 1 DAGs
[2023-12-16T12:36:08.137+0500] {logging_mixin.py:154} INFO - [2023-12-16T12:36:08.137+0500] {dag.py:3722} INFO - Setting next_dagrun for latest_only_with_trigger to 2023-12-16T03:36:08.137142+00:00, run_after=2023-12-16T07:36:08.137142+00:00
[2023-12-16T12:36:08.385+0500] {processor.py:179} INFO - Processing /home/amina/miniconda/lib/python3.11/site-packages/airflow/example_dags/example_latest_only_with_trigger.py took 0.332 seconds
[2023-12-16T12:37:04.868+0500] {processor.py:157} INFO - Started process (PID=36656) to work on /home/amina/miniconda/lib/python3.11/site-packages/airflow/example_dags/example_latest_only_with_trigger.py
[2023-12-16T12:37:04.888+0500] {processor.py:829} INFO - Processing file /home/amina/miniconda/lib/python3.11/site-packages/airflow/example_dags/example_latest_only_with_trigger.py for tasks to queue
[2023-12-16T12:37:04.889+0500] {logging_mixin.py:154} INFO - [2023-12-16T12:37:04.889+0500] {dagbag.py:536} INFO - Filling up the DagBag from /home/amina/miniconda/lib/python3.11/site-packages/airflow/example_dags/example_latest_only_with_trigger.py
[2023-12-16T12:37:04.895+0500] {processor.py:839} INFO - DAG(s) dict_keys(['latest_only_with_trigger']) retrieved from /home/amina/miniconda/lib/python3.11/site-packages/airflow/example_dags/example_latest_only_with_trigger.py
[2023-12-16T12:37:04.911+0500] {logging_mixin.py:154} INFO - [2023-12-16T12:37:04.911+0500] {dag.py:2941} INFO - Sync 1 DAGs
[2023-12-16T12:37:04.932+0500] {logging_mixin.py:154} INFO - [2023-12-16T12:37:04.931+0500] {dag.py:3722} INFO - Setting next_dagrun for latest_only_with_trigger to 2023-12-16T03:37:04.931408+00:00, run_after=2023-12-16T07:37:04.931408+00:00
[2023-12-16T12:37:05.398+0500] {processor.py:179} INFO - Processing /home/amina/miniconda/lib/python3.11/site-packages/airflow/example_dags/example_latest_only_with_trigger.py took 0.533 seconds
[2023-12-16T12:37:56.522+0500] {processor.py:157} INFO - Started process (PID=36745) to work on /home/amina/miniconda/lib/python3.11/site-packages/airflow/example_dags/example_latest_only_with_trigger.py
[2023-12-16T12:37:56.559+0500] {processor.py:829} INFO - Processing file /home/amina/miniconda/lib/python3.11/site-packages/airflow/example_dags/example_latest_only_with_trigger.py for tasks to queue
[2023-12-16T12:37:56.560+0500] {logging_mixin.py:154} INFO - [2023-12-16T12:37:56.560+0500] {dagbag.py:536} INFO - Filling up the DagBag from /home/amina/miniconda/lib/python3.11/site-packages/airflow/example_dags/example_latest_only_with_trigger.py
[2023-12-16T12:37:56.567+0500] {processor.py:839} INFO - DAG(s) dict_keys(['latest_only_with_trigger']) retrieved from /home/amina/miniconda/lib/python3.11/site-packages/airflow/example_dags/example_latest_only_with_trigger.py
[2023-12-16T12:37:56.585+0500] {logging_mixin.py:154} INFO - [2023-12-16T12:37:56.585+0500] {dag.py:2941} INFO - Sync 1 DAGs
[2023-12-16T12:37:56.603+0500] {logging_mixin.py:154} INFO - [2023-12-16T12:37:56.603+0500] {dag.py:3722} INFO - Setting next_dagrun for latest_only_with_trigger to 2023-12-16T03:37:56.602939+00:00, run_after=2023-12-16T07:37:56.602939+00:00
[2023-12-16T12:37:56.738+0500] {processor.py:179} INFO - Processing /home/amina/miniconda/lib/python3.11/site-packages/airflow/example_dags/example_latest_only_with_trigger.py took 0.220 seconds
[2023-12-16T12:38:48.597+0500] {processor.py:157} INFO - Started process (PID=36794) to work on /home/amina/miniconda/lib/python3.11/site-packages/airflow/example_dags/example_latest_only_with_trigger.py
[2023-12-16T12:38:48.644+0500] {processor.py:829} INFO - Processing file /home/amina/miniconda/lib/python3.11/site-packages/airflow/example_dags/example_latest_only_with_trigger.py for tasks to queue
[2023-12-16T12:38:48.645+0500] {logging_mixin.py:154} INFO - [2023-12-16T12:38:48.645+0500] {dagbag.py:536} INFO - Filling up the DagBag from /home/amina/miniconda/lib/python3.11/site-packages/airflow/example_dags/example_latest_only_with_trigger.py
[2023-12-16T12:38:48.650+0500] {processor.py:839} INFO - DAG(s) dict_keys(['latest_only_with_trigger']) retrieved from /home/amina/miniconda/lib/python3.11/site-packages/airflow/example_dags/example_latest_only_with_trigger.py
[2023-12-16T12:38:48.664+0500] {logging_mixin.py:154} INFO - [2023-12-16T12:38:48.664+0500] {dag.py:2941} INFO - Sync 1 DAGs
[2023-12-16T12:38:48.678+0500] {logging_mixin.py:154} INFO - [2023-12-16T12:38:48.678+0500] {dag.py:3722} INFO - Setting next_dagrun for latest_only_with_trigger to 2023-12-16T03:38:48.678377+00:00, run_after=2023-12-16T07:38:48.678377+00:00
[2023-12-16T12:38:48.785+0500] {processor.py:179} INFO - Processing /home/amina/miniconda/lib/python3.11/site-packages/airflow/example_dags/example_latest_only_with_trigger.py took 0.191 seconds
[2023-12-16T12:39:38.941+0500] {processor.py:157} INFO - Started process (PID=36843) to work on /home/amina/miniconda/lib/python3.11/site-packages/airflow/example_dags/example_latest_only_with_trigger.py
[2023-12-16T12:39:38.962+0500] {processor.py:829} INFO - Processing file /home/amina/miniconda/lib/python3.11/site-packages/airflow/example_dags/example_latest_only_with_trigger.py for tasks to queue
[2023-12-16T12:39:38.963+0500] {logging_mixin.py:154} INFO - [2023-12-16T12:39:38.963+0500] {dagbag.py:536} INFO - Filling up the DagBag from /home/amina/miniconda/lib/python3.11/site-packages/airflow/example_dags/example_latest_only_with_trigger.py
[2023-12-16T12:39:38.969+0500] {processor.py:839} INFO - DAG(s) dict_keys(['latest_only_with_trigger']) retrieved from /home/amina/miniconda/lib/python3.11/site-packages/airflow/example_dags/example_latest_only_with_trigger.py
[2023-12-16T12:39:38.983+0500] {logging_mixin.py:154} INFO - [2023-12-16T12:39:38.983+0500] {dag.py:2941} INFO - Sync 1 DAGs
[2023-12-16T12:39:38.998+0500] {logging_mixin.py:154} INFO - [2023-12-16T12:39:38.998+0500] {dag.py:3722} INFO - Setting next_dagrun for latest_only_with_trigger to 2023-12-16T03:39:38.998186+00:00, run_after=2023-12-16T07:39:38.998186+00:00
[2023-12-16T12:39:39.103+0500] {processor.py:179} INFO - Processing /home/amina/miniconda/lib/python3.11/site-packages/airflow/example_dags/example_latest_only_with_trigger.py took 0.165 seconds
[2023-12-16T12:40:29.363+0500] {processor.py:157} INFO - Started process (PID=36952) to work on /home/amina/miniconda/lib/python3.11/site-packages/airflow/example_dags/example_latest_only_with_trigger.py
[2023-12-16T12:40:29.384+0500] {processor.py:829} INFO - Processing file /home/amina/miniconda/lib/python3.11/site-packages/airflow/example_dags/example_latest_only_with_trigger.py for tasks to queue
[2023-12-16T12:40:29.385+0500] {logging_mixin.py:154} INFO - [2023-12-16T12:40:29.385+0500] {dagbag.py:536} INFO - Filling up the DagBag from /home/amina/miniconda/lib/python3.11/site-packages/airflow/example_dags/example_latest_only_with_trigger.py
[2023-12-16T12:40:29.393+0500] {processor.py:839} INFO - DAG(s) dict_keys(['latest_only_with_trigger']) retrieved from /home/amina/miniconda/lib/python3.11/site-packages/airflow/example_dags/example_latest_only_with_trigger.py
[2023-12-16T12:40:29.407+0500] {logging_mixin.py:154} INFO - [2023-12-16T12:40:29.407+0500] {dag.py:2941} INFO - Sync 1 DAGs
[2023-12-16T12:40:29.426+0500] {logging_mixin.py:154} INFO - [2023-12-16T12:40:29.426+0500] {dag.py:3722} INFO - Setting next_dagrun for latest_only_with_trigger to 2023-12-16T03:40:29.425925+00:00, run_after=2023-12-16T07:40:29.425925+00:00
[2023-12-16T12:40:29.552+0500] {processor.py:179} INFO - Processing /home/amina/miniconda/lib/python3.11/site-packages/airflow/example_dags/example_latest_only_with_trigger.py took 0.192 seconds
[2023-12-16T12:41:20.425+0500] {processor.py:157} INFO - Started process (PID=37053) to work on /home/amina/miniconda/lib/python3.11/site-packages/airflow/example_dags/example_latest_only_with_trigger.py
[2023-12-16T12:41:20.448+0500] {processor.py:829} INFO - Processing file /home/amina/miniconda/lib/python3.11/site-packages/airflow/example_dags/example_latest_only_with_trigger.py for tasks to queue
[2023-12-16T12:41:20.449+0500] {logging_mixin.py:154} INFO - [2023-12-16T12:41:20.449+0500] {dagbag.py:536} INFO - Filling up the DagBag from /home/amina/miniconda/lib/python3.11/site-packages/airflow/example_dags/example_latest_only_with_trigger.py
[2023-12-16T12:41:20.454+0500] {processor.py:839} INFO - DAG(s) dict_keys(['latest_only_with_trigger']) retrieved from /home/amina/miniconda/lib/python3.11/site-packages/airflow/example_dags/example_latest_only_with_trigger.py
[2023-12-16T12:41:20.468+0500] {logging_mixin.py:154} INFO - [2023-12-16T12:41:20.468+0500] {dag.py:2941} INFO - Sync 1 DAGs
[2023-12-16T12:41:20.482+0500] {logging_mixin.py:154} INFO - [2023-12-16T12:41:20.482+0500] {dag.py:3722} INFO - Setting next_dagrun for latest_only_with_trigger to 2023-12-16T03:41:20.482465+00:00, run_after=2023-12-16T07:41:20.482465+00:00
[2023-12-16T12:41:20.612+0500] {processor.py:179} INFO - Processing /home/amina/miniconda/lib/python3.11/site-packages/airflow/example_dags/example_latest_only_with_trigger.py took 0.189 seconds
