[2023-12-16T12:23:15.807+0500] {processor.py:157} INFO - Started process (PID=20894) to work on /home/amina/miniconda/lib/python3.11/site-packages/airflow/example_dags/example_datasets.py
[2023-12-16T12:23:15.808+0500] {processor.py:829} INFO - Processing file /home/amina/miniconda/lib/python3.11/site-packages/airflow/example_dags/example_datasets.py for tasks to queue
[2023-12-16T12:23:15.809+0500] {logging_mixin.py:154} INFO - [2023-12-16T12:23:15.808+0500] {dagbag.py:536} INFO - Filling up the DagBag from /home/amina/miniconda/lib/python3.11/site-packages/airflow/example_dags/example_datasets.py
[2023-12-16T12:23:15.818+0500] {processor.py:839} INFO - DAG(s) dict_keys(['dataset_produces_1', 'dataset_consumes_1_never_scheduled', 'dataset_produces_2', 'dataset_consumes_1_and_2', 'dataset_consumes_1', 'dataset_consumes_unknown_never_scheduled']) retrieved from /home/amina/miniconda/lib/python3.11/site-packages/airflow/example_dags/example_datasets.py
[2023-12-16T12:23:15.848+0500] {logging_mixin.py:154} INFO - [2023-12-16T12:23:15.848+0500] {dag.py:2941} INFO - Sync 6 DAGs
[2023-12-16T12:23:15.865+0500] {logging_mixin.py:154} INFO - [2023-12-16T12:23:15.865+0500] {dag.py:3722} INFO - Setting next_dagrun for dataset_consumes_1 to None, run_after=None
[2023-12-16T12:23:15.868+0500] {logging_mixin.py:154} INFO - [2023-12-16T12:23:15.867+0500] {dag.py:3722} INFO - Setting next_dagrun for dataset_consumes_1_and_2 to None, run_after=None
[2023-12-16T12:23:15.869+0500] {logging_mixin.py:154} INFO - [2023-12-16T12:23:15.868+0500] {dag.py:3722} INFO - Setting next_dagrun for dataset_consumes_1_never_scheduled to None, run_after=None
[2023-12-16T12:23:15.870+0500] {logging_mixin.py:154} INFO - [2023-12-16T12:23:15.869+0500] {dag.py:3722} INFO - Setting next_dagrun for dataset_consumes_unknown_never_scheduled to None, run_after=None
[2023-12-16T12:23:15.873+0500] {logging_mixin.py:154} INFO - [2023-12-16T12:23:15.873+0500] {dag.py:3722} INFO - Setting next_dagrun for dataset_produces_1 to 2023-12-15T00:00:00+00:00, run_after=2023-12-16T00:00:00+00:00
[2023-12-16T12:23:15.874+0500] {logging_mixin.py:154} INFO - [2023-12-16T12:23:15.874+0500] {dag.py:3722} INFO - Setting next_dagrun for dataset_produces_2 to None, run_after=None
[2023-12-16T12:23:16.025+0500] {processor.py:179} INFO - Processing /home/amina/miniconda/lib/python3.11/site-packages/airflow/example_dags/example_datasets.py took 0.221 seconds
[2023-12-16T12:24:12.873+0500] {processor.py:157} INFO - Started process (PID=22345) to work on /home/amina/miniconda/lib/python3.11/site-packages/airflow/example_dags/example_datasets.py
[2023-12-16T12:24:12.920+0500] {processor.py:829} INFO - Processing file /home/amina/miniconda/lib/python3.11/site-packages/airflow/example_dags/example_datasets.py for tasks to queue
[2023-12-16T12:24:12.921+0500] {logging_mixin.py:154} INFO - [2023-12-16T12:24:12.920+0500] {dagbag.py:536} INFO - Filling up the DagBag from /home/amina/miniconda/lib/python3.11/site-packages/airflow/example_dags/example_datasets.py
[2023-12-16T12:24:12.938+0500] {processor.py:839} INFO - DAG(s) dict_keys(['dataset_produces_1', 'dataset_consumes_unknown_never_scheduled', 'dataset_produces_2', 'dataset_consumes_1', 'dataset_consumes_1_and_2', 'dataset_consumes_1_never_scheduled']) retrieved from /home/amina/miniconda/lib/python3.11/site-packages/airflow/example_dags/example_datasets.py
[2023-12-16T12:24:12.987+0500] {logging_mixin.py:154} INFO - [2023-12-16T12:24:12.987+0500] {dag.py:2941} INFO - Sync 6 DAGs
[2023-12-16T12:24:13.016+0500] {logging_mixin.py:154} INFO - [2023-12-16T12:24:13.016+0500] {dag.py:3722} INFO - Setting next_dagrun for dataset_consumes_1 to None, run_after=None
[2023-12-16T12:24:13.020+0500] {logging_mixin.py:154} INFO - [2023-12-16T12:24:13.020+0500] {dag.py:3722} INFO - Setting next_dagrun for dataset_consumes_1_and_2 to None, run_after=None
[2023-12-16T12:24:13.022+0500] {logging_mixin.py:154} INFO - [2023-12-16T12:24:13.021+0500] {dag.py:3722} INFO - Setting next_dagrun for dataset_consumes_1_never_scheduled to None, run_after=None
[2023-12-16T12:24:13.023+0500] {logging_mixin.py:154} INFO - [2023-12-16T12:24:13.023+0500] {dag.py:3722} INFO - Setting next_dagrun for dataset_consumes_unknown_never_scheduled to None, run_after=None
[2023-12-16T12:24:13.027+0500] {logging_mixin.py:154} INFO - [2023-12-16T12:24:13.027+0500] {dag.py:3722} INFO - Setting next_dagrun for dataset_produces_1 to 2023-12-15T00:00:00+00:00, run_after=2023-12-16T00:00:00+00:00
[2023-12-16T12:24:13.028+0500] {logging_mixin.py:154} INFO - [2023-12-16T12:24:13.028+0500] {dag.py:3722} INFO - Setting next_dagrun for dataset_produces_2 to None, run_after=None
[2023-12-16T12:24:13.445+0500] {processor.py:179} INFO - Processing /home/amina/miniconda/lib/python3.11/site-packages/airflow/example_dags/example_datasets.py took 0.575 seconds
[2023-12-16T12:25:46.510+0500] {processor.py:157} INFO - Started process (PID=24074) to work on /home/amina/miniconda/lib/python3.11/site-packages/airflow/example_dags/example_datasets.py
[2023-12-16T12:25:46.536+0500] {processor.py:829} INFO - Processing file /home/amina/miniconda/lib/python3.11/site-packages/airflow/example_dags/example_datasets.py for tasks to queue
[2023-12-16T12:25:46.536+0500] {logging_mixin.py:154} INFO - [2023-12-16T12:25:46.536+0500] {dagbag.py:536} INFO - Filling up the DagBag from /home/amina/miniconda/lib/python3.11/site-packages/airflow/example_dags/example_datasets.py
[2023-12-16T12:25:46.546+0500] {processor.py:839} INFO - DAG(s) dict_keys(['dataset_produces_2', 'dataset_consumes_1_and_2', 'dataset_consumes_1', 'dataset_consumes_unknown_never_scheduled', 'dataset_consumes_1_never_scheduled', 'dataset_produces_1']) retrieved from /home/amina/miniconda/lib/python3.11/site-packages/airflow/example_dags/example_datasets.py
[2023-12-16T12:25:46.572+0500] {logging_mixin.py:154} INFO - [2023-12-16T12:25:46.572+0500] {dag.py:2941} INFO - Sync 6 DAGs
[2023-12-16T12:25:46.589+0500] {logging_mixin.py:154} INFO - [2023-12-16T12:25:46.589+0500] {dag.py:3722} INFO - Setting next_dagrun for dataset_consumes_1 to None, run_after=None
[2023-12-16T12:25:46.592+0500] {logging_mixin.py:154} INFO - [2023-12-16T12:25:46.592+0500] {dag.py:3722} INFO - Setting next_dagrun for dataset_consumes_1_and_2 to None, run_after=None
[2023-12-16T12:25:46.593+0500] {logging_mixin.py:154} INFO - [2023-12-16T12:25:46.593+0500] {dag.py:3722} INFO - Setting next_dagrun for dataset_consumes_1_never_scheduled to None, run_after=None
[2023-12-16T12:25:46.593+0500] {logging_mixin.py:154} INFO - [2023-12-16T12:25:46.593+0500] {dag.py:3722} INFO - Setting next_dagrun for dataset_consumes_unknown_never_scheduled to None, run_after=None
[2023-12-16T12:25:46.597+0500] {logging_mixin.py:154} INFO - [2023-12-16T12:25:46.596+0500] {dag.py:3722} INFO - Setting next_dagrun for dataset_produces_1 to 2023-12-15T00:00:00+00:00, run_after=2023-12-16T00:00:00+00:00
[2023-12-16T12:25:46.597+0500] {logging_mixin.py:154} INFO - [2023-12-16T12:25:46.597+0500] {dag.py:3722} INFO - Setting next_dagrun for dataset_produces_2 to None, run_after=None
[2023-12-16T12:25:46.868+0500] {processor.py:179} INFO - Processing /home/amina/miniconda/lib/python3.11/site-packages/airflow/example_dags/example_datasets.py took 0.361 seconds
[2023-12-16T12:27:01.985+0500] {processor.py:157} INFO - Started process (PID=25443) to work on /home/amina/miniconda/lib/python3.11/site-packages/airflow/example_dags/example_datasets.py
[2023-12-16T12:27:02.024+0500] {processor.py:829} INFO - Processing file /home/amina/miniconda/lib/python3.11/site-packages/airflow/example_dags/example_datasets.py for tasks to queue
[2023-12-16T12:27:02.025+0500] {logging_mixin.py:154} INFO - [2023-12-16T12:27:02.025+0500] {dagbag.py:536} INFO - Filling up the DagBag from /home/amina/miniconda/lib/python3.11/site-packages/airflow/example_dags/example_datasets.py
[2023-12-16T12:27:02.035+0500] {processor.py:839} INFO - DAG(s) dict_keys(['dataset_produces_1', 'dataset_produces_2', 'dataset_consumes_unknown_never_scheduled', 'dataset_consumes_1_and_2', 'dataset_consumes_1', 'dataset_consumes_1_never_scheduled']) retrieved from /home/amina/miniconda/lib/python3.11/site-packages/airflow/example_dags/example_datasets.py
[2023-12-16T12:27:02.063+0500] {logging_mixin.py:154} INFO - [2023-12-16T12:27:02.063+0500] {dag.py:2941} INFO - Sync 6 DAGs
[2023-12-16T12:27:02.082+0500] {logging_mixin.py:154} INFO - [2023-12-16T12:27:02.082+0500] {dag.py:3722} INFO - Setting next_dagrun for dataset_consumes_1 to None, run_after=None
[2023-12-16T12:27:02.086+0500] {logging_mixin.py:154} INFO - [2023-12-16T12:27:02.085+0500] {dag.py:3722} INFO - Setting next_dagrun for dataset_consumes_1_and_2 to None, run_after=None
[2023-12-16T12:27:02.087+0500] {logging_mixin.py:154} INFO - [2023-12-16T12:27:02.087+0500] {dag.py:3722} INFO - Setting next_dagrun for dataset_consumes_1_never_scheduled to None, run_after=None
[2023-12-16T12:27:02.088+0500] {logging_mixin.py:154} INFO - [2023-12-16T12:27:02.088+0500] {dag.py:3722} INFO - Setting next_dagrun for dataset_consumes_unknown_never_scheduled to None, run_after=None
[2023-12-16T12:27:02.091+0500] {logging_mixin.py:154} INFO - [2023-12-16T12:27:02.091+0500] {dag.py:3722} INFO - Setting next_dagrun for dataset_produces_1 to 2023-12-15T00:00:00+00:00, run_after=2023-12-16T00:00:00+00:00
[2023-12-16T12:27:02.092+0500] {logging_mixin.py:154} INFO - [2023-12-16T12:27:02.092+0500] {dag.py:3722} INFO - Setting next_dagrun for dataset_produces_2 to None, run_after=None
[2023-12-16T12:27:03.193+0500] {processor.py:179} INFO - Processing /home/amina/miniconda/lib/python3.11/site-packages/airflow/example_dags/example_datasets.py took 1.211 seconds
[2023-12-16T12:30:25.967+0500] {processor.py:157} INFO - Started process (PID=29509) to work on /home/amina/miniconda/lib/python3.11/site-packages/airflow/example_dags/example_datasets.py
[2023-12-16T12:30:26.006+0500] {processor.py:829} INFO - Processing file /home/amina/miniconda/lib/python3.11/site-packages/airflow/example_dags/example_datasets.py for tasks to queue
[2023-12-16T12:30:26.007+0500] {logging_mixin.py:154} INFO - [2023-12-16T12:30:26.006+0500] {dagbag.py:536} INFO - Filling up the DagBag from /home/amina/miniconda/lib/python3.11/site-packages/airflow/example_dags/example_datasets.py
[2023-12-16T12:30:26.020+0500] {processor.py:839} INFO - DAG(s) dict_keys(['dataset_produces_2', 'dataset_consumes_1_never_scheduled', 'dataset_consumes_unknown_never_scheduled', 'dataset_consumes_1', 'dataset_produces_1', 'dataset_consumes_1_and_2']) retrieved from /home/amina/miniconda/lib/python3.11/site-packages/airflow/example_dags/example_datasets.py
[2023-12-16T12:30:26.058+0500] {logging_mixin.py:154} INFO - [2023-12-16T12:30:26.057+0500] {dag.py:2941} INFO - Sync 6 DAGs
[2023-12-16T12:30:26.076+0500] {logging_mixin.py:154} INFO - [2023-12-16T12:30:26.075+0500] {dag.py:3722} INFO - Setting next_dagrun for dataset_consumes_1 to None, run_after=None
[2023-12-16T12:30:26.078+0500] {logging_mixin.py:154} INFO - [2023-12-16T12:30:26.078+0500] {dag.py:3722} INFO - Setting next_dagrun for dataset_consumes_1_and_2 to None, run_after=None
[2023-12-16T12:30:26.080+0500] {logging_mixin.py:154} INFO - [2023-12-16T12:30:26.079+0500] {dag.py:3722} INFO - Setting next_dagrun for dataset_consumes_1_never_scheduled to None, run_after=None
[2023-12-16T12:30:26.081+0500] {logging_mixin.py:154} INFO - [2023-12-16T12:30:26.081+0500] {dag.py:3722} INFO - Setting next_dagrun for dataset_consumes_unknown_never_scheduled to None, run_after=None
[2023-12-16T12:30:26.084+0500] {logging_mixin.py:154} INFO - [2023-12-16T12:30:26.084+0500] {dag.py:3722} INFO - Setting next_dagrun for dataset_produces_1 to 2023-12-15T00:00:00+00:00, run_after=2023-12-16T00:00:00+00:00
[2023-12-16T12:30:26.085+0500] {logging_mixin.py:154} INFO - [2023-12-16T12:30:26.085+0500] {dag.py:3722} INFO - Setting next_dagrun for dataset_produces_2 to None, run_after=None
[2023-12-16T12:30:26.294+0500] {processor.py:179} INFO - Processing /home/amina/miniconda/lib/python3.11/site-packages/airflow/example_dags/example_datasets.py took 0.330 seconds
[2023-12-16T12:31:28.608+0500] {processor.py:157} INFO - Started process (PID=31311) to work on /home/amina/miniconda/lib/python3.11/site-packages/airflow/example_dags/example_datasets.py
[2023-12-16T12:31:28.610+0500] {processor.py:829} INFO - Processing file /home/amina/miniconda/lib/python3.11/site-packages/airflow/example_dags/example_datasets.py for tasks to queue
[2023-12-16T12:31:28.611+0500] {logging_mixin.py:154} INFO - [2023-12-16T12:31:28.610+0500] {dagbag.py:536} INFO - Filling up the DagBag from /home/amina/miniconda/lib/python3.11/site-packages/airflow/example_dags/example_datasets.py
[2023-12-16T12:31:28.624+0500] {processor.py:839} INFO - DAG(s) dict_keys(['dataset_consumes_1_never_scheduled', 'dataset_produces_1', 'dataset_consumes_1', 'dataset_produces_2', 'dataset_consumes_unknown_never_scheduled', 'dataset_consumes_1_and_2']) retrieved from /home/amina/miniconda/lib/python3.11/site-packages/airflow/example_dags/example_datasets.py
[2023-12-16T12:31:28.659+0500] {logging_mixin.py:154} INFO - [2023-12-16T12:31:28.659+0500] {dag.py:2941} INFO - Sync 6 DAGs
[2023-12-16T12:31:28.676+0500] {logging_mixin.py:154} INFO - [2023-12-16T12:31:28.676+0500] {dag.py:3722} INFO - Setting next_dagrun for dataset_consumes_1 to None, run_after=None
[2023-12-16T12:31:28.679+0500] {logging_mixin.py:154} INFO - [2023-12-16T12:31:28.679+0500] {dag.py:3722} INFO - Setting next_dagrun for dataset_consumes_1_and_2 to None, run_after=None
[2023-12-16T12:31:28.680+0500] {logging_mixin.py:154} INFO - [2023-12-16T12:31:28.680+0500] {dag.py:3722} INFO - Setting next_dagrun for dataset_consumes_1_never_scheduled to None, run_after=None
[2023-12-16T12:31:28.681+0500] {logging_mixin.py:154} INFO - [2023-12-16T12:31:28.681+0500] {dag.py:3722} INFO - Setting next_dagrun for dataset_consumes_unknown_never_scheduled to None, run_after=None
[2023-12-16T12:31:28.684+0500] {logging_mixin.py:154} INFO - [2023-12-16T12:31:28.684+0500] {dag.py:3722} INFO - Setting next_dagrun for dataset_produces_1 to 2023-12-15T00:00:00+00:00, run_after=2023-12-16T00:00:00+00:00
[2023-12-16T12:31:28.685+0500] {logging_mixin.py:154} INFO - [2023-12-16T12:31:28.685+0500] {dag.py:3722} INFO - Setting next_dagrun for dataset_produces_2 to None, run_after=None
[2023-12-16T12:31:28.950+0500] {processor.py:179} INFO - Processing /home/amina/miniconda/lib/python3.11/site-packages/airflow/example_dags/example_datasets.py took 0.346 seconds
[2023-12-16T12:32:29.659+0500] {processor.py:157} INFO - Started process (PID=32745) to work on /home/amina/miniconda/lib/python3.11/site-packages/airflow/example_dags/example_datasets.py
[2023-12-16T12:32:29.689+0500] {processor.py:829} INFO - Processing file /home/amina/miniconda/lib/python3.11/site-packages/airflow/example_dags/example_datasets.py for tasks to queue
[2023-12-16T12:32:29.690+0500] {logging_mixin.py:154} INFO - [2023-12-16T12:32:29.690+0500] {dagbag.py:536} INFO - Filling up the DagBag from /home/amina/miniconda/lib/python3.11/site-packages/airflow/example_dags/example_datasets.py
[2023-12-16T12:32:29.705+0500] {processor.py:839} INFO - DAG(s) dict_keys(['dataset_produces_1', 'dataset_consumes_unknown_never_scheduled', 'dataset_consumes_1', 'dataset_consumes_1_and_2', 'dataset_consumes_1_never_scheduled', 'dataset_produces_2']) retrieved from /home/amina/miniconda/lib/python3.11/site-packages/airflow/example_dags/example_datasets.py
[2023-12-16T12:32:29.744+0500] {logging_mixin.py:154} INFO - [2023-12-16T12:32:29.744+0500] {dag.py:2941} INFO - Sync 6 DAGs
[2023-12-16T12:32:29.764+0500] {logging_mixin.py:154} INFO - [2023-12-16T12:32:29.763+0500] {dag.py:3722} INFO - Setting next_dagrun for dataset_consumes_1 to None, run_after=None
[2023-12-16T12:32:29.768+0500] {logging_mixin.py:154} INFO - [2023-12-16T12:32:29.767+0500] {dag.py:3722} INFO - Setting next_dagrun for dataset_consumes_1_and_2 to None, run_after=None
[2023-12-16T12:32:29.769+0500] {logging_mixin.py:154} INFO - [2023-12-16T12:32:29.769+0500] {dag.py:3722} INFO - Setting next_dagrun for dataset_consumes_1_never_scheduled to None, run_after=None
[2023-12-16T12:32:29.770+0500] {logging_mixin.py:154} INFO - [2023-12-16T12:32:29.769+0500] {dag.py:3722} INFO - Setting next_dagrun for dataset_consumes_unknown_never_scheduled to None, run_after=None
[2023-12-16T12:32:29.773+0500] {logging_mixin.py:154} INFO - [2023-12-16T12:32:29.773+0500] {dag.py:3722} INFO - Setting next_dagrun for dataset_produces_1 to 2023-12-15T00:00:00+00:00, run_after=2023-12-16T00:00:00+00:00
[2023-12-16T12:32:29.774+0500] {logging_mixin.py:154} INFO - [2023-12-16T12:32:29.774+0500] {dag.py:3722} INFO - Setting next_dagrun for dataset_produces_2 to None, run_after=None
[2023-12-16T12:32:29.904+0500] {processor.py:179} INFO - Processing /home/amina/miniconda/lib/python3.11/site-packages/airflow/example_dags/example_datasets.py took 0.248 seconds
[2023-12-16T12:33:30.634+0500] {processor.py:157} INFO - Started process (PID=33868) to work on /home/amina/miniconda/lib/python3.11/site-packages/airflow/example_dags/example_datasets.py
[2023-12-16T12:33:30.648+0500] {processor.py:829} INFO - Processing file /home/amina/miniconda/lib/python3.11/site-packages/airflow/example_dags/example_datasets.py for tasks to queue
[2023-12-16T12:33:30.649+0500] {logging_mixin.py:154} INFO - [2023-12-16T12:33:30.649+0500] {dagbag.py:536} INFO - Filling up the DagBag from /home/amina/miniconda/lib/python3.11/site-packages/airflow/example_dags/example_datasets.py
[2023-12-16T12:33:30.661+0500] {processor.py:839} INFO - DAG(s) dict_keys(['dataset_produces_1', 'dataset_consumes_1', 'dataset_consumes_1_never_scheduled', 'dataset_produces_2', 'dataset_consumes_unknown_never_scheduled', 'dataset_consumes_1_and_2']) retrieved from /home/amina/miniconda/lib/python3.11/site-packages/airflow/example_dags/example_datasets.py
[2023-12-16T12:33:30.691+0500] {logging_mixin.py:154} INFO - [2023-12-16T12:33:30.691+0500] {dag.py:2941} INFO - Sync 6 DAGs
[2023-12-16T12:33:30.710+0500] {logging_mixin.py:154} INFO - [2023-12-16T12:33:30.710+0500] {dag.py:3722} INFO - Setting next_dagrun for dataset_consumes_1 to None, run_after=None
[2023-12-16T12:33:30.713+0500] {logging_mixin.py:154} INFO - [2023-12-16T12:33:30.713+0500] {dag.py:3722} INFO - Setting next_dagrun for dataset_consumes_1_and_2 to None, run_after=None
[2023-12-16T12:33:30.715+0500] {logging_mixin.py:154} INFO - [2023-12-16T12:33:30.715+0500] {dag.py:3722} INFO - Setting next_dagrun for dataset_consumes_1_never_scheduled to None, run_after=None
[2023-12-16T12:33:30.716+0500] {logging_mixin.py:154} INFO - [2023-12-16T12:33:30.716+0500] {dag.py:3722} INFO - Setting next_dagrun for dataset_consumes_unknown_never_scheduled to None, run_after=None
[2023-12-16T12:33:30.719+0500] {logging_mixin.py:154} INFO - [2023-12-16T12:33:30.719+0500] {dag.py:3722} INFO - Setting next_dagrun for dataset_produces_1 to 2023-12-15T00:00:00+00:00, run_after=2023-12-16T00:00:00+00:00
[2023-12-16T12:33:30.721+0500] {logging_mixin.py:154} INFO - [2023-12-16T12:33:30.720+0500] {dag.py:3722} INFO - Setting next_dagrun for dataset_produces_2 to None, run_after=None
[2023-12-16T12:33:30.859+0500] {processor.py:179} INFO - Processing /home/amina/miniconda/lib/python3.11/site-packages/airflow/example_dags/example_datasets.py took 0.228 seconds
[2023-12-16T12:34:27.020+0500] {processor.py:157} INFO - Started process (PID=35619) to work on /home/amina/miniconda/lib/python3.11/site-packages/airflow/example_dags/example_datasets.py
[2023-12-16T12:34:27.021+0500] {processor.py:829} INFO - Processing file /home/amina/miniconda/lib/python3.11/site-packages/airflow/example_dags/example_datasets.py for tasks to queue
[2023-12-16T12:34:27.021+0500] {logging_mixin.py:154} INFO - [2023-12-16T12:34:27.021+0500] {dagbag.py:536} INFO - Filling up the DagBag from /home/amina/miniconda/lib/python3.11/site-packages/airflow/example_dags/example_datasets.py
[2023-12-16T12:34:27.032+0500] {processor.py:839} INFO - DAG(s) dict_keys(['dataset_consumes_1_and_2', 'dataset_consumes_1_never_scheduled', 'dataset_consumes_unknown_never_scheduled', 'dataset_produces_1', 'dataset_produces_2', 'dataset_consumes_1']) retrieved from /home/amina/miniconda/lib/python3.11/site-packages/airflow/example_dags/example_datasets.py
[2023-12-16T12:34:27.061+0500] {logging_mixin.py:154} INFO - [2023-12-16T12:34:27.061+0500] {dag.py:2941} INFO - Sync 6 DAGs
[2023-12-16T12:34:27.078+0500] {logging_mixin.py:154} INFO - [2023-12-16T12:34:27.078+0500] {dag.py:3722} INFO - Setting next_dagrun for dataset_consumes_1 to None, run_after=None
[2023-12-16T12:34:27.081+0500] {logging_mixin.py:154} INFO - [2023-12-16T12:34:27.081+0500] {dag.py:3722} INFO - Setting next_dagrun for dataset_consumes_1_and_2 to None, run_after=None
[2023-12-16T12:34:27.082+0500] {logging_mixin.py:154} INFO - [2023-12-16T12:34:27.082+0500] {dag.py:3722} INFO - Setting next_dagrun for dataset_consumes_1_never_scheduled to None, run_after=None
[2023-12-16T12:34:27.083+0500] {logging_mixin.py:154} INFO - [2023-12-16T12:34:27.083+0500] {dag.py:3722} INFO - Setting next_dagrun for dataset_consumes_unknown_never_scheduled to None, run_after=None
[2023-12-16T12:34:27.086+0500] {logging_mixin.py:154} INFO - [2023-12-16T12:34:27.086+0500] {dag.py:3722} INFO - Setting next_dagrun for dataset_produces_1 to 2023-12-15T00:00:00+00:00, run_after=2023-12-16T00:00:00+00:00
[2023-12-16T12:34:27.087+0500] {logging_mixin.py:154} INFO - [2023-12-16T12:34:27.087+0500] {dag.py:3722} INFO - Setting next_dagrun for dataset_produces_2 to None, run_after=None
[2023-12-16T12:34:27.228+0500] {processor.py:179} INFO - Processing /home/amina/miniconda/lib/python3.11/site-packages/airflow/example_dags/example_datasets.py took 0.212 seconds
[2023-12-16T12:35:21.701+0500] {processor.py:157} INFO - Started process (PID=36343) to work on /home/amina/miniconda/lib/python3.11/site-packages/airflow/example_dags/example_datasets.py
[2023-12-16T12:35:21.726+0500] {processor.py:829} INFO - Processing file /home/amina/miniconda/lib/python3.11/site-packages/airflow/example_dags/example_datasets.py for tasks to queue
[2023-12-16T12:35:21.726+0500] {logging_mixin.py:154} INFO - [2023-12-16T12:35:21.726+0500] {dagbag.py:536} INFO - Filling up the DagBag from /home/amina/miniconda/lib/python3.11/site-packages/airflow/example_dags/example_datasets.py
[2023-12-16T12:35:21.735+0500] {processor.py:839} INFO - DAG(s) dict_keys(['dataset_consumes_1_never_scheduled', 'dataset_produces_2', 'dataset_produces_1', 'dataset_consumes_1_and_2', 'dataset_consumes_unknown_never_scheduled', 'dataset_consumes_1']) retrieved from /home/amina/miniconda/lib/python3.11/site-packages/airflow/example_dags/example_datasets.py
[2023-12-16T12:35:21.759+0500] {logging_mixin.py:154} INFO - [2023-12-16T12:35:21.759+0500] {dag.py:2941} INFO - Sync 6 DAGs
[2023-12-16T12:35:21.774+0500] {logging_mixin.py:154} INFO - [2023-12-16T12:35:21.774+0500] {dag.py:3722} INFO - Setting next_dagrun for dataset_consumes_1 to None, run_after=None
[2023-12-16T12:35:21.777+0500] {logging_mixin.py:154} INFO - [2023-12-16T12:35:21.777+0500] {dag.py:3722} INFO - Setting next_dagrun for dataset_consumes_1_and_2 to None, run_after=None
[2023-12-16T12:35:21.778+0500] {logging_mixin.py:154} INFO - [2023-12-16T12:35:21.778+0500] {dag.py:3722} INFO - Setting next_dagrun for dataset_consumes_1_never_scheduled to None, run_after=None
[2023-12-16T12:35:21.779+0500] {logging_mixin.py:154} INFO - [2023-12-16T12:35:21.778+0500] {dag.py:3722} INFO - Setting next_dagrun for dataset_consumes_unknown_never_scheduled to None, run_after=None
[2023-12-16T12:35:21.781+0500] {logging_mixin.py:154} INFO - [2023-12-16T12:35:21.781+0500] {dag.py:3722} INFO - Setting next_dagrun for dataset_produces_1 to 2023-12-15T00:00:00+00:00, run_after=2023-12-16T00:00:00+00:00
[2023-12-16T12:35:21.782+0500] {logging_mixin.py:154} INFO - [2023-12-16T12:35:21.782+0500] {dag.py:3722} INFO - Setting next_dagrun for dataset_produces_2 to None, run_after=None
[2023-12-16T12:35:21.916+0500] {processor.py:179} INFO - Processing /home/amina/miniconda/lib/python3.11/site-packages/airflow/example_dags/example_datasets.py took 0.218 seconds
[2023-12-16T12:36:16.931+0500] {processor.py:157} INFO - Started process (PID=36405) to work on /home/amina/miniconda/lib/python3.11/site-packages/airflow/example_dags/example_datasets.py
[2023-12-16T12:36:16.953+0500] {processor.py:829} INFO - Processing file /home/amina/miniconda/lib/python3.11/site-packages/airflow/example_dags/example_datasets.py for tasks to queue
[2023-12-16T12:36:16.954+0500] {logging_mixin.py:154} INFO - [2023-12-16T12:36:16.954+0500] {dagbag.py:536} INFO - Filling up the DagBag from /home/amina/miniconda/lib/python3.11/site-packages/airflow/example_dags/example_datasets.py
[2023-12-16T12:36:16.963+0500] {processor.py:839} INFO - DAG(s) dict_keys(['dataset_consumes_1_never_scheduled', 'dataset_produces_2', 'dataset_produces_1', 'dataset_consumes_unknown_never_scheduled', 'dataset_consumes_1_and_2', 'dataset_consumes_1']) retrieved from /home/amina/miniconda/lib/python3.11/site-packages/airflow/example_dags/example_datasets.py
[2023-12-16T12:36:16.990+0500] {logging_mixin.py:154} INFO - [2023-12-16T12:36:16.989+0500] {dag.py:2941} INFO - Sync 6 DAGs
[2023-12-16T12:36:17.005+0500] {logging_mixin.py:154} INFO - [2023-12-16T12:36:17.005+0500] {dag.py:3722} INFO - Setting next_dagrun for dataset_consumes_1 to None, run_after=None
[2023-12-16T12:36:17.007+0500] {logging_mixin.py:154} INFO - [2023-12-16T12:36:17.007+0500] {dag.py:3722} INFO - Setting next_dagrun for dataset_consumes_1_and_2 to None, run_after=None
[2023-12-16T12:36:17.008+0500] {logging_mixin.py:154} INFO - [2023-12-16T12:36:17.008+0500] {dag.py:3722} INFO - Setting next_dagrun for dataset_consumes_1_never_scheduled to None, run_after=None
[2023-12-16T12:36:17.009+0500] {logging_mixin.py:154} INFO - [2023-12-16T12:36:17.009+0500] {dag.py:3722} INFO - Setting next_dagrun for dataset_consumes_unknown_never_scheduled to None, run_after=None
[2023-12-16T12:36:17.012+0500] {logging_mixin.py:154} INFO - [2023-12-16T12:36:17.012+0500] {dag.py:3722} INFO - Setting next_dagrun for dataset_produces_1 to 2023-12-15T00:00:00+00:00, run_after=2023-12-16T00:00:00+00:00
[2023-12-16T12:36:17.013+0500] {logging_mixin.py:154} INFO - [2023-12-16T12:36:17.013+0500] {dag.py:3722} INFO - Setting next_dagrun for dataset_produces_2 to None, run_after=None
[2023-12-16T12:36:17.195+0500] {processor.py:179} INFO - Processing /home/amina/miniconda/lib/python3.11/site-packages/airflow/example_dags/example_datasets.py took 0.267 seconds
[2023-12-16T12:37:13.561+0500] {processor.py:157} INFO - Started process (PID=36706) to work on /home/amina/miniconda/lib/python3.11/site-packages/airflow/example_dags/example_datasets.py
[2023-12-16T12:37:13.610+0500] {processor.py:829} INFO - Processing file /home/amina/miniconda/lib/python3.11/site-packages/airflow/example_dags/example_datasets.py for tasks to queue
[2023-12-16T12:37:13.611+0500] {logging_mixin.py:154} INFO - [2023-12-16T12:37:13.610+0500] {dagbag.py:536} INFO - Filling up the DagBag from /home/amina/miniconda/lib/python3.11/site-packages/airflow/example_dags/example_datasets.py
[2023-12-16T12:37:13.619+0500] {processor.py:839} INFO - DAG(s) dict_keys(['dataset_produces_2', 'dataset_consumes_1', 'dataset_consumes_unknown_never_scheduled', 'dataset_consumes_1_and_2', 'dataset_consumes_1_never_scheduled', 'dataset_produces_1']) retrieved from /home/amina/miniconda/lib/python3.11/site-packages/airflow/example_dags/example_datasets.py
[2023-12-16T12:37:13.643+0500] {logging_mixin.py:154} INFO - [2023-12-16T12:37:13.642+0500] {dag.py:2941} INFO - Sync 6 DAGs
[2023-12-16T12:37:13.658+0500] {logging_mixin.py:154} INFO - [2023-12-16T12:37:13.657+0500] {dag.py:3722} INFO - Setting next_dagrun for dataset_consumes_1 to None, run_after=None
[2023-12-16T12:37:13.660+0500] {logging_mixin.py:154} INFO - [2023-12-16T12:37:13.660+0500] {dag.py:3722} INFO - Setting next_dagrun for dataset_consumes_1_and_2 to None, run_after=None
[2023-12-16T12:37:13.661+0500] {logging_mixin.py:154} INFO - [2023-12-16T12:37:13.661+0500] {dag.py:3722} INFO - Setting next_dagrun for dataset_consumes_1_never_scheduled to None, run_after=None
[2023-12-16T12:37:13.662+0500] {logging_mixin.py:154} INFO - [2023-12-16T12:37:13.662+0500] {dag.py:3722} INFO - Setting next_dagrun for dataset_consumes_unknown_never_scheduled to None, run_after=None
[2023-12-16T12:37:13.664+0500] {logging_mixin.py:154} INFO - [2023-12-16T12:37:13.664+0500] {dag.py:3722} INFO - Setting next_dagrun for dataset_produces_1 to 2023-12-15T00:00:00+00:00, run_after=2023-12-16T00:00:00+00:00
[2023-12-16T12:37:13.665+0500] {logging_mixin.py:154} INFO - [2023-12-16T12:37:13.665+0500] {dag.py:3722} INFO - Setting next_dagrun for dataset_produces_2 to None, run_after=None
[2023-12-16T12:37:13.781+0500] {processor.py:179} INFO - Processing /home/amina/miniconda/lib/python3.11/site-packages/airflow/example_dags/example_datasets.py took 0.223 seconds
[2023-12-16T12:38:05.954+0500] {processor.py:157} INFO - Started process (PID=36754) to work on /home/amina/miniconda/lib/python3.11/site-packages/airflow/example_dags/example_datasets.py
[2023-12-16T12:38:05.979+0500] {processor.py:829} INFO - Processing file /home/amina/miniconda/lib/python3.11/site-packages/airflow/example_dags/example_datasets.py for tasks to queue
[2023-12-16T12:38:05.980+0500] {logging_mixin.py:154} INFO - [2023-12-16T12:38:05.980+0500] {dagbag.py:536} INFO - Filling up the DagBag from /home/amina/miniconda/lib/python3.11/site-packages/airflow/example_dags/example_datasets.py
[2023-12-16T12:38:05.989+0500] {processor.py:839} INFO - DAG(s) dict_keys(['dataset_produces_2', 'dataset_consumes_1_and_2', 'dataset_consumes_1', 'dataset_produces_1', 'dataset_consumes_1_never_scheduled', 'dataset_consumes_unknown_never_scheduled']) retrieved from /home/amina/miniconda/lib/python3.11/site-packages/airflow/example_dags/example_datasets.py
[2023-12-16T12:38:06.012+0500] {logging_mixin.py:154} INFO - [2023-12-16T12:38:06.012+0500] {dag.py:2941} INFO - Sync 6 DAGs
[2023-12-16T12:38:06.028+0500] {logging_mixin.py:154} INFO - [2023-12-16T12:38:06.028+0500] {dag.py:3722} INFO - Setting next_dagrun for dataset_consumes_1 to None, run_after=None
[2023-12-16T12:38:06.030+0500] {logging_mixin.py:154} INFO - [2023-12-16T12:38:06.030+0500] {dag.py:3722} INFO - Setting next_dagrun for dataset_consumes_1_and_2 to None, run_after=None
[2023-12-16T12:38:06.031+0500] {logging_mixin.py:154} INFO - [2023-12-16T12:38:06.031+0500] {dag.py:3722} INFO - Setting next_dagrun for dataset_consumes_1_never_scheduled to None, run_after=None
[2023-12-16T12:38:06.032+0500] {logging_mixin.py:154} INFO - [2023-12-16T12:38:06.032+0500] {dag.py:3722} INFO - Setting next_dagrun for dataset_consumes_unknown_never_scheduled to None, run_after=None
[2023-12-16T12:38:06.034+0500] {logging_mixin.py:154} INFO - [2023-12-16T12:38:06.034+0500] {dag.py:3722} INFO - Setting next_dagrun for dataset_produces_1 to 2023-12-15T00:00:00+00:00, run_after=2023-12-16T00:00:00+00:00
[2023-12-16T12:38:06.035+0500] {logging_mixin.py:154} INFO - [2023-12-16T12:38:06.035+0500] {dag.py:3722} INFO - Setting next_dagrun for dataset_produces_2 to None, run_after=None
[2023-12-16T12:38:06.266+0500] {processor.py:179} INFO - Processing /home/amina/miniconda/lib/python3.11/site-packages/airflow/example_dags/example_datasets.py took 0.315 seconds
[2023-12-16T12:38:58.013+0500] {processor.py:157} INFO - Started process (PID=36802) to work on /home/amina/miniconda/lib/python3.11/site-packages/airflow/example_dags/example_datasets.py
[2023-12-16T12:38:58.042+0500] {processor.py:829} INFO - Processing file /home/amina/miniconda/lib/python3.11/site-packages/airflow/example_dags/example_datasets.py for tasks to queue
[2023-12-16T12:38:58.043+0500] {logging_mixin.py:154} INFO - [2023-12-16T12:38:58.043+0500] {dagbag.py:536} INFO - Filling up the DagBag from /home/amina/miniconda/lib/python3.11/site-packages/airflow/example_dags/example_datasets.py
[2023-12-16T12:38:58.052+0500] {processor.py:839} INFO - DAG(s) dict_keys(['dataset_consumes_1_never_scheduled', 'dataset_produces_2', 'dataset_consumes_1', 'dataset_consumes_1_and_2', 'dataset_produces_1', 'dataset_consumes_unknown_never_scheduled']) retrieved from /home/amina/miniconda/lib/python3.11/site-packages/airflow/example_dags/example_datasets.py
[2023-12-16T12:38:58.075+0500] {logging_mixin.py:154} INFO - [2023-12-16T12:38:58.075+0500] {dag.py:2941} INFO - Sync 6 DAGs
[2023-12-16T12:38:58.090+0500] {logging_mixin.py:154} INFO - [2023-12-16T12:38:58.090+0500] {dag.py:3722} INFO - Setting next_dagrun for dataset_consumes_1 to None, run_after=None
[2023-12-16T12:38:58.093+0500] {logging_mixin.py:154} INFO - [2023-12-16T12:38:58.093+0500] {dag.py:3722} INFO - Setting next_dagrun for dataset_consumes_1_and_2 to None, run_after=None
[2023-12-16T12:38:58.094+0500] {logging_mixin.py:154} INFO - [2023-12-16T12:38:58.094+0500] {dag.py:3722} INFO - Setting next_dagrun for dataset_consumes_1_never_scheduled to None, run_after=None
[2023-12-16T12:38:58.094+0500] {logging_mixin.py:154} INFO - [2023-12-16T12:38:58.094+0500] {dag.py:3722} INFO - Setting next_dagrun for dataset_consumes_unknown_never_scheduled to None, run_after=None
[2023-12-16T12:38:58.097+0500] {logging_mixin.py:154} INFO - [2023-12-16T12:38:58.097+0500] {dag.py:3722} INFO - Setting next_dagrun for dataset_produces_1 to 2023-12-15T00:00:00+00:00, run_after=2023-12-16T00:00:00+00:00
[2023-12-16T12:38:58.098+0500] {logging_mixin.py:154} INFO - [2023-12-16T12:38:58.098+0500] {dag.py:3722} INFO - Setting next_dagrun for dataset_produces_2 to None, run_after=None
[2023-12-16T12:38:58.240+0500] {processor.py:179} INFO - Processing /home/amina/miniconda/lib/python3.11/site-packages/airflow/example_dags/example_datasets.py took 0.230 seconds
[2023-12-16T12:40:12.099+0500] {processor.py:157} INFO - Started process (PID=36909) to work on /home/amina/miniconda/lib/python3.11/site-packages/airflow/example_dags/example_datasets.py
[2023-12-16T12:40:12.140+0500] {processor.py:829} INFO - Processing file /home/amina/miniconda/lib/python3.11/site-packages/airflow/example_dags/example_datasets.py for tasks to queue
[2023-12-16T12:40:12.141+0500] {logging_mixin.py:154} INFO - [2023-12-16T12:40:12.141+0500] {dagbag.py:536} INFO - Filling up the DagBag from /home/amina/miniconda/lib/python3.11/site-packages/airflow/example_dags/example_datasets.py
[2023-12-16T12:40:12.150+0500] {processor.py:839} INFO - DAG(s) dict_keys(['dataset_consumes_1_and_2', 'dataset_consumes_1', 'dataset_consumes_1_never_scheduled', 'dataset_consumes_unknown_never_scheduled', 'dataset_produces_1', 'dataset_produces_2']) retrieved from /home/amina/miniconda/lib/python3.11/site-packages/airflow/example_dags/example_datasets.py
[2023-12-16T12:40:12.176+0500] {logging_mixin.py:154} INFO - [2023-12-16T12:40:12.176+0500] {dag.py:2941} INFO - Sync 6 DAGs
[2023-12-16T12:40:12.198+0500] {logging_mixin.py:154} INFO - [2023-12-16T12:40:12.198+0500] {dag.py:3722} INFO - Setting next_dagrun for dataset_consumes_1 to None, run_after=None
[2023-12-16T12:40:12.201+0500] {logging_mixin.py:154} INFO - [2023-12-16T12:40:12.201+0500] {dag.py:3722} INFO - Setting next_dagrun for dataset_consumes_1_and_2 to None, run_after=None
[2023-12-16T12:40:12.202+0500] {logging_mixin.py:154} INFO - [2023-12-16T12:40:12.202+0500] {dag.py:3722} INFO - Setting next_dagrun for dataset_consumes_1_never_scheduled to None, run_after=None
[2023-12-16T12:40:12.203+0500] {logging_mixin.py:154} INFO - [2023-12-16T12:40:12.203+0500] {dag.py:3722} INFO - Setting next_dagrun for dataset_consumes_unknown_never_scheduled to None, run_after=None
[2023-12-16T12:40:12.206+0500] {logging_mixin.py:154} INFO - [2023-12-16T12:40:12.206+0500] {dag.py:3722} INFO - Setting next_dagrun for dataset_produces_1 to 2023-12-15T00:00:00+00:00, run_after=2023-12-16T00:00:00+00:00
[2023-12-16T12:40:12.207+0500] {logging_mixin.py:154} INFO - [2023-12-16T12:40:12.206+0500] {dag.py:3722} INFO - Setting next_dagrun for dataset_produces_2 to None, run_after=None
[2023-12-16T12:40:12.332+0500] {processor.py:179} INFO - Processing /home/amina/miniconda/lib/python3.11/site-packages/airflow/example_dags/example_datasets.py took 0.236 seconds
[2023-12-16T12:41:28.018+0500] {processor.py:157} INFO - Started process (PID=37065) to work on /home/amina/miniconda/lib/python3.11/site-packages/airflow/example_dags/example_datasets.py
[2023-12-16T12:41:28.030+0500] {processor.py:829} INFO - Processing file /home/amina/miniconda/lib/python3.11/site-packages/airflow/example_dags/example_datasets.py for tasks to queue
[2023-12-16T12:41:28.031+0500] {logging_mixin.py:154} INFO - [2023-12-16T12:41:28.030+0500] {dagbag.py:536} INFO - Filling up the DagBag from /home/amina/miniconda/lib/python3.11/site-packages/airflow/example_dags/example_datasets.py
[2023-12-16T12:41:28.042+0500] {processor.py:839} INFO - DAG(s) dict_keys(['dataset_consumes_1_never_scheduled', 'dataset_produces_1', 'dataset_consumes_1', 'dataset_consumes_1_and_2', 'dataset_consumes_unknown_never_scheduled', 'dataset_produces_2']) retrieved from /home/amina/miniconda/lib/python3.11/site-packages/airflow/example_dags/example_datasets.py
[2023-12-16T12:41:28.074+0500] {logging_mixin.py:154} INFO - [2023-12-16T12:41:28.074+0500] {dag.py:2941} INFO - Sync 6 DAGs
[2023-12-16T12:41:28.090+0500] {logging_mixin.py:154} INFO - [2023-12-16T12:41:28.090+0500] {dag.py:3722} INFO - Setting next_dagrun for dataset_consumes_1 to None, run_after=None
[2023-12-16T12:41:28.094+0500] {logging_mixin.py:154} INFO - [2023-12-16T12:41:28.094+0500] {dag.py:3722} INFO - Setting next_dagrun for dataset_consumes_1_and_2 to None, run_after=None
[2023-12-16T12:41:28.095+0500] {logging_mixin.py:154} INFO - [2023-12-16T12:41:28.095+0500] {dag.py:3722} INFO - Setting next_dagrun for dataset_consumes_1_never_scheduled to None, run_after=None
[2023-12-16T12:41:28.096+0500] {logging_mixin.py:154} INFO - [2023-12-16T12:41:28.096+0500] {dag.py:3722} INFO - Setting next_dagrun for dataset_consumes_unknown_never_scheduled to None, run_after=None
[2023-12-16T12:41:28.099+0500] {logging_mixin.py:154} INFO - [2023-12-16T12:41:28.098+0500] {dag.py:3722} INFO - Setting next_dagrun for dataset_produces_1 to 2023-12-15T00:00:00+00:00, run_after=2023-12-16T00:00:00+00:00
[2023-12-16T12:41:28.099+0500] {logging_mixin.py:154} INFO - [2023-12-16T12:41:28.099+0500] {dag.py:3722} INFO - Setting next_dagrun for dataset_produces_2 to None, run_after=None
[2023-12-16T12:41:28.251+0500] {processor.py:179} INFO - Processing /home/amina/miniconda/lib/python3.11/site-packages/airflow/example_dags/example_datasets.py took 0.237 seconds
