[2023-12-16T12:23:10.827+0500] {processor.py:157} INFO - Started process (PID=20831) to work on /home/amina/miniconda/lib/python3.11/site-packages/airflow/example_dags/example_branch_day_of_week_operator.py
[2023-12-16T12:23:10.828+0500] {processor.py:829} INFO - Processing file /home/amina/miniconda/lib/python3.11/site-packages/airflow/example_dags/example_branch_day_of_week_operator.py for tasks to queue
[2023-12-16T12:23:10.830+0500] {logging_mixin.py:154} INFO - [2023-12-16T12:23:10.829+0500] {dagbag.py:536} INFO - Filling up the DagBag from /home/amina/miniconda/lib/python3.11/site-packages/airflow/example_dags/example_branch_day_of_week_operator.py
[2023-12-16T12:23:10.843+0500] {processor.py:839} INFO - DAG(s) dict_keys(['example_weekday_branch_operator']) retrieved from /home/amina/miniconda/lib/python3.11/site-packages/airflow/example_dags/example_branch_day_of_week_operator.py
[2023-12-16T12:23:10.876+0500] {logging_mixin.py:154} INFO - [2023-12-16T12:23:10.876+0500] {dag.py:2941} INFO - Sync 1 DAGs
[2023-12-16T12:23:10.908+0500] {logging_mixin.py:154} INFO - [2023-12-16T12:23:10.908+0500] {dag.py:3722} INFO - Setting next_dagrun for example_weekday_branch_operator to 2023-12-15T00:00:00+00:00, run_after=2023-12-16T00:00:00+00:00
[2023-12-16T12:23:11.036+0500] {processor.py:179} INFO - Processing /home/amina/miniconda/lib/python3.11/site-packages/airflow/example_dags/example_branch_day_of_week_operator.py took 0.215 seconds
[2023-12-16T12:24:07.129+0500] {processor.py:157} INFO - Started process (PID=22072) to work on /home/amina/miniconda/lib/python3.11/site-packages/airflow/example_dags/example_branch_day_of_week_operator.py
[2023-12-16T12:24:07.155+0500] {processor.py:829} INFO - Processing file /home/amina/miniconda/lib/python3.11/site-packages/airflow/example_dags/example_branch_day_of_week_operator.py for tasks to queue
[2023-12-16T12:24:07.156+0500] {logging_mixin.py:154} INFO - [2023-12-16T12:24:07.156+0500] {dagbag.py:536} INFO - Filling up the DagBag from /home/amina/miniconda/lib/python3.11/site-packages/airflow/example_dags/example_branch_day_of_week_operator.py
[2023-12-16T12:24:07.164+0500] {processor.py:839} INFO - DAG(s) dict_keys(['example_weekday_branch_operator']) retrieved from /home/amina/miniconda/lib/python3.11/site-packages/airflow/example_dags/example_branch_day_of_week_operator.py
[2023-12-16T12:24:07.180+0500] {logging_mixin.py:154} INFO - [2023-12-16T12:24:07.180+0500] {dag.py:2941} INFO - Sync 1 DAGs
[2023-12-16T12:24:07.205+0500] {logging_mixin.py:154} INFO - [2023-12-16T12:24:07.205+0500] {dag.py:3722} INFO - Setting next_dagrun for example_weekday_branch_operator to 2023-12-15T00:00:00+00:00, run_after=2023-12-16T00:00:00+00:00
[2023-12-16T12:24:07.368+0500] {processor.py:179} INFO - Processing /home/amina/miniconda/lib/python3.11/site-packages/airflow/example_dags/example_branch_day_of_week_operator.py took 0.241 seconds
[2023-12-16T12:25:40.769+0500] {processor.py:157} INFO - Started process (PID=24021) to work on /home/amina/miniconda/lib/python3.11/site-packages/airflow/example_dags/example_branch_day_of_week_operator.py
[2023-12-16T12:25:40.824+0500] {processor.py:829} INFO - Processing file /home/amina/miniconda/lib/python3.11/site-packages/airflow/example_dags/example_branch_day_of_week_operator.py for tasks to queue
[2023-12-16T12:25:40.825+0500] {logging_mixin.py:154} INFO - [2023-12-16T12:25:40.824+0500] {dagbag.py:536} INFO - Filling up the DagBag from /home/amina/miniconda/lib/python3.11/site-packages/airflow/example_dags/example_branch_day_of_week_operator.py
[2023-12-16T12:25:40.832+0500] {processor.py:839} INFO - DAG(s) dict_keys(['example_weekday_branch_operator']) retrieved from /home/amina/miniconda/lib/python3.11/site-packages/airflow/example_dags/example_branch_day_of_week_operator.py
[2023-12-16T12:25:40.847+0500] {logging_mixin.py:154} INFO - [2023-12-16T12:25:40.847+0500] {dag.py:2941} INFO - Sync 1 DAGs
[2023-12-16T12:25:40.863+0500] {logging_mixin.py:154} INFO - [2023-12-16T12:25:40.863+0500] {dag.py:3722} INFO - Setting next_dagrun for example_weekday_branch_operator to 2023-12-15T00:00:00+00:00, run_after=2023-12-16T00:00:00+00:00
[2023-12-16T12:25:41.239+0500] {processor.py:179} INFO - Processing /home/amina/miniconda/lib/python3.11/site-packages/airflow/example_dags/example_branch_day_of_week_operator.py took 0.473 seconds
[2023-12-16T12:26:56.484+0500] {processor.py:157} INFO - Started process (PID=25329) to work on /home/amina/miniconda/lib/python3.11/site-packages/airflow/example_dags/example_branch_day_of_week_operator.py
[2023-12-16T12:26:56.552+0500] {processor.py:829} INFO - Processing file /home/amina/miniconda/lib/python3.11/site-packages/airflow/example_dags/example_branch_day_of_week_operator.py for tasks to queue
[2023-12-16T12:26:56.553+0500] {logging_mixin.py:154} INFO - [2023-12-16T12:26:56.553+0500] {dagbag.py:536} INFO - Filling up the DagBag from /home/amina/miniconda/lib/python3.11/site-packages/airflow/example_dags/example_branch_day_of_week_operator.py
[2023-12-16T12:26:56.560+0500] {processor.py:839} INFO - DAG(s) dict_keys(['example_weekday_branch_operator']) retrieved from /home/amina/miniconda/lib/python3.11/site-packages/airflow/example_dags/example_branch_day_of_week_operator.py
[2023-12-16T12:26:56.574+0500] {logging_mixin.py:154} INFO - [2023-12-16T12:26:56.574+0500] {dag.py:2941} INFO - Sync 1 DAGs
[2023-12-16T12:26:56.591+0500] {logging_mixin.py:154} INFO - [2023-12-16T12:26:56.591+0500] {dag.py:3722} INFO - Setting next_dagrun for example_weekday_branch_operator to 2023-12-15T00:00:00+00:00, run_after=2023-12-16T00:00:00+00:00
[2023-12-16T12:26:57.091+0500] {processor.py:179} INFO - Processing /home/amina/miniconda/lib/python3.11/site-packages/airflow/example_dags/example_branch_day_of_week_operator.py took 0.610 seconds
[2023-12-16T12:30:20.128+0500] {processor.py:157} INFO - Started process (PID=29398) to work on /home/amina/miniconda/lib/python3.11/site-packages/airflow/example_dags/example_branch_day_of_week_operator.py
[2023-12-16T12:30:20.157+0500] {processor.py:829} INFO - Processing file /home/amina/miniconda/lib/python3.11/site-packages/airflow/example_dags/example_branch_day_of_week_operator.py for tasks to queue
[2023-12-16T12:30:20.158+0500] {logging_mixin.py:154} INFO - [2023-12-16T12:30:20.158+0500] {dagbag.py:536} INFO - Filling up the DagBag from /home/amina/miniconda/lib/python3.11/site-packages/airflow/example_dags/example_branch_day_of_week_operator.py
[2023-12-16T12:30:20.166+0500] {processor.py:839} INFO - DAG(s) dict_keys(['example_weekday_branch_operator']) retrieved from /home/amina/miniconda/lib/python3.11/site-packages/airflow/example_dags/example_branch_day_of_week_operator.py
[2023-12-16T12:30:20.182+0500] {logging_mixin.py:154} INFO - [2023-12-16T12:30:20.182+0500] {dag.py:2941} INFO - Sync 1 DAGs
[2023-12-16T12:30:20.201+0500] {logging_mixin.py:154} INFO - [2023-12-16T12:30:20.201+0500] {dag.py:3722} INFO - Setting next_dagrun for example_weekday_branch_operator to 2023-12-15T00:00:00+00:00, run_after=2023-12-16T00:00:00+00:00
[2023-12-16T12:30:20.442+0500] {processor.py:179} INFO - Processing /home/amina/miniconda/lib/python3.11/site-packages/airflow/example_dags/example_branch_day_of_week_operator.py took 0.316 seconds
[2023-12-16T12:31:23.504+0500] {processor.py:157} INFO - Started process (PID=31207) to work on /home/amina/miniconda/lib/python3.11/site-packages/airflow/example_dags/example_branch_day_of_week_operator.py
[2023-12-16T12:31:23.543+0500] {processor.py:829} INFO - Processing file /home/amina/miniconda/lib/python3.11/site-packages/airflow/example_dags/example_branch_day_of_week_operator.py for tasks to queue
[2023-12-16T12:31:23.544+0500] {logging_mixin.py:154} INFO - [2023-12-16T12:31:23.544+0500] {dagbag.py:536} INFO - Filling up the DagBag from /home/amina/miniconda/lib/python3.11/site-packages/airflow/example_dags/example_branch_day_of_week_operator.py
[2023-12-16T12:31:23.552+0500] {processor.py:839} INFO - DAG(s) dict_keys(['example_weekday_branch_operator']) retrieved from /home/amina/miniconda/lib/python3.11/site-packages/airflow/example_dags/example_branch_day_of_week_operator.py
[2023-12-16T12:31:23.566+0500] {logging_mixin.py:154} INFO - [2023-12-16T12:31:23.566+0500] {dag.py:2941} INFO - Sync 1 DAGs
[2023-12-16T12:31:23.583+0500] {logging_mixin.py:154} INFO - [2023-12-16T12:31:23.583+0500] {dag.py:3722} INFO - Setting next_dagrun for example_weekday_branch_operator to 2023-12-15T00:00:00+00:00, run_after=2023-12-16T00:00:00+00:00
[2023-12-16T12:31:23.800+0500] {processor.py:179} INFO - Processing /home/amina/miniconda/lib/python3.11/site-packages/airflow/example_dags/example_branch_day_of_week_operator.py took 0.299 seconds
[2023-12-16T12:32:24.541+0500] {processor.py:157} INFO - Started process (PID=32639) to work on /home/amina/miniconda/lib/python3.11/site-packages/airflow/example_dags/example_branch_day_of_week_operator.py
[2023-12-16T12:32:24.588+0500] {processor.py:829} INFO - Processing file /home/amina/miniconda/lib/python3.11/site-packages/airflow/example_dags/example_branch_day_of_week_operator.py for tasks to queue
[2023-12-16T12:32:24.589+0500] {logging_mixin.py:154} INFO - [2023-12-16T12:32:24.589+0500] {dagbag.py:536} INFO - Filling up the DagBag from /home/amina/miniconda/lib/python3.11/site-packages/airflow/example_dags/example_branch_day_of_week_operator.py
[2023-12-16T12:32:24.597+0500] {processor.py:839} INFO - DAG(s) dict_keys(['example_weekday_branch_operator']) retrieved from /home/amina/miniconda/lib/python3.11/site-packages/airflow/example_dags/example_branch_day_of_week_operator.py
[2023-12-16T12:32:24.613+0500] {logging_mixin.py:154} INFO - [2023-12-16T12:32:24.613+0500] {dag.py:2941} INFO - Sync 1 DAGs
[2023-12-16T12:32:24.632+0500] {logging_mixin.py:154} INFO - [2023-12-16T12:32:24.632+0500] {dag.py:3722} INFO - Setting next_dagrun for example_weekday_branch_operator to 2023-12-15T00:00:00+00:00, run_after=2023-12-16T00:00:00+00:00
[2023-12-16T12:32:24.776+0500] {processor.py:179} INFO - Processing /home/amina/miniconda/lib/python3.11/site-packages/airflow/example_dags/example_branch_day_of_week_operator.py took 0.238 seconds
[2023-12-16T12:33:25.087+0500] {processor.py:157} INFO - Started process (PID=33757) to work on /home/amina/miniconda/lib/python3.11/site-packages/airflow/example_dags/example_branch_day_of_week_operator.py
[2023-12-16T12:33:25.141+0500] {processor.py:829} INFO - Processing file /home/amina/miniconda/lib/python3.11/site-packages/airflow/example_dags/example_branch_day_of_week_operator.py for tasks to queue
[2023-12-16T12:33:25.142+0500] {logging_mixin.py:154} INFO - [2023-12-16T12:33:25.141+0500] {dagbag.py:536} INFO - Filling up the DagBag from /home/amina/miniconda/lib/python3.11/site-packages/airflow/example_dags/example_branch_day_of_week_operator.py
[2023-12-16T12:33:25.150+0500] {processor.py:839} INFO - DAG(s) dict_keys(['example_weekday_branch_operator']) retrieved from /home/amina/miniconda/lib/python3.11/site-packages/airflow/example_dags/example_branch_day_of_week_operator.py
[2023-12-16T12:33:25.169+0500] {logging_mixin.py:154} INFO - [2023-12-16T12:33:25.168+0500] {dag.py:2941} INFO - Sync 1 DAGs
[2023-12-16T12:33:25.187+0500] {logging_mixin.py:154} INFO - [2023-12-16T12:33:25.187+0500] {dag.py:3722} INFO - Setting next_dagrun for example_weekday_branch_operator to 2023-12-15T00:00:00+00:00, run_after=2023-12-16T00:00:00+00:00
[2023-12-16T12:33:25.322+0500] {processor.py:179} INFO - Processing /home/amina/miniconda/lib/python3.11/site-packages/airflow/example_dags/example_branch_day_of_week_operator.py took 0.237 seconds
[2023-12-16T12:34:23.019+0500] {processor.py:157} INFO - Started process (PID=35529) to work on /home/amina/miniconda/lib/python3.11/site-packages/airflow/example_dags/example_branch_day_of_week_operator.py
[2023-12-16T12:34:23.060+0500] {processor.py:829} INFO - Processing file /home/amina/miniconda/lib/python3.11/site-packages/airflow/example_dags/example_branch_day_of_week_operator.py for tasks to queue
[2023-12-16T12:34:23.061+0500] {logging_mixin.py:154} INFO - [2023-12-16T12:34:23.060+0500] {dagbag.py:536} INFO - Filling up the DagBag from /home/amina/miniconda/lib/python3.11/site-packages/airflow/example_dags/example_branch_day_of_week_operator.py
[2023-12-16T12:34:23.068+0500] {processor.py:839} INFO - DAG(s) dict_keys(['example_weekday_branch_operator']) retrieved from /home/amina/miniconda/lib/python3.11/site-packages/airflow/example_dags/example_branch_day_of_week_operator.py
[2023-12-16T12:34:23.083+0500] {logging_mixin.py:154} INFO - [2023-12-16T12:34:23.083+0500] {dag.py:2941} INFO - Sync 1 DAGs
[2023-12-16T12:34:23.101+0500] {logging_mixin.py:154} INFO - [2023-12-16T12:34:23.101+0500] {dag.py:3722} INFO - Setting next_dagrun for example_weekday_branch_operator to 2023-12-15T00:00:00+00:00, run_after=2023-12-16T00:00:00+00:00
[2023-12-16T12:34:23.203+0500] {processor.py:179} INFO - Processing /home/amina/miniconda/lib/python3.11/site-packages/airflow/example_dags/example_branch_day_of_week_operator.py took 0.187 seconds
[2023-12-16T12:35:17.038+0500] {processor.py:157} INFO - Started process (PID=36339) to work on /home/amina/miniconda/lib/python3.11/site-packages/airflow/example_dags/example_branch_day_of_week_operator.py
[2023-12-16T12:35:17.080+0500] {processor.py:829} INFO - Processing file /home/amina/miniconda/lib/python3.11/site-packages/airflow/example_dags/example_branch_day_of_week_operator.py for tasks to queue
[2023-12-16T12:35:17.081+0500] {logging_mixin.py:154} INFO - [2023-12-16T12:35:17.081+0500] {dagbag.py:536} INFO - Filling up the DagBag from /home/amina/miniconda/lib/python3.11/site-packages/airflow/example_dags/example_branch_day_of_week_operator.py
[2023-12-16T12:35:17.089+0500] {processor.py:839} INFO - DAG(s) dict_keys(['example_weekday_branch_operator']) retrieved from /home/amina/miniconda/lib/python3.11/site-packages/airflow/example_dags/example_branch_day_of_week_operator.py
[2023-12-16T12:35:17.105+0500] {logging_mixin.py:154} INFO - [2023-12-16T12:35:17.105+0500] {dag.py:2941} INFO - Sync 1 DAGs
[2023-12-16T12:35:17.123+0500] {logging_mixin.py:154} INFO - [2023-12-16T12:35:17.123+0500] {dag.py:3722} INFO - Setting next_dagrun for example_weekday_branch_operator to 2023-12-15T00:00:00+00:00, run_after=2023-12-16T00:00:00+00:00
[2023-12-16T12:35:17.232+0500] {processor.py:179} INFO - Processing /home/amina/miniconda/lib/python3.11/site-packages/airflow/example_dags/example_branch_day_of_week_operator.py took 0.196 seconds
[2023-12-16T12:36:12.601+0500] {processor.py:157} INFO - Started process (PID=36401) to work on /home/amina/miniconda/lib/python3.11/site-packages/airflow/example_dags/example_branch_day_of_week_operator.py
[2023-12-16T12:36:12.619+0500] {processor.py:829} INFO - Processing file /home/amina/miniconda/lib/python3.11/site-packages/airflow/example_dags/example_branch_day_of_week_operator.py for tasks to queue
[2023-12-16T12:36:12.620+0500] {logging_mixin.py:154} INFO - [2023-12-16T12:36:12.620+0500] {dagbag.py:536} INFO - Filling up the DagBag from /home/amina/miniconda/lib/python3.11/site-packages/airflow/example_dags/example_branch_day_of_week_operator.py
[2023-12-16T12:36:12.629+0500] {processor.py:839} INFO - DAG(s) dict_keys(['example_weekday_branch_operator']) retrieved from /home/amina/miniconda/lib/python3.11/site-packages/airflow/example_dags/example_branch_day_of_week_operator.py
[2023-12-16T12:36:12.647+0500] {logging_mixin.py:154} INFO - [2023-12-16T12:36:12.647+0500] {dag.py:2941} INFO - Sync 1 DAGs
[2023-12-16T12:36:12.667+0500] {logging_mixin.py:154} INFO - [2023-12-16T12:36:12.667+0500] {dag.py:3722} INFO - Setting next_dagrun for example_weekday_branch_operator to 2023-12-15T00:00:00+00:00, run_after=2023-12-16T00:00:00+00:00
[2023-12-16T12:36:12.764+0500] {processor.py:179} INFO - Processing /home/amina/miniconda/lib/python3.11/site-packages/airflow/example_dags/example_branch_day_of_week_operator.py took 0.166 seconds
[2023-12-16T12:37:09.172+0500] {processor.py:157} INFO - Started process (PID=36698) to work on /home/amina/miniconda/lib/python3.11/site-packages/airflow/example_dags/example_branch_day_of_week_operator.py
[2023-12-16T12:37:09.207+0500] {processor.py:829} INFO - Processing file /home/amina/miniconda/lib/python3.11/site-packages/airflow/example_dags/example_branch_day_of_week_operator.py for tasks to queue
[2023-12-16T12:37:09.208+0500] {logging_mixin.py:154} INFO - [2023-12-16T12:37:09.207+0500] {dagbag.py:536} INFO - Filling up the DagBag from /home/amina/miniconda/lib/python3.11/site-packages/airflow/example_dags/example_branch_day_of_week_operator.py
[2023-12-16T12:37:09.215+0500] {processor.py:839} INFO - DAG(s) dict_keys(['example_weekday_branch_operator']) retrieved from /home/amina/miniconda/lib/python3.11/site-packages/airflow/example_dags/example_branch_day_of_week_operator.py
[2023-12-16T12:37:09.229+0500] {logging_mixin.py:154} INFO - [2023-12-16T12:37:09.229+0500] {dag.py:2941} INFO - Sync 1 DAGs
[2023-12-16T12:37:09.245+0500] {logging_mixin.py:154} INFO - [2023-12-16T12:37:09.245+0500] {dag.py:3722} INFO - Setting next_dagrun for example_weekday_branch_operator to 2023-12-15T00:00:00+00:00, run_after=2023-12-16T00:00:00+00:00
[2023-12-16T12:37:09.358+0500] {processor.py:179} INFO - Processing /home/amina/miniconda/lib/python3.11/site-packages/airflow/example_dags/example_branch_day_of_week_operator.py took 0.190 seconds
[2023-12-16T12:38:00.840+0500] {processor.py:157} INFO - Started process (PID=36750) to work on /home/amina/miniconda/lib/python3.11/site-packages/airflow/example_dags/example_branch_day_of_week_operator.py
[2023-12-16T12:38:00.884+0500] {processor.py:829} INFO - Processing file /home/amina/miniconda/lib/python3.11/site-packages/airflow/example_dags/example_branch_day_of_week_operator.py for tasks to queue
[2023-12-16T12:38:00.885+0500] {logging_mixin.py:154} INFO - [2023-12-16T12:38:00.884+0500] {dagbag.py:536} INFO - Filling up the DagBag from /home/amina/miniconda/lib/python3.11/site-packages/airflow/example_dags/example_branch_day_of_week_operator.py
[2023-12-16T12:38:00.893+0500] {processor.py:839} INFO - DAG(s) dict_keys(['example_weekday_branch_operator']) retrieved from /home/amina/miniconda/lib/python3.11/site-packages/airflow/example_dags/example_branch_day_of_week_operator.py
[2023-12-16T12:38:00.908+0500] {logging_mixin.py:154} INFO - [2023-12-16T12:38:00.908+0500] {dag.py:2941} INFO - Sync 1 DAGs
[2023-12-16T12:38:00.926+0500] {logging_mixin.py:154} INFO - [2023-12-16T12:38:00.926+0500] {dag.py:3722} INFO - Setting next_dagrun for example_weekday_branch_operator to 2023-12-15T00:00:00+00:00, run_after=2023-12-16T00:00:00+00:00
[2023-12-16T12:38:01.126+0500] {processor.py:179} INFO - Processing /home/amina/miniconda/lib/python3.11/site-packages/airflow/example_dags/example_branch_day_of_week_operator.py took 0.289 seconds
[2023-12-16T12:38:52.986+0500] {processor.py:157} INFO - Started process (PID=36798) to work on /home/amina/miniconda/lib/python3.11/site-packages/airflow/example_dags/example_branch_day_of_week_operator.py
[2023-12-16T12:38:53.006+0500] {processor.py:829} INFO - Processing file /home/amina/miniconda/lib/python3.11/site-packages/airflow/example_dags/example_branch_day_of_week_operator.py for tasks to queue
[2023-12-16T12:38:53.006+0500] {logging_mixin.py:154} INFO - [2023-12-16T12:38:53.006+0500] {dagbag.py:536} INFO - Filling up the DagBag from /home/amina/miniconda/lib/python3.11/site-packages/airflow/example_dags/example_branch_day_of_week_operator.py
[2023-12-16T12:38:53.013+0500] {processor.py:839} INFO - DAG(s) dict_keys(['example_weekday_branch_operator']) retrieved from /home/amina/miniconda/lib/python3.11/site-packages/airflow/example_dags/example_branch_day_of_week_operator.py
[2023-12-16T12:38:53.027+0500] {logging_mixin.py:154} INFO - [2023-12-16T12:38:53.027+0500] {dag.py:2941} INFO - Sync 1 DAGs
[2023-12-16T12:38:53.043+0500] {logging_mixin.py:154} INFO - [2023-12-16T12:38:53.043+0500] {dag.py:3722} INFO - Setting next_dagrun for example_weekday_branch_operator to 2023-12-15T00:00:00+00:00, run_after=2023-12-16T00:00:00+00:00
[2023-12-16T12:38:53.139+0500] {processor.py:179} INFO - Processing /home/amina/miniconda/lib/python3.11/site-packages/airflow/example_dags/example_branch_day_of_week_operator.py took 0.155 seconds
[2023-12-16T12:39:42.836+0500] {processor.py:157} INFO - Started process (PID=36847) to work on /home/amina/miniconda/lib/python3.11/site-packages/airflow/example_dags/example_branch_day_of_week_operator.py
[2023-12-16T12:39:42.871+0500] {processor.py:829} INFO - Processing file /home/amina/miniconda/lib/python3.11/site-packages/airflow/example_dags/example_branch_day_of_week_operator.py for tasks to queue
[2023-12-16T12:39:42.872+0500] {logging_mixin.py:154} INFO - [2023-12-16T12:39:42.871+0500] {dagbag.py:536} INFO - Filling up the DagBag from /home/amina/miniconda/lib/python3.11/site-packages/airflow/example_dags/example_branch_day_of_week_operator.py
[2023-12-16T12:39:42.879+0500] {processor.py:839} INFO - DAG(s) dict_keys(['example_weekday_branch_operator']) retrieved from /home/amina/miniconda/lib/python3.11/site-packages/airflow/example_dags/example_branch_day_of_week_operator.py
[2023-12-16T12:39:42.893+0500] {logging_mixin.py:154} INFO - [2023-12-16T12:39:42.893+0500] {dag.py:2941} INFO - Sync 1 DAGs
[2023-12-16T12:39:42.909+0500] {logging_mixin.py:154} INFO - [2023-12-16T12:39:42.909+0500] {dag.py:3722} INFO - Setting next_dagrun for example_weekday_branch_operator to 2023-12-15T00:00:00+00:00, run_after=2023-12-16T00:00:00+00:00
[2023-12-16T12:39:43.026+0500] {processor.py:179} INFO - Processing /home/amina/miniconda/lib/python3.11/site-packages/airflow/example_dags/example_branch_day_of_week_operator.py took 0.193 seconds
[2023-12-16T12:40:32.712+0500] {processor.py:157} INFO - Started process (PID=36956) to work on /home/amina/miniconda/lib/python3.11/site-packages/airflow/example_dags/example_branch_day_of_week_operator.py
[2023-12-16T12:40:32.713+0500] {processor.py:829} INFO - Processing file /home/amina/miniconda/lib/python3.11/site-packages/airflow/example_dags/example_branch_day_of_week_operator.py for tasks to queue
[2023-12-16T12:40:32.714+0500] {logging_mixin.py:154} INFO - [2023-12-16T12:40:32.713+0500] {dagbag.py:536} INFO - Filling up the DagBag from /home/amina/miniconda/lib/python3.11/site-packages/airflow/example_dags/example_branch_day_of_week_operator.py
[2023-12-16T12:40:32.722+0500] {processor.py:839} INFO - DAG(s) dict_keys(['example_weekday_branch_operator']) retrieved from /home/amina/miniconda/lib/python3.11/site-packages/airflow/example_dags/example_branch_day_of_week_operator.py
[2023-12-16T12:40:32.744+0500] {logging_mixin.py:154} INFO - [2023-12-16T12:40:32.744+0500] {dag.py:2941} INFO - Sync 1 DAGs
[2023-12-16T12:40:32.764+0500] {logging_mixin.py:154} INFO - [2023-12-16T12:40:32.764+0500] {dag.py:3722} INFO - Setting next_dagrun for example_weekday_branch_operator to 2023-12-15T00:00:00+00:00, run_after=2023-12-16T00:00:00+00:00
[2023-12-16T12:40:32.883+0500] {processor.py:179} INFO - Processing /home/amina/miniconda/lib/python3.11/site-packages/airflow/example_dags/example_branch_day_of_week_operator.py took 0.176 seconds
[2023-12-16T12:41:24.193+0500] {processor.py:157} INFO - Started process (PID=37057) to work on /home/amina/miniconda/lib/python3.11/site-packages/airflow/example_dags/example_branch_day_of_week_operator.py
[2023-12-16T12:41:24.196+0500] {processor.py:829} INFO - Processing file /home/amina/miniconda/lib/python3.11/site-packages/airflow/example_dags/example_branch_day_of_week_operator.py for tasks to queue
[2023-12-16T12:41:24.196+0500] {logging_mixin.py:154} INFO - [2023-12-16T12:41:24.196+0500] {dagbag.py:536} INFO - Filling up the DagBag from /home/amina/miniconda/lib/python3.11/site-packages/airflow/example_dags/example_branch_day_of_week_operator.py
[2023-12-16T12:41:24.203+0500] {processor.py:839} INFO - DAG(s) dict_keys(['example_weekday_branch_operator']) retrieved from /home/amina/miniconda/lib/python3.11/site-packages/airflow/example_dags/example_branch_day_of_week_operator.py
[2023-12-16T12:41:24.219+0500] {logging_mixin.py:154} INFO - [2023-12-16T12:41:24.218+0500] {dag.py:2941} INFO - Sync 1 DAGs
[2023-12-16T12:41:24.234+0500] {logging_mixin.py:154} INFO - [2023-12-16T12:41:24.234+0500] {dag.py:3722} INFO - Setting next_dagrun for example_weekday_branch_operator to 2023-12-15T00:00:00+00:00, run_after=2023-12-16T00:00:00+00:00
[2023-12-16T12:41:24.338+0500] {processor.py:179} INFO - Processing /home/amina/miniconda/lib/python3.11/site-packages/airflow/example_dags/example_branch_day_of_week_operator.py took 0.148 seconds
