[2023-12-16T12:22:47.809+0500] {processor.py:157} INFO - Started process (PID=20389) to work on /home/amina/miniconda/lib/python3.11/site-packages/airflow/example_dags/example_short_circuit_operator.py
[2023-12-16T12:22:47.809+0500] {processor.py:829} INFO - Processing file /home/amina/miniconda/lib/python3.11/site-packages/airflow/example_dags/example_short_circuit_operator.py for tasks to queue
[2023-12-16T12:22:47.810+0500] {logging_mixin.py:154} INFO - [2023-12-16T12:22:47.810+0500] {dagbag.py:536} INFO - Filling up the DagBag from /home/amina/miniconda/lib/python3.11/site-packages/airflow/example_dags/example_short_circuit_operator.py
[2023-12-16T12:22:47.817+0500] {processor.py:839} INFO - DAG(s) dict_keys(['example_short_circuit_operator']) retrieved from /home/amina/miniconda/lib/python3.11/site-packages/airflow/example_dags/example_short_circuit_operator.py
[2023-12-16T12:22:47.838+0500] {logging_mixin.py:154} INFO - [2023-12-16T12:22:47.838+0500] {dag.py:2941} INFO - Sync 1 DAGs
[2023-12-16T12:22:47.857+0500] {logging_mixin.py:154} INFO - [2023-12-16T12:22:47.857+0500] {dag.py:3722} INFO - Setting next_dagrun for example_short_circuit_operator to 2023-12-15T07:22:47.857478+00:00, run_after=2023-12-16T07:22:47.857478+00:00
[2023-12-16T12:22:47.970+0500] {processor.py:179} INFO - Processing /home/amina/miniconda/lib/python3.11/site-packages/airflow/example_dags/example_short_circuit_operator.py took 0.165 seconds
[2023-12-16T12:23:46.822+0500] {processor.py:157} INFO - Started process (PID=21523) to work on /home/amina/miniconda/lib/python3.11/site-packages/airflow/example_dags/example_short_circuit_operator.py
[2023-12-16T12:23:46.892+0500] {processor.py:829} INFO - Processing file /home/amina/miniconda/lib/python3.11/site-packages/airflow/example_dags/example_short_circuit_operator.py for tasks to queue
[2023-12-16T12:23:46.893+0500] {logging_mixin.py:154} INFO - [2023-12-16T12:23:46.893+0500] {dagbag.py:536} INFO - Filling up the DagBag from /home/amina/miniconda/lib/python3.11/site-packages/airflow/example_dags/example_short_circuit_operator.py
[2023-12-16T12:23:46.901+0500] {processor.py:839} INFO - DAG(s) dict_keys(['example_short_circuit_operator']) retrieved from /home/amina/miniconda/lib/python3.11/site-packages/airflow/example_dags/example_short_circuit_operator.py
[2023-12-16T12:23:46.920+0500] {logging_mixin.py:154} INFO - [2023-12-16T12:23:46.919+0500] {dag.py:2941} INFO - Sync 1 DAGs
[2023-12-16T12:23:46.935+0500] {logging_mixin.py:154} INFO - [2023-12-16T12:23:46.935+0500] {dag.py:3722} INFO - Setting next_dagrun for example_short_circuit_operator to 2023-12-15T07:23:46.935502+00:00, run_after=2023-12-16T07:23:46.935502+00:00
[2023-12-16T12:23:47.198+0500] {processor.py:179} INFO - Processing /home/amina/miniconda/lib/python3.11/site-packages/airflow/example_dags/example_short_circuit_operator.py took 0.380 seconds
[2023-12-16T12:24:51.944+0500] {processor.py:157} INFO - Started process (PID=22975) to work on /home/amina/miniconda/lib/python3.11/site-packages/airflow/example_dags/example_short_circuit_operator.py
[2023-12-16T12:24:51.990+0500] {processor.py:829} INFO - Processing file /home/amina/miniconda/lib/python3.11/site-packages/airflow/example_dags/example_short_circuit_operator.py for tasks to queue
[2023-12-16T12:24:51.991+0500] {logging_mixin.py:154} INFO - [2023-12-16T12:24:51.991+0500] {dagbag.py:536} INFO - Filling up the DagBag from /home/amina/miniconda/lib/python3.11/site-packages/airflow/example_dags/example_short_circuit_operator.py
[2023-12-16T12:24:52.004+0500] {processor.py:839} INFO - DAG(s) dict_keys(['example_short_circuit_operator']) retrieved from /home/amina/miniconda/lib/python3.11/site-packages/airflow/example_dags/example_short_circuit_operator.py
[2023-12-16T12:24:52.042+0500] {logging_mixin.py:154} INFO - [2023-12-16T12:24:52.041+0500] {dag.py:2941} INFO - Sync 1 DAGs
[2023-12-16T12:24:52.073+0500] {logging_mixin.py:154} INFO - [2023-12-16T12:24:52.073+0500] {dag.py:3722} INFO - Setting next_dagrun for example_short_circuit_operator to 2023-12-15T07:24:52.072907+00:00, run_after=2023-12-16T07:24:52.072907+00:00
[2023-12-16T12:24:53.538+0500] {processor.py:179} INFO - Processing /home/amina/miniconda/lib/python3.11/site-packages/airflow/example_dags/example_short_circuit_operator.py took 1.598 seconds
[2023-12-16T12:26:20.987+0500] {processor.py:157} INFO - Started process (PID=24788) to work on /home/amina/miniconda/lib/python3.11/site-packages/airflow/example_dags/example_short_circuit_operator.py
[2023-12-16T12:26:21.023+0500] {processor.py:829} INFO - Processing file /home/amina/miniconda/lib/python3.11/site-packages/airflow/example_dags/example_short_circuit_operator.py for tasks to queue
[2023-12-16T12:26:21.024+0500] {logging_mixin.py:154} INFO - [2023-12-16T12:26:21.024+0500] {dagbag.py:536} INFO - Filling up the DagBag from /home/amina/miniconda/lib/python3.11/site-packages/airflow/example_dags/example_short_circuit_operator.py
[2023-12-16T12:26:21.031+0500] {processor.py:839} INFO - DAG(s) dict_keys(['example_short_circuit_operator']) retrieved from /home/amina/miniconda/lib/python3.11/site-packages/airflow/example_dags/example_short_circuit_operator.py
[2023-12-16T12:26:21.050+0500] {logging_mixin.py:154} INFO - [2023-12-16T12:26:21.050+0500] {dag.py:2941} INFO - Sync 1 DAGs
[2023-12-16T12:26:21.070+0500] {logging_mixin.py:154} INFO - [2023-12-16T12:26:21.070+0500] {dag.py:3722} INFO - Setting next_dagrun for example_short_circuit_operator to 2023-12-15T07:26:21.070043+00:00, run_after=2023-12-16T07:26:21.070043+00:00
[2023-12-16T12:26:21.236+0500] {processor.py:179} INFO - Processing /home/amina/miniconda/lib/python3.11/site-packages/airflow/example_dags/example_short_circuit_operator.py took 0.252 seconds
[2023-12-16T12:27:56.089+0500] {processor.py:157} INFO - Started process (PID=26409) to work on /home/amina/miniconda/lib/python3.11/site-packages/airflow/example_dags/example_short_circuit_operator.py
[2023-12-16T12:27:56.114+0500] {processor.py:829} INFO - Processing file /home/amina/miniconda/lib/python3.11/site-packages/airflow/example_dags/example_short_circuit_operator.py for tasks to queue
[2023-12-16T12:27:56.115+0500] {logging_mixin.py:154} INFO - [2023-12-16T12:27:56.114+0500] {dagbag.py:536} INFO - Filling up the DagBag from /home/amina/miniconda/lib/python3.11/site-packages/airflow/example_dags/example_short_circuit_operator.py
[2023-12-16T12:27:56.124+0500] {processor.py:839} INFO - DAG(s) dict_keys(['example_short_circuit_operator']) retrieved from /home/amina/miniconda/lib/python3.11/site-packages/airflow/example_dags/example_short_circuit_operator.py
[2023-12-16T12:27:56.149+0500] {logging_mixin.py:154} INFO - [2023-12-16T12:27:56.149+0500] {dag.py:2941} INFO - Sync 1 DAGs
[2023-12-16T12:27:56.167+0500] {logging_mixin.py:154} INFO - [2023-12-16T12:27:56.167+0500] {dag.py:3722} INFO - Setting next_dagrun for example_short_circuit_operator to 2023-12-15T07:27:56.166926+00:00, run_after=2023-12-16T07:27:56.166926+00:00
[2023-12-16T12:27:56.277+0500] {processor.py:179} INFO - Processing /home/amina/miniconda/lib/python3.11/site-packages/airflow/example_dags/example_short_circuit_operator.py took 0.191 seconds
[2023-12-16T12:29:47.251+0500] {processor.py:157} INFO - Started process (PID=28816) to work on /home/amina/miniconda/lib/python3.11/site-packages/airflow/example_dags/example_short_circuit_operator.py
[2023-12-16T12:29:47.340+0500] {processor.py:829} INFO - Processing file /home/amina/miniconda/lib/python3.11/site-packages/airflow/example_dags/example_short_circuit_operator.py for tasks to queue
[2023-12-16T12:29:47.341+0500] {logging_mixin.py:154} INFO - [2023-12-16T12:29:47.340+0500] {dagbag.py:536} INFO - Filling up the DagBag from /home/amina/miniconda/lib/python3.11/site-packages/airflow/example_dags/example_short_circuit_operator.py
[2023-12-16T12:29:47.348+0500] {processor.py:839} INFO - DAG(s) dict_keys(['example_short_circuit_operator']) retrieved from /home/amina/miniconda/lib/python3.11/site-packages/airflow/example_dags/example_short_circuit_operator.py
[2023-12-16T12:29:47.609+0500] {logging_mixin.py:154} INFO - [2023-12-16T12:29:47.608+0500] {dag.py:2941} INFO - Sync 1 DAGs
[2023-12-16T12:29:47.634+0500] {logging_mixin.py:154} INFO - [2023-12-16T12:29:47.634+0500] {dag.py:3722} INFO - Setting next_dagrun for example_short_circuit_operator to 2023-12-15T07:29:47.633542+00:00, run_after=2023-12-16T07:29:47.633542+00:00
[2023-12-16T12:29:47.814+0500] {processor.py:179} INFO - Processing /home/amina/miniconda/lib/python3.11/site-packages/airflow/example_dags/example_short_circuit_operator.py took 0.568 seconds
[2023-12-16T12:30:54.205+0500] {processor.py:157} INFO - Started process (PID=30304) to work on /home/amina/miniconda/lib/python3.11/site-packages/airflow/example_dags/example_short_circuit_operator.py
[2023-12-16T12:30:54.246+0500] {processor.py:829} INFO - Processing file /home/amina/miniconda/lib/python3.11/site-packages/airflow/example_dags/example_short_circuit_operator.py for tasks to queue
[2023-12-16T12:30:54.247+0500] {logging_mixin.py:154} INFO - [2023-12-16T12:30:54.246+0500] {dagbag.py:536} INFO - Filling up the DagBag from /home/amina/miniconda/lib/python3.11/site-packages/airflow/example_dags/example_short_circuit_operator.py
[2023-12-16T12:30:54.252+0500] {processor.py:839} INFO - DAG(s) dict_keys(['example_short_circuit_operator']) retrieved from /home/amina/miniconda/lib/python3.11/site-packages/airflow/example_dags/example_short_circuit_operator.py
[2023-12-16T12:30:54.270+0500] {logging_mixin.py:154} INFO - [2023-12-16T12:30:54.270+0500] {dag.py:2941} INFO - Sync 1 DAGs
[2023-12-16T12:30:54.291+0500] {logging_mixin.py:154} INFO - [2023-12-16T12:30:54.290+0500] {dag.py:3722} INFO - Setting next_dagrun for example_short_circuit_operator to 2023-12-15T07:30:54.290770+00:00, run_after=2023-12-16T07:30:54.290770+00:00
[2023-12-16T12:30:54.521+0500] {processor.py:179} INFO - Processing /home/amina/miniconda/lib/python3.11/site-packages/airflow/example_dags/example_short_circuit_operator.py took 0.319 seconds
[2023-12-16T12:31:55.930+0500] {processor.py:157} INFO - Started process (PID=31925) to work on /home/amina/miniconda/lib/python3.11/site-packages/airflow/example_dags/example_short_circuit_operator.py
[2023-12-16T12:31:55.998+0500] {processor.py:829} INFO - Processing file /home/amina/miniconda/lib/python3.11/site-packages/airflow/example_dags/example_short_circuit_operator.py for tasks to queue
[2023-12-16T12:31:55.999+0500] {logging_mixin.py:154} INFO - [2023-12-16T12:31:55.999+0500] {dagbag.py:536} INFO - Filling up the DagBag from /home/amina/miniconda/lib/python3.11/site-packages/airflow/example_dags/example_short_circuit_operator.py
[2023-12-16T12:31:56.011+0500] {processor.py:839} INFO - DAG(s) dict_keys(['example_short_circuit_operator']) retrieved from /home/amina/miniconda/lib/python3.11/site-packages/airflow/example_dags/example_short_circuit_operator.py
[2023-12-16T12:31:56.043+0500] {logging_mixin.py:154} INFO - [2023-12-16T12:31:56.043+0500] {dag.py:2941} INFO - Sync 1 DAGs
[2023-12-16T12:31:56.069+0500] {logging_mixin.py:154} INFO - [2023-12-16T12:31:56.069+0500] {dag.py:3722} INFO - Setting next_dagrun for example_short_circuit_operator to 2023-12-15T07:31:56.068979+00:00, run_after=2023-12-16T07:31:56.068979+00:00
[2023-12-16T12:31:56.286+0500] {processor.py:179} INFO - Processing /home/amina/miniconda/lib/python3.11/site-packages/airflow/example_dags/example_short_circuit_operator.py took 0.360 seconds
[2023-12-16T12:32:57.390+0500] {processor.py:157} INFO - Started process (PID=33236) to work on /home/amina/miniconda/lib/python3.11/site-packages/airflow/example_dags/example_short_circuit_operator.py
[2023-12-16T12:32:57.462+0500] {processor.py:829} INFO - Processing file /home/amina/miniconda/lib/python3.11/site-packages/airflow/example_dags/example_short_circuit_operator.py for tasks to queue
[2023-12-16T12:32:57.464+0500] {logging_mixin.py:154} INFO - [2023-12-16T12:32:57.463+0500] {dagbag.py:536} INFO - Filling up the DagBag from /home/amina/miniconda/lib/python3.11/site-packages/airflow/example_dags/example_short_circuit_operator.py
[2023-12-16T12:32:57.474+0500] {processor.py:839} INFO - DAG(s) dict_keys(['example_short_circuit_operator']) retrieved from /home/amina/miniconda/lib/python3.11/site-packages/airflow/example_dags/example_short_circuit_operator.py
[2023-12-16T12:32:57.503+0500] {logging_mixin.py:154} INFO - [2023-12-16T12:32:57.503+0500] {dag.py:2941} INFO - Sync 1 DAGs
[2023-12-16T12:32:57.528+0500] {logging_mixin.py:154} INFO - [2023-12-16T12:32:57.527+0500] {dag.py:3722} INFO - Setting next_dagrun for example_short_circuit_operator to 2023-12-15T07:32:57.527605+00:00, run_after=2023-12-16T07:32:57.527605+00:00
[2023-12-16T12:32:57.665+0500] {processor.py:179} INFO - Processing /home/amina/miniconda/lib/python3.11/site-packages/airflow/example_dags/example_short_circuit_operator.py took 0.279 seconds
[2023-12-16T12:33:55.880+0500] {processor.py:157} INFO - Started process (PID=34869) to work on /home/amina/miniconda/lib/python3.11/site-packages/airflow/example_dags/example_short_circuit_operator.py
[2023-12-16T12:33:55.937+0500] {processor.py:829} INFO - Processing file /home/amina/miniconda/lib/python3.11/site-packages/airflow/example_dags/example_short_circuit_operator.py for tasks to queue
[2023-12-16T12:33:55.938+0500] {logging_mixin.py:154} INFO - [2023-12-16T12:33:55.938+0500] {dagbag.py:536} INFO - Filling up the DagBag from /home/amina/miniconda/lib/python3.11/site-packages/airflow/example_dags/example_short_circuit_operator.py
[2023-12-16T12:33:55.951+0500] {processor.py:839} INFO - DAG(s) dict_keys(['example_short_circuit_operator']) retrieved from /home/amina/miniconda/lib/python3.11/site-packages/airflow/example_dags/example_short_circuit_operator.py
[2023-12-16T12:33:55.984+0500] {logging_mixin.py:154} INFO - [2023-12-16T12:33:55.983+0500] {dag.py:2941} INFO - Sync 1 DAGs
[2023-12-16T12:33:56.012+0500] {logging_mixin.py:154} INFO - [2023-12-16T12:33:56.011+0500] {dag.py:3722} INFO - Setting next_dagrun for example_short_circuit_operator to 2023-12-15T07:33:56.011311+00:00, run_after=2023-12-16T07:33:56.011311+00:00
[2023-12-16T12:33:56.132+0500] {processor.py:179} INFO - Processing /home/amina/miniconda/lib/python3.11/site-packages/airflow/example_dags/example_short_circuit_operator.py took 0.256 seconds
[2023-12-16T12:34:49.871+0500] {processor.py:157} INFO - Started process (PID=36109) to work on /home/amina/miniconda/lib/python3.11/site-packages/airflow/example_dags/example_short_circuit_operator.py
[2023-12-16T12:34:49.922+0500] {processor.py:829} INFO - Processing file /home/amina/miniconda/lib/python3.11/site-packages/airflow/example_dags/example_short_circuit_operator.py for tasks to queue
[2023-12-16T12:34:49.923+0500] {logging_mixin.py:154} INFO - [2023-12-16T12:34:49.922+0500] {dagbag.py:536} INFO - Filling up the DagBag from /home/amina/miniconda/lib/python3.11/site-packages/airflow/example_dags/example_short_circuit_operator.py
[2023-12-16T12:34:49.929+0500] {processor.py:839} INFO - DAG(s) dict_keys(['example_short_circuit_operator']) retrieved from /home/amina/miniconda/lib/python3.11/site-packages/airflow/example_dags/example_short_circuit_operator.py
[2023-12-16T12:34:49.948+0500] {logging_mixin.py:154} INFO - [2023-12-16T12:34:49.948+0500] {dag.py:2941} INFO - Sync 1 DAGs
[2023-12-16T12:34:49.965+0500] {logging_mixin.py:154} INFO - [2023-12-16T12:34:49.965+0500] {dag.py:3722} INFO - Setting next_dagrun for example_short_circuit_operator to 2023-12-15T07:34:49.965192+00:00, run_after=2023-12-16T07:34:49.965192+00:00
[2023-12-16T12:34:50.257+0500] {processor.py:179} INFO - Processing /home/amina/miniconda/lib/python3.11/site-packages/airflow/example_dags/example_short_circuit_operator.py took 0.390 seconds
[2023-12-16T12:35:43.965+0500] {processor.py:157} INFO - Started process (PID=36366) to work on /home/amina/miniconda/lib/python3.11/site-packages/airflow/example_dags/example_short_circuit_operator.py
[2023-12-16T12:35:44.018+0500] {processor.py:829} INFO - Processing file /home/amina/miniconda/lib/python3.11/site-packages/airflow/example_dags/example_short_circuit_operator.py for tasks to queue
[2023-12-16T12:35:44.019+0500] {logging_mixin.py:154} INFO - [2023-12-16T12:35:44.019+0500] {dagbag.py:536} INFO - Filling up the DagBag from /home/amina/miniconda/lib/python3.11/site-packages/airflow/example_dags/example_short_circuit_operator.py
[2023-12-16T12:35:44.027+0500] {processor.py:839} INFO - DAG(s) dict_keys(['example_short_circuit_operator']) retrieved from /home/amina/miniconda/lib/python3.11/site-packages/airflow/example_dags/example_short_circuit_operator.py
[2023-12-16T12:35:44.052+0500] {logging_mixin.py:154} INFO - [2023-12-16T12:35:44.052+0500] {dag.py:2941} INFO - Sync 1 DAGs
[2023-12-16T12:35:44.074+0500] {logging_mixin.py:154} INFO - [2023-12-16T12:35:44.073+0500] {dag.py:3722} INFO - Setting next_dagrun for example_short_circuit_operator to 2023-12-15T07:35:44.073470+00:00, run_after=2023-12-16T07:35:44.073470+00:00
[2023-12-16T12:35:44.240+0500] {processor.py:179} INFO - Processing /home/amina/miniconda/lib/python3.11/site-packages/airflow/example_dags/example_short_circuit_operator.py took 0.279 seconds
[2023-12-16T12:36:39.544+0500] {processor.py:157} INFO - Started process (PID=36432) to work on /home/amina/miniconda/lib/python3.11/site-packages/airflow/example_dags/example_short_circuit_operator.py
[2023-12-16T12:36:39.567+0500] {processor.py:829} INFO - Processing file /home/amina/miniconda/lib/python3.11/site-packages/airflow/example_dags/example_short_circuit_operator.py for tasks to queue
[2023-12-16T12:36:39.568+0500] {logging_mixin.py:154} INFO - [2023-12-16T12:36:39.568+0500] {dagbag.py:536} INFO - Filling up the DagBag from /home/amina/miniconda/lib/python3.11/site-packages/airflow/example_dags/example_short_circuit_operator.py
[2023-12-16T12:36:39.574+0500] {processor.py:839} INFO - DAG(s) dict_keys(['example_short_circuit_operator']) retrieved from /home/amina/miniconda/lib/python3.11/site-packages/airflow/example_dags/example_short_circuit_operator.py
[2023-12-16T12:36:39.590+0500] {logging_mixin.py:154} INFO - [2023-12-16T12:36:39.590+0500] {dag.py:2941} INFO - Sync 1 DAGs
[2023-12-16T12:36:39.605+0500] {logging_mixin.py:154} INFO - [2023-12-16T12:36:39.604+0500] {dag.py:3722} INFO - Setting next_dagrun for example_short_circuit_operator to 2023-12-15T07:36:39.604727+00:00, run_after=2023-12-16T07:36:39.604727+00:00
[2023-12-16T12:36:39.738+0500] {processor.py:179} INFO - Processing /home/amina/miniconda/lib/python3.11/site-packages/airflow/example_dags/example_short_circuit_operator.py took 0.197 seconds
[2023-12-16T12:37:35.606+0500] {processor.py:157} INFO - Started process (PID=36724) to work on /home/amina/miniconda/lib/python3.11/site-packages/airflow/example_dags/example_short_circuit_operator.py
[2023-12-16T12:37:35.631+0500] {processor.py:829} INFO - Processing file /home/amina/miniconda/lib/python3.11/site-packages/airflow/example_dags/example_short_circuit_operator.py for tasks to queue
[2023-12-16T12:37:35.632+0500] {logging_mixin.py:154} INFO - [2023-12-16T12:37:35.631+0500] {dagbag.py:536} INFO - Filling up the DagBag from /home/amina/miniconda/lib/python3.11/site-packages/airflow/example_dags/example_short_circuit_operator.py
[2023-12-16T12:37:35.638+0500] {processor.py:839} INFO - DAG(s) dict_keys(['example_short_circuit_operator']) retrieved from /home/amina/miniconda/lib/python3.11/site-packages/airflow/example_dags/example_short_circuit_operator.py
[2023-12-16T12:37:35.657+0500] {logging_mixin.py:154} INFO - [2023-12-16T12:37:35.656+0500] {dag.py:2941} INFO - Sync 1 DAGs
[2023-12-16T12:37:35.672+0500] {logging_mixin.py:154} INFO - [2023-12-16T12:37:35.672+0500] {dag.py:3722} INFO - Setting next_dagrun for example_short_circuit_operator to 2023-12-15T07:37:35.672063+00:00, run_after=2023-12-16T07:37:35.672063+00:00
[2023-12-16T12:37:35.786+0500] {processor.py:179} INFO - Processing /home/amina/miniconda/lib/python3.11/site-packages/airflow/example_dags/example_short_circuit_operator.py took 0.183 seconds
[2023-12-16T12:38:24.995+0500] {processor.py:157} INFO - Started process (PID=36770) to work on /home/amina/miniconda/lib/python3.11/site-packages/airflow/example_dags/example_short_circuit_operator.py
[2023-12-16T12:38:25.004+0500] {processor.py:829} INFO - Processing file /home/amina/miniconda/lib/python3.11/site-packages/airflow/example_dags/example_short_circuit_operator.py for tasks to queue
[2023-12-16T12:38:25.005+0500] {logging_mixin.py:154} INFO - [2023-12-16T12:38:25.005+0500] {dagbag.py:536} INFO - Filling up the DagBag from /home/amina/miniconda/lib/python3.11/site-packages/airflow/example_dags/example_short_circuit_operator.py
[2023-12-16T12:38:25.011+0500] {processor.py:839} INFO - DAG(s) dict_keys(['example_short_circuit_operator']) retrieved from /home/amina/miniconda/lib/python3.11/site-packages/airflow/example_dags/example_short_circuit_operator.py
[2023-12-16T12:38:25.027+0500] {logging_mixin.py:154} INFO - [2023-12-16T12:38:25.027+0500] {dag.py:2941} INFO - Sync 1 DAGs
[2023-12-16T12:38:25.042+0500] {logging_mixin.py:154} INFO - [2023-12-16T12:38:25.042+0500] {dag.py:3722} INFO - Setting next_dagrun for example_short_circuit_operator to 2023-12-15T07:38:25.041821+00:00, run_after=2023-12-16T07:38:25.041821+00:00
[2023-12-16T12:38:25.171+0500] {processor.py:179} INFO - Processing /home/amina/miniconda/lib/python3.11/site-packages/airflow/example_dags/example_short_circuit_operator.py took 0.178 seconds
[2023-12-16T12:39:13.497+0500] {processor.py:157} INFO - Started process (PID=36818) to work on /home/amina/miniconda/lib/python3.11/site-packages/airflow/example_dags/example_short_circuit_operator.py
[2023-12-16T12:39:13.499+0500] {processor.py:829} INFO - Processing file /home/amina/miniconda/lib/python3.11/site-packages/airflow/example_dags/example_short_circuit_operator.py for tasks to queue
[2023-12-16T12:39:13.500+0500] {logging_mixin.py:154} INFO - [2023-12-16T12:39:13.499+0500] {dagbag.py:536} INFO - Filling up the DagBag from /home/amina/miniconda/lib/python3.11/site-packages/airflow/example_dags/example_short_circuit_operator.py
[2023-12-16T12:39:13.508+0500] {processor.py:839} INFO - DAG(s) dict_keys(['example_short_circuit_operator']) retrieved from /home/amina/miniconda/lib/python3.11/site-packages/airflow/example_dags/example_short_circuit_operator.py
[2023-12-16T12:39:13.525+0500] {logging_mixin.py:154} INFO - [2023-12-16T12:39:13.524+0500] {dag.py:2941} INFO - Sync 1 DAGs
[2023-12-16T12:39:13.539+0500] {logging_mixin.py:154} INFO - [2023-12-16T12:39:13.538+0500] {dag.py:3722} INFO - Setting next_dagrun for example_short_circuit_operator to 2023-12-15T07:39:13.538748+00:00, run_after=2023-12-16T07:39:13.538748+00:00
[2023-12-16T12:39:13.666+0500] {processor.py:179} INFO - Processing /home/amina/miniconda/lib/python3.11/site-packages/airflow/example_dags/example_short_circuit_operator.py took 0.172 seconds
[2023-12-16T12:40:01.393+0500] {processor.py:157} INFO - Started process (PID=36870) to work on /home/amina/miniconda/lib/python3.11/site-packages/airflow/example_dags/example_short_circuit_operator.py
[2023-12-16T12:40:01.418+0500] {processor.py:829} INFO - Processing file /home/amina/miniconda/lib/python3.11/site-packages/airflow/example_dags/example_short_circuit_operator.py for tasks to queue
[2023-12-16T12:40:01.419+0500] {logging_mixin.py:154} INFO - [2023-12-16T12:40:01.418+0500] {dagbag.py:536} INFO - Filling up the DagBag from /home/amina/miniconda/lib/python3.11/site-packages/airflow/example_dags/example_short_circuit_operator.py
[2023-12-16T12:40:01.425+0500] {processor.py:839} INFO - DAG(s) dict_keys(['example_short_circuit_operator']) retrieved from /home/amina/miniconda/lib/python3.11/site-packages/airflow/example_dags/example_short_circuit_operator.py
[2023-12-16T12:40:01.441+0500] {logging_mixin.py:154} INFO - [2023-12-16T12:40:01.441+0500] {dag.py:2941} INFO - Sync 1 DAGs
[2023-12-16T12:40:01.459+0500] {logging_mixin.py:154} INFO - [2023-12-16T12:40:01.458+0500] {dag.py:3722} INFO - Setting next_dagrun for example_short_circuit_operator to 2023-12-15T07:40:01.458560+00:00, run_after=2023-12-16T07:40:01.458560+00:00
[2023-12-16T12:40:01.586+0500] {processor.py:179} INFO - Processing /home/amina/miniconda/lib/python3.11/site-packages/airflow/example_dags/example_short_circuit_operator.py took 0.196 seconds
[2023-12-16T12:40:54.575+0500] {processor.py:157} INFO - Started process (PID=37016) to work on /home/amina/miniconda/lib/python3.11/site-packages/airflow/example_dags/example_short_circuit_operator.py
[2023-12-16T12:40:54.625+0500] {processor.py:829} INFO - Processing file /home/amina/miniconda/lib/python3.11/site-packages/airflow/example_dags/example_short_circuit_operator.py for tasks to queue
[2023-12-16T12:40:54.626+0500] {logging_mixin.py:154} INFO - [2023-12-16T12:40:54.626+0500] {dagbag.py:536} INFO - Filling up the DagBag from /home/amina/miniconda/lib/python3.11/site-packages/airflow/example_dags/example_short_circuit_operator.py
[2023-12-16T12:40:54.632+0500] {processor.py:839} INFO - DAG(s) dict_keys(['example_short_circuit_operator']) retrieved from /home/amina/miniconda/lib/python3.11/site-packages/airflow/example_dags/example_short_circuit_operator.py
[2023-12-16T12:40:54.651+0500] {logging_mixin.py:154} INFO - [2023-12-16T12:40:54.651+0500] {dag.py:2941} INFO - Sync 1 DAGs
[2023-12-16T12:40:54.666+0500] {logging_mixin.py:154} INFO - [2023-12-16T12:40:54.666+0500] {dag.py:3722} INFO - Setting next_dagrun for example_short_circuit_operator to 2023-12-15T07:40:54.666403+00:00, run_after=2023-12-16T07:40:54.666403+00:00
[2023-12-16T12:40:54.795+0500] {processor.py:179} INFO - Processing /home/amina/miniconda/lib/python3.11/site-packages/airflow/example_dags/example_short_circuit_operator.py took 0.222 seconds
[2023-12-16T12:41:50.142+0500] {processor.py:157} INFO - Started process (PID=37085) to work on /home/amina/miniconda/lib/python3.11/site-packages/airflow/example_dags/example_short_circuit_operator.py
[2023-12-16T12:41:50.155+0500] {processor.py:829} INFO - Processing file /home/amina/miniconda/lib/python3.11/site-packages/airflow/example_dags/example_short_circuit_operator.py for tasks to queue
[2023-12-16T12:41:50.156+0500] {logging_mixin.py:154} INFO - [2023-12-16T12:41:50.156+0500] {dagbag.py:536} INFO - Filling up the DagBag from /home/amina/miniconda/lib/python3.11/site-packages/airflow/example_dags/example_short_circuit_operator.py
[2023-12-16T12:41:50.162+0500] {processor.py:839} INFO - DAG(s) dict_keys(['example_short_circuit_operator']) retrieved from /home/amina/miniconda/lib/python3.11/site-packages/airflow/example_dags/example_short_circuit_operator.py
[2023-12-16T12:41:50.178+0500] {logging_mixin.py:154} INFO - [2023-12-16T12:41:50.178+0500] {dag.py:2941} INFO - Sync 1 DAGs
[2023-12-16T12:41:50.192+0500] {logging_mixin.py:154} INFO - [2023-12-16T12:41:50.192+0500] {dag.py:3722} INFO - Setting next_dagrun for example_short_circuit_operator to 2023-12-15T07:41:50.192361+00:00, run_after=2023-12-16T07:41:50.192361+00:00
[2023-12-16T12:41:50.399+0500] {processor.py:179} INFO - Processing /home/amina/miniconda/lib/python3.11/site-packages/airflow/example_dags/example_short_circuit_operator.py took 0.260 seconds
[2023-12-16T12:43:29.636+0500] {processor.py:157} INFO - Started process (PID=37217) to work on /home/amina/miniconda/lib/python3.11/site-packages/airflow/example_dags/example_short_circuit_operator.py
[2023-12-16T12:43:29.637+0500] {processor.py:829} INFO - Processing file /home/amina/miniconda/lib/python3.11/site-packages/airflow/example_dags/example_short_circuit_operator.py for tasks to queue
[2023-12-16T12:43:29.637+0500] {logging_mixin.py:154} INFO - [2023-12-16T12:43:29.637+0500] {dagbag.py:536} INFO - Filling up the DagBag from /home/amina/miniconda/lib/python3.11/site-packages/airflow/example_dags/example_short_circuit_operator.py
[2023-12-16T12:43:29.645+0500] {processor.py:839} INFO - DAG(s) dict_keys(['example_short_circuit_operator']) retrieved from /home/amina/miniconda/lib/python3.11/site-packages/airflow/example_dags/example_short_circuit_operator.py
[2023-12-16T12:43:29.661+0500] {logging_mixin.py:154} INFO - [2023-12-16T12:43:29.661+0500] {dag.py:2941} INFO - Sync 1 DAGs
[2023-12-16T12:43:29.675+0500] {logging_mixin.py:154} INFO - [2023-12-16T12:43:29.675+0500] {dag.py:3722} INFO - Setting next_dagrun for example_short_circuit_operator to 2023-12-15T07:43:29.675370+00:00, run_after=2023-12-16T07:43:29.675370+00:00
[2023-12-16T12:43:29.978+0500] {processor.py:179} INFO - Processing /home/amina/miniconda/lib/python3.11/site-packages/airflow/example_dags/example_short_circuit_operator.py took 0.345 seconds
[2023-12-16T12:44:22.984+0500] {processor.py:157} INFO - Started process (PID=37269) to work on /home/amina/miniconda/lib/python3.11/site-packages/airflow/example_dags/example_short_circuit_operator.py
[2023-12-16T12:44:23.009+0500] {processor.py:829} INFO - Processing file /home/amina/miniconda/lib/python3.11/site-packages/airflow/example_dags/example_short_circuit_operator.py for tasks to queue
[2023-12-16T12:44:23.010+0500] {logging_mixin.py:154} INFO - [2023-12-16T12:44:23.009+0500] {dagbag.py:536} INFO - Filling up the DagBag from /home/amina/miniconda/lib/python3.11/site-packages/airflow/example_dags/example_short_circuit_operator.py
[2023-12-16T12:44:23.015+0500] {processor.py:839} INFO - DAG(s) dict_keys(['example_short_circuit_operator']) retrieved from /home/amina/miniconda/lib/python3.11/site-packages/airflow/example_dags/example_short_circuit_operator.py
[2023-12-16T12:44:23.040+0500] {logging_mixin.py:154} INFO - [2023-12-16T12:44:23.040+0500] {dag.py:2941} INFO - Sync 1 DAGs
[2023-12-16T12:44:23.056+0500] {logging_mixin.py:154} INFO - [2023-12-16T12:44:23.056+0500] {dag.py:3722} INFO - Setting next_dagrun for example_short_circuit_operator to 2023-12-15T07:44:23.056091+00:00, run_after=2023-12-16T07:44:23.056091+00:00
[2023-12-16T12:44:23.165+0500] {processor.py:179} INFO - Processing /home/amina/miniconda/lib/python3.11/site-packages/airflow/example_dags/example_short_circuit_operator.py took 0.184 seconds
[2023-12-16T12:45:10.921+0500] {processor.py:157} INFO - Started process (PID=37363) to work on /home/amina/miniconda/lib/python3.11/site-packages/airflow/example_dags/example_short_circuit_operator.py
[2023-12-16T12:45:10.960+0500] {processor.py:829} INFO - Processing file /home/amina/miniconda/lib/python3.11/site-packages/airflow/example_dags/example_short_circuit_operator.py for tasks to queue
[2023-12-16T12:45:10.961+0500] {logging_mixin.py:154} INFO - [2023-12-16T12:45:10.960+0500] {dagbag.py:536} INFO - Filling up the DagBag from /home/amina/miniconda/lib/python3.11/site-packages/airflow/example_dags/example_short_circuit_operator.py
[2023-12-16T12:45:10.967+0500] {processor.py:839} INFO - DAG(s) dict_keys(['example_short_circuit_operator']) retrieved from /home/amina/miniconda/lib/python3.11/site-packages/airflow/example_dags/example_short_circuit_operator.py
[2023-12-16T12:45:10.983+0500] {logging_mixin.py:154} INFO - [2023-12-16T12:45:10.983+0500] {dag.py:2941} INFO - Sync 1 DAGs
[2023-12-16T12:45:10.998+0500] {logging_mixin.py:154} INFO - [2023-12-16T12:45:10.997+0500] {dag.py:3722} INFO - Setting next_dagrun for example_short_circuit_operator to 2023-12-15T07:45:10.997730+00:00, run_after=2023-12-16T07:45:10.997730+00:00
[2023-12-16T12:45:11.127+0500] {processor.py:179} INFO - Processing /home/amina/miniconda/lib/python3.11/site-packages/airflow/example_dags/example_short_circuit_operator.py took 0.209 seconds
[2023-12-16T12:45:57.606+0500] {processor.py:157} INFO - Started process (PID=37415) to work on /home/amina/miniconda/lib/python3.11/site-packages/airflow/example_dags/example_short_circuit_operator.py
[2023-12-16T12:45:57.644+0500] {processor.py:829} INFO - Processing file /home/amina/miniconda/lib/python3.11/site-packages/airflow/example_dags/example_short_circuit_operator.py for tasks to queue
[2023-12-16T12:45:57.645+0500] {logging_mixin.py:154} INFO - [2023-12-16T12:45:57.645+0500] {dagbag.py:536} INFO - Filling up the DagBag from /home/amina/miniconda/lib/python3.11/site-packages/airflow/example_dags/example_short_circuit_operator.py
[2023-12-16T12:45:57.651+0500] {processor.py:839} INFO - DAG(s) dict_keys(['example_short_circuit_operator']) retrieved from /home/amina/miniconda/lib/python3.11/site-packages/airflow/example_dags/example_short_circuit_operator.py
[2023-12-16T12:45:57.668+0500] {logging_mixin.py:154} INFO - [2023-12-16T12:45:57.667+0500] {dag.py:2941} INFO - Sync 1 DAGs
[2023-12-16T12:45:57.682+0500] {logging_mixin.py:154} INFO - [2023-12-16T12:45:57.681+0500] {dag.py:3722} INFO - Setting next_dagrun for example_short_circuit_operator to 2023-12-15T07:45:57.681733+00:00, run_after=2023-12-16T07:45:57.681733+00:00
[2023-12-16T12:45:57.789+0500] {processor.py:179} INFO - Processing /home/amina/miniconda/lib/python3.11/site-packages/airflow/example_dags/example_short_circuit_operator.py took 0.185 seconds
[2023-12-16T12:46:47.953+0500] {processor.py:157} INFO - Started process (PID=37469) to work on /home/amina/miniconda/lib/python3.11/site-packages/airflow/example_dags/example_short_circuit_operator.py
[2023-12-16T12:46:47.986+0500] {processor.py:829} INFO - Processing file /home/amina/miniconda/lib/python3.11/site-packages/airflow/example_dags/example_short_circuit_operator.py for tasks to queue
[2023-12-16T12:46:47.986+0500] {logging_mixin.py:154} INFO - [2023-12-16T12:46:47.986+0500] {dagbag.py:536} INFO - Filling up the DagBag from /home/amina/miniconda/lib/python3.11/site-packages/airflow/example_dags/example_short_circuit_operator.py
[2023-12-16T12:46:47.994+0500] {processor.py:839} INFO - DAG(s) dict_keys(['example_short_circuit_operator']) retrieved from /home/amina/miniconda/lib/python3.11/site-packages/airflow/example_dags/example_short_circuit_operator.py
[2023-12-16T12:46:48.012+0500] {logging_mixin.py:154} INFO - [2023-12-16T12:46:48.011+0500] {dag.py:2941} INFO - Sync 1 DAGs
[2023-12-16T12:46:48.026+0500] {logging_mixin.py:154} INFO - [2023-12-16T12:46:48.026+0500] {dag.py:3722} INFO - Setting next_dagrun for example_short_circuit_operator to 2023-12-15T07:46:48.026410+00:00, run_after=2023-12-16T07:46:48.026410+00:00
[2023-12-16T12:46:48.163+0500] {processor.py:179} INFO - Processing /home/amina/miniconda/lib/python3.11/site-packages/airflow/example_dags/example_short_circuit_operator.py took 0.213 seconds
[2023-12-16T12:47:39.481+0500] {processor.py:157} INFO - Started process (PID=37526) to work on /home/amina/miniconda/lib/python3.11/site-packages/airflow/example_dags/example_short_circuit_operator.py
[2023-12-16T12:47:39.493+0500] {processor.py:829} INFO - Processing file /home/amina/miniconda/lib/python3.11/site-packages/airflow/example_dags/example_short_circuit_operator.py for tasks to queue
[2023-12-16T12:47:39.493+0500] {logging_mixin.py:154} INFO - [2023-12-16T12:47:39.493+0500] {dagbag.py:536} INFO - Filling up the DagBag from /home/amina/miniconda/lib/python3.11/site-packages/airflow/example_dags/example_short_circuit_operator.py
[2023-12-16T12:47:39.499+0500] {processor.py:839} INFO - DAG(s) dict_keys(['example_short_circuit_operator']) retrieved from /home/amina/miniconda/lib/python3.11/site-packages/airflow/example_dags/example_short_circuit_operator.py
[2023-12-16T12:47:39.515+0500] {logging_mixin.py:154} INFO - [2023-12-16T12:47:39.515+0500] {dag.py:2941} INFO - Sync 1 DAGs
[2023-12-16T12:47:39.530+0500] {logging_mixin.py:154} INFO - [2023-12-16T12:47:39.529+0500] {dag.py:3722} INFO - Setting next_dagrun for example_short_circuit_operator to 2023-12-15T07:47:39.529768+00:00, run_after=2023-12-16T07:47:39.529768+00:00
[2023-12-16T12:47:39.648+0500] {processor.py:179} INFO - Processing /home/amina/miniconda/lib/python3.11/site-packages/airflow/example_dags/example_short_circuit_operator.py took 0.169 seconds
[2023-12-16T12:48:29.407+0500] {processor.py:157} INFO - Started process (PID=37582) to work on /home/amina/miniconda/lib/python3.11/site-packages/airflow/example_dags/example_short_circuit_operator.py
[2023-12-16T12:48:29.433+0500] {processor.py:829} INFO - Processing file /home/amina/miniconda/lib/python3.11/site-packages/airflow/example_dags/example_short_circuit_operator.py for tasks to queue
[2023-12-16T12:48:29.434+0500] {logging_mixin.py:154} INFO - [2023-12-16T12:48:29.433+0500] {dagbag.py:536} INFO - Filling up the DagBag from /home/amina/miniconda/lib/python3.11/site-packages/airflow/example_dags/example_short_circuit_operator.py
[2023-12-16T12:48:29.440+0500] {processor.py:839} INFO - DAG(s) dict_keys(['example_short_circuit_operator']) retrieved from /home/amina/miniconda/lib/python3.11/site-packages/airflow/example_dags/example_short_circuit_operator.py
[2023-12-16T12:48:29.466+0500] {logging_mixin.py:154} INFO - [2023-12-16T12:48:29.466+0500] {dag.py:2941} INFO - Sync 1 DAGs
[2023-12-16T12:48:29.482+0500] {logging_mixin.py:154} INFO - [2023-12-16T12:48:29.482+0500] {dag.py:3722} INFO - Setting next_dagrun for example_short_circuit_operator to 2023-12-15T07:48:29.482606+00:00, run_after=2023-12-16T07:48:29.482606+00:00
[2023-12-16T12:48:29.613+0500] {processor.py:179} INFO - Processing /home/amina/miniconda/lib/python3.11/site-packages/airflow/example_dags/example_short_circuit_operator.py took 0.209 seconds
[2023-12-16T12:49:31.487+0500] {processor.py:157} INFO - Started process (PID=38311) to work on /home/amina/miniconda/lib/python3.11/site-packages/airflow/example_dags/example_short_circuit_operator.py
[2023-12-16T12:49:31.506+0500] {processor.py:829} INFO - Processing file /home/amina/miniconda/lib/python3.11/site-packages/airflow/example_dags/example_short_circuit_operator.py for tasks to queue
[2023-12-16T12:49:31.507+0500] {logging_mixin.py:154} INFO - [2023-12-16T12:49:31.506+0500] {dagbag.py:536} INFO - Filling up the DagBag from /home/amina/miniconda/lib/python3.11/site-packages/airflow/example_dags/example_short_circuit_operator.py
[2023-12-16T12:49:31.513+0500] {processor.py:839} INFO - DAG(s) dict_keys(['example_short_circuit_operator']) retrieved from /home/amina/miniconda/lib/python3.11/site-packages/airflow/example_dags/example_short_circuit_operator.py
[2023-12-16T12:49:31.529+0500] {logging_mixin.py:154} INFO - [2023-12-16T12:49:31.529+0500] {dag.py:2941} INFO - Sync 1 DAGs
[2023-12-16T12:49:31.544+0500] {logging_mixin.py:154} INFO - [2023-12-16T12:49:31.544+0500] {dag.py:3722} INFO - Setting next_dagrun for example_short_circuit_operator to 2023-12-15T07:49:31.543844+00:00, run_after=2023-12-16T07:49:31.543844+00:00
[2023-12-16T12:49:31.775+0500] {processor.py:179} INFO - Processing /home/amina/miniconda/lib/python3.11/site-packages/airflow/example_dags/example_short_circuit_operator.py took 0.291 seconds
[2023-12-16T12:50:37.250+0500] {processor.py:157} INFO - Started process (PID=38457) to work on /home/amina/miniconda/lib/python3.11/site-packages/airflow/example_dags/example_short_circuit_operator.py
[2023-12-16T12:50:37.304+0500] {processor.py:829} INFO - Processing file /home/amina/miniconda/lib/python3.11/site-packages/airflow/example_dags/example_short_circuit_operator.py for tasks to queue
[2023-12-16T12:50:37.305+0500] {logging_mixin.py:154} INFO - [2023-12-16T12:50:37.305+0500] {dagbag.py:536} INFO - Filling up the DagBag from /home/amina/miniconda/lib/python3.11/site-packages/airflow/example_dags/example_short_circuit_operator.py
[2023-12-16T12:50:37.311+0500] {processor.py:839} INFO - DAG(s) dict_keys(['example_short_circuit_operator']) retrieved from /home/amina/miniconda/lib/python3.11/site-packages/airflow/example_dags/example_short_circuit_operator.py
[2023-12-16T12:50:37.328+0500] {logging_mixin.py:154} INFO - [2023-12-16T12:50:37.327+0500] {dag.py:2941} INFO - Sync 1 DAGs
[2023-12-16T12:50:37.342+0500] {logging_mixin.py:154} INFO - [2023-12-16T12:50:37.342+0500] {dag.py:3722} INFO - Setting next_dagrun for example_short_circuit_operator to 2023-12-15T07:50:37.342343+00:00, run_after=2023-12-16T07:50:37.342343+00:00
[2023-12-16T12:50:37.627+0500] {processor.py:179} INFO - Processing /home/amina/miniconda/lib/python3.11/site-packages/airflow/example_dags/example_short_circuit_operator.py took 0.380 seconds
[2023-12-16T12:51:39.888+0500] {processor.py:157} INFO - Started process (PID=38533) to work on /home/amina/miniconda/lib/python3.11/site-packages/airflow/example_dags/example_short_circuit_operator.py
[2023-12-16T12:51:39.946+0500] {processor.py:829} INFO - Processing file /home/amina/miniconda/lib/python3.11/site-packages/airflow/example_dags/example_short_circuit_operator.py for tasks to queue
[2023-12-16T12:51:39.947+0500] {logging_mixin.py:154} INFO - [2023-12-16T12:51:39.947+0500] {dagbag.py:536} INFO - Filling up the DagBag from /home/amina/miniconda/lib/python3.11/site-packages/airflow/example_dags/example_short_circuit_operator.py
[2023-12-16T12:51:39.953+0500] {processor.py:839} INFO - DAG(s) dict_keys(['example_short_circuit_operator']) retrieved from /home/amina/miniconda/lib/python3.11/site-packages/airflow/example_dags/example_short_circuit_operator.py
[2023-12-16T12:51:39.974+0500] {logging_mixin.py:154} INFO - [2023-12-16T12:51:39.974+0500] {dag.py:2941} INFO - Sync 1 DAGs
[2023-12-16T12:51:39.989+0500] {logging_mixin.py:154} INFO - [2023-12-16T12:51:39.989+0500] {dag.py:3722} INFO - Setting next_dagrun for example_short_circuit_operator to 2023-12-15T07:51:39.989352+00:00, run_after=2023-12-16T07:51:39.989352+00:00
[2023-12-16T12:51:40.243+0500] {processor.py:179} INFO - Processing /home/amina/miniconda/lib/python3.11/site-packages/airflow/example_dags/example_short_circuit_operator.py took 0.358 seconds
[2023-12-16T12:52:37.074+0500] {processor.py:157} INFO - Started process (PID=38583) to work on /home/amina/miniconda/lib/python3.11/site-packages/airflow/example_dags/example_short_circuit_operator.py
[2023-12-16T12:52:37.077+0500] {processor.py:829} INFO - Processing file /home/amina/miniconda/lib/python3.11/site-packages/airflow/example_dags/example_short_circuit_operator.py for tasks to queue
[2023-12-16T12:52:37.078+0500] {logging_mixin.py:154} INFO - [2023-12-16T12:52:37.077+0500] {dagbag.py:536} INFO - Filling up the DagBag from /home/amina/miniconda/lib/python3.11/site-packages/airflow/example_dags/example_short_circuit_operator.py
[2023-12-16T12:52:37.090+0500] {processor.py:839} INFO - DAG(s) dict_keys(['example_short_circuit_operator']) retrieved from /home/amina/miniconda/lib/python3.11/site-packages/airflow/example_dags/example_short_circuit_operator.py
[2023-12-16T12:52:37.116+0500] {logging_mixin.py:154} INFO - [2023-12-16T12:52:37.116+0500] {dag.py:2941} INFO - Sync 1 DAGs
[2023-12-16T12:52:37.142+0500] {logging_mixin.py:154} INFO - [2023-12-16T12:52:37.141+0500] {dag.py:3722} INFO - Setting next_dagrun for example_short_circuit_operator to 2023-12-15T07:52:37.141575+00:00, run_after=2023-12-16T07:52:37.141575+00:00
[2023-12-16T12:52:37.253+0500] {processor.py:179} INFO - Processing /home/amina/miniconda/lib/python3.11/site-packages/airflow/example_dags/example_short_circuit_operator.py took 0.182 seconds
[2023-12-16T12:54:11.210+0500] {processor.py:157} INFO - Started process (PID=38965) to work on /home/amina/miniconda/lib/python3.11/site-packages/airflow/example_dags/example_short_circuit_operator.py
[2023-12-16T12:54:11.248+0500] {processor.py:829} INFO - Processing file /home/amina/miniconda/lib/python3.11/site-packages/airflow/example_dags/example_short_circuit_operator.py for tasks to queue
[2023-12-16T12:54:11.250+0500] {logging_mixin.py:154} INFO - [2023-12-16T12:54:11.249+0500] {dagbag.py:536} INFO - Filling up the DagBag from /home/amina/miniconda/lib/python3.11/site-packages/airflow/example_dags/example_short_circuit_operator.py
[2023-12-16T12:54:11.262+0500] {processor.py:839} INFO - DAG(s) dict_keys(['example_short_circuit_operator']) retrieved from /home/amina/miniconda/lib/python3.11/site-packages/airflow/example_dags/example_short_circuit_operator.py
[2023-12-16T12:54:11.296+0500] {logging_mixin.py:154} INFO - [2023-12-16T12:54:11.296+0500] {dag.py:2941} INFO - Sync 1 DAGs
[2023-12-16T12:54:11.329+0500] {logging_mixin.py:154} INFO - [2023-12-16T12:54:11.329+0500] {dag.py:3722} INFO - Setting next_dagrun for example_short_circuit_operator to 2023-12-15T07:54:11.328650+00:00, run_after=2023-12-16T07:54:11.328650+00:00
[2023-12-16T12:54:11.453+0500] {processor.py:179} INFO - Processing /home/amina/miniconda/lib/python3.11/site-packages/airflow/example_dags/example_short_circuit_operator.py took 0.250 seconds
[2023-12-16T12:55:07.486+0500] {processor.py:157} INFO - Started process (PID=39054) to work on /home/amina/miniconda/lib/python3.11/site-packages/airflow/example_dags/example_short_circuit_operator.py
[2023-12-16T12:55:07.503+0500] {processor.py:829} INFO - Processing file /home/amina/miniconda/lib/python3.11/site-packages/airflow/example_dags/example_short_circuit_operator.py for tasks to queue
[2023-12-16T12:55:07.503+0500] {logging_mixin.py:154} INFO - [2023-12-16T12:55:07.503+0500] {dagbag.py:536} INFO - Filling up the DagBag from /home/amina/miniconda/lib/python3.11/site-packages/airflow/example_dags/example_short_circuit_operator.py
[2023-12-16T12:55:07.511+0500] {processor.py:839} INFO - DAG(s) dict_keys(['example_short_circuit_operator']) retrieved from /home/amina/miniconda/lib/python3.11/site-packages/airflow/example_dags/example_short_circuit_operator.py
[2023-12-16T12:55:07.532+0500] {logging_mixin.py:154} INFO - [2023-12-16T12:55:07.532+0500] {dag.py:2941} INFO - Sync 1 DAGs
[2023-12-16T12:55:07.548+0500] {logging_mixin.py:154} INFO - [2023-12-16T12:55:07.548+0500] {dag.py:3722} INFO - Setting next_dagrun for example_short_circuit_operator to 2023-12-15T07:55:07.548075+00:00, run_after=2023-12-16T07:55:07.548075+00:00
[2023-12-16T12:55:07.669+0500] {processor.py:179} INFO - Processing /home/amina/miniconda/lib/python3.11/site-packages/airflow/example_dags/example_short_circuit_operator.py took 0.186 seconds
[2023-12-16T12:56:01.430+0500] {processor.py:157} INFO - Started process (PID=39136) to work on /home/amina/miniconda/lib/python3.11/site-packages/airflow/example_dags/example_short_circuit_operator.py
[2023-12-16T12:56:01.486+0500] {processor.py:829} INFO - Processing file /home/amina/miniconda/lib/python3.11/site-packages/airflow/example_dags/example_short_circuit_operator.py for tasks to queue
[2023-12-16T12:56:01.486+0500] {logging_mixin.py:154} INFO - [2023-12-16T12:56:01.486+0500] {dagbag.py:536} INFO - Filling up the DagBag from /home/amina/miniconda/lib/python3.11/site-packages/airflow/example_dags/example_short_circuit_operator.py
[2023-12-16T12:56:01.496+0500] {processor.py:839} INFO - DAG(s) dict_keys(['example_short_circuit_operator']) retrieved from /home/amina/miniconda/lib/python3.11/site-packages/airflow/example_dags/example_short_circuit_operator.py
[2023-12-16T12:56:01.515+0500] {logging_mixin.py:154} INFO - [2023-12-16T12:56:01.515+0500] {dag.py:2941} INFO - Sync 1 DAGs
[2023-12-16T12:56:01.531+0500] {logging_mixin.py:154} INFO - [2023-12-16T12:56:01.531+0500] {dag.py:3722} INFO - Setting next_dagrun for example_short_circuit_operator to 2023-12-15T07:56:01.531082+00:00, run_after=2023-12-16T07:56:01.531082+00:00
[2023-12-16T12:56:01.637+0500] {processor.py:179} INFO - Processing /home/amina/miniconda/lib/python3.11/site-packages/airflow/example_dags/example_short_circuit_operator.py took 0.209 seconds
[2023-12-16T12:56:48.470+0500] {processor.py:157} INFO - Started process (PID=39180) to work on /home/amina/miniconda/lib/python3.11/site-packages/airflow/example_dags/example_short_circuit_operator.py
[2023-12-16T12:56:48.539+0500] {processor.py:829} INFO - Processing file /home/amina/miniconda/lib/python3.11/site-packages/airflow/example_dags/example_short_circuit_operator.py for tasks to queue
[2023-12-16T12:56:48.540+0500] {logging_mixin.py:154} INFO - [2023-12-16T12:56:48.539+0500] {dagbag.py:536} INFO - Filling up the DagBag from /home/amina/miniconda/lib/python3.11/site-packages/airflow/example_dags/example_short_circuit_operator.py
[2023-12-16T12:56:48.549+0500] {processor.py:839} INFO - DAG(s) dict_keys(['example_short_circuit_operator']) retrieved from /home/amina/miniconda/lib/python3.11/site-packages/airflow/example_dags/example_short_circuit_operator.py
[2023-12-16T12:56:48.568+0500] {logging_mixin.py:154} INFO - [2023-12-16T12:56:48.568+0500] {dag.py:2941} INFO - Sync 1 DAGs
[2023-12-16T12:56:48.583+0500] {logging_mixin.py:154} INFO - [2023-12-16T12:56:48.582+0500] {dag.py:3722} INFO - Setting next_dagrun for example_short_circuit_operator to 2023-12-15T07:56:48.582730+00:00, run_after=2023-12-16T07:56:48.582730+00:00
[2023-12-16T12:56:48.678+0500] {processor.py:179} INFO - Processing /home/amina/miniconda/lib/python3.11/site-packages/airflow/example_dags/example_short_circuit_operator.py took 0.212 seconds
[2023-12-16T12:57:36.339+0500] {processor.py:157} INFO - Started process (PID=39223) to work on /home/amina/miniconda/lib/python3.11/site-packages/airflow/example_dags/example_short_circuit_operator.py
[2023-12-16T12:57:36.375+0500] {processor.py:829} INFO - Processing file /home/amina/miniconda/lib/python3.11/site-packages/airflow/example_dags/example_short_circuit_operator.py for tasks to queue
[2023-12-16T12:57:36.376+0500] {logging_mixin.py:154} INFO - [2023-12-16T12:57:36.376+0500] {dagbag.py:536} INFO - Filling up the DagBag from /home/amina/miniconda/lib/python3.11/site-packages/airflow/example_dags/example_short_circuit_operator.py
[2023-12-16T12:57:36.382+0500] {processor.py:839} INFO - DAG(s) dict_keys(['example_short_circuit_operator']) retrieved from /home/amina/miniconda/lib/python3.11/site-packages/airflow/example_dags/example_short_circuit_operator.py
[2023-12-16T12:57:36.402+0500] {logging_mixin.py:154} INFO - [2023-12-16T12:57:36.401+0500] {dag.py:2941} INFO - Sync 1 DAGs
[2023-12-16T12:57:36.421+0500] {logging_mixin.py:154} INFO - [2023-12-16T12:57:36.420+0500] {dag.py:3722} INFO - Setting next_dagrun for example_short_circuit_operator to 2023-12-15T07:57:36.420605+00:00, run_after=2023-12-16T07:57:36.420605+00:00
[2023-12-16T12:57:36.517+0500] {processor.py:179} INFO - Processing /home/amina/miniconda/lib/python3.11/site-packages/airflow/example_dags/example_short_circuit_operator.py took 0.181 seconds
[2023-12-16T12:58:28.652+0500] {processor.py:157} INFO - Started process (PID=39270) to work on /home/amina/miniconda/lib/python3.11/site-packages/airflow/example_dags/example_short_circuit_operator.py
[2023-12-16T12:58:28.705+0500] {processor.py:829} INFO - Processing file /home/amina/miniconda/lib/python3.11/site-packages/airflow/example_dags/example_short_circuit_operator.py for tasks to queue
[2023-12-16T12:58:28.706+0500] {logging_mixin.py:154} INFO - [2023-12-16T12:58:28.706+0500] {dagbag.py:536} INFO - Filling up the DagBag from /home/amina/miniconda/lib/python3.11/site-packages/airflow/example_dags/example_short_circuit_operator.py
[2023-12-16T12:58:28.713+0500] {processor.py:839} INFO - DAG(s) dict_keys(['example_short_circuit_operator']) retrieved from /home/amina/miniconda/lib/python3.11/site-packages/airflow/example_dags/example_short_circuit_operator.py
[2023-12-16T12:58:28.735+0500] {logging_mixin.py:154} INFO - [2023-12-16T12:58:28.735+0500] {dag.py:2941} INFO - Sync 1 DAGs
[2023-12-16T12:58:28.751+0500] {logging_mixin.py:154} INFO - [2023-12-16T12:58:28.750+0500] {dag.py:3722} INFO - Setting next_dagrun for example_short_circuit_operator to 2023-12-15T07:58:28.750749+00:00, run_after=2023-12-16T07:58:28.750749+00:00
[2023-12-16T12:58:28.864+0500] {processor.py:179} INFO - Processing /home/amina/miniconda/lib/python3.11/site-packages/airflow/example_dags/example_short_circuit_operator.py took 0.215 seconds
[2023-12-16T12:59:20.817+0500] {processor.py:157} INFO - Started process (PID=39335) to work on /home/amina/miniconda/lib/python3.11/site-packages/airflow/example_dags/example_short_circuit_operator.py
[2023-12-16T12:59:20.893+0500] {processor.py:829} INFO - Processing file /home/amina/miniconda/lib/python3.11/site-packages/airflow/example_dags/example_short_circuit_operator.py for tasks to queue
[2023-12-16T12:59:20.894+0500] {logging_mixin.py:154} INFO - [2023-12-16T12:59:20.894+0500] {dagbag.py:536} INFO - Filling up the DagBag from /home/amina/miniconda/lib/python3.11/site-packages/airflow/example_dags/example_short_circuit_operator.py
[2023-12-16T12:59:20.902+0500] {processor.py:839} INFO - DAG(s) dict_keys(['example_short_circuit_operator']) retrieved from /home/amina/miniconda/lib/python3.11/site-packages/airflow/example_dags/example_short_circuit_operator.py
[2023-12-16T12:59:20.924+0500] {logging_mixin.py:154} INFO - [2023-12-16T12:59:20.923+0500] {dag.py:2941} INFO - Sync 1 DAGs
[2023-12-16T12:59:20.940+0500] {logging_mixin.py:154} INFO - [2023-12-16T12:59:20.939+0500] {dag.py:3722} INFO - Setting next_dagrun for example_short_circuit_operator to 2023-12-15T07:59:20.939616+00:00, run_after=2023-12-16T07:59:20.939616+00:00
[2023-12-16T12:59:21.042+0500] {processor.py:179} INFO - Processing /home/amina/miniconda/lib/python3.11/site-packages/airflow/example_dags/example_short_circuit_operator.py took 0.229 seconds
[2023-12-16T13:00:11.332+0500] {processor.py:157} INFO - Started process (PID=39383) to work on /home/amina/miniconda/lib/python3.11/site-packages/airflow/example_dags/example_short_circuit_operator.py
[2023-12-16T13:00:11.367+0500] {processor.py:829} INFO - Processing file /home/amina/miniconda/lib/python3.11/site-packages/airflow/example_dags/example_short_circuit_operator.py for tasks to queue
[2023-12-16T13:00:11.368+0500] {logging_mixin.py:154} INFO - [2023-12-16T13:00:11.367+0500] {dagbag.py:536} INFO - Filling up the DagBag from /home/amina/miniconda/lib/python3.11/site-packages/airflow/example_dags/example_short_circuit_operator.py
[2023-12-16T13:00:11.376+0500] {processor.py:839} INFO - DAG(s) dict_keys(['example_short_circuit_operator']) retrieved from /home/amina/miniconda/lib/python3.11/site-packages/airflow/example_dags/example_short_circuit_operator.py
[2023-12-16T13:00:11.396+0500] {logging_mixin.py:154} INFO - [2023-12-16T13:00:11.396+0500] {dag.py:2941} INFO - Sync 1 DAGs
[2023-12-16T13:00:11.416+0500] {logging_mixin.py:154} INFO - [2023-12-16T13:00:11.416+0500] {dag.py:3722} INFO - Setting next_dagrun for example_short_circuit_operator to 2023-12-15T08:00:11.415867+00:00, run_after=2023-12-16T08:00:11.415867+00:00
[2023-12-16T13:00:11.517+0500] {processor.py:179} INFO - Processing /home/amina/miniconda/lib/python3.11/site-packages/airflow/example_dags/example_short_circuit_operator.py took 0.188 seconds
[2023-12-16T13:01:00.967+0500] {processor.py:157} INFO - Started process (PID=39438) to work on /home/amina/miniconda/lib/python3.11/site-packages/airflow/example_dags/example_short_circuit_operator.py
[2023-12-16T13:01:01.009+0500] {processor.py:829} INFO - Processing file /home/amina/miniconda/lib/python3.11/site-packages/airflow/example_dags/example_short_circuit_operator.py for tasks to queue
[2023-12-16T13:01:01.010+0500] {logging_mixin.py:154} INFO - [2023-12-16T13:01:01.009+0500] {dagbag.py:536} INFO - Filling up the DagBag from /home/amina/miniconda/lib/python3.11/site-packages/airflow/example_dags/example_short_circuit_operator.py
[2023-12-16T13:01:01.016+0500] {processor.py:839} INFO - DAG(s) dict_keys(['example_short_circuit_operator']) retrieved from /home/amina/miniconda/lib/python3.11/site-packages/airflow/example_dags/example_short_circuit_operator.py
[2023-12-16T13:01:01.041+0500] {logging_mixin.py:154} INFO - [2023-12-16T13:01:01.041+0500] {dag.py:2941} INFO - Sync 1 DAGs
[2023-12-16T13:01:01.061+0500] {logging_mixin.py:154} INFO - [2023-12-16T13:01:01.060+0500] {dag.py:3722} INFO - Setting next_dagrun for example_short_circuit_operator to 2023-12-15T08:01:01.060640+00:00, run_after=2023-12-16T08:01:01.060640+00:00
[2023-12-16T13:01:01.233+0500] {processor.py:179} INFO - Processing /home/amina/miniconda/lib/python3.11/site-packages/airflow/example_dags/example_short_circuit_operator.py took 0.269 seconds
[2023-12-16T13:01:50.498+0500] {processor.py:157} INFO - Started process (PID=39499) to work on /home/amina/miniconda/lib/python3.11/site-packages/airflow/example_dags/example_short_circuit_operator.py
[2023-12-16T13:01:50.528+0500] {processor.py:829} INFO - Processing file /home/amina/miniconda/lib/python3.11/site-packages/airflow/example_dags/example_short_circuit_operator.py for tasks to queue
[2023-12-16T13:01:50.529+0500] {logging_mixin.py:154} INFO - [2023-12-16T13:01:50.529+0500] {dagbag.py:536} INFO - Filling up the DagBag from /home/amina/miniconda/lib/python3.11/site-packages/airflow/example_dags/example_short_circuit_operator.py
[2023-12-16T13:01:50.535+0500] {processor.py:839} INFO - DAG(s) dict_keys(['example_short_circuit_operator']) retrieved from /home/amina/miniconda/lib/python3.11/site-packages/airflow/example_dags/example_short_circuit_operator.py
[2023-12-16T13:01:50.552+0500] {logging_mixin.py:154} INFO - [2023-12-16T13:01:50.551+0500] {dag.py:2941} INFO - Sync 1 DAGs
[2023-12-16T13:01:50.566+0500] {logging_mixin.py:154} INFO - [2023-12-16T13:01:50.565+0500] {dag.py:3722} INFO - Setting next_dagrun for example_short_circuit_operator to 2023-12-15T08:01:50.565734+00:00, run_after=2023-12-16T08:01:50.565734+00:00
[2023-12-16T13:01:50.728+0500] {processor.py:179} INFO - Processing /home/amina/miniconda/lib/python3.11/site-packages/airflow/example_dags/example_short_circuit_operator.py took 0.234 seconds
[2023-12-16T13:02:41.365+0500] {processor.py:157} INFO - Started process (PID=39561) to work on /home/amina/miniconda/lib/python3.11/site-packages/airflow/example_dags/example_short_circuit_operator.py
[2023-12-16T13:02:41.442+0500] {processor.py:829} INFO - Processing file /home/amina/miniconda/lib/python3.11/site-packages/airflow/example_dags/example_short_circuit_operator.py for tasks to queue
[2023-12-16T13:02:41.443+0500] {logging_mixin.py:154} INFO - [2023-12-16T13:02:41.442+0500] {dagbag.py:536} INFO - Filling up the DagBag from /home/amina/miniconda/lib/python3.11/site-packages/airflow/example_dags/example_short_circuit_operator.py
[2023-12-16T13:02:41.450+0500] {processor.py:839} INFO - DAG(s) dict_keys(['example_short_circuit_operator']) retrieved from /home/amina/miniconda/lib/python3.11/site-packages/airflow/example_dags/example_short_circuit_operator.py
[2023-12-16T13:02:41.473+0500] {logging_mixin.py:154} INFO - [2023-12-16T13:02:41.472+0500] {dag.py:2941} INFO - Sync 1 DAGs
[2023-12-16T13:02:41.490+0500] {logging_mixin.py:154} INFO - [2023-12-16T13:02:41.490+0500] {dag.py:3722} INFO - Setting next_dagrun for example_short_circuit_operator to 2023-12-15T08:02:41.490217+00:00, run_after=2023-12-16T08:02:41.490217+00:00
[2023-12-16T13:02:41.589+0500] {processor.py:179} INFO - Processing /home/amina/miniconda/lib/python3.11/site-packages/airflow/example_dags/example_short_circuit_operator.py took 0.227 seconds
[2023-12-16T13:03:33.147+0500] {processor.py:157} INFO - Started process (PID=39745) to work on /home/amina/miniconda/lib/python3.11/site-packages/airflow/example_dags/example_short_circuit_operator.py
[2023-12-16T13:03:33.199+0500] {processor.py:829} INFO - Processing file /home/amina/miniconda/lib/python3.11/site-packages/airflow/example_dags/example_short_circuit_operator.py for tasks to queue
[2023-12-16T13:03:33.199+0500] {logging_mixin.py:154} INFO - [2023-12-16T13:03:33.199+0500] {dagbag.py:536} INFO - Filling up the DagBag from /home/amina/miniconda/lib/python3.11/site-packages/airflow/example_dags/example_short_circuit_operator.py
[2023-12-16T13:03:33.205+0500] {processor.py:839} INFO - DAG(s) dict_keys(['example_short_circuit_operator']) retrieved from /home/amina/miniconda/lib/python3.11/site-packages/airflow/example_dags/example_short_circuit_operator.py
[2023-12-16T13:03:33.222+0500] {logging_mixin.py:154} INFO - [2023-12-16T13:03:33.222+0500] {dag.py:2941} INFO - Sync 1 DAGs
[2023-12-16T13:03:33.236+0500] {logging_mixin.py:154} INFO - [2023-12-16T13:03:33.236+0500] {dag.py:3722} INFO - Setting next_dagrun for example_short_circuit_operator to 2023-12-15T08:03:33.236247+00:00, run_after=2023-12-16T08:03:33.236247+00:00
[2023-12-16T13:03:33.332+0500] {processor.py:179} INFO - Processing /home/amina/miniconda/lib/python3.11/site-packages/airflow/example_dags/example_short_circuit_operator.py took 0.187 seconds
[2023-12-16T13:04:29.329+0500] {processor.py:157} INFO - Started process (PID=39872) to work on /home/amina/miniconda/lib/python3.11/site-packages/airflow/example_dags/example_short_circuit_operator.py
[2023-12-16T13:04:29.364+0500] {processor.py:829} INFO - Processing file /home/amina/miniconda/lib/python3.11/site-packages/airflow/example_dags/example_short_circuit_operator.py for tasks to queue
[2023-12-16T13:04:29.365+0500] {logging_mixin.py:154} INFO - [2023-12-16T13:04:29.365+0500] {dagbag.py:536} INFO - Filling up the DagBag from /home/amina/miniconda/lib/python3.11/site-packages/airflow/example_dags/example_short_circuit_operator.py
[2023-12-16T13:04:29.371+0500] {processor.py:839} INFO - DAG(s) dict_keys(['example_short_circuit_operator']) retrieved from /home/amina/miniconda/lib/python3.11/site-packages/airflow/example_dags/example_short_circuit_operator.py
[2023-12-16T13:04:29.388+0500] {logging_mixin.py:154} INFO - [2023-12-16T13:04:29.388+0500] {dag.py:2941} INFO - Sync 1 DAGs
[2023-12-16T13:04:29.402+0500] {logging_mixin.py:154} INFO - [2023-12-16T13:04:29.402+0500] {dag.py:3722} INFO - Setting next_dagrun for example_short_circuit_operator to 2023-12-15T08:04:29.402366+00:00, run_after=2023-12-16T08:04:29.402366+00:00
[2023-12-16T13:04:29.509+0500] {processor.py:179} INFO - Processing /home/amina/miniconda/lib/python3.11/site-packages/airflow/example_dags/example_short_circuit_operator.py took 0.183 seconds
[2023-12-16T13:05:22.037+0500] {processor.py:157} INFO - Started process (PID=39994) to work on /home/amina/miniconda/lib/python3.11/site-packages/airflow/example_dags/example_short_circuit_operator.py
[2023-12-16T13:05:22.051+0500] {processor.py:829} INFO - Processing file /home/amina/miniconda/lib/python3.11/site-packages/airflow/example_dags/example_short_circuit_operator.py for tasks to queue
[2023-12-16T13:05:22.052+0500] {logging_mixin.py:154} INFO - [2023-12-16T13:05:22.051+0500] {dagbag.py:536} INFO - Filling up the DagBag from /home/amina/miniconda/lib/python3.11/site-packages/airflow/example_dags/example_short_circuit_operator.py
[2023-12-16T13:05:22.057+0500] {processor.py:839} INFO - DAG(s) dict_keys(['example_short_circuit_operator']) retrieved from /home/amina/miniconda/lib/python3.11/site-packages/airflow/example_dags/example_short_circuit_operator.py
[2023-12-16T13:05:22.074+0500] {logging_mixin.py:154} INFO - [2023-12-16T13:05:22.074+0500] {dag.py:2941} INFO - Sync 1 DAGs
[2023-12-16T13:05:22.088+0500] {logging_mixin.py:154} INFO - [2023-12-16T13:05:22.088+0500] {dag.py:3722} INFO - Setting next_dagrun for example_short_circuit_operator to 2023-12-15T08:05:22.088460+00:00, run_after=2023-12-16T08:05:22.088460+00:00
[2023-12-16T13:05:22.217+0500] {processor.py:179} INFO - Processing /home/amina/miniconda/lib/python3.11/site-packages/airflow/example_dags/example_short_circuit_operator.py took 0.183 seconds
[2023-12-16T13:06:12.648+0500] {processor.py:157} INFO - Started process (PID=40050) to work on /home/amina/miniconda/lib/python3.11/site-packages/airflow/example_dags/example_short_circuit_operator.py
[2023-12-16T13:06:12.694+0500] {processor.py:829} INFO - Processing file /home/amina/miniconda/lib/python3.11/site-packages/airflow/example_dags/example_short_circuit_operator.py for tasks to queue
[2023-12-16T13:06:12.695+0500] {logging_mixin.py:154} INFO - [2023-12-16T13:06:12.695+0500] {dagbag.py:536} INFO - Filling up the DagBag from /home/amina/miniconda/lib/python3.11/site-packages/airflow/example_dags/example_short_circuit_operator.py
[2023-12-16T13:06:12.701+0500] {processor.py:839} INFO - DAG(s) dict_keys(['example_short_circuit_operator']) retrieved from /home/amina/miniconda/lib/python3.11/site-packages/airflow/example_dags/example_short_circuit_operator.py
[2023-12-16T13:06:12.717+0500] {logging_mixin.py:154} INFO - [2023-12-16T13:06:12.717+0500] {dag.py:2941} INFO - Sync 1 DAGs
[2023-12-16T13:06:12.732+0500] {logging_mixin.py:154} INFO - [2023-12-16T13:06:12.731+0500] {dag.py:3722} INFO - Setting next_dagrun for example_short_circuit_operator to 2023-12-15T08:06:12.731707+00:00, run_after=2023-12-16T08:06:12.731707+00:00
[2023-12-16T13:06:12.839+0500] {processor.py:179} INFO - Processing /home/amina/miniconda/lib/python3.11/site-packages/airflow/example_dags/example_short_circuit_operator.py took 0.194 seconds
[2023-12-16T13:07:00.483+0500] {processor.py:157} INFO - Started process (PID=40099) to work on /home/amina/miniconda/lib/python3.11/site-packages/airflow/example_dags/example_short_circuit_operator.py
[2023-12-16T13:07:00.520+0500] {processor.py:829} INFO - Processing file /home/amina/miniconda/lib/python3.11/site-packages/airflow/example_dags/example_short_circuit_operator.py for tasks to queue
[2023-12-16T13:07:00.521+0500] {logging_mixin.py:154} INFO - [2023-12-16T13:07:00.521+0500] {dagbag.py:536} INFO - Filling up the DagBag from /home/amina/miniconda/lib/python3.11/site-packages/airflow/example_dags/example_short_circuit_operator.py
[2023-12-16T13:07:00.527+0500] {processor.py:839} INFO - DAG(s) dict_keys(['example_short_circuit_operator']) retrieved from /home/amina/miniconda/lib/python3.11/site-packages/airflow/example_dags/example_short_circuit_operator.py
[2023-12-16T13:07:00.544+0500] {logging_mixin.py:154} INFO - [2023-12-16T13:07:00.543+0500] {dag.py:2941} INFO - Sync 1 DAGs
[2023-12-16T13:07:00.560+0500] {logging_mixin.py:154} INFO - [2023-12-16T13:07:00.559+0500] {dag.py:3722} INFO - Setting next_dagrun for example_short_circuit_operator to 2023-12-15T08:07:00.559753+00:00, run_after=2023-12-16T08:07:00.559753+00:00
[2023-12-16T13:07:00.664+0500] {processor.py:179} INFO - Processing /home/amina/miniconda/lib/python3.11/site-packages/airflow/example_dags/example_short_circuit_operator.py took 0.184 seconds
[2023-12-16T13:07:51.532+0500] {processor.py:157} INFO - Started process (PID=40190) to work on /home/amina/miniconda/lib/python3.11/site-packages/airflow/example_dags/example_short_circuit_operator.py
[2023-12-16T13:07:51.581+0500] {processor.py:829} INFO - Processing file /home/amina/miniconda/lib/python3.11/site-packages/airflow/example_dags/example_short_circuit_operator.py for tasks to queue
[2023-12-16T13:07:51.582+0500] {logging_mixin.py:154} INFO - [2023-12-16T13:07:51.581+0500] {dagbag.py:536} INFO - Filling up the DagBag from /home/amina/miniconda/lib/python3.11/site-packages/airflow/example_dags/example_short_circuit_operator.py
[2023-12-16T13:07:51.590+0500] {processor.py:839} INFO - DAG(s) dict_keys(['example_short_circuit_operator']) retrieved from /home/amina/miniconda/lib/python3.11/site-packages/airflow/example_dags/example_short_circuit_operator.py
[2023-12-16T13:07:51.612+0500] {logging_mixin.py:154} INFO - [2023-12-16T13:07:51.611+0500] {dag.py:2941} INFO - Sync 1 DAGs
[2023-12-16T13:07:51.630+0500] {logging_mixin.py:154} INFO - [2023-12-16T13:07:51.630+0500] {dag.py:3722} INFO - Setting next_dagrun for example_short_circuit_operator to 2023-12-15T08:07:51.630259+00:00, run_after=2023-12-16T08:07:51.630259+00:00
[2023-12-16T13:07:51.751+0500] {processor.py:179} INFO - Processing /home/amina/miniconda/lib/python3.11/site-packages/airflow/example_dags/example_short_circuit_operator.py took 0.224 seconds
