[2023-12-16T12:23:19.815+0500] {processor.py:157} INFO - Started process (PID=20977) to work on /home/amina/miniconda/lib/python3.11/site-packages/airflow/example_dags/example_branch_operator_decorator.py
[2023-12-16T12:23:19.816+0500] {processor.py:829} INFO - Processing file /home/amina/miniconda/lib/python3.11/site-packages/airflow/example_dags/example_branch_operator_decorator.py for tasks to queue
[2023-12-16T12:23:19.817+0500] {logging_mixin.py:154} INFO - [2023-12-16T12:23:19.817+0500] {dagbag.py:536} INFO - Filling up the DagBag from /home/amina/miniconda/lib/python3.11/site-packages/airflow/example_dags/example_branch_operator_decorator.py
[2023-12-16T12:23:19.828+0500] {processor.py:839} INFO - DAG(s) dict_keys(['example_branch_python_operator_decorator']) retrieved from /home/amina/miniconda/lib/python3.11/site-packages/airflow/example_dags/example_branch_operator_decorator.py
[2023-12-16T12:23:19.849+0500] {logging_mixin.py:154} INFO - [2023-12-16T12:23:19.849+0500] {dag.py:2941} INFO - Sync 1 DAGs
[2023-12-16T12:23:19.869+0500] {logging_mixin.py:154} INFO - [2023-12-16T12:23:19.869+0500] {dag.py:3722} INFO - Setting next_dagrun for example_branch_python_operator_decorator to 2023-12-15T00:00:00+00:00, run_after=2023-12-16T00:00:00+00:00
[2023-12-16T12:23:20.028+0500] {processor.py:179} INFO - Processing /home/amina/miniconda/lib/python3.11/site-packages/airflow/example_dags/example_branch_operator_decorator.py took 0.215 seconds
[2023-12-16T12:24:17.619+0500] {processor.py:157} INFO - Started process (PID=22458) to work on /home/amina/miniconda/lib/python3.11/site-packages/airflow/example_dags/example_branch_operator_decorator.py
[2023-12-16T12:24:17.623+0500] {processor.py:829} INFO - Processing file /home/amina/miniconda/lib/python3.11/site-packages/airflow/example_dags/example_branch_operator_decorator.py for tasks to queue
[2023-12-16T12:24:17.623+0500] {logging_mixin.py:154} INFO - [2023-12-16T12:24:17.623+0500] {dagbag.py:536} INFO - Filling up the DagBag from /home/amina/miniconda/lib/python3.11/site-packages/airflow/example_dags/example_branch_operator_decorator.py
[2023-12-16T12:24:17.633+0500] {processor.py:839} INFO - DAG(s) dict_keys(['example_branch_python_operator_decorator']) retrieved from /home/amina/miniconda/lib/python3.11/site-packages/airflow/example_dags/example_branch_operator_decorator.py
[2023-12-16T12:24:17.648+0500] {logging_mixin.py:154} INFO - [2023-12-16T12:24:17.648+0500] {dag.py:2941} INFO - Sync 1 DAGs
[2023-12-16T12:24:17.665+0500] {logging_mixin.py:154} INFO - [2023-12-16T12:24:17.665+0500] {dag.py:3722} INFO - Setting next_dagrun for example_branch_python_operator_decorator to 2023-12-15T00:00:00+00:00, run_after=2023-12-16T00:00:00+00:00
[2023-12-16T12:24:18.014+0500] {processor.py:179} INFO - Processing /home/amina/miniconda/lib/python3.11/site-packages/airflow/example_dags/example_branch_operator_decorator.py took 0.397 seconds
[2023-12-16T12:25:50.419+0500] {processor.py:157} INFO - Started process (PID=24149) to work on /home/amina/miniconda/lib/python3.11/site-packages/airflow/example_dags/example_branch_operator_decorator.py
[2023-12-16T12:25:50.439+0500] {processor.py:829} INFO - Processing file /home/amina/miniconda/lib/python3.11/site-packages/airflow/example_dags/example_branch_operator_decorator.py for tasks to queue
[2023-12-16T12:25:50.440+0500] {logging_mixin.py:154} INFO - [2023-12-16T12:25:50.440+0500] {dagbag.py:536} INFO - Filling up the DagBag from /home/amina/miniconda/lib/python3.11/site-packages/airflow/example_dags/example_branch_operator_decorator.py
[2023-12-16T12:25:50.456+0500] {processor.py:839} INFO - DAG(s) dict_keys(['example_branch_python_operator_decorator']) retrieved from /home/amina/miniconda/lib/python3.11/site-packages/airflow/example_dags/example_branch_operator_decorator.py
[2023-12-16T12:25:50.484+0500] {logging_mixin.py:154} INFO - [2023-12-16T12:25:50.483+0500] {dag.py:2941} INFO - Sync 1 DAGs
[2023-12-16T12:25:50.516+0500] {logging_mixin.py:154} INFO - [2023-12-16T12:25:50.516+0500] {dag.py:3722} INFO - Setting next_dagrun for example_branch_python_operator_decorator to 2023-12-15T00:00:00+00:00, run_after=2023-12-16T00:00:00+00:00
[2023-12-16T12:25:50.642+0500] {processor.py:179} INFO - Processing /home/amina/miniconda/lib/python3.11/site-packages/airflow/example_dags/example_branch_operator_decorator.py took 0.227 seconds
[2023-12-16T12:27:07.973+0500] {processor.py:157} INFO - Started process (PID=25580) to work on /home/amina/miniconda/lib/python3.11/site-packages/airflow/example_dags/example_branch_operator_decorator.py
[2023-12-16T12:27:08.007+0500] {processor.py:829} INFO - Processing file /home/amina/miniconda/lib/python3.11/site-packages/airflow/example_dags/example_branch_operator_decorator.py for tasks to queue
[2023-12-16T12:27:08.008+0500] {logging_mixin.py:154} INFO - [2023-12-16T12:27:08.007+0500] {dagbag.py:536} INFO - Filling up the DagBag from /home/amina/miniconda/lib/python3.11/site-packages/airflow/example_dags/example_branch_operator_decorator.py
[2023-12-16T12:27:08.018+0500] {processor.py:839} INFO - DAG(s) dict_keys(['example_branch_python_operator_decorator']) retrieved from /home/amina/miniconda/lib/python3.11/site-packages/airflow/example_dags/example_branch_operator_decorator.py
[2023-12-16T12:27:08.034+0500] {logging_mixin.py:154} INFO - [2023-12-16T12:27:08.034+0500] {dag.py:2941} INFO - Sync 1 DAGs
[2023-12-16T12:27:08.053+0500] {logging_mixin.py:154} INFO - [2023-12-16T12:27:08.053+0500] {dag.py:3722} INFO - Setting next_dagrun for example_branch_python_operator_decorator to 2023-12-15T00:00:00+00:00, run_after=2023-12-16T00:00:00+00:00
[2023-12-16T12:27:08.523+0500] {processor.py:179} INFO - Processing /home/amina/miniconda/lib/python3.11/site-packages/airflow/example_dags/example_branch_operator_decorator.py took 0.552 seconds
[2023-12-16T12:30:30.133+0500] {processor.py:157} INFO - Started process (PID=29616) to work on /home/amina/miniconda/lib/python3.11/site-packages/airflow/example_dags/example_branch_operator_decorator.py
[2023-12-16T12:30:30.218+0500] {processor.py:829} INFO - Processing file /home/amina/miniconda/lib/python3.11/site-packages/airflow/example_dags/example_branch_operator_decorator.py for tasks to queue
[2023-12-16T12:30:30.219+0500] {logging_mixin.py:154} INFO - [2023-12-16T12:30:30.218+0500] {dagbag.py:536} INFO - Filling up the DagBag from /home/amina/miniconda/lib/python3.11/site-packages/airflow/example_dags/example_branch_operator_decorator.py
[2023-12-16T12:30:30.228+0500] {processor.py:839} INFO - DAG(s) dict_keys(['example_branch_python_operator_decorator']) retrieved from /home/amina/miniconda/lib/python3.11/site-packages/airflow/example_dags/example_branch_operator_decorator.py
[2023-12-16T12:30:30.243+0500] {logging_mixin.py:154} INFO - [2023-12-16T12:30:30.243+0500] {dag.py:2941} INFO - Sync 1 DAGs
[2023-12-16T12:30:30.259+0500] {logging_mixin.py:154} INFO - [2023-12-16T12:30:30.259+0500] {dag.py:3722} INFO - Setting next_dagrun for example_branch_python_operator_decorator to 2023-12-15T00:00:00+00:00, run_after=2023-12-16T00:00:00+00:00
[2023-12-16T12:30:30.475+0500] {processor.py:179} INFO - Processing /home/amina/miniconda/lib/python3.11/site-packages/airflow/example_dags/example_branch_operator_decorator.py took 0.344 seconds
[2023-12-16T12:31:32.771+0500] {processor.py:157} INFO - Started process (PID=31429) to work on /home/amina/miniconda/lib/python3.11/site-packages/airflow/example_dags/example_branch_operator_decorator.py
[2023-12-16T12:31:32.772+0500] {processor.py:829} INFO - Processing file /home/amina/miniconda/lib/python3.11/site-packages/airflow/example_dags/example_branch_operator_decorator.py for tasks to queue
[2023-12-16T12:31:32.772+0500] {logging_mixin.py:154} INFO - [2023-12-16T12:31:32.772+0500] {dagbag.py:536} INFO - Filling up the DagBag from /home/amina/miniconda/lib/python3.11/site-packages/airflow/example_dags/example_branch_operator_decorator.py
[2023-12-16T12:31:32.782+0500] {processor.py:839} INFO - DAG(s) dict_keys(['example_branch_python_operator_decorator']) retrieved from /home/amina/miniconda/lib/python3.11/site-packages/airflow/example_dags/example_branch_operator_decorator.py
[2023-12-16T12:31:32.799+0500] {logging_mixin.py:154} INFO - [2023-12-16T12:31:32.799+0500] {dag.py:2941} INFO - Sync 1 DAGs
[2023-12-16T12:31:32.818+0500] {logging_mixin.py:154} INFO - [2023-12-16T12:31:32.818+0500] {dag.py:3722} INFO - Setting next_dagrun for example_branch_python_operator_decorator to 2023-12-15T00:00:00+00:00, run_after=2023-12-16T00:00:00+00:00
[2023-12-16T12:31:32.952+0500] {processor.py:179} INFO - Processing /home/amina/miniconda/lib/python3.11/site-packages/airflow/example_dags/example_branch_operator_decorator.py took 0.185 seconds
[2023-12-16T12:32:33.602+0500] {processor.py:157} INFO - Started process (PID=32819) to work on /home/amina/miniconda/lib/python3.11/site-packages/airflow/example_dags/example_branch_operator_decorator.py
[2023-12-16T12:32:33.645+0500] {processor.py:829} INFO - Processing file /home/amina/miniconda/lib/python3.11/site-packages/airflow/example_dags/example_branch_operator_decorator.py for tasks to queue
[2023-12-16T12:32:33.646+0500] {logging_mixin.py:154} INFO - [2023-12-16T12:32:33.646+0500] {dagbag.py:536} INFO - Filling up the DagBag from /home/amina/miniconda/lib/python3.11/site-packages/airflow/example_dags/example_branch_operator_decorator.py
[2023-12-16T12:32:33.663+0500] {processor.py:839} INFO - DAG(s) dict_keys(['example_branch_python_operator_decorator']) retrieved from /home/amina/miniconda/lib/python3.11/site-packages/airflow/example_dags/example_branch_operator_decorator.py
[2023-12-16T12:32:33.691+0500] {logging_mixin.py:154} INFO - [2023-12-16T12:32:33.690+0500] {dag.py:2941} INFO - Sync 1 DAGs
[2023-12-16T12:32:33.722+0500] {logging_mixin.py:154} INFO - [2023-12-16T12:32:33.722+0500] {dag.py:3722} INFO - Setting next_dagrun for example_branch_python_operator_decorator to 2023-12-15T00:00:00+00:00, run_after=2023-12-16T00:00:00+00:00
[2023-12-16T12:32:33.836+0500] {processor.py:179} INFO - Processing /home/amina/miniconda/lib/python3.11/site-packages/airflow/example_dags/example_branch_operator_decorator.py took 0.239 seconds
[2023-12-16T12:33:34.790+0500] {processor.py:157} INFO - Started process (PID=33969) to work on /home/amina/miniconda/lib/python3.11/site-packages/airflow/example_dags/example_branch_operator_decorator.py
[2023-12-16T12:33:34.801+0500] {processor.py:829} INFO - Processing file /home/amina/miniconda/lib/python3.11/site-packages/airflow/example_dags/example_branch_operator_decorator.py for tasks to queue
[2023-12-16T12:33:34.802+0500] {logging_mixin.py:154} INFO - [2023-12-16T12:33:34.802+0500] {dagbag.py:536} INFO - Filling up the DagBag from /home/amina/miniconda/lib/python3.11/site-packages/airflow/example_dags/example_branch_operator_decorator.py
[2023-12-16T12:33:34.812+0500] {processor.py:839} INFO - DAG(s) dict_keys(['example_branch_python_operator_decorator']) retrieved from /home/amina/miniconda/lib/python3.11/site-packages/airflow/example_dags/example_branch_operator_decorator.py
[2023-12-16T12:33:34.828+0500] {logging_mixin.py:154} INFO - [2023-12-16T12:33:34.828+0500] {dag.py:2941} INFO - Sync 1 DAGs
[2023-12-16T12:33:34.847+0500] {logging_mixin.py:154} INFO - [2023-12-16T12:33:34.847+0500] {dag.py:3722} INFO - Setting next_dagrun for example_branch_python_operator_decorator to 2023-12-15T00:00:00+00:00, run_after=2023-12-16T00:00:00+00:00
[2023-12-16T12:33:34.996+0500] {processor.py:179} INFO - Processing /home/amina/miniconda/lib/python3.11/site-packages/airflow/example_dags/example_branch_operator_decorator.py took 0.208 seconds
[2023-12-16T12:34:30.438+0500] {processor.py:157} INFO - Started process (PID=35698) to work on /home/amina/miniconda/lib/python3.11/site-packages/airflow/example_dags/example_branch_operator_decorator.py
[2023-12-16T12:34:30.472+0500] {processor.py:829} INFO - Processing file /home/amina/miniconda/lib/python3.11/site-packages/airflow/example_dags/example_branch_operator_decorator.py for tasks to queue
[2023-12-16T12:34:30.473+0500] {logging_mixin.py:154} INFO - [2023-12-16T12:34:30.472+0500] {dagbag.py:536} INFO - Filling up the DagBag from /home/amina/miniconda/lib/python3.11/site-packages/airflow/example_dags/example_branch_operator_decorator.py
[2023-12-16T12:34:30.485+0500] {processor.py:839} INFO - DAG(s) dict_keys(['example_branch_python_operator_decorator']) retrieved from /home/amina/miniconda/lib/python3.11/site-packages/airflow/example_dags/example_branch_operator_decorator.py
[2023-12-16T12:34:30.502+0500] {logging_mixin.py:154} INFO - [2023-12-16T12:34:30.502+0500] {dag.py:2941} INFO - Sync 1 DAGs
[2023-12-16T12:34:30.522+0500] {logging_mixin.py:154} INFO - [2023-12-16T12:34:30.522+0500] {dag.py:3722} INFO - Setting next_dagrun for example_branch_python_operator_decorator to 2023-12-15T00:00:00+00:00, run_after=2023-12-16T00:00:00+00:00
[2023-12-16T12:34:30.640+0500] {processor.py:179} INFO - Processing /home/amina/miniconda/lib/python3.11/site-packages/airflow/example_dags/example_branch_operator_decorator.py took 0.205 seconds
[2023-12-16T12:35:25.505+0500] {processor.py:157} INFO - Started process (PID=36347) to work on /home/amina/miniconda/lib/python3.11/site-packages/airflow/example_dags/example_branch_operator_decorator.py
[2023-12-16T12:35:25.597+0500] {processor.py:829} INFO - Processing file /home/amina/miniconda/lib/python3.11/site-packages/airflow/example_dags/example_branch_operator_decorator.py for tasks to queue
[2023-12-16T12:35:25.598+0500] {logging_mixin.py:154} INFO - [2023-12-16T12:35:25.598+0500] {dagbag.py:536} INFO - Filling up the DagBag from /home/amina/miniconda/lib/python3.11/site-packages/airflow/example_dags/example_branch_operator_decorator.py
[2023-12-16T12:35:25.607+0500] {processor.py:839} INFO - DAG(s) dict_keys(['example_branch_python_operator_decorator']) retrieved from /home/amina/miniconda/lib/python3.11/site-packages/airflow/example_dags/example_branch_operator_decorator.py
[2023-12-16T12:35:25.622+0500] {logging_mixin.py:154} INFO - [2023-12-16T12:35:25.622+0500] {dag.py:2941} INFO - Sync 1 DAGs
[2023-12-16T12:35:25.643+0500] {logging_mixin.py:154} INFO - [2023-12-16T12:35:25.643+0500] {dag.py:3722} INFO - Setting next_dagrun for example_branch_python_operator_decorator to 2023-12-15T00:00:00+00:00, run_after=2023-12-16T00:00:00+00:00
[2023-12-16T12:35:25.743+0500] {processor.py:179} INFO - Processing /home/amina/miniconda/lib/python3.11/site-packages/airflow/example_dags/example_branch_operator_decorator.py took 0.241 seconds
[2023-12-16T12:36:21.102+0500] {processor.py:157} INFO - Started process (PID=36408) to work on /home/amina/miniconda/lib/python3.11/site-packages/airflow/example_dags/example_branch_operator_decorator.py
[2023-12-16T12:36:21.104+0500] {processor.py:829} INFO - Processing file /home/amina/miniconda/lib/python3.11/site-packages/airflow/example_dags/example_branch_operator_decorator.py for tasks to queue
[2023-12-16T12:36:21.104+0500] {logging_mixin.py:154} INFO - [2023-12-16T12:36:21.104+0500] {dagbag.py:536} INFO - Filling up the DagBag from /home/amina/miniconda/lib/python3.11/site-packages/airflow/example_dags/example_branch_operator_decorator.py
[2023-12-16T12:36:21.114+0500] {processor.py:839} INFO - DAG(s) dict_keys(['example_branch_python_operator_decorator']) retrieved from /home/amina/miniconda/lib/python3.11/site-packages/airflow/example_dags/example_branch_operator_decorator.py
[2023-12-16T12:36:21.129+0500] {logging_mixin.py:154} INFO - [2023-12-16T12:36:21.129+0500] {dag.py:2941} INFO - Sync 1 DAGs
[2023-12-16T12:36:21.145+0500] {logging_mixin.py:154} INFO - [2023-12-16T12:36:21.145+0500] {dag.py:3722} INFO - Setting next_dagrun for example_branch_python_operator_decorator to 2023-12-15T00:00:00+00:00, run_after=2023-12-16T00:00:00+00:00
[2023-12-16T12:36:21.274+0500] {processor.py:179} INFO - Processing /home/amina/miniconda/lib/python3.11/site-packages/airflow/example_dags/example_branch_operator_decorator.py took 0.175 seconds
[2023-12-16T12:37:17.193+0500] {processor.py:157} INFO - Started process (PID=36709) to work on /home/amina/miniconda/lib/python3.11/site-packages/airflow/example_dags/example_branch_operator_decorator.py
[2023-12-16T12:37:17.224+0500] {processor.py:829} INFO - Processing file /home/amina/miniconda/lib/python3.11/site-packages/airflow/example_dags/example_branch_operator_decorator.py for tasks to queue
[2023-12-16T12:37:17.225+0500] {logging_mixin.py:154} INFO - [2023-12-16T12:37:17.224+0500] {dagbag.py:536} INFO - Filling up the DagBag from /home/amina/miniconda/lib/python3.11/site-packages/airflow/example_dags/example_branch_operator_decorator.py
[2023-12-16T12:37:17.234+0500] {processor.py:839} INFO - DAG(s) dict_keys(['example_branch_python_operator_decorator']) retrieved from /home/amina/miniconda/lib/python3.11/site-packages/airflow/example_dags/example_branch_operator_decorator.py
[2023-12-16T12:37:17.249+0500] {logging_mixin.py:154} INFO - [2023-12-16T12:37:17.249+0500] {dag.py:2941} INFO - Sync 1 DAGs
[2023-12-16T12:37:17.265+0500] {logging_mixin.py:154} INFO - [2023-12-16T12:37:17.264+0500] {dag.py:3722} INFO - Setting next_dagrun for example_branch_python_operator_decorator to 2023-12-15T00:00:00+00:00, run_after=2023-12-16T00:00:00+00:00
[2023-12-16T12:37:17.358+0500] {processor.py:179} INFO - Processing /home/amina/miniconda/lib/python3.11/site-packages/airflow/example_dags/example_branch_operator_decorator.py took 0.168 seconds
[2023-12-16T12:38:09.954+0500] {processor.py:157} INFO - Started process (PID=36757) to work on /home/amina/miniconda/lib/python3.11/site-packages/airflow/example_dags/example_branch_operator_decorator.py
[2023-12-16T12:38:09.969+0500] {processor.py:829} INFO - Processing file /home/amina/miniconda/lib/python3.11/site-packages/airflow/example_dags/example_branch_operator_decorator.py for tasks to queue
[2023-12-16T12:38:09.970+0500] {logging_mixin.py:154} INFO - [2023-12-16T12:38:09.969+0500] {dagbag.py:536} INFO - Filling up the DagBag from /home/amina/miniconda/lib/python3.11/site-packages/airflow/example_dags/example_branch_operator_decorator.py
[2023-12-16T12:38:09.979+0500] {processor.py:839} INFO - DAG(s) dict_keys(['example_branch_python_operator_decorator']) retrieved from /home/amina/miniconda/lib/python3.11/site-packages/airflow/example_dags/example_branch_operator_decorator.py
[2023-12-16T12:38:09.995+0500] {logging_mixin.py:154} INFO - [2023-12-16T12:38:09.995+0500] {dag.py:2941} INFO - Sync 1 DAGs
[2023-12-16T12:38:10.012+0500] {logging_mixin.py:154} INFO - [2023-12-16T12:38:10.011+0500] {dag.py:3722} INFO - Setting next_dagrun for example_branch_python_operator_decorator to 2023-12-15T00:00:00+00:00, run_after=2023-12-16T00:00:00+00:00
[2023-12-16T12:38:10.133+0500] {processor.py:179} INFO - Processing /home/amina/miniconda/lib/python3.11/site-packages/airflow/example_dags/example_branch_operator_decorator.py took 0.182 seconds
[2023-12-16T12:39:22.172+0500] {processor.py:157} INFO - Started process (PID=36826) to work on /home/amina/miniconda/lib/python3.11/site-packages/airflow/example_dags/example_branch_operator_decorator.py
[2023-12-16T12:39:22.194+0500] {processor.py:829} INFO - Processing file /home/amina/miniconda/lib/python3.11/site-packages/airflow/example_dags/example_branch_operator_decorator.py for tasks to queue
[2023-12-16T12:39:22.195+0500] {logging_mixin.py:154} INFO - [2023-12-16T12:39:22.194+0500] {dagbag.py:536} INFO - Filling up the DagBag from /home/amina/miniconda/lib/python3.11/site-packages/airflow/example_dags/example_branch_operator_decorator.py
[2023-12-16T12:39:22.204+0500] {processor.py:839} INFO - DAG(s) dict_keys(['example_branch_python_operator_decorator']) retrieved from /home/amina/miniconda/lib/python3.11/site-packages/airflow/example_dags/example_branch_operator_decorator.py
[2023-12-16T12:39:22.219+0500] {logging_mixin.py:154} INFO - [2023-12-16T12:39:22.219+0500] {dag.py:2941} INFO - Sync 1 DAGs
[2023-12-16T12:39:22.235+0500] {logging_mixin.py:154} INFO - [2023-12-16T12:39:22.235+0500] {dag.py:3722} INFO - Setting next_dagrun for example_branch_python_operator_decorator to 2023-12-15T00:00:00+00:00, run_after=2023-12-16T00:00:00+00:00
[2023-12-16T12:39:22.354+0500] {processor.py:179} INFO - Processing /home/amina/miniconda/lib/python3.11/site-packages/airflow/example_dags/example_branch_operator_decorator.py took 0.185 seconds
[2023-12-16T12:40:37.241+0500] {processor.py:157} INFO - Started process (PID=36970) to work on /home/amina/miniconda/lib/python3.11/site-packages/airflow/example_dags/example_branch_operator_decorator.py
[2023-12-16T12:40:37.242+0500] {processor.py:829} INFO - Processing file /home/amina/miniconda/lib/python3.11/site-packages/airflow/example_dags/example_branch_operator_decorator.py for tasks to queue
[2023-12-16T12:40:37.242+0500] {logging_mixin.py:154} INFO - [2023-12-16T12:40:37.242+0500] {dagbag.py:536} INFO - Filling up the DagBag from /home/amina/miniconda/lib/python3.11/site-packages/airflow/example_dags/example_branch_operator_decorator.py
[2023-12-16T12:40:37.252+0500] {processor.py:839} INFO - DAG(s) dict_keys(['example_branch_python_operator_decorator']) retrieved from /home/amina/miniconda/lib/python3.11/site-packages/airflow/example_dags/example_branch_operator_decorator.py
[2023-12-16T12:40:37.267+0500] {logging_mixin.py:154} INFO - [2023-12-16T12:40:37.267+0500] {dag.py:2941} INFO - Sync 1 DAGs
[2023-12-16T12:40:37.283+0500] {logging_mixin.py:154} INFO - [2023-12-16T12:40:37.283+0500] {dag.py:3722} INFO - Setting next_dagrun for example_branch_python_operator_decorator to 2023-12-15T00:00:00+00:00, run_after=2023-12-16T00:00:00+00:00
[2023-12-16T12:40:37.399+0500] {processor.py:179} INFO - Processing /home/amina/miniconda/lib/python3.11/site-packages/airflow/example_dags/example_branch_operator_decorator.py took 0.161 seconds
[2023-12-16T12:41:31.806+0500] {processor.py:157} INFO - Started process (PID=37070) to work on /home/amina/miniconda/lib/python3.11/site-packages/airflow/example_dags/example_branch_operator_decorator.py
[2023-12-16T12:41:31.860+0500] {processor.py:829} INFO - Processing file /home/amina/miniconda/lib/python3.11/site-packages/airflow/example_dags/example_branch_operator_decorator.py for tasks to queue
[2023-12-16T12:41:31.860+0500] {logging_mixin.py:154} INFO - [2023-12-16T12:41:31.860+0500] {dagbag.py:536} INFO - Filling up the DagBag from /home/amina/miniconda/lib/python3.11/site-packages/airflow/example_dags/example_branch_operator_decorator.py
[2023-12-16T12:41:31.869+0500] {processor.py:839} INFO - DAG(s) dict_keys(['example_branch_python_operator_decorator']) retrieved from /home/amina/miniconda/lib/python3.11/site-packages/airflow/example_dags/example_branch_operator_decorator.py
[2023-12-16T12:41:31.884+0500] {logging_mixin.py:154} INFO - [2023-12-16T12:41:31.884+0500] {dag.py:2941} INFO - Sync 1 DAGs
[2023-12-16T12:41:31.900+0500] {logging_mixin.py:154} INFO - [2023-12-16T12:41:31.900+0500] {dag.py:3722} INFO - Setting next_dagrun for example_branch_python_operator_decorator to 2023-12-15T00:00:00+00:00, run_after=2023-12-16T00:00:00+00:00
[2023-12-16T12:41:32.005+0500] {processor.py:179} INFO - Processing /home/amina/miniconda/lib/python3.11/site-packages/airflow/example_dags/example_branch_operator_decorator.py took 0.202 seconds
[2023-12-16T12:43:07.200+0500] {processor.py:157} INFO - Started process (PID=37197) to work on /home/amina/miniconda/lib/python3.11/site-packages/airflow/example_dags/example_branch_operator_decorator.py
[2023-12-16T12:43:07.239+0500] {processor.py:829} INFO - Processing file /home/amina/miniconda/lib/python3.11/site-packages/airflow/example_dags/example_branch_operator_decorator.py for tasks to queue
[2023-12-16T12:43:07.240+0500] {logging_mixin.py:154} INFO - [2023-12-16T12:43:07.240+0500] {dagbag.py:536} INFO - Filling up the DagBag from /home/amina/miniconda/lib/python3.11/site-packages/airflow/example_dags/example_branch_operator_decorator.py
[2023-12-16T12:43:07.249+0500] {processor.py:839} INFO - DAG(s) dict_keys(['example_branch_python_operator_decorator']) retrieved from /home/amina/miniconda/lib/python3.11/site-packages/airflow/example_dags/example_branch_operator_decorator.py
[2023-12-16T12:43:07.265+0500] {logging_mixin.py:154} INFO - [2023-12-16T12:43:07.264+0500] {dag.py:2941} INFO - Sync 1 DAGs
[2023-12-16T12:43:07.280+0500] {logging_mixin.py:154} INFO - [2023-12-16T12:43:07.280+0500] {dag.py:3722} INFO - Setting next_dagrun for example_branch_python_operator_decorator to 2023-12-15T00:00:00+00:00, run_after=2023-12-16T00:00:00+00:00
[2023-12-16T12:43:07.385+0500] {processor.py:179} INFO - Processing /home/amina/miniconda/lib/python3.11/site-packages/airflow/example_dags/example_branch_operator_decorator.py took 0.187 seconds
[2023-12-16T12:44:09.782+0500] {processor.py:157} INFO - Started process (PID=37257) to work on /home/amina/miniconda/lib/python3.11/site-packages/airflow/example_dags/example_branch_operator_decorator.py
[2023-12-16T12:44:09.804+0500] {processor.py:829} INFO - Processing file /home/amina/miniconda/lib/python3.11/site-packages/airflow/example_dags/example_branch_operator_decorator.py for tasks to queue
[2023-12-16T12:44:09.805+0500] {logging_mixin.py:154} INFO - [2023-12-16T12:44:09.805+0500] {dagbag.py:536} INFO - Filling up the DagBag from /home/amina/miniconda/lib/python3.11/site-packages/airflow/example_dags/example_branch_operator_decorator.py
[2023-12-16T12:44:09.816+0500] {processor.py:839} INFO - DAG(s) dict_keys(['example_branch_python_operator_decorator']) retrieved from /home/amina/miniconda/lib/python3.11/site-packages/airflow/example_dags/example_branch_operator_decorator.py
[2023-12-16T12:44:09.833+0500] {logging_mixin.py:154} INFO - [2023-12-16T12:44:09.833+0500] {dag.py:2941} INFO - Sync 1 DAGs
[2023-12-16T12:44:09.851+0500] {logging_mixin.py:154} INFO - [2023-12-16T12:44:09.851+0500] {dag.py:3722} INFO - Setting next_dagrun for example_branch_python_operator_decorator to 2023-12-15T00:00:00+00:00, run_after=2023-12-16T00:00:00+00:00
[2023-12-16T12:44:09.977+0500] {processor.py:179} INFO - Processing /home/amina/miniconda/lib/python3.11/site-packages/airflow/example_dags/example_branch_operator_decorator.py took 0.197 seconds
[2023-12-16T12:45:21.035+0500] {processor.py:157} INFO - Started process (PID=37375) to work on /home/amina/miniconda/lib/python3.11/site-packages/airflow/example_dags/example_branch_operator_decorator.py
[2023-12-16T12:45:21.078+0500] {processor.py:829} INFO - Processing file /home/amina/miniconda/lib/python3.11/site-packages/airflow/example_dags/example_branch_operator_decorator.py for tasks to queue
[2023-12-16T12:45:21.079+0500] {logging_mixin.py:154} INFO - [2023-12-16T12:45:21.078+0500] {dagbag.py:536} INFO - Filling up the DagBag from /home/amina/miniconda/lib/python3.11/site-packages/airflow/example_dags/example_branch_operator_decorator.py
[2023-12-16T12:45:21.088+0500] {processor.py:839} INFO - DAG(s) dict_keys(['example_branch_python_operator_decorator']) retrieved from /home/amina/miniconda/lib/python3.11/site-packages/airflow/example_dags/example_branch_operator_decorator.py
[2023-12-16T12:45:21.105+0500] {logging_mixin.py:154} INFO - [2023-12-16T12:45:21.104+0500] {dag.py:2941} INFO - Sync 1 DAGs
[2023-12-16T12:45:21.120+0500] {logging_mixin.py:154} INFO - [2023-12-16T12:45:21.120+0500] {dag.py:3722} INFO - Setting next_dagrun for example_branch_python_operator_decorator to 2023-12-15T00:00:00+00:00, run_after=2023-12-16T00:00:00+00:00
[2023-12-16T12:45:21.237+0500] {processor.py:179} INFO - Processing /home/amina/miniconda/lib/python3.11/site-packages/airflow/example_dags/example_branch_operator_decorator.py took 0.205 seconds
[2023-12-16T12:46:32.203+0500] {processor.py:157} INFO - Started process (PID=37455) to work on /home/amina/miniconda/lib/python3.11/site-packages/airflow/example_dags/example_branch_operator_decorator.py
[2023-12-16T12:46:32.221+0500] {processor.py:829} INFO - Processing file /home/amina/miniconda/lib/python3.11/site-packages/airflow/example_dags/example_branch_operator_decorator.py for tasks to queue
[2023-12-16T12:46:32.222+0500] {logging_mixin.py:154} INFO - [2023-12-16T12:46:32.222+0500] {dagbag.py:536} INFO - Filling up the DagBag from /home/amina/miniconda/lib/python3.11/site-packages/airflow/example_dags/example_branch_operator_decorator.py
[2023-12-16T12:46:32.231+0500] {processor.py:839} INFO - DAG(s) dict_keys(['example_branch_python_operator_decorator']) retrieved from /home/amina/miniconda/lib/python3.11/site-packages/airflow/example_dags/example_branch_operator_decorator.py
[2023-12-16T12:46:32.246+0500] {logging_mixin.py:154} INFO - [2023-12-16T12:46:32.246+0500] {dag.py:2941} INFO - Sync 1 DAGs
[2023-12-16T12:46:32.261+0500] {logging_mixin.py:154} INFO - [2023-12-16T12:46:32.261+0500] {dag.py:3722} INFO - Setting next_dagrun for example_branch_python_operator_decorator to 2023-12-15T00:00:00+00:00, run_after=2023-12-16T00:00:00+00:00
[2023-12-16T12:46:32.358+0500] {processor.py:179} INFO - Processing /home/amina/miniconda/lib/python3.11/site-packages/airflow/example_dags/example_branch_operator_decorator.py took 0.159 seconds
[2023-12-16T12:47:24.967+0500] {processor.py:157} INFO - Started process (PID=37511) to work on /home/amina/miniconda/lib/python3.11/site-packages/airflow/example_dags/example_branch_operator_decorator.py
[2023-12-16T12:47:24.992+0500] {processor.py:829} INFO - Processing file /home/amina/miniconda/lib/python3.11/site-packages/airflow/example_dags/example_branch_operator_decorator.py for tasks to queue
[2023-12-16T12:47:24.992+0500] {logging_mixin.py:154} INFO - [2023-12-16T12:47:24.992+0500] {dagbag.py:536} INFO - Filling up the DagBag from /home/amina/miniconda/lib/python3.11/site-packages/airflow/example_dags/example_branch_operator_decorator.py
[2023-12-16T12:47:25.002+0500] {processor.py:839} INFO - DAG(s) dict_keys(['example_branch_python_operator_decorator']) retrieved from /home/amina/miniconda/lib/python3.11/site-packages/airflow/example_dags/example_branch_operator_decorator.py
[2023-12-16T12:47:25.018+0500] {logging_mixin.py:154} INFO - [2023-12-16T12:47:25.018+0500] {dag.py:2941} INFO - Sync 1 DAGs
[2023-12-16T12:47:25.034+0500] {logging_mixin.py:154} INFO - [2023-12-16T12:47:25.034+0500] {dag.py:3722} INFO - Setting next_dagrun for example_branch_python_operator_decorator to 2023-12-15T00:00:00+00:00, run_after=2023-12-16T00:00:00+00:00
[2023-12-16T12:47:25.143+0500] {processor.py:179} INFO - Processing /home/amina/miniconda/lib/python3.11/site-packages/airflow/example_dags/example_branch_operator_decorator.py took 0.179 seconds
[2023-12-16T12:48:19.161+0500] {processor.py:157} INFO - Started process (PID=37572) to work on /home/amina/miniconda/lib/python3.11/site-packages/airflow/example_dags/example_branch_operator_decorator.py
[2023-12-16T12:48:19.206+0500] {processor.py:829} INFO - Processing file /home/amina/miniconda/lib/python3.11/site-packages/airflow/example_dags/example_branch_operator_decorator.py for tasks to queue
[2023-12-16T12:48:19.206+0500] {logging_mixin.py:154} INFO - [2023-12-16T12:48:19.206+0500] {dagbag.py:536} INFO - Filling up the DagBag from /home/amina/miniconda/lib/python3.11/site-packages/airflow/example_dags/example_branch_operator_decorator.py
[2023-12-16T12:48:19.215+0500] {processor.py:839} INFO - DAG(s) dict_keys(['example_branch_python_operator_decorator']) retrieved from /home/amina/miniconda/lib/python3.11/site-packages/airflow/example_dags/example_branch_operator_decorator.py
[2023-12-16T12:48:19.231+0500] {logging_mixin.py:154} INFO - [2023-12-16T12:48:19.231+0500] {dag.py:2941} INFO - Sync 1 DAGs
[2023-12-16T12:48:19.248+0500] {logging_mixin.py:154} INFO - [2023-12-16T12:48:19.248+0500] {dag.py:3722} INFO - Setting next_dagrun for example_branch_python_operator_decorator to 2023-12-15T00:00:00+00:00, run_after=2023-12-16T00:00:00+00:00
[2023-12-16T12:48:19.340+0500] {processor.py:179} INFO - Processing /home/amina/miniconda/lib/python3.11/site-packages/airflow/example_dags/example_branch_operator_decorator.py took 0.183 seconds
[2023-12-16T12:49:43.842+0500] {processor.py:157} INFO - Started process (PID=38338) to work on /home/amina/miniconda/lib/python3.11/site-packages/airflow/example_dags/example_branch_operator_decorator.py
[2023-12-16T12:49:43.917+0500] {processor.py:829} INFO - Processing file /home/amina/miniconda/lib/python3.11/site-packages/airflow/example_dags/example_branch_operator_decorator.py for tasks to queue
[2023-12-16T12:49:43.919+0500] {logging_mixin.py:154} INFO - [2023-12-16T12:49:43.918+0500] {dagbag.py:536} INFO - Filling up the DagBag from /home/amina/miniconda/lib/python3.11/site-packages/airflow/example_dags/example_branch_operator_decorator.py
[2023-12-16T12:49:43.929+0500] {processor.py:839} INFO - DAG(s) dict_keys(['example_branch_python_operator_decorator']) retrieved from /home/amina/miniconda/lib/python3.11/site-packages/airflow/example_dags/example_branch_operator_decorator.py
[2023-12-16T12:49:43.953+0500] {logging_mixin.py:154} INFO - [2023-12-16T12:49:43.953+0500] {dag.py:2941} INFO - Sync 1 DAGs
[2023-12-16T12:49:43.976+0500] {logging_mixin.py:154} INFO - [2023-12-16T12:49:43.976+0500] {dag.py:3722} INFO - Setting next_dagrun for example_branch_python_operator_decorator to 2023-12-15T00:00:00+00:00, run_after=2023-12-16T00:00:00+00:00
[2023-12-16T12:49:44.095+0500] {processor.py:179} INFO - Processing /home/amina/miniconda/lib/python3.11/site-packages/airflow/example_dags/example_branch_operator_decorator.py took 0.257 seconds
[2023-12-16T12:50:52.318+0500] {processor.py:157} INFO - Started process (PID=38494) to work on /home/amina/miniconda/lib/python3.11/site-packages/airflow/example_dags/example_branch_operator_decorator.py
[2023-12-16T12:50:52.337+0500] {processor.py:829} INFO - Processing file /home/amina/miniconda/lib/python3.11/site-packages/airflow/example_dags/example_branch_operator_decorator.py for tasks to queue
[2023-12-16T12:50:52.338+0500] {logging_mixin.py:154} INFO - [2023-12-16T12:50:52.337+0500] {dagbag.py:536} INFO - Filling up the DagBag from /home/amina/miniconda/lib/python3.11/site-packages/airflow/example_dags/example_branch_operator_decorator.py
[2023-12-16T12:50:52.349+0500] {processor.py:839} INFO - DAG(s) dict_keys(['example_branch_python_operator_decorator']) retrieved from /home/amina/miniconda/lib/python3.11/site-packages/airflow/example_dags/example_branch_operator_decorator.py
[2023-12-16T12:50:52.369+0500] {logging_mixin.py:154} INFO - [2023-12-16T12:50:52.369+0500] {dag.py:2941} INFO - Sync 1 DAGs
[2023-12-16T12:50:52.392+0500] {logging_mixin.py:154} INFO - [2023-12-16T12:50:52.391+0500] {dag.py:3722} INFO - Setting next_dagrun for example_branch_python_operator_decorator to 2023-12-15T00:00:00+00:00, run_after=2023-12-16T00:00:00+00:00
[2023-12-16T12:50:52.650+0500] {processor.py:179} INFO - Processing /home/amina/miniconda/lib/python3.11/site-packages/airflow/example_dags/example_branch_operator_decorator.py took 0.334 seconds
[2023-12-16T12:51:53.151+0500] {processor.py:157} INFO - Started process (PID=38544) to work on /home/amina/miniconda/lib/python3.11/site-packages/airflow/example_dags/example_branch_operator_decorator.py
[2023-12-16T12:51:53.210+0500] {processor.py:829} INFO - Processing file /home/amina/miniconda/lib/python3.11/site-packages/airflow/example_dags/example_branch_operator_decorator.py for tasks to queue
[2023-12-16T12:51:53.211+0500] {logging_mixin.py:154} INFO - [2023-12-16T12:51:53.210+0500] {dagbag.py:536} INFO - Filling up the DagBag from /home/amina/miniconda/lib/python3.11/site-packages/airflow/example_dags/example_branch_operator_decorator.py
[2023-12-16T12:51:53.225+0500] {processor.py:839} INFO - DAG(s) dict_keys(['example_branch_python_operator_decorator']) retrieved from /home/amina/miniconda/lib/python3.11/site-packages/airflow/example_dags/example_branch_operator_decorator.py
[2023-12-16T12:51:53.247+0500] {logging_mixin.py:154} INFO - [2023-12-16T12:51:53.247+0500] {dag.py:2941} INFO - Sync 1 DAGs
[2023-12-16T12:51:53.276+0500] {logging_mixin.py:154} INFO - [2023-12-16T12:51:53.275+0500] {dag.py:3722} INFO - Setting next_dagrun for example_branch_python_operator_decorator to 2023-12-15T00:00:00+00:00, run_after=2023-12-16T00:00:00+00:00
[2023-12-16T12:51:53.379+0500] {processor.py:179} INFO - Processing /home/amina/miniconda/lib/python3.11/site-packages/airflow/example_dags/example_branch_operator_decorator.py took 0.232 seconds
[2023-12-16T12:52:48.430+0500] {processor.py:157} INFO - Started process (PID=38594) to work on /home/amina/miniconda/lib/python3.11/site-packages/airflow/example_dags/example_branch_operator_decorator.py
[2023-12-16T12:52:48.506+0500] {processor.py:829} INFO - Processing file /home/amina/miniconda/lib/python3.11/site-packages/airflow/example_dags/example_branch_operator_decorator.py for tasks to queue
[2023-12-16T12:52:48.507+0500] {logging_mixin.py:154} INFO - [2023-12-16T12:52:48.507+0500] {dagbag.py:536} INFO - Filling up the DagBag from /home/amina/miniconda/lib/python3.11/site-packages/airflow/example_dags/example_branch_operator_decorator.py
[2023-12-16T12:52:48.521+0500] {processor.py:839} INFO - DAG(s) dict_keys(['example_branch_python_operator_decorator']) retrieved from /home/amina/miniconda/lib/python3.11/site-packages/airflow/example_dags/example_branch_operator_decorator.py
[2023-12-16T12:52:48.538+0500] {logging_mixin.py:154} INFO - [2023-12-16T12:52:48.538+0500] {dag.py:2941} INFO - Sync 1 DAGs
[2023-12-16T12:52:48.556+0500] {logging_mixin.py:154} INFO - [2023-12-16T12:52:48.556+0500] {dag.py:3722} INFO - Setting next_dagrun for example_branch_python_operator_decorator to 2023-12-15T00:00:00+00:00, run_after=2023-12-16T00:00:00+00:00
[2023-12-16T12:52:48.650+0500] {processor.py:179} INFO - Processing /home/amina/miniconda/lib/python3.11/site-packages/airflow/example_dags/example_branch_operator_decorator.py took 0.223 seconds
