[2023-12-16T12:23:02.955+0500] {processor.py:157} INFO - Started process (PID=20669) to work on /home/amina/miniconda/lib/python3.11/site-packages/airflow/example_dags/example_python_operator.py
[2023-12-16T12:23:02.956+0500] {processor.py:829} INFO - Processing file /home/amina/miniconda/lib/python3.11/site-packages/airflow/example_dags/example_python_operator.py for tasks to queue
[2023-12-16T12:23:02.958+0500] {logging_mixin.py:154} INFO - [2023-12-16T12:23:02.958+0500] {dagbag.py:536} INFO - Filling up the DagBag from /home/amina/miniconda/lib/python3.11/site-packages/airflow/example_dags/example_python_operator.py
[2023-12-16T12:23:02.967+0500] {logging_mixin.py:154} INFO - [2023-12-16T12:23:02.967+0500] {example_python_operator.py:86} WARNING - The virtalenv_python example task requires virtualenv, please install it.
[2023-12-16T12:23:02.968+0500] {processor.py:839} INFO - DAG(s) dict_keys(['example_python_operator']) retrieved from /home/amina/miniconda/lib/python3.11/site-packages/airflow/example_dags/example_python_operator.py
[2023-12-16T12:23:02.991+0500] {logging_mixin.py:154} INFO - [2023-12-16T12:23:02.990+0500] {dag.py:2941} INFO - Sync 1 DAGs
[2023-12-16T12:23:03.008+0500] {logging_mixin.py:154} INFO - [2023-12-16T12:23:03.007+0500] {dag.py:3722} INFO - Setting next_dagrun for example_python_operator to None, run_after=None
[2023-12-16T12:23:03.156+0500] {processor.py:179} INFO - Processing /home/amina/miniconda/lib/python3.11/site-packages/airflow/example_dags/example_python_operator.py took 0.204 seconds
[2023-12-16T12:24:00.749+0500] {processor.py:157} INFO - Started process (PID=21951) to work on /home/amina/miniconda/lib/python3.11/site-packages/airflow/example_dags/example_python_operator.py
[2023-12-16T12:24:00.750+0500] {processor.py:829} INFO - Processing file /home/amina/miniconda/lib/python3.11/site-packages/airflow/example_dags/example_python_operator.py for tasks to queue
[2023-12-16T12:24:00.751+0500] {logging_mixin.py:154} INFO - [2023-12-16T12:24:00.750+0500] {dagbag.py:536} INFO - Filling up the DagBag from /home/amina/miniconda/lib/python3.11/site-packages/airflow/example_dags/example_python_operator.py
[2023-12-16T12:24:00.760+0500] {logging_mixin.py:154} INFO - [2023-12-16T12:24:00.760+0500] {example_python_operator.py:86} WARNING - The virtalenv_python example task requires virtualenv, please install it.
[2023-12-16T12:24:00.761+0500] {processor.py:839} INFO - DAG(s) dict_keys(['example_python_operator']) retrieved from /home/amina/miniconda/lib/python3.11/site-packages/airflow/example_dags/example_python_operator.py
[2023-12-16T12:24:00.777+0500] {logging_mixin.py:154} INFO - [2023-12-16T12:24:00.777+0500] {dag.py:2941} INFO - Sync 1 DAGs
[2023-12-16T12:24:00.789+0500] {logging_mixin.py:154} INFO - [2023-12-16T12:24:00.789+0500] {dag.py:3722} INFO - Setting next_dagrun for example_python_operator to None, run_after=None
[2023-12-16T12:24:00.916+0500] {processor.py:179} INFO - Processing /home/amina/miniconda/lib/python3.11/site-packages/airflow/example_dags/example_python_operator.py took 0.170 seconds
[2023-12-16T12:25:34.078+0500] {processor.py:157} INFO - Started process (PID=23875) to work on /home/amina/miniconda/lib/python3.11/site-packages/airflow/example_dags/example_python_operator.py
[2023-12-16T12:25:34.107+0500] {processor.py:829} INFO - Processing file /home/amina/miniconda/lib/python3.11/site-packages/airflow/example_dags/example_python_operator.py for tasks to queue
[2023-12-16T12:25:34.108+0500] {logging_mixin.py:154} INFO - [2023-12-16T12:25:34.108+0500] {dagbag.py:536} INFO - Filling up the DagBag from /home/amina/miniconda/lib/python3.11/site-packages/airflow/example_dags/example_python_operator.py
[2023-12-16T12:25:34.121+0500] {logging_mixin.py:154} INFO - [2023-12-16T12:25:34.120+0500] {example_python_operator.py:86} WARNING - The virtalenv_python example task requires virtualenv, please install it.
[2023-12-16T12:25:34.121+0500] {processor.py:839} INFO - DAG(s) dict_keys(['example_python_operator']) retrieved from /home/amina/miniconda/lib/python3.11/site-packages/airflow/example_dags/example_python_operator.py
[2023-12-16T12:25:34.141+0500] {logging_mixin.py:154} INFO - [2023-12-16T12:25:34.141+0500] {dag.py:2941} INFO - Sync 1 DAGs
[2023-12-16T12:25:34.152+0500] {logging_mixin.py:154} INFO - [2023-12-16T12:25:34.152+0500] {dag.py:3722} INFO - Setting next_dagrun for example_python_operator to None, run_after=None
[2023-12-16T12:25:34.342+0500] {processor.py:179} INFO - Processing /home/amina/miniconda/lib/python3.11/site-packages/airflow/example_dags/example_python_operator.py took 0.268 seconds
[2023-12-16T12:26:47.321+0500] {processor.py:157} INFO - Started process (PID=25221) to work on /home/amina/miniconda/lib/python3.11/site-packages/airflow/example_dags/example_python_operator.py
[2023-12-16T12:26:47.338+0500] {processor.py:829} INFO - Processing file /home/amina/miniconda/lib/python3.11/site-packages/airflow/example_dags/example_python_operator.py for tasks to queue
[2023-12-16T12:26:47.338+0500] {logging_mixin.py:154} INFO - [2023-12-16T12:26:47.338+0500] {dagbag.py:536} INFO - Filling up the DagBag from /home/amina/miniconda/lib/python3.11/site-packages/airflow/example_dags/example_python_operator.py
[2023-12-16T12:26:47.347+0500] {logging_mixin.py:154} INFO - [2023-12-16T12:26:47.346+0500] {example_python_operator.py:86} WARNING - The virtalenv_python example task requires virtualenv, please install it.
[2023-12-16T12:26:47.347+0500] {processor.py:839} INFO - DAG(s) dict_keys(['example_python_operator']) retrieved from /home/amina/miniconda/lib/python3.11/site-packages/airflow/example_dags/example_python_operator.py
[2023-12-16T12:26:47.362+0500] {logging_mixin.py:154} INFO - [2023-12-16T12:26:47.362+0500] {dag.py:2941} INFO - Sync 1 DAGs
[2023-12-16T12:26:47.374+0500] {logging_mixin.py:154} INFO - [2023-12-16T12:26:47.373+0500] {dag.py:3722} INFO - Setting next_dagrun for example_python_operator to None, run_after=None
[2023-12-16T12:26:47.742+0500] {processor.py:179} INFO - Processing /home/amina/miniconda/lib/python3.11/site-packages/airflow/example_dags/example_python_operator.py took 0.424 seconds
[2023-12-16T12:28:58.093+0500] {processor.py:157} INFO - Started process (PID=27862) to work on /home/amina/miniconda/lib/python3.11/site-packages/airflow/example_dags/example_python_operator.py
[2023-12-16T12:28:58.144+0500] {processor.py:829} INFO - Processing file /home/amina/miniconda/lib/python3.11/site-packages/airflow/example_dags/example_python_operator.py for tasks to queue
[2023-12-16T12:28:58.145+0500] {logging_mixin.py:154} INFO - [2023-12-16T12:28:58.145+0500] {dagbag.py:536} INFO - Filling up the DagBag from /home/amina/miniconda/lib/python3.11/site-packages/airflow/example_dags/example_python_operator.py
[2023-12-16T12:28:58.158+0500] {logging_mixin.py:154} INFO - [2023-12-16T12:28:58.158+0500] {example_python_operator.py:86} WARNING - The virtalenv_python example task requires virtualenv, please install it.
[2023-12-16T12:28:58.158+0500] {processor.py:839} INFO - DAG(s) dict_keys(['example_python_operator']) retrieved from /home/amina/miniconda/lib/python3.11/site-packages/airflow/example_dags/example_python_operator.py
[2023-12-16T12:28:58.176+0500] {logging_mixin.py:154} INFO - [2023-12-16T12:28:58.176+0500] {dag.py:2941} INFO - Sync 1 DAGs
[2023-12-16T12:28:58.191+0500] {logging_mixin.py:154} INFO - [2023-12-16T12:28:58.191+0500] {dag.py:3722} INFO - Setting next_dagrun for example_python_operator to None, run_after=None
[2023-12-16T12:28:58.317+0500] {processor.py:179} INFO - Processing /home/amina/miniconda/lib/python3.11/site-packages/airflow/example_dags/example_python_operator.py took 0.228 seconds
[2023-12-16T12:31:08.705+0500] {processor.py:157} INFO - Started process (PID=30739) to work on /home/amina/miniconda/lib/python3.11/site-packages/airflow/example_dags/example_python_operator.py
[2023-12-16T12:31:08.739+0500] {processor.py:829} INFO - Processing file /home/amina/miniconda/lib/python3.11/site-packages/airflow/example_dags/example_python_operator.py for tasks to queue
[2023-12-16T12:31:08.740+0500] {logging_mixin.py:154} INFO - [2023-12-16T12:31:08.740+0500] {dagbag.py:536} INFO - Filling up the DagBag from /home/amina/miniconda/lib/python3.11/site-packages/airflow/example_dags/example_python_operator.py
[2023-12-16T12:31:08.748+0500] {logging_mixin.py:154} INFO - [2023-12-16T12:31:08.748+0500] {example_python_operator.py:86} WARNING - The virtalenv_python example task requires virtualenv, please install it.
[2023-12-16T12:31:08.748+0500] {processor.py:839} INFO - DAG(s) dict_keys(['example_python_operator']) retrieved from /home/amina/miniconda/lib/python3.11/site-packages/airflow/example_dags/example_python_operator.py
[2023-12-16T12:31:08.762+0500] {logging_mixin.py:154} INFO - [2023-12-16T12:31:08.762+0500] {dag.py:2941} INFO - Sync 1 DAGs
[2023-12-16T12:31:08.771+0500] {logging_mixin.py:154} INFO - [2023-12-16T12:31:08.771+0500] {dag.py:3722} INFO - Setting next_dagrun for example_python_operator to None, run_after=None
[2023-12-16T12:31:08.954+0500] {processor.py:179} INFO - Processing /home/amina/miniconda/lib/python3.11/site-packages/airflow/example_dags/example_python_operator.py took 0.252 seconds
[2023-12-16T12:32:09.067+0500] {processor.py:157} INFO - Started process (PID=32360) to work on /home/amina/miniconda/lib/python3.11/site-packages/airflow/example_dags/example_python_operator.py
[2023-12-16T12:32:09.107+0500] {processor.py:829} INFO - Processing file /home/amina/miniconda/lib/python3.11/site-packages/airflow/example_dags/example_python_operator.py for tasks to queue
[2023-12-16T12:32:09.108+0500] {logging_mixin.py:154} INFO - [2023-12-16T12:32:09.108+0500] {dagbag.py:536} INFO - Filling up the DagBag from /home/amina/miniconda/lib/python3.11/site-packages/airflow/example_dags/example_python_operator.py
[2023-12-16T12:32:09.116+0500] {logging_mixin.py:154} INFO - [2023-12-16T12:32:09.115+0500] {example_python_operator.py:86} WARNING - The virtalenv_python example task requires virtualenv, please install it.
[2023-12-16T12:32:09.116+0500] {processor.py:839} INFO - DAG(s) dict_keys(['example_python_operator']) retrieved from /home/amina/miniconda/lib/python3.11/site-packages/airflow/example_dags/example_python_operator.py
[2023-12-16T12:32:09.130+0500] {logging_mixin.py:154} INFO - [2023-12-16T12:32:09.130+0500] {dag.py:2941} INFO - Sync 1 DAGs
[2023-12-16T12:32:09.140+0500] {logging_mixin.py:154} INFO - [2023-12-16T12:32:09.140+0500] {dag.py:3722} INFO - Setting next_dagrun for example_python_operator to None, run_after=None
[2023-12-16T12:32:09.285+0500] {processor.py:179} INFO - Processing /home/amina/miniconda/lib/python3.11/site-packages/airflow/example_dags/example_python_operator.py took 0.220 seconds
[2023-12-16T12:33:10.287+0500] {processor.py:157} INFO - Started process (PID=33482) to work on /home/amina/miniconda/lib/python3.11/site-packages/airflow/example_dags/example_python_operator.py
[2023-12-16T12:33:10.315+0500] {processor.py:829} INFO - Processing file /home/amina/miniconda/lib/python3.11/site-packages/airflow/example_dags/example_python_operator.py for tasks to queue
[2023-12-16T12:33:10.316+0500] {logging_mixin.py:154} INFO - [2023-12-16T12:33:10.316+0500] {dagbag.py:536} INFO - Filling up the DagBag from /home/amina/miniconda/lib/python3.11/site-packages/airflow/example_dags/example_python_operator.py
[2023-12-16T12:33:10.324+0500] {logging_mixin.py:154} INFO - [2023-12-16T12:33:10.324+0500] {example_python_operator.py:86} WARNING - The virtalenv_python example task requires virtualenv, please install it.
[2023-12-16T12:33:10.325+0500] {processor.py:839} INFO - DAG(s) dict_keys(['example_python_operator']) retrieved from /home/amina/miniconda/lib/python3.11/site-packages/airflow/example_dags/example_python_operator.py
[2023-12-16T12:33:10.340+0500] {logging_mixin.py:154} INFO - [2023-12-16T12:33:10.340+0500] {dag.py:2941} INFO - Sync 1 DAGs
[2023-12-16T12:33:10.351+0500] {logging_mixin.py:154} INFO - [2023-12-16T12:33:10.350+0500] {dag.py:3722} INFO - Setting next_dagrun for example_python_operator to None, run_after=None
[2023-12-16T12:33:10.480+0500] {processor.py:179} INFO - Processing /home/amina/miniconda/lib/python3.11/site-packages/airflow/example_dags/example_python_operator.py took 0.196 seconds
[2023-12-16T12:34:07.712+0500] {processor.py:157} INFO - Started process (PID=35255) to work on /home/amina/miniconda/lib/python3.11/site-packages/airflow/example_dags/example_python_operator.py
[2023-12-16T12:34:07.806+0500] {processor.py:829} INFO - Processing file /home/amina/miniconda/lib/python3.11/site-packages/airflow/example_dags/example_python_operator.py for tasks to queue
[2023-12-16T12:34:07.807+0500] {logging_mixin.py:154} INFO - [2023-12-16T12:34:07.806+0500] {dagbag.py:536} INFO - Filling up the DagBag from /home/amina/miniconda/lib/python3.11/site-packages/airflow/example_dags/example_python_operator.py
[2023-12-16T12:34:07.815+0500] {logging_mixin.py:154} INFO - [2023-12-16T12:34:07.815+0500] {example_python_operator.py:86} WARNING - The virtalenv_python example task requires virtualenv, please install it.
[2023-12-16T12:34:07.816+0500] {processor.py:839} INFO - DAG(s) dict_keys(['example_python_operator']) retrieved from /home/amina/miniconda/lib/python3.11/site-packages/airflow/example_dags/example_python_operator.py
[2023-12-16T12:34:07.831+0500] {logging_mixin.py:154} INFO - [2023-12-16T12:34:07.831+0500] {dag.py:2941} INFO - Sync 1 DAGs
[2023-12-16T12:34:07.841+0500] {logging_mixin.py:154} INFO - [2023-12-16T12:34:07.840+0500] {dag.py:3722} INFO - Setting next_dagrun for example_python_operator to None, run_after=None
[2023-12-16T12:34:08.045+0500] {processor.py:179} INFO - Processing /home/amina/miniconda/lib/python3.11/site-packages/airflow/example_dags/example_python_operator.py took 0.336 seconds
[2023-12-16T12:35:10.819+0500] {processor.py:157} INFO - Started process (PID=36333) to work on /home/amina/miniconda/lib/python3.11/site-packages/airflow/example_dags/example_python_operator.py
[2023-12-16T12:35:10.820+0500] {processor.py:829} INFO - Processing file /home/amina/miniconda/lib/python3.11/site-packages/airflow/example_dags/example_python_operator.py for tasks to queue
[2023-12-16T12:35:10.821+0500] {logging_mixin.py:154} INFO - [2023-12-16T12:35:10.820+0500] {dagbag.py:536} INFO - Filling up the DagBag from /home/amina/miniconda/lib/python3.11/site-packages/airflow/example_dags/example_python_operator.py
[2023-12-16T12:35:10.829+0500] {logging_mixin.py:154} INFO - [2023-12-16T12:35:10.829+0500] {example_python_operator.py:86} WARNING - The virtalenv_python example task requires virtualenv, please install it.
[2023-12-16T12:35:10.830+0500] {processor.py:839} INFO - DAG(s) dict_keys(['example_python_operator']) retrieved from /home/amina/miniconda/lib/python3.11/site-packages/airflow/example_dags/example_python_operator.py
[2023-12-16T12:35:10.844+0500] {logging_mixin.py:154} INFO - [2023-12-16T12:35:10.844+0500] {dag.py:2941} INFO - Sync 1 DAGs
[2023-12-16T12:35:10.853+0500] {logging_mixin.py:154} INFO - [2023-12-16T12:35:10.853+0500] {dag.py:3722} INFO - Setting next_dagrun for example_python_operator to None, run_after=None
[2023-12-16T12:35:10.965+0500] {processor.py:179} INFO - Processing /home/amina/miniconda/lib/python3.11/site-packages/airflow/example_dags/example_python_operator.py took 0.148 seconds
[2023-12-16T12:36:05.650+0500] {processor.py:157} INFO - Started process (PID=36391) to work on /home/amina/miniconda/lib/python3.11/site-packages/airflow/example_dags/example_python_operator.py
[2023-12-16T12:36:05.674+0500] {processor.py:829} INFO - Processing file /home/amina/miniconda/lib/python3.11/site-packages/airflow/example_dags/example_python_operator.py for tasks to queue
[2023-12-16T12:36:05.675+0500] {logging_mixin.py:154} INFO - [2023-12-16T12:36:05.674+0500] {dagbag.py:536} INFO - Filling up the DagBag from /home/amina/miniconda/lib/python3.11/site-packages/airflow/example_dags/example_python_operator.py
[2023-12-16T12:36:05.682+0500] {logging_mixin.py:154} INFO - [2023-12-16T12:36:05.682+0500] {example_python_operator.py:86} WARNING - The virtalenv_python example task requires virtualenv, please install it.
[2023-12-16T12:36:05.683+0500] {processor.py:839} INFO - DAG(s) dict_keys(['example_python_operator']) retrieved from /home/amina/miniconda/lib/python3.11/site-packages/airflow/example_dags/example_python_operator.py
[2023-12-16T12:36:05.697+0500] {logging_mixin.py:154} INFO - [2023-12-16T12:36:05.697+0500] {dag.py:2941} INFO - Sync 1 DAGs
[2023-12-16T12:36:05.706+0500] {logging_mixin.py:154} INFO - [2023-12-16T12:36:05.706+0500] {dag.py:3722} INFO - Setting next_dagrun for example_python_operator to None, run_after=None
[2023-12-16T12:36:05.816+0500] {processor.py:179} INFO - Processing /home/amina/miniconda/lib/python3.11/site-packages/airflow/example_dags/example_python_operator.py took 0.169 seconds
[2023-12-16T12:37:02.279+0500] {processor.py:157} INFO - Started process (PID=36589) to work on /home/amina/miniconda/lib/python3.11/site-packages/airflow/example_dags/example_python_operator.py
[2023-12-16T12:37:02.301+0500] {processor.py:829} INFO - Processing file /home/amina/miniconda/lib/python3.11/site-packages/airflow/example_dags/example_python_operator.py for tasks to queue
[2023-12-16T12:37:02.302+0500] {logging_mixin.py:154} INFO - [2023-12-16T12:37:02.301+0500] {dagbag.py:536} INFO - Filling up the DagBag from /home/amina/miniconda/lib/python3.11/site-packages/airflow/example_dags/example_python_operator.py
[2023-12-16T12:37:02.311+0500] {logging_mixin.py:154} INFO - [2023-12-16T12:37:02.311+0500] {example_python_operator.py:86} WARNING - The virtalenv_python example task requires virtualenv, please install it.
[2023-12-16T12:37:02.312+0500] {processor.py:839} INFO - DAG(s) dict_keys(['example_python_operator']) retrieved from /home/amina/miniconda/lib/python3.11/site-packages/airflow/example_dags/example_python_operator.py
[2023-12-16T12:37:02.330+0500] {logging_mixin.py:154} INFO - [2023-12-16T12:37:02.330+0500] {dag.py:2941} INFO - Sync 1 DAGs
[2023-12-16T12:37:02.341+0500] {logging_mixin.py:154} INFO - [2023-12-16T12:37:02.341+0500] {dag.py:3722} INFO - Setting next_dagrun for example_python_operator to None, run_after=None
[2023-12-16T12:37:02.626+0500] {processor.py:179} INFO - Processing /home/amina/miniconda/lib/python3.11/site-packages/airflow/example_dags/example_python_operator.py took 0.350 seconds
[2023-12-16T12:37:54.006+0500] {processor.py:157} INFO - Started process (PID=36741) to work on /home/amina/miniconda/lib/python3.11/site-packages/airflow/example_dags/example_python_operator.py
[2023-12-16T12:37:54.033+0500] {processor.py:829} INFO - Processing file /home/amina/miniconda/lib/python3.11/site-packages/airflow/example_dags/example_python_operator.py for tasks to queue
[2023-12-16T12:37:54.034+0500] {logging_mixin.py:154} INFO - [2023-12-16T12:37:54.034+0500] {dagbag.py:536} INFO - Filling up the DagBag from /home/amina/miniconda/lib/python3.11/site-packages/airflow/example_dags/example_python_operator.py
[2023-12-16T12:37:54.044+0500] {logging_mixin.py:154} INFO - [2023-12-16T12:37:54.044+0500] {example_python_operator.py:86} WARNING - The virtalenv_python example task requires virtualenv, please install it.
[2023-12-16T12:37:54.044+0500] {processor.py:839} INFO - DAG(s) dict_keys(['example_python_operator']) retrieved from /home/amina/miniconda/lib/python3.11/site-packages/airflow/example_dags/example_python_operator.py
[2023-12-16T12:37:54.060+0500] {logging_mixin.py:154} INFO - [2023-12-16T12:37:54.059+0500] {dag.py:2941} INFO - Sync 1 DAGs
[2023-12-16T12:37:54.069+0500] {logging_mixin.py:154} INFO - [2023-12-16T12:37:54.069+0500] {dag.py:3722} INFO - Setting next_dagrun for example_python_operator to None, run_after=None
[2023-12-16T12:37:54.186+0500] {processor.py:179} INFO - Processing /home/amina/miniconda/lib/python3.11/site-packages/airflow/example_dags/example_python_operator.py took 0.184 seconds
[2023-12-16T12:38:46.648+0500] {processor.py:157} INFO - Started process (PID=36792) to work on /home/amina/miniconda/lib/python3.11/site-packages/airflow/example_dags/example_python_operator.py
[2023-12-16T12:38:46.674+0500] {processor.py:829} INFO - Processing file /home/amina/miniconda/lib/python3.11/site-packages/airflow/example_dags/example_python_operator.py for tasks to queue
[2023-12-16T12:38:46.675+0500] {logging_mixin.py:154} INFO - [2023-12-16T12:38:46.674+0500] {dagbag.py:536} INFO - Filling up the DagBag from /home/amina/miniconda/lib/python3.11/site-packages/airflow/example_dags/example_python_operator.py
[2023-12-16T12:38:46.682+0500] {logging_mixin.py:154} INFO - [2023-12-16T12:38:46.682+0500] {example_python_operator.py:86} WARNING - The virtalenv_python example task requires virtualenv, please install it.
[2023-12-16T12:38:46.683+0500] {processor.py:839} INFO - DAG(s) dict_keys(['example_python_operator']) retrieved from /home/amina/miniconda/lib/python3.11/site-packages/airflow/example_dags/example_python_operator.py
[2023-12-16T12:38:46.697+0500] {logging_mixin.py:154} INFO - [2023-12-16T12:38:46.696+0500] {dag.py:2941} INFO - Sync 1 DAGs
[2023-12-16T12:38:46.708+0500] {logging_mixin.py:154} INFO - [2023-12-16T12:38:46.707+0500] {dag.py:3722} INFO - Setting next_dagrun for example_python_operator to None, run_after=None
[2023-12-16T12:38:46.838+0500] {processor.py:179} INFO - Processing /home/amina/miniconda/lib/python3.11/site-packages/airflow/example_dags/example_python_operator.py took 0.193 seconds
[2023-12-16T12:39:36.445+0500] {processor.py:157} INFO - Started process (PID=36839) to work on /home/amina/miniconda/lib/python3.11/site-packages/airflow/example_dags/example_python_operator.py
[2023-12-16T12:39:36.470+0500] {processor.py:829} INFO - Processing file /home/amina/miniconda/lib/python3.11/site-packages/airflow/example_dags/example_python_operator.py for tasks to queue
[2023-12-16T12:39:36.471+0500] {logging_mixin.py:154} INFO - [2023-12-16T12:39:36.470+0500] {dagbag.py:536} INFO - Filling up the DagBag from /home/amina/miniconda/lib/python3.11/site-packages/airflow/example_dags/example_python_operator.py
[2023-12-16T12:39:36.484+0500] {logging_mixin.py:154} INFO - [2023-12-16T12:39:36.484+0500] {example_python_operator.py:86} WARNING - The virtalenv_python example task requires virtualenv, please install it.
[2023-12-16T12:39:36.484+0500] {processor.py:839} INFO - DAG(s) dict_keys(['example_python_operator']) retrieved from /home/amina/miniconda/lib/python3.11/site-packages/airflow/example_dags/example_python_operator.py
[2023-12-16T12:39:36.502+0500] {logging_mixin.py:154} INFO - [2023-12-16T12:39:36.501+0500] {dag.py:2941} INFO - Sync 1 DAGs
[2023-12-16T12:39:36.514+0500] {logging_mixin.py:154} INFO - [2023-12-16T12:39:36.514+0500] {dag.py:3722} INFO - Setting next_dagrun for example_python_operator to None, run_after=None
[2023-12-16T12:39:36.638+0500] {processor.py:179} INFO - Processing /home/amina/miniconda/lib/python3.11/site-packages/airflow/example_dags/example_python_operator.py took 0.196 seconds
[2023-12-16T12:40:26.736+0500] {processor.py:157} INFO - Started process (PID=36943) to work on /home/amina/miniconda/lib/python3.11/site-packages/airflow/example_dags/example_python_operator.py
[2023-12-16T12:40:26.768+0500] {processor.py:829} INFO - Processing file /home/amina/miniconda/lib/python3.11/site-packages/airflow/example_dags/example_python_operator.py for tasks to queue
[2023-12-16T12:40:26.768+0500] {logging_mixin.py:154} INFO - [2023-12-16T12:40:26.768+0500] {dagbag.py:536} INFO - Filling up the DagBag from /home/amina/miniconda/lib/python3.11/site-packages/airflow/example_dags/example_python_operator.py
[2023-12-16T12:40:26.776+0500] {logging_mixin.py:154} INFO - [2023-12-16T12:40:26.776+0500] {example_python_operator.py:86} WARNING - The virtalenv_python example task requires virtualenv, please install it.
[2023-12-16T12:40:26.776+0500] {processor.py:839} INFO - DAG(s) dict_keys(['example_python_operator']) retrieved from /home/amina/miniconda/lib/python3.11/site-packages/airflow/example_dags/example_python_operator.py
[2023-12-16T12:40:26.790+0500] {logging_mixin.py:154} INFO - [2023-12-16T12:40:26.790+0500] {dag.py:2941} INFO - Sync 1 DAGs
[2023-12-16T12:40:26.800+0500] {logging_mixin.py:154} INFO - [2023-12-16T12:40:26.800+0500] {dag.py:3722} INFO - Setting next_dagrun for example_python_operator to None, run_after=None
[2023-12-16T12:40:26.934+0500] {processor.py:179} INFO - Processing /home/amina/miniconda/lib/python3.11/site-packages/airflow/example_dags/example_python_operator.py took 0.201 seconds
[2023-12-16T12:41:17.924+0500] {processor.py:157} INFO - Started process (PID=37051) to work on /home/amina/miniconda/lib/python3.11/site-packages/airflow/example_dags/example_python_operator.py
[2023-12-16T12:41:17.948+0500] {processor.py:829} INFO - Processing file /home/amina/miniconda/lib/python3.11/site-packages/airflow/example_dags/example_python_operator.py for tasks to queue
[2023-12-16T12:41:17.949+0500] {logging_mixin.py:154} INFO - [2023-12-16T12:41:17.948+0500] {dagbag.py:536} INFO - Filling up the DagBag from /home/amina/miniconda/lib/python3.11/site-packages/airflow/example_dags/example_python_operator.py
[2023-12-16T12:41:17.956+0500] {logging_mixin.py:154} INFO - [2023-12-16T12:41:17.956+0500] {example_python_operator.py:86} WARNING - The virtalenv_python example task requires virtualenv, please install it.
[2023-12-16T12:41:17.957+0500] {processor.py:839} INFO - DAG(s) dict_keys(['example_python_operator']) retrieved from /home/amina/miniconda/lib/python3.11/site-packages/airflow/example_dags/example_python_operator.py
[2023-12-16T12:41:17.982+0500] {logging_mixin.py:154} INFO - [2023-12-16T12:41:17.981+0500] {dag.py:2941} INFO - Sync 1 DAGs
[2023-12-16T12:41:17.995+0500] {logging_mixin.py:154} INFO - [2023-12-16T12:41:17.994+0500] {dag.py:3722} INFO - Setting next_dagrun for example_python_operator to None, run_after=None
[2023-12-16T12:41:18.113+0500] {processor.py:179} INFO - Processing /home/amina/miniconda/lib/python3.11/site-packages/airflow/example_dags/example_python_operator.py took 0.192 seconds
