[2023-12-16T12:23:30.137+0500] {processor.py:157} INFO - Started process (PID=21203) to work on /home/amina/miniconda/lib/python3.11/site-packages/airflow/example_dags/example_dynamic_task_mapping.py
[2023-12-16T12:23:30.138+0500] {processor.py:829} INFO - Processing file /home/amina/miniconda/lib/python3.11/site-packages/airflow/example_dags/example_dynamic_task_mapping.py for tasks to queue
[2023-12-16T12:23:30.138+0500] {logging_mixin.py:154} INFO - [2023-12-16T12:23:30.138+0500] {dagbag.py:536} INFO - Filling up the DagBag from /home/amina/miniconda/lib/python3.11/site-packages/airflow/example_dags/example_dynamic_task_mapping.py
[2023-12-16T12:23:30.145+0500] {processor.py:839} INFO - DAG(s) dict_keys(['example_dynamic_task_mapping']) retrieved from /home/amina/miniconda/lib/python3.11/site-packages/airflow/example_dags/example_dynamic_task_mapping.py
[2023-12-16T12:23:30.162+0500] {logging_mixin.py:154} INFO - [2023-12-16T12:23:30.162+0500] {dag.py:2941} INFO - Sync 1 DAGs
[2023-12-16T12:23:30.179+0500] {logging_mixin.py:154} INFO - [2023-12-16T12:23:30.179+0500] {dag.py:3722} INFO - Setting next_dagrun for example_dynamic_task_mapping to 2022-03-04T00:00:00+00:00, run_after=2022-03-05T00:00:00+00:00
[2023-12-16T12:23:30.338+0500] {processor.py:179} INFO - Processing /home/amina/miniconda/lib/python3.11/site-packages/airflow/example_dags/example_dynamic_task_mapping.py took 0.204 seconds
[2023-12-16T12:25:16.777+0500] {processor.py:157} INFO - Started process (PID=23583) to work on /home/amina/miniconda/lib/python3.11/site-packages/airflow/example_dags/example_dynamic_task_mapping.py
[2023-12-16T12:25:16.794+0500] {processor.py:829} INFO - Processing file /home/amina/miniconda/lib/python3.11/site-packages/airflow/example_dags/example_dynamic_task_mapping.py for tasks to queue
[2023-12-16T12:25:16.795+0500] {logging_mixin.py:154} INFO - [2023-12-16T12:25:16.795+0500] {dagbag.py:536} INFO - Filling up the DagBag from /home/amina/miniconda/lib/python3.11/site-packages/airflow/example_dags/example_dynamic_task_mapping.py
[2023-12-16T12:25:16.801+0500] {processor.py:839} INFO - DAG(s) dict_keys(['example_dynamic_task_mapping']) retrieved from /home/amina/miniconda/lib/python3.11/site-packages/airflow/example_dags/example_dynamic_task_mapping.py
[2023-12-16T12:25:16.816+0500] {logging_mixin.py:154} INFO - [2023-12-16T12:25:16.816+0500] {dag.py:2941} INFO - Sync 1 DAGs
[2023-12-16T12:25:16.832+0500] {logging_mixin.py:154} INFO - [2023-12-16T12:25:16.831+0500] {dag.py:3722} INFO - Setting next_dagrun for example_dynamic_task_mapping to 2022-03-04T00:00:00+00:00, run_after=2022-03-05T00:00:00+00:00
[2023-12-16T12:25:17.163+0500] {processor.py:179} INFO - Processing /home/amina/miniconda/lib/python3.11/site-packages/airflow/example_dags/example_dynamic_task_mapping.py took 0.389 seconds
[2023-12-16T12:26:39.531+0500] {processor.py:157} INFO - Started process (PID=25077) to work on /home/amina/miniconda/lib/python3.11/site-packages/airflow/example_dags/example_dynamic_task_mapping.py
[2023-12-16T12:26:39.572+0500] {processor.py:829} INFO - Processing file /home/amina/miniconda/lib/python3.11/site-packages/airflow/example_dags/example_dynamic_task_mapping.py for tasks to queue
[2023-12-16T12:26:39.574+0500] {logging_mixin.py:154} INFO - [2023-12-16T12:26:39.573+0500] {dagbag.py:536} INFO - Filling up the DagBag from /home/amina/miniconda/lib/python3.11/site-packages/airflow/example_dags/example_dynamic_task_mapping.py
[2023-12-16T12:26:39.581+0500] {processor.py:839} INFO - DAG(s) dict_keys(['example_dynamic_task_mapping']) retrieved from /home/amina/miniconda/lib/python3.11/site-packages/airflow/example_dags/example_dynamic_task_mapping.py
[2023-12-16T12:26:39.597+0500] {logging_mixin.py:154} INFO - [2023-12-16T12:26:39.597+0500] {dag.py:2941} INFO - Sync 1 DAGs
[2023-12-16T12:26:39.615+0500] {logging_mixin.py:154} INFO - [2023-12-16T12:26:39.615+0500] {dag.py:3722} INFO - Setting next_dagrun for example_dynamic_task_mapping to 2022-03-04T00:00:00+00:00, run_after=2022-03-05T00:00:00+00:00
[2023-12-16T12:26:39.841+0500] {processor.py:179} INFO - Processing /home/amina/miniconda/lib/python3.11/site-packages/airflow/example_dags/example_dynamic_task_mapping.py took 0.313 seconds
[2023-12-16T12:29:00.583+0500] {processor.py:157} INFO - Started process (PID=27881) to work on /home/amina/miniconda/lib/python3.11/site-packages/airflow/example_dags/example_dynamic_task_mapping.py
[2023-12-16T12:29:00.627+0500] {processor.py:829} INFO - Processing file /home/amina/miniconda/lib/python3.11/site-packages/airflow/example_dags/example_dynamic_task_mapping.py for tasks to queue
[2023-12-16T12:29:00.628+0500] {logging_mixin.py:154} INFO - [2023-12-16T12:29:00.628+0500] {dagbag.py:536} INFO - Filling up the DagBag from /home/amina/miniconda/lib/python3.11/site-packages/airflow/example_dags/example_dynamic_task_mapping.py
[2023-12-16T12:29:00.635+0500] {processor.py:839} INFO - DAG(s) dict_keys(['example_dynamic_task_mapping']) retrieved from /home/amina/miniconda/lib/python3.11/site-packages/airflow/example_dags/example_dynamic_task_mapping.py
[2023-12-16T12:29:00.654+0500] {logging_mixin.py:154} INFO - [2023-12-16T12:29:00.654+0500] {dag.py:2941} INFO - Sync 1 DAGs
[2023-12-16T12:29:00.674+0500] {logging_mixin.py:154} INFO - [2023-12-16T12:29:00.674+0500] {dag.py:3722} INFO - Setting next_dagrun for example_dynamic_task_mapping to 2022-03-04T00:00:00+00:00, run_after=2022-03-05T00:00:00+00:00
[2023-12-16T12:29:00.994+0500] {processor.py:179} INFO - Processing /home/amina/miniconda/lib/python3.11/site-packages/airflow/example_dags/example_dynamic_task_mapping.py took 0.414 seconds
[2023-12-16T12:31:11.425+0500] {processor.py:157} INFO - Started process (PID=30778) to work on /home/amina/miniconda/lib/python3.11/site-packages/airflow/example_dags/example_dynamic_task_mapping.py
[2023-12-16T12:31:11.455+0500] {processor.py:829} INFO - Processing file /home/amina/miniconda/lib/python3.11/site-packages/airflow/example_dags/example_dynamic_task_mapping.py for tasks to queue
[2023-12-16T12:31:11.456+0500] {logging_mixin.py:154} INFO - [2023-12-16T12:31:11.456+0500] {dagbag.py:536} INFO - Filling up the DagBag from /home/amina/miniconda/lib/python3.11/site-packages/airflow/example_dags/example_dynamic_task_mapping.py
[2023-12-16T12:31:11.461+0500] {processor.py:839} INFO - DAG(s) dict_keys(['example_dynamic_task_mapping']) retrieved from /home/amina/miniconda/lib/python3.11/site-packages/airflow/example_dags/example_dynamic_task_mapping.py
[2023-12-16T12:31:11.475+0500] {logging_mixin.py:154} INFO - [2023-12-16T12:31:11.475+0500] {dag.py:2941} INFO - Sync 1 DAGs
[2023-12-16T12:31:11.491+0500] {logging_mixin.py:154} INFO - [2023-12-16T12:31:11.490+0500] {dag.py:3722} INFO - Setting next_dagrun for example_dynamic_task_mapping to 2022-03-04T00:00:00+00:00, run_after=2022-03-05T00:00:00+00:00
[2023-12-16T12:31:11.803+0500] {processor.py:179} INFO - Processing /home/amina/miniconda/lib/python3.11/site-packages/airflow/example_dags/example_dynamic_task_mapping.py took 0.380 seconds
[2023-12-16T12:32:11.540+0500] {processor.py:157} INFO - Started process (PID=32370) to work on /home/amina/miniconda/lib/python3.11/site-packages/airflow/example_dags/example_dynamic_task_mapping.py
[2023-12-16T12:32:11.574+0500] {processor.py:829} INFO - Processing file /home/amina/miniconda/lib/python3.11/site-packages/airflow/example_dags/example_dynamic_task_mapping.py for tasks to queue
[2023-12-16T12:32:11.575+0500] {logging_mixin.py:154} INFO - [2023-12-16T12:32:11.575+0500] {dagbag.py:536} INFO - Filling up the DagBag from /home/amina/miniconda/lib/python3.11/site-packages/airflow/example_dags/example_dynamic_task_mapping.py
[2023-12-16T12:32:11.580+0500] {processor.py:839} INFO - DAG(s) dict_keys(['example_dynamic_task_mapping']) retrieved from /home/amina/miniconda/lib/python3.11/site-packages/airflow/example_dags/example_dynamic_task_mapping.py
[2023-12-16T12:32:11.594+0500] {logging_mixin.py:154} INFO - [2023-12-16T12:32:11.594+0500] {dag.py:2941} INFO - Sync 1 DAGs
[2023-12-16T12:32:11.610+0500] {logging_mixin.py:154} INFO - [2023-12-16T12:32:11.610+0500] {dag.py:3722} INFO - Setting next_dagrun for example_dynamic_task_mapping to 2022-03-04T00:00:00+00:00, run_after=2022-03-05T00:00:00+00:00
[2023-12-16T12:32:11.736+0500] {processor.py:179} INFO - Processing /home/amina/miniconda/lib/python3.11/site-packages/airflow/example_dags/example_dynamic_task_mapping.py took 0.198 seconds
[2023-12-16T12:33:12.825+0500] {processor.py:157} INFO - Started process (PID=33533) to work on /home/amina/miniconda/lib/python3.11/site-packages/airflow/example_dags/example_dynamic_task_mapping.py
[2023-12-16T12:33:12.850+0500] {processor.py:829} INFO - Processing file /home/amina/miniconda/lib/python3.11/site-packages/airflow/example_dags/example_dynamic_task_mapping.py for tasks to queue
[2023-12-16T12:33:12.852+0500] {logging_mixin.py:154} INFO - [2023-12-16T12:33:12.851+0500] {dagbag.py:536} INFO - Filling up the DagBag from /home/amina/miniconda/lib/python3.11/site-packages/airflow/example_dags/example_dynamic_task_mapping.py
[2023-12-16T12:33:12.859+0500] {processor.py:839} INFO - DAG(s) dict_keys(['example_dynamic_task_mapping']) retrieved from /home/amina/miniconda/lib/python3.11/site-packages/airflow/example_dags/example_dynamic_task_mapping.py
[2023-12-16T12:33:12.883+0500] {logging_mixin.py:154} INFO - [2023-12-16T12:33:12.883+0500] {dag.py:2941} INFO - Sync 1 DAGs
[2023-12-16T12:33:12.904+0500] {logging_mixin.py:154} INFO - [2023-12-16T12:33:12.904+0500] {dag.py:3722} INFO - Setting next_dagrun for example_dynamic_task_mapping to 2022-03-04T00:00:00+00:00, run_after=2022-03-05T00:00:00+00:00
[2023-12-16T12:33:13.018+0500] {processor.py:179} INFO - Processing /home/amina/miniconda/lib/python3.11/site-packages/airflow/example_dags/example_dynamic_task_mapping.py took 0.196 seconds
[2023-12-16T12:34:09.743+0500] {processor.py:157} INFO - Started process (PID=35296) to work on /home/amina/miniconda/lib/python3.11/site-packages/airflow/example_dags/example_dynamic_task_mapping.py
[2023-12-16T12:34:09.780+0500] {processor.py:829} INFO - Processing file /home/amina/miniconda/lib/python3.11/site-packages/airflow/example_dags/example_dynamic_task_mapping.py for tasks to queue
[2023-12-16T12:34:09.781+0500] {logging_mixin.py:154} INFO - [2023-12-16T12:34:09.781+0500] {dagbag.py:536} INFO - Filling up the DagBag from /home/amina/miniconda/lib/python3.11/site-packages/airflow/example_dags/example_dynamic_task_mapping.py
[2023-12-16T12:34:09.787+0500] {processor.py:839} INFO - DAG(s) dict_keys(['example_dynamic_task_mapping']) retrieved from /home/amina/miniconda/lib/python3.11/site-packages/airflow/example_dags/example_dynamic_task_mapping.py
[2023-12-16T12:34:09.801+0500] {logging_mixin.py:154} INFO - [2023-12-16T12:34:09.801+0500] {dag.py:2941} INFO - Sync 1 DAGs
[2023-12-16T12:34:09.817+0500] {logging_mixin.py:154} INFO - [2023-12-16T12:34:09.817+0500] {dag.py:3722} INFO - Setting next_dagrun for example_dynamic_task_mapping to 2022-03-04T00:00:00+00:00, run_after=2022-03-05T00:00:00+00:00
[2023-12-16T12:34:09.937+0500] {processor.py:179} INFO - Processing /home/amina/miniconda/lib/python3.11/site-packages/airflow/example_dags/example_dynamic_task_mapping.py took 0.196 seconds
[2023-12-16T12:35:32.059+0500] {processor.py:157} INFO - Started process (PID=36352) to work on /home/amina/miniconda/lib/python3.11/site-packages/airflow/example_dags/example_dynamic_task_mapping.py
[2023-12-16T12:35:32.089+0500] {processor.py:829} INFO - Processing file /home/amina/miniconda/lib/python3.11/site-packages/airflow/example_dags/example_dynamic_task_mapping.py for tasks to queue
[2023-12-16T12:35:32.090+0500] {logging_mixin.py:154} INFO - [2023-12-16T12:35:32.090+0500] {dagbag.py:536} INFO - Filling up the DagBag from /home/amina/miniconda/lib/python3.11/site-packages/airflow/example_dags/example_dynamic_task_mapping.py
[2023-12-16T12:35:32.098+0500] {processor.py:839} INFO - DAG(s) dict_keys(['example_dynamic_task_mapping']) retrieved from /home/amina/miniconda/lib/python3.11/site-packages/airflow/example_dags/example_dynamic_task_mapping.py
[2023-12-16T12:35:32.113+0500] {logging_mixin.py:154} INFO - [2023-12-16T12:35:32.113+0500] {dag.py:2941} INFO - Sync 1 DAGs
[2023-12-16T12:35:32.131+0500] {logging_mixin.py:154} INFO - [2023-12-16T12:35:32.131+0500] {dag.py:3722} INFO - Setting next_dagrun for example_dynamic_task_mapping to 2022-03-04T00:00:00+00:00, run_after=2022-03-05T00:00:00+00:00
[2023-12-16T12:35:32.589+0500] {processor.py:179} INFO - Processing /home/amina/miniconda/lib/python3.11/site-packages/airflow/example_dags/example_dynamic_task_mapping.py took 0.533 seconds
[2023-12-16T12:36:55.117+0500] {processor.py:157} INFO - Started process (PID=36467) to work on /home/amina/miniconda/lib/python3.11/site-packages/airflow/example_dags/example_dynamic_task_mapping.py
[2023-12-16T12:36:55.161+0500] {processor.py:829} INFO - Processing file /home/amina/miniconda/lib/python3.11/site-packages/airflow/example_dags/example_dynamic_task_mapping.py for tasks to queue
[2023-12-16T12:36:55.162+0500] {logging_mixin.py:154} INFO - [2023-12-16T12:36:55.162+0500] {dagbag.py:536} INFO - Filling up the DagBag from /home/amina/miniconda/lib/python3.11/site-packages/airflow/example_dags/example_dynamic_task_mapping.py
[2023-12-16T12:36:55.167+0500] {processor.py:839} INFO - DAG(s) dict_keys(['example_dynamic_task_mapping']) retrieved from /home/amina/miniconda/lib/python3.11/site-packages/airflow/example_dags/example_dynamic_task_mapping.py
[2023-12-16T12:36:55.181+0500] {logging_mixin.py:154} INFO - [2023-12-16T12:36:55.181+0500] {dag.py:2941} INFO - Sync 1 DAGs
[2023-12-16T12:36:55.196+0500] {logging_mixin.py:154} INFO - [2023-12-16T12:36:55.196+0500] {dag.py:3722} INFO - Setting next_dagrun for example_dynamic_task_mapping to 2022-03-04T00:00:00+00:00, run_after=2022-03-05T00:00:00+00:00
[2023-12-16T12:36:55.461+0500] {processor.py:179} INFO - Processing /home/amina/miniconda/lib/python3.11/site-packages/airflow/example_dags/example_dynamic_task_mapping.py took 0.346 seconds
[2023-12-16T12:38:12.273+0500] {processor.py:157} INFO - Started process (PID=36759) to work on /home/amina/miniconda/lib/python3.11/site-packages/airflow/example_dags/example_dynamic_task_mapping.py
[2023-12-16T12:38:12.312+0500] {processor.py:829} INFO - Processing file /home/amina/miniconda/lib/python3.11/site-packages/airflow/example_dags/example_dynamic_task_mapping.py for tasks to queue
[2023-12-16T12:38:12.313+0500] {logging_mixin.py:154} INFO - [2023-12-16T12:38:12.313+0500] {dagbag.py:536} INFO - Filling up the DagBag from /home/amina/miniconda/lib/python3.11/site-packages/airflow/example_dags/example_dynamic_task_mapping.py
[2023-12-16T12:38:12.318+0500] {processor.py:839} INFO - DAG(s) dict_keys(['example_dynamic_task_mapping']) retrieved from /home/amina/miniconda/lib/python3.11/site-packages/airflow/example_dags/example_dynamic_task_mapping.py
[2023-12-16T12:38:12.331+0500] {logging_mixin.py:154} INFO - [2023-12-16T12:38:12.331+0500] {dag.py:2941} INFO - Sync 1 DAGs
[2023-12-16T12:38:12.346+0500] {logging_mixin.py:154} INFO - [2023-12-16T12:38:12.345+0500] {dag.py:3722} INFO - Setting next_dagrun for example_dynamic_task_mapping to 2022-03-04T00:00:00+00:00, run_after=2022-03-05T00:00:00+00:00
[2023-12-16T12:38:12.445+0500] {processor.py:179} INFO - Processing /home/amina/miniconda/lib/python3.11/site-packages/airflow/example_dags/example_dynamic_task_mapping.py took 0.175 seconds
[2023-12-16T12:39:24.772+0500] {processor.py:157} INFO - Started process (PID=36828) to work on /home/amina/miniconda/lib/python3.11/site-packages/airflow/example_dags/example_dynamic_task_mapping.py
[2023-12-16T12:39:24.811+0500] {processor.py:829} INFO - Processing file /home/amina/miniconda/lib/python3.11/site-packages/airflow/example_dags/example_dynamic_task_mapping.py for tasks to queue
[2023-12-16T12:39:24.812+0500] {logging_mixin.py:154} INFO - [2023-12-16T12:39:24.812+0500] {dagbag.py:536} INFO - Filling up the DagBag from /home/amina/miniconda/lib/python3.11/site-packages/airflow/example_dags/example_dynamic_task_mapping.py
[2023-12-16T12:39:24.817+0500] {processor.py:839} INFO - DAG(s) dict_keys(['example_dynamic_task_mapping']) retrieved from /home/amina/miniconda/lib/python3.11/site-packages/airflow/example_dags/example_dynamic_task_mapping.py
[2023-12-16T12:39:24.830+0500] {logging_mixin.py:154} INFO - [2023-12-16T12:39:24.830+0500] {dag.py:2941} INFO - Sync 1 DAGs
[2023-12-16T12:39:24.844+0500] {logging_mixin.py:154} INFO - [2023-12-16T12:39:24.844+0500] {dag.py:3722} INFO - Setting next_dagrun for example_dynamic_task_mapping to 2022-03-04T00:00:00+00:00, run_after=2022-03-05T00:00:00+00:00
[2023-12-16T12:39:24.932+0500] {processor.py:179} INFO - Processing /home/amina/miniconda/lib/python3.11/site-packages/airflow/example_dags/example_dynamic_task_mapping.py took 0.164 seconds
[2023-12-16T12:40:40.691+0500] {processor.py:157} INFO - Started process (PID=36980) to work on /home/amina/miniconda/lib/python3.11/site-packages/airflow/example_dags/example_dynamic_task_mapping.py
[2023-12-16T12:40:40.704+0500] {processor.py:829} INFO - Processing file /home/amina/miniconda/lib/python3.11/site-packages/airflow/example_dags/example_dynamic_task_mapping.py for tasks to queue
[2023-12-16T12:40:40.705+0500] {logging_mixin.py:154} INFO - [2023-12-16T12:40:40.704+0500] {dagbag.py:536} INFO - Filling up the DagBag from /home/amina/miniconda/lib/python3.11/site-packages/airflow/example_dags/example_dynamic_task_mapping.py
[2023-12-16T12:40:40.710+0500] {processor.py:839} INFO - DAG(s) dict_keys(['example_dynamic_task_mapping']) retrieved from /home/amina/miniconda/lib/python3.11/site-packages/airflow/example_dags/example_dynamic_task_mapping.py
[2023-12-16T12:40:40.723+0500] {logging_mixin.py:154} INFO - [2023-12-16T12:40:40.723+0500] {dag.py:2941} INFO - Sync 1 DAGs
[2023-12-16T12:40:40.740+0500] {logging_mixin.py:154} INFO - [2023-12-16T12:40:40.740+0500] {dag.py:3722} INFO - Setting next_dagrun for example_dynamic_task_mapping to 2022-03-04T00:00:00+00:00, run_after=2022-03-05T00:00:00+00:00
[2023-12-16T12:40:40.868+0500] {processor.py:179} INFO - Processing /home/amina/miniconda/lib/python3.11/site-packages/airflow/example_dags/example_dynamic_task_mapping.py took 0.180 seconds
[2023-12-16T12:42:05.427+0500] {processor.py:157} INFO - Started process (PID=37105) to work on /home/amina/miniconda/lib/python3.11/site-packages/airflow/example_dags/example_dynamic_task_mapping.py
[2023-12-16T12:42:05.444+0500] {processor.py:829} INFO - Processing file /home/amina/miniconda/lib/python3.11/site-packages/airflow/example_dags/example_dynamic_task_mapping.py for tasks to queue
[2023-12-16T12:42:05.444+0500] {logging_mixin.py:154} INFO - [2023-12-16T12:42:05.444+0500] {dagbag.py:536} INFO - Filling up the DagBag from /home/amina/miniconda/lib/python3.11/site-packages/airflow/example_dags/example_dynamic_task_mapping.py
[2023-12-16T12:42:05.452+0500] {processor.py:839} INFO - DAG(s) dict_keys(['example_dynamic_task_mapping']) retrieved from /home/amina/miniconda/lib/python3.11/site-packages/airflow/example_dags/example_dynamic_task_mapping.py
[2023-12-16T12:42:06.579+0500] {logging_mixin.py:154} INFO - [2023-12-16T12:42:06.579+0500] {dag.py:2941} INFO - Sync 1 DAGs
[2023-12-16T12:42:06.728+0500] {logging_mixin.py:154} INFO - [2023-12-16T12:42:06.728+0500] {dag.py:3722} INFO - Setting next_dagrun for example_dynamic_task_mapping to 2022-03-04T00:00:00+00:00, run_after=2022-03-05T00:00:00+00:00
[2023-12-16T12:42:06.844+0500] {processor.py:179} INFO - Processing /home/amina/miniconda/lib/python3.11/site-packages/airflow/example_dags/example_dynamic_task_mapping.py took 1.422 seconds
[2023-12-16T12:43:48.856+0500] {processor.py:157} INFO - Started process (PID=37234) to work on /home/amina/miniconda/lib/python3.11/site-packages/airflow/example_dags/example_dynamic_task_mapping.py
[2023-12-16T12:43:48.905+0500] {processor.py:829} INFO - Processing file /home/amina/miniconda/lib/python3.11/site-packages/airflow/example_dags/example_dynamic_task_mapping.py for tasks to queue
[2023-12-16T12:43:48.906+0500] {logging_mixin.py:154} INFO - [2023-12-16T12:43:48.906+0500] {dagbag.py:536} INFO - Filling up the DagBag from /home/amina/miniconda/lib/python3.11/site-packages/airflow/example_dags/example_dynamic_task_mapping.py
[2023-12-16T12:43:48.911+0500] {processor.py:839} INFO - DAG(s) dict_keys(['example_dynamic_task_mapping']) retrieved from /home/amina/miniconda/lib/python3.11/site-packages/airflow/example_dags/example_dynamic_task_mapping.py
[2023-12-16T12:43:48.924+0500] {logging_mixin.py:154} INFO - [2023-12-16T12:43:48.924+0500] {dag.py:2941} INFO - Sync 1 DAGs
[2023-12-16T12:43:48.939+0500] {logging_mixin.py:154} INFO - [2023-12-16T12:43:48.939+0500] {dag.py:3722} INFO - Setting next_dagrun for example_dynamic_task_mapping to 2022-03-04T00:00:00+00:00, run_after=2022-03-05T00:00:00+00:00
[2023-12-16T12:43:49.047+0500] {processor.py:179} INFO - Processing /home/amina/miniconda/lib/python3.11/site-packages/airflow/example_dags/example_dynamic_task_mapping.py took 0.194 seconds
[2023-12-16T12:45:01.590+0500] {processor.py:157} INFO - Started process (PID=37345) to work on /home/amina/miniconda/lib/python3.11/site-packages/airflow/example_dags/example_dynamic_task_mapping.py
[2023-12-16T12:45:01.626+0500] {processor.py:829} INFO - Processing file /home/amina/miniconda/lib/python3.11/site-packages/airflow/example_dags/example_dynamic_task_mapping.py for tasks to queue
[2023-12-16T12:45:01.627+0500] {logging_mixin.py:154} INFO - [2023-12-16T12:45:01.627+0500] {dagbag.py:536} INFO - Filling up the DagBag from /home/amina/miniconda/lib/python3.11/site-packages/airflow/example_dags/example_dynamic_task_mapping.py
[2023-12-16T12:45:01.632+0500] {processor.py:839} INFO - DAG(s) dict_keys(['example_dynamic_task_mapping']) retrieved from /home/amina/miniconda/lib/python3.11/site-packages/airflow/example_dags/example_dynamic_task_mapping.py
[2023-12-16T12:45:01.645+0500] {logging_mixin.py:154} INFO - [2023-12-16T12:45:01.645+0500] {dag.py:2941} INFO - Sync 1 DAGs
[2023-12-16T12:45:01.660+0500] {logging_mixin.py:154} INFO - [2023-12-16T12:45:01.660+0500] {dag.py:3722} INFO - Setting next_dagrun for example_dynamic_task_mapping to 2022-03-04T00:00:00+00:00, run_after=2022-03-05T00:00:00+00:00
[2023-12-16T12:45:01.768+0500] {processor.py:179} INFO - Processing /home/amina/miniconda/lib/python3.11/site-packages/airflow/example_dags/example_dynamic_task_mapping.py took 0.181 seconds
[2023-12-16T12:46:13.150+0500] {processor.py:157} INFO - Started process (PID=37429) to work on /home/amina/miniconda/lib/python3.11/site-packages/airflow/example_dags/example_dynamic_task_mapping.py
[2023-12-16T12:46:13.169+0500] {processor.py:829} INFO - Processing file /home/amina/miniconda/lib/python3.11/site-packages/airflow/example_dags/example_dynamic_task_mapping.py for tasks to queue
[2023-12-16T12:46:13.170+0500] {logging_mixin.py:154} INFO - [2023-12-16T12:46:13.170+0500] {dagbag.py:536} INFO - Filling up the DagBag from /home/amina/miniconda/lib/python3.11/site-packages/airflow/example_dags/example_dynamic_task_mapping.py
[2023-12-16T12:46:13.175+0500] {processor.py:839} INFO - DAG(s) dict_keys(['example_dynamic_task_mapping']) retrieved from /home/amina/miniconda/lib/python3.11/site-packages/airflow/example_dags/example_dynamic_task_mapping.py
[2023-12-16T12:46:13.189+0500] {logging_mixin.py:154} INFO - [2023-12-16T12:46:13.189+0500] {dag.py:2941} INFO - Sync 1 DAGs
[2023-12-16T12:46:13.203+0500] {logging_mixin.py:154} INFO - [2023-12-16T12:46:13.203+0500] {dag.py:3722} INFO - Setting next_dagrun for example_dynamic_task_mapping to 2022-03-04T00:00:00+00:00, run_after=2022-03-05T00:00:00+00:00
[2023-12-16T12:46:13.312+0500] {processor.py:179} INFO - Processing /home/amina/miniconda/lib/python3.11/site-packages/airflow/example_dags/example_dynamic_task_mapping.py took 0.164 seconds
[2023-12-16T12:47:28.966+0500] {processor.py:157} INFO - Started process (PID=37515) to work on /home/amina/miniconda/lib/python3.11/site-packages/airflow/example_dags/example_dynamic_task_mapping.py
[2023-12-16T12:47:28.991+0500] {processor.py:829} INFO - Processing file /home/amina/miniconda/lib/python3.11/site-packages/airflow/example_dags/example_dynamic_task_mapping.py for tasks to queue
[2023-12-16T12:47:28.992+0500] {logging_mixin.py:154} INFO - [2023-12-16T12:47:28.992+0500] {dagbag.py:536} INFO - Filling up the DagBag from /home/amina/miniconda/lib/python3.11/site-packages/airflow/example_dags/example_dynamic_task_mapping.py
[2023-12-16T12:47:28.998+0500] {processor.py:839} INFO - DAG(s) dict_keys(['example_dynamic_task_mapping']) retrieved from /home/amina/miniconda/lib/python3.11/site-packages/airflow/example_dags/example_dynamic_task_mapping.py
[2023-12-16T12:47:29.013+0500] {logging_mixin.py:154} INFO - [2023-12-16T12:47:29.013+0500] {dag.py:2941} INFO - Sync 1 DAGs
[2023-12-16T12:47:29.027+0500] {logging_mixin.py:154} INFO - [2023-12-16T12:47:29.027+0500] {dag.py:3722} INFO - Setting next_dagrun for example_dynamic_task_mapping to 2022-03-04T00:00:00+00:00, run_after=2022-03-05T00:00:00+00:00
[2023-12-16T12:47:29.145+0500] {processor.py:179} INFO - Processing /home/amina/miniconda/lib/python3.11/site-packages/airflow/example_dags/example_dynamic_task_mapping.py took 0.182 seconds
[2023-12-16T12:48:47.890+0500] {processor.py:157} INFO - Started process (PID=37623) to work on /home/amina/miniconda/lib/python3.11/site-packages/airflow/example_dags/example_dynamic_task_mapping.py
[2023-12-16T12:48:47.950+0500] {processor.py:829} INFO - Processing file /home/amina/miniconda/lib/python3.11/site-packages/airflow/example_dags/example_dynamic_task_mapping.py for tasks to queue
[2023-12-16T12:48:47.950+0500] {logging_mixin.py:154} INFO - [2023-12-16T12:48:47.950+0500] {dagbag.py:536} INFO - Filling up the DagBag from /home/amina/miniconda/lib/python3.11/site-packages/airflow/example_dags/example_dynamic_task_mapping.py
[2023-12-16T12:48:47.956+0500] {processor.py:839} INFO - DAG(s) dict_keys(['example_dynamic_task_mapping']) retrieved from /home/amina/miniconda/lib/python3.11/site-packages/airflow/example_dags/example_dynamic_task_mapping.py
[2023-12-16T12:48:47.971+0500] {logging_mixin.py:154} INFO - [2023-12-16T12:48:47.971+0500] {dag.py:2941} INFO - Sync 1 DAGs
[2023-12-16T12:48:47.987+0500] {logging_mixin.py:154} INFO - [2023-12-16T12:48:47.986+0500] {dag.py:3722} INFO - Setting next_dagrun for example_dynamic_task_mapping to 2022-03-04T00:00:00+00:00, run_after=2022-03-05T00:00:00+00:00
[2023-12-16T12:48:48.133+0500] {processor.py:179} INFO - Processing /home/amina/miniconda/lib/python3.11/site-packages/airflow/example_dags/example_dynamic_task_mapping.py took 0.246 seconds
[2023-12-16T12:49:51.222+0500] {processor.py:157} INFO - Started process (PID=38344) to work on /home/amina/miniconda/lib/python3.11/site-packages/airflow/example_dags/example_dynamic_task_mapping.py
[2023-12-16T12:49:51.245+0500] {processor.py:829} INFO - Processing file /home/amina/miniconda/lib/python3.11/site-packages/airflow/example_dags/example_dynamic_task_mapping.py for tasks to queue
[2023-12-16T12:49:51.246+0500] {logging_mixin.py:154} INFO - [2023-12-16T12:49:51.246+0500] {dagbag.py:536} INFO - Filling up the DagBag from /home/amina/miniconda/lib/python3.11/site-packages/airflow/example_dags/example_dynamic_task_mapping.py
[2023-12-16T12:49:51.252+0500] {processor.py:839} INFO - DAG(s) dict_keys(['example_dynamic_task_mapping']) retrieved from /home/amina/miniconda/lib/python3.11/site-packages/airflow/example_dags/example_dynamic_task_mapping.py
[2023-12-16T12:49:51.265+0500] {logging_mixin.py:154} INFO - [2023-12-16T12:49:51.265+0500] {dag.py:2941} INFO - Sync 1 DAGs
[2023-12-16T12:49:51.279+0500] {logging_mixin.py:154} INFO - [2023-12-16T12:49:51.279+0500] {dag.py:3722} INFO - Setting next_dagrun for example_dynamic_task_mapping to 2022-03-04T00:00:00+00:00, run_after=2022-03-05T00:00:00+00:00
[2023-12-16T12:49:51.373+0500] {processor.py:179} INFO - Processing /home/amina/miniconda/lib/python3.11/site-packages/airflow/example_dags/example_dynamic_task_mapping.py took 0.153 seconds
[2023-12-16T12:50:58.424+0500] {processor.py:157} INFO - Started process (PID=38499) to work on /home/amina/miniconda/lib/python3.11/site-packages/airflow/example_dags/example_dynamic_task_mapping.py
[2023-12-16T12:50:58.454+0500] {processor.py:829} INFO - Processing file /home/amina/miniconda/lib/python3.11/site-packages/airflow/example_dags/example_dynamic_task_mapping.py for tasks to queue
[2023-12-16T12:50:58.456+0500] {logging_mixin.py:154} INFO - [2023-12-16T12:50:58.455+0500] {dagbag.py:536} INFO - Filling up the DagBag from /home/amina/miniconda/lib/python3.11/site-packages/airflow/example_dags/example_dynamic_task_mapping.py
[2023-12-16T12:50:58.462+0500] {processor.py:839} INFO - DAG(s) dict_keys(['example_dynamic_task_mapping']) retrieved from /home/amina/miniconda/lib/python3.11/site-packages/airflow/example_dags/example_dynamic_task_mapping.py
[2023-12-16T12:50:58.481+0500] {logging_mixin.py:154} INFO - [2023-12-16T12:50:58.481+0500] {dag.py:2941} INFO - Sync 1 DAGs
[2023-12-16T12:50:58.502+0500] {logging_mixin.py:154} INFO - [2023-12-16T12:50:58.501+0500] {dag.py:3722} INFO - Setting next_dagrun for example_dynamic_task_mapping to 2022-03-04T00:00:00+00:00, run_after=2022-03-05T00:00:00+00:00
[2023-12-16T12:50:58.751+0500] {processor.py:179} INFO - Processing /home/amina/miniconda/lib/python3.11/site-packages/airflow/example_dags/example_dynamic_task_mapping.py took 0.333 seconds
[2023-12-16T12:51:59.869+0500] {processor.py:157} INFO - Started process (PID=38549) to work on /home/amina/miniconda/lib/python3.11/site-packages/airflow/example_dags/example_dynamic_task_mapping.py
[2023-12-16T12:51:59.897+0500] {processor.py:829} INFO - Processing file /home/amina/miniconda/lib/python3.11/site-packages/airflow/example_dags/example_dynamic_task_mapping.py for tasks to queue
[2023-12-16T12:51:59.898+0500] {logging_mixin.py:154} INFO - [2023-12-16T12:51:59.897+0500] {dagbag.py:536} INFO - Filling up the DagBag from /home/amina/miniconda/lib/python3.11/site-packages/airflow/example_dags/example_dynamic_task_mapping.py
[2023-12-16T12:51:59.905+0500] {processor.py:839} INFO - DAG(s) dict_keys(['example_dynamic_task_mapping']) retrieved from /home/amina/miniconda/lib/python3.11/site-packages/airflow/example_dags/example_dynamic_task_mapping.py
[2023-12-16T12:51:59.926+0500] {logging_mixin.py:154} INFO - [2023-12-16T12:51:59.926+0500] {dag.py:2941} INFO - Sync 1 DAGs
[2023-12-16T12:51:59.945+0500] {logging_mixin.py:154} INFO - [2023-12-16T12:51:59.944+0500] {dag.py:3722} INFO - Setting next_dagrun for example_dynamic_task_mapping to 2022-03-04T00:00:00+00:00, run_after=2022-03-05T00:00:00+00:00
[2023-12-16T12:52:00.031+0500] {processor.py:179} INFO - Processing /home/amina/miniconda/lib/python3.11/site-packages/airflow/example_dags/example_dynamic_task_mapping.py took 0.166 seconds
[2023-12-16T12:52:54.639+0500] {processor.py:157} INFO - Started process (PID=38600) to work on /home/amina/miniconda/lib/python3.11/site-packages/airflow/example_dags/example_dynamic_task_mapping.py
[2023-12-16T12:52:54.653+0500] {processor.py:829} INFO - Processing file /home/amina/miniconda/lib/python3.11/site-packages/airflow/example_dags/example_dynamic_task_mapping.py for tasks to queue
[2023-12-16T12:52:54.654+0500] {logging_mixin.py:154} INFO - [2023-12-16T12:52:54.654+0500] {dagbag.py:536} INFO - Filling up the DagBag from /home/amina/miniconda/lib/python3.11/site-packages/airflow/example_dags/example_dynamic_task_mapping.py
[2023-12-16T12:52:54.659+0500] {processor.py:839} INFO - DAG(s) dict_keys(['example_dynamic_task_mapping']) retrieved from /home/amina/miniconda/lib/python3.11/site-packages/airflow/example_dags/example_dynamic_task_mapping.py
[2023-12-16T12:52:54.674+0500] {logging_mixin.py:154} INFO - [2023-12-16T12:52:54.673+0500] {dag.py:2941} INFO - Sync 1 DAGs
[2023-12-16T12:52:54.689+0500] {logging_mixin.py:154} INFO - [2023-12-16T12:52:54.689+0500] {dag.py:3722} INFO - Setting next_dagrun for example_dynamic_task_mapping to 2022-03-04T00:00:00+00:00, run_after=2022-03-05T00:00:00+00:00
[2023-12-16T12:52:54.797+0500] {processor.py:179} INFO - Processing /home/amina/miniconda/lib/python3.11/site-packages/airflow/example_dags/example_dynamic_task_mapping.py took 0.161 seconds
