[2023-12-16T12:23:13.425+0500] {processor.py:157} INFO - Started process (PID=20868) to work on /home/amina/miniconda/lib/python3.11/site-packages/airflow/example_dags/example_branch_labels.py
[2023-12-16T12:23:13.426+0500] {processor.py:829} INFO - Processing file /home/amina/miniconda/lib/python3.11/site-packages/airflow/example_dags/example_branch_labels.py for tasks to queue
[2023-12-16T12:23:13.427+0500] {logging_mixin.py:154} INFO - [2023-12-16T12:23:13.427+0500] {dagbag.py:536} INFO - Filling up the DagBag from /home/amina/miniconda/lib/python3.11/site-packages/airflow/example_dags/example_branch_labels.py
[2023-12-16T12:23:13.439+0500] {processor.py:839} INFO - DAG(s) dict_keys(['example_branch_labels']) retrieved from /home/amina/miniconda/lib/python3.11/site-packages/airflow/example_dags/example_branch_labels.py
[2023-12-16T12:23:13.466+0500] {logging_mixin.py:154} INFO - [2023-12-16T12:23:13.466+0500] {dag.py:2941} INFO - Sync 1 DAGs
[2023-12-16T12:23:13.495+0500] {logging_mixin.py:154} INFO - [2023-12-16T12:23:13.495+0500] {dag.py:3722} INFO - Setting next_dagrun for example_branch_labels to 2023-12-15T00:00:00+00:00, run_after=2023-12-16T00:00:00+00:00
[2023-12-16T12:23:13.654+0500] {processor.py:179} INFO - Processing /home/amina/miniconda/lib/python3.11/site-packages/airflow/example_dags/example_branch_labels.py took 0.233 seconds
[2023-12-16T12:24:09.645+0500] {processor.py:157} INFO - Started process (PID=22175) to work on /home/amina/miniconda/lib/python3.11/site-packages/airflow/example_dags/example_branch_labels.py
[2023-12-16T12:24:09.663+0500] {processor.py:829} INFO - Processing file /home/amina/miniconda/lib/python3.11/site-packages/airflow/example_dags/example_branch_labels.py for tasks to queue
[2023-12-16T12:24:09.665+0500] {logging_mixin.py:154} INFO - [2023-12-16T12:24:09.664+0500] {dagbag.py:536} INFO - Filling up the DagBag from /home/amina/miniconda/lib/python3.11/site-packages/airflow/example_dags/example_branch_labels.py
[2023-12-16T12:24:09.678+0500] {processor.py:839} INFO - DAG(s) dict_keys(['example_branch_labels']) retrieved from /home/amina/miniconda/lib/python3.11/site-packages/airflow/example_dags/example_branch_labels.py
[2023-12-16T12:24:09.707+0500] {logging_mixin.py:154} INFO - [2023-12-16T12:24:09.707+0500] {dag.py:2941} INFO - Sync 1 DAGs
[2023-12-16T12:24:09.749+0500] {logging_mixin.py:154} INFO - [2023-12-16T12:24:09.749+0500] {dag.py:3722} INFO - Setting next_dagrun for example_branch_labels to 2023-12-15T00:00:00+00:00, run_after=2023-12-16T00:00:00+00:00
[2023-12-16T12:24:09.921+0500] {processor.py:179} INFO - Processing /home/amina/miniconda/lib/python3.11/site-packages/airflow/example_dags/example_branch_labels.py took 0.279 seconds
[2023-12-16T12:25:43.425+0500] {processor.py:157} INFO - Started process (PID=24026) to work on /home/amina/miniconda/lib/python3.11/site-packages/airflow/example_dags/example_branch_labels.py
[2023-12-16T12:25:43.443+0500] {processor.py:829} INFO - Processing file /home/amina/miniconda/lib/python3.11/site-packages/airflow/example_dags/example_branch_labels.py for tasks to queue
[2023-12-16T12:25:43.444+0500] {logging_mixin.py:154} INFO - [2023-12-16T12:25:43.443+0500] {dagbag.py:536} INFO - Filling up the DagBag from /home/amina/miniconda/lib/python3.11/site-packages/airflow/example_dags/example_branch_labels.py
[2023-12-16T12:25:43.452+0500] {processor.py:839} INFO - DAG(s) dict_keys(['example_branch_labels']) retrieved from /home/amina/miniconda/lib/python3.11/site-packages/airflow/example_dags/example_branch_labels.py
[2023-12-16T12:25:43.468+0500] {logging_mixin.py:154} INFO - [2023-12-16T12:25:43.468+0500] {dag.py:2941} INFO - Sync 1 DAGs
[2023-12-16T12:25:43.486+0500] {logging_mixin.py:154} INFO - [2023-12-16T12:25:43.485+0500] {dag.py:3722} INFO - Setting next_dagrun for example_branch_labels to 2023-12-15T00:00:00+00:00, run_after=2023-12-16T00:00:00+00:00
[2023-12-16T12:25:43.898+0500] {processor.py:179} INFO - Processing /home/amina/miniconda/lib/python3.11/site-packages/airflow/example_dags/example_branch_labels.py took 0.475 seconds
[2023-12-16T12:26:59.376+0500] {processor.py:157} INFO - Started process (PID=25371) to work on /home/amina/miniconda/lib/python3.11/site-packages/airflow/example_dags/example_branch_labels.py
[2023-12-16T12:26:59.408+0500] {processor.py:829} INFO - Processing file /home/amina/miniconda/lib/python3.11/site-packages/airflow/example_dags/example_branch_labels.py for tasks to queue
[2023-12-16T12:26:59.409+0500] {logging_mixin.py:154} INFO - [2023-12-16T12:26:59.408+0500] {dagbag.py:536} INFO - Filling up the DagBag from /home/amina/miniconda/lib/python3.11/site-packages/airflow/example_dags/example_branch_labels.py
[2023-12-16T12:26:59.417+0500] {processor.py:839} INFO - DAG(s) dict_keys(['example_branch_labels']) retrieved from /home/amina/miniconda/lib/python3.11/site-packages/airflow/example_dags/example_branch_labels.py
[2023-12-16T12:26:59.432+0500] {logging_mixin.py:154} INFO - [2023-12-16T12:26:59.432+0500] {dag.py:2941} INFO - Sync 1 DAGs
[2023-12-16T12:26:59.453+0500] {logging_mixin.py:154} INFO - [2023-12-16T12:26:59.453+0500] {dag.py:3722} INFO - Setting next_dagrun for example_branch_labels to 2023-12-15T00:00:00+00:00, run_after=2023-12-16T00:00:00+00:00
[2023-12-16T12:26:59.755+0500] {processor.py:179} INFO - Processing /home/amina/miniconda/lib/python3.11/site-packages/airflow/example_dags/example_branch_labels.py took 0.384 seconds
[2023-12-16T12:30:22.651+0500] {processor.py:157} INFO - Started process (PID=29442) to work on /home/amina/miniconda/lib/python3.11/site-packages/airflow/example_dags/example_branch_labels.py
[2023-12-16T12:30:22.653+0500] {processor.py:829} INFO - Processing file /home/amina/miniconda/lib/python3.11/site-packages/airflow/example_dags/example_branch_labels.py for tasks to queue
[2023-12-16T12:30:22.655+0500] {logging_mixin.py:154} INFO - [2023-12-16T12:30:22.654+0500] {dagbag.py:536} INFO - Filling up the DagBag from /home/amina/miniconda/lib/python3.11/site-packages/airflow/example_dags/example_branch_labels.py
[2023-12-16T12:30:22.672+0500] {processor.py:839} INFO - DAG(s) dict_keys(['example_branch_labels']) retrieved from /home/amina/miniconda/lib/python3.11/site-packages/airflow/example_dags/example_branch_labels.py
[2023-12-16T12:30:22.703+0500] {logging_mixin.py:154} INFO - [2023-12-16T12:30:22.703+0500] {dag.py:2941} INFO - Sync 1 DAGs
[2023-12-16T12:30:22.740+0500] {logging_mixin.py:154} INFO - [2023-12-16T12:30:22.739+0500] {dag.py:3722} INFO - Setting next_dagrun for example_branch_labels to 2023-12-15T00:00:00+00:00, run_after=2023-12-16T00:00:00+00:00
[2023-12-16T12:30:23.377+0500] {processor.py:179} INFO - Processing /home/amina/miniconda/lib/python3.11/site-packages/airflow/example_dags/example_branch_labels.py took 0.730 seconds
[2023-12-16T12:31:26.121+0500] {processor.py:157} INFO - Started process (PID=31254) to work on /home/amina/miniconda/lib/python3.11/site-packages/airflow/example_dags/example_branch_labels.py
[2023-12-16T12:31:26.136+0500] {processor.py:829} INFO - Processing file /home/amina/miniconda/lib/python3.11/site-packages/airflow/example_dags/example_branch_labels.py for tasks to queue
[2023-12-16T12:31:26.137+0500] {logging_mixin.py:154} INFO - [2023-12-16T12:31:26.137+0500] {dagbag.py:536} INFO - Filling up the DagBag from /home/amina/miniconda/lib/python3.11/site-packages/airflow/example_dags/example_branch_labels.py
[2023-12-16T12:31:26.145+0500] {processor.py:839} INFO - DAG(s) dict_keys(['example_branch_labels']) retrieved from /home/amina/miniconda/lib/python3.11/site-packages/airflow/example_dags/example_branch_labels.py
[2023-12-16T12:31:26.160+0500] {logging_mixin.py:154} INFO - [2023-12-16T12:31:26.160+0500] {dag.py:2941} INFO - Sync 1 DAGs
[2023-12-16T12:31:26.179+0500] {logging_mixin.py:154} INFO - [2023-12-16T12:31:26.178+0500] {dag.py:3722} INFO - Setting next_dagrun for example_branch_labels to 2023-12-15T00:00:00+00:00, run_after=2023-12-16T00:00:00+00:00
[2023-12-16T12:31:26.306+0500] {processor.py:179} INFO - Processing /home/amina/miniconda/lib/python3.11/site-packages/airflow/example_dags/example_branch_labels.py took 0.188 seconds
[2023-12-16T12:32:26.771+0500] {processor.py:157} INFO - Started process (PID=32686) to work on /home/amina/miniconda/lib/python3.11/site-packages/airflow/example_dags/example_branch_labels.py
[2023-12-16T12:32:26.835+0500] {processor.py:829} INFO - Processing file /home/amina/miniconda/lib/python3.11/site-packages/airflow/example_dags/example_branch_labels.py for tasks to queue
[2023-12-16T12:32:26.836+0500] {logging_mixin.py:154} INFO - [2023-12-16T12:32:26.835+0500] {dagbag.py:536} INFO - Filling up the DagBag from /home/amina/miniconda/lib/python3.11/site-packages/airflow/example_dags/example_branch_labels.py
[2023-12-16T12:32:26.844+0500] {processor.py:839} INFO - DAG(s) dict_keys(['example_branch_labels']) retrieved from /home/amina/miniconda/lib/python3.11/site-packages/airflow/example_dags/example_branch_labels.py
[2023-12-16T12:32:26.860+0500] {logging_mixin.py:154} INFO - [2023-12-16T12:32:26.860+0500] {dag.py:2941} INFO - Sync 1 DAGs
[2023-12-16T12:32:26.880+0500] {logging_mixin.py:154} INFO - [2023-12-16T12:32:26.880+0500] {dag.py:3722} INFO - Setting next_dagrun for example_branch_labels to 2023-12-15T00:00:00+00:00, run_after=2023-12-16T00:00:00+00:00
[2023-12-16T12:32:26.986+0500] {processor.py:179} INFO - Processing /home/amina/miniconda/lib/python3.11/site-packages/airflow/example_dags/example_branch_labels.py took 0.218 seconds
[2023-12-16T12:33:27.574+0500] {processor.py:157} INFO - Started process (PID=33799) to work on /home/amina/miniconda/lib/python3.11/site-packages/airflow/example_dags/example_branch_labels.py
[2023-12-16T12:33:27.599+0500] {processor.py:829} INFO - Processing file /home/amina/miniconda/lib/python3.11/site-packages/airflow/example_dags/example_branch_labels.py for tasks to queue
[2023-12-16T12:33:27.600+0500] {logging_mixin.py:154} INFO - [2023-12-16T12:33:27.599+0500] {dagbag.py:536} INFO - Filling up the DagBag from /home/amina/miniconda/lib/python3.11/site-packages/airflow/example_dags/example_branch_labels.py
[2023-12-16T12:33:27.607+0500] {processor.py:839} INFO - DAG(s) dict_keys(['example_branch_labels']) retrieved from /home/amina/miniconda/lib/python3.11/site-packages/airflow/example_dags/example_branch_labels.py
[2023-12-16T12:33:27.623+0500] {logging_mixin.py:154} INFO - [2023-12-16T12:33:27.623+0500] {dag.py:2941} INFO - Sync 1 DAGs
[2023-12-16T12:33:27.646+0500] {logging_mixin.py:154} INFO - [2023-12-16T12:33:27.646+0500] {dag.py:3722} INFO - Setting next_dagrun for example_branch_labels to 2023-12-15T00:00:00+00:00, run_after=2023-12-16T00:00:00+00:00
[2023-12-16T12:33:28.106+0500] {processor.py:179} INFO - Processing /home/amina/miniconda/lib/python3.11/site-packages/airflow/example_dags/example_branch_labels.py took 0.536 seconds
[2023-12-16T12:34:25.407+0500] {processor.py:157} INFO - Started process (PID=35581) to work on /home/amina/miniconda/lib/python3.11/site-packages/airflow/example_dags/example_branch_labels.py
[2023-12-16T12:34:25.451+0500] {processor.py:829} INFO - Processing file /home/amina/miniconda/lib/python3.11/site-packages/airflow/example_dags/example_branch_labels.py for tasks to queue
[2023-12-16T12:34:25.452+0500] {logging_mixin.py:154} INFO - [2023-12-16T12:34:25.451+0500] {dagbag.py:536} INFO - Filling up the DagBag from /home/amina/miniconda/lib/python3.11/site-packages/airflow/example_dags/example_branch_labels.py
[2023-12-16T12:34:25.460+0500] {processor.py:839} INFO - DAG(s) dict_keys(['example_branch_labels']) retrieved from /home/amina/miniconda/lib/python3.11/site-packages/airflow/example_dags/example_branch_labels.py
[2023-12-16T12:34:25.475+0500] {logging_mixin.py:154} INFO - [2023-12-16T12:34:25.475+0500] {dag.py:2941} INFO - Sync 1 DAGs
[2023-12-16T12:34:25.494+0500] {logging_mixin.py:154} INFO - [2023-12-16T12:34:25.493+0500] {dag.py:3722} INFO - Setting next_dagrun for example_branch_labels to 2023-12-15T00:00:00+00:00, run_after=2023-12-16T00:00:00+00:00
[2023-12-16T12:34:25.581+0500] {processor.py:179} INFO - Processing /home/amina/miniconda/lib/python3.11/site-packages/airflow/example_dags/example_branch_labels.py took 0.177 seconds
[2023-12-16T12:35:19.449+0500] {processor.py:157} INFO - Started process (PID=36341) to work on /home/amina/miniconda/lib/python3.11/site-packages/airflow/example_dags/example_branch_labels.py
[2023-12-16T12:35:19.468+0500] {processor.py:829} INFO - Processing file /home/amina/miniconda/lib/python3.11/site-packages/airflow/example_dags/example_branch_labels.py for tasks to queue
[2023-12-16T12:35:19.468+0500] {logging_mixin.py:154} INFO - [2023-12-16T12:35:19.468+0500] {dagbag.py:536} INFO - Filling up the DagBag from /home/amina/miniconda/lib/python3.11/site-packages/airflow/example_dags/example_branch_labels.py
[2023-12-16T12:35:19.476+0500] {processor.py:839} INFO - DAG(s) dict_keys(['example_branch_labels']) retrieved from /home/amina/miniconda/lib/python3.11/site-packages/airflow/example_dags/example_branch_labels.py
[2023-12-16T12:35:19.490+0500] {logging_mixin.py:154} INFO - [2023-12-16T12:35:19.490+0500] {dag.py:2941} INFO - Sync 1 DAGs
[2023-12-16T12:35:19.506+0500] {logging_mixin.py:154} INFO - [2023-12-16T12:35:19.506+0500] {dag.py:3722} INFO - Setting next_dagrun for example_branch_labels to 2023-12-15T00:00:00+00:00, run_after=2023-12-16T00:00:00+00:00
[2023-12-16T12:35:19.623+0500] {processor.py:179} INFO - Processing /home/amina/miniconda/lib/python3.11/site-packages/airflow/example_dags/example_branch_labels.py took 0.177 seconds
[2023-12-16T12:36:14.677+0500] {processor.py:157} INFO - Started process (PID=36403) to work on /home/amina/miniconda/lib/python3.11/site-packages/airflow/example_dags/example_branch_labels.py
[2023-12-16T12:36:14.705+0500] {processor.py:829} INFO - Processing file /home/amina/miniconda/lib/python3.11/site-packages/airflow/example_dags/example_branch_labels.py for tasks to queue
[2023-12-16T12:36:14.705+0500] {logging_mixin.py:154} INFO - [2023-12-16T12:36:14.705+0500] {dagbag.py:536} INFO - Filling up the DagBag from /home/amina/miniconda/lib/python3.11/site-packages/airflow/example_dags/example_branch_labels.py
[2023-12-16T12:36:14.712+0500] {processor.py:839} INFO - DAG(s) dict_keys(['example_branch_labels']) retrieved from /home/amina/miniconda/lib/python3.11/site-packages/airflow/example_dags/example_branch_labels.py
[2023-12-16T12:36:14.727+0500] {logging_mixin.py:154} INFO - [2023-12-16T12:36:14.726+0500] {dag.py:2941} INFO - Sync 1 DAGs
[2023-12-16T12:36:14.743+0500] {logging_mixin.py:154} INFO - [2023-12-16T12:36:14.743+0500] {dag.py:3722} INFO - Setting next_dagrun for example_branch_labels to 2023-12-15T00:00:00+00:00, run_after=2023-12-16T00:00:00+00:00
[2023-12-16T12:36:14.850+0500] {processor.py:179} INFO - Processing /home/amina/miniconda/lib/python3.11/site-packages/airflow/example_dags/example_branch_labels.py took 0.176 seconds
[2023-12-16T12:37:11.357+0500] {processor.py:157} INFO - Started process (PID=36700) to work on /home/amina/miniconda/lib/python3.11/site-packages/airflow/example_dags/example_branch_labels.py
[2023-12-16T12:37:11.383+0500] {processor.py:829} INFO - Processing file /home/amina/miniconda/lib/python3.11/site-packages/airflow/example_dags/example_branch_labels.py for tasks to queue
[2023-12-16T12:37:11.384+0500] {logging_mixin.py:154} INFO - [2023-12-16T12:37:11.383+0500] {dagbag.py:536} INFO - Filling up the DagBag from /home/amina/miniconda/lib/python3.11/site-packages/airflow/example_dags/example_branch_labels.py
[2023-12-16T12:37:11.391+0500] {processor.py:839} INFO - DAG(s) dict_keys(['example_branch_labels']) retrieved from /home/amina/miniconda/lib/python3.11/site-packages/airflow/example_dags/example_branch_labels.py
[2023-12-16T12:37:11.405+0500] {logging_mixin.py:154} INFO - [2023-12-16T12:37:11.405+0500] {dag.py:2941} INFO - Sync 1 DAGs
[2023-12-16T12:37:11.422+0500] {logging_mixin.py:154} INFO - [2023-12-16T12:37:11.422+0500] {dag.py:3722} INFO - Setting next_dagrun for example_branch_labels to 2023-12-15T00:00:00+00:00, run_after=2023-12-16T00:00:00+00:00
[2023-12-16T12:37:11.546+0500] {processor.py:179} INFO - Processing /home/amina/miniconda/lib/python3.11/site-packages/airflow/example_dags/example_branch_labels.py took 0.192 seconds
[2023-12-16T12:38:03.339+0500] {processor.py:157} INFO - Started process (PID=36752) to work on /home/amina/miniconda/lib/python3.11/site-packages/airflow/example_dags/example_branch_labels.py
[2023-12-16T12:38:03.360+0500] {processor.py:829} INFO - Processing file /home/amina/miniconda/lib/python3.11/site-packages/airflow/example_dags/example_branch_labels.py for tasks to queue
[2023-12-16T12:38:03.361+0500] {logging_mixin.py:154} INFO - [2023-12-16T12:38:03.360+0500] {dagbag.py:536} INFO - Filling up the DagBag from /home/amina/miniconda/lib/python3.11/site-packages/airflow/example_dags/example_branch_labels.py
[2023-12-16T12:38:03.368+0500] {processor.py:839} INFO - DAG(s) dict_keys(['example_branch_labels']) retrieved from /home/amina/miniconda/lib/python3.11/site-packages/airflow/example_dags/example_branch_labels.py
[2023-12-16T12:38:03.382+0500] {logging_mixin.py:154} INFO - [2023-12-16T12:38:03.381+0500] {dag.py:2941} INFO - Sync 1 DAGs
[2023-12-16T12:38:03.399+0500] {logging_mixin.py:154} INFO - [2023-12-16T12:38:03.399+0500] {dag.py:3722} INFO - Setting next_dagrun for example_branch_labels to 2023-12-15T00:00:00+00:00, run_after=2023-12-16T00:00:00+00:00
[2023-12-16T12:38:03.509+0500] {processor.py:179} INFO - Processing /home/amina/miniconda/lib/python3.11/site-packages/airflow/example_dags/example_branch_labels.py took 0.173 seconds
[2023-12-16T12:38:55.517+0500] {processor.py:157} INFO - Started process (PID=36800) to work on /home/amina/miniconda/lib/python3.11/site-packages/airflow/example_dags/example_branch_labels.py
[2023-12-16T12:38:55.519+0500] {processor.py:829} INFO - Processing file /home/amina/miniconda/lib/python3.11/site-packages/airflow/example_dags/example_branch_labels.py for tasks to queue
[2023-12-16T12:38:55.520+0500] {logging_mixin.py:154} INFO - [2023-12-16T12:38:55.519+0500] {dagbag.py:536} INFO - Filling up the DagBag from /home/amina/miniconda/lib/python3.11/site-packages/airflow/example_dags/example_branch_labels.py
[2023-12-16T12:38:55.529+0500] {processor.py:839} INFO - DAG(s) dict_keys(['example_branch_labels']) retrieved from /home/amina/miniconda/lib/python3.11/site-packages/airflow/example_dags/example_branch_labels.py
[2023-12-16T12:38:55.543+0500] {logging_mixin.py:154} INFO - [2023-12-16T12:38:55.543+0500] {dag.py:2941} INFO - Sync 1 DAGs
[2023-12-16T12:38:55.559+0500] {logging_mixin.py:154} INFO - [2023-12-16T12:38:55.559+0500] {dag.py:3722} INFO - Setting next_dagrun for example_branch_labels to 2023-12-15T00:00:00+00:00, run_after=2023-12-16T00:00:00+00:00
[2023-12-16T12:38:55.661+0500] {processor.py:179} INFO - Processing /home/amina/miniconda/lib/python3.11/site-packages/airflow/example_dags/example_branch_labels.py took 0.147 seconds
[2023-12-16T12:39:45.068+0500] {processor.py:157} INFO - Started process (PID=36853) to work on /home/amina/miniconda/lib/python3.11/site-packages/airflow/example_dags/example_branch_labels.py
[2023-12-16T12:39:45.116+0500] {processor.py:829} INFO - Processing file /home/amina/miniconda/lib/python3.11/site-packages/airflow/example_dags/example_branch_labels.py for tasks to queue
[2023-12-16T12:39:45.116+0500] {logging_mixin.py:154} INFO - [2023-12-16T12:39:45.116+0500] {dagbag.py:536} INFO - Filling up the DagBag from /home/amina/miniconda/lib/python3.11/site-packages/airflow/example_dags/example_branch_labels.py
[2023-12-16T12:39:45.123+0500] {processor.py:839} INFO - DAG(s) dict_keys(['example_branch_labels']) retrieved from /home/amina/miniconda/lib/python3.11/site-packages/airflow/example_dags/example_branch_labels.py
[2023-12-16T12:39:45.137+0500] {logging_mixin.py:154} INFO - [2023-12-16T12:39:45.137+0500] {dag.py:2941} INFO - Sync 1 DAGs
[2023-12-16T12:39:45.153+0500] {logging_mixin.py:154} INFO - [2023-12-16T12:39:45.153+0500] {dag.py:3722} INFO - Setting next_dagrun for example_branch_labels to 2023-12-15T00:00:00+00:00, run_after=2023-12-16T00:00:00+00:00
[2023-12-16T12:39:45.273+0500] {processor.py:179} INFO - Processing /home/amina/miniconda/lib/python3.11/site-packages/airflow/example_dags/example_branch_labels.py took 0.207 seconds
[2023-12-16T12:40:34.641+0500] {processor.py:157} INFO - Started process (PID=36968) to work on /home/amina/miniconda/lib/python3.11/site-packages/airflow/example_dags/example_branch_labels.py
[2023-12-16T12:40:34.677+0500] {processor.py:829} INFO - Processing file /home/amina/miniconda/lib/python3.11/site-packages/airflow/example_dags/example_branch_labels.py for tasks to queue
[2023-12-16T12:40:34.678+0500] {logging_mixin.py:154} INFO - [2023-12-16T12:40:34.678+0500] {dagbag.py:536} INFO - Filling up the DagBag from /home/amina/miniconda/lib/python3.11/site-packages/airflow/example_dags/example_branch_labels.py
[2023-12-16T12:40:34.685+0500] {processor.py:839} INFO - DAG(s) dict_keys(['example_branch_labels']) retrieved from /home/amina/miniconda/lib/python3.11/site-packages/airflow/example_dags/example_branch_labels.py
[2023-12-16T12:40:34.699+0500] {logging_mixin.py:154} INFO - [2023-12-16T12:40:34.699+0500] {dag.py:2941} INFO - Sync 1 DAGs
[2023-12-16T12:40:34.715+0500] {logging_mixin.py:154} INFO - [2023-12-16T12:40:34.715+0500] {dag.py:3722} INFO - Setting next_dagrun for example_branch_labels to 2023-12-15T00:00:00+00:00, run_after=2023-12-16T00:00:00+00:00
[2023-12-16T12:40:34.821+0500] {processor.py:179} INFO - Processing /home/amina/miniconda/lib/python3.11/site-packages/airflow/example_dags/example_branch_labels.py took 0.183 seconds
[2023-12-16T12:41:26.447+0500] {processor.py:157} INFO - Started process (PID=37060) to work on /home/amina/miniconda/lib/python3.11/site-packages/airflow/example_dags/example_branch_labels.py
[2023-12-16T12:41:26.462+0500] {processor.py:829} INFO - Processing file /home/amina/miniconda/lib/python3.11/site-packages/airflow/example_dags/example_branch_labels.py for tasks to queue
[2023-12-16T12:41:26.463+0500] {logging_mixin.py:154} INFO - [2023-12-16T12:41:26.463+0500] {dagbag.py:536} INFO - Filling up the DagBag from /home/amina/miniconda/lib/python3.11/site-packages/airflow/example_dags/example_branch_labels.py
[2023-12-16T12:41:26.472+0500] {processor.py:839} INFO - DAG(s) dict_keys(['example_branch_labels']) retrieved from /home/amina/miniconda/lib/python3.11/site-packages/airflow/example_dags/example_branch_labels.py
[2023-12-16T12:41:26.489+0500] {logging_mixin.py:154} INFO - [2023-12-16T12:41:26.489+0500] {dag.py:2941} INFO - Sync 1 DAGs
[2023-12-16T12:41:26.507+0500] {logging_mixin.py:154} INFO - [2023-12-16T12:41:26.507+0500] {dag.py:3722} INFO - Setting next_dagrun for example_branch_labels to 2023-12-15T00:00:00+00:00, run_after=2023-12-16T00:00:00+00:00
[2023-12-16T12:41:26.760+0500] {processor.py:179} INFO - Processing /home/amina/miniconda/lib/python3.11/site-packages/airflow/example_dags/example_branch_labels.py took 0.316 seconds
[2023-12-16T12:43:01.133+0500] {processor.py:157} INFO - Started process (PID=37188) to work on /home/amina/miniconda/lib/python3.11/site-packages/airflow/example_dags/example_branch_labels.py
[2023-12-16T12:43:01.175+0500] {processor.py:829} INFO - Processing file /home/amina/miniconda/lib/python3.11/site-packages/airflow/example_dags/example_branch_labels.py for tasks to queue
[2023-12-16T12:43:01.176+0500] {logging_mixin.py:154} INFO - [2023-12-16T12:43:01.176+0500] {dagbag.py:536} INFO - Filling up the DagBag from /home/amina/miniconda/lib/python3.11/site-packages/airflow/example_dags/example_branch_labels.py
[2023-12-16T12:43:01.191+0500] {processor.py:839} INFO - DAG(s) dict_keys(['example_branch_labels']) retrieved from /home/amina/miniconda/lib/python3.11/site-packages/airflow/example_dags/example_branch_labels.py
[2023-12-16T12:43:01.215+0500] {logging_mixin.py:154} INFO - [2023-12-16T12:43:01.215+0500] {dag.py:2941} INFO - Sync 1 DAGs
[2023-12-16T12:43:01.251+0500] {logging_mixin.py:154} INFO - [2023-12-16T12:43:01.250+0500] {dag.py:3722} INFO - Setting next_dagrun for example_branch_labels to 2023-12-15T00:00:00+00:00, run_after=2023-12-16T00:00:00+00:00
[2023-12-16T12:43:01.812+0500] {processor.py:179} INFO - Processing /home/amina/miniconda/lib/python3.11/site-packages/airflow/example_dags/example_branch_labels.py took 0.684 seconds
[2023-12-16T12:44:06.134+0500] {processor.py:157} INFO - Started process (PID=37251) to work on /home/amina/miniconda/lib/python3.11/site-packages/airflow/example_dags/example_branch_labels.py
[2023-12-16T12:44:06.141+0500] {processor.py:829} INFO - Processing file /home/amina/miniconda/lib/python3.11/site-packages/airflow/example_dags/example_branch_labels.py for tasks to queue
[2023-12-16T12:44:06.142+0500] {logging_mixin.py:154} INFO - [2023-12-16T12:44:06.141+0500] {dagbag.py:536} INFO - Filling up the DagBag from /home/amina/miniconda/lib/python3.11/site-packages/airflow/example_dags/example_branch_labels.py
[2023-12-16T12:44:06.149+0500] {processor.py:839} INFO - DAG(s) dict_keys(['example_branch_labels']) retrieved from /home/amina/miniconda/lib/python3.11/site-packages/airflow/example_dags/example_branch_labels.py
[2023-12-16T12:44:06.163+0500] {logging_mixin.py:154} INFO - [2023-12-16T12:44:06.163+0500] {dag.py:2941} INFO - Sync 1 DAGs
[2023-12-16T12:44:06.179+0500] {logging_mixin.py:154} INFO - [2023-12-16T12:44:06.179+0500] {dag.py:3722} INFO - Setting next_dagrun for example_branch_labels to 2023-12-15T00:00:00+00:00, run_after=2023-12-16T00:00:00+00:00
[2023-12-16T12:44:06.282+0500] {processor.py:179} INFO - Processing /home/amina/miniconda/lib/python3.11/site-packages/airflow/example_dags/example_branch_labels.py took 0.150 seconds
[2023-12-16T12:44:54.726+0500] {processor.py:157} INFO - Started process (PID=37338) to work on /home/amina/miniconda/lib/python3.11/site-packages/airflow/example_dags/example_branch_labels.py
[2023-12-16T12:44:54.747+0500] {processor.py:829} INFO - Processing file /home/amina/miniconda/lib/python3.11/site-packages/airflow/example_dags/example_branch_labels.py for tasks to queue
[2023-12-16T12:44:54.748+0500] {logging_mixin.py:154} INFO - [2023-12-16T12:44:54.748+0500] {dagbag.py:536} INFO - Filling up the DagBag from /home/amina/miniconda/lib/python3.11/site-packages/airflow/example_dags/example_branch_labels.py
[2023-12-16T12:44:54.755+0500] {processor.py:839} INFO - DAG(s) dict_keys(['example_branch_labels']) retrieved from /home/amina/miniconda/lib/python3.11/site-packages/airflow/example_dags/example_branch_labels.py
[2023-12-16T12:44:54.771+0500] {logging_mixin.py:154} INFO - [2023-12-16T12:44:54.771+0500] {dag.py:2941} INFO - Sync 1 DAGs
[2023-12-16T12:44:54.787+0500] {logging_mixin.py:154} INFO - [2023-12-16T12:44:54.787+0500] {dag.py:3722} INFO - Setting next_dagrun for example_branch_labels to 2023-12-15T00:00:00+00:00, run_after=2023-12-16T00:00:00+00:00
[2023-12-16T12:44:54.889+0500] {processor.py:179} INFO - Processing /home/amina/miniconda/lib/python3.11/site-packages/airflow/example_dags/example_branch_labels.py took 0.166 seconds
[2023-12-16T12:45:46.019+0500] {processor.py:157} INFO - Started process (PID=37405) to work on /home/amina/miniconda/lib/python3.11/site-packages/airflow/example_dags/example_branch_labels.py
[2023-12-16T12:45:46.081+0500] {processor.py:829} INFO - Processing file /home/amina/miniconda/lib/python3.11/site-packages/airflow/example_dags/example_branch_labels.py for tasks to queue
[2023-12-16T12:45:46.082+0500] {logging_mixin.py:154} INFO - [2023-12-16T12:45:46.082+0500] {dagbag.py:536} INFO - Filling up the DagBag from /home/amina/miniconda/lib/python3.11/site-packages/airflow/example_dags/example_branch_labels.py
[2023-12-16T12:45:46.089+0500] {processor.py:839} INFO - DAG(s) dict_keys(['example_branch_labels']) retrieved from /home/amina/miniconda/lib/python3.11/site-packages/airflow/example_dags/example_branch_labels.py
[2023-12-16T12:45:46.103+0500] {logging_mixin.py:154} INFO - [2023-12-16T12:45:46.103+0500] {dag.py:2941} INFO - Sync 1 DAGs
[2023-12-16T12:45:46.119+0500] {logging_mixin.py:154} INFO - [2023-12-16T12:45:46.118+0500] {dag.py:3722} INFO - Setting next_dagrun for example_branch_labels to 2023-12-15T00:00:00+00:00, run_after=2023-12-16T00:00:00+00:00
[2023-12-16T12:45:46.229+0500] {processor.py:179} INFO - Processing /home/amina/miniconda/lib/python3.11/site-packages/airflow/example_dags/example_branch_labels.py took 0.213 seconds
[2023-12-16T12:46:59.601+0500] {processor.py:157} INFO - Started process (PID=37480) to work on /home/amina/miniconda/lib/python3.11/site-packages/airflow/example_dags/example_branch_labels.py
[2023-12-16T12:46:59.620+0500] {processor.py:829} INFO - Processing file /home/amina/miniconda/lib/python3.11/site-packages/airflow/example_dags/example_branch_labels.py for tasks to queue
[2023-12-16T12:46:59.621+0500] {logging_mixin.py:154} INFO - [2023-12-16T12:46:59.621+0500] {dagbag.py:536} INFO - Filling up the DagBag from /home/amina/miniconda/lib/python3.11/site-packages/airflow/example_dags/example_branch_labels.py
[2023-12-16T12:46:59.628+0500] {processor.py:839} INFO - DAG(s) dict_keys(['example_branch_labels']) retrieved from /home/amina/miniconda/lib/python3.11/site-packages/airflow/example_dags/example_branch_labels.py
[2023-12-16T12:46:59.642+0500] {logging_mixin.py:154} INFO - [2023-12-16T12:46:59.642+0500] {dag.py:2941} INFO - Sync 1 DAGs
[2023-12-16T12:46:59.658+0500] {logging_mixin.py:154} INFO - [2023-12-16T12:46:59.658+0500] {dag.py:3722} INFO - Setting next_dagrun for example_branch_labels to 2023-12-15T00:00:00+00:00, run_after=2023-12-16T00:00:00+00:00
[2023-12-16T12:46:59.774+0500] {processor.py:179} INFO - Processing /home/amina/miniconda/lib/python3.11/site-packages/airflow/example_dags/example_branch_labels.py took 0.176 seconds
[2023-12-16T12:47:50.256+0500] {processor.py:157} INFO - Started process (PID=37538) to work on /home/amina/miniconda/lib/python3.11/site-packages/airflow/example_dags/example_branch_labels.py
[2023-12-16T12:47:50.345+0500] {processor.py:829} INFO - Processing file /home/amina/miniconda/lib/python3.11/site-packages/airflow/example_dags/example_branch_labels.py for tasks to queue
[2023-12-16T12:47:50.346+0500] {logging_mixin.py:154} INFO - [2023-12-16T12:47:50.346+0500] {dagbag.py:536} INFO - Filling up the DagBag from /home/amina/miniconda/lib/python3.11/site-packages/airflow/example_dags/example_branch_labels.py
[2023-12-16T12:47:50.355+0500] {processor.py:839} INFO - DAG(s) dict_keys(['example_branch_labels']) retrieved from /home/amina/miniconda/lib/python3.11/site-packages/airflow/example_dags/example_branch_labels.py
[2023-12-16T12:47:50.372+0500] {logging_mixin.py:154} INFO - [2023-12-16T12:47:50.372+0500] {dag.py:2941} INFO - Sync 1 DAGs
[2023-12-16T12:47:50.389+0500] {logging_mixin.py:154} INFO - [2023-12-16T12:47:50.389+0500] {dag.py:3722} INFO - Setting next_dagrun for example_branch_labels to 2023-12-15T00:00:00+00:00, run_after=2023-12-16T00:00:00+00:00
[2023-12-16T12:47:50.646+0500] {processor.py:179} INFO - Processing /home/amina/miniconda/lib/python3.11/site-packages/airflow/example_dags/example_branch_labels.py took 0.393 seconds
[2023-12-16T12:48:42.262+0500] {processor.py:157} INFO - Started process (PID=37619) to work on /home/amina/miniconda/lib/python3.11/site-packages/airflow/example_dags/example_branch_labels.py
[2023-12-16T12:48:42.308+0500] {processor.py:829} INFO - Processing file /home/amina/miniconda/lib/python3.11/site-packages/airflow/example_dags/example_branch_labels.py for tasks to queue
[2023-12-16T12:48:42.309+0500] {logging_mixin.py:154} INFO - [2023-12-16T12:48:42.309+0500] {dagbag.py:536} INFO - Filling up the DagBag from /home/amina/miniconda/lib/python3.11/site-packages/airflow/example_dags/example_branch_labels.py
[2023-12-16T12:48:42.317+0500] {processor.py:839} INFO - DAG(s) dict_keys(['example_branch_labels']) retrieved from /home/amina/miniconda/lib/python3.11/site-packages/airflow/example_dags/example_branch_labels.py
[2023-12-16T12:48:42.334+0500] {logging_mixin.py:154} INFO - [2023-12-16T12:48:42.334+0500] {dag.py:2941} INFO - Sync 1 DAGs
[2023-12-16T12:48:42.353+0500] {logging_mixin.py:154} INFO - [2023-12-16T12:48:42.353+0500] {dag.py:3722} INFO - Setting next_dagrun for example_branch_labels to 2023-12-15T00:00:00+00:00, run_after=2023-12-16T00:00:00+00:00
[2023-12-16T12:48:42.566+0500] {processor.py:179} INFO - Processing /home/amina/miniconda/lib/python3.11/site-packages/airflow/example_dags/example_branch_labels.py took 0.308 seconds
[2023-12-16T12:49:43.120+0500] {processor.py:157} INFO - Started process (PID=38337) to work on /home/amina/miniconda/lib/python3.11/site-packages/airflow/example_dags/example_branch_labels.py
[2023-12-16T12:49:43.197+0500] {processor.py:829} INFO - Processing file /home/amina/miniconda/lib/python3.11/site-packages/airflow/example_dags/example_branch_labels.py for tasks to queue
[2023-12-16T12:49:43.198+0500] {logging_mixin.py:154} INFO - [2023-12-16T12:49:43.197+0500] {dagbag.py:536} INFO - Filling up the DagBag from /home/amina/miniconda/lib/python3.11/site-packages/airflow/example_dags/example_branch_labels.py
[2023-12-16T12:49:43.205+0500] {processor.py:839} INFO - DAG(s) dict_keys(['example_branch_labels']) retrieved from /home/amina/miniconda/lib/python3.11/site-packages/airflow/example_dags/example_branch_labels.py
[2023-12-16T12:49:43.221+0500] {logging_mixin.py:154} INFO - [2023-12-16T12:49:43.220+0500] {dag.py:2941} INFO - Sync 1 DAGs
[2023-12-16T12:49:43.242+0500] {logging_mixin.py:154} INFO - [2023-12-16T12:49:43.242+0500] {dag.py:3722} INFO - Setting next_dagrun for example_branch_labels to 2023-12-15T00:00:00+00:00, run_after=2023-12-16T00:00:00+00:00
[2023-12-16T12:49:43.474+0500] {processor.py:179} INFO - Processing /home/amina/miniconda/lib/python3.11/site-packages/airflow/example_dags/example_branch_labels.py took 0.357 seconds
[2023-12-16T12:50:50.972+0500] {processor.py:157} INFO - Started process (PID=38493) to work on /home/amina/miniconda/lib/python3.11/site-packages/airflow/example_dags/example_branch_labels.py
[2023-12-16T12:50:50.983+0500] {processor.py:829} INFO - Processing file /home/amina/miniconda/lib/python3.11/site-packages/airflow/example_dags/example_branch_labels.py for tasks to queue
[2023-12-16T12:50:50.984+0500] {logging_mixin.py:154} INFO - [2023-12-16T12:50:50.984+0500] {dagbag.py:536} INFO - Filling up the DagBag from /home/amina/miniconda/lib/python3.11/site-packages/airflow/example_dags/example_branch_labels.py
[2023-12-16T12:50:50.994+0500] {processor.py:839} INFO - DAG(s) dict_keys(['example_branch_labels']) retrieved from /home/amina/miniconda/lib/python3.11/site-packages/airflow/example_dags/example_branch_labels.py
[2023-12-16T12:50:51.010+0500] {logging_mixin.py:154} INFO - [2023-12-16T12:50:51.010+0500] {dag.py:2941} INFO - Sync 1 DAGs
[2023-12-16T12:50:51.035+0500] {logging_mixin.py:154} INFO - [2023-12-16T12:50:51.035+0500] {dag.py:3722} INFO - Setting next_dagrun for example_branch_labels to 2023-12-15T00:00:00+00:00, run_after=2023-12-16T00:00:00+00:00
[2023-12-16T12:50:51.261+0500] {processor.py:179} INFO - Processing /home/amina/miniconda/lib/python3.11/site-packages/airflow/example_dags/example_branch_labels.py took 0.291 seconds
[2023-12-16T12:51:51.946+0500] {processor.py:157} INFO - Started process (PID=38543) to work on /home/amina/miniconda/lib/python3.11/site-packages/airflow/example_dags/example_branch_labels.py
[2023-12-16T12:51:51.976+0500] {processor.py:829} INFO - Processing file /home/amina/miniconda/lib/python3.11/site-packages/airflow/example_dags/example_branch_labels.py for tasks to queue
[2023-12-16T12:51:51.977+0500] {logging_mixin.py:154} INFO - [2023-12-16T12:51:51.976+0500] {dagbag.py:536} INFO - Filling up the DagBag from /home/amina/miniconda/lib/python3.11/site-packages/airflow/example_dags/example_branch_labels.py
[2023-12-16T12:51:51.985+0500] {processor.py:839} INFO - DAG(s) dict_keys(['example_branch_labels']) retrieved from /home/amina/miniconda/lib/python3.11/site-packages/airflow/example_dags/example_branch_labels.py
[2023-12-16T12:51:52.001+0500] {logging_mixin.py:154} INFO - [2023-12-16T12:51:52.001+0500] {dag.py:2941} INFO - Sync 1 DAGs
[2023-12-16T12:51:52.018+0500] {logging_mixin.py:154} INFO - [2023-12-16T12:51:52.018+0500] {dag.py:3722} INFO - Setting next_dagrun for example_branch_labels to 2023-12-15T00:00:00+00:00, run_after=2023-12-16T00:00:00+00:00
[2023-12-16T12:51:52.120+0500] {processor.py:179} INFO - Processing /home/amina/miniconda/lib/python3.11/site-packages/airflow/example_dags/example_branch_labels.py took 0.177 seconds
[2023-12-16T12:52:47.813+0500] {processor.py:157} INFO - Started process (PID=38593) to work on /home/amina/miniconda/lib/python3.11/site-packages/airflow/example_dags/example_branch_labels.py
[2023-12-16T12:52:47.863+0500] {processor.py:829} INFO - Processing file /home/amina/miniconda/lib/python3.11/site-packages/airflow/example_dags/example_branch_labels.py for tasks to queue
[2023-12-16T12:52:47.864+0500] {logging_mixin.py:154} INFO - [2023-12-16T12:52:47.864+0500] {dagbag.py:536} INFO - Filling up the DagBag from /home/amina/miniconda/lib/python3.11/site-packages/airflow/example_dags/example_branch_labels.py
[2023-12-16T12:52:47.871+0500] {processor.py:839} INFO - DAG(s) dict_keys(['example_branch_labels']) retrieved from /home/amina/miniconda/lib/python3.11/site-packages/airflow/example_dags/example_branch_labels.py
[2023-12-16T12:52:47.887+0500] {logging_mixin.py:154} INFO - [2023-12-16T12:52:47.887+0500] {dag.py:2941} INFO - Sync 1 DAGs
[2023-12-16T12:52:47.904+0500] {logging_mixin.py:154} INFO - [2023-12-16T12:52:47.904+0500] {dag.py:3722} INFO - Setting next_dagrun for example_branch_labels to 2023-12-15T00:00:00+00:00, run_after=2023-12-16T00:00:00+00:00
[2023-12-16T12:52:48.016+0500] {processor.py:179} INFO - Processing /home/amina/miniconda/lib/python3.11/site-packages/airflow/example_dags/example_branch_labels.py took 0.205 seconds
[2023-12-16T12:54:23.171+0500] {processor.py:157} INFO - Started process (PID=39016) to work on /home/amina/miniconda/lib/python3.11/site-packages/airflow/example_dags/example_branch_labels.py
[2023-12-16T12:54:23.190+0500] {processor.py:829} INFO - Processing file /home/amina/miniconda/lib/python3.11/site-packages/airflow/example_dags/example_branch_labels.py for tasks to queue
[2023-12-16T12:54:23.191+0500] {logging_mixin.py:154} INFO - [2023-12-16T12:54:23.190+0500] {dagbag.py:536} INFO - Filling up the DagBag from /home/amina/miniconda/lib/python3.11/site-packages/airflow/example_dags/example_branch_labels.py
[2023-12-16T12:54:23.198+0500] {processor.py:839} INFO - DAG(s) dict_keys(['example_branch_labels']) retrieved from /home/amina/miniconda/lib/python3.11/site-packages/airflow/example_dags/example_branch_labels.py
[2023-12-16T12:54:23.214+0500] {logging_mixin.py:154} INFO - [2023-12-16T12:54:23.214+0500] {dag.py:2941} INFO - Sync 1 DAGs
[2023-12-16T12:54:23.234+0500] {logging_mixin.py:154} INFO - [2023-12-16T12:54:23.233+0500] {dag.py:3722} INFO - Setting next_dagrun for example_branch_labels to 2023-12-15T00:00:00+00:00, run_after=2023-12-16T00:00:00+00:00
[2023-12-16T12:54:23.356+0500] {processor.py:179} INFO - Processing /home/amina/miniconda/lib/python3.11/site-packages/airflow/example_dags/example_branch_labels.py took 0.190 seconds
[2023-12-16T12:55:18.745+0500] {processor.py:157} INFO - Started process (PID=39064) to work on /home/amina/miniconda/lib/python3.11/site-packages/airflow/example_dags/example_branch_labels.py
[2023-12-16T12:55:18.809+0500] {processor.py:829} INFO - Processing file /home/amina/miniconda/lib/python3.11/site-packages/airflow/example_dags/example_branch_labels.py for tasks to queue
[2023-12-16T12:55:18.810+0500] {logging_mixin.py:154} INFO - [2023-12-16T12:55:18.810+0500] {dagbag.py:536} INFO - Filling up the DagBag from /home/amina/miniconda/lib/python3.11/site-packages/airflow/example_dags/example_branch_labels.py
[2023-12-16T12:55:18.821+0500] {processor.py:839} INFO - DAG(s) dict_keys(['example_branch_labels']) retrieved from /home/amina/miniconda/lib/python3.11/site-packages/airflow/example_dags/example_branch_labels.py
[2023-12-16T12:55:18.838+0500] {logging_mixin.py:154} INFO - [2023-12-16T12:55:18.838+0500] {dag.py:2941} INFO - Sync 1 DAGs
[2023-12-16T12:55:18.861+0500] {logging_mixin.py:154} INFO - [2023-12-16T12:55:18.860+0500] {dag.py:3722} INFO - Setting next_dagrun for example_branch_labels to 2023-12-15T00:00:00+00:00, run_after=2023-12-16T00:00:00+00:00
[2023-12-16T12:55:18.950+0500] {processor.py:179} INFO - Processing /home/amina/miniconda/lib/python3.11/site-packages/airflow/example_dags/example_branch_labels.py took 0.209 seconds
[2023-12-16T12:56:12.080+0500] {processor.py:157} INFO - Started process (PID=39147) to work on /home/amina/miniconda/lib/python3.11/site-packages/airflow/example_dags/example_branch_labels.py
[2023-12-16T12:56:12.099+0500] {processor.py:829} INFO - Processing file /home/amina/miniconda/lib/python3.11/site-packages/airflow/example_dags/example_branch_labels.py for tasks to queue
[2023-12-16T12:56:12.100+0500] {logging_mixin.py:154} INFO - [2023-12-16T12:56:12.099+0500] {dagbag.py:536} INFO - Filling up the DagBag from /home/amina/miniconda/lib/python3.11/site-packages/airflow/example_dags/example_branch_labels.py
[2023-12-16T12:56:12.107+0500] {processor.py:839} INFO - DAG(s) dict_keys(['example_branch_labels']) retrieved from /home/amina/miniconda/lib/python3.11/site-packages/airflow/example_dags/example_branch_labels.py
[2023-12-16T12:56:12.126+0500] {logging_mixin.py:154} INFO - [2023-12-16T12:56:12.125+0500] {dag.py:2941} INFO - Sync 1 DAGs
[2023-12-16T12:56:12.148+0500] {logging_mixin.py:154} INFO - [2023-12-16T12:56:12.148+0500] {dag.py:3722} INFO - Setting next_dagrun for example_branch_labels to 2023-12-15T00:00:00+00:00, run_after=2023-12-16T00:00:00+00:00
[2023-12-16T12:56:12.241+0500] {processor.py:179} INFO - Processing /home/amina/miniconda/lib/python3.11/site-packages/airflow/example_dags/example_branch_labels.py took 0.164 seconds
[2023-12-16T12:57:00.074+0500] {processor.py:157} INFO - Started process (PID=39190) to work on /home/amina/miniconda/lib/python3.11/site-packages/airflow/example_dags/example_branch_labels.py
[2023-12-16T12:57:00.128+0500] {processor.py:829} INFO - Processing file /home/amina/miniconda/lib/python3.11/site-packages/airflow/example_dags/example_branch_labels.py for tasks to queue
[2023-12-16T12:57:00.129+0500] {logging_mixin.py:154} INFO - [2023-12-16T12:57:00.129+0500] {dagbag.py:536} INFO - Filling up the DagBag from /home/amina/miniconda/lib/python3.11/site-packages/airflow/example_dags/example_branch_labels.py
[2023-12-16T12:57:00.137+0500] {processor.py:839} INFO - DAG(s) dict_keys(['example_branch_labels']) retrieved from /home/amina/miniconda/lib/python3.11/site-packages/airflow/example_dags/example_branch_labels.py
[2023-12-16T12:57:00.157+0500] {logging_mixin.py:154} INFO - [2023-12-16T12:57:00.156+0500] {dag.py:2941} INFO - Sync 1 DAGs
[2023-12-16T12:57:00.179+0500] {logging_mixin.py:154} INFO - [2023-12-16T12:57:00.178+0500] {dag.py:3722} INFO - Setting next_dagrun for example_branch_labels to 2023-12-15T00:00:00+00:00, run_after=2023-12-16T00:00:00+00:00
[2023-12-16T12:57:00.258+0500] {processor.py:179} INFO - Processing /home/amina/miniconda/lib/python3.11/site-packages/airflow/example_dags/example_branch_labels.py took 0.187 seconds
[2023-12-16T12:57:53.178+0500] {processor.py:157} INFO - Started process (PID=39239) to work on /home/amina/miniconda/lib/python3.11/site-packages/airflow/example_dags/example_branch_labels.py
[2023-12-16T12:57:53.198+0500] {processor.py:829} INFO - Processing file /home/amina/miniconda/lib/python3.11/site-packages/airflow/example_dags/example_branch_labels.py for tasks to queue
[2023-12-16T12:57:53.199+0500] {logging_mixin.py:154} INFO - [2023-12-16T12:57:53.199+0500] {dagbag.py:536} INFO - Filling up the DagBag from /home/amina/miniconda/lib/python3.11/site-packages/airflow/example_dags/example_branch_labels.py
[2023-12-16T12:57:53.206+0500] {processor.py:839} INFO - DAG(s) dict_keys(['example_branch_labels']) retrieved from /home/amina/miniconda/lib/python3.11/site-packages/airflow/example_dags/example_branch_labels.py
[2023-12-16T12:57:53.225+0500] {logging_mixin.py:154} INFO - [2023-12-16T12:57:53.225+0500] {dag.py:2941} INFO - Sync 1 DAGs
[2023-12-16T12:57:53.242+0500] {logging_mixin.py:154} INFO - [2023-12-16T12:57:53.242+0500] {dag.py:3722} INFO - Setting next_dagrun for example_branch_labels to 2023-12-15T00:00:00+00:00, run_after=2023-12-16T00:00:00+00:00
[2023-12-16T12:57:53.328+0500] {processor.py:179} INFO - Processing /home/amina/miniconda/lib/python3.11/site-packages/airflow/example_dags/example_branch_labels.py took 0.154 seconds
[2023-12-16T12:58:44.917+0500] {processor.py:157} INFO - Started process (PID=39286) to work on /home/amina/miniconda/lib/python3.11/site-packages/airflow/example_dags/example_branch_labels.py
[2023-12-16T12:58:44.941+0500] {processor.py:829} INFO - Processing file /home/amina/miniconda/lib/python3.11/site-packages/airflow/example_dags/example_branch_labels.py for tasks to queue
[2023-12-16T12:58:44.941+0500] {logging_mixin.py:154} INFO - [2023-12-16T12:58:44.941+0500] {dagbag.py:536} INFO - Filling up the DagBag from /home/amina/miniconda/lib/python3.11/site-packages/airflow/example_dags/example_branch_labels.py
[2023-12-16T12:58:44.949+0500] {processor.py:839} INFO - DAG(s) dict_keys(['example_branch_labels']) retrieved from /home/amina/miniconda/lib/python3.11/site-packages/airflow/example_dags/example_branch_labels.py
[2023-12-16T12:58:44.964+0500] {logging_mixin.py:154} INFO - [2023-12-16T12:58:44.964+0500] {dag.py:2941} INFO - Sync 1 DAGs
[2023-12-16T12:58:44.984+0500] {logging_mixin.py:154} INFO - [2023-12-16T12:58:44.983+0500] {dag.py:3722} INFO - Setting next_dagrun for example_branch_labels to 2023-12-15T00:00:00+00:00, run_after=2023-12-16T00:00:00+00:00
[2023-12-16T12:58:45.078+0500] {processor.py:179} INFO - Processing /home/amina/miniconda/lib/python3.11/site-packages/airflow/example_dags/example_branch_labels.py took 0.164 seconds
[2023-12-16T12:59:36.592+0500] {processor.py:157} INFO - Started process (PID=39350) to work on /home/amina/miniconda/lib/python3.11/site-packages/airflow/example_dags/example_branch_labels.py
[2023-12-16T12:59:36.617+0500] {processor.py:829} INFO - Processing file /home/amina/miniconda/lib/python3.11/site-packages/airflow/example_dags/example_branch_labels.py for tasks to queue
[2023-12-16T12:59:36.618+0500] {logging_mixin.py:154} INFO - [2023-12-16T12:59:36.618+0500] {dagbag.py:536} INFO - Filling up the DagBag from /home/amina/miniconda/lib/python3.11/site-packages/airflow/example_dags/example_branch_labels.py
[2023-12-16T12:59:36.629+0500] {processor.py:839} INFO - DAG(s) dict_keys(['example_branch_labels']) retrieved from /home/amina/miniconda/lib/python3.11/site-packages/airflow/example_dags/example_branch_labels.py
[2023-12-16T12:59:36.647+0500] {logging_mixin.py:154} INFO - [2023-12-16T12:59:36.647+0500] {dag.py:2941} INFO - Sync 1 DAGs
[2023-12-16T12:59:36.668+0500] {logging_mixin.py:154} INFO - [2023-12-16T12:59:36.668+0500] {dag.py:3722} INFO - Setting next_dagrun for example_branch_labels to 2023-12-15T00:00:00+00:00, run_after=2023-12-16T00:00:00+00:00
[2023-12-16T12:59:36.829+0500] {processor.py:179} INFO - Processing /home/amina/miniconda/lib/python3.11/site-packages/airflow/example_dags/example_branch_labels.py took 0.240 seconds
[2023-12-16T13:00:47.841+0500] {processor.py:157} INFO - Started process (PID=39416) to work on /home/amina/miniconda/lib/python3.11/site-packages/airflow/example_dags/example_branch_labels.py
[2023-12-16T13:00:47.852+0500] {processor.py:829} INFO - Processing file /home/amina/miniconda/lib/python3.11/site-packages/airflow/example_dags/example_branch_labels.py for tasks to queue
[2023-12-16T13:00:47.853+0500] {logging_mixin.py:154} INFO - [2023-12-16T13:00:47.852+0500] {dagbag.py:536} INFO - Filling up the DagBag from /home/amina/miniconda/lib/python3.11/site-packages/airflow/example_dags/example_branch_labels.py
[2023-12-16T13:00:47.864+0500] {processor.py:839} INFO - DAG(s) dict_keys(['example_branch_labels']) retrieved from /home/amina/miniconda/lib/python3.11/site-packages/airflow/example_dags/example_branch_labels.py
[2023-12-16T13:00:47.884+0500] {logging_mixin.py:154} INFO - [2023-12-16T13:00:47.883+0500] {dag.py:2941} INFO - Sync 1 DAGs
[2023-12-16T13:00:47.901+0500] {logging_mixin.py:154} INFO - [2023-12-16T13:00:47.901+0500] {dag.py:3722} INFO - Setting next_dagrun for example_branch_labels to 2023-12-15T00:00:00+00:00, run_after=2023-12-16T00:00:00+00:00
[2023-12-16T13:00:48.018+0500] {processor.py:179} INFO - Processing /home/amina/miniconda/lib/python3.11/site-packages/airflow/example_dags/example_branch_labels.py took 0.181 seconds
[2023-12-16T13:01:40.135+0500] {processor.py:157} INFO - Started process (PID=39485) to work on /home/amina/miniconda/lib/python3.11/site-packages/airflow/example_dags/example_branch_labels.py
[2023-12-16T13:01:40.145+0500] {processor.py:829} INFO - Processing file /home/amina/miniconda/lib/python3.11/site-packages/airflow/example_dags/example_branch_labels.py for tasks to queue
[2023-12-16T13:01:40.146+0500] {logging_mixin.py:154} INFO - [2023-12-16T13:01:40.146+0500] {dagbag.py:536} INFO - Filling up the DagBag from /home/amina/miniconda/lib/python3.11/site-packages/airflow/example_dags/example_branch_labels.py
[2023-12-16T13:01:40.156+0500] {processor.py:839} INFO - DAG(s) dict_keys(['example_branch_labels']) retrieved from /home/amina/miniconda/lib/python3.11/site-packages/airflow/example_dags/example_branch_labels.py
[2023-12-16T13:01:40.175+0500] {logging_mixin.py:154} INFO - [2023-12-16T13:01:40.175+0500] {dag.py:2941} INFO - Sync 1 DAGs
[2023-12-16T13:01:40.195+0500] {logging_mixin.py:154} INFO - [2023-12-16T13:01:40.195+0500] {dag.py:3722} INFO - Setting next_dagrun for example_branch_labels to 2023-12-15T00:00:00+00:00, run_after=2023-12-16T00:00:00+00:00
[2023-12-16T13:01:40.287+0500] {processor.py:179} INFO - Processing /home/amina/miniconda/lib/python3.11/site-packages/airflow/example_dags/example_branch_labels.py took 0.155 seconds
[2023-12-16T13:02:30.129+0500] {processor.py:157} INFO - Started process (PID=39552) to work on /home/amina/miniconda/lib/python3.11/site-packages/airflow/example_dags/example_branch_labels.py
[2023-12-16T13:02:30.166+0500] {processor.py:829} INFO - Processing file /home/amina/miniconda/lib/python3.11/site-packages/airflow/example_dags/example_branch_labels.py for tasks to queue
[2023-12-16T13:02:30.166+0500] {logging_mixin.py:154} INFO - [2023-12-16T13:02:30.166+0500] {dagbag.py:536} INFO - Filling up the DagBag from /home/amina/miniconda/lib/python3.11/site-packages/airflow/example_dags/example_branch_labels.py
[2023-12-16T13:02:30.174+0500] {processor.py:839} INFO - DAG(s) dict_keys(['example_branch_labels']) retrieved from /home/amina/miniconda/lib/python3.11/site-packages/airflow/example_dags/example_branch_labels.py
[2023-12-16T13:02:30.189+0500] {logging_mixin.py:154} INFO - [2023-12-16T13:02:30.188+0500] {dag.py:2941} INFO - Sync 1 DAGs
[2023-12-16T13:02:30.205+0500] {logging_mixin.py:154} INFO - [2023-12-16T13:02:30.205+0500] {dag.py:3722} INFO - Setting next_dagrun for example_branch_labels to 2023-12-15T00:00:00+00:00, run_after=2023-12-16T00:00:00+00:00
[2023-12-16T13:02:30.302+0500] {processor.py:179} INFO - Processing /home/amina/miniconda/lib/python3.11/site-packages/airflow/example_dags/example_branch_labels.py took 0.176 seconds
[2023-12-16T13:03:21.032+0500] {processor.py:157} INFO - Started process (PID=39700) to work on /home/amina/miniconda/lib/python3.11/site-packages/airflow/example_dags/example_branch_labels.py
[2023-12-16T13:03:21.063+0500] {processor.py:829} INFO - Processing file /home/amina/miniconda/lib/python3.11/site-packages/airflow/example_dags/example_branch_labels.py for tasks to queue
[2023-12-16T13:03:21.064+0500] {logging_mixin.py:154} INFO - [2023-12-16T13:03:21.064+0500] {dagbag.py:536} INFO - Filling up the DagBag from /home/amina/miniconda/lib/python3.11/site-packages/airflow/example_dags/example_branch_labels.py
[2023-12-16T13:03:21.072+0500] {processor.py:839} INFO - DAG(s) dict_keys(['example_branch_labels']) retrieved from /home/amina/miniconda/lib/python3.11/site-packages/airflow/example_dags/example_branch_labels.py
[2023-12-16T13:03:21.087+0500] {logging_mixin.py:154} INFO - [2023-12-16T13:03:21.087+0500] {dag.py:2941} INFO - Sync 1 DAGs
[2023-12-16T13:03:21.114+0500] {logging_mixin.py:154} INFO - [2023-12-16T13:03:21.114+0500] {dag.py:3722} INFO - Setting next_dagrun for example_branch_labels to 2023-12-15T00:00:00+00:00, run_after=2023-12-16T00:00:00+00:00
[2023-12-16T13:03:21.303+0500] {processor.py:179} INFO - Processing /home/amina/miniconda/lib/python3.11/site-packages/airflow/example_dags/example_branch_labels.py took 0.276 seconds
[2023-12-16T13:04:17.255+0500] {processor.py:157} INFO - Started process (PID=39861) to work on /home/amina/miniconda/lib/python3.11/site-packages/airflow/example_dags/example_branch_labels.py
[2023-12-16T13:04:17.291+0500] {processor.py:829} INFO - Processing file /home/amina/miniconda/lib/python3.11/site-packages/airflow/example_dags/example_branch_labels.py for tasks to queue
[2023-12-16T13:04:17.292+0500] {logging_mixin.py:154} INFO - [2023-12-16T13:04:17.291+0500] {dagbag.py:536} INFO - Filling up the DagBag from /home/amina/miniconda/lib/python3.11/site-packages/airflow/example_dags/example_branch_labels.py
[2023-12-16T13:04:17.299+0500] {processor.py:839} INFO - DAG(s) dict_keys(['example_branch_labels']) retrieved from /home/amina/miniconda/lib/python3.11/site-packages/airflow/example_dags/example_branch_labels.py
[2023-12-16T13:04:17.313+0500] {logging_mixin.py:154} INFO - [2023-12-16T13:04:17.313+0500] {dag.py:2941} INFO - Sync 1 DAGs
[2023-12-16T13:04:17.329+0500] {logging_mixin.py:154} INFO - [2023-12-16T13:04:17.329+0500] {dag.py:3722} INFO - Setting next_dagrun for example_branch_labels to 2023-12-15T00:00:00+00:00, run_after=2023-12-16T00:00:00+00:00
[2023-12-16T13:04:17.407+0500] {processor.py:179} INFO - Processing /home/amina/miniconda/lib/python3.11/site-packages/airflow/example_dags/example_branch_labels.py took 0.155 seconds
[2023-12-16T13:05:11.341+0500] {processor.py:157} INFO - Started process (PID=39985) to work on /home/amina/miniconda/lib/python3.11/site-packages/airflow/example_dags/example_branch_labels.py
[2023-12-16T13:05:11.395+0500] {processor.py:829} INFO - Processing file /home/amina/miniconda/lib/python3.11/site-packages/airflow/example_dags/example_branch_labels.py for tasks to queue
[2023-12-16T13:05:11.395+0500] {logging_mixin.py:154} INFO - [2023-12-16T13:05:11.395+0500] {dagbag.py:536} INFO - Filling up the DagBag from /home/amina/miniconda/lib/python3.11/site-packages/airflow/example_dags/example_branch_labels.py
[2023-12-16T13:05:11.402+0500] {processor.py:839} INFO - DAG(s) dict_keys(['example_branch_labels']) retrieved from /home/amina/miniconda/lib/python3.11/site-packages/airflow/example_dags/example_branch_labels.py
[2023-12-16T13:05:11.417+0500] {logging_mixin.py:154} INFO - [2023-12-16T13:05:11.417+0500] {dag.py:2941} INFO - Sync 1 DAGs
[2023-12-16T13:05:11.434+0500] {logging_mixin.py:154} INFO - [2023-12-16T13:05:11.434+0500] {dag.py:3722} INFO - Setting next_dagrun for example_branch_labels to 2023-12-15T00:00:00+00:00, run_after=2023-12-16T00:00:00+00:00
[2023-12-16T13:05:11.511+0500] {processor.py:179} INFO - Processing /home/amina/miniconda/lib/python3.11/site-packages/airflow/example_dags/example_branch_labels.py took 0.173 seconds
[2023-12-16T13:06:01.858+0500] {processor.py:157} INFO - Started process (PID=40038) to work on /home/amina/miniconda/lib/python3.11/site-packages/airflow/example_dags/example_branch_labels.py
[2023-12-16T13:06:01.866+0500] {processor.py:829} INFO - Processing file /home/amina/miniconda/lib/python3.11/site-packages/airflow/example_dags/example_branch_labels.py for tasks to queue
[2023-12-16T13:06:01.867+0500] {logging_mixin.py:154} INFO - [2023-12-16T13:06:01.867+0500] {dagbag.py:536} INFO - Filling up the DagBag from /home/amina/miniconda/lib/python3.11/site-packages/airflow/example_dags/example_branch_labels.py
[2023-12-16T13:06:01.874+0500] {processor.py:839} INFO - DAG(s) dict_keys(['example_branch_labels']) retrieved from /home/amina/miniconda/lib/python3.11/site-packages/airflow/example_dags/example_branch_labels.py
[2023-12-16T13:06:01.888+0500] {logging_mixin.py:154} INFO - [2023-12-16T13:06:01.888+0500] {dag.py:2941} INFO - Sync 1 DAGs
[2023-12-16T13:06:01.904+0500] {logging_mixin.py:154} INFO - [2023-12-16T13:06:01.904+0500] {dag.py:3722} INFO - Setting next_dagrun for example_branch_labels to 2023-12-15T00:00:00+00:00, run_after=2023-12-16T00:00:00+00:00
[2023-12-16T13:06:02.005+0500] {processor.py:179} INFO - Processing /home/amina/miniconda/lib/python3.11/site-packages/airflow/example_dags/example_branch_labels.py took 0.151 seconds
[2023-12-16T13:07:15.094+0500] {processor.py:157} INFO - Started process (PID=40114) to work on /home/amina/miniconda/lib/python3.11/site-packages/airflow/example_dags/example_branch_labels.py
[2023-12-16T13:07:15.127+0500] {processor.py:829} INFO - Processing file /home/amina/miniconda/lib/python3.11/site-packages/airflow/example_dags/example_branch_labels.py for tasks to queue
[2023-12-16T13:07:15.127+0500] {logging_mixin.py:154} INFO - [2023-12-16T13:07:15.127+0500] {dagbag.py:536} INFO - Filling up the DagBag from /home/amina/miniconda/lib/python3.11/site-packages/airflow/example_dags/example_branch_labels.py
[2023-12-16T13:07:15.135+0500] {processor.py:839} INFO - DAG(s) dict_keys(['example_branch_labels']) retrieved from /home/amina/miniconda/lib/python3.11/site-packages/airflow/example_dags/example_branch_labels.py
[2023-12-16T13:07:15.149+0500] {logging_mixin.py:154} INFO - [2023-12-16T13:07:15.149+0500] {dag.py:2941} INFO - Sync 1 DAGs
[2023-12-16T13:07:15.165+0500] {logging_mixin.py:154} INFO - [2023-12-16T13:07:15.165+0500] {dag.py:3722} INFO - Setting next_dagrun for example_branch_labels to 2023-12-15T00:00:00+00:00, run_after=2023-12-16T00:00:00+00:00
[2023-12-16T13:07:15.400+0500] {processor.py:179} INFO - Processing /home/amina/miniconda/lib/python3.11/site-packages/airflow/example_dags/example_branch_labels.py took 0.309 seconds
