[2023-12-16T12:22:42.885+0500] {processor.py:157} INFO - Started process (PID=20218) to work on /home/amina/miniconda/lib/python3.11/site-packages/airflow/example_dags/example_short_circuit_decorator.py
[2023-12-16T12:22:42.886+0500] {processor.py:829} INFO - Processing file /home/amina/miniconda/lib/python3.11/site-packages/airflow/example_dags/example_short_circuit_decorator.py for tasks to queue
[2023-12-16T12:22:42.886+0500] {logging_mixin.py:154} INFO - [2023-12-16T12:22:42.886+0500] {dagbag.py:536} INFO - Filling up the DagBag from /home/amina/miniconda/lib/python3.11/site-packages/airflow/example_dags/example_short_circuit_decorator.py
[2023-12-16T12:22:42.896+0500] {processor.py:839} INFO - DAG(s) dict_keys(['example_short_circuit_decorator']) retrieved from /home/amina/miniconda/lib/python3.11/site-packages/airflow/example_dags/example_short_circuit_decorator.py
[2023-12-16T12:22:42.915+0500] {logging_mixin.py:154} INFO - [2023-12-16T12:22:42.915+0500] {dag.py:2941} INFO - Sync 1 DAGs
[2023-12-16T12:22:42.934+0500] {logging_mixin.py:154} INFO - [2023-12-16T12:22:42.933+0500] {dag.py:3722} INFO - Setting next_dagrun for example_short_circuit_decorator to 2023-12-15T07:22:42.933649+00:00, run_after=2023-12-16T07:22:42.933649+00:00
[2023-12-16T12:22:43.081+0500] {processor.py:179} INFO - Processing /home/amina/miniconda/lib/python3.11/site-packages/airflow/example_dags/example_short_circuit_decorator.py took 0.199 seconds
[2023-12-16T12:23:42.865+0500] {processor.py:157} INFO - Started process (PID=21424) to work on /home/amina/miniconda/lib/python3.11/site-packages/airflow/example_dags/example_short_circuit_decorator.py
[2023-12-16T12:23:42.880+0500] {processor.py:829} INFO - Processing file /home/amina/miniconda/lib/python3.11/site-packages/airflow/example_dags/example_short_circuit_decorator.py for tasks to queue
[2023-12-16T12:23:42.882+0500] {logging_mixin.py:154} INFO - [2023-12-16T12:23:42.881+0500] {dagbag.py:536} INFO - Filling up the DagBag from /home/amina/miniconda/lib/python3.11/site-packages/airflow/example_dags/example_short_circuit_decorator.py
[2023-12-16T12:23:42.896+0500] {processor.py:839} INFO - DAG(s) dict_keys(['example_short_circuit_decorator']) retrieved from /home/amina/miniconda/lib/python3.11/site-packages/airflow/example_dags/example_short_circuit_decorator.py
[2023-12-16T12:23:42.926+0500] {logging_mixin.py:154} INFO - [2023-12-16T12:23:42.925+0500] {dag.py:2941} INFO - Sync 1 DAGs
[2023-12-16T12:23:42.951+0500] {logging_mixin.py:154} INFO - [2023-12-16T12:23:42.950+0500] {dag.py:3722} INFO - Setting next_dagrun for example_short_circuit_decorator to 2023-12-15T07:23:42.950651+00:00, run_after=2023-12-16T07:23:42.950651+00:00
[2023-12-16T12:23:43.160+0500] {processor.py:179} INFO - Processing /home/amina/miniconda/lib/python3.11/site-packages/airflow/example_dags/example_short_circuit_decorator.py took 0.299 seconds
[2023-12-16T12:24:46.285+0500] {processor.py:157} INFO - Started process (PID=22805) to work on /home/amina/miniconda/lib/python3.11/site-packages/airflow/example_dags/example_short_circuit_decorator.py
[2023-12-16T12:24:46.337+0500] {processor.py:829} INFO - Processing file /home/amina/miniconda/lib/python3.11/site-packages/airflow/example_dags/example_short_circuit_decorator.py for tasks to queue
[2023-12-16T12:24:46.338+0500] {logging_mixin.py:154} INFO - [2023-12-16T12:24:46.338+0500] {dagbag.py:536} INFO - Filling up the DagBag from /home/amina/miniconda/lib/python3.11/site-packages/airflow/example_dags/example_short_circuit_decorator.py
[2023-12-16T12:24:46.346+0500] {processor.py:839} INFO - DAG(s) dict_keys(['example_short_circuit_decorator']) retrieved from /home/amina/miniconda/lib/python3.11/site-packages/airflow/example_dags/example_short_circuit_decorator.py
[2023-12-16T12:24:46.364+0500] {logging_mixin.py:154} INFO - [2023-12-16T12:24:46.363+0500] {dag.py:2941} INFO - Sync 1 DAGs
[2023-12-16T12:24:46.380+0500] {logging_mixin.py:154} INFO - [2023-12-16T12:24:46.380+0500] {dag.py:3722} INFO - Setting next_dagrun for example_short_circuit_decorator to 2023-12-15T07:24:46.379949+00:00, run_after=2023-12-16T07:24:46.379949+00:00
[2023-12-16T12:24:47.056+0500] {processor.py:179} INFO - Processing /home/amina/miniconda/lib/python3.11/site-packages/airflow/example_dags/example_short_circuit_decorator.py took 0.774 seconds
[2023-12-16T12:25:32.518+0500] {processor.py:157} INFO - Started process (PID=23840) to work on /home/amina/miniconda/lib/python3.11/site-packages/airflow/example_dags/example_short_circuit_decorator.py
[2023-12-16T12:25:32.570+0500] {processor.py:829} INFO - Processing file /home/amina/miniconda/lib/python3.11/site-packages/airflow/example_dags/example_short_circuit_decorator.py for tasks to queue
[2023-12-16T12:25:32.571+0500] {logging_mixin.py:154} INFO - [2023-12-16T12:25:32.571+0500] {dagbag.py:536} INFO - Filling up the DagBag from /home/amina/miniconda/lib/python3.11/site-packages/airflow/example_dags/example_short_circuit_decorator.py
[2023-12-16T12:25:32.585+0500] {processor.py:839} INFO - DAG(s) dict_keys(['example_short_circuit_decorator']) retrieved from /home/amina/miniconda/lib/python3.11/site-packages/airflow/example_dags/example_short_circuit_decorator.py
[2023-12-16T12:25:32.603+0500] {logging_mixin.py:154} INFO - [2023-12-16T12:25:32.603+0500] {dag.py:2941} INFO - Sync 1 DAGs
[2023-12-16T12:25:32.623+0500] {logging_mixin.py:154} INFO - [2023-12-16T12:25:32.622+0500] {dag.py:3722} INFO - Setting next_dagrun for example_short_circuit_decorator to 2023-12-15T07:25:32.622617+00:00, run_after=2023-12-16T07:25:32.622617+00:00
[2023-12-16T12:25:32.915+0500] {processor.py:179} INFO - Processing /home/amina/miniconda/lib/python3.11/site-packages/airflow/example_dags/example_short_circuit_decorator.py took 0.400 seconds
[2023-12-16T12:26:17.999+0500] {processor.py:157} INFO - Started process (PID=24750) to work on /home/amina/miniconda/lib/python3.11/site-packages/airflow/example_dags/example_short_circuit_decorator.py
[2023-12-16T12:26:18.054+0500] {processor.py:829} INFO - Processing file /home/amina/miniconda/lib/python3.11/site-packages/airflow/example_dags/example_short_circuit_decorator.py for tasks to queue
[2023-12-16T12:26:18.056+0500] {logging_mixin.py:154} INFO - [2023-12-16T12:26:18.055+0500] {dagbag.py:536} INFO - Filling up the DagBag from /home/amina/miniconda/lib/python3.11/site-packages/airflow/example_dags/example_short_circuit_decorator.py
[2023-12-16T12:26:18.069+0500] {processor.py:839} INFO - DAG(s) dict_keys(['example_short_circuit_decorator']) retrieved from /home/amina/miniconda/lib/python3.11/site-packages/airflow/example_dags/example_short_circuit_decorator.py
[2023-12-16T12:26:18.088+0500] {logging_mixin.py:154} INFO - [2023-12-16T12:26:18.088+0500] {dag.py:2941} INFO - Sync 1 DAGs
[2023-12-16T12:26:18.116+0500] {logging_mixin.py:154} INFO - [2023-12-16T12:26:18.115+0500] {dag.py:3722} INFO - Setting next_dagrun for example_short_circuit_decorator to 2023-12-15T07:26:18.115551+00:00, run_after=2023-12-16T07:26:18.115551+00:00
[2023-12-16T12:26:18.354+0500] {processor.py:179} INFO - Processing /home/amina/miniconda/lib/python3.11/site-packages/airflow/example_dags/example_short_circuit_decorator.py took 0.358 seconds
[2023-12-16T12:27:34.144+0500] {processor.py:157} INFO - Started process (PID=26028) to work on /home/amina/miniconda/lib/python3.11/site-packages/airflow/example_dags/example_short_circuit_decorator.py
[2023-12-16T12:27:34.209+0500] {processor.py:829} INFO - Processing file /home/amina/miniconda/lib/python3.11/site-packages/airflow/example_dags/example_short_circuit_decorator.py for tasks to queue
[2023-12-16T12:27:34.211+0500] {logging_mixin.py:154} INFO - [2023-12-16T12:27:34.210+0500] {dagbag.py:536} INFO - Filling up the DagBag from /home/amina/miniconda/lib/python3.11/site-packages/airflow/example_dags/example_short_circuit_decorator.py
[2023-12-16T12:27:34.222+0500] {processor.py:839} INFO - DAG(s) dict_keys(['example_short_circuit_decorator']) retrieved from /home/amina/miniconda/lib/python3.11/site-packages/airflow/example_dags/example_short_circuit_decorator.py
[2023-12-16T12:27:34.250+0500] {logging_mixin.py:154} INFO - [2023-12-16T12:27:34.249+0500] {dag.py:2941} INFO - Sync 1 DAGs
[2023-12-16T12:27:34.277+0500] {logging_mixin.py:154} INFO - [2023-12-16T12:27:34.277+0500] {dag.py:3722} INFO - Setting next_dagrun for example_short_circuit_decorator to 2023-12-15T07:27:34.277501+00:00, run_after=2023-12-16T07:27:34.277501+00:00
[2023-12-16T12:27:34.544+0500] {processor.py:179} INFO - Processing /home/amina/miniconda/lib/python3.11/site-packages/airflow/example_dags/example_short_circuit_decorator.py took 0.404 seconds
[2023-12-16T12:29:19.288+0500] {processor.py:157} INFO - Started process (PID=28290) to work on /home/amina/miniconda/lib/python3.11/site-packages/airflow/example_dags/example_short_circuit_decorator.py
[2023-12-16T12:29:19.339+0500] {processor.py:829} INFO - Processing file /home/amina/miniconda/lib/python3.11/site-packages/airflow/example_dags/example_short_circuit_decorator.py for tasks to queue
[2023-12-16T12:29:19.340+0500] {logging_mixin.py:154} INFO - [2023-12-16T12:29:19.339+0500] {dagbag.py:536} INFO - Filling up the DagBag from /home/amina/miniconda/lib/python3.11/site-packages/airflow/example_dags/example_short_circuit_decorator.py
[2023-12-16T12:29:19.355+0500] {processor.py:839} INFO - DAG(s) dict_keys(['example_short_circuit_decorator']) retrieved from /home/amina/miniconda/lib/python3.11/site-packages/airflow/example_dags/example_short_circuit_decorator.py
[2023-12-16T12:29:19.513+0500] {logging_mixin.py:154} INFO - [2023-12-16T12:29:19.513+0500] {dag.py:2941} INFO - Sync 1 DAGs
[2023-12-16T12:29:19.551+0500] {logging_mixin.py:154} INFO - [2023-12-16T12:29:19.550+0500] {dag.py:3722} INFO - Setting next_dagrun for example_short_circuit_decorator to 2023-12-15T07:29:19.550511+00:00, run_after=2023-12-16T07:29:19.550511+00:00
[2023-12-16T12:29:19.801+0500] {processor.py:179} INFO - Processing /home/amina/miniconda/lib/python3.11/site-packages/airflow/example_dags/example_short_circuit_decorator.py took 0.524 seconds
[2023-12-16T12:30:50.717+0500] {processor.py:157} INFO - Started process (PID=30266) to work on /home/amina/miniconda/lib/python3.11/site-packages/airflow/example_dags/example_short_circuit_decorator.py
[2023-12-16T12:30:50.718+0500] {processor.py:829} INFO - Processing file /home/amina/miniconda/lib/python3.11/site-packages/airflow/example_dags/example_short_circuit_decorator.py for tasks to queue
[2023-12-16T12:30:50.720+0500] {logging_mixin.py:154} INFO - [2023-12-16T12:30:50.720+0500] {dagbag.py:536} INFO - Filling up the DagBag from /home/amina/miniconda/lib/python3.11/site-packages/airflow/example_dags/example_short_circuit_decorator.py
[2023-12-16T12:30:50.730+0500] {processor.py:839} INFO - DAG(s) dict_keys(['example_short_circuit_decorator']) retrieved from /home/amina/miniconda/lib/python3.11/site-packages/airflow/example_dags/example_short_circuit_decorator.py
[2023-12-16T12:30:50.752+0500] {logging_mixin.py:154} INFO - [2023-12-16T12:30:50.752+0500] {dag.py:2941} INFO - Sync 1 DAGs
[2023-12-16T12:30:50.773+0500] {logging_mixin.py:154} INFO - [2023-12-16T12:30:50.773+0500] {dag.py:3722} INFO - Setting next_dagrun for example_short_circuit_decorator to 2023-12-15T07:30:50.773519+00:00, run_after=2023-12-16T07:30:50.773519+00:00
[2023-12-16T12:30:50.932+0500] {processor.py:179} INFO - Processing /home/amina/miniconda/lib/python3.11/site-packages/airflow/example_dags/example_short_circuit_decorator.py took 0.219 seconds
[2023-12-16T12:31:51.623+0500] {processor.py:157} INFO - Started process (PID=31750) to work on /home/amina/miniconda/lib/python3.11/site-packages/airflow/example_dags/example_short_circuit_decorator.py
[2023-12-16T12:31:51.637+0500] {processor.py:829} INFO - Processing file /home/amina/miniconda/lib/python3.11/site-packages/airflow/example_dags/example_short_circuit_decorator.py for tasks to queue
[2023-12-16T12:31:51.638+0500] {logging_mixin.py:154} INFO - [2023-12-16T12:31:51.637+0500] {dagbag.py:536} INFO - Filling up the DagBag from /home/amina/miniconda/lib/python3.11/site-packages/airflow/example_dags/example_short_circuit_decorator.py
[2023-12-16T12:31:51.654+0500] {processor.py:839} INFO - DAG(s) dict_keys(['example_short_circuit_decorator']) retrieved from /home/amina/miniconda/lib/python3.11/site-packages/airflow/example_dags/example_short_circuit_decorator.py
[2023-12-16T12:31:51.681+0500] {logging_mixin.py:154} INFO - [2023-12-16T12:31:51.681+0500] {dag.py:2941} INFO - Sync 1 DAGs
[2023-12-16T12:31:51.712+0500] {logging_mixin.py:154} INFO - [2023-12-16T12:31:51.711+0500] {dag.py:3722} INFO - Setting next_dagrun for example_short_circuit_decorator to 2023-12-15T07:31:51.711326+00:00, run_after=2023-12-16T07:31:51.711326+00:00
[2023-12-16T12:31:51.867+0500] {processor.py:179} INFO - Processing /home/amina/miniconda/lib/python3.11/site-packages/airflow/example_dags/example_short_circuit_decorator.py took 0.247 seconds
[2023-12-16T12:32:53.982+0500] {processor.py:157} INFO - Started process (PID=33169) to work on /home/amina/miniconda/lib/python3.11/site-packages/airflow/example_dags/example_short_circuit_decorator.py
[2023-12-16T12:32:54.019+0500] {processor.py:829} INFO - Processing file /home/amina/miniconda/lib/python3.11/site-packages/airflow/example_dags/example_short_circuit_decorator.py for tasks to queue
[2023-12-16T12:32:54.020+0500] {logging_mixin.py:154} INFO - [2023-12-16T12:32:54.020+0500] {dagbag.py:536} INFO - Filling up the DagBag from /home/amina/miniconda/lib/python3.11/site-packages/airflow/example_dags/example_short_circuit_decorator.py
[2023-12-16T12:32:54.028+0500] {processor.py:839} INFO - DAG(s) dict_keys(['example_short_circuit_decorator']) retrieved from /home/amina/miniconda/lib/python3.11/site-packages/airflow/example_dags/example_short_circuit_decorator.py
[2023-12-16T12:32:54.046+0500] {logging_mixin.py:154} INFO - [2023-12-16T12:32:54.046+0500] {dag.py:2941} INFO - Sync 1 DAGs
[2023-12-16T12:32:54.064+0500] {logging_mixin.py:154} INFO - [2023-12-16T12:32:54.063+0500] {dag.py:3722} INFO - Setting next_dagrun for example_short_circuit_decorator to 2023-12-15T07:32:54.063637+00:00, run_after=2023-12-16T07:32:54.063637+00:00
[2023-12-16T12:32:54.205+0500] {processor.py:179} INFO - Processing /home/amina/miniconda/lib/python3.11/site-packages/airflow/example_dags/example_short_circuit_decorator.py took 0.226 seconds
[2023-12-16T12:33:52.267+0500] {processor.py:157} INFO - Started process (PID=34826) to work on /home/amina/miniconda/lib/python3.11/site-packages/airflow/example_dags/example_short_circuit_decorator.py
[2023-12-16T12:33:52.294+0500] {processor.py:829} INFO - Processing file /home/amina/miniconda/lib/python3.11/site-packages/airflow/example_dags/example_short_circuit_decorator.py for tasks to queue
[2023-12-16T12:33:52.295+0500] {logging_mixin.py:154} INFO - [2023-12-16T12:33:52.294+0500] {dagbag.py:536} INFO - Filling up the DagBag from /home/amina/miniconda/lib/python3.11/site-packages/airflow/example_dags/example_short_circuit_decorator.py
[2023-12-16T12:33:52.305+0500] {processor.py:839} INFO - DAG(s) dict_keys(['example_short_circuit_decorator']) retrieved from /home/amina/miniconda/lib/python3.11/site-packages/airflow/example_dags/example_short_circuit_decorator.py
[2023-12-16T12:33:52.326+0500] {logging_mixin.py:154} INFO - [2023-12-16T12:33:52.325+0500] {dag.py:2941} INFO - Sync 1 DAGs
[2023-12-16T12:33:52.346+0500] {logging_mixin.py:154} INFO - [2023-12-16T12:33:52.346+0500] {dag.py:3722} INFO - Setting next_dagrun for example_short_circuit_decorator to 2023-12-15T07:33:52.345840+00:00, run_after=2023-12-16T07:33:52.345840+00:00
[2023-12-16T12:33:52.571+0500] {processor.py:179} INFO - Processing /home/amina/miniconda/lib/python3.11/site-packages/airflow/example_dags/example_short_circuit_decorator.py took 0.308 seconds
[2023-12-16T12:34:45.533+0500] {processor.py:157} INFO - Started process (PID=36028) to work on /home/amina/miniconda/lib/python3.11/site-packages/airflow/example_dags/example_short_circuit_decorator.py
[2023-12-16T12:34:45.557+0500] {processor.py:829} INFO - Processing file /home/amina/miniconda/lib/python3.11/site-packages/airflow/example_dags/example_short_circuit_decorator.py for tasks to queue
[2023-12-16T12:34:45.557+0500] {logging_mixin.py:154} INFO - [2023-12-16T12:34:45.557+0500] {dagbag.py:536} INFO - Filling up the DagBag from /home/amina/miniconda/lib/python3.11/site-packages/airflow/example_dags/example_short_circuit_decorator.py
[2023-12-16T12:34:45.567+0500] {processor.py:839} INFO - DAG(s) dict_keys(['example_short_circuit_decorator']) retrieved from /home/amina/miniconda/lib/python3.11/site-packages/airflow/example_dags/example_short_circuit_decorator.py
[2023-12-16T12:34:45.584+0500] {logging_mixin.py:154} INFO - [2023-12-16T12:34:45.583+0500] {dag.py:2941} INFO - Sync 1 DAGs
[2023-12-16T12:34:45.599+0500] {logging_mixin.py:154} INFO - [2023-12-16T12:34:45.599+0500] {dag.py:3722} INFO - Setting next_dagrun for example_short_circuit_decorator to 2023-12-15T07:34:45.598832+00:00, run_after=2023-12-16T07:34:45.598832+00:00
[2023-12-16T12:34:45.734+0500] {processor.py:179} INFO - Processing /home/amina/miniconda/lib/python3.11/site-packages/airflow/example_dags/example_short_circuit_decorator.py took 0.204 seconds
[2023-12-16T12:35:40.752+0500] {processor.py:157} INFO - Started process (PID=36363) to work on /home/amina/miniconda/lib/python3.11/site-packages/airflow/example_dags/example_short_circuit_decorator.py
[2023-12-16T12:35:40.793+0500] {processor.py:829} INFO - Processing file /home/amina/miniconda/lib/python3.11/site-packages/airflow/example_dags/example_short_circuit_decorator.py for tasks to queue
[2023-12-16T12:35:40.793+0500] {logging_mixin.py:154} INFO - [2023-12-16T12:35:40.793+0500] {dagbag.py:536} INFO - Filling up the DagBag from /home/amina/miniconda/lib/python3.11/site-packages/airflow/example_dags/example_short_circuit_decorator.py
[2023-12-16T12:35:40.803+0500] {processor.py:839} INFO - DAG(s) dict_keys(['example_short_circuit_decorator']) retrieved from /home/amina/miniconda/lib/python3.11/site-packages/airflow/example_dags/example_short_circuit_decorator.py
[2023-12-16T12:35:40.823+0500] {logging_mixin.py:154} INFO - [2023-12-16T12:35:40.823+0500] {dag.py:2941} INFO - Sync 1 DAGs
[2023-12-16T12:35:40.843+0500] {logging_mixin.py:154} INFO - [2023-12-16T12:35:40.843+0500] {dag.py:3722} INFO - Setting next_dagrun for example_short_circuit_decorator to 2023-12-15T07:35:40.842959+00:00, run_after=2023-12-16T07:35:40.842959+00:00
[2023-12-16T12:35:40.966+0500] {processor.py:179} INFO - Processing /home/amina/miniconda/lib/python3.11/site-packages/airflow/example_dags/example_short_circuit_decorator.py took 0.217 seconds
[2023-12-16T12:36:35.651+0500] {processor.py:157} INFO - Started process (PID=36427) to work on /home/amina/miniconda/lib/python3.11/site-packages/airflow/example_dags/example_short_circuit_decorator.py
[2023-12-16T12:36:35.683+0500] {processor.py:829} INFO - Processing file /home/amina/miniconda/lib/python3.11/site-packages/airflow/example_dags/example_short_circuit_decorator.py for tasks to queue
[2023-12-16T12:36:35.684+0500] {logging_mixin.py:154} INFO - [2023-12-16T12:36:35.684+0500] {dagbag.py:536} INFO - Filling up the DagBag from /home/amina/miniconda/lib/python3.11/site-packages/airflow/example_dags/example_short_circuit_decorator.py
[2023-12-16T12:36:35.692+0500] {processor.py:839} INFO - DAG(s) dict_keys(['example_short_circuit_decorator']) retrieved from /home/amina/miniconda/lib/python3.11/site-packages/airflow/example_dags/example_short_circuit_decorator.py
[2023-12-16T12:36:35.709+0500] {logging_mixin.py:154} INFO - [2023-12-16T12:36:35.708+0500] {dag.py:2941} INFO - Sync 1 DAGs
[2023-12-16T12:36:35.726+0500] {logging_mixin.py:154} INFO - [2023-12-16T12:36:35.726+0500] {dag.py:3722} INFO - Setting next_dagrun for example_short_circuit_decorator to 2023-12-15T07:36:35.726473+00:00, run_after=2023-12-16T07:36:35.726473+00:00
[2023-12-16T12:36:35.904+0500] {processor.py:179} INFO - Processing /home/amina/miniconda/lib/python3.11/site-packages/airflow/example_dags/example_short_circuit_decorator.py took 0.255 seconds
[2023-12-16T12:37:31.764+0500] {processor.py:157} INFO - Started process (PID=36721) to work on /home/amina/miniconda/lib/python3.11/site-packages/airflow/example_dags/example_short_circuit_decorator.py
[2023-12-16T12:37:31.786+0500] {processor.py:829} INFO - Processing file /home/amina/miniconda/lib/python3.11/site-packages/airflow/example_dags/example_short_circuit_decorator.py for tasks to queue
[2023-12-16T12:37:31.787+0500] {logging_mixin.py:154} INFO - [2023-12-16T12:37:31.786+0500] {dagbag.py:536} INFO - Filling up the DagBag from /home/amina/miniconda/lib/python3.11/site-packages/airflow/example_dags/example_short_circuit_decorator.py
[2023-12-16T12:37:31.794+0500] {processor.py:839} INFO - DAG(s) dict_keys(['example_short_circuit_decorator']) retrieved from /home/amina/miniconda/lib/python3.11/site-packages/airflow/example_dags/example_short_circuit_decorator.py
[2023-12-16T12:37:31.811+0500] {logging_mixin.py:154} INFO - [2023-12-16T12:37:31.810+0500] {dag.py:2941} INFO - Sync 1 DAGs
[2023-12-16T12:37:31.825+0500] {logging_mixin.py:154} INFO - [2023-12-16T12:37:31.825+0500] {dag.py:3722} INFO - Setting next_dagrun for example_short_circuit_decorator to 2023-12-15T07:37:31.825101+00:00, run_after=2023-12-16T07:37:31.825101+00:00
[2023-12-16T12:37:31.952+0500] {processor.py:179} INFO - Processing /home/amina/miniconda/lib/python3.11/site-packages/airflow/example_dags/example_short_circuit_decorator.py took 0.190 seconds
[2023-12-16T12:38:20.813+0500] {processor.py:157} INFO - Started process (PID=36767) to work on /home/amina/miniconda/lib/python3.11/site-packages/airflow/example_dags/example_short_circuit_decorator.py
[2023-12-16T12:38:20.864+0500] {processor.py:829} INFO - Processing file /home/amina/miniconda/lib/python3.11/site-packages/airflow/example_dags/example_short_circuit_decorator.py for tasks to queue
[2023-12-16T12:38:20.865+0500] {logging_mixin.py:154} INFO - [2023-12-16T12:38:20.864+0500] {dagbag.py:536} INFO - Filling up the DagBag from /home/amina/miniconda/lib/python3.11/site-packages/airflow/example_dags/example_short_circuit_decorator.py
[2023-12-16T12:38:20.876+0500] {processor.py:839} INFO - DAG(s) dict_keys(['example_short_circuit_decorator']) retrieved from /home/amina/miniconda/lib/python3.11/site-packages/airflow/example_dags/example_short_circuit_decorator.py
[2023-12-16T12:38:20.900+0500] {logging_mixin.py:154} INFO - [2023-12-16T12:38:20.900+0500] {dag.py:2941} INFO - Sync 1 DAGs
[2023-12-16T12:38:20.918+0500] {logging_mixin.py:154} INFO - [2023-12-16T12:38:20.918+0500] {dag.py:3722} INFO - Setting next_dagrun for example_short_circuit_decorator to 2023-12-15T07:38:20.917944+00:00, run_after=2023-12-16T07:38:20.917944+00:00
[2023-12-16T12:38:21.027+0500] {processor.py:179} INFO - Processing /home/amina/miniconda/lib/python3.11/site-packages/airflow/example_dags/example_short_circuit_decorator.py took 0.217 seconds
[2023-12-16T12:39:10.449+0500] {processor.py:157} INFO - Started process (PID=36815) to work on /home/amina/miniconda/lib/python3.11/site-packages/airflow/example_dags/example_short_circuit_decorator.py
[2023-12-16T12:39:10.471+0500] {processor.py:829} INFO - Processing file /home/amina/miniconda/lib/python3.11/site-packages/airflow/example_dags/example_short_circuit_decorator.py for tasks to queue
[2023-12-16T12:39:10.472+0500] {logging_mixin.py:154} INFO - [2023-12-16T12:39:10.471+0500] {dagbag.py:536} INFO - Filling up the DagBag from /home/amina/miniconda/lib/python3.11/site-packages/airflow/example_dags/example_short_circuit_decorator.py
[2023-12-16T12:39:10.480+0500] {processor.py:839} INFO - DAG(s) dict_keys(['example_short_circuit_decorator']) retrieved from /home/amina/miniconda/lib/python3.11/site-packages/airflow/example_dags/example_short_circuit_decorator.py
[2023-12-16T12:39:10.496+0500] {logging_mixin.py:154} INFO - [2023-12-16T12:39:10.496+0500] {dag.py:2941} INFO - Sync 1 DAGs
[2023-12-16T12:39:10.510+0500] {logging_mixin.py:154} INFO - [2023-12-16T12:39:10.510+0500] {dag.py:3722} INFO - Setting next_dagrun for example_short_circuit_decorator to 2023-12-15T07:39:10.509836+00:00, run_after=2023-12-16T07:39:10.509836+00:00
[2023-12-16T12:39:10.621+0500] {processor.py:179} INFO - Processing /home/amina/miniconda/lib/python3.11/site-packages/airflow/example_dags/example_short_circuit_decorator.py took 0.175 seconds
[2023-12-16T12:39:58.642+0500] {processor.py:157} INFO - Started process (PID=36867) to work on /home/amina/miniconda/lib/python3.11/site-packages/airflow/example_dags/example_short_circuit_decorator.py
[2023-12-16T12:39:58.691+0500] {processor.py:829} INFO - Processing file /home/amina/miniconda/lib/python3.11/site-packages/airflow/example_dags/example_short_circuit_decorator.py for tasks to queue
[2023-12-16T12:39:58.692+0500] {logging_mixin.py:154} INFO - [2023-12-16T12:39:58.691+0500] {dagbag.py:536} INFO - Filling up the DagBag from /home/amina/miniconda/lib/python3.11/site-packages/airflow/example_dags/example_short_circuit_decorator.py
[2023-12-16T12:39:58.700+0500] {processor.py:839} INFO - DAG(s) dict_keys(['example_short_circuit_decorator']) retrieved from /home/amina/miniconda/lib/python3.11/site-packages/airflow/example_dags/example_short_circuit_decorator.py
[2023-12-16T12:39:58.717+0500] {logging_mixin.py:154} INFO - [2023-12-16T12:39:58.716+0500] {dag.py:2941} INFO - Sync 1 DAGs
[2023-12-16T12:39:58.733+0500] {logging_mixin.py:154} INFO - [2023-12-16T12:39:58.733+0500] {dag.py:3722} INFO - Setting next_dagrun for example_short_circuit_decorator to 2023-12-15T07:39:58.733069+00:00, run_after=2023-12-16T07:39:58.733069+00:00
[2023-12-16T12:39:59.196+0500] {processor.py:179} INFO - Processing /home/amina/miniconda/lib/python3.11/site-packages/airflow/example_dags/example_short_circuit_decorator.py took 0.557 seconds
[2023-12-16T12:40:50.635+0500] {processor.py:157} INFO - Started process (PID=37006) to work on /home/amina/miniconda/lib/python3.11/site-packages/airflow/example_dags/example_short_circuit_decorator.py
[2023-12-16T12:40:50.687+0500] {processor.py:829} INFO - Processing file /home/amina/miniconda/lib/python3.11/site-packages/airflow/example_dags/example_short_circuit_decorator.py for tasks to queue
[2023-12-16T12:40:50.688+0500] {logging_mixin.py:154} INFO - [2023-12-16T12:40:50.687+0500] {dagbag.py:536} INFO - Filling up the DagBag from /home/amina/miniconda/lib/python3.11/site-packages/airflow/example_dags/example_short_circuit_decorator.py
[2023-12-16T12:40:50.696+0500] {processor.py:839} INFO - DAG(s) dict_keys(['example_short_circuit_decorator']) retrieved from /home/amina/miniconda/lib/python3.11/site-packages/airflow/example_dags/example_short_circuit_decorator.py
[2023-12-16T12:40:50.713+0500] {logging_mixin.py:154} INFO - [2023-12-16T12:40:50.712+0500] {dag.py:2941} INFO - Sync 1 DAGs
[2023-12-16T12:40:50.728+0500] {logging_mixin.py:154} INFO - [2023-12-16T12:40:50.728+0500] {dag.py:3722} INFO - Setting next_dagrun for example_short_circuit_decorator to 2023-12-15T07:40:50.727807+00:00, run_after=2023-12-16T07:40:50.727807+00:00
[2023-12-16T12:40:50.849+0500] {processor.py:179} INFO - Processing /home/amina/miniconda/lib/python3.11/site-packages/airflow/example_dags/example_short_circuit_decorator.py took 0.216 seconds
[2023-12-16T12:41:45.813+0500] {processor.py:157} INFO - Started process (PID=37081) to work on /home/amina/miniconda/lib/python3.11/site-packages/airflow/example_dags/example_short_circuit_decorator.py
[2023-12-16T12:41:45.855+0500] {processor.py:829} INFO - Processing file /home/amina/miniconda/lib/python3.11/site-packages/airflow/example_dags/example_short_circuit_decorator.py for tasks to queue
[2023-12-16T12:41:45.855+0500] {logging_mixin.py:154} INFO - [2023-12-16T12:41:45.855+0500] {dagbag.py:536} INFO - Filling up the DagBag from /home/amina/miniconda/lib/python3.11/site-packages/airflow/example_dags/example_short_circuit_decorator.py
[2023-12-16T12:41:45.864+0500] {processor.py:839} INFO - DAG(s) dict_keys(['example_short_circuit_decorator']) retrieved from /home/amina/miniconda/lib/python3.11/site-packages/airflow/example_dags/example_short_circuit_decorator.py
[2023-12-16T12:41:45.882+0500] {logging_mixin.py:154} INFO - [2023-12-16T12:41:45.882+0500] {dag.py:2941} INFO - Sync 1 DAGs
[2023-12-16T12:41:45.901+0500] {logging_mixin.py:154} INFO - [2023-12-16T12:41:45.901+0500] {dag.py:3722} INFO - Setting next_dagrun for example_short_circuit_decorator to 2023-12-15T07:41:45.901085+00:00, run_after=2023-12-16T07:41:45.901085+00:00
[2023-12-16T12:41:46.038+0500] {processor.py:179} INFO - Processing /home/amina/miniconda/lib/python3.11/site-packages/airflow/example_dags/example_short_circuit_decorator.py took 0.228 seconds
[2023-12-16T12:43:25.603+0500] {processor.py:157} INFO - Started process (PID=37213) to work on /home/amina/miniconda/lib/python3.11/site-packages/airflow/example_dags/example_short_circuit_decorator.py
[2023-12-16T12:43:25.635+0500] {processor.py:829} INFO - Processing file /home/amina/miniconda/lib/python3.11/site-packages/airflow/example_dags/example_short_circuit_decorator.py for tasks to queue
[2023-12-16T12:43:25.636+0500] {logging_mixin.py:154} INFO - [2023-12-16T12:43:25.635+0500] {dagbag.py:536} INFO - Filling up the DagBag from /home/amina/miniconda/lib/python3.11/site-packages/airflow/example_dags/example_short_circuit_decorator.py
[2023-12-16T12:43:25.644+0500] {processor.py:839} INFO - DAG(s) dict_keys(['example_short_circuit_decorator']) retrieved from /home/amina/miniconda/lib/python3.11/site-packages/airflow/example_dags/example_short_circuit_decorator.py
[2023-12-16T12:43:25.672+0500] {logging_mixin.py:154} INFO - [2023-12-16T12:43:25.671+0500] {dag.py:2941} INFO - Sync 1 DAGs
[2023-12-16T12:43:25.690+0500] {logging_mixin.py:154} INFO - [2023-12-16T12:43:25.690+0500] {dag.py:3722} INFO - Setting next_dagrun for example_short_circuit_decorator to 2023-12-15T07:43:25.690374+00:00, run_after=2023-12-16T07:43:25.690374+00:00
[2023-12-16T12:43:25.920+0500] {processor.py:179} INFO - Processing /home/amina/miniconda/lib/python3.11/site-packages/airflow/example_dags/example_short_circuit_decorator.py took 0.320 seconds
[2023-12-16T12:44:20.143+0500] {processor.py:157} INFO - Started process (PID=37266) to work on /home/amina/miniconda/lib/python3.11/site-packages/airflow/example_dags/example_short_circuit_decorator.py
[2023-12-16T12:44:20.176+0500] {processor.py:829} INFO - Processing file /home/amina/miniconda/lib/python3.11/site-packages/airflow/example_dags/example_short_circuit_decorator.py for tasks to queue
[2023-12-16T12:44:20.177+0500] {logging_mixin.py:154} INFO - [2023-12-16T12:44:20.176+0500] {dagbag.py:536} INFO - Filling up the DagBag from /home/amina/miniconda/lib/python3.11/site-packages/airflow/example_dags/example_short_circuit_decorator.py
[2023-12-16T12:44:20.186+0500] {processor.py:839} INFO - DAG(s) dict_keys(['example_short_circuit_decorator']) retrieved from /home/amina/miniconda/lib/python3.11/site-packages/airflow/example_dags/example_short_circuit_decorator.py
[2023-12-16T12:44:20.206+0500] {logging_mixin.py:154} INFO - [2023-12-16T12:44:20.205+0500] {dag.py:2941} INFO - Sync 1 DAGs
[2023-12-16T12:44:20.222+0500] {logging_mixin.py:154} INFO - [2023-12-16T12:44:20.222+0500] {dag.py:3722} INFO - Setting next_dagrun for example_short_circuit_decorator to 2023-12-15T07:44:20.222383+00:00, run_after=2023-12-16T07:44:20.222383+00:00
[2023-12-16T12:44:20.357+0500] {processor.py:179} INFO - Processing /home/amina/miniconda/lib/python3.11/site-packages/airflow/example_dags/example_short_circuit_decorator.py took 0.217 seconds
[2023-12-16T12:45:07.069+0500] {processor.py:157} INFO - Started process (PID=37360) to work on /home/amina/miniconda/lib/python3.11/site-packages/airflow/example_dags/example_short_circuit_decorator.py
[2023-12-16T12:45:07.070+0500] {processor.py:829} INFO - Processing file /home/amina/miniconda/lib/python3.11/site-packages/airflow/example_dags/example_short_circuit_decorator.py for tasks to queue
[2023-12-16T12:45:07.070+0500] {logging_mixin.py:154} INFO - [2023-12-16T12:45:07.070+0500] {dagbag.py:536} INFO - Filling up the DagBag from /home/amina/miniconda/lib/python3.11/site-packages/airflow/example_dags/example_short_circuit_decorator.py
[2023-12-16T12:45:07.080+0500] {processor.py:839} INFO - DAG(s) dict_keys(['example_short_circuit_decorator']) retrieved from /home/amina/miniconda/lib/python3.11/site-packages/airflow/example_dags/example_short_circuit_decorator.py
[2023-12-16T12:45:07.096+0500] {logging_mixin.py:154} INFO - [2023-12-16T12:45:07.096+0500] {dag.py:2941} INFO - Sync 1 DAGs
[2023-12-16T12:45:07.111+0500] {logging_mixin.py:154} INFO - [2023-12-16T12:45:07.110+0500] {dag.py:3722} INFO - Setting next_dagrun for example_short_circuit_decorator to 2023-12-15T07:45:07.110728+00:00, run_after=2023-12-16T07:45:07.110728+00:00
[2023-12-16T12:45:07.226+0500] {processor.py:179} INFO - Processing /home/amina/miniconda/lib/python3.11/site-packages/airflow/example_dags/example_short_circuit_decorator.py took 0.160 seconds
[2023-12-16T12:45:54.290+0500] {processor.py:157} INFO - Started process (PID=37412) to work on /home/amina/miniconda/lib/python3.11/site-packages/airflow/example_dags/example_short_circuit_decorator.py
[2023-12-16T12:45:54.291+0500] {processor.py:829} INFO - Processing file /home/amina/miniconda/lib/python3.11/site-packages/airflow/example_dags/example_short_circuit_decorator.py for tasks to queue
[2023-12-16T12:45:54.292+0500] {logging_mixin.py:154} INFO - [2023-12-16T12:45:54.291+0500] {dagbag.py:536} INFO - Filling up the DagBag from /home/amina/miniconda/lib/python3.11/site-packages/airflow/example_dags/example_short_circuit_decorator.py
[2023-12-16T12:45:54.301+0500] {processor.py:839} INFO - DAG(s) dict_keys(['example_short_circuit_decorator']) retrieved from /home/amina/miniconda/lib/python3.11/site-packages/airflow/example_dags/example_short_circuit_decorator.py
[2023-12-16T12:45:54.317+0500] {logging_mixin.py:154} INFO - [2023-12-16T12:45:54.316+0500] {dag.py:2941} INFO - Sync 1 DAGs
[2023-12-16T12:45:54.331+0500] {logging_mixin.py:154} INFO - [2023-12-16T12:45:54.331+0500] {dag.py:3722} INFO - Setting next_dagrun for example_short_circuit_decorator to 2023-12-15T07:45:54.331360+00:00, run_after=2023-12-16T07:45:54.331360+00:00
[2023-12-16T12:45:54.471+0500] {processor.py:179} INFO - Processing /home/amina/miniconda/lib/python3.11/site-packages/airflow/example_dags/example_short_circuit_decorator.py took 0.184 seconds
[2023-12-16T12:46:43.993+0500] {processor.py:157} INFO - Started process (PID=37466) to work on /home/amina/miniconda/lib/python3.11/site-packages/airflow/example_dags/example_short_circuit_decorator.py
[2023-12-16T12:46:44.018+0500] {processor.py:829} INFO - Processing file /home/amina/miniconda/lib/python3.11/site-packages/airflow/example_dags/example_short_circuit_decorator.py for tasks to queue
[2023-12-16T12:46:44.019+0500] {logging_mixin.py:154} INFO - [2023-12-16T12:46:44.019+0500] {dagbag.py:536} INFO - Filling up the DagBag from /home/amina/miniconda/lib/python3.11/site-packages/airflow/example_dags/example_short_circuit_decorator.py
[2023-12-16T12:46:44.027+0500] {processor.py:839} INFO - DAG(s) dict_keys(['example_short_circuit_decorator']) retrieved from /home/amina/miniconda/lib/python3.11/site-packages/airflow/example_dags/example_short_circuit_decorator.py
[2023-12-16T12:46:44.042+0500] {logging_mixin.py:154} INFO - [2023-12-16T12:46:44.042+0500] {dag.py:2941} INFO - Sync 1 DAGs
[2023-12-16T12:46:44.056+0500] {logging_mixin.py:154} INFO - [2023-12-16T12:46:44.056+0500] {dag.py:3722} INFO - Setting next_dagrun for example_short_circuit_decorator to 2023-12-15T07:46:44.056619+00:00, run_after=2023-12-16T07:46:44.056619+00:00
[2023-12-16T12:46:44.173+0500] {processor.py:179} INFO - Processing /home/amina/miniconda/lib/python3.11/site-packages/airflow/example_dags/example_short_circuit_decorator.py took 0.183 seconds
[2023-12-16T12:47:35.520+0500] {processor.py:157} INFO - Started process (PID=37522) to work on /home/amina/miniconda/lib/python3.11/site-packages/airflow/example_dags/example_short_circuit_decorator.py
[2023-12-16T12:47:35.521+0500] {processor.py:829} INFO - Processing file /home/amina/miniconda/lib/python3.11/site-packages/airflow/example_dags/example_short_circuit_decorator.py for tasks to queue
[2023-12-16T12:47:35.522+0500] {logging_mixin.py:154} INFO - [2023-12-16T12:47:35.522+0500] {dagbag.py:536} INFO - Filling up the DagBag from /home/amina/miniconda/lib/python3.11/site-packages/airflow/example_dags/example_short_circuit_decorator.py
[2023-12-16T12:47:35.531+0500] {processor.py:839} INFO - DAG(s) dict_keys(['example_short_circuit_decorator']) retrieved from /home/amina/miniconda/lib/python3.11/site-packages/airflow/example_dags/example_short_circuit_decorator.py
[2023-12-16T12:47:35.552+0500] {logging_mixin.py:154} INFO - [2023-12-16T12:47:35.552+0500] {dag.py:2941} INFO - Sync 1 DAGs
[2023-12-16T12:47:35.567+0500] {logging_mixin.py:154} INFO - [2023-12-16T12:47:35.566+0500] {dag.py:3722} INFO - Setting next_dagrun for example_short_circuit_decorator to 2023-12-15T07:47:35.566751+00:00, run_after=2023-12-16T07:47:35.566751+00:00
[2023-12-16T12:47:35.936+0500] {processor.py:179} INFO - Processing /home/amina/miniconda/lib/python3.11/site-packages/airflow/example_dags/example_short_circuit_decorator.py took 0.419 seconds
[2023-12-16T12:48:26.549+0500] {processor.py:157} INFO - Started process (PID=37579) to work on /home/amina/miniconda/lib/python3.11/site-packages/airflow/example_dags/example_short_circuit_decorator.py
[2023-12-16T12:48:26.577+0500] {processor.py:829} INFO - Processing file /home/amina/miniconda/lib/python3.11/site-packages/airflow/example_dags/example_short_circuit_decorator.py for tasks to queue
[2023-12-16T12:48:26.578+0500] {logging_mixin.py:154} INFO - [2023-12-16T12:48:26.577+0500] {dagbag.py:536} INFO - Filling up the DagBag from /home/amina/miniconda/lib/python3.11/site-packages/airflow/example_dags/example_short_circuit_decorator.py
[2023-12-16T12:48:26.586+0500] {processor.py:839} INFO - DAG(s) dict_keys(['example_short_circuit_decorator']) retrieved from /home/amina/miniconda/lib/python3.11/site-packages/airflow/example_dags/example_short_circuit_decorator.py
[2023-12-16T12:48:26.602+0500] {logging_mixin.py:154} INFO - [2023-12-16T12:48:26.601+0500] {dag.py:2941} INFO - Sync 1 DAGs
[2023-12-16T12:48:26.616+0500] {logging_mixin.py:154} INFO - [2023-12-16T12:48:26.615+0500] {dag.py:3722} INFO - Setting next_dagrun for example_short_circuit_decorator to 2023-12-15T07:48:26.615715+00:00, run_after=2023-12-16T07:48:26.615715+00:00
[2023-12-16T12:48:26.787+0500] {processor.py:179} INFO - Processing /home/amina/miniconda/lib/python3.11/site-packages/airflow/example_dags/example_short_circuit_decorator.py took 0.241 seconds
[2023-12-16T12:49:26.707+0500] {processor.py:157} INFO - Started process (PID=38307) to work on /home/amina/miniconda/lib/python3.11/site-packages/airflow/example_dags/example_short_circuit_decorator.py
[2023-12-16T12:49:26.728+0500] {processor.py:829} INFO - Processing file /home/amina/miniconda/lib/python3.11/site-packages/airflow/example_dags/example_short_circuit_decorator.py for tasks to queue
[2023-12-16T12:49:26.729+0500] {logging_mixin.py:154} INFO - [2023-12-16T12:49:26.729+0500] {dagbag.py:536} INFO - Filling up the DagBag from /home/amina/miniconda/lib/python3.11/site-packages/airflow/example_dags/example_short_circuit_decorator.py
[2023-12-16T12:49:26.737+0500] {processor.py:839} INFO - DAG(s) dict_keys(['example_short_circuit_decorator']) retrieved from /home/amina/miniconda/lib/python3.11/site-packages/airflow/example_dags/example_short_circuit_decorator.py
[2023-12-16T12:49:26.755+0500] {logging_mixin.py:154} INFO - [2023-12-16T12:49:26.755+0500] {dag.py:2941} INFO - Sync 1 DAGs
[2023-12-16T12:49:26.775+0500] {logging_mixin.py:154} INFO - [2023-12-16T12:49:26.775+0500] {dag.py:3722} INFO - Setting next_dagrun for example_short_circuit_decorator to 2023-12-15T07:49:26.775249+00:00, run_after=2023-12-16T07:49:26.775249+00:00
[2023-12-16T12:49:27.041+0500] {processor.py:179} INFO - Processing /home/amina/miniconda/lib/python3.11/site-packages/airflow/example_dags/example_short_circuit_decorator.py took 0.338 seconds
[2023-12-16T12:50:33.247+0500] {processor.py:157} INFO - Started process (PID=38454) to work on /home/amina/miniconda/lib/python3.11/site-packages/airflow/example_dags/example_short_circuit_decorator.py
[2023-12-16T12:50:33.261+0500] {processor.py:829} INFO - Processing file /home/amina/miniconda/lib/python3.11/site-packages/airflow/example_dags/example_short_circuit_decorator.py for tasks to queue
[2023-12-16T12:50:33.261+0500] {logging_mixin.py:154} INFO - [2023-12-16T12:50:33.261+0500] {dagbag.py:536} INFO - Filling up the DagBag from /home/amina/miniconda/lib/python3.11/site-packages/airflow/example_dags/example_short_circuit_decorator.py
[2023-12-16T12:50:33.270+0500] {processor.py:839} INFO - DAG(s) dict_keys(['example_short_circuit_decorator']) retrieved from /home/amina/miniconda/lib/python3.11/site-packages/airflow/example_dags/example_short_circuit_decorator.py
[2023-12-16T12:50:33.285+0500] {logging_mixin.py:154} INFO - [2023-12-16T12:50:33.285+0500] {dag.py:2941} INFO - Sync 1 DAGs
[2023-12-16T12:50:33.300+0500] {logging_mixin.py:154} INFO - [2023-12-16T12:50:33.299+0500] {dag.py:3722} INFO - Setting next_dagrun for example_short_circuit_decorator to 2023-12-15T07:50:33.299752+00:00, run_after=2023-12-16T07:50:33.299752+00:00
[2023-12-16T12:50:33.542+0500] {processor.py:179} INFO - Processing /home/amina/miniconda/lib/python3.11/site-packages/airflow/example_dags/example_short_circuit_decorator.py took 0.298 seconds
[2023-12-16T12:51:35.983+0500] {processor.py:157} INFO - Started process (PID=38530) to work on /home/amina/miniconda/lib/python3.11/site-packages/airflow/example_dags/example_short_circuit_decorator.py
[2023-12-16T12:51:36.012+0500] {processor.py:829} INFO - Processing file /home/amina/miniconda/lib/python3.11/site-packages/airflow/example_dags/example_short_circuit_decorator.py for tasks to queue
[2023-12-16T12:51:36.013+0500] {logging_mixin.py:154} INFO - [2023-12-16T12:51:36.012+0500] {dagbag.py:536} INFO - Filling up the DagBag from /home/amina/miniconda/lib/python3.11/site-packages/airflow/example_dags/example_short_circuit_decorator.py
[2023-12-16T12:51:36.024+0500] {processor.py:839} INFO - DAG(s) dict_keys(['example_short_circuit_decorator']) retrieved from /home/amina/miniconda/lib/python3.11/site-packages/airflow/example_dags/example_short_circuit_decorator.py
[2023-12-16T12:51:36.047+0500] {logging_mixin.py:154} INFO - [2023-12-16T12:51:36.047+0500] {dag.py:2941} INFO - Sync 1 DAGs
[2023-12-16T12:51:36.070+0500] {logging_mixin.py:154} INFO - [2023-12-16T12:51:36.069+0500] {dag.py:3722} INFO - Setting next_dagrun for example_short_circuit_decorator to 2023-12-15T07:51:36.069179+00:00, run_after=2023-12-16T07:51:36.069179+00:00
[2023-12-16T12:51:36.330+0500] {processor.py:179} INFO - Processing /home/amina/miniconda/lib/python3.11/site-packages/airflow/example_dags/example_short_circuit_decorator.py took 0.350 seconds
[2023-12-16T12:52:33.411+0500] {processor.py:157} INFO - Started process (PID=38579) to work on /home/amina/miniconda/lib/python3.11/site-packages/airflow/example_dags/example_short_circuit_decorator.py
[2023-12-16T12:52:33.437+0500] {processor.py:829} INFO - Processing file /home/amina/miniconda/lib/python3.11/site-packages/airflow/example_dags/example_short_circuit_decorator.py for tasks to queue
[2023-12-16T12:52:33.438+0500] {logging_mixin.py:154} INFO - [2023-12-16T12:52:33.438+0500] {dagbag.py:536} INFO - Filling up the DagBag from /home/amina/miniconda/lib/python3.11/site-packages/airflow/example_dags/example_short_circuit_decorator.py
[2023-12-16T12:52:33.447+0500] {processor.py:839} INFO - DAG(s) dict_keys(['example_short_circuit_decorator']) retrieved from /home/amina/miniconda/lib/python3.11/site-packages/airflow/example_dags/example_short_circuit_decorator.py
[2023-12-16T12:52:33.464+0500] {logging_mixin.py:154} INFO - [2023-12-16T12:52:33.464+0500] {dag.py:2941} INFO - Sync 1 DAGs
[2023-12-16T12:52:33.481+0500] {logging_mixin.py:154} INFO - [2023-12-16T12:52:33.481+0500] {dag.py:3722} INFO - Setting next_dagrun for example_short_circuit_decorator to 2023-12-15T07:52:33.481133+00:00, run_after=2023-12-16T07:52:33.481133+00:00
[2023-12-16T12:52:33.606+0500] {processor.py:179} INFO - Processing /home/amina/miniconda/lib/python3.11/site-packages/airflow/example_dags/example_short_circuit_decorator.py took 0.198 seconds
