[2023-12-16T12:23:25.238+0500] {processor.py:157} INFO - Started process (PID=21115) to work on /home/amina/miniconda/lib/python3.11/site-packages/airflow/example_dags/example_params_ui_tutorial.py
[2023-12-16T12:23:25.239+0500] {processor.py:829} INFO - Processing file /home/amina/miniconda/lib/python3.11/site-packages/airflow/example_dags/example_params_ui_tutorial.py for tasks to queue
[2023-12-16T12:23:25.240+0500] {logging_mixin.py:154} INFO - [2023-12-16T12:23:25.239+0500] {dagbag.py:536} INFO - Filling up the DagBag from /home/amina/miniconda/lib/python3.11/site-packages/airflow/example_dags/example_params_ui_tutorial.py
[2023-12-16T12:23:25.275+0500] {processor.py:839} INFO - DAG(s) dict_keys(['example_params_ui_tutorial']) retrieved from /home/amina/miniconda/lib/python3.11/site-packages/airflow/example_dags/example_params_ui_tutorial.py
[2023-12-16T12:23:25.325+0500] {logging_mixin.py:154} INFO - [2023-12-16T12:23:25.325+0500] {dag.py:2941} INFO - Sync 1 DAGs
[2023-12-16T12:23:25.335+0500] {logging_mixin.py:154} INFO - [2023-12-16T12:23:25.335+0500] {dag.py:3722} INFO - Setting next_dagrun for example_params_ui_tutorial to None, run_after=None
[2023-12-16T12:23:25.482+0500] {processor.py:179} INFO - Processing /home/amina/miniconda/lib/python3.11/site-packages/airflow/example_dags/example_params_ui_tutorial.py took 0.248 seconds
[2023-12-16T12:24:25.005+0500] {processor.py:157} INFO - Started process (PID=22553) to work on /home/amina/miniconda/lib/python3.11/site-packages/airflow/example_dags/example_params_ui_tutorial.py
[2023-12-16T12:24:25.066+0500] {processor.py:829} INFO - Processing file /home/amina/miniconda/lib/python3.11/site-packages/airflow/example_dags/example_params_ui_tutorial.py for tasks to queue
[2023-12-16T12:24:25.067+0500] {logging_mixin.py:154} INFO - [2023-12-16T12:24:25.067+0500] {dagbag.py:536} INFO - Filling up the DagBag from /home/amina/miniconda/lib/python3.11/site-packages/airflow/example_dags/example_params_ui_tutorial.py
[2023-12-16T12:24:25.128+0500] {processor.py:839} INFO - DAG(s) dict_keys(['example_params_ui_tutorial']) retrieved from /home/amina/miniconda/lib/python3.11/site-packages/airflow/example_dags/example_params_ui_tutorial.py
[2023-12-16T12:24:25.199+0500] {logging_mixin.py:154} INFO - [2023-12-16T12:24:25.199+0500] {dag.py:2941} INFO - Sync 1 DAGs
[2023-12-16T12:24:25.210+0500] {logging_mixin.py:154} INFO - [2023-12-16T12:24:25.209+0500] {dag.py:3722} INFO - Setting next_dagrun for example_params_ui_tutorial to None, run_after=None
[2023-12-16T12:24:25.419+0500] {processor.py:179} INFO - Processing /home/amina/miniconda/lib/python3.11/site-packages/airflow/example_dags/example_params_ui_tutorial.py took 0.418 seconds
[2023-12-16T12:25:57.005+0500] {processor.py:157} INFO - Started process (PID=24308) to work on /home/amina/miniconda/lib/python3.11/site-packages/airflow/example_dags/example_params_ui_tutorial.py
[2023-12-16T12:25:57.034+0500] {processor.py:829} INFO - Processing file /home/amina/miniconda/lib/python3.11/site-packages/airflow/example_dags/example_params_ui_tutorial.py for tasks to queue
[2023-12-16T12:25:57.035+0500] {logging_mixin.py:154} INFO - [2023-12-16T12:25:57.035+0500] {dagbag.py:536} INFO - Filling up the DagBag from /home/amina/miniconda/lib/python3.11/site-packages/airflow/example_dags/example_params_ui_tutorial.py
[2023-12-16T12:25:57.100+0500] {processor.py:839} INFO - DAG(s) dict_keys(['example_params_ui_tutorial']) retrieved from /home/amina/miniconda/lib/python3.11/site-packages/airflow/example_dags/example_params_ui_tutorial.py
[2023-12-16T12:25:57.188+0500] {logging_mixin.py:154} INFO - [2023-12-16T12:25:57.188+0500] {dag.py:2941} INFO - Sync 1 DAGs
[2023-12-16T12:25:57.203+0500] {logging_mixin.py:154} INFO - [2023-12-16T12:25:57.203+0500] {dag.py:3722} INFO - Setting next_dagrun for example_params_ui_tutorial to None, run_after=None
[2023-12-16T12:25:57.617+0500] {processor.py:179} INFO - Processing /home/amina/miniconda/lib/python3.11/site-packages/airflow/example_dags/example_params_ui_tutorial.py took 0.620 seconds
[2023-12-16T12:27:14.776+0500] {processor.py:157} INFO - Started process (PID=25672) to work on /home/amina/miniconda/lib/python3.11/site-packages/airflow/example_dags/example_params_ui_tutorial.py
[2023-12-16T12:27:14.800+0500] {processor.py:829} INFO - Processing file /home/amina/miniconda/lib/python3.11/site-packages/airflow/example_dags/example_params_ui_tutorial.py for tasks to queue
[2023-12-16T12:27:14.801+0500] {logging_mixin.py:154} INFO - [2023-12-16T12:27:14.800+0500] {dagbag.py:536} INFO - Filling up the DagBag from /home/amina/miniconda/lib/python3.11/site-packages/airflow/example_dags/example_params_ui_tutorial.py
[2023-12-16T12:27:14.833+0500] {processor.py:839} INFO - DAG(s) dict_keys(['example_params_ui_tutorial']) retrieved from /home/amina/miniconda/lib/python3.11/site-packages/airflow/example_dags/example_params_ui_tutorial.py
[2023-12-16T12:27:14.887+0500] {logging_mixin.py:154} INFO - [2023-12-16T12:27:14.887+0500] {dag.py:2941} INFO - Sync 1 DAGs
[2023-12-16T12:27:14.902+0500] {logging_mixin.py:154} INFO - [2023-12-16T12:27:14.902+0500] {dag.py:3722} INFO - Setting next_dagrun for example_params_ui_tutorial to None, run_after=None
[2023-12-16T12:27:15.292+0500] {processor.py:179} INFO - Processing /home/amina/miniconda/lib/python3.11/site-packages/airflow/example_dags/example_params_ui_tutorial.py took 0.518 seconds
[2023-12-16T12:30:34.134+0500] {processor.py:157} INFO - Started process (PID=29835) to work on /home/amina/miniconda/lib/python3.11/site-packages/airflow/example_dags/example_params_ui_tutorial.py
[2023-12-16T12:30:34.151+0500] {processor.py:829} INFO - Processing file /home/amina/miniconda/lib/python3.11/site-packages/airflow/example_dags/example_params_ui_tutorial.py for tasks to queue
[2023-12-16T12:30:34.152+0500] {logging_mixin.py:154} INFO - [2023-12-16T12:30:34.151+0500] {dagbag.py:536} INFO - Filling up the DagBag from /home/amina/miniconda/lib/python3.11/site-packages/airflow/example_dags/example_params_ui_tutorial.py
[2023-12-16T12:30:34.184+0500] {processor.py:839} INFO - DAG(s) dict_keys(['example_params_ui_tutorial']) retrieved from /home/amina/miniconda/lib/python3.11/site-packages/airflow/example_dags/example_params_ui_tutorial.py
[2023-12-16T12:30:34.231+0500] {logging_mixin.py:154} INFO - [2023-12-16T12:30:34.231+0500] {dag.py:2941} INFO - Sync 1 DAGs
[2023-12-16T12:30:34.241+0500] {logging_mixin.py:154} INFO - [2023-12-16T12:30:34.241+0500] {dag.py:3722} INFO - Setting next_dagrun for example_params_ui_tutorial to None, run_after=None
[2023-12-16T12:30:34.439+0500] {processor.py:179} INFO - Processing /home/amina/miniconda/lib/python3.11/site-packages/airflow/example_dags/example_params_ui_tutorial.py took 0.307 seconds
[2023-12-16T12:31:37.932+0500] {processor.py:157} INFO - Started process (PID=31504) to work on /home/amina/miniconda/lib/python3.11/site-packages/airflow/example_dags/example_params_ui_tutorial.py
[2023-12-16T12:31:37.993+0500] {processor.py:829} INFO - Processing file /home/amina/miniconda/lib/python3.11/site-packages/airflow/example_dags/example_params_ui_tutorial.py for tasks to queue
[2023-12-16T12:31:37.994+0500] {logging_mixin.py:154} INFO - [2023-12-16T12:31:37.993+0500] {dagbag.py:536} INFO - Filling up the DagBag from /home/amina/miniconda/lib/python3.11/site-packages/airflow/example_dags/example_params_ui_tutorial.py
[2023-12-16T12:31:38.032+0500] {processor.py:839} INFO - DAG(s) dict_keys(['example_params_ui_tutorial']) retrieved from /home/amina/miniconda/lib/python3.11/site-packages/airflow/example_dags/example_params_ui_tutorial.py
[2023-12-16T12:31:38.099+0500] {logging_mixin.py:154} INFO - [2023-12-16T12:31:38.099+0500] {dag.py:2941} INFO - Sync 1 DAGs
[2023-12-16T12:31:38.115+0500] {logging_mixin.py:154} INFO - [2023-12-16T12:31:38.115+0500] {dag.py:3722} INFO - Setting next_dagrun for example_params_ui_tutorial to None, run_after=None
[2023-12-16T12:31:38.258+0500] {processor.py:179} INFO - Processing /home/amina/miniconda/lib/python3.11/site-packages/airflow/example_dags/example_params_ui_tutorial.py took 0.328 seconds
[2023-12-16T12:32:38.273+0500] {processor.py:157} INFO - Started process (PID=32898) to work on /home/amina/miniconda/lib/python3.11/site-packages/airflow/example_dags/example_params_ui_tutorial.py
[2023-12-16T12:32:38.334+0500] {processor.py:829} INFO - Processing file /home/amina/miniconda/lib/python3.11/site-packages/airflow/example_dags/example_params_ui_tutorial.py for tasks to queue
[2023-12-16T12:32:38.335+0500] {logging_mixin.py:154} INFO - [2023-12-16T12:32:38.335+0500] {dagbag.py:536} INFO - Filling up the DagBag from /home/amina/miniconda/lib/python3.11/site-packages/airflow/example_dags/example_params_ui_tutorial.py
[2023-12-16T12:32:38.369+0500] {processor.py:839} INFO - DAG(s) dict_keys(['example_params_ui_tutorial']) retrieved from /home/amina/miniconda/lib/python3.11/site-packages/airflow/example_dags/example_params_ui_tutorial.py
[2023-12-16T12:32:38.421+0500] {logging_mixin.py:154} INFO - [2023-12-16T12:32:38.421+0500] {dag.py:2941} INFO - Sync 1 DAGs
[2023-12-16T12:32:38.432+0500] {logging_mixin.py:154} INFO - [2023-12-16T12:32:38.432+0500] {dag.py:3722} INFO - Setting next_dagrun for example_params_ui_tutorial to None, run_after=None
[2023-12-16T12:32:38.635+0500] {processor.py:179} INFO - Processing /home/amina/miniconda/lib/python3.11/site-packages/airflow/example_dags/example_params_ui_tutorial.py took 0.365 seconds
[2023-12-16T12:33:38.400+0500] {processor.py:157} INFO - Started process (PID=34334) to work on /home/amina/miniconda/lib/python3.11/site-packages/airflow/example_dags/example_params_ui_tutorial.py
[2023-12-16T12:33:38.431+0500] {processor.py:829} INFO - Processing file /home/amina/miniconda/lib/python3.11/site-packages/airflow/example_dags/example_params_ui_tutorial.py for tasks to queue
[2023-12-16T12:33:38.432+0500] {logging_mixin.py:154} INFO - [2023-12-16T12:33:38.432+0500] {dagbag.py:536} INFO - Filling up the DagBag from /home/amina/miniconda/lib/python3.11/site-packages/airflow/example_dags/example_params_ui_tutorial.py
[2023-12-16T12:33:38.478+0500] {processor.py:839} INFO - DAG(s) dict_keys(['example_params_ui_tutorial']) retrieved from /home/amina/miniconda/lib/python3.11/site-packages/airflow/example_dags/example_params_ui_tutorial.py
[2023-12-16T12:33:38.553+0500] {logging_mixin.py:154} INFO - [2023-12-16T12:33:38.553+0500] {dag.py:2941} INFO - Sync 1 DAGs
[2023-12-16T12:33:38.569+0500] {logging_mixin.py:154} INFO - [2023-12-16T12:33:38.569+0500] {dag.py:3722} INFO - Setting next_dagrun for example_params_ui_tutorial to None, run_after=None
[2023-12-16T12:33:38.690+0500] {processor.py:179} INFO - Processing /home/amina/miniconda/lib/python3.11/site-packages/airflow/example_dags/example_params_ui_tutorial.py took 0.295 seconds
[2023-12-16T12:34:34.956+0500] {processor.py:157} INFO - Started process (PID=35790) to work on /home/amina/miniconda/lib/python3.11/site-packages/airflow/example_dags/example_params_ui_tutorial.py
[2023-12-16T12:34:34.995+0500] {processor.py:829} INFO - Processing file /home/amina/miniconda/lib/python3.11/site-packages/airflow/example_dags/example_params_ui_tutorial.py for tasks to queue
[2023-12-16T12:34:34.995+0500] {logging_mixin.py:154} INFO - [2023-12-16T12:34:34.995+0500] {dagbag.py:536} INFO - Filling up the DagBag from /home/amina/miniconda/lib/python3.11/site-packages/airflow/example_dags/example_params_ui_tutorial.py
[2023-12-16T12:34:35.027+0500] {processor.py:839} INFO - DAG(s) dict_keys(['example_params_ui_tutorial']) retrieved from /home/amina/miniconda/lib/python3.11/site-packages/airflow/example_dags/example_params_ui_tutorial.py
[2023-12-16T12:34:35.075+0500] {logging_mixin.py:154} INFO - [2023-12-16T12:34:35.075+0500] {dag.py:2941} INFO - Sync 1 DAGs
[2023-12-16T12:34:35.085+0500] {logging_mixin.py:154} INFO - [2023-12-16T12:34:35.084+0500] {dag.py:3722} INFO - Setting next_dagrun for example_params_ui_tutorial to None, run_after=None
[2023-12-16T12:34:35.249+0500] {processor.py:179} INFO - Processing /home/amina/miniconda/lib/python3.11/site-packages/airflow/example_dags/example_params_ui_tutorial.py took 0.296 seconds
[2023-12-16T12:35:30.834+0500] {processor.py:157} INFO - Started process (PID=36351) to work on /home/amina/miniconda/lib/python3.11/site-packages/airflow/example_dags/example_params_ui_tutorial.py
[2023-12-16T12:35:30.913+0500] {processor.py:829} INFO - Processing file /home/amina/miniconda/lib/python3.11/site-packages/airflow/example_dags/example_params_ui_tutorial.py for tasks to queue
[2023-12-16T12:35:30.914+0500] {logging_mixin.py:154} INFO - [2023-12-16T12:35:30.914+0500] {dagbag.py:536} INFO - Filling up the DagBag from /home/amina/miniconda/lib/python3.11/site-packages/airflow/example_dags/example_params_ui_tutorial.py
[2023-12-16T12:35:30.948+0500] {processor.py:839} INFO - DAG(s) dict_keys(['example_params_ui_tutorial']) retrieved from /home/amina/miniconda/lib/python3.11/site-packages/airflow/example_dags/example_params_ui_tutorial.py
[2023-12-16T12:35:30.997+0500] {logging_mixin.py:154} INFO - [2023-12-16T12:35:30.997+0500] {dag.py:2941} INFO - Sync 1 DAGs
[2023-12-16T12:35:31.007+0500] {logging_mixin.py:154} INFO - [2023-12-16T12:35:31.007+0500] {dag.py:3722} INFO - Setting next_dagrun for example_params_ui_tutorial to None, run_after=None
[2023-12-16T12:35:31.125+0500] {processor.py:179} INFO - Processing /home/amina/miniconda/lib/python3.11/site-packages/airflow/example_dags/example_params_ui_tutorial.py took 0.294 seconds
[2023-12-16T12:36:52.532+0500] {processor.py:157} INFO - Started process (PID=36464) to work on /home/amina/miniconda/lib/python3.11/site-packages/airflow/example_dags/example_params_ui_tutorial.py
[2023-12-16T12:36:52.547+0500] {processor.py:829} INFO - Processing file /home/amina/miniconda/lib/python3.11/site-packages/airflow/example_dags/example_params_ui_tutorial.py for tasks to queue
[2023-12-16T12:36:52.548+0500] {logging_mixin.py:154} INFO - [2023-12-16T12:36:52.548+0500] {dagbag.py:536} INFO - Filling up the DagBag from /home/amina/miniconda/lib/python3.11/site-packages/airflow/example_dags/example_params_ui_tutorial.py
[2023-12-16T12:36:52.582+0500] {processor.py:839} INFO - DAG(s) dict_keys(['example_params_ui_tutorial']) retrieved from /home/amina/miniconda/lib/python3.11/site-packages/airflow/example_dags/example_params_ui_tutorial.py
[2023-12-16T12:36:52.629+0500] {logging_mixin.py:154} INFO - [2023-12-16T12:36:52.629+0500] {dag.py:2941} INFO - Sync 1 DAGs
[2023-12-16T12:36:52.638+0500] {logging_mixin.py:154} INFO - [2023-12-16T12:36:52.638+0500] {dag.py:3722} INFO - Setting next_dagrun for example_params_ui_tutorial to None, run_after=None
[2023-12-16T12:36:52.745+0500] {processor.py:179} INFO - Processing /home/amina/miniconda/lib/python3.11/site-packages/airflow/example_dags/example_params_ui_tutorial.py took 0.216 seconds
[2023-12-16T12:37:46.805+0500] {processor.py:157} INFO - Started process (PID=36735) to work on /home/amina/miniconda/lib/python3.11/site-packages/airflow/example_dags/example_params_ui_tutorial.py
[2023-12-16T12:37:46.832+0500] {processor.py:829} INFO - Processing file /home/amina/miniconda/lib/python3.11/site-packages/airflow/example_dags/example_params_ui_tutorial.py for tasks to queue
[2023-12-16T12:37:46.833+0500] {logging_mixin.py:154} INFO - [2023-12-16T12:37:46.833+0500] {dagbag.py:536} INFO - Filling up the DagBag from /home/amina/miniconda/lib/python3.11/site-packages/airflow/example_dags/example_params_ui_tutorial.py
[2023-12-16T12:37:46.863+0500] {processor.py:839} INFO - DAG(s) dict_keys(['example_params_ui_tutorial']) retrieved from /home/amina/miniconda/lib/python3.11/site-packages/airflow/example_dags/example_params_ui_tutorial.py
[2023-12-16T12:37:46.910+0500] {logging_mixin.py:154} INFO - [2023-12-16T12:37:46.910+0500] {dag.py:2941} INFO - Sync 1 DAGs
[2023-12-16T12:37:46.919+0500] {logging_mixin.py:154} INFO - [2023-12-16T12:37:46.919+0500] {dag.py:3722} INFO - Setting next_dagrun for example_params_ui_tutorial to None, run_after=None
[2023-12-16T12:37:47.034+0500] {processor.py:179} INFO - Processing /home/amina/miniconda/lib/python3.11/site-packages/airflow/example_dags/example_params_ui_tutorial.py took 0.232 seconds
[2023-12-16T12:39:01.442+0500] {processor.py:157} INFO - Started process (PID=36806) to work on /home/amina/miniconda/lib/python3.11/site-packages/airflow/example_dags/example_params_ui_tutorial.py
[2023-12-16T12:39:01.476+0500] {processor.py:829} INFO - Processing file /home/amina/miniconda/lib/python3.11/site-packages/airflow/example_dags/example_params_ui_tutorial.py for tasks to queue
[2023-12-16T12:39:01.478+0500] {logging_mixin.py:154} INFO - [2023-12-16T12:39:01.477+0500] {dagbag.py:536} INFO - Filling up the DagBag from /home/amina/miniconda/lib/python3.11/site-packages/airflow/example_dags/example_params_ui_tutorial.py
[2023-12-16T12:39:01.521+0500] {processor.py:839} INFO - DAG(s) dict_keys(['example_params_ui_tutorial']) retrieved from /home/amina/miniconda/lib/python3.11/site-packages/airflow/example_dags/example_params_ui_tutorial.py
[2023-12-16T12:39:01.566+0500] {logging_mixin.py:154} INFO - [2023-12-16T12:39:01.566+0500] {dag.py:2941} INFO - Sync 1 DAGs
[2023-12-16T12:39:01.575+0500] {logging_mixin.py:154} INFO - [2023-12-16T12:39:01.575+0500] {dag.py:3722} INFO - Setting next_dagrun for example_params_ui_tutorial to None, run_after=None
[2023-12-16T12:39:01.685+0500] {processor.py:179} INFO - Processing /home/amina/miniconda/lib/python3.11/site-packages/airflow/example_dags/example_params_ui_tutorial.py took 0.246 seconds
[2023-12-16T12:40:15.667+0500] {processor.py:157} INFO - Started process (PID=36920) to work on /home/amina/miniconda/lib/python3.11/site-packages/airflow/example_dags/example_params_ui_tutorial.py
[2023-12-16T12:40:15.692+0500] {processor.py:829} INFO - Processing file /home/amina/miniconda/lib/python3.11/site-packages/airflow/example_dags/example_params_ui_tutorial.py for tasks to queue
[2023-12-16T12:40:15.693+0500] {logging_mixin.py:154} INFO - [2023-12-16T12:40:15.693+0500] {dagbag.py:536} INFO - Filling up the DagBag from /home/amina/miniconda/lib/python3.11/site-packages/airflow/example_dags/example_params_ui_tutorial.py
[2023-12-16T12:40:15.724+0500] {processor.py:839} INFO - DAG(s) dict_keys(['example_params_ui_tutorial']) retrieved from /home/amina/miniconda/lib/python3.11/site-packages/airflow/example_dags/example_params_ui_tutorial.py
[2023-12-16T12:40:15.769+0500] {logging_mixin.py:154} INFO - [2023-12-16T12:40:15.769+0500] {dag.py:2941} INFO - Sync 1 DAGs
[2023-12-16T12:40:15.778+0500] {logging_mixin.py:154} INFO - [2023-12-16T12:40:15.778+0500] {dag.py:3722} INFO - Setting next_dagrun for example_params_ui_tutorial to None, run_after=None
[2023-12-16T12:40:15.889+0500] {processor.py:179} INFO - Processing /home/amina/miniconda/lib/python3.11/site-packages/airflow/example_dags/example_params_ui_tutorial.py took 0.224 seconds
[2023-12-16T12:41:35.800+0500] {processor.py:157} INFO - Started process (PID=37073) to work on /home/amina/miniconda/lib/python3.11/site-packages/airflow/example_dags/example_params_ui_tutorial.py
[2023-12-16T12:41:35.837+0500] {processor.py:829} INFO - Processing file /home/amina/miniconda/lib/python3.11/site-packages/airflow/example_dags/example_params_ui_tutorial.py for tasks to queue
[2023-12-16T12:41:35.838+0500] {logging_mixin.py:154} INFO - [2023-12-16T12:41:35.838+0500] {dagbag.py:536} INFO - Filling up the DagBag from /home/amina/miniconda/lib/python3.11/site-packages/airflow/example_dags/example_params_ui_tutorial.py
[2023-12-16T12:41:35.892+0500] {processor.py:839} INFO - DAG(s) dict_keys(['example_params_ui_tutorial']) retrieved from /home/amina/miniconda/lib/python3.11/site-packages/airflow/example_dags/example_params_ui_tutorial.py
[2023-12-16T12:41:35.941+0500] {logging_mixin.py:154} INFO - [2023-12-16T12:41:35.941+0500] {dag.py:2941} INFO - Sync 1 DAGs
[2023-12-16T12:41:35.950+0500] {logging_mixin.py:154} INFO - [2023-12-16T12:41:35.949+0500] {dag.py:3722} INFO - Setting next_dagrun for example_params_ui_tutorial to None, run_after=None
[2023-12-16T12:41:36.051+0500] {processor.py:179} INFO - Processing /home/amina/miniconda/lib/python3.11/site-packages/airflow/example_dags/example_params_ui_tutorial.py took 0.256 seconds
[2023-12-16T12:43:11.002+0500] {processor.py:157} INFO - Started process (PID=37200) to work on /home/amina/miniconda/lib/python3.11/site-packages/airflow/example_dags/example_params_ui_tutorial.py
[2023-12-16T12:43:11.039+0500] {processor.py:829} INFO - Processing file /home/amina/miniconda/lib/python3.11/site-packages/airflow/example_dags/example_params_ui_tutorial.py for tasks to queue
[2023-12-16T12:43:11.040+0500] {logging_mixin.py:154} INFO - [2023-12-16T12:43:11.039+0500] {dagbag.py:536} INFO - Filling up the DagBag from /home/amina/miniconda/lib/python3.11/site-packages/airflow/example_dags/example_params_ui_tutorial.py
[2023-12-16T12:43:11.069+0500] {processor.py:839} INFO - DAG(s) dict_keys(['example_params_ui_tutorial']) retrieved from /home/amina/miniconda/lib/python3.11/site-packages/airflow/example_dags/example_params_ui_tutorial.py
[2023-12-16T12:43:11.113+0500] {logging_mixin.py:154} INFO - [2023-12-16T12:43:11.113+0500] {dag.py:2941} INFO - Sync 1 DAGs
[2023-12-16T12:43:11.122+0500] {logging_mixin.py:154} INFO - [2023-12-16T12:43:11.122+0500] {dag.py:3722} INFO - Setting next_dagrun for example_params_ui_tutorial to None, run_after=None
[2023-12-16T12:43:11.233+0500] {processor.py:179} INFO - Processing /home/amina/miniconda/lib/python3.11/site-packages/airflow/example_dags/example_params_ui_tutorial.py took 0.234 seconds
[2023-12-16T12:44:12.627+0500] {processor.py:157} INFO - Started process (PID=37260) to work on /home/amina/miniconda/lib/python3.11/site-packages/airflow/example_dags/example_params_ui_tutorial.py
[2023-12-16T12:44:12.669+0500] {processor.py:829} INFO - Processing file /home/amina/miniconda/lib/python3.11/site-packages/airflow/example_dags/example_params_ui_tutorial.py for tasks to queue
[2023-12-16T12:44:12.670+0500] {logging_mixin.py:154} INFO - [2023-12-16T12:44:12.669+0500] {dagbag.py:536} INFO - Filling up the DagBag from /home/amina/miniconda/lib/python3.11/site-packages/airflow/example_dags/example_params_ui_tutorial.py
[2023-12-16T12:44:12.700+0500] {processor.py:839} INFO - DAG(s) dict_keys(['example_params_ui_tutorial']) retrieved from /home/amina/miniconda/lib/python3.11/site-packages/airflow/example_dags/example_params_ui_tutorial.py
[2023-12-16T12:44:12.744+0500] {logging_mixin.py:154} INFO - [2023-12-16T12:44:12.743+0500] {dag.py:2941} INFO - Sync 1 DAGs
[2023-12-16T12:44:12.752+0500] {logging_mixin.py:154} INFO - [2023-12-16T12:44:12.752+0500] {dag.py:3722} INFO - Setting next_dagrun for example_params_ui_tutorial to None, run_after=None
[2023-12-16T12:44:12.851+0500] {processor.py:179} INFO - Processing /home/amina/miniconda/lib/python3.11/site-packages/airflow/example_dags/example_params_ui_tutorial.py took 0.228 seconds
[2023-12-16T12:45:23.573+0500] {processor.py:157} INFO - Started process (PID=37378) to work on /home/amina/miniconda/lib/python3.11/site-packages/airflow/example_dags/example_params_ui_tutorial.py
[2023-12-16T12:45:23.574+0500] {processor.py:829} INFO - Processing file /home/amina/miniconda/lib/python3.11/site-packages/airflow/example_dags/example_params_ui_tutorial.py for tasks to queue
[2023-12-16T12:45:23.575+0500] {logging_mixin.py:154} INFO - [2023-12-16T12:45:23.575+0500] {dagbag.py:536} INFO - Filling up the DagBag from /home/amina/miniconda/lib/python3.11/site-packages/airflow/example_dags/example_params_ui_tutorial.py
[2023-12-16T12:45:23.605+0500] {processor.py:839} INFO - DAG(s) dict_keys(['example_params_ui_tutorial']) retrieved from /home/amina/miniconda/lib/python3.11/site-packages/airflow/example_dags/example_params_ui_tutorial.py
[2023-12-16T12:45:23.648+0500] {logging_mixin.py:154} INFO - [2023-12-16T12:45:23.648+0500] {dag.py:2941} INFO - Sync 1 DAGs
[2023-12-16T12:45:23.657+0500] {logging_mixin.py:154} INFO - [2023-12-16T12:45:23.657+0500] {dag.py:3722} INFO - Setting next_dagrun for example_params_ui_tutorial to None, run_after=None
[2023-12-16T12:45:23.772+0500] {processor.py:179} INFO - Processing /home/amina/miniconda/lib/python3.11/site-packages/airflow/example_dags/example_params_ui_tutorial.py took 0.202 seconds
[2023-12-16T12:46:35.984+0500] {processor.py:157} INFO - Started process (PID=37458) to work on /home/amina/miniconda/lib/python3.11/site-packages/airflow/example_dags/example_params_ui_tutorial.py
[2023-12-16T12:46:36.017+0500] {processor.py:829} INFO - Processing file /home/amina/miniconda/lib/python3.11/site-packages/airflow/example_dags/example_params_ui_tutorial.py for tasks to queue
[2023-12-16T12:46:36.018+0500] {logging_mixin.py:154} INFO - [2023-12-16T12:46:36.018+0500] {dagbag.py:536} INFO - Filling up the DagBag from /home/amina/miniconda/lib/python3.11/site-packages/airflow/example_dags/example_params_ui_tutorial.py
[2023-12-16T12:46:36.047+0500] {processor.py:839} INFO - DAG(s) dict_keys(['example_params_ui_tutorial']) retrieved from /home/amina/miniconda/lib/python3.11/site-packages/airflow/example_dags/example_params_ui_tutorial.py
[2023-12-16T12:46:36.090+0500] {logging_mixin.py:154} INFO - [2023-12-16T12:46:36.090+0500] {dag.py:2941} INFO - Sync 1 DAGs
[2023-12-16T12:46:36.099+0500] {logging_mixin.py:154} INFO - [2023-12-16T12:46:36.099+0500] {dag.py:3722} INFO - Setting next_dagrun for example_params_ui_tutorial to None, run_after=None
[2023-12-16T12:46:36.215+0500] {processor.py:179} INFO - Processing /home/amina/miniconda/lib/python3.11/site-packages/airflow/example_dags/example_params_ui_tutorial.py took 0.235 seconds
[2023-12-16T12:47:53.099+0500] {processor.py:157} INFO - Started process (PID=37540) to work on /home/amina/miniconda/lib/python3.11/site-packages/airflow/example_dags/example_params_ui_tutorial.py
[2023-12-16T12:47:53.124+0500] {processor.py:829} INFO - Processing file /home/amina/miniconda/lib/python3.11/site-packages/airflow/example_dags/example_params_ui_tutorial.py for tasks to queue
[2023-12-16T12:47:53.125+0500] {logging_mixin.py:154} INFO - [2023-12-16T12:47:53.125+0500] {dagbag.py:536} INFO - Filling up the DagBag from /home/amina/miniconda/lib/python3.11/site-packages/airflow/example_dags/example_params_ui_tutorial.py
[2023-12-16T12:47:53.169+0500] {processor.py:839} INFO - DAG(s) dict_keys(['example_params_ui_tutorial']) retrieved from /home/amina/miniconda/lib/python3.11/site-packages/airflow/example_dags/example_params_ui_tutorial.py
[2023-12-16T12:47:53.258+0500] {logging_mixin.py:154} INFO - [2023-12-16T12:47:53.258+0500] {dag.py:2941} INFO - Sync 1 DAGs
[2023-12-16T12:47:53.272+0500] {logging_mixin.py:154} INFO - [2023-12-16T12:47:53.272+0500] {dag.py:3722} INFO - Setting next_dagrun for example_params_ui_tutorial to None, run_after=None
[2023-12-16T12:47:53.382+0500] {processor.py:179} INFO - Processing /home/amina/miniconda/lib/python3.11/site-packages/airflow/example_dags/example_params_ui_tutorial.py took 0.287 seconds
[2023-12-16T12:49:17.344+0500] {processor.py:157} INFO - Started process (PID=38260) to work on /home/amina/miniconda/lib/python3.11/site-packages/airflow/example_dags/example_params_ui_tutorial.py
[2023-12-16T12:49:17.403+0500] {processor.py:829} INFO - Processing file /home/amina/miniconda/lib/python3.11/site-packages/airflow/example_dags/example_params_ui_tutorial.py for tasks to queue
[2023-12-16T12:49:17.404+0500] {logging_mixin.py:154} INFO - [2023-12-16T12:49:17.404+0500] {dagbag.py:536} INFO - Filling up the DagBag from /home/amina/miniconda/lib/python3.11/site-packages/airflow/example_dags/example_params_ui_tutorial.py
[2023-12-16T12:49:17.442+0500] {processor.py:839} INFO - DAG(s) dict_keys(['example_params_ui_tutorial']) retrieved from /home/amina/miniconda/lib/python3.11/site-packages/airflow/example_dags/example_params_ui_tutorial.py
[2023-12-16T12:49:17.501+0500] {logging_mixin.py:154} INFO - [2023-12-16T12:49:17.501+0500] {dag.py:2941} INFO - Sync 1 DAGs
[2023-12-16T12:49:17.513+0500] {logging_mixin.py:154} INFO - [2023-12-16T12:49:17.513+0500] {dag.py:3722} INFO - Setting next_dagrun for example_params_ui_tutorial to None, run_after=None
[2023-12-16T12:49:17.616+0500] {processor.py:179} INFO - Processing /home/amina/miniconda/lib/python3.11/site-packages/airflow/example_dags/example_params_ui_tutorial.py took 0.277 seconds
[2023-12-16T12:50:24.041+0500] {processor.py:157} INFO - Started process (PID=38446) to work on /home/amina/miniconda/lib/python3.11/site-packages/airflow/example_dags/example_params_ui_tutorial.py
[2023-12-16T12:50:24.097+0500] {processor.py:829} INFO - Processing file /home/amina/miniconda/lib/python3.11/site-packages/airflow/example_dags/example_params_ui_tutorial.py for tasks to queue
[2023-12-16T12:50:24.097+0500] {logging_mixin.py:154} INFO - [2023-12-16T12:50:24.097+0500] {dagbag.py:536} INFO - Filling up the DagBag from /home/amina/miniconda/lib/python3.11/site-packages/airflow/example_dags/example_params_ui_tutorial.py
[2023-12-16T12:50:24.128+0500] {processor.py:839} INFO - DAG(s) dict_keys(['example_params_ui_tutorial']) retrieved from /home/amina/miniconda/lib/python3.11/site-packages/airflow/example_dags/example_params_ui_tutorial.py
[2023-12-16T12:50:24.190+0500] {logging_mixin.py:154} INFO - [2023-12-16T12:50:24.190+0500] {dag.py:2941} INFO - Sync 1 DAGs
[2023-12-16T12:50:24.199+0500] {logging_mixin.py:154} INFO - [2023-12-16T12:50:24.199+0500] {dag.py:3722} INFO - Setting next_dagrun for example_params_ui_tutorial to None, run_after=None
[2023-12-16T12:50:24.431+0500] {processor.py:179} INFO - Processing /home/amina/miniconda/lib/python3.11/site-packages/airflow/example_dags/example_params_ui_tutorial.py took 0.394 seconds
[2023-12-16T12:51:27.412+0500] {processor.py:157} INFO - Started process (PID=38523) to work on /home/amina/miniconda/lib/python3.11/site-packages/airflow/example_dags/example_params_ui_tutorial.py
[2023-12-16T12:51:27.479+0500] {processor.py:829} INFO - Processing file /home/amina/miniconda/lib/python3.11/site-packages/airflow/example_dags/example_params_ui_tutorial.py for tasks to queue
[2023-12-16T12:51:27.480+0500] {logging_mixin.py:154} INFO - [2023-12-16T12:51:27.480+0500] {dagbag.py:536} INFO - Filling up the DagBag from /home/amina/miniconda/lib/python3.11/site-packages/airflow/example_dags/example_params_ui_tutorial.py
[2023-12-16T12:51:27.514+0500] {processor.py:839} INFO - DAG(s) dict_keys(['example_params_ui_tutorial']) retrieved from /home/amina/miniconda/lib/python3.11/site-packages/airflow/example_dags/example_params_ui_tutorial.py
[2023-12-16T12:51:27.567+0500] {logging_mixin.py:154} INFO - [2023-12-16T12:51:27.567+0500] {dag.py:2941} INFO - Sync 1 DAGs
[2023-12-16T12:51:27.577+0500] {logging_mixin.py:154} INFO - [2023-12-16T12:51:27.577+0500] {dag.py:3722} INFO - Setting next_dagrun for example_params_ui_tutorial to None, run_after=None
[2023-12-16T12:51:27.784+0500] {processor.py:179} INFO - Processing /home/amina/miniconda/lib/python3.11/site-packages/airflow/example_dags/example_params_ui_tutorial.py took 0.374 seconds
[2023-12-16T12:52:27.815+0500] {processor.py:157} INFO - Started process (PID=38574) to work on /home/amina/miniconda/lib/python3.11/site-packages/airflow/example_dags/example_params_ui_tutorial.py
[2023-12-16T12:52:27.865+0500] {processor.py:829} INFO - Processing file /home/amina/miniconda/lib/python3.11/site-packages/airflow/example_dags/example_params_ui_tutorial.py for tasks to queue
[2023-12-16T12:52:27.866+0500] {logging_mixin.py:154} INFO - [2023-12-16T12:52:27.865+0500] {dagbag.py:536} INFO - Filling up the DagBag from /home/amina/miniconda/lib/python3.11/site-packages/airflow/example_dags/example_params_ui_tutorial.py
[2023-12-16T12:52:27.905+0500] {processor.py:839} INFO - DAG(s) dict_keys(['example_params_ui_tutorial']) retrieved from /home/amina/miniconda/lib/python3.11/site-packages/airflow/example_dags/example_params_ui_tutorial.py
[2023-12-16T12:52:27.980+0500] {logging_mixin.py:154} INFO - [2023-12-16T12:52:27.980+0500] {dag.py:2941} INFO - Sync 1 DAGs
[2023-12-16T12:52:27.994+0500] {logging_mixin.py:154} INFO - [2023-12-16T12:52:27.994+0500] {dag.py:3722} INFO - Setting next_dagrun for example_params_ui_tutorial to None, run_after=None
[2023-12-16T12:52:28.092+0500] {processor.py:179} INFO - Processing /home/amina/miniconda/lib/python3.11/site-packages/airflow/example_dags/example_params_ui_tutorial.py took 0.279 seconds
[2023-12-16T12:54:28.627+0500] {processor.py:157} INFO - Started process (PID=39021) to work on /home/amina/miniconda/lib/python3.11/site-packages/airflow/example_dags/example_params_ui_tutorial.py
[2023-12-16T12:54:28.653+0500] {processor.py:829} INFO - Processing file /home/amina/miniconda/lib/python3.11/site-packages/airflow/example_dags/example_params_ui_tutorial.py for tasks to queue
[2023-12-16T12:54:28.654+0500] {logging_mixin.py:154} INFO - [2023-12-16T12:54:28.653+0500] {dagbag.py:536} INFO - Filling up the DagBag from /home/amina/miniconda/lib/python3.11/site-packages/airflow/example_dags/example_params_ui_tutorial.py
[2023-12-16T12:54:28.697+0500] {processor.py:839} INFO - DAG(s) dict_keys(['example_params_ui_tutorial']) retrieved from /home/amina/miniconda/lib/python3.11/site-packages/airflow/example_dags/example_params_ui_tutorial.py
[2023-12-16T12:54:28.779+0500] {logging_mixin.py:154} INFO - [2023-12-16T12:54:28.779+0500] {dag.py:2941} INFO - Sync 1 DAGs
[2023-12-16T12:54:28.792+0500] {logging_mixin.py:154} INFO - [2023-12-16T12:54:28.792+0500] {dag.py:3722} INFO - Setting next_dagrun for example_params_ui_tutorial to None, run_after=None
[2023-12-16T12:54:28.902+0500] {processor.py:179} INFO - Processing /home/amina/miniconda/lib/python3.11/site-packages/airflow/example_dags/example_params_ui_tutorial.py took 0.279 seconds
[2023-12-16T12:55:24.939+0500] {processor.py:157} INFO - Started process (PID=39069) to work on /home/amina/miniconda/lib/python3.11/site-packages/airflow/example_dags/example_params_ui_tutorial.py
[2023-12-16T12:55:24.956+0500] {processor.py:829} INFO - Processing file /home/amina/miniconda/lib/python3.11/site-packages/airflow/example_dags/example_params_ui_tutorial.py for tasks to queue
[2023-12-16T12:55:24.957+0500] {logging_mixin.py:154} INFO - [2023-12-16T12:55:24.957+0500] {dagbag.py:536} INFO - Filling up the DagBag from /home/amina/miniconda/lib/python3.11/site-packages/airflow/example_dags/example_params_ui_tutorial.py
[2023-12-16T12:55:24.993+0500] {processor.py:839} INFO - DAG(s) dict_keys(['example_params_ui_tutorial']) retrieved from /home/amina/miniconda/lib/python3.11/site-packages/airflow/example_dags/example_params_ui_tutorial.py
[2023-12-16T12:55:25.056+0500] {logging_mixin.py:154} INFO - [2023-12-16T12:55:25.056+0500] {dag.py:2941} INFO - Sync 1 DAGs
[2023-12-16T12:55:25.068+0500] {logging_mixin.py:154} INFO - [2023-12-16T12:55:25.068+0500] {dag.py:3722} INFO - Setting next_dagrun for example_params_ui_tutorial to None, run_after=None
[2023-12-16T12:55:25.167+0500] {processor.py:179} INFO - Processing /home/amina/miniconda/lib/python3.11/site-packages/airflow/example_dags/example_params_ui_tutorial.py took 0.231 seconds
[2023-12-16T12:56:20.151+0500] {processor.py:157} INFO - Started process (PID=39154) to work on /home/amina/miniconda/lib/python3.11/site-packages/airflow/example_dags/example_params_ui_tutorial.py
[2023-12-16T12:56:20.156+0500] {processor.py:829} INFO - Processing file /home/amina/miniconda/lib/python3.11/site-packages/airflow/example_dags/example_params_ui_tutorial.py for tasks to queue
[2023-12-16T12:56:20.157+0500] {logging_mixin.py:154} INFO - [2023-12-16T12:56:20.156+0500] {dagbag.py:536} INFO - Filling up the DagBag from /home/amina/miniconda/lib/python3.11/site-packages/airflow/example_dags/example_params_ui_tutorial.py
[2023-12-16T12:56:20.194+0500] {processor.py:839} INFO - DAG(s) dict_keys(['example_params_ui_tutorial']) retrieved from /home/amina/miniconda/lib/python3.11/site-packages/airflow/example_dags/example_params_ui_tutorial.py
[2023-12-16T12:56:20.248+0500] {logging_mixin.py:154} INFO - [2023-12-16T12:56:20.248+0500] {dag.py:2941} INFO - Sync 1 DAGs
[2023-12-16T12:56:20.260+0500] {logging_mixin.py:154} INFO - [2023-12-16T12:56:20.260+0500] {dag.py:3722} INFO - Setting next_dagrun for example_params_ui_tutorial to None, run_after=None
[2023-12-16T12:56:20.357+0500] {processor.py:179} INFO - Processing /home/amina/miniconda/lib/python3.11/site-packages/airflow/example_dags/example_params_ui_tutorial.py took 0.208 seconds
[2023-12-16T12:57:30.673+0500] {processor.py:157} INFO - Started process (PID=39217) to work on /home/amina/miniconda/lib/python3.11/site-packages/airflow/example_dags/example_params_ui_tutorial.py
[2023-12-16T12:57:30.675+0500] {processor.py:829} INFO - Processing file /home/amina/miniconda/lib/python3.11/site-packages/airflow/example_dags/example_params_ui_tutorial.py for tasks to queue
[2023-12-16T12:57:30.675+0500] {logging_mixin.py:154} INFO - [2023-12-16T12:57:30.675+0500] {dagbag.py:536} INFO - Filling up the DagBag from /home/amina/miniconda/lib/python3.11/site-packages/airflow/example_dags/example_params_ui_tutorial.py
[2023-12-16T12:57:30.711+0500] {processor.py:839} INFO - DAG(s) dict_keys(['example_params_ui_tutorial']) retrieved from /home/amina/miniconda/lib/python3.11/site-packages/airflow/example_dags/example_params_ui_tutorial.py
[2023-12-16T12:57:30.765+0500] {logging_mixin.py:154} INFO - [2023-12-16T12:57:30.765+0500] {dag.py:2941} INFO - Sync 1 DAGs
[2023-12-16T12:57:30.775+0500] {logging_mixin.py:154} INFO - [2023-12-16T12:57:30.775+0500] {dag.py:3722} INFO - Setting next_dagrun for example_params_ui_tutorial to None, run_after=None
[2023-12-16T12:57:30.891+0500] {processor.py:179} INFO - Processing /home/amina/miniconda/lib/python3.11/site-packages/airflow/example_dags/example_params_ui_tutorial.py took 0.221 seconds
[2023-12-16T12:58:48.330+0500] {processor.py:157} INFO - Started process (PID=39291) to work on /home/amina/miniconda/lib/python3.11/site-packages/airflow/example_dags/example_params_ui_tutorial.py
[2023-12-16T12:58:48.333+0500] {processor.py:829} INFO - Processing file /home/amina/miniconda/lib/python3.11/site-packages/airflow/example_dags/example_params_ui_tutorial.py for tasks to queue
[2023-12-16T12:58:48.334+0500] {logging_mixin.py:154} INFO - [2023-12-16T12:58:48.334+0500] {dagbag.py:536} INFO - Filling up the DagBag from /home/amina/miniconda/lib/python3.11/site-packages/airflow/example_dags/example_params_ui_tutorial.py
[2023-12-16T12:58:48.369+0500] {processor.py:839} INFO - DAG(s) dict_keys(['example_params_ui_tutorial']) retrieved from /home/amina/miniconda/lib/python3.11/site-packages/airflow/example_dags/example_params_ui_tutorial.py
[2023-12-16T12:58:48.421+0500] {logging_mixin.py:154} INFO - [2023-12-16T12:58:48.421+0500] {dag.py:2941} INFO - Sync 1 DAGs
[2023-12-16T12:58:48.434+0500] {logging_mixin.py:154} INFO - [2023-12-16T12:58:48.434+0500] {dag.py:3722} INFO - Setting next_dagrun for example_params_ui_tutorial to None, run_after=None
[2023-12-16T12:58:48.535+0500] {processor.py:179} INFO - Processing /home/amina/miniconda/lib/python3.11/site-packages/airflow/example_dags/example_params_ui_tutorial.py took 0.209 seconds
[2023-12-16T13:00:05.960+0500] {processor.py:157} INFO - Started process (PID=39378) to work on /home/amina/miniconda/lib/python3.11/site-packages/airflow/example_dags/example_params_ui_tutorial.py
[2023-12-16T13:00:06.000+0500] {processor.py:829} INFO - Processing file /home/amina/miniconda/lib/python3.11/site-packages/airflow/example_dags/example_params_ui_tutorial.py for tasks to queue
[2023-12-16T13:00:06.001+0500] {logging_mixin.py:154} INFO - [2023-12-16T13:00:06.001+0500] {dagbag.py:536} INFO - Filling up the DagBag from /home/amina/miniconda/lib/python3.11/site-packages/airflow/example_dags/example_params_ui_tutorial.py
[2023-12-16T13:00:06.041+0500] {processor.py:839} INFO - DAG(s) dict_keys(['example_params_ui_tutorial']) retrieved from /home/amina/miniconda/lib/python3.11/site-packages/airflow/example_dags/example_params_ui_tutorial.py
[2023-12-16T13:00:06.099+0500] {logging_mixin.py:154} INFO - [2023-12-16T13:00:06.099+0500] {dag.py:2941} INFO - Sync 1 DAGs
[2023-12-16T13:00:06.110+0500] {logging_mixin.py:154} INFO - [2023-12-16T13:00:06.110+0500] {dag.py:3722} INFO - Setting next_dagrun for example_params_ui_tutorial to None, run_after=None
[2023-12-16T13:00:06.233+0500] {processor.py:179} INFO - Processing /home/amina/miniconda/lib/python3.11/site-packages/airflow/example_dags/example_params_ui_tutorial.py took 0.277 seconds
[2023-12-16T13:01:19.104+0500] {processor.py:157} INFO - Started process (PID=39462) to work on /home/amina/miniconda/lib/python3.11/site-packages/airflow/example_dags/example_params_ui_tutorial.py
[2023-12-16T13:01:19.169+0500] {processor.py:829} INFO - Processing file /home/amina/miniconda/lib/python3.11/site-packages/airflow/example_dags/example_params_ui_tutorial.py for tasks to queue
[2023-12-16T13:01:19.170+0500] {logging_mixin.py:154} INFO - [2023-12-16T13:01:19.170+0500] {dagbag.py:536} INFO - Filling up the DagBag from /home/amina/miniconda/lib/python3.11/site-packages/airflow/example_dags/example_params_ui_tutorial.py
[2023-12-16T13:01:19.212+0500] {processor.py:839} INFO - DAG(s) dict_keys(['example_params_ui_tutorial']) retrieved from /home/amina/miniconda/lib/python3.11/site-packages/airflow/example_dags/example_params_ui_tutorial.py
[2023-12-16T13:01:19.295+0500] {logging_mixin.py:154} INFO - [2023-12-16T13:01:19.295+0500] {dag.py:2941} INFO - Sync 1 DAGs
[2023-12-16T13:01:19.313+0500] {logging_mixin.py:154} INFO - [2023-12-16T13:01:19.313+0500] {dag.py:3722} INFO - Setting next_dagrun for example_params_ui_tutorial to None, run_after=None
[2023-12-16T13:01:19.405+0500] {processor.py:179} INFO - Processing /home/amina/miniconda/lib/python3.11/site-packages/airflow/example_dags/example_params_ui_tutorial.py took 0.306 seconds
[2023-12-16T13:02:34.657+0500] {processor.py:157} INFO - Started process (PID=39556) to work on /home/amina/miniconda/lib/python3.11/site-packages/airflow/example_dags/example_params_ui_tutorial.py
[2023-12-16T13:02:34.703+0500] {processor.py:829} INFO - Processing file /home/amina/miniconda/lib/python3.11/site-packages/airflow/example_dags/example_params_ui_tutorial.py for tasks to queue
[2023-12-16T13:02:34.704+0500] {logging_mixin.py:154} INFO - [2023-12-16T13:02:34.704+0500] {dagbag.py:536} INFO - Filling up the DagBag from /home/amina/miniconda/lib/python3.11/site-packages/airflow/example_dags/example_params_ui_tutorial.py
[2023-12-16T13:02:34.734+0500] {processor.py:839} INFO - DAG(s) dict_keys(['example_params_ui_tutorial']) retrieved from /home/amina/miniconda/lib/python3.11/site-packages/airflow/example_dags/example_params_ui_tutorial.py
[2023-12-16T13:02:34.780+0500] {logging_mixin.py:154} INFO - [2023-12-16T13:02:34.780+0500] {dag.py:2941} INFO - Sync 1 DAGs
[2023-12-16T13:02:34.789+0500] {logging_mixin.py:154} INFO - [2023-12-16T13:02:34.789+0500] {dag.py:3722} INFO - Setting next_dagrun for example_params_ui_tutorial to None, run_after=None
[2023-12-16T13:02:34.878+0500] {processor.py:179} INFO - Processing /home/amina/miniconda/lib/python3.11/site-packages/airflow/example_dags/example_params_ui_tutorial.py took 0.224 seconds
[2023-12-16T13:03:53.705+0500] {processor.py:157} INFO - Started process (PID=39803) to work on /home/amina/miniconda/lib/python3.11/site-packages/airflow/example_dags/example_params_ui_tutorial.py
[2023-12-16T13:03:53.773+0500] {processor.py:829} INFO - Processing file /home/amina/miniconda/lib/python3.11/site-packages/airflow/example_dags/example_params_ui_tutorial.py for tasks to queue
[2023-12-16T13:03:53.774+0500] {logging_mixin.py:154} INFO - [2023-12-16T13:03:53.773+0500] {dagbag.py:536} INFO - Filling up the DagBag from /home/amina/miniconda/lib/python3.11/site-packages/airflow/example_dags/example_params_ui_tutorial.py
[2023-12-16T13:03:53.818+0500] {processor.py:839} INFO - DAG(s) dict_keys(['example_params_ui_tutorial']) retrieved from /home/amina/miniconda/lib/python3.11/site-packages/airflow/example_dags/example_params_ui_tutorial.py
[2023-12-16T13:03:53.878+0500] {logging_mixin.py:154} INFO - [2023-12-16T13:03:53.878+0500] {dag.py:2941} INFO - Sync 1 DAGs
[2023-12-16T13:03:53.888+0500] {logging_mixin.py:154} INFO - [2023-12-16T13:03:53.888+0500] {dag.py:3722} INFO - Setting next_dagrun for example_params_ui_tutorial to None, run_after=None
[2023-12-16T13:03:53.970+0500] {processor.py:179} INFO - Processing /home/amina/miniconda/lib/python3.11/site-packages/airflow/example_dags/example_params_ui_tutorial.py took 0.269 seconds
[2023-12-16T13:04:49.383+0500] {processor.py:157} INFO - Started process (PID=39954) to work on /home/amina/miniconda/lib/python3.11/site-packages/airflow/example_dags/example_params_ui_tutorial.py
[2023-12-16T13:04:49.397+0500] {processor.py:829} INFO - Processing file /home/amina/miniconda/lib/python3.11/site-packages/airflow/example_dags/example_params_ui_tutorial.py for tasks to queue
[2023-12-16T13:04:49.397+0500] {logging_mixin.py:154} INFO - [2023-12-16T13:04:49.397+0500] {dagbag.py:536} INFO - Filling up the DagBag from /home/amina/miniconda/lib/python3.11/site-packages/airflow/example_dags/example_params_ui_tutorial.py
[2023-12-16T13:04:49.440+0500] {processor.py:839} INFO - DAG(s) dict_keys(['example_params_ui_tutorial']) retrieved from /home/amina/miniconda/lib/python3.11/site-packages/airflow/example_dags/example_params_ui_tutorial.py
[2023-12-16T13:04:49.496+0500] {logging_mixin.py:154} INFO - [2023-12-16T13:04:49.496+0500] {dag.py:2941} INFO - Sync 1 DAGs
[2023-12-16T13:04:49.507+0500] {logging_mixin.py:154} INFO - [2023-12-16T13:04:49.507+0500] {dag.py:3722} INFO - Setting next_dagrun for example_params_ui_tutorial to None, run_after=None
[2023-12-16T13:04:49.593+0500] {processor.py:179} INFO - Processing /home/amina/miniconda/lib/python3.11/site-packages/airflow/example_dags/example_params_ui_tutorial.py took 0.214 seconds
[2023-12-16T13:06:05.817+0500] {processor.py:157} INFO - Started process (PID=40041) to work on /home/amina/miniconda/lib/python3.11/site-packages/airflow/example_dags/example_params_ui_tutorial.py
[2023-12-16T13:06:05.845+0500] {processor.py:829} INFO - Processing file /home/amina/miniconda/lib/python3.11/site-packages/airflow/example_dags/example_params_ui_tutorial.py for tasks to queue
[2023-12-16T13:06:05.846+0500] {logging_mixin.py:154} INFO - [2023-12-16T13:06:05.845+0500] {dagbag.py:536} INFO - Filling up the DagBag from /home/amina/miniconda/lib/python3.11/site-packages/airflow/example_dags/example_params_ui_tutorial.py
[2023-12-16T13:06:05.876+0500] {processor.py:839} INFO - DAG(s) dict_keys(['example_params_ui_tutorial']) retrieved from /home/amina/miniconda/lib/python3.11/site-packages/airflow/example_dags/example_params_ui_tutorial.py
[2023-12-16T13:06:05.920+0500] {logging_mixin.py:154} INFO - [2023-12-16T13:06:05.919+0500] {dag.py:2941} INFO - Sync 1 DAGs
[2023-12-16T13:06:05.929+0500] {logging_mixin.py:154} INFO - [2023-12-16T13:06:05.929+0500] {dag.py:3722} INFO - Setting next_dagrun for example_params_ui_tutorial to None, run_after=None
[2023-12-16T13:06:06.021+0500] {processor.py:179} INFO - Processing /home/amina/miniconda/lib/python3.11/site-packages/airflow/example_dags/example_params_ui_tutorial.py took 0.207 seconds
[2023-12-16T13:07:19.193+0500] {processor.py:157} INFO - Started process (PID=40117) to work on /home/amina/miniconda/lib/python3.11/site-packages/airflow/example_dags/example_params_ui_tutorial.py
[2023-12-16T13:07:19.205+0500] {processor.py:829} INFO - Processing file /home/amina/miniconda/lib/python3.11/site-packages/airflow/example_dags/example_params_ui_tutorial.py for tasks to queue
[2023-12-16T13:07:19.206+0500] {logging_mixin.py:154} INFO - [2023-12-16T13:07:19.205+0500] {dagbag.py:536} INFO - Filling up the DagBag from /home/amina/miniconda/lib/python3.11/site-packages/airflow/example_dags/example_params_ui_tutorial.py
[2023-12-16T13:07:19.235+0500] {processor.py:839} INFO - DAG(s) dict_keys(['example_params_ui_tutorial']) retrieved from /home/amina/miniconda/lib/python3.11/site-packages/airflow/example_dags/example_params_ui_tutorial.py
[2023-12-16T13:07:19.279+0500] {logging_mixin.py:154} INFO - [2023-12-16T13:07:19.278+0500] {dag.py:2941} INFO - Sync 1 DAGs
[2023-12-16T13:07:19.287+0500] {logging_mixin.py:154} INFO - [2023-12-16T13:07:19.287+0500] {dag.py:3722} INFO - Setting next_dagrun for example_params_ui_tutorial to None, run_after=None
[2023-12-16T13:07:19.392+0500] {processor.py:179} INFO - Processing /home/amina/miniconda/lib/python3.11/site-packages/airflow/example_dags/example_params_ui_tutorial.py took 0.202 seconds
