[2023-12-16T12:23:22.413+0500] {processor.py:157} INFO - Started process (PID=21031) to work on /home/amina/miniconda/lib/python3.11/site-packages/airflow/example_dags/example_dag_decorator.py
[2023-12-16T12:23:22.414+0500] {processor.py:829} INFO - Processing file /home/amina/miniconda/lib/python3.11/site-packages/airflow/example_dags/example_dag_decorator.py for tasks to queue
[2023-12-16T12:23:22.415+0500] {logging_mixin.py:154} INFO - [2023-12-16T12:23:22.415+0500] {dagbag.py:536} INFO - Filling up the DagBag from /home/amina/miniconda/lib/python3.11/site-packages/airflow/example_dags/example_dag_decorator.py
[2023-12-16T12:23:22.428+0500] {processor.py:839} INFO - DAG(s) dict_keys(['example_dag_decorator']) retrieved from /home/amina/miniconda/lib/python3.11/site-packages/airflow/example_dags/example_dag_decorator.py
[2023-12-16T12:23:22.532+0500] {logging_mixin.py:154} INFO - [2023-12-16T12:23:22.532+0500] {dag.py:2941} INFO - Sync 1 DAGs
[2023-12-16T12:23:22.541+0500] {logging_mixin.py:154} INFO - [2023-12-16T12:23:22.540+0500] {dag.py:3722} INFO - Setting next_dagrun for example_dag_decorator to None, run_after=None
[2023-12-16T12:23:22.730+0500] {processor.py:179} INFO - Processing /home/amina/miniconda/lib/python3.11/site-packages/airflow/example_dags/example_dag_decorator.py took 0.319 seconds
[2023-12-16T12:24:21.399+0500] {processor.py:157} INFO - Started process (PID=22488) to work on /home/amina/miniconda/lib/python3.11/site-packages/airflow/example_dags/example_dag_decorator.py
[2023-12-16T12:24:21.432+0500] {processor.py:829} INFO - Processing file /home/amina/miniconda/lib/python3.11/site-packages/airflow/example_dags/example_dag_decorator.py for tasks to queue
[2023-12-16T12:24:21.433+0500] {logging_mixin.py:154} INFO - [2023-12-16T12:24:21.433+0500] {dagbag.py:536} INFO - Filling up the DagBag from /home/amina/miniconda/lib/python3.11/site-packages/airflow/example_dags/example_dag_decorator.py
[2023-12-16T12:24:21.444+0500] {processor.py:839} INFO - DAG(s) dict_keys(['example_dag_decorator']) retrieved from /home/amina/miniconda/lib/python3.11/site-packages/airflow/example_dags/example_dag_decorator.py
[2023-12-16T12:24:21.535+0500] {logging_mixin.py:154} INFO - [2023-12-16T12:24:21.535+0500] {dag.py:2941} INFO - Sync 1 DAGs
[2023-12-16T12:24:21.544+0500] {logging_mixin.py:154} INFO - [2023-12-16T12:24:21.543+0500] {dag.py:3722} INFO - Setting next_dagrun for example_dag_decorator to None, run_after=None
[2023-12-16T12:24:21.952+0500] {processor.py:179} INFO - Processing /home/amina/miniconda/lib/python3.11/site-packages/airflow/example_dags/example_dag_decorator.py took 0.556 seconds
[2023-12-16T12:25:53.224+0500] {processor.py:157} INFO - Started process (PID=24233) to work on /home/amina/miniconda/lib/python3.11/site-packages/airflow/example_dags/example_dag_decorator.py
[2023-12-16T12:25:53.260+0500] {processor.py:829} INFO - Processing file /home/amina/miniconda/lib/python3.11/site-packages/airflow/example_dags/example_dag_decorator.py for tasks to queue
[2023-12-16T12:25:53.261+0500] {logging_mixin.py:154} INFO - [2023-12-16T12:25:53.260+0500] {dagbag.py:536} INFO - Filling up the DagBag from /home/amina/miniconda/lib/python3.11/site-packages/airflow/example_dags/example_dag_decorator.py
[2023-12-16T12:25:53.277+0500] {processor.py:839} INFO - DAG(s) dict_keys(['example_dag_decorator']) retrieved from /home/amina/miniconda/lib/python3.11/site-packages/airflow/example_dags/example_dag_decorator.py
[2023-12-16T12:25:53.444+0500] {logging_mixin.py:154} INFO - [2023-12-16T12:25:53.444+0500] {dag.py:2941} INFO - Sync 1 DAGs
[2023-12-16T12:25:53.457+0500] {logging_mixin.py:154} INFO - [2023-12-16T12:25:53.457+0500] {dag.py:3722} INFO - Setting next_dagrun for example_dag_decorator to None, run_after=None
[2023-12-16T12:25:53.776+0500] {processor.py:179} INFO - Processing /home/amina/miniconda/lib/python3.11/site-packages/airflow/example_dags/example_dag_decorator.py took 0.556 seconds
[2023-12-16T12:27:11.154+0500] {processor.py:157} INFO - Started process (PID=25612) to work on /home/amina/miniconda/lib/python3.11/site-packages/airflow/example_dags/example_dag_decorator.py
[2023-12-16T12:27:11.188+0500] {processor.py:829} INFO - Processing file /home/amina/miniconda/lib/python3.11/site-packages/airflow/example_dags/example_dag_decorator.py for tasks to queue
[2023-12-16T12:27:11.189+0500] {logging_mixin.py:154} INFO - [2023-12-16T12:27:11.189+0500] {dagbag.py:536} INFO - Filling up the DagBag from /home/amina/miniconda/lib/python3.11/site-packages/airflow/example_dags/example_dag_decorator.py
[2023-12-16T12:27:11.202+0500] {processor.py:839} INFO - DAG(s) dict_keys(['example_dag_decorator']) retrieved from /home/amina/miniconda/lib/python3.11/site-packages/airflow/example_dags/example_dag_decorator.py
[2023-12-16T12:27:11.290+0500] {logging_mixin.py:154} INFO - [2023-12-16T12:27:11.290+0500] {dag.py:2941} INFO - Sync 1 DAGs
[2023-12-16T12:27:11.306+0500] {logging_mixin.py:154} INFO - [2023-12-16T12:27:11.306+0500] {dag.py:3722} INFO - Setting next_dagrun for example_dag_decorator to None, run_after=None
[2023-12-16T12:27:12.158+0500] {processor.py:179} INFO - Processing /home/amina/miniconda/lib/python3.11/site-packages/airflow/example_dags/example_dag_decorator.py took 1.007 seconds
[2023-12-16T12:30:32.776+0500] {processor.py:157} INFO - Started process (PID=29646) to work on /home/amina/miniconda/lib/python3.11/site-packages/airflow/example_dags/example_dag_decorator.py
[2023-12-16T12:30:32.811+0500] {processor.py:829} INFO - Processing file /home/amina/miniconda/lib/python3.11/site-packages/airflow/example_dags/example_dag_decorator.py for tasks to queue
[2023-12-16T12:30:32.812+0500] {logging_mixin.py:154} INFO - [2023-12-16T12:30:32.811+0500] {dagbag.py:536} INFO - Filling up the DagBag from /home/amina/miniconda/lib/python3.11/site-packages/airflow/example_dags/example_dag_decorator.py
[2023-12-16T12:30:32.822+0500] {processor.py:839} INFO - DAG(s) dict_keys(['example_dag_decorator']) retrieved from /home/amina/miniconda/lib/python3.11/site-packages/airflow/example_dags/example_dag_decorator.py
[2023-12-16T12:30:32.910+0500] {logging_mixin.py:154} INFO - [2023-12-16T12:30:32.909+0500] {dag.py:2941} INFO - Sync 1 DAGs
[2023-12-16T12:30:32.919+0500] {logging_mixin.py:154} INFO - [2023-12-16T12:30:32.919+0500] {dag.py:3722} INFO - Setting next_dagrun for example_dag_decorator to None, run_after=None
[2023-12-16T12:30:33.031+0500] {processor.py:179} INFO - Processing /home/amina/miniconda/lib/python3.11/site-packages/airflow/example_dags/example_dag_decorator.py took 0.258 seconds
[2023-12-16T12:31:35.120+0500] {processor.py:157} INFO - Started process (PID=31461) to work on /home/amina/miniconda/lib/python3.11/site-packages/airflow/example_dags/example_dag_decorator.py
[2023-12-16T12:31:35.142+0500] {processor.py:829} INFO - Processing file /home/amina/miniconda/lib/python3.11/site-packages/airflow/example_dags/example_dag_decorator.py for tasks to queue
[2023-12-16T12:31:35.142+0500] {logging_mixin.py:154} INFO - [2023-12-16T12:31:35.142+0500] {dagbag.py:536} INFO - Filling up the DagBag from /home/amina/miniconda/lib/python3.11/site-packages/airflow/example_dags/example_dag_decorator.py
[2023-12-16T12:31:35.152+0500] {processor.py:839} INFO - DAG(s) dict_keys(['example_dag_decorator']) retrieved from /home/amina/miniconda/lib/python3.11/site-packages/airflow/example_dags/example_dag_decorator.py
[2023-12-16T12:31:35.247+0500] {logging_mixin.py:154} INFO - [2023-12-16T12:31:35.247+0500] {dag.py:2941} INFO - Sync 1 DAGs
[2023-12-16T12:31:35.255+0500] {logging_mixin.py:154} INFO - [2023-12-16T12:31:35.255+0500] {dag.py:3722} INFO - Setting next_dagrun for example_dag_decorator to None, run_after=None
[2023-12-16T12:31:35.426+0500] {processor.py:179} INFO - Processing /home/amina/miniconda/lib/python3.11/site-packages/airflow/example_dags/example_dag_decorator.py took 0.309 seconds
[2023-12-16T12:32:35.629+0500] {processor.py:157} INFO - Started process (PID=32866) to work on /home/amina/miniconda/lib/python3.11/site-packages/airflow/example_dags/example_dag_decorator.py
[2023-12-16T12:32:35.683+0500] {processor.py:829} INFO - Processing file /home/amina/miniconda/lib/python3.11/site-packages/airflow/example_dags/example_dag_decorator.py for tasks to queue
[2023-12-16T12:32:35.685+0500] {logging_mixin.py:154} INFO - [2023-12-16T12:32:35.684+0500] {dagbag.py:536} INFO - Filling up the DagBag from /home/amina/miniconda/lib/python3.11/site-packages/airflow/example_dags/example_dag_decorator.py
[2023-12-16T12:32:35.699+0500] {processor.py:839} INFO - DAG(s) dict_keys(['example_dag_decorator']) retrieved from /home/amina/miniconda/lib/python3.11/site-packages/airflow/example_dags/example_dag_decorator.py
[2023-12-16T12:32:35.856+0500] {logging_mixin.py:154} INFO - [2023-12-16T12:32:35.856+0500] {dag.py:2941} INFO - Sync 1 DAGs
[2023-12-16T12:32:35.875+0500] {logging_mixin.py:154} INFO - [2023-12-16T12:32:35.875+0500] {dag.py:3722} INFO - Setting next_dagrun for example_dag_decorator to None, run_after=None
[2023-12-16T12:32:36.009+0500] {processor.py:179} INFO - Processing /home/amina/miniconda/lib/python3.11/site-packages/airflow/example_dags/example_dag_decorator.py took 0.383 seconds
[2023-12-16T12:33:36.821+0500] {processor.py:157} INFO - Started process (PID=33989) to work on /home/amina/miniconda/lib/python3.11/site-packages/airflow/example_dags/example_dag_decorator.py
[2023-12-16T12:33:36.845+0500] {processor.py:829} INFO - Processing file /home/amina/miniconda/lib/python3.11/site-packages/airflow/example_dags/example_dag_decorator.py for tasks to queue
[2023-12-16T12:33:36.846+0500] {logging_mixin.py:154} INFO - [2023-12-16T12:33:36.845+0500] {dagbag.py:536} INFO - Filling up the DagBag from /home/amina/miniconda/lib/python3.11/site-packages/airflow/example_dags/example_dag_decorator.py
[2023-12-16T12:33:36.860+0500] {processor.py:839} INFO - DAG(s) dict_keys(['example_dag_decorator']) retrieved from /home/amina/miniconda/lib/python3.11/site-packages/airflow/example_dags/example_dag_decorator.py
[2023-12-16T12:33:36.964+0500] {logging_mixin.py:154} INFO - [2023-12-16T12:33:36.964+0500] {dag.py:2941} INFO - Sync 1 DAGs
[2023-12-16T12:33:36.974+0500] {logging_mixin.py:154} INFO - [2023-12-16T12:33:36.974+0500] {dag.py:3722} INFO - Setting next_dagrun for example_dag_decorator to None, run_after=None
[2023-12-16T12:33:37.132+0500] {processor.py:179} INFO - Processing /home/amina/miniconda/lib/python3.11/site-packages/airflow/example_dags/example_dag_decorator.py took 0.316 seconds
[2023-12-16T12:34:32.376+0500] {processor.py:157} INFO - Started process (PID=35757) to work on /home/amina/miniconda/lib/python3.11/site-packages/airflow/example_dags/example_dag_decorator.py
[2023-12-16T12:34:32.386+0500] {processor.py:829} INFO - Processing file /home/amina/miniconda/lib/python3.11/site-packages/airflow/example_dags/example_dag_decorator.py for tasks to queue
[2023-12-16T12:34:32.386+0500] {logging_mixin.py:154} INFO - [2023-12-16T12:34:32.386+0500] {dagbag.py:536} INFO - Filling up the DagBag from /home/amina/miniconda/lib/python3.11/site-packages/airflow/example_dags/example_dag_decorator.py
[2023-12-16T12:34:32.397+0500] {processor.py:839} INFO - DAG(s) dict_keys(['example_dag_decorator']) retrieved from /home/amina/miniconda/lib/python3.11/site-packages/airflow/example_dags/example_dag_decorator.py
[2023-12-16T12:34:32.507+0500] {logging_mixin.py:154} INFO - [2023-12-16T12:34:32.506+0500] {dag.py:2941} INFO - Sync 1 DAGs
[2023-12-16T12:34:32.516+0500] {logging_mixin.py:154} INFO - [2023-12-16T12:34:32.516+0500] {dag.py:3722} INFO - Setting next_dagrun for example_dag_decorator to None, run_after=None
[2023-12-16T12:34:32.644+0500] {processor.py:179} INFO - Processing /home/amina/miniconda/lib/python3.11/site-packages/airflow/example_dags/example_dag_decorator.py took 0.271 seconds
[2023-12-16T12:35:28.237+0500] {processor.py:157} INFO - Started process (PID=36349) to work on /home/amina/miniconda/lib/python3.11/site-packages/airflow/example_dags/example_dag_decorator.py
[2023-12-16T12:35:28.282+0500] {processor.py:829} INFO - Processing file /home/amina/miniconda/lib/python3.11/site-packages/airflow/example_dags/example_dag_decorator.py for tasks to queue
[2023-12-16T12:35:28.283+0500] {logging_mixin.py:154} INFO - [2023-12-16T12:35:28.283+0500] {dagbag.py:536} INFO - Filling up the DagBag from /home/amina/miniconda/lib/python3.11/site-packages/airflow/example_dags/example_dag_decorator.py
[2023-12-16T12:35:28.294+0500] {processor.py:839} INFO - DAG(s) dict_keys(['example_dag_decorator']) retrieved from /home/amina/miniconda/lib/python3.11/site-packages/airflow/example_dags/example_dag_decorator.py
[2023-12-16T12:35:28.385+0500] {logging_mixin.py:154} INFO - [2023-12-16T12:35:28.385+0500] {dag.py:2941} INFO - Sync 1 DAGs
[2023-12-16T12:35:28.393+0500] {logging_mixin.py:154} INFO - [2023-12-16T12:35:28.393+0500] {dag.py:3722} INFO - Setting next_dagrun for example_dag_decorator to None, run_after=None
[2023-12-16T12:35:28.490+0500] {processor.py:179} INFO - Processing /home/amina/miniconda/lib/python3.11/site-packages/airflow/example_dags/example_dag_decorator.py took 0.256 seconds
[2023-12-16T12:36:23.599+0500] {processor.py:157} INFO - Started process (PID=36410) to work on /home/amina/miniconda/lib/python3.11/site-packages/airflow/example_dags/example_dag_decorator.py
[2023-12-16T12:36:23.619+0500] {processor.py:829} INFO - Processing file /home/amina/miniconda/lib/python3.11/site-packages/airflow/example_dags/example_dag_decorator.py for tasks to queue
[2023-12-16T12:36:23.620+0500] {logging_mixin.py:154} INFO - [2023-12-16T12:36:23.620+0500] {dagbag.py:536} INFO - Filling up the DagBag from /home/amina/miniconda/lib/python3.11/site-packages/airflow/example_dags/example_dag_decorator.py
[2023-12-16T12:36:23.630+0500] {processor.py:839} INFO - DAG(s) dict_keys(['example_dag_decorator']) retrieved from /home/amina/miniconda/lib/python3.11/site-packages/airflow/example_dags/example_dag_decorator.py
[2023-12-16T12:36:23.720+0500] {logging_mixin.py:154} INFO - [2023-12-16T12:36:23.720+0500] {dag.py:2941} INFO - Sync 1 DAGs
[2023-12-16T12:36:23.728+0500] {logging_mixin.py:154} INFO - [2023-12-16T12:36:23.728+0500] {dag.py:3722} INFO - Setting next_dagrun for example_dag_decorator to None, run_after=None
[2023-12-16T12:36:23.830+0500] {processor.py:179} INFO - Processing /home/amina/miniconda/lib/python3.11/site-packages/airflow/example_dags/example_dag_decorator.py took 0.234 seconds
[2023-12-16T12:37:19.914+0500] {processor.py:157} INFO - Started process (PID=36711) to work on /home/amina/miniconda/lib/python3.11/site-packages/airflow/example_dags/example_dag_decorator.py
[2023-12-16T12:37:19.927+0500] {processor.py:829} INFO - Processing file /home/amina/miniconda/lib/python3.11/site-packages/airflow/example_dags/example_dag_decorator.py for tasks to queue
[2023-12-16T12:37:19.928+0500] {logging_mixin.py:154} INFO - [2023-12-16T12:37:19.927+0500] {dagbag.py:536} INFO - Filling up the DagBag from /home/amina/miniconda/lib/python3.11/site-packages/airflow/example_dags/example_dag_decorator.py
[2023-12-16T12:37:19.938+0500] {processor.py:839} INFO - DAG(s) dict_keys(['example_dag_decorator']) retrieved from /home/amina/miniconda/lib/python3.11/site-packages/airflow/example_dags/example_dag_decorator.py
[2023-12-16T12:37:20.021+0500] {logging_mixin.py:154} INFO - [2023-12-16T12:37:20.021+0500] {dag.py:2941} INFO - Sync 1 DAGs
[2023-12-16T12:37:20.029+0500] {logging_mixin.py:154} INFO - [2023-12-16T12:37:20.028+0500] {dag.py:3722} INFO - Setting next_dagrun for example_dag_decorator to None, run_after=None
[2023-12-16T12:37:20.127+0500] {processor.py:179} INFO - Processing /home/amina/miniconda/lib/python3.11/site-packages/airflow/example_dags/example_dag_decorator.py took 0.216 seconds
[2023-12-16T12:38:35.603+0500] {processor.py:157} INFO - Started process (PID=36779) to work on /home/amina/miniconda/lib/python3.11/site-packages/airflow/example_dags/example_dag_decorator.py
[2023-12-16T12:38:35.682+0500] {processor.py:829} INFO - Processing file /home/amina/miniconda/lib/python3.11/site-packages/airflow/example_dags/example_dag_decorator.py for tasks to queue
[2023-12-16T12:38:35.683+0500] {logging_mixin.py:154} INFO - [2023-12-16T12:38:35.682+0500] {dagbag.py:536} INFO - Filling up the DagBag from /home/amina/miniconda/lib/python3.11/site-packages/airflow/example_dags/example_dag_decorator.py
[2023-12-16T12:38:35.692+0500] {processor.py:839} INFO - DAG(s) dict_keys(['example_dag_decorator']) retrieved from /home/amina/miniconda/lib/python3.11/site-packages/airflow/example_dags/example_dag_decorator.py
[2023-12-16T12:38:35.775+0500] {logging_mixin.py:154} INFO - [2023-12-16T12:38:35.775+0500] {dag.py:2941} INFO - Sync 1 DAGs
[2023-12-16T12:38:35.784+0500] {logging_mixin.py:154} INFO - [2023-12-16T12:38:35.784+0500] {dag.py:3722} INFO - Setting next_dagrun for example_dag_decorator to None, run_after=None
[2023-12-16T12:38:35.882+0500] {processor.py:179} INFO - Processing /home/amina/miniconda/lib/python3.11/site-packages/airflow/example_dags/example_dag_decorator.py took 0.282 seconds
[2023-12-16T12:39:46.979+0500] {processor.py:157} INFO - Started process (PID=36857) to work on /home/amina/miniconda/lib/python3.11/site-packages/airflow/example_dags/example_dag_decorator.py
[2023-12-16T12:39:47.005+0500] {processor.py:829} INFO - Processing file /home/amina/miniconda/lib/python3.11/site-packages/airflow/example_dags/example_dag_decorator.py for tasks to queue
[2023-12-16T12:39:47.006+0500] {logging_mixin.py:154} INFO - [2023-12-16T12:39:47.005+0500] {dagbag.py:536} INFO - Filling up the DagBag from /home/amina/miniconda/lib/python3.11/site-packages/airflow/example_dags/example_dag_decorator.py
[2023-12-16T12:39:47.015+0500] {processor.py:839} INFO - DAG(s) dict_keys(['example_dag_decorator']) retrieved from /home/amina/miniconda/lib/python3.11/site-packages/airflow/example_dags/example_dag_decorator.py
[2023-12-16T12:39:47.099+0500] {logging_mixin.py:154} INFO - [2023-12-16T12:39:47.098+0500] {dag.py:2941} INFO - Sync 1 DAGs
[2023-12-16T12:39:47.107+0500] {logging_mixin.py:154} INFO - [2023-12-16T12:39:47.107+0500] {dag.py:3722} INFO - Setting next_dagrun for example_dag_decorator to None, run_after=None
[2023-12-16T12:39:47.227+0500] {processor.py:179} INFO - Processing /home/amina/miniconda/lib/python3.11/site-packages/airflow/example_dags/example_dag_decorator.py took 0.250 seconds
[2023-12-16T12:41:04.948+0500] {processor.py:157} INFO - Started process (PID=37035) to work on /home/amina/miniconda/lib/python3.11/site-packages/airflow/example_dags/example_dag_decorator.py
[2023-12-16T12:41:04.992+0500] {processor.py:829} INFO - Processing file /home/amina/miniconda/lib/python3.11/site-packages/airflow/example_dags/example_dag_decorator.py for tasks to queue
[2023-12-16T12:41:04.993+0500] {logging_mixin.py:154} INFO - [2023-12-16T12:41:04.993+0500] {dagbag.py:536} INFO - Filling up the DagBag from /home/amina/miniconda/lib/python3.11/site-packages/airflow/example_dags/example_dag_decorator.py
[2023-12-16T12:41:05.003+0500] {processor.py:839} INFO - DAG(s) dict_keys(['example_dag_decorator']) retrieved from /home/amina/miniconda/lib/python3.11/site-packages/airflow/example_dags/example_dag_decorator.py
[2023-12-16T12:41:05.094+0500] {logging_mixin.py:154} INFO - [2023-12-16T12:41:05.094+0500] {dag.py:2941} INFO - Sync 1 DAGs
[2023-12-16T12:41:05.102+0500] {logging_mixin.py:154} INFO - [2023-12-16T12:41:05.102+0500] {dag.py:3722} INFO - Setting next_dagrun for example_dag_decorator to None, run_after=None
[2023-12-16T12:41:05.203+0500] {processor.py:179} INFO - Processing /home/amina/miniconda/lib/python3.11/site-packages/airflow/example_dags/example_dag_decorator.py took 0.257 seconds
[2023-12-16T12:41:59.487+0500] {processor.py:157} INFO - Started process (PID=37100) to work on /home/amina/miniconda/lib/python3.11/site-packages/airflow/example_dags/example_dag_decorator.py
[2023-12-16T12:41:59.544+0500] {processor.py:829} INFO - Processing file /home/amina/miniconda/lib/python3.11/site-packages/airflow/example_dags/example_dag_decorator.py for tasks to queue
[2023-12-16T12:41:59.545+0500] {logging_mixin.py:154} INFO - [2023-12-16T12:41:59.544+0500] {dagbag.py:536} INFO - Filling up the DagBag from /home/amina/miniconda/lib/python3.11/site-packages/airflow/example_dags/example_dag_decorator.py
[2023-12-16T12:41:59.558+0500] {processor.py:839} INFO - DAG(s) dict_keys(['example_dag_decorator']) retrieved from /home/amina/miniconda/lib/python3.11/site-packages/airflow/example_dags/example_dag_decorator.py
[2023-12-16T12:41:59.663+0500] {logging_mixin.py:154} INFO - [2023-12-16T12:41:59.663+0500] {dag.py:2941} INFO - Sync 1 DAGs
[2023-12-16T12:41:59.672+0500] {logging_mixin.py:154} INFO - [2023-12-16T12:41:59.671+0500] {dag.py:3722} INFO - Setting next_dagrun for example_dag_decorator to None, run_after=None
[2023-12-16T12:41:59.990+0500] {processor.py:179} INFO - Processing /home/amina/miniconda/lib/python3.11/site-packages/airflow/example_dags/example_dag_decorator.py took 0.508 seconds
[2023-12-16T12:43:44.464+0500] {processor.py:157} INFO - Started process (PID=37230) to work on /home/amina/miniconda/lib/python3.11/site-packages/airflow/example_dags/example_dag_decorator.py
[2023-12-16T12:43:44.520+0500] {processor.py:829} INFO - Processing file /home/amina/miniconda/lib/python3.11/site-packages/airflow/example_dags/example_dag_decorator.py for tasks to queue
[2023-12-16T12:43:44.520+0500] {logging_mixin.py:154} INFO - [2023-12-16T12:43:44.520+0500] {dagbag.py:536} INFO - Filling up the DagBag from /home/amina/miniconda/lib/python3.11/site-packages/airflow/example_dags/example_dag_decorator.py
[2023-12-16T12:43:44.530+0500] {processor.py:839} INFO - DAG(s) dict_keys(['example_dag_decorator']) retrieved from /home/amina/miniconda/lib/python3.11/site-packages/airflow/example_dags/example_dag_decorator.py
[2023-12-16T12:43:44.613+0500] {logging_mixin.py:154} INFO - [2023-12-16T12:43:44.613+0500] {dag.py:2941} INFO - Sync 1 DAGs
[2023-12-16T12:43:44.622+0500] {logging_mixin.py:154} INFO - [2023-12-16T12:43:44.622+0500] {dag.py:3722} INFO - Setting next_dagrun for example_dag_decorator to None, run_after=None
[2023-12-16T12:43:44.903+0500] {processor.py:179} INFO - Processing /home/amina/miniconda/lib/python3.11/site-packages/airflow/example_dags/example_dag_decorator.py took 0.442 seconds
[2023-12-16T12:44:37.943+0500] {processor.py:157} INFO - Started process (PID=37297) to work on /home/amina/miniconda/lib/python3.11/site-packages/airflow/example_dags/example_dag_decorator.py
[2023-12-16T12:44:37.994+0500] {processor.py:829} INFO - Processing file /home/amina/miniconda/lib/python3.11/site-packages/airflow/example_dags/example_dag_decorator.py for tasks to queue
[2023-12-16T12:44:37.995+0500] {logging_mixin.py:154} INFO - [2023-12-16T12:44:37.994+0500] {dagbag.py:536} INFO - Filling up the DagBag from /home/amina/miniconda/lib/python3.11/site-packages/airflow/example_dags/example_dag_decorator.py
[2023-12-16T12:44:38.005+0500] {processor.py:839} INFO - DAG(s) dict_keys(['example_dag_decorator']) retrieved from /home/amina/miniconda/lib/python3.11/site-packages/airflow/example_dags/example_dag_decorator.py
[2023-12-16T12:44:38.091+0500] {logging_mixin.py:154} INFO - [2023-12-16T12:44:38.091+0500] {dag.py:2941} INFO - Sync 1 DAGs
[2023-12-16T12:44:38.099+0500] {logging_mixin.py:154} INFO - [2023-12-16T12:44:38.099+0500] {dag.py:3722} INFO - Setting next_dagrun for example_dag_decorator to None, run_after=None
[2023-12-16T12:44:38.210+0500] {processor.py:179} INFO - Processing /home/amina/miniconda/lib/python3.11/site-packages/airflow/example_dags/example_dag_decorator.py took 0.271 seconds
[2023-12-16T12:45:48.330+0500] {processor.py:157} INFO - Started process (PID=37407) to work on /home/amina/miniconda/lib/python3.11/site-packages/airflow/example_dags/example_dag_decorator.py
[2023-12-16T12:45:48.348+0500] {processor.py:829} INFO - Processing file /home/amina/miniconda/lib/python3.11/site-packages/airflow/example_dags/example_dag_decorator.py for tasks to queue
[2023-12-16T12:45:48.349+0500] {logging_mixin.py:154} INFO - [2023-12-16T12:45:48.349+0500] {dagbag.py:536} INFO - Filling up the DagBag from /home/amina/miniconda/lib/python3.11/site-packages/airflow/example_dags/example_dag_decorator.py
[2023-12-16T12:45:48.359+0500] {processor.py:839} INFO - DAG(s) dict_keys(['example_dag_decorator']) retrieved from /home/amina/miniconda/lib/python3.11/site-packages/airflow/example_dags/example_dag_decorator.py
[2023-12-16T12:45:48.441+0500] {logging_mixin.py:154} INFO - [2023-12-16T12:45:48.441+0500] {dag.py:2941} INFO - Sync 1 DAGs
[2023-12-16T12:45:48.449+0500] {logging_mixin.py:154} INFO - [2023-12-16T12:45:48.449+0500] {dag.py:3722} INFO - Setting next_dagrun for example_dag_decorator to None, run_after=None
[2023-12-16T12:45:48.588+0500] {processor.py:179} INFO - Processing /home/amina/miniconda/lib/python3.11/site-packages/airflow/example_dags/example_dag_decorator.py took 0.261 seconds
[2023-12-16T12:47:03.573+0500] {processor.py:157} INFO - Started process (PID=37483) to work on /home/amina/miniconda/lib/python3.11/site-packages/airflow/example_dags/example_dag_decorator.py
[2023-12-16T12:47:03.605+0500] {processor.py:829} INFO - Processing file /home/amina/miniconda/lib/python3.11/site-packages/airflow/example_dags/example_dag_decorator.py for tasks to queue
[2023-12-16T12:47:03.606+0500] {logging_mixin.py:154} INFO - [2023-12-16T12:47:03.606+0500] {dagbag.py:536} INFO - Filling up the DagBag from /home/amina/miniconda/lib/python3.11/site-packages/airflow/example_dags/example_dag_decorator.py
[2023-12-16T12:47:03.620+0500] {processor.py:839} INFO - DAG(s) dict_keys(['example_dag_decorator']) retrieved from /home/amina/miniconda/lib/python3.11/site-packages/airflow/example_dags/example_dag_decorator.py
[2023-12-16T12:47:03.727+0500] {logging_mixin.py:154} INFO - [2023-12-16T12:47:03.726+0500] {dag.py:2941} INFO - Sync 1 DAGs
[2023-12-16T12:47:03.737+0500] {logging_mixin.py:154} INFO - [2023-12-16T12:47:03.737+0500] {dag.py:3722} INFO - Setting next_dagrun for example_dag_decorator to None, run_after=None
[2023-12-16T12:47:03.853+0500] {processor.py:179} INFO - Processing /home/amina/miniconda/lib/python3.11/site-packages/airflow/example_dags/example_dag_decorator.py took 0.283 seconds
[2023-12-16T12:48:20.418+0500] {processor.py:157} INFO - Started process (PID=37573) to work on /home/amina/miniconda/lib/python3.11/site-packages/airflow/example_dags/example_dag_decorator.py
[2023-12-16T12:48:20.472+0500] {processor.py:829} INFO - Processing file /home/amina/miniconda/lib/python3.11/site-packages/airflow/example_dags/example_dag_decorator.py for tasks to queue
[2023-12-16T12:48:20.473+0500] {logging_mixin.py:154} INFO - [2023-12-16T12:48:20.472+0500] {dagbag.py:536} INFO - Filling up the DagBag from /home/amina/miniconda/lib/python3.11/site-packages/airflow/example_dags/example_dag_decorator.py
[2023-12-16T12:48:20.483+0500] {processor.py:839} INFO - DAG(s) dict_keys(['example_dag_decorator']) retrieved from /home/amina/miniconda/lib/python3.11/site-packages/airflow/example_dags/example_dag_decorator.py
[2023-12-16T12:48:20.592+0500] {logging_mixin.py:154} INFO - [2023-12-16T12:48:20.592+0500] {dag.py:2941} INFO - Sync 1 DAGs
[2023-12-16T12:48:20.601+0500] {logging_mixin.py:154} INFO - [2023-12-16T12:48:20.601+0500] {dag.py:3722} INFO - Setting next_dagrun for example_dag_decorator to None, run_after=None
[2023-12-16T12:48:20.721+0500] {processor.py:179} INFO - Processing /home/amina/miniconda/lib/python3.11/site-packages/airflow/example_dags/example_dag_decorator.py took 0.311 seconds
[2023-12-16T12:49:46.632+0500] {processor.py:157} INFO - Started process (PID=38341) to work on /home/amina/miniconda/lib/python3.11/site-packages/airflow/example_dags/example_dag_decorator.py
[2023-12-16T12:49:46.649+0500] {processor.py:829} INFO - Processing file /home/amina/miniconda/lib/python3.11/site-packages/airflow/example_dags/example_dag_decorator.py for tasks to queue
[2023-12-16T12:49:46.650+0500] {logging_mixin.py:154} INFO - [2023-12-16T12:49:46.650+0500] {dagbag.py:536} INFO - Filling up the DagBag from /home/amina/miniconda/lib/python3.11/site-packages/airflow/example_dags/example_dag_decorator.py
[2023-12-16T12:49:46.660+0500] {processor.py:839} INFO - DAG(s) dict_keys(['example_dag_decorator']) retrieved from /home/amina/miniconda/lib/python3.11/site-packages/airflow/example_dags/example_dag_decorator.py
[2023-12-16T12:49:46.747+0500] {logging_mixin.py:154} INFO - [2023-12-16T12:49:46.747+0500] {dag.py:2941} INFO - Sync 1 DAGs
[2023-12-16T12:49:46.755+0500] {logging_mixin.py:154} INFO - [2023-12-16T12:49:46.755+0500] {dag.py:3722} INFO - Setting next_dagrun for example_dag_decorator to None, run_after=None
[2023-12-16T12:49:47.004+0500] {processor.py:179} INFO - Processing /home/amina/miniconda/lib/python3.11/site-packages/airflow/example_dags/example_dag_decorator.py took 0.375 seconds
[2023-12-16T12:50:53.823+0500] {processor.py:157} INFO - Started process (PID=38496) to work on /home/amina/miniconda/lib/python3.11/site-packages/airflow/example_dags/example_dag_decorator.py
[2023-12-16T12:50:53.839+0500] {processor.py:829} INFO - Processing file /home/amina/miniconda/lib/python3.11/site-packages/airflow/example_dags/example_dag_decorator.py for tasks to queue
[2023-12-16T12:50:53.840+0500] {logging_mixin.py:154} INFO - [2023-12-16T12:50:53.840+0500] {dagbag.py:536} INFO - Filling up the DagBag from /home/amina/miniconda/lib/python3.11/site-packages/airflow/example_dags/example_dag_decorator.py
[2023-12-16T12:50:53.851+0500] {processor.py:839} INFO - DAG(s) dict_keys(['example_dag_decorator']) retrieved from /home/amina/miniconda/lib/python3.11/site-packages/airflow/example_dags/example_dag_decorator.py
[2023-12-16T12:50:53.964+0500] {logging_mixin.py:154} INFO - [2023-12-16T12:50:53.964+0500] {dag.py:2941} INFO - Sync 1 DAGs
[2023-12-16T12:50:53.974+0500] {logging_mixin.py:154} INFO - [2023-12-16T12:50:53.974+0500] {dag.py:3722} INFO - Setting next_dagrun for example_dag_decorator to None, run_after=None
[2023-12-16T12:50:54.217+0500] {processor.py:179} INFO - Processing /home/amina/miniconda/lib/python3.11/site-packages/airflow/example_dags/example_dag_decorator.py took 0.398 seconds
[2023-12-16T12:51:55.873+0500] {processor.py:157} INFO - Started process (PID=38546) to work on /home/amina/miniconda/lib/python3.11/site-packages/airflow/example_dags/example_dag_decorator.py
[2023-12-16T12:51:55.896+0500] {processor.py:829} INFO - Processing file /home/amina/miniconda/lib/python3.11/site-packages/airflow/example_dags/example_dag_decorator.py for tasks to queue
[2023-12-16T12:51:55.897+0500] {logging_mixin.py:154} INFO - [2023-12-16T12:51:55.896+0500] {dagbag.py:536} INFO - Filling up the DagBag from /home/amina/miniconda/lib/python3.11/site-packages/airflow/example_dags/example_dag_decorator.py
[2023-12-16T12:51:55.911+0500] {processor.py:839} INFO - DAG(s) dict_keys(['example_dag_decorator']) retrieved from /home/amina/miniconda/lib/python3.11/site-packages/airflow/example_dags/example_dag_decorator.py
[2023-12-16T12:51:56.029+0500] {logging_mixin.py:154} INFO - [2023-12-16T12:51:56.028+0500] {dag.py:2941} INFO - Sync 1 DAGs
[2023-12-16T12:51:56.040+0500] {logging_mixin.py:154} INFO - [2023-12-16T12:51:56.040+0500] {dag.py:3722} INFO - Setting next_dagrun for example_dag_decorator to None, run_after=None
[2023-12-16T12:51:56.140+0500] {processor.py:179} INFO - Processing /home/amina/miniconda/lib/python3.11/site-packages/airflow/example_dags/example_dag_decorator.py took 0.269 seconds
[2023-12-16T12:52:51.135+0500] {processor.py:157} INFO - Started process (PID=38596) to work on /home/amina/miniconda/lib/python3.11/site-packages/airflow/example_dags/example_dag_decorator.py
[2023-12-16T12:52:51.179+0500] {processor.py:829} INFO - Processing file /home/amina/miniconda/lib/python3.11/site-packages/airflow/example_dags/example_dag_decorator.py for tasks to queue
[2023-12-16T12:52:51.180+0500] {logging_mixin.py:154} INFO - [2023-12-16T12:52:51.179+0500] {dagbag.py:536} INFO - Filling up the DagBag from /home/amina/miniconda/lib/python3.11/site-packages/airflow/example_dags/example_dag_decorator.py
[2023-12-16T12:52:51.192+0500] {processor.py:839} INFO - DAG(s) dict_keys(['example_dag_decorator']) retrieved from /home/amina/miniconda/lib/python3.11/site-packages/airflow/example_dags/example_dag_decorator.py
[2023-12-16T12:52:51.295+0500] {logging_mixin.py:154} INFO - [2023-12-16T12:52:51.295+0500] {dag.py:2941} INFO - Sync 1 DAGs
[2023-12-16T12:52:51.306+0500] {logging_mixin.py:154} INFO - [2023-12-16T12:52:51.306+0500] {dag.py:3722} INFO - Setting next_dagrun for example_dag_decorator to None, run_after=None
[2023-12-16T12:52:51.411+0500] {processor.py:179} INFO - Processing /home/amina/miniconda/lib/python3.11/site-packages/airflow/example_dags/example_dag_decorator.py took 0.280 seconds
