[2023-12-16T12:22:51.697+0500] {processor.py:157} INFO - Started process (PID=20467) to work on /home/amina/miniconda/lib/python3.11/site-packages/airflow/example_dags/example_time_delta_sensor_async.py
[2023-12-16T12:22:51.698+0500] {processor.py:829} INFO - Processing file /home/amina/miniconda/lib/python3.11/site-packages/airflow/example_dags/example_time_delta_sensor_async.py for tasks to queue
[2023-12-16T12:22:51.699+0500] {logging_mixin.py:154} INFO - [2023-12-16T12:22:51.699+0500] {dagbag.py:536} INFO - Filling up the DagBag from /home/amina/miniconda/lib/python3.11/site-packages/airflow/example_dags/example_time_delta_sensor_async.py
[2023-12-16T12:22:51.704+0500] {processor.py:839} INFO - DAG(s) dict_keys(['example_time_delta_sensor_async']) retrieved from /home/amina/miniconda/lib/python3.11/site-packages/airflow/example_dags/example_time_delta_sensor_async.py
[2023-12-16T12:22:51.724+0500] {logging_mixin.py:154} INFO - [2023-12-16T12:22:51.723+0500] {dag.py:2941} INFO - Sync 1 DAGs
[2023-12-16T12:22:51.734+0500] {logging_mixin.py:154} INFO - [2023-12-16T12:22:51.734+0500] {dag.py:3722} INFO - Setting next_dagrun for example_time_delta_sensor_async to None, run_after=None
[2023-12-16T12:22:51.913+0500] {processor.py:179} INFO - Processing /home/amina/miniconda/lib/python3.11/site-packages/airflow/example_dags/example_time_delta_sensor_async.py took 0.219 seconds
[2023-12-16T12:23:50.495+0500] {processor.py:157} INFO - Started process (PID=21743) to work on /home/amina/miniconda/lib/python3.11/site-packages/airflow/example_dags/example_time_delta_sensor_async.py
[2023-12-16T12:23:50.535+0500] {processor.py:829} INFO - Processing file /home/amina/miniconda/lib/python3.11/site-packages/airflow/example_dags/example_time_delta_sensor_async.py for tasks to queue
[2023-12-16T12:23:50.536+0500] {logging_mixin.py:154} INFO - [2023-12-16T12:23:50.536+0500] {dagbag.py:536} INFO - Filling up the DagBag from /home/amina/miniconda/lib/python3.11/site-packages/airflow/example_dags/example_time_delta_sensor_async.py
[2023-12-16T12:23:50.541+0500] {processor.py:839} INFO - DAG(s) dict_keys(['example_time_delta_sensor_async']) retrieved from /home/amina/miniconda/lib/python3.11/site-packages/airflow/example_dags/example_time_delta_sensor_async.py
[2023-12-16T12:23:50.557+0500] {logging_mixin.py:154} INFO - [2023-12-16T12:23:50.557+0500] {dag.py:2941} INFO - Sync 1 DAGs
[2023-12-16T12:23:50.571+0500] {logging_mixin.py:154} INFO - [2023-12-16T12:23:50.571+0500] {dag.py:3722} INFO - Setting next_dagrun for example_time_delta_sensor_async to None, run_after=None
[2023-12-16T12:23:50.688+0500] {processor.py:179} INFO - Processing /home/amina/miniconda/lib/python3.11/site-packages/airflow/example_dags/example_time_delta_sensor_async.py took 0.196 seconds
[2023-12-16T12:25:01.106+0500] {processor.py:157} INFO - Started process (PID=23260) to work on /home/amina/miniconda/lib/python3.11/site-packages/airflow/example_dags/example_time_delta_sensor_async.py
[2023-12-16T12:25:01.189+0500] {processor.py:829} INFO - Processing file /home/amina/miniconda/lib/python3.11/site-packages/airflow/example_dags/example_time_delta_sensor_async.py for tasks to queue
[2023-12-16T12:25:01.190+0500] {logging_mixin.py:154} INFO - [2023-12-16T12:25:01.190+0500] {dagbag.py:536} INFO - Filling up the DagBag from /home/amina/miniconda/lib/python3.11/site-packages/airflow/example_dags/example_time_delta_sensor_async.py
[2023-12-16T12:25:01.199+0500] {processor.py:839} INFO - DAG(s) dict_keys(['example_time_delta_sensor_async']) retrieved from /home/amina/miniconda/lib/python3.11/site-packages/airflow/example_dags/example_time_delta_sensor_async.py
[2023-12-16T12:25:01.227+0500] {logging_mixin.py:154} INFO - [2023-12-16T12:25:01.227+0500] {dag.py:2941} INFO - Sync 1 DAGs
[2023-12-16T12:25:01.243+0500] {logging_mixin.py:154} INFO - [2023-12-16T12:25:01.242+0500] {dag.py:3722} INFO - Setting next_dagrun for example_time_delta_sensor_async to None, run_after=None
[2023-12-16T12:25:01.867+0500] {processor.py:179} INFO - Processing /home/amina/miniconda/lib/python3.11/site-packages/airflow/example_dags/example_time_delta_sensor_async.py took 0.768 seconds
[2023-12-16T12:26:24.848+0500] {processor.py:157} INFO - Started process (PID=24838) to work on /home/amina/miniconda/lib/python3.11/site-packages/airflow/example_dags/example_time_delta_sensor_async.py
[2023-12-16T12:26:24.870+0500] {processor.py:829} INFO - Processing file /home/amina/miniconda/lib/python3.11/site-packages/airflow/example_dags/example_time_delta_sensor_async.py for tasks to queue
[2023-12-16T12:26:24.871+0500] {logging_mixin.py:154} INFO - [2023-12-16T12:26:24.871+0500] {dagbag.py:536} INFO - Filling up the DagBag from /home/amina/miniconda/lib/python3.11/site-packages/airflow/example_dags/example_time_delta_sensor_async.py
[2023-12-16T12:26:24.877+0500] {processor.py:839} INFO - DAG(s) dict_keys(['example_time_delta_sensor_async']) retrieved from /home/amina/miniconda/lib/python3.11/site-packages/airflow/example_dags/example_time_delta_sensor_async.py
[2023-12-16T12:26:24.894+0500] {logging_mixin.py:154} INFO - [2023-12-16T12:26:24.893+0500] {dag.py:2941} INFO - Sync 1 DAGs
[2023-12-16T12:26:24.904+0500] {logging_mixin.py:154} INFO - [2023-12-16T12:26:24.904+0500] {dag.py:3722} INFO - Setting next_dagrun for example_time_delta_sensor_async to None, run_after=None
[2023-12-16T12:26:25.035+0500] {processor.py:179} INFO - Processing /home/amina/miniconda/lib/python3.11/site-packages/airflow/example_dags/example_time_delta_sensor_async.py took 0.191 seconds
[2023-12-16T12:28:15.656+0500] {processor.py:157} INFO - Started process (PID=26891) to work on /home/amina/miniconda/lib/python3.11/site-packages/airflow/example_dags/example_time_delta_sensor_async.py
[2023-12-16T12:28:15.774+0500] {processor.py:829} INFO - Processing file /home/amina/miniconda/lib/python3.11/site-packages/airflow/example_dags/example_time_delta_sensor_async.py for tasks to queue
[2023-12-16T12:28:15.775+0500] {logging_mixin.py:154} INFO - [2023-12-16T12:28:15.775+0500] {dagbag.py:536} INFO - Filling up the DagBag from /home/amina/miniconda/lib/python3.11/site-packages/airflow/example_dags/example_time_delta_sensor_async.py
[2023-12-16T12:28:15.782+0500] {processor.py:839} INFO - DAG(s) dict_keys(['example_time_delta_sensor_async']) retrieved from /home/amina/miniconda/lib/python3.11/site-packages/airflow/example_dags/example_time_delta_sensor_async.py
[2023-12-16T12:28:15.802+0500] {logging_mixin.py:154} INFO - [2023-12-16T12:28:15.802+0500] {dag.py:2941} INFO - Sync 1 DAGs
[2023-12-16T12:28:15.816+0500] {logging_mixin.py:154} INFO - [2023-12-16T12:28:15.816+0500] {dag.py:3722} INFO - Setting next_dagrun for example_time_delta_sensor_async to None, run_after=None
[2023-12-16T12:28:15.955+0500] {processor.py:179} INFO - Processing /home/amina/miniconda/lib/python3.11/site-packages/airflow/example_dags/example_time_delta_sensor_async.py took 0.302 seconds
[2023-12-16T12:30:05.412+0500] {processor.py:157} INFO - Started process (PID=29130) to work on /home/amina/miniconda/lib/python3.11/site-packages/airflow/example_dags/example_time_delta_sensor_async.py
[2023-12-16T12:30:05.422+0500] {processor.py:829} INFO - Processing file /home/amina/miniconda/lib/python3.11/site-packages/airflow/example_dags/example_time_delta_sensor_async.py for tasks to queue
[2023-12-16T12:30:05.423+0500] {logging_mixin.py:154} INFO - [2023-12-16T12:30:05.423+0500] {dagbag.py:536} INFO - Filling up the DagBag from /home/amina/miniconda/lib/python3.11/site-packages/airflow/example_dags/example_time_delta_sensor_async.py
[2023-12-16T12:30:05.432+0500] {processor.py:839} INFO - DAG(s) dict_keys(['example_time_delta_sensor_async']) retrieved from /home/amina/miniconda/lib/python3.11/site-packages/airflow/example_dags/example_time_delta_sensor_async.py
[2023-12-16T12:30:05.459+0500] {logging_mixin.py:154} INFO - [2023-12-16T12:30:05.459+0500] {dag.py:2941} INFO - Sync 1 DAGs
[2023-12-16T12:30:05.477+0500] {logging_mixin.py:154} INFO - [2023-12-16T12:30:05.477+0500] {dag.py:3722} INFO - Setting next_dagrun for example_time_delta_sensor_async to None, run_after=None
[2023-12-16T12:30:05.609+0500] {processor.py:179} INFO - Processing /home/amina/miniconda/lib/python3.11/site-packages/airflow/example_dags/example_time_delta_sensor_async.py took 0.202 seconds
[2023-12-16T12:30:59.211+0500] {processor.py:157} INFO - Started process (PID=30393) to work on /home/amina/miniconda/lib/python3.11/site-packages/airflow/example_dags/example_time_delta_sensor_async.py
[2023-12-16T12:30:59.279+0500] {processor.py:829} INFO - Processing file /home/amina/miniconda/lib/python3.11/site-packages/airflow/example_dags/example_time_delta_sensor_async.py for tasks to queue
[2023-12-16T12:30:59.280+0500] {logging_mixin.py:154} INFO - [2023-12-16T12:30:59.279+0500] {dagbag.py:536} INFO - Filling up the DagBag from /home/amina/miniconda/lib/python3.11/site-packages/airflow/example_dags/example_time_delta_sensor_async.py
[2023-12-16T12:30:59.284+0500] {processor.py:839} INFO - DAG(s) dict_keys(['example_time_delta_sensor_async']) retrieved from /home/amina/miniconda/lib/python3.11/site-packages/airflow/example_dags/example_time_delta_sensor_async.py
[2023-12-16T12:30:59.298+0500] {logging_mixin.py:154} INFO - [2023-12-16T12:30:59.298+0500] {dag.py:2941} INFO - Sync 1 DAGs
[2023-12-16T12:30:59.309+0500] {logging_mixin.py:154} INFO - [2023-12-16T12:30:59.308+0500] {dag.py:3722} INFO - Setting next_dagrun for example_time_delta_sensor_async to None, run_after=None
[2023-12-16T12:30:59.481+0500] {processor.py:179} INFO - Processing /home/amina/miniconda/lib/python3.11/site-packages/airflow/example_dags/example_time_delta_sensor_async.py took 0.274 seconds
[2023-12-16T12:31:59.946+0500] {processor.py:157} INFO - Started process (PID=32145) to work on /home/amina/miniconda/lib/python3.11/site-packages/airflow/example_dags/example_time_delta_sensor_async.py
[2023-12-16T12:31:59.987+0500] {processor.py:829} INFO - Processing file /home/amina/miniconda/lib/python3.11/site-packages/airflow/example_dags/example_time_delta_sensor_async.py for tasks to queue
[2023-12-16T12:31:59.988+0500] {logging_mixin.py:154} INFO - [2023-12-16T12:31:59.987+0500] {dagbag.py:536} INFO - Filling up the DagBag from /home/amina/miniconda/lib/python3.11/site-packages/airflow/example_dags/example_time_delta_sensor_async.py
[2023-12-16T12:31:59.992+0500] {processor.py:839} INFO - DAG(s) dict_keys(['example_time_delta_sensor_async']) retrieved from /home/amina/miniconda/lib/python3.11/site-packages/airflow/example_dags/example_time_delta_sensor_async.py
[2023-12-16T12:32:00.007+0500] {logging_mixin.py:154} INFO - [2023-12-16T12:32:00.007+0500] {dag.py:2941} INFO - Sync 1 DAGs
[2023-12-16T12:32:00.018+0500] {logging_mixin.py:154} INFO - [2023-12-16T12:32:00.018+0500] {dag.py:3722} INFO - Setting next_dagrun for example_time_delta_sensor_async to None, run_after=None
[2023-12-16T12:32:00.166+0500] {processor.py:179} INFO - Processing /home/amina/miniconda/lib/python3.11/site-packages/airflow/example_dags/example_time_delta_sensor_async.py took 0.222 seconds
[2023-12-16T12:33:00.731+0500] {processor.py:157} INFO - Started process (PID=33310) to work on /home/amina/miniconda/lib/python3.11/site-packages/airflow/example_dags/example_time_delta_sensor_async.py
[2023-12-16T12:33:00.762+0500] {processor.py:829} INFO - Processing file /home/amina/miniconda/lib/python3.11/site-packages/airflow/example_dags/example_time_delta_sensor_async.py for tasks to queue
[2023-12-16T12:33:00.763+0500] {logging_mixin.py:154} INFO - [2023-12-16T12:33:00.762+0500] {dagbag.py:536} INFO - Filling up the DagBag from /home/amina/miniconda/lib/python3.11/site-packages/airflow/example_dags/example_time_delta_sensor_async.py
[2023-12-16T12:33:00.767+0500] {processor.py:839} INFO - DAG(s) dict_keys(['example_time_delta_sensor_async']) retrieved from /home/amina/miniconda/lib/python3.11/site-packages/airflow/example_dags/example_time_delta_sensor_async.py
[2023-12-16T12:33:00.781+0500] {logging_mixin.py:154} INFO - [2023-12-16T12:33:00.781+0500] {dag.py:2941} INFO - Sync 1 DAGs
[2023-12-16T12:33:00.792+0500] {logging_mixin.py:154} INFO - [2023-12-16T12:33:00.792+0500] {dag.py:3722} INFO - Setting next_dagrun for example_time_delta_sensor_async to None, run_after=None
[2023-12-16T12:33:00.904+0500] {processor.py:179} INFO - Processing /home/amina/miniconda/lib/python3.11/site-packages/airflow/example_dags/example_time_delta_sensor_async.py took 0.177 seconds
[2023-12-16T12:33:59.390+0500] {processor.py:157} INFO - Started process (PID=34930) to work on /home/amina/miniconda/lib/python3.11/site-packages/airflow/example_dags/example_time_delta_sensor_async.py
[2023-12-16T12:33:59.401+0500] {processor.py:829} INFO - Processing file /home/amina/miniconda/lib/python3.11/site-packages/airflow/example_dags/example_time_delta_sensor_async.py for tasks to queue
[2023-12-16T12:33:59.402+0500] {logging_mixin.py:154} INFO - [2023-12-16T12:33:59.402+0500] {dagbag.py:536} INFO - Filling up the DagBag from /home/amina/miniconda/lib/python3.11/site-packages/airflow/example_dags/example_time_delta_sensor_async.py
[2023-12-16T12:33:59.409+0500] {processor.py:839} INFO - DAG(s) dict_keys(['example_time_delta_sensor_async']) retrieved from /home/amina/miniconda/lib/python3.11/site-packages/airflow/example_dags/example_time_delta_sensor_async.py
[2023-12-16T12:33:59.433+0500] {logging_mixin.py:154} INFO - [2023-12-16T12:33:59.432+0500] {dag.py:2941} INFO - Sync 1 DAGs
[2023-12-16T12:33:59.449+0500] {logging_mixin.py:154} INFO - [2023-12-16T12:33:59.449+0500] {dag.py:3722} INFO - Setting next_dagrun for example_time_delta_sensor_async to None, run_after=None
[2023-12-16T12:33:59.593+0500] {processor.py:179} INFO - Processing /home/amina/miniconda/lib/python3.11/site-packages/airflow/example_dags/example_time_delta_sensor_async.py took 0.207 seconds
[2023-12-16T12:34:53.415+0500] {processor.py:157} INFO - Started process (PID=36154) to work on /home/amina/miniconda/lib/python3.11/site-packages/airflow/example_dags/example_time_delta_sensor_async.py
[2023-12-16T12:34:53.453+0500] {processor.py:829} INFO - Processing file /home/amina/miniconda/lib/python3.11/site-packages/airflow/example_dags/example_time_delta_sensor_async.py for tasks to queue
[2023-12-16T12:34:53.454+0500] {logging_mixin.py:154} INFO - [2023-12-16T12:34:53.454+0500] {dagbag.py:536} INFO - Filling up the DagBag from /home/amina/miniconda/lib/python3.11/site-packages/airflow/example_dags/example_time_delta_sensor_async.py
[2023-12-16T12:34:53.461+0500] {processor.py:839} INFO - DAG(s) dict_keys(['example_time_delta_sensor_async']) retrieved from /home/amina/miniconda/lib/python3.11/site-packages/airflow/example_dags/example_time_delta_sensor_async.py
[2023-12-16T12:34:53.481+0500] {logging_mixin.py:154} INFO - [2023-12-16T12:34:53.481+0500] {dag.py:2941} INFO - Sync 1 DAGs
[2023-12-16T12:34:53.497+0500] {logging_mixin.py:154} INFO - [2023-12-16T12:34:53.497+0500] {dag.py:3722} INFO - Setting next_dagrun for example_time_delta_sensor_async to None, run_after=None
[2023-12-16T12:34:53.644+0500] {processor.py:179} INFO - Processing /home/amina/miniconda/lib/python3.11/site-packages/airflow/example_dags/example_time_delta_sensor_async.py took 0.233 seconds
[2023-12-16T12:35:47.935+0500] {processor.py:157} INFO - Started process (PID=36373) to work on /home/amina/miniconda/lib/python3.11/site-packages/airflow/example_dags/example_time_delta_sensor_async.py
[2023-12-16T12:35:47.961+0500] {processor.py:829} INFO - Processing file /home/amina/miniconda/lib/python3.11/site-packages/airflow/example_dags/example_time_delta_sensor_async.py for tasks to queue
[2023-12-16T12:35:47.962+0500] {logging_mixin.py:154} INFO - [2023-12-16T12:35:47.961+0500] {dagbag.py:536} INFO - Filling up the DagBag from /home/amina/miniconda/lib/python3.11/site-packages/airflow/example_dags/example_time_delta_sensor_async.py
[2023-12-16T12:35:47.968+0500] {processor.py:839} INFO - DAG(s) dict_keys(['example_time_delta_sensor_async']) retrieved from /home/amina/miniconda/lib/python3.11/site-packages/airflow/example_dags/example_time_delta_sensor_async.py
[2023-12-16T12:35:47.989+0500] {logging_mixin.py:154} INFO - [2023-12-16T12:35:47.989+0500] {dag.py:2941} INFO - Sync 1 DAGs
[2023-12-16T12:35:48.005+0500] {logging_mixin.py:154} INFO - [2023-12-16T12:35:48.005+0500] {dag.py:3722} INFO - Setting next_dagrun for example_time_delta_sensor_async to None, run_after=None
[2023-12-16T12:35:48.121+0500] {processor.py:179} INFO - Processing /home/amina/miniconda/lib/python3.11/site-packages/airflow/example_dags/example_time_delta_sensor_async.py took 0.189 seconds
[2023-12-16T12:36:43.056+0500] {processor.py:157} INFO - Started process (PID=36438) to work on /home/amina/miniconda/lib/python3.11/site-packages/airflow/example_dags/example_time_delta_sensor_async.py
[2023-12-16T12:36:43.079+0500] {processor.py:829} INFO - Processing file /home/amina/miniconda/lib/python3.11/site-packages/airflow/example_dags/example_time_delta_sensor_async.py for tasks to queue
[2023-12-16T12:36:43.080+0500] {logging_mixin.py:154} INFO - [2023-12-16T12:36:43.080+0500] {dagbag.py:536} INFO - Filling up the DagBag from /home/amina/miniconda/lib/python3.11/site-packages/airflow/example_dags/example_time_delta_sensor_async.py
[2023-12-16T12:36:43.084+0500] {processor.py:839} INFO - DAG(s) dict_keys(['example_time_delta_sensor_async']) retrieved from /home/amina/miniconda/lib/python3.11/site-packages/airflow/example_dags/example_time_delta_sensor_async.py
[2023-12-16T12:36:43.098+0500] {logging_mixin.py:154} INFO - [2023-12-16T12:36:43.097+0500] {dag.py:2941} INFO - Sync 1 DAGs
[2023-12-16T12:36:43.107+0500] {logging_mixin.py:154} INFO - [2023-12-16T12:36:43.107+0500] {dag.py:3722} INFO - Setting next_dagrun for example_time_delta_sensor_async to None, run_after=None
[2023-12-16T12:36:43.227+0500] {processor.py:179} INFO - Processing /home/amina/miniconda/lib/python3.11/site-packages/airflow/example_dags/example_time_delta_sensor_async.py took 0.174 seconds
[2023-12-16T12:37:38.364+0500] {processor.py:157} INFO - Started process (PID=36727) to work on /home/amina/miniconda/lib/python3.11/site-packages/airflow/example_dags/example_time_delta_sensor_async.py
[2023-12-16T12:37:38.387+0500] {processor.py:829} INFO - Processing file /home/amina/miniconda/lib/python3.11/site-packages/airflow/example_dags/example_time_delta_sensor_async.py for tasks to queue
[2023-12-16T12:37:38.388+0500] {logging_mixin.py:154} INFO - [2023-12-16T12:37:38.387+0500] {dagbag.py:536} INFO - Filling up the DagBag from /home/amina/miniconda/lib/python3.11/site-packages/airflow/example_dags/example_time_delta_sensor_async.py
[2023-12-16T12:37:38.394+0500] {processor.py:839} INFO - DAG(s) dict_keys(['example_time_delta_sensor_async']) retrieved from /home/amina/miniconda/lib/python3.11/site-packages/airflow/example_dags/example_time_delta_sensor_async.py
[2023-12-16T12:37:38.409+0500] {logging_mixin.py:154} INFO - [2023-12-16T12:37:38.409+0500] {dag.py:2941} INFO - Sync 1 DAGs
[2023-12-16T12:37:38.419+0500] {logging_mixin.py:154} INFO - [2023-12-16T12:37:38.418+0500] {dag.py:3722} INFO - Setting next_dagrun for example_time_delta_sensor_async to None, run_after=None
[2023-12-16T12:37:38.540+0500] {processor.py:179} INFO - Processing /home/amina/miniconda/lib/python3.11/site-packages/airflow/example_dags/example_time_delta_sensor_async.py took 0.179 seconds
[2023-12-16T12:38:27.985+0500] {processor.py:157} INFO - Started process (PID=36773) to work on /home/amina/miniconda/lib/python3.11/site-packages/airflow/example_dags/example_time_delta_sensor_async.py
[2023-12-16T12:38:28.019+0500] {processor.py:829} INFO - Processing file /home/amina/miniconda/lib/python3.11/site-packages/airflow/example_dags/example_time_delta_sensor_async.py for tasks to queue
[2023-12-16T12:38:28.020+0500] {logging_mixin.py:154} INFO - [2023-12-16T12:38:28.019+0500] {dagbag.py:536} INFO - Filling up the DagBag from /home/amina/miniconda/lib/python3.11/site-packages/airflow/example_dags/example_time_delta_sensor_async.py
[2023-12-16T12:38:28.024+0500] {processor.py:839} INFO - DAG(s) dict_keys(['example_time_delta_sensor_async']) retrieved from /home/amina/miniconda/lib/python3.11/site-packages/airflow/example_dags/example_time_delta_sensor_async.py
[2023-12-16T12:38:28.037+0500] {logging_mixin.py:154} INFO - [2023-12-16T12:38:28.037+0500] {dag.py:2941} INFO - Sync 1 DAGs
[2023-12-16T12:38:28.046+0500] {logging_mixin.py:154} INFO - [2023-12-16T12:38:28.046+0500] {dag.py:3722} INFO - Setting next_dagrun for example_time_delta_sensor_async to None, run_after=None
[2023-12-16T12:38:28.150+0500] {processor.py:179} INFO - Processing /home/amina/miniconda/lib/python3.11/site-packages/airflow/example_dags/example_time_delta_sensor_async.py took 0.168 seconds
[2023-12-16T12:39:16.868+0500] {processor.py:157} INFO - Started process (PID=36821) to work on /home/amina/miniconda/lib/python3.11/site-packages/airflow/example_dags/example_time_delta_sensor_async.py
[2023-12-16T12:39:16.906+0500] {processor.py:829} INFO - Processing file /home/amina/miniconda/lib/python3.11/site-packages/airflow/example_dags/example_time_delta_sensor_async.py for tasks to queue
[2023-12-16T12:39:16.907+0500] {logging_mixin.py:154} INFO - [2023-12-16T12:39:16.907+0500] {dagbag.py:536} INFO - Filling up the DagBag from /home/amina/miniconda/lib/python3.11/site-packages/airflow/example_dags/example_time_delta_sensor_async.py
[2023-12-16T12:39:16.911+0500] {processor.py:839} INFO - DAG(s) dict_keys(['example_time_delta_sensor_async']) retrieved from /home/amina/miniconda/lib/python3.11/site-packages/airflow/example_dags/example_time_delta_sensor_async.py
[2023-12-16T12:39:16.924+0500] {logging_mixin.py:154} INFO - [2023-12-16T12:39:16.924+0500] {dag.py:2941} INFO - Sync 1 DAGs
[2023-12-16T12:39:16.933+0500] {logging_mixin.py:154} INFO - [2023-12-16T12:39:16.933+0500] {dag.py:3722} INFO - Setting next_dagrun for example_time_delta_sensor_async to None, run_after=None
[2023-12-16T12:39:17.044+0500] {processor.py:179} INFO - Processing /home/amina/miniconda/lib/python3.11/site-packages/airflow/example_dags/example_time_delta_sensor_async.py took 0.178 seconds
[2023-12-16T12:40:05.382+0500] {processor.py:157} INFO - Started process (PID=36891) to work on /home/amina/miniconda/lib/python3.11/site-packages/airflow/example_dags/example_time_delta_sensor_async.py
[2023-12-16T12:40:05.435+0500] {processor.py:829} INFO - Processing file /home/amina/miniconda/lib/python3.11/site-packages/airflow/example_dags/example_time_delta_sensor_async.py for tasks to queue
[2023-12-16T12:40:05.436+0500] {logging_mixin.py:154} INFO - [2023-12-16T12:40:05.436+0500] {dagbag.py:536} INFO - Filling up the DagBag from /home/amina/miniconda/lib/python3.11/site-packages/airflow/example_dags/example_time_delta_sensor_async.py
[2023-12-16T12:40:05.440+0500] {processor.py:839} INFO - DAG(s) dict_keys(['example_time_delta_sensor_async']) retrieved from /home/amina/miniconda/lib/python3.11/site-packages/airflow/example_dags/example_time_delta_sensor_async.py
[2023-12-16T12:40:05.453+0500] {logging_mixin.py:154} INFO - [2023-12-16T12:40:05.453+0500] {dag.py:2941} INFO - Sync 1 DAGs
[2023-12-16T12:40:05.464+0500] {logging_mixin.py:154} INFO - [2023-12-16T12:40:05.464+0500] {dag.py:3722} INFO - Setting next_dagrun for example_time_delta_sensor_async to None, run_after=None
[2023-12-16T12:40:05.684+0500] {processor.py:179} INFO - Processing /home/amina/miniconda/lib/python3.11/site-packages/airflow/example_dags/example_time_delta_sensor_async.py took 0.304 seconds
[2023-12-16T12:40:58.749+0500] {processor.py:157} INFO - Started process (PID=37023) to work on /home/amina/miniconda/lib/python3.11/site-packages/airflow/example_dags/example_time_delta_sensor_async.py
[2023-12-16T12:40:58.759+0500] {processor.py:829} INFO - Processing file /home/amina/miniconda/lib/python3.11/site-packages/airflow/example_dags/example_time_delta_sensor_async.py for tasks to queue
[2023-12-16T12:40:58.760+0500] {logging_mixin.py:154} INFO - [2023-12-16T12:40:58.760+0500] {dagbag.py:536} INFO - Filling up the DagBag from /home/amina/miniconda/lib/python3.11/site-packages/airflow/example_dags/example_time_delta_sensor_async.py
[2023-12-16T12:40:58.764+0500] {processor.py:839} INFO - DAG(s) dict_keys(['example_time_delta_sensor_async']) retrieved from /home/amina/miniconda/lib/python3.11/site-packages/airflow/example_dags/example_time_delta_sensor_async.py
[2023-12-16T12:40:58.777+0500] {logging_mixin.py:154} INFO - [2023-12-16T12:40:58.777+0500] {dag.py:2941} INFO - Sync 1 DAGs
[2023-12-16T12:40:58.787+0500] {logging_mixin.py:154} INFO - [2023-12-16T12:40:58.786+0500] {dag.py:3722} INFO - Setting next_dagrun for example_time_delta_sensor_async to None, run_after=None
[2023-12-16T12:40:58.918+0500] {processor.py:179} INFO - Processing /home/amina/miniconda/lib/python3.11/site-packages/airflow/example_dags/example_time_delta_sensor_async.py took 0.172 seconds
[2023-12-16T12:41:53.701+0500] {processor.py:157} INFO - Started process (PID=37094) to work on /home/amina/miniconda/lib/python3.11/site-packages/airflow/example_dags/example_time_delta_sensor_async.py
[2023-12-16T12:41:53.733+0500] {processor.py:829} INFO - Processing file /home/amina/miniconda/lib/python3.11/site-packages/airflow/example_dags/example_time_delta_sensor_async.py for tasks to queue
[2023-12-16T12:41:53.734+0500] {logging_mixin.py:154} INFO - [2023-12-16T12:41:53.734+0500] {dagbag.py:536} INFO - Filling up the DagBag from /home/amina/miniconda/lib/python3.11/site-packages/airflow/example_dags/example_time_delta_sensor_async.py
[2023-12-16T12:41:53.738+0500] {processor.py:839} INFO - DAG(s) dict_keys(['example_time_delta_sensor_async']) retrieved from /home/amina/miniconda/lib/python3.11/site-packages/airflow/example_dags/example_time_delta_sensor_async.py
[2023-12-16T12:41:53.752+0500] {logging_mixin.py:154} INFO - [2023-12-16T12:41:53.752+0500] {dag.py:2941} INFO - Sync 1 DAGs
[2023-12-16T12:41:53.761+0500] {logging_mixin.py:154} INFO - [2023-12-16T12:41:53.761+0500] {dag.py:3722} INFO - Setting next_dagrun for example_time_delta_sensor_async to None, run_after=None
[2023-12-16T12:41:53.890+0500] {processor.py:179} INFO - Processing /home/amina/miniconda/lib/python3.11/site-packages/airflow/example_dags/example_time_delta_sensor_async.py took 0.192 seconds
