[2023-12-16T12:23:26.576+0500] {processor.py:157} INFO - Started process (PID=21129) to work on /home/amina/miniconda/lib/python3.11/site-packages/airflow/example_dags/example_dynamic_task_mapping_with_no_taskflow_operators.py
[2023-12-16T12:23:26.577+0500] {processor.py:829} INFO - Processing file /home/amina/miniconda/lib/python3.11/site-packages/airflow/example_dags/example_dynamic_task_mapping_with_no_taskflow_operators.py for tasks to queue
[2023-12-16T12:23:26.577+0500] {logging_mixin.py:154} INFO - [2023-12-16T12:23:26.577+0500] {dagbag.py:536} INFO - Filling up the DagBag from /home/amina/miniconda/lib/python3.11/site-packages/airflow/example_dags/example_dynamic_task_mapping_with_no_taskflow_operators.py
[2023-12-16T12:23:26.584+0500] {processor.py:839} INFO - DAG(s) dict_keys(['example_dynamic_task_mapping_with_no_taskflow_operators']) retrieved from /home/amina/miniconda/lib/python3.11/site-packages/airflow/example_dags/example_dynamic_task_mapping_with_no_taskflow_operators.py
[2023-12-16T12:23:26.603+0500] {logging_mixin.py:154} INFO - [2023-12-16T12:23:26.603+0500] {dag.py:2941} INFO - Sync 1 DAGs
[2023-12-16T12:23:26.625+0500] {logging_mixin.py:154} INFO - [2023-12-16T12:23:26.624+0500] {dag.py:3722} INFO - Setting next_dagrun for example_dynamic_task_mapping_with_no_taskflow_operators to 2023-12-15T07:23:26.624627+00:00, run_after=2023-12-16T07:23:26.624627+00:00
[2023-12-16T12:23:26.874+0500] {processor.py:179} INFO - Processing /home/amina/miniconda/lib/python3.11/site-packages/airflow/example_dags/example_dynamic_task_mapping_with_no_taskflow_operators.py took 0.302 seconds
[2023-12-16T12:24:26.558+0500] {processor.py:157} INFO - Started process (PID=22573) to work on /home/amina/miniconda/lib/python3.11/site-packages/airflow/example_dags/example_dynamic_task_mapping_with_no_taskflow_operators.py
[2023-12-16T12:24:26.644+0500] {processor.py:829} INFO - Processing file /home/amina/miniconda/lib/python3.11/site-packages/airflow/example_dags/example_dynamic_task_mapping_with_no_taskflow_operators.py for tasks to queue
[2023-12-16T12:24:26.645+0500] {logging_mixin.py:154} INFO - [2023-12-16T12:24:26.645+0500] {dagbag.py:536} INFO - Filling up the DagBag from /home/amina/miniconda/lib/python3.11/site-packages/airflow/example_dags/example_dynamic_task_mapping_with_no_taskflow_operators.py
[2023-12-16T12:24:26.653+0500] {processor.py:839} INFO - DAG(s) dict_keys(['example_dynamic_task_mapping_with_no_taskflow_operators']) retrieved from /home/amina/miniconda/lib/python3.11/site-packages/airflow/example_dags/example_dynamic_task_mapping_with_no_taskflow_operators.py
[2023-12-16T12:24:26.676+0500] {logging_mixin.py:154} INFO - [2023-12-16T12:24:26.676+0500] {dag.py:2941} INFO - Sync 1 DAGs
[2023-12-16T12:24:26.704+0500] {logging_mixin.py:154} INFO - [2023-12-16T12:24:26.704+0500] {dag.py:3722} INFO - Setting next_dagrun for example_dynamic_task_mapping_with_no_taskflow_operators to 2023-12-15T07:24:26.704214+00:00, run_after=2023-12-16T07:24:26.704214+00:00
[2023-12-16T12:24:27.005+0500] {processor.py:179} INFO - Processing /home/amina/miniconda/lib/python3.11/site-packages/airflow/example_dags/example_dynamic_task_mapping_with_no_taskflow_operators.py took 0.451 seconds
[2023-12-16T12:25:58.160+0500] {processor.py:157} INFO - Started process (PID=24331) to work on /home/amina/miniconda/lib/python3.11/site-packages/airflow/example_dags/example_dynamic_task_mapping_with_no_taskflow_operators.py
[2023-12-16T12:25:58.168+0500] {processor.py:829} INFO - Processing file /home/amina/miniconda/lib/python3.11/site-packages/airflow/example_dags/example_dynamic_task_mapping_with_no_taskflow_operators.py for tasks to queue
[2023-12-16T12:25:58.169+0500] {logging_mixin.py:154} INFO - [2023-12-16T12:25:58.168+0500] {dagbag.py:536} INFO - Filling up the DagBag from /home/amina/miniconda/lib/python3.11/site-packages/airflow/example_dags/example_dynamic_task_mapping_with_no_taskflow_operators.py
[2023-12-16T12:25:58.177+0500] {processor.py:839} INFO - DAG(s) dict_keys(['example_dynamic_task_mapping_with_no_taskflow_operators']) retrieved from /home/amina/miniconda/lib/python3.11/site-packages/airflow/example_dags/example_dynamic_task_mapping_with_no_taskflow_operators.py
[2023-12-16T12:25:58.201+0500] {logging_mixin.py:154} INFO - [2023-12-16T12:25:58.200+0500] {dag.py:2941} INFO - Sync 1 DAGs
[2023-12-16T12:25:58.234+0500] {logging_mixin.py:154} INFO - [2023-12-16T12:25:58.233+0500] {dag.py:3722} INFO - Setting next_dagrun for example_dynamic_task_mapping_with_no_taskflow_operators to 2023-12-15T07:25:58.233289+00:00, run_after=2023-12-16T07:25:58.233289+00:00
[2023-12-16T12:25:59.388+0500] {processor.py:179} INFO - Processing /home/amina/miniconda/lib/python3.11/site-packages/airflow/example_dags/example_dynamic_task_mapping_with_no_taskflow_operators.py took 1.233 seconds
[2023-12-16T12:27:15.775+0500] {processor.py:157} INFO - Started process (PID=25678) to work on /home/amina/miniconda/lib/python3.11/site-packages/airflow/example_dags/example_dynamic_task_mapping_with_no_taskflow_operators.py
[2023-12-16T12:27:15.794+0500] {processor.py:829} INFO - Processing file /home/amina/miniconda/lib/python3.11/site-packages/airflow/example_dags/example_dynamic_task_mapping_with_no_taskflow_operators.py for tasks to queue
[2023-12-16T12:27:15.795+0500] {logging_mixin.py:154} INFO - [2023-12-16T12:27:15.795+0500] {dagbag.py:536} INFO - Filling up the DagBag from /home/amina/miniconda/lib/python3.11/site-packages/airflow/example_dags/example_dynamic_task_mapping_with_no_taskflow_operators.py
[2023-12-16T12:27:15.803+0500] {processor.py:839} INFO - DAG(s) dict_keys(['example_dynamic_task_mapping_with_no_taskflow_operators']) retrieved from /home/amina/miniconda/lib/python3.11/site-packages/airflow/example_dags/example_dynamic_task_mapping_with_no_taskflow_operators.py
[2023-12-16T12:27:15.824+0500] {logging_mixin.py:154} INFO - [2023-12-16T12:27:15.824+0500] {dag.py:2941} INFO - Sync 1 DAGs
[2023-12-16T12:27:15.848+0500] {logging_mixin.py:154} INFO - [2023-12-16T12:27:15.848+0500] {dag.py:3722} INFO - Setting next_dagrun for example_dynamic_task_mapping_with_no_taskflow_operators to 2023-12-15T07:27:15.847682+00:00, run_after=2023-12-16T07:27:15.847682+00:00
[2023-12-16T12:27:16.272+0500] {processor.py:179} INFO - Processing /home/amina/miniconda/lib/python3.11/site-packages/airflow/example_dags/example_dynamic_task_mapping_with_no_taskflow_operators.py took 0.500 seconds
[2023-12-16T12:30:35.770+0500] {processor.py:157} INFO - Started process (PID=29876) to work on /home/amina/miniconda/lib/python3.11/site-packages/airflow/example_dags/example_dynamic_task_mapping_with_no_taskflow_operators.py
[2023-12-16T12:30:35.788+0500] {processor.py:829} INFO - Processing file /home/amina/miniconda/lib/python3.11/site-packages/airflow/example_dags/example_dynamic_task_mapping_with_no_taskflow_operators.py for tasks to queue
[2023-12-16T12:30:35.789+0500] {logging_mixin.py:154} INFO - [2023-12-16T12:30:35.788+0500] {dagbag.py:536} INFO - Filling up the DagBag from /home/amina/miniconda/lib/python3.11/site-packages/airflow/example_dags/example_dynamic_task_mapping_with_no_taskflow_operators.py
[2023-12-16T12:30:35.793+0500] {processor.py:839} INFO - DAG(s) dict_keys(['example_dynamic_task_mapping_with_no_taskflow_operators']) retrieved from /home/amina/miniconda/lib/python3.11/site-packages/airflow/example_dags/example_dynamic_task_mapping_with_no_taskflow_operators.py
[2023-12-16T12:30:35.807+0500] {logging_mixin.py:154} INFO - [2023-12-16T12:30:35.806+0500] {dag.py:2941} INFO - Sync 1 DAGs
[2023-12-16T12:30:35.821+0500] {logging_mixin.py:154} INFO - [2023-12-16T12:30:35.821+0500] {dag.py:3722} INFO - Setting next_dagrun for example_dynamic_task_mapping_with_no_taskflow_operators to 2023-12-15T07:30:35.821083+00:00, run_after=2023-12-16T07:30:35.821083+00:00
[2023-12-16T12:30:35.954+0500] {processor.py:179} INFO - Processing /home/amina/miniconda/lib/python3.11/site-packages/airflow/example_dags/example_dynamic_task_mapping_with_no_taskflow_operators.py took 0.186 seconds
[2023-12-16T12:31:39.385+0500] {processor.py:157} INFO - Started process (PID=31518) to work on /home/amina/miniconda/lib/python3.11/site-packages/airflow/example_dags/example_dynamic_task_mapping_with_no_taskflow_operators.py
[2023-12-16T12:31:39.485+0500] {processor.py:829} INFO - Processing file /home/amina/miniconda/lib/python3.11/site-packages/airflow/example_dags/example_dynamic_task_mapping_with_no_taskflow_operators.py for tasks to queue
[2023-12-16T12:31:39.487+0500] {logging_mixin.py:154} INFO - [2023-12-16T12:31:39.486+0500] {dagbag.py:536} INFO - Filling up the DagBag from /home/amina/miniconda/lib/python3.11/site-packages/airflow/example_dags/example_dynamic_task_mapping_with_no_taskflow_operators.py
[2023-12-16T12:31:39.495+0500] {processor.py:839} INFO - DAG(s) dict_keys(['example_dynamic_task_mapping_with_no_taskflow_operators']) retrieved from /home/amina/miniconda/lib/python3.11/site-packages/airflow/example_dags/example_dynamic_task_mapping_with_no_taskflow_operators.py
[2023-12-16T12:31:39.516+0500] {logging_mixin.py:154} INFO - [2023-12-16T12:31:39.516+0500] {dag.py:2941} INFO - Sync 1 DAGs
[2023-12-16T12:31:39.544+0500] {logging_mixin.py:154} INFO - [2023-12-16T12:31:39.544+0500] {dag.py:3722} INFO - Setting next_dagrun for example_dynamic_task_mapping_with_no_taskflow_operators to 2023-12-15T07:31:39.544067+00:00, run_after=2023-12-16T07:31:39.544067+00:00
[2023-12-16T12:31:39.780+0500] {processor.py:179} INFO - Processing /home/amina/miniconda/lib/python3.11/site-packages/airflow/example_dags/example_dynamic_task_mapping_with_no_taskflow_operators.py took 0.399 seconds
[2023-12-16T12:32:39.083+0500] {processor.py:157} INFO - Started process (PID=32904) to work on /home/amina/miniconda/lib/python3.11/site-packages/airflow/example_dags/example_dynamic_task_mapping_with_no_taskflow_operators.py
[2023-12-16T12:32:39.116+0500] {processor.py:829} INFO - Processing file /home/amina/miniconda/lib/python3.11/site-packages/airflow/example_dags/example_dynamic_task_mapping_with_no_taskflow_operators.py for tasks to queue
[2023-12-16T12:32:39.117+0500] {logging_mixin.py:154} INFO - [2023-12-16T12:32:39.117+0500] {dagbag.py:536} INFO - Filling up the DagBag from /home/amina/miniconda/lib/python3.11/site-packages/airflow/example_dags/example_dynamic_task_mapping_with_no_taskflow_operators.py
[2023-12-16T12:32:39.124+0500] {processor.py:839} INFO - DAG(s) dict_keys(['example_dynamic_task_mapping_with_no_taskflow_operators']) retrieved from /home/amina/miniconda/lib/python3.11/site-packages/airflow/example_dags/example_dynamic_task_mapping_with_no_taskflow_operators.py
[2023-12-16T12:32:39.147+0500] {logging_mixin.py:154} INFO - [2023-12-16T12:32:39.146+0500] {dag.py:2941} INFO - Sync 1 DAGs
[2023-12-16T12:32:39.168+0500] {logging_mixin.py:154} INFO - [2023-12-16T12:32:39.167+0500] {dag.py:3722} INFO - Setting next_dagrun for example_dynamic_task_mapping_with_no_taskflow_operators to 2023-12-15T07:32:39.167720+00:00, run_after=2023-12-16T07:32:39.167720+00:00
[2023-12-16T12:32:39.338+0500] {processor.py:179} INFO - Processing /home/amina/miniconda/lib/python3.11/site-packages/airflow/example_dags/example_dynamic_task_mapping_with_no_taskflow_operators.py took 0.259 seconds
[2023-12-16T12:33:39.907+0500] {processor.py:157} INFO - Started process (PID=34569) to work on /home/amina/miniconda/lib/python3.11/site-packages/airflow/example_dags/example_dynamic_task_mapping_with_no_taskflow_operators.py
[2023-12-16T12:33:39.924+0500] {processor.py:829} INFO - Processing file /home/amina/miniconda/lib/python3.11/site-packages/airflow/example_dags/example_dynamic_task_mapping_with_no_taskflow_operators.py for tasks to queue
[2023-12-16T12:33:39.925+0500] {logging_mixin.py:154} INFO - [2023-12-16T12:33:39.925+0500] {dagbag.py:536} INFO - Filling up the DagBag from /home/amina/miniconda/lib/python3.11/site-packages/airflow/example_dags/example_dynamic_task_mapping_with_no_taskflow_operators.py
[2023-12-16T12:33:39.934+0500] {processor.py:839} INFO - DAG(s) dict_keys(['example_dynamic_task_mapping_with_no_taskflow_operators']) retrieved from /home/amina/miniconda/lib/python3.11/site-packages/airflow/example_dags/example_dynamic_task_mapping_with_no_taskflow_operators.py
[2023-12-16T12:33:39.956+0500] {logging_mixin.py:154} INFO - [2023-12-16T12:33:39.956+0500] {dag.py:2941} INFO - Sync 1 DAGs
[2023-12-16T12:33:39.983+0500] {logging_mixin.py:154} INFO - [2023-12-16T12:33:39.983+0500] {dag.py:3722} INFO - Setting next_dagrun for example_dynamic_task_mapping_with_no_taskflow_operators to 2023-12-15T07:33:39.983026+00:00, run_after=2023-12-16T07:33:39.983026+00:00
[2023-12-16T12:33:40.169+0500] {processor.py:179} INFO - Processing /home/amina/miniconda/lib/python3.11/site-packages/airflow/example_dags/example_dynamic_task_mapping_with_no_taskflow_operators.py took 0.265 seconds
[2023-12-16T12:34:36.298+0500] {processor.py:157} INFO - Started process (PID=35824) to work on /home/amina/miniconda/lib/python3.11/site-packages/airflow/example_dags/example_dynamic_task_mapping_with_no_taskflow_operators.py
[2023-12-16T12:34:36.334+0500] {processor.py:829} INFO - Processing file /home/amina/miniconda/lib/python3.11/site-packages/airflow/example_dags/example_dynamic_task_mapping_with_no_taskflow_operators.py for tasks to queue
[2023-12-16T12:34:36.334+0500] {logging_mixin.py:154} INFO - [2023-12-16T12:34:36.334+0500] {dagbag.py:536} INFO - Filling up the DagBag from /home/amina/miniconda/lib/python3.11/site-packages/airflow/example_dags/example_dynamic_task_mapping_with_no_taskflow_operators.py
[2023-12-16T12:34:36.340+0500] {processor.py:839} INFO - DAG(s) dict_keys(['example_dynamic_task_mapping_with_no_taskflow_operators']) retrieved from /home/amina/miniconda/lib/python3.11/site-packages/airflow/example_dags/example_dynamic_task_mapping_with_no_taskflow_operators.py
[2023-12-16T12:34:36.354+0500] {logging_mixin.py:154} INFO - [2023-12-16T12:34:36.353+0500] {dag.py:2941} INFO - Sync 1 DAGs
[2023-12-16T12:34:36.369+0500] {logging_mixin.py:154} INFO - [2023-12-16T12:34:36.369+0500] {dag.py:3722} INFO - Setting next_dagrun for example_dynamic_task_mapping_with_no_taskflow_operators to 2023-12-15T07:34:36.369365+00:00, run_after=2023-12-16T07:34:36.369365+00:00
[2023-12-16T12:34:36.477+0500] {processor.py:179} INFO - Processing /home/amina/miniconda/lib/python3.11/site-packages/airflow/example_dags/example_dynamic_task_mapping_with_no_taskflow_operators.py took 0.182 seconds
[2023-12-16T12:35:56.013+0500] {processor.py:157} INFO - Started process (PID=36381) to work on /home/amina/miniconda/lib/python3.11/site-packages/airflow/example_dags/example_dynamic_task_mapping_with_no_taskflow_operators.py
[2023-12-16T12:35:56.022+0500] {processor.py:829} INFO - Processing file /home/amina/miniconda/lib/python3.11/site-packages/airflow/example_dags/example_dynamic_task_mapping_with_no_taskflow_operators.py for tasks to queue
[2023-12-16T12:35:56.023+0500] {logging_mixin.py:154} INFO - [2023-12-16T12:35:56.023+0500] {dagbag.py:536} INFO - Filling up the DagBag from /home/amina/miniconda/lib/python3.11/site-packages/airflow/example_dags/example_dynamic_task_mapping_with_no_taskflow_operators.py
[2023-12-16T12:35:56.028+0500] {processor.py:839} INFO - DAG(s) dict_keys(['example_dynamic_task_mapping_with_no_taskflow_operators']) retrieved from /home/amina/miniconda/lib/python3.11/site-packages/airflow/example_dags/example_dynamic_task_mapping_with_no_taskflow_operators.py
[2023-12-16T12:35:56.041+0500] {logging_mixin.py:154} INFO - [2023-12-16T12:35:56.041+0500] {dag.py:2941} INFO - Sync 1 DAGs
[2023-12-16T12:35:56.055+0500] {logging_mixin.py:154} INFO - [2023-12-16T12:35:56.055+0500] {dag.py:3722} INFO - Setting next_dagrun for example_dynamic_task_mapping_with_no_taskflow_operators to 2023-12-15T07:35:56.055181+00:00, run_after=2023-12-16T07:35:56.055181+00:00
[2023-12-16T12:35:56.178+0500] {processor.py:179} INFO - Processing /home/amina/miniconda/lib/python3.11/site-packages/airflow/example_dags/example_dynamic_task_mapping_with_no_taskflow_operators.py took 0.167 seconds
[2023-12-16T12:36:53.882+0500] {processor.py:157} INFO - Started process (PID=36466) to work on /home/amina/miniconda/lib/python3.11/site-packages/airflow/example_dags/example_dynamic_task_mapping_with_no_taskflow_operators.py
[2023-12-16T12:36:53.908+0500] {processor.py:829} INFO - Processing file /home/amina/miniconda/lib/python3.11/site-packages/airflow/example_dags/example_dynamic_task_mapping_with_no_taskflow_operators.py for tasks to queue
[2023-12-16T12:36:53.909+0500] {logging_mixin.py:154} INFO - [2023-12-16T12:36:53.909+0500] {dagbag.py:536} INFO - Filling up the DagBag from /home/amina/miniconda/lib/python3.11/site-packages/airflow/example_dags/example_dynamic_task_mapping_with_no_taskflow_operators.py
[2023-12-16T12:36:53.914+0500] {processor.py:839} INFO - DAG(s) dict_keys(['example_dynamic_task_mapping_with_no_taskflow_operators']) retrieved from /home/amina/miniconda/lib/python3.11/site-packages/airflow/example_dags/example_dynamic_task_mapping_with_no_taskflow_operators.py
[2023-12-16T12:36:53.927+0500] {logging_mixin.py:154} INFO - [2023-12-16T12:36:53.927+0500] {dag.py:2941} INFO - Sync 1 DAGs
[2023-12-16T12:36:53.941+0500] {logging_mixin.py:154} INFO - [2023-12-16T12:36:53.941+0500] {dag.py:3722} INFO - Setting next_dagrun for example_dynamic_task_mapping_with_no_taskflow_operators to 2023-12-15T07:36:53.941255+00:00, run_after=2023-12-16T07:36:53.941255+00:00
[2023-12-16T12:36:54.047+0500] {processor.py:179} INFO - Processing /home/amina/miniconda/lib/python3.11/site-packages/airflow/example_dags/example_dynamic_task_mapping_with_no_taskflow_operators.py took 0.167 seconds
[2023-12-16T12:38:11.335+0500] {processor.py:157} INFO - Started process (PID=36758) to work on /home/amina/miniconda/lib/python3.11/site-packages/airflow/example_dags/example_dynamic_task_mapping_with_no_taskflow_operators.py
[2023-12-16T12:38:11.355+0500] {processor.py:829} INFO - Processing file /home/amina/miniconda/lib/python3.11/site-packages/airflow/example_dags/example_dynamic_task_mapping_with_no_taskflow_operators.py for tasks to queue
[2023-12-16T12:38:11.356+0500] {logging_mixin.py:154} INFO - [2023-12-16T12:38:11.356+0500] {dagbag.py:536} INFO - Filling up the DagBag from /home/amina/miniconda/lib/python3.11/site-packages/airflow/example_dags/example_dynamic_task_mapping_with_no_taskflow_operators.py
[2023-12-16T12:38:11.361+0500] {processor.py:839} INFO - DAG(s) dict_keys(['example_dynamic_task_mapping_with_no_taskflow_operators']) retrieved from /home/amina/miniconda/lib/python3.11/site-packages/airflow/example_dags/example_dynamic_task_mapping_with_no_taskflow_operators.py
[2023-12-16T12:38:11.375+0500] {logging_mixin.py:154} INFO - [2023-12-16T12:38:11.374+0500] {dag.py:2941} INFO - Sync 1 DAGs
[2023-12-16T12:38:11.390+0500] {logging_mixin.py:154} INFO - [2023-12-16T12:38:11.390+0500] {dag.py:3722} INFO - Setting next_dagrun for example_dynamic_task_mapping_with_no_taskflow_operators to 2023-12-15T07:38:11.389833+00:00, run_after=2023-12-16T07:38:11.389833+00:00
[2023-12-16T12:38:11.636+0500] {processor.py:179} INFO - Processing /home/amina/miniconda/lib/python3.11/site-packages/airflow/example_dags/example_dynamic_task_mapping_with_no_taskflow_operators.py took 0.304 seconds
[2023-12-16T12:39:23.419+0500] {processor.py:157} INFO - Started process (PID=36827) to work on /home/amina/miniconda/lib/python3.11/site-packages/airflow/example_dags/example_dynamic_task_mapping_with_no_taskflow_operators.py
[2023-12-16T12:39:23.468+0500] {processor.py:829} INFO - Processing file /home/amina/miniconda/lib/python3.11/site-packages/airflow/example_dags/example_dynamic_task_mapping_with_no_taskflow_operators.py for tasks to queue
[2023-12-16T12:39:23.469+0500] {logging_mixin.py:154} INFO - [2023-12-16T12:39:23.469+0500] {dagbag.py:536} INFO - Filling up the DagBag from /home/amina/miniconda/lib/python3.11/site-packages/airflow/example_dags/example_dynamic_task_mapping_with_no_taskflow_operators.py
[2023-12-16T12:39:23.474+0500] {processor.py:839} INFO - DAG(s) dict_keys(['example_dynamic_task_mapping_with_no_taskflow_operators']) retrieved from /home/amina/miniconda/lib/python3.11/site-packages/airflow/example_dags/example_dynamic_task_mapping_with_no_taskflow_operators.py
[2023-12-16T12:39:23.487+0500] {logging_mixin.py:154} INFO - [2023-12-16T12:39:23.487+0500] {dag.py:2941} INFO - Sync 1 DAGs
[2023-12-16T12:39:23.501+0500] {logging_mixin.py:154} INFO - [2023-12-16T12:39:23.501+0500] {dag.py:3722} INFO - Setting next_dagrun for example_dynamic_task_mapping_with_no_taskflow_operators to 2023-12-15T07:39:23.501064+00:00, run_after=2023-12-16T07:39:23.501064+00:00
[2023-12-16T12:39:23.634+0500] {processor.py:179} INFO - Processing /home/amina/miniconda/lib/python3.11/site-packages/airflow/example_dags/example_dynamic_task_mapping_with_no_taskflow_operators.py took 0.218 seconds
[2023-12-16T12:40:39.432+0500] {processor.py:157} INFO - Started process (PID=36979) to work on /home/amina/miniconda/lib/python3.11/site-packages/airflow/example_dags/example_dynamic_task_mapping_with_no_taskflow_operators.py
[2023-12-16T12:40:39.456+0500] {processor.py:829} INFO - Processing file /home/amina/miniconda/lib/python3.11/site-packages/airflow/example_dags/example_dynamic_task_mapping_with_no_taskflow_operators.py for tasks to queue
[2023-12-16T12:40:39.457+0500] {logging_mixin.py:154} INFO - [2023-12-16T12:40:39.457+0500] {dagbag.py:536} INFO - Filling up the DagBag from /home/amina/miniconda/lib/python3.11/site-packages/airflow/example_dags/example_dynamic_task_mapping_with_no_taskflow_operators.py
[2023-12-16T12:40:39.462+0500] {processor.py:839} INFO - DAG(s) dict_keys(['example_dynamic_task_mapping_with_no_taskflow_operators']) retrieved from /home/amina/miniconda/lib/python3.11/site-packages/airflow/example_dags/example_dynamic_task_mapping_with_no_taskflow_operators.py
[2023-12-16T12:40:39.475+0500] {logging_mixin.py:154} INFO - [2023-12-16T12:40:39.475+0500] {dag.py:2941} INFO - Sync 1 DAGs
[2023-12-16T12:40:39.489+0500] {logging_mixin.py:154} INFO - [2023-12-16T12:40:39.489+0500] {dag.py:3722} INFO - Setting next_dagrun for example_dynamic_task_mapping_with_no_taskflow_operators to 2023-12-15T07:40:39.489501+00:00, run_after=2023-12-16T07:40:39.489501+00:00
[2023-12-16T12:40:39.627+0500] {processor.py:179} INFO - Processing /home/amina/miniconda/lib/python3.11/site-packages/airflow/example_dags/example_dynamic_task_mapping_with_no_taskflow_operators.py took 0.198 seconds
[2023-12-16T12:42:01.129+0500] {processor.py:157} INFO - Started process (PID=37101) to work on /home/amina/miniconda/lib/python3.11/site-packages/airflow/example_dags/example_dynamic_task_mapping_with_no_taskflow_operators.py
[2023-12-16T12:42:01.186+0500] {processor.py:829} INFO - Processing file /home/amina/miniconda/lib/python3.11/site-packages/airflow/example_dags/example_dynamic_task_mapping_with_no_taskflow_operators.py for tasks to queue
[2023-12-16T12:42:01.187+0500] {logging_mixin.py:154} INFO - [2023-12-16T12:42:01.186+0500] {dagbag.py:536} INFO - Filling up the DagBag from /home/amina/miniconda/lib/python3.11/site-packages/airflow/example_dags/example_dynamic_task_mapping_with_no_taskflow_operators.py
[2023-12-16T12:42:01.192+0500] {processor.py:839} INFO - DAG(s) dict_keys(['example_dynamic_task_mapping_with_no_taskflow_operators']) retrieved from /home/amina/miniconda/lib/python3.11/site-packages/airflow/example_dags/example_dynamic_task_mapping_with_no_taskflow_operators.py
[2023-12-16T12:42:01.205+0500] {logging_mixin.py:154} INFO - [2023-12-16T12:42:01.205+0500] {dag.py:2941} INFO - Sync 1 DAGs
[2023-12-16T12:42:01.219+0500] {logging_mixin.py:154} INFO - [2023-12-16T12:42:01.219+0500] {dag.py:3722} INFO - Setting next_dagrun for example_dynamic_task_mapping_with_no_taskflow_operators to 2023-12-15T07:42:01.219261+00:00, run_after=2023-12-16T07:42:01.219261+00:00
[2023-12-16T12:42:01.337+0500] {processor.py:179} INFO - Processing /home/amina/miniconda/lib/python3.11/site-packages/airflow/example_dags/example_dynamic_task_mapping_with_no_taskflow_operators.py took 0.211 seconds
[2023-12-16T12:43:46.158+0500] {processor.py:157} INFO - Started process (PID=37232) to work on /home/amina/miniconda/lib/python3.11/site-packages/airflow/example_dags/example_dynamic_task_mapping_with_no_taskflow_operators.py
[2023-12-16T12:43:46.245+0500] {processor.py:829} INFO - Processing file /home/amina/miniconda/lib/python3.11/site-packages/airflow/example_dags/example_dynamic_task_mapping_with_no_taskflow_operators.py for tasks to queue
[2023-12-16T12:43:46.246+0500] {logging_mixin.py:154} INFO - [2023-12-16T12:43:46.245+0500] {dagbag.py:536} INFO - Filling up the DagBag from /home/amina/miniconda/lib/python3.11/site-packages/airflow/example_dags/example_dynamic_task_mapping_with_no_taskflow_operators.py
[2023-12-16T12:43:46.251+0500] {processor.py:839} INFO - DAG(s) dict_keys(['example_dynamic_task_mapping_with_no_taskflow_operators']) retrieved from /home/amina/miniconda/lib/python3.11/site-packages/airflow/example_dags/example_dynamic_task_mapping_with_no_taskflow_operators.py
[2023-12-16T12:43:46.264+0500] {logging_mixin.py:154} INFO - [2023-12-16T12:43:46.264+0500] {dag.py:2941} INFO - Sync 1 DAGs
[2023-12-16T12:43:46.278+0500] {logging_mixin.py:154} INFO - [2023-12-16T12:43:46.278+0500] {dag.py:3722} INFO - Setting next_dagrun for example_dynamic_task_mapping_with_no_taskflow_operators to 2023-12-15T07:43:46.278510+00:00, run_after=2023-12-16T07:43:46.278510+00:00
[2023-12-16T12:43:46.396+0500] {processor.py:179} INFO - Processing /home/amina/miniconda/lib/python3.11/site-packages/airflow/example_dags/example_dynamic_task_mapping_with_no_taskflow_operators.py took 0.241 seconds
[2023-12-16T12:44:58.812+0500] {processor.py:157} INFO - Started process (PID=37341) to work on /home/amina/miniconda/lib/python3.11/site-packages/airflow/example_dags/example_dynamic_task_mapping_with_no_taskflow_operators.py
[2023-12-16T12:44:58.848+0500] {processor.py:829} INFO - Processing file /home/amina/miniconda/lib/python3.11/site-packages/airflow/example_dags/example_dynamic_task_mapping_with_no_taskflow_operators.py for tasks to queue
[2023-12-16T12:44:58.849+0500] {logging_mixin.py:154} INFO - [2023-12-16T12:44:58.848+0500] {dagbag.py:536} INFO - Filling up the DagBag from /home/amina/miniconda/lib/python3.11/site-packages/airflow/example_dags/example_dynamic_task_mapping_with_no_taskflow_operators.py
[2023-12-16T12:44:58.854+0500] {processor.py:839} INFO - DAG(s) dict_keys(['example_dynamic_task_mapping_with_no_taskflow_operators']) retrieved from /home/amina/miniconda/lib/python3.11/site-packages/airflow/example_dags/example_dynamic_task_mapping_with_no_taskflow_operators.py
[2023-12-16T12:44:58.868+0500] {logging_mixin.py:154} INFO - [2023-12-16T12:44:58.868+0500] {dag.py:2941} INFO - Sync 1 DAGs
[2023-12-16T12:44:58.884+0500] {logging_mixin.py:154} INFO - [2023-12-16T12:44:58.884+0500] {dag.py:3722} INFO - Setting next_dagrun for example_dynamic_task_mapping_with_no_taskflow_operators to 2023-12-15T07:44:58.884522+00:00, run_after=2023-12-16T07:44:58.884522+00:00
[2023-12-16T12:44:59.016+0500] {processor.py:179} INFO - Processing /home/amina/miniconda/lib/python3.11/site-packages/airflow/example_dags/example_dynamic_task_mapping_with_no_taskflow_operators.py took 0.208 seconds
[2023-12-16T12:46:10.659+0500] {processor.py:157} INFO - Started process (PID=37427) to work on /home/amina/miniconda/lib/python3.11/site-packages/airflow/example_dags/example_dynamic_task_mapping_with_no_taskflow_operators.py
[2023-12-16T12:46:10.695+0500] {processor.py:829} INFO - Processing file /home/amina/miniconda/lib/python3.11/site-packages/airflow/example_dags/example_dynamic_task_mapping_with_no_taskflow_operators.py for tasks to queue
[2023-12-16T12:46:10.696+0500] {logging_mixin.py:154} INFO - [2023-12-16T12:46:10.695+0500] {dagbag.py:536} INFO - Filling up the DagBag from /home/amina/miniconda/lib/python3.11/site-packages/airflow/example_dags/example_dynamic_task_mapping_with_no_taskflow_operators.py
[2023-12-16T12:46:10.701+0500] {processor.py:839} INFO - DAG(s) dict_keys(['example_dynamic_task_mapping_with_no_taskflow_operators']) retrieved from /home/amina/miniconda/lib/python3.11/site-packages/airflow/example_dags/example_dynamic_task_mapping_with_no_taskflow_operators.py
[2023-12-16T12:46:10.714+0500] {logging_mixin.py:154} INFO - [2023-12-16T12:46:10.714+0500] {dag.py:2941} INFO - Sync 1 DAGs
[2023-12-16T12:46:10.729+0500] {logging_mixin.py:154} INFO - [2023-12-16T12:46:10.728+0500] {dag.py:3722} INFO - Setting next_dagrun for example_dynamic_task_mapping_with_no_taskflow_operators to 2023-12-15T07:46:10.728708+00:00, run_after=2023-12-16T07:46:10.728708+00:00
[2023-12-16T12:46:10.846+0500] {processor.py:179} INFO - Processing /home/amina/miniconda/lib/python3.11/site-packages/airflow/example_dags/example_dynamic_task_mapping_with_no_taskflow_operators.py took 0.191 seconds
[2023-12-16T12:47:27.336+0500] {processor.py:157} INFO - Started process (PID=37513) to work on /home/amina/miniconda/lib/python3.11/site-packages/airflow/example_dags/example_dynamic_task_mapping_with_no_taskflow_operators.py
[2023-12-16T12:47:27.369+0500] {processor.py:829} INFO - Processing file /home/amina/miniconda/lib/python3.11/site-packages/airflow/example_dags/example_dynamic_task_mapping_with_no_taskflow_operators.py for tasks to queue
[2023-12-16T12:47:27.370+0500] {logging_mixin.py:154} INFO - [2023-12-16T12:47:27.369+0500] {dagbag.py:536} INFO - Filling up the DagBag from /home/amina/miniconda/lib/python3.11/site-packages/airflow/example_dags/example_dynamic_task_mapping_with_no_taskflow_operators.py
[2023-12-16T12:47:27.374+0500] {processor.py:839} INFO - DAG(s) dict_keys(['example_dynamic_task_mapping_with_no_taskflow_operators']) retrieved from /home/amina/miniconda/lib/python3.11/site-packages/airflow/example_dags/example_dynamic_task_mapping_with_no_taskflow_operators.py
[2023-12-16T12:47:27.388+0500] {logging_mixin.py:154} INFO - [2023-12-16T12:47:27.388+0500] {dag.py:2941} INFO - Sync 1 DAGs
[2023-12-16T12:47:27.402+0500] {logging_mixin.py:154} INFO - [2023-12-16T12:47:27.402+0500] {dag.py:3722} INFO - Setting next_dagrun for example_dynamic_task_mapping_with_no_taskflow_operators to 2023-12-15T07:47:27.402369+00:00, run_after=2023-12-16T07:47:27.402369+00:00
[2023-12-16T12:47:27.524+0500] {processor.py:179} INFO - Processing /home/amina/miniconda/lib/python3.11/site-packages/airflow/example_dags/example_dynamic_task_mapping_with_no_taskflow_operators.py took 0.190 seconds
[2023-12-16T12:48:45.198+0500] {processor.py:157} INFO - Started process (PID=37621) to work on /home/amina/miniconda/lib/python3.11/site-packages/airflow/example_dags/example_dynamic_task_mapping_with_no_taskflow_operators.py
[2023-12-16T12:48:45.220+0500] {processor.py:829} INFO - Processing file /home/amina/miniconda/lib/python3.11/site-packages/airflow/example_dags/example_dynamic_task_mapping_with_no_taskflow_operators.py for tasks to queue
[2023-12-16T12:48:45.221+0500] {logging_mixin.py:154} INFO - [2023-12-16T12:48:45.220+0500] {dagbag.py:536} INFO - Filling up the DagBag from /home/amina/miniconda/lib/python3.11/site-packages/airflow/example_dags/example_dynamic_task_mapping_with_no_taskflow_operators.py
[2023-12-16T12:48:45.227+0500] {processor.py:839} INFO - DAG(s) dict_keys(['example_dynamic_task_mapping_with_no_taskflow_operators']) retrieved from /home/amina/miniconda/lib/python3.11/site-packages/airflow/example_dags/example_dynamic_task_mapping_with_no_taskflow_operators.py
[2023-12-16T12:48:45.251+0500] {logging_mixin.py:154} INFO - [2023-12-16T12:48:45.250+0500] {dag.py:2941} INFO - Sync 1 DAGs
[2023-12-16T12:48:45.272+0500] {logging_mixin.py:154} INFO - [2023-12-16T12:48:45.272+0500] {dag.py:3722} INFO - Setting next_dagrun for example_dynamic_task_mapping_with_no_taskflow_operators to 2023-12-15T07:48:45.272573+00:00, run_after=2023-12-16T07:48:45.272573+00:00
[2023-12-16T12:48:45.407+0500] {processor.py:179} INFO - Processing /home/amina/miniconda/lib/python3.11/site-packages/airflow/example_dags/example_dynamic_task_mapping_with_no_taskflow_operators.py took 0.212 seconds
[2023-12-16T12:49:48.083+0500] {processor.py:157} INFO - Started process (PID=38342) to work on /home/amina/miniconda/lib/python3.11/site-packages/airflow/example_dags/example_dynamic_task_mapping_with_no_taskflow_operators.py
[2023-12-16T12:49:48.143+0500] {processor.py:829} INFO - Processing file /home/amina/miniconda/lib/python3.11/site-packages/airflow/example_dags/example_dynamic_task_mapping_with_no_taskflow_operators.py for tasks to queue
[2023-12-16T12:49:48.144+0500] {logging_mixin.py:154} INFO - [2023-12-16T12:49:48.144+0500] {dagbag.py:536} INFO - Filling up the DagBag from /home/amina/miniconda/lib/python3.11/site-packages/airflow/example_dags/example_dynamic_task_mapping_with_no_taskflow_operators.py
[2023-12-16T12:49:48.150+0500] {processor.py:839} INFO - DAG(s) dict_keys(['example_dynamic_task_mapping_with_no_taskflow_operators']) retrieved from /home/amina/miniconda/lib/python3.11/site-packages/airflow/example_dags/example_dynamic_task_mapping_with_no_taskflow_operators.py
[2023-12-16T12:49:48.166+0500] {logging_mixin.py:154} INFO - [2023-12-16T12:49:48.166+0500] {dag.py:2941} INFO - Sync 1 DAGs
[2023-12-16T12:49:48.184+0500] {logging_mixin.py:154} INFO - [2023-12-16T12:49:48.184+0500] {dag.py:3722} INFO - Setting next_dagrun for example_dynamic_task_mapping_with_no_taskflow_operators to 2023-12-15T07:49:48.184174+00:00, run_after=2023-12-16T07:49:48.184174+00:00
[2023-12-16T12:49:48.543+0500] {processor.py:179} INFO - Processing /home/amina/miniconda/lib/python3.11/site-packages/airflow/example_dags/example_dynamic_task_mapping_with_no_taskflow_operators.py took 0.463 seconds
[2023-12-16T12:50:55.413+0500] {processor.py:157} INFO - Started process (PID=38497) to work on /home/amina/miniconda/lib/python3.11/site-packages/airflow/example_dags/example_dynamic_task_mapping_with_no_taskflow_operators.py
[2023-12-16T12:50:55.456+0500] {processor.py:829} INFO - Processing file /home/amina/miniconda/lib/python3.11/site-packages/airflow/example_dags/example_dynamic_task_mapping_with_no_taskflow_operators.py for tasks to queue
[2023-12-16T12:50:55.458+0500] {logging_mixin.py:154} INFO - [2023-12-16T12:50:55.457+0500] {dagbag.py:536} INFO - Filling up the DagBag from /home/amina/miniconda/lib/python3.11/site-packages/airflow/example_dags/example_dynamic_task_mapping_with_no_taskflow_operators.py
[2023-12-16T12:50:55.463+0500] {processor.py:839} INFO - DAG(s) dict_keys(['example_dynamic_task_mapping_with_no_taskflow_operators']) retrieved from /home/amina/miniconda/lib/python3.11/site-packages/airflow/example_dags/example_dynamic_task_mapping_with_no_taskflow_operators.py
[2023-12-16T12:50:55.481+0500] {logging_mixin.py:154} INFO - [2023-12-16T12:50:55.481+0500] {dag.py:2941} INFO - Sync 1 DAGs
[2023-12-16T12:50:55.499+0500] {logging_mixin.py:154} INFO - [2023-12-16T12:50:55.499+0500] {dag.py:3722} INFO - Setting next_dagrun for example_dynamic_task_mapping_with_no_taskflow_operators to 2023-12-15T07:50:55.499272+00:00, run_after=2023-12-16T07:50:55.499272+00:00
[2023-12-16T12:50:55.756+0500] {processor.py:179} INFO - Processing /home/amina/miniconda/lib/python3.11/site-packages/airflow/example_dags/example_dynamic_task_mapping_with_no_taskflow_operators.py took 0.346 seconds
[2023-12-16T12:51:57.226+0500] {processor.py:157} INFO - Started process (PID=38547) to work on /home/amina/miniconda/lib/python3.11/site-packages/airflow/example_dags/example_dynamic_task_mapping_with_no_taskflow_operators.py
[2023-12-16T12:51:57.261+0500] {processor.py:829} INFO - Processing file /home/amina/miniconda/lib/python3.11/site-packages/airflow/example_dags/example_dynamic_task_mapping_with_no_taskflow_operators.py for tasks to queue
[2023-12-16T12:51:57.262+0500] {logging_mixin.py:154} INFO - [2023-12-16T12:51:57.261+0500] {dagbag.py:536} INFO - Filling up the DagBag from /home/amina/miniconda/lib/python3.11/site-packages/airflow/example_dags/example_dynamic_task_mapping_with_no_taskflow_operators.py
[2023-12-16T12:51:57.267+0500] {processor.py:839} INFO - DAG(s) dict_keys(['example_dynamic_task_mapping_with_no_taskflow_operators']) retrieved from /home/amina/miniconda/lib/python3.11/site-packages/airflow/example_dags/example_dynamic_task_mapping_with_no_taskflow_operators.py
[2023-12-16T12:51:57.283+0500] {logging_mixin.py:154} INFO - [2023-12-16T12:51:57.283+0500] {dag.py:2941} INFO - Sync 1 DAGs
[2023-12-16T12:51:57.303+0500] {logging_mixin.py:154} INFO - [2023-12-16T12:51:57.303+0500] {dag.py:3722} INFO - Setting next_dagrun for example_dynamic_task_mapping_with_no_taskflow_operators to 2023-12-15T07:51:57.302947+00:00, run_after=2023-12-16T07:51:57.302947+00:00
[2023-12-16T12:51:57.419+0500] {processor.py:179} INFO - Processing /home/amina/miniconda/lib/python3.11/site-packages/airflow/example_dags/example_dynamic_task_mapping_with_no_taskflow_operators.py took 0.198 seconds
[2023-12-16T12:52:52.476+0500] {processor.py:157} INFO - Started process (PID=38597) to work on /home/amina/miniconda/lib/python3.11/site-packages/airflow/example_dags/example_dynamic_task_mapping_with_no_taskflow_operators.py
[2023-12-16T12:52:52.523+0500] {processor.py:829} INFO - Processing file /home/amina/miniconda/lib/python3.11/site-packages/airflow/example_dags/example_dynamic_task_mapping_with_no_taskflow_operators.py for tasks to queue
[2023-12-16T12:52:52.524+0500] {logging_mixin.py:154} INFO - [2023-12-16T12:52:52.524+0500] {dagbag.py:536} INFO - Filling up the DagBag from /home/amina/miniconda/lib/python3.11/site-packages/airflow/example_dags/example_dynamic_task_mapping_with_no_taskflow_operators.py
[2023-12-16T12:52:52.530+0500] {processor.py:839} INFO - DAG(s) dict_keys(['example_dynamic_task_mapping_with_no_taskflow_operators']) retrieved from /home/amina/miniconda/lib/python3.11/site-packages/airflow/example_dags/example_dynamic_task_mapping_with_no_taskflow_operators.py
[2023-12-16T12:52:52.549+0500] {logging_mixin.py:154} INFO - [2023-12-16T12:52:52.549+0500] {dag.py:2941} INFO - Sync 1 DAGs
[2023-12-16T12:52:52.578+0500] {logging_mixin.py:154} INFO - [2023-12-16T12:52:52.578+0500] {dag.py:3722} INFO - Setting next_dagrun for example_dynamic_task_mapping_with_no_taskflow_operators to 2023-12-15T07:52:52.577713+00:00, run_after=2023-12-16T07:52:52.577713+00:00
[2023-12-16T12:52:52.677+0500] {processor.py:179} INFO - Processing /home/amina/miniconda/lib/python3.11/site-packages/airflow/example_dags/example_dynamic_task_mapping_with_no_taskflow_operators.py took 0.203 seconds
[2023-12-16T12:54:29.972+0500] {processor.py:157} INFO - Started process (PID=39022) to work on /home/amina/miniconda/lib/python3.11/site-packages/airflow/example_dags/example_dynamic_task_mapping_with_no_taskflow_operators.py
[2023-12-16T12:54:29.991+0500] {processor.py:829} INFO - Processing file /home/amina/miniconda/lib/python3.11/site-packages/airflow/example_dags/example_dynamic_task_mapping_with_no_taskflow_operators.py for tasks to queue
[2023-12-16T12:54:29.992+0500] {logging_mixin.py:154} INFO - [2023-12-16T12:54:29.991+0500] {dagbag.py:536} INFO - Filling up the DagBag from /home/amina/miniconda/lib/python3.11/site-packages/airflow/example_dags/example_dynamic_task_mapping_with_no_taskflow_operators.py
[2023-12-16T12:54:29.997+0500] {processor.py:839} INFO - DAG(s) dict_keys(['example_dynamic_task_mapping_with_no_taskflow_operators']) retrieved from /home/amina/miniconda/lib/python3.11/site-packages/airflow/example_dags/example_dynamic_task_mapping_with_no_taskflow_operators.py
[2023-12-16T12:54:30.015+0500] {logging_mixin.py:154} INFO - [2023-12-16T12:54:30.015+0500] {dag.py:2941} INFO - Sync 1 DAGs
[2023-12-16T12:54:30.032+0500] {logging_mixin.py:154} INFO - [2023-12-16T12:54:30.031+0500] {dag.py:3722} INFO - Setting next_dagrun for example_dynamic_task_mapping_with_no_taskflow_operators to 2023-12-15T07:54:30.031709+00:00, run_after=2023-12-16T07:54:30.031709+00:00
[2023-12-16T12:54:30.138+0500] {processor.py:179} INFO - Processing /home/amina/miniconda/lib/python3.11/site-packages/airflow/example_dags/example_dynamic_task_mapping_with_no_taskflow_operators.py took 0.169 seconds
[2023-12-16T12:55:26.288+0500] {processor.py:157} INFO - Started process (PID=39070) to work on /home/amina/miniconda/lib/python3.11/site-packages/airflow/example_dags/example_dynamic_task_mapping_with_no_taskflow_operators.py
[2023-12-16T12:55:26.313+0500] {processor.py:829} INFO - Processing file /home/amina/miniconda/lib/python3.11/site-packages/airflow/example_dags/example_dynamic_task_mapping_with_no_taskflow_operators.py for tasks to queue
[2023-12-16T12:55:26.314+0500] {logging_mixin.py:154} INFO - [2023-12-16T12:55:26.314+0500] {dagbag.py:536} INFO - Filling up the DagBag from /home/amina/miniconda/lib/python3.11/site-packages/airflow/example_dags/example_dynamic_task_mapping_with_no_taskflow_operators.py
[2023-12-16T12:55:26.322+0500] {processor.py:839} INFO - DAG(s) dict_keys(['example_dynamic_task_mapping_with_no_taskflow_operators']) retrieved from /home/amina/miniconda/lib/python3.11/site-packages/airflow/example_dags/example_dynamic_task_mapping_with_no_taskflow_operators.py
[2023-12-16T12:55:26.340+0500] {logging_mixin.py:154} INFO - [2023-12-16T12:55:26.340+0500] {dag.py:2941} INFO - Sync 1 DAGs
[2023-12-16T12:55:26.357+0500] {logging_mixin.py:154} INFO - [2023-12-16T12:55:26.357+0500] {dag.py:3722} INFO - Setting next_dagrun for example_dynamic_task_mapping_with_no_taskflow_operators to 2023-12-15T07:55:26.357526+00:00, run_after=2023-12-16T07:55:26.357526+00:00
[2023-12-16T12:55:26.470+0500] {processor.py:179} INFO - Processing /home/amina/miniconda/lib/python3.11/site-packages/airflow/example_dags/example_dynamic_task_mapping_with_no_taskflow_operators.py took 0.185 seconds
[2023-12-16T12:56:41.638+0500] {processor.py:157} INFO - Started process (PID=39174) to work on /home/amina/miniconda/lib/python3.11/site-packages/airflow/example_dags/example_dynamic_task_mapping_with_no_taskflow_operators.py
[2023-12-16T12:56:41.671+0500] {processor.py:829} INFO - Processing file /home/amina/miniconda/lib/python3.11/site-packages/airflow/example_dags/example_dynamic_task_mapping_with_no_taskflow_operators.py for tasks to queue
[2023-12-16T12:56:41.672+0500] {logging_mixin.py:154} INFO - [2023-12-16T12:56:41.672+0500] {dagbag.py:536} INFO - Filling up the DagBag from /home/amina/miniconda/lib/python3.11/site-packages/airflow/example_dags/example_dynamic_task_mapping_with_no_taskflow_operators.py
[2023-12-16T12:56:41.679+0500] {processor.py:839} INFO - DAG(s) dict_keys(['example_dynamic_task_mapping_with_no_taskflow_operators']) retrieved from /home/amina/miniconda/lib/python3.11/site-packages/airflow/example_dags/example_dynamic_task_mapping_with_no_taskflow_operators.py
[2023-12-16T12:56:41.698+0500] {logging_mixin.py:154} INFO - [2023-12-16T12:56:41.697+0500] {dag.py:2941} INFO - Sync 1 DAGs
[2023-12-16T12:56:41.718+0500] {logging_mixin.py:154} INFO - [2023-12-16T12:56:41.718+0500] {dag.py:3722} INFO - Setting next_dagrun for example_dynamic_task_mapping_with_no_taskflow_operators to 2023-12-15T07:56:41.718553+00:00, run_after=2023-12-16T07:56:41.718553+00:00
[2023-12-16T12:56:41.821+0500] {processor.py:179} INFO - Processing /home/amina/miniconda/lib/python3.11/site-packages/airflow/example_dags/example_dynamic_task_mapping_with_no_taskflow_operators.py took 0.186 seconds
[2023-12-16T12:57:55.436+0500] {processor.py:157} INFO - Started process (PID=39241) to work on /home/amina/miniconda/lib/python3.11/site-packages/airflow/example_dags/example_dynamic_task_mapping_with_no_taskflow_operators.py
[2023-12-16T12:57:55.481+0500] {processor.py:829} INFO - Processing file /home/amina/miniconda/lib/python3.11/site-packages/airflow/example_dags/example_dynamic_task_mapping_with_no_taskflow_operators.py for tasks to queue
[2023-12-16T12:57:55.482+0500] {logging_mixin.py:154} INFO - [2023-12-16T12:57:55.482+0500] {dagbag.py:536} INFO - Filling up the DagBag from /home/amina/miniconda/lib/python3.11/site-packages/airflow/example_dags/example_dynamic_task_mapping_with_no_taskflow_operators.py
[2023-12-16T12:57:55.488+0500] {processor.py:839} INFO - DAG(s) dict_keys(['example_dynamic_task_mapping_with_no_taskflow_operators']) retrieved from /home/amina/miniconda/lib/python3.11/site-packages/airflow/example_dags/example_dynamic_task_mapping_with_no_taskflow_operators.py
[2023-12-16T12:57:55.505+0500] {logging_mixin.py:154} INFO - [2023-12-16T12:57:55.504+0500] {dag.py:2941} INFO - Sync 1 DAGs
[2023-12-16T12:57:55.519+0500] {logging_mixin.py:154} INFO - [2023-12-16T12:57:55.519+0500] {dag.py:3722} INFO - Setting next_dagrun for example_dynamic_task_mapping_with_no_taskflow_operators to 2023-12-15T07:57:55.518966+00:00, run_after=2023-12-16T07:57:55.518966+00:00
[2023-12-16T12:57:55.619+0500] {processor.py:179} INFO - Processing /home/amina/miniconda/lib/python3.11/site-packages/airflow/example_dags/example_dynamic_task_mapping_with_no_taskflow_operators.py took 0.186 seconds
[2023-12-16T12:59:13.102+0500] {processor.py:157} INFO - Started process (PID=39316) to work on /home/amina/miniconda/lib/python3.11/site-packages/airflow/example_dags/example_dynamic_task_mapping_with_no_taskflow_operators.py
[2023-12-16T12:59:13.160+0500] {processor.py:829} INFO - Processing file /home/amina/miniconda/lib/python3.11/site-packages/airflow/example_dags/example_dynamic_task_mapping_with_no_taskflow_operators.py for tasks to queue
[2023-12-16T12:59:13.161+0500] {logging_mixin.py:154} INFO - [2023-12-16T12:59:13.161+0500] {dagbag.py:536} INFO - Filling up the DagBag from /home/amina/miniconda/lib/python3.11/site-packages/airflow/example_dags/example_dynamic_task_mapping_with_no_taskflow_operators.py
[2023-12-16T12:59:13.166+0500] {processor.py:839} INFO - DAG(s) dict_keys(['example_dynamic_task_mapping_with_no_taskflow_operators']) retrieved from /home/amina/miniconda/lib/python3.11/site-packages/airflow/example_dags/example_dynamic_task_mapping_with_no_taskflow_operators.py
[2023-12-16T12:59:13.179+0500] {logging_mixin.py:154} INFO - [2023-12-16T12:59:13.179+0500] {dag.py:2941} INFO - Sync 1 DAGs
[2023-12-16T12:59:13.193+0500] {logging_mixin.py:154} INFO - [2023-12-16T12:59:13.193+0500] {dag.py:3722} INFO - Setting next_dagrun for example_dynamic_task_mapping_with_no_taskflow_operators to 2023-12-15T07:59:13.193246+00:00, run_after=2023-12-16T07:59:13.193246+00:00
[2023-12-16T12:59:13.301+0500] {processor.py:179} INFO - Processing /home/amina/miniconda/lib/python3.11/site-packages/airflow/example_dags/example_dynamic_task_mapping_with_no_taskflow_operators.py took 0.202 seconds
[2023-12-16T13:00:29.296+0500] {processor.py:157} INFO - Started process (PID=39399) to work on /home/amina/miniconda/lib/python3.11/site-packages/airflow/example_dags/example_dynamic_task_mapping_with_no_taskflow_operators.py
[2023-12-16T13:00:29.316+0500] {processor.py:829} INFO - Processing file /home/amina/miniconda/lib/python3.11/site-packages/airflow/example_dags/example_dynamic_task_mapping_with_no_taskflow_operators.py for tasks to queue
[2023-12-16T13:00:29.317+0500] {logging_mixin.py:154} INFO - [2023-12-16T13:00:29.317+0500] {dagbag.py:536} INFO - Filling up the DagBag from /home/amina/miniconda/lib/python3.11/site-packages/airflow/example_dags/example_dynamic_task_mapping_with_no_taskflow_operators.py
[2023-12-16T13:00:29.324+0500] {processor.py:839} INFO - DAG(s) dict_keys(['example_dynamic_task_mapping_with_no_taskflow_operators']) retrieved from /home/amina/miniconda/lib/python3.11/site-packages/airflow/example_dags/example_dynamic_task_mapping_with_no_taskflow_operators.py
[2023-12-16T13:00:29.344+0500] {logging_mixin.py:154} INFO - [2023-12-16T13:00:29.344+0500] {dag.py:2941} INFO - Sync 1 DAGs
[2023-12-16T13:00:29.373+0500] {logging_mixin.py:154} INFO - [2023-12-16T13:00:29.373+0500] {dag.py:3722} INFO - Setting next_dagrun for example_dynamic_task_mapping_with_no_taskflow_operators to 2023-12-15T08:00:29.372974+00:00, run_after=2023-12-16T08:00:29.372974+00:00
[2023-12-16T13:00:29.486+0500] {processor.py:179} INFO - Processing /home/amina/miniconda/lib/python3.11/site-packages/airflow/example_dags/example_dynamic_task_mapping_with_no_taskflow_operators.py took 0.194 seconds
[2023-12-16T13:01:44.001+0500] {processor.py:157} INFO - Started process (PID=39488) to work on /home/amina/miniconda/lib/python3.11/site-packages/airflow/example_dags/example_dynamic_task_mapping_with_no_taskflow_operators.py
[2023-12-16T13:01:44.015+0500] {processor.py:829} INFO - Processing file /home/amina/miniconda/lib/python3.11/site-packages/airflow/example_dags/example_dynamic_task_mapping_with_no_taskflow_operators.py for tasks to queue
[2023-12-16T13:01:44.016+0500] {logging_mixin.py:154} INFO - [2023-12-16T13:01:44.016+0500] {dagbag.py:536} INFO - Filling up the DagBag from /home/amina/miniconda/lib/python3.11/site-packages/airflow/example_dags/example_dynamic_task_mapping_with_no_taskflow_operators.py
[2023-12-16T13:01:44.025+0500] {processor.py:839} INFO - DAG(s) dict_keys(['example_dynamic_task_mapping_with_no_taskflow_operators']) retrieved from /home/amina/miniconda/lib/python3.11/site-packages/airflow/example_dags/example_dynamic_task_mapping_with_no_taskflow_operators.py
[2023-12-16T13:01:44.041+0500] {logging_mixin.py:154} INFO - [2023-12-16T13:01:44.041+0500] {dag.py:2941} INFO - Sync 1 DAGs
[2023-12-16T13:01:44.060+0500] {logging_mixin.py:154} INFO - [2023-12-16T13:01:44.060+0500] {dag.py:3722} INFO - Setting next_dagrun for example_dynamic_task_mapping_with_no_taskflow_operators to 2023-12-15T08:01:44.060478+00:00, run_after=2023-12-16T08:01:44.060478+00:00
[2023-12-16T13:01:44.173+0500] {processor.py:179} INFO - Processing /home/amina/miniconda/lib/python3.11/site-packages/airflow/example_dags/example_dynamic_task_mapping_with_no_taskflow_operators.py took 0.179 seconds
[2023-12-16T13:02:59.423+0500] {processor.py:157} INFO - Started process (PID=39580) to work on /home/amina/miniconda/lib/python3.11/site-packages/airflow/example_dags/example_dynamic_task_mapping_with_no_taskflow_operators.py
[2023-12-16T13:02:59.433+0500] {processor.py:829} INFO - Processing file /home/amina/miniconda/lib/python3.11/site-packages/airflow/example_dags/example_dynamic_task_mapping_with_no_taskflow_operators.py for tasks to queue
[2023-12-16T13:02:59.434+0500] {logging_mixin.py:154} INFO - [2023-12-16T13:02:59.433+0500] {dagbag.py:536} INFO - Filling up the DagBag from /home/amina/miniconda/lib/python3.11/site-packages/airflow/example_dags/example_dynamic_task_mapping_with_no_taskflow_operators.py
[2023-12-16T13:02:59.439+0500] {processor.py:839} INFO - DAG(s) dict_keys(['example_dynamic_task_mapping_with_no_taskflow_operators']) retrieved from /home/amina/miniconda/lib/python3.11/site-packages/airflow/example_dags/example_dynamic_task_mapping_with_no_taskflow_operators.py
[2023-12-16T13:02:59.453+0500] {logging_mixin.py:154} INFO - [2023-12-16T13:02:59.453+0500] {dag.py:2941} INFO - Sync 1 DAGs
[2023-12-16T13:02:59.468+0500] {logging_mixin.py:154} INFO - [2023-12-16T13:02:59.468+0500] {dag.py:3722} INFO - Setting next_dagrun for example_dynamic_task_mapping_with_no_taskflow_operators to 2023-12-15T08:02:59.468565+00:00, run_after=2023-12-16T08:02:59.468565+00:00
[2023-12-16T13:02:59.577+0500] {processor.py:179} INFO - Processing /home/amina/miniconda/lib/python3.11/site-packages/airflow/example_dags/example_dynamic_task_mapping_with_no_taskflow_operators.py took 0.157 seconds
[2023-12-16T13:04:21.253+0500] {processor.py:157} INFO - Started process (PID=39865) to work on /home/amina/miniconda/lib/python3.11/site-packages/airflow/example_dags/example_dynamic_task_mapping_with_no_taskflow_operators.py
[2023-12-16T13:04:21.254+0500] {processor.py:829} INFO - Processing file /home/amina/miniconda/lib/python3.11/site-packages/airflow/example_dags/example_dynamic_task_mapping_with_no_taskflow_operators.py for tasks to queue
[2023-12-16T13:04:21.255+0500] {logging_mixin.py:154} INFO - [2023-12-16T13:04:21.255+0500] {dagbag.py:536} INFO - Filling up the DagBag from /home/amina/miniconda/lib/python3.11/site-packages/airflow/example_dags/example_dynamic_task_mapping_with_no_taskflow_operators.py
[2023-12-16T13:04:21.263+0500] {processor.py:839} INFO - DAG(s) dict_keys(['example_dynamic_task_mapping_with_no_taskflow_operators']) retrieved from /home/amina/miniconda/lib/python3.11/site-packages/airflow/example_dags/example_dynamic_task_mapping_with_no_taskflow_operators.py
[2023-12-16T13:04:21.275+0500] {logging_mixin.py:154} INFO - [2023-12-16T13:04:21.275+0500] {dag.py:2941} INFO - Sync 1 DAGs
[2023-12-16T13:04:21.290+0500] {logging_mixin.py:154} INFO - [2023-12-16T13:04:21.290+0500] {dag.py:3722} INFO - Setting next_dagrun for example_dynamic_task_mapping_with_no_taskflow_operators to 2023-12-15T08:04:21.290264+00:00, run_after=2023-12-16T08:04:21.290264+00:00
[2023-12-16T13:04:21.398+0500] {processor.py:179} INFO - Processing /home/amina/miniconda/lib/python3.11/site-packages/airflow/example_dags/example_dynamic_task_mapping_with_no_taskflow_operators.py took 0.148 seconds
[2023-12-16T13:05:16.665+0500] {processor.py:157} INFO - Started process (PID=39989) to work on /home/amina/miniconda/lib/python3.11/site-packages/airflow/example_dags/example_dynamic_task_mapping_with_no_taskflow_operators.py
[2023-12-16T13:05:16.669+0500] {processor.py:829} INFO - Processing file /home/amina/miniconda/lib/python3.11/site-packages/airflow/example_dags/example_dynamic_task_mapping_with_no_taskflow_operators.py for tasks to queue
[2023-12-16T13:05:16.670+0500] {logging_mixin.py:154} INFO - [2023-12-16T13:05:16.670+0500] {dagbag.py:536} INFO - Filling up the DagBag from /home/amina/miniconda/lib/python3.11/site-packages/airflow/example_dags/example_dynamic_task_mapping_with_no_taskflow_operators.py
[2023-12-16T13:05:16.678+0500] {processor.py:839} INFO - DAG(s) dict_keys(['example_dynamic_task_mapping_with_no_taskflow_operators']) retrieved from /home/amina/miniconda/lib/python3.11/site-packages/airflow/example_dags/example_dynamic_task_mapping_with_no_taskflow_operators.py
[2023-12-16T13:05:16.691+0500] {logging_mixin.py:154} INFO - [2023-12-16T13:05:16.690+0500] {dag.py:2941} INFO - Sync 1 DAGs
[2023-12-16T13:05:16.705+0500] {logging_mixin.py:154} INFO - [2023-12-16T13:05:16.705+0500] {dag.py:3722} INFO - Setting next_dagrun for example_dynamic_task_mapping_with_no_taskflow_operators to 2023-12-15T08:05:16.704809+00:00, run_after=2023-12-16T08:05:16.704809+00:00
[2023-12-16T13:05:16.815+0500] {processor.py:179} INFO - Processing /home/amina/miniconda/lib/python3.11/site-packages/airflow/example_dags/example_dynamic_task_mapping_with_no_taskflow_operators.py took 0.152 seconds
[2023-12-16T13:06:30.105+0500] {processor.py:157} INFO - Started process (PID=40070) to work on /home/amina/miniconda/lib/python3.11/site-packages/airflow/example_dags/example_dynamic_task_mapping_with_no_taskflow_operators.py
[2023-12-16T13:06:30.155+0500] {processor.py:829} INFO - Processing file /home/amina/miniconda/lib/python3.11/site-packages/airflow/example_dags/example_dynamic_task_mapping_with_no_taskflow_operators.py for tasks to queue
[2023-12-16T13:06:30.156+0500] {logging_mixin.py:154} INFO - [2023-12-16T13:06:30.155+0500] {dagbag.py:536} INFO - Filling up the DagBag from /home/amina/miniconda/lib/python3.11/site-packages/airflow/example_dags/example_dynamic_task_mapping_with_no_taskflow_operators.py
[2023-12-16T13:06:30.161+0500] {processor.py:839} INFO - DAG(s) dict_keys(['example_dynamic_task_mapping_with_no_taskflow_operators']) retrieved from /home/amina/miniconda/lib/python3.11/site-packages/airflow/example_dags/example_dynamic_task_mapping_with_no_taskflow_operators.py
[2023-12-16T13:06:30.174+0500] {logging_mixin.py:154} INFO - [2023-12-16T13:06:30.174+0500] {dag.py:2941} INFO - Sync 1 DAGs
[2023-12-16T13:06:30.189+0500] {logging_mixin.py:154} INFO - [2023-12-16T13:06:30.188+0500] {dag.py:3722} INFO - Setting next_dagrun for example_dynamic_task_mapping_with_no_taskflow_operators to 2023-12-15T08:06:30.188756+00:00, run_after=2023-12-16T08:06:30.188756+00:00
[2023-12-16T13:06:30.294+0500] {processor.py:179} INFO - Processing /home/amina/miniconda/lib/python3.11/site-packages/airflow/example_dags/example_dynamic_task_mapping_with_no_taskflow_operators.py took 0.192 seconds
[2023-12-16T13:07:45.487+0500] {processor.py:157} INFO - Started process (PID=40175) to work on /home/amina/miniconda/lib/python3.11/site-packages/airflow/example_dags/example_dynamic_task_mapping_with_no_taskflow_operators.py
[2023-12-16T13:07:45.517+0500] {processor.py:829} INFO - Processing file /home/amina/miniconda/lib/python3.11/site-packages/airflow/example_dags/example_dynamic_task_mapping_with_no_taskflow_operators.py for tasks to queue
[2023-12-16T13:07:45.518+0500] {logging_mixin.py:154} INFO - [2023-12-16T13:07:45.517+0500] {dagbag.py:536} INFO - Filling up the DagBag from /home/amina/miniconda/lib/python3.11/site-packages/airflow/example_dags/example_dynamic_task_mapping_with_no_taskflow_operators.py
[2023-12-16T13:07:45.523+0500] {processor.py:839} INFO - DAG(s) dict_keys(['example_dynamic_task_mapping_with_no_taskflow_operators']) retrieved from /home/amina/miniconda/lib/python3.11/site-packages/airflow/example_dags/example_dynamic_task_mapping_with_no_taskflow_operators.py
[2023-12-16T13:07:45.539+0500] {logging_mixin.py:154} INFO - [2023-12-16T13:07:45.539+0500] {dag.py:2941} INFO - Sync 1 DAGs
[2023-12-16T13:07:45.556+0500] {logging_mixin.py:154} INFO - [2023-12-16T13:07:45.556+0500] {dag.py:3722} INFO - Setting next_dagrun for example_dynamic_task_mapping_with_no_taskflow_operators to 2023-12-15T08:07:45.555918+00:00, run_after=2023-12-16T08:07:45.555918+00:00
[2023-12-16T13:07:45.756+0500] {processor.py:179} INFO - Processing /home/amina/miniconda/lib/python3.11/site-packages/airflow/example_dags/example_dynamic_task_mapping_with_no_taskflow_operators.py took 0.271 seconds
