[2023-12-16T12:23:12.131+0500] {processor.py:157} INFO - Started process (PID=20854) to work on /home/amina/miniconda/lib/python3.11/site-packages/airflow/example_dags/example_kubernetes_executor.py
[2023-12-16T12:23:12.132+0500] {processor.py:829} INFO - Processing file /home/amina/miniconda/lib/python3.11/site-packages/airflow/example_dags/example_kubernetes_executor.py for tasks to queue
[2023-12-16T12:23:12.133+0500] {logging_mixin.py:154} INFO - [2023-12-16T12:23:12.133+0500] {dagbag.py:536} INFO - Filling up the DagBag from /home/amina/miniconda/lib/python3.11/site-packages/airflow/example_dags/example_kubernetes_executor.py
[2023-12-16T12:23:12.137+0500] {logging_mixin.py:154} INFO - [2023-12-16T12:23:12.137+0500] {example_kubernetes_executor.py:38} WARNING - The example_kubernetes_executor example DAG requires the kubernetes provider. Please install it with: pip install apache-airflow[cncf.kubernetes]
[2023-12-16T12:23:12.137+0500] {processor.py:841} WARNING - No viable dags retrieved from /home/amina/miniconda/lib/python3.11/site-packages/airflow/example_dags/example_kubernetes_executor.py
[2023-12-16T12:23:12.150+0500] {processor.py:179} INFO - Processing /home/amina/miniconda/lib/python3.11/site-packages/airflow/example_dags/example_kubernetes_executor.py took 0.022 seconds
[2023-12-16T12:24:08.487+0500] {processor.py:157} INFO - Started process (PID=22152) to work on /home/amina/miniconda/lib/python3.11/site-packages/airflow/example_dags/example_kubernetes_executor.py
[2023-12-16T12:24:08.522+0500] {processor.py:829} INFO - Processing file /home/amina/miniconda/lib/python3.11/site-packages/airflow/example_dags/example_kubernetes_executor.py for tasks to queue
[2023-12-16T12:24:08.524+0500] {logging_mixin.py:154} INFO - [2023-12-16T12:24:08.523+0500] {dagbag.py:536} INFO - Filling up the DagBag from /home/amina/miniconda/lib/python3.11/site-packages/airflow/example_dags/example_kubernetes_executor.py
[2023-12-16T12:24:08.528+0500] {logging_mixin.py:154} INFO - [2023-12-16T12:24:08.528+0500] {example_kubernetes_executor.py:38} WARNING - The example_kubernetes_executor example DAG requires the kubernetes provider. Please install it with: pip install apache-airflow[cncf.kubernetes]
[2023-12-16T12:24:08.529+0500] {processor.py:841} WARNING - No viable dags retrieved from /home/amina/miniconda/lib/python3.11/site-packages/airflow/example_dags/example_kubernetes_executor.py
[2023-12-16T12:24:08.544+0500] {processor.py:179} INFO - Processing /home/amina/miniconda/lib/python3.11/site-packages/airflow/example_dags/example_kubernetes_executor.py took 0.061 seconds
[2023-12-16T12:25:42.309+0500] {processor.py:157} INFO - Started process (PID=24025) to work on /home/amina/miniconda/lib/python3.11/site-packages/airflow/example_dags/example_kubernetes_executor.py
[2023-12-16T12:25:42.435+0500] {processor.py:829} INFO - Processing file /home/amina/miniconda/lib/python3.11/site-packages/airflow/example_dags/example_kubernetes_executor.py for tasks to queue
[2023-12-16T12:25:42.436+0500] {logging_mixin.py:154} INFO - [2023-12-16T12:25:42.435+0500] {dagbag.py:536} INFO - Filling up the DagBag from /home/amina/miniconda/lib/python3.11/site-packages/airflow/example_dags/example_kubernetes_executor.py
[2023-12-16T12:25:42.438+0500] {logging_mixin.py:154} INFO - [2023-12-16T12:25:42.438+0500] {example_kubernetes_executor.py:38} WARNING - The example_kubernetes_executor example DAG requires the kubernetes provider. Please install it with: pip install apache-airflow[cncf.kubernetes]
[2023-12-16T12:25:42.439+0500] {processor.py:841} WARNING - No viable dags retrieved from /home/amina/miniconda/lib/python3.11/site-packages/airflow/example_dags/example_kubernetes_executor.py
[2023-12-16T12:25:42.448+0500] {processor.py:179} INFO - Processing /home/amina/miniconda/lib/python3.11/site-packages/airflow/example_dags/example_kubernetes_executor.py took 0.142 seconds
[2023-12-16T12:26:58.234+0500] {processor.py:157} INFO - Started process (PID=25361) to work on /home/amina/miniconda/lib/python3.11/site-packages/airflow/example_dags/example_kubernetes_executor.py
[2023-12-16T12:26:58.279+0500] {processor.py:829} INFO - Processing file /home/amina/miniconda/lib/python3.11/site-packages/airflow/example_dags/example_kubernetes_executor.py for tasks to queue
[2023-12-16T12:26:58.279+0500] {logging_mixin.py:154} INFO - [2023-12-16T12:26:58.279+0500] {dagbag.py:536} INFO - Filling up the DagBag from /home/amina/miniconda/lib/python3.11/site-packages/airflow/example_dags/example_kubernetes_executor.py
[2023-12-16T12:26:58.282+0500] {logging_mixin.py:154} INFO - [2023-12-16T12:26:58.282+0500] {example_kubernetes_executor.py:38} WARNING - The example_kubernetes_executor example DAG requires the kubernetes provider. Please install it with: pip install apache-airflow[cncf.kubernetes]
[2023-12-16T12:26:58.283+0500] {processor.py:841} WARNING - No viable dags retrieved from /home/amina/miniconda/lib/python3.11/site-packages/airflow/example_dags/example_kubernetes_executor.py
[2023-12-16T12:26:58.292+0500] {processor.py:179} INFO - Processing /home/amina/miniconda/lib/python3.11/site-packages/airflow/example_dags/example_kubernetes_executor.py took 0.061 seconds
[2023-12-16T12:30:21.583+0500] {processor.py:157} INFO - Started process (PID=29424) to work on /home/amina/miniconda/lib/python3.11/site-packages/airflow/example_dags/example_kubernetes_executor.py
[2023-12-16T12:30:21.630+0500] {processor.py:829} INFO - Processing file /home/amina/miniconda/lib/python3.11/site-packages/airflow/example_dags/example_kubernetes_executor.py for tasks to queue
[2023-12-16T12:30:21.631+0500] {logging_mixin.py:154} INFO - [2023-12-16T12:30:21.630+0500] {dagbag.py:536} INFO - Filling up the DagBag from /home/amina/miniconda/lib/python3.11/site-packages/airflow/example_dags/example_kubernetes_executor.py
[2023-12-16T12:30:21.635+0500] {logging_mixin.py:154} INFO - [2023-12-16T12:30:21.635+0500] {example_kubernetes_executor.py:38} WARNING - The example_kubernetes_executor example DAG requires the kubernetes provider. Please install it with: pip install apache-airflow[cncf.kubernetes]
[2023-12-16T12:30:21.636+0500] {processor.py:841} WARNING - No viable dags retrieved from /home/amina/miniconda/lib/python3.11/site-packages/airflow/example_dags/example_kubernetes_executor.py
[2023-12-16T12:30:21.652+0500] {processor.py:179} INFO - Processing /home/amina/miniconda/lib/python3.11/site-packages/airflow/example_dags/example_kubernetes_executor.py took 0.074 seconds
[2023-12-16T12:31:24.832+0500] {processor.py:157} INFO - Started process (PID=31239) to work on /home/amina/miniconda/lib/python3.11/site-packages/airflow/example_dags/example_kubernetes_executor.py
[2023-12-16T12:31:24.883+0500] {processor.py:829} INFO - Processing file /home/amina/miniconda/lib/python3.11/site-packages/airflow/example_dags/example_kubernetes_executor.py for tasks to queue
[2023-12-16T12:31:24.883+0500] {logging_mixin.py:154} INFO - [2023-12-16T12:31:24.883+0500] {dagbag.py:536} INFO - Filling up the DagBag from /home/amina/miniconda/lib/python3.11/site-packages/airflow/example_dags/example_kubernetes_executor.py
[2023-12-16T12:31:24.886+0500] {logging_mixin.py:154} INFO - [2023-12-16T12:31:24.886+0500] {example_kubernetes_executor.py:38} WARNING - The example_kubernetes_executor example DAG requires the kubernetes provider. Please install it with: pip install apache-airflow[cncf.kubernetes]
[2023-12-16T12:31:24.886+0500] {processor.py:841} WARNING - No viable dags retrieved from /home/amina/miniconda/lib/python3.11/site-packages/airflow/example_dags/example_kubernetes_executor.py
[2023-12-16T12:31:24.895+0500] {processor.py:179} INFO - Processing /home/amina/miniconda/lib/python3.11/site-packages/airflow/example_dags/example_kubernetes_executor.py took 0.066 seconds
[2023-12-16T12:32:25.885+0500] {processor.py:157} INFO - Started process (PID=32669) to work on /home/amina/miniconda/lib/python3.11/site-packages/airflow/example_dags/example_kubernetes_executor.py
[2023-12-16T12:32:25.902+0500] {processor.py:829} INFO - Processing file /home/amina/miniconda/lib/python3.11/site-packages/airflow/example_dags/example_kubernetes_executor.py for tasks to queue
[2023-12-16T12:32:25.903+0500] {logging_mixin.py:154} INFO - [2023-12-16T12:32:25.902+0500] {dagbag.py:536} INFO - Filling up the DagBag from /home/amina/miniconda/lib/python3.11/site-packages/airflow/example_dags/example_kubernetes_executor.py
[2023-12-16T12:32:25.906+0500] {logging_mixin.py:154} INFO - [2023-12-16T12:32:25.906+0500] {example_kubernetes_executor.py:38} WARNING - The example_kubernetes_executor example DAG requires the kubernetes provider. Please install it with: pip install apache-airflow[cncf.kubernetes]
[2023-12-16T12:32:25.906+0500] {processor.py:841} WARNING - No viable dags retrieved from /home/amina/miniconda/lib/python3.11/site-packages/airflow/example_dags/example_kubernetes_executor.py
[2023-12-16T12:32:25.915+0500] {processor.py:179} INFO - Processing /home/amina/miniconda/lib/python3.11/site-packages/airflow/example_dags/example_kubernetes_executor.py took 0.034 seconds
[2023-12-16T12:33:26.433+0500] {processor.py:157} INFO - Started process (PID=33774) to work on /home/amina/miniconda/lib/python3.11/site-packages/airflow/example_dags/example_kubernetes_executor.py
[2023-12-16T12:33:26.461+0500] {processor.py:829} INFO - Processing file /home/amina/miniconda/lib/python3.11/site-packages/airflow/example_dags/example_kubernetes_executor.py for tasks to queue
[2023-12-16T12:33:26.462+0500] {logging_mixin.py:154} INFO - [2023-12-16T12:33:26.462+0500] {dagbag.py:536} INFO - Filling up the DagBag from /home/amina/miniconda/lib/python3.11/site-packages/airflow/example_dags/example_kubernetes_executor.py
[2023-12-16T12:33:26.465+0500] {logging_mixin.py:154} INFO - [2023-12-16T12:33:26.465+0500] {example_kubernetes_executor.py:38} WARNING - The example_kubernetes_executor example DAG requires the kubernetes provider. Please install it with: pip install apache-airflow[cncf.kubernetes]
[2023-12-16T12:33:26.465+0500] {processor.py:841} WARNING - No viable dags retrieved from /home/amina/miniconda/lib/python3.11/site-packages/airflow/example_dags/example_kubernetes_executor.py
[2023-12-16T12:33:26.476+0500] {processor.py:179} INFO - Processing /home/amina/miniconda/lib/python3.11/site-packages/airflow/example_dags/example_kubernetes_executor.py took 0.046 seconds
[2023-12-16T12:34:24.267+0500] {processor.py:157} INFO - Started process (PID=35561) to work on /home/amina/miniconda/lib/python3.11/site-packages/airflow/example_dags/example_kubernetes_executor.py
[2023-12-16T12:34:24.268+0500] {processor.py:829} INFO - Processing file /home/amina/miniconda/lib/python3.11/site-packages/airflow/example_dags/example_kubernetes_executor.py for tasks to queue
[2023-12-16T12:34:24.270+0500] {logging_mixin.py:154} INFO - [2023-12-16T12:34:24.269+0500] {dagbag.py:536} INFO - Filling up the DagBag from /home/amina/miniconda/lib/python3.11/site-packages/airflow/example_dags/example_kubernetes_executor.py
[2023-12-16T12:34:24.273+0500] {logging_mixin.py:154} INFO - [2023-12-16T12:34:24.272+0500] {example_kubernetes_executor.py:38} WARNING - The example_kubernetes_executor example DAG requires the kubernetes provider. Please install it with: pip install apache-airflow[cncf.kubernetes]
[2023-12-16T12:34:24.273+0500] {processor.py:841} WARNING - No viable dags retrieved from /home/amina/miniconda/lib/python3.11/site-packages/airflow/example_dags/example_kubernetes_executor.py
[2023-12-16T12:34:24.284+0500] {processor.py:179} INFO - Processing /home/amina/miniconda/lib/python3.11/site-packages/airflow/example_dags/example_kubernetes_executor.py took 0.021 seconds
[2023-12-16T12:35:18.301+0500] {processor.py:157} INFO - Started process (PID=36340) to work on /home/amina/miniconda/lib/python3.11/site-packages/airflow/example_dags/example_kubernetes_executor.py
[2023-12-16T12:35:18.323+0500] {processor.py:829} INFO - Processing file /home/amina/miniconda/lib/python3.11/site-packages/airflow/example_dags/example_kubernetes_executor.py for tasks to queue
[2023-12-16T12:35:18.324+0500] {logging_mixin.py:154} INFO - [2023-12-16T12:35:18.323+0500] {dagbag.py:536} INFO - Filling up the DagBag from /home/amina/miniconda/lib/python3.11/site-packages/airflow/example_dags/example_kubernetes_executor.py
[2023-12-16T12:35:18.326+0500] {logging_mixin.py:154} INFO - [2023-12-16T12:35:18.326+0500] {example_kubernetes_executor.py:38} WARNING - The example_kubernetes_executor example DAG requires the kubernetes provider. Please install it with: pip install apache-airflow[cncf.kubernetes]
[2023-12-16T12:35:18.327+0500] {processor.py:841} WARNING - No viable dags retrieved from /home/amina/miniconda/lib/python3.11/site-packages/airflow/example_dags/example_kubernetes_executor.py
[2023-12-16T12:35:18.335+0500] {processor.py:179} INFO - Processing /home/amina/miniconda/lib/python3.11/site-packages/airflow/example_dags/example_kubernetes_executor.py took 0.037 seconds
[2023-12-16T12:36:13.402+0500] {processor.py:157} INFO - Started process (PID=36402) to work on /home/amina/miniconda/lib/python3.11/site-packages/airflow/example_dags/example_kubernetes_executor.py
[2023-12-16T12:36:13.442+0500] {processor.py:829} INFO - Processing file /home/amina/miniconda/lib/python3.11/site-packages/airflow/example_dags/example_kubernetes_executor.py for tasks to queue
[2023-12-16T12:36:13.443+0500] {logging_mixin.py:154} INFO - [2023-12-16T12:36:13.443+0500] {dagbag.py:536} INFO - Filling up the DagBag from /home/amina/miniconda/lib/python3.11/site-packages/airflow/example_dags/example_kubernetes_executor.py
[2023-12-16T12:36:13.446+0500] {logging_mixin.py:154} INFO - [2023-12-16T12:36:13.445+0500] {example_kubernetes_executor.py:38} WARNING - The example_kubernetes_executor example DAG requires the kubernetes provider. Please install it with: pip install apache-airflow[cncf.kubernetes]
[2023-12-16T12:36:13.446+0500] {processor.py:841} WARNING - No viable dags retrieved from /home/amina/miniconda/lib/python3.11/site-packages/airflow/example_dags/example_kubernetes_executor.py
[2023-12-16T12:36:13.455+0500] {processor.py:179} INFO - Processing /home/amina/miniconda/lib/python3.11/site-packages/airflow/example_dags/example_kubernetes_executor.py took 0.056 seconds
[2023-12-16T12:37:10.420+0500] {processor.py:157} INFO - Started process (PID=36699) to work on /home/amina/miniconda/lib/python3.11/site-packages/airflow/example_dags/example_kubernetes_executor.py
[2023-12-16T12:37:10.469+0500] {processor.py:829} INFO - Processing file /home/amina/miniconda/lib/python3.11/site-packages/airflow/example_dags/example_kubernetes_executor.py for tasks to queue
[2023-12-16T12:37:10.470+0500] {logging_mixin.py:154} INFO - [2023-12-16T12:37:10.470+0500] {dagbag.py:536} INFO - Filling up the DagBag from /home/amina/miniconda/lib/python3.11/site-packages/airflow/example_dags/example_kubernetes_executor.py
[2023-12-16T12:37:10.473+0500] {logging_mixin.py:154} INFO - [2023-12-16T12:37:10.472+0500] {example_kubernetes_executor.py:38} WARNING - The example_kubernetes_executor example DAG requires the kubernetes provider. Please install it with: pip install apache-airflow[cncf.kubernetes]
[2023-12-16T12:37:10.473+0500] {processor.py:841} WARNING - No viable dags retrieved from /home/amina/miniconda/lib/python3.11/site-packages/airflow/example_dags/example_kubernetes_executor.py
[2023-12-16T12:37:10.482+0500] {processor.py:179} INFO - Processing /home/amina/miniconda/lib/python3.11/site-packages/airflow/example_dags/example_kubernetes_executor.py took 0.065 seconds
[2023-12-16T12:38:02.192+0500] {processor.py:157} INFO - Started process (PID=36751) to work on /home/amina/miniconda/lib/python3.11/site-packages/airflow/example_dags/example_kubernetes_executor.py
[2023-12-16T12:38:02.243+0500] {processor.py:829} INFO - Processing file /home/amina/miniconda/lib/python3.11/site-packages/airflow/example_dags/example_kubernetes_executor.py for tasks to queue
[2023-12-16T12:38:02.244+0500] {logging_mixin.py:154} INFO - [2023-12-16T12:38:02.243+0500] {dagbag.py:536} INFO - Filling up the DagBag from /home/amina/miniconda/lib/python3.11/site-packages/airflow/example_dags/example_kubernetes_executor.py
[2023-12-16T12:38:02.246+0500] {logging_mixin.py:154} INFO - [2023-12-16T12:38:02.246+0500] {example_kubernetes_executor.py:38} WARNING - The example_kubernetes_executor example DAG requires the kubernetes provider. Please install it with: pip install apache-airflow[cncf.kubernetes]
[2023-12-16T12:38:02.247+0500] {processor.py:841} WARNING - No viable dags retrieved from /home/amina/miniconda/lib/python3.11/site-packages/airflow/example_dags/example_kubernetes_executor.py
[2023-12-16T12:38:02.256+0500] {processor.py:179} INFO - Processing /home/amina/miniconda/lib/python3.11/site-packages/airflow/example_dags/example_kubernetes_executor.py took 0.066 seconds
[2023-12-16T12:38:54.367+0500] {processor.py:157} INFO - Started process (PID=36799) to work on /home/amina/miniconda/lib/python3.11/site-packages/airflow/example_dags/example_kubernetes_executor.py
[2023-12-16T12:38:54.402+0500] {processor.py:829} INFO - Processing file /home/amina/miniconda/lib/python3.11/site-packages/airflow/example_dags/example_kubernetes_executor.py for tasks to queue
[2023-12-16T12:38:54.403+0500] {logging_mixin.py:154} INFO - [2023-12-16T12:38:54.403+0500] {dagbag.py:536} INFO - Filling up the DagBag from /home/amina/miniconda/lib/python3.11/site-packages/airflow/example_dags/example_kubernetes_executor.py
[2023-12-16T12:38:54.405+0500] {logging_mixin.py:154} INFO - [2023-12-16T12:38:54.405+0500] {example_kubernetes_executor.py:38} WARNING - The example_kubernetes_executor example DAG requires the kubernetes provider. Please install it with: pip install apache-airflow[cncf.kubernetes]
[2023-12-16T12:38:54.406+0500] {processor.py:841} WARNING - No viable dags retrieved from /home/amina/miniconda/lib/python3.11/site-packages/airflow/example_dags/example_kubernetes_executor.py
[2023-12-16T12:38:54.414+0500] {processor.py:179} INFO - Processing /home/amina/miniconda/lib/python3.11/site-packages/airflow/example_dags/example_kubernetes_executor.py took 0.050 seconds
[2023-12-16T12:39:43.901+0500] {processor.py:157} INFO - Started process (PID=36850) to work on /home/amina/miniconda/lib/python3.11/site-packages/airflow/example_dags/example_kubernetes_executor.py
[2023-12-16T12:39:43.920+0500] {processor.py:829} INFO - Processing file /home/amina/miniconda/lib/python3.11/site-packages/airflow/example_dags/example_kubernetes_executor.py for tasks to queue
[2023-12-16T12:39:43.921+0500] {logging_mixin.py:154} INFO - [2023-12-16T12:39:43.921+0500] {dagbag.py:536} INFO - Filling up the DagBag from /home/amina/miniconda/lib/python3.11/site-packages/airflow/example_dags/example_kubernetes_executor.py
[2023-12-16T12:39:43.924+0500] {logging_mixin.py:154} INFO - [2023-12-16T12:39:43.924+0500] {example_kubernetes_executor.py:38} WARNING - The example_kubernetes_executor example DAG requires the kubernetes provider. Please install it with: pip install apache-airflow[cncf.kubernetes]
[2023-12-16T12:39:43.924+0500] {processor.py:841} WARNING - No viable dags retrieved from /home/amina/miniconda/lib/python3.11/site-packages/airflow/example_dags/example_kubernetes_executor.py
[2023-12-16T12:39:43.933+0500] {processor.py:179} INFO - Processing /home/amina/miniconda/lib/python3.11/site-packages/airflow/example_dags/example_kubernetes_executor.py took 0.034 seconds
[2023-12-16T12:40:33.368+0500] {processor.py:157} INFO - Started process (PID=36957) to work on /home/amina/miniconda/lib/python3.11/site-packages/airflow/example_dags/example_kubernetes_executor.py
[2023-12-16T12:40:33.416+0500] {processor.py:829} INFO - Processing file /home/amina/miniconda/lib/python3.11/site-packages/airflow/example_dags/example_kubernetes_executor.py for tasks to queue
[2023-12-16T12:40:33.417+0500] {logging_mixin.py:154} INFO - [2023-12-16T12:40:33.416+0500] {dagbag.py:536} INFO - Filling up the DagBag from /home/amina/miniconda/lib/python3.11/site-packages/airflow/example_dags/example_kubernetes_executor.py
[2023-12-16T12:40:33.419+0500] {logging_mixin.py:154} INFO - [2023-12-16T12:40:33.419+0500] {example_kubernetes_executor.py:38} WARNING - The example_kubernetes_executor example DAG requires the kubernetes provider. Please install it with: pip install apache-airflow[cncf.kubernetes]
[2023-12-16T12:40:33.419+0500] {processor.py:841} WARNING - No viable dags retrieved from /home/amina/miniconda/lib/python3.11/site-packages/airflow/example_dags/example_kubernetes_executor.py
[2023-12-16T12:40:33.428+0500] {processor.py:179} INFO - Processing /home/amina/miniconda/lib/python3.11/site-packages/airflow/example_dags/example_kubernetes_executor.py took 0.062 seconds
[2023-12-16T12:41:25.447+0500] {processor.py:157} INFO - Started process (PID=37059) to work on /home/amina/miniconda/lib/python3.11/site-packages/airflow/example_dags/example_kubernetes_executor.py
[2023-12-16T12:41:25.452+0500] {processor.py:829} INFO - Processing file /home/amina/miniconda/lib/python3.11/site-packages/airflow/example_dags/example_kubernetes_executor.py for tasks to queue
[2023-12-16T12:41:25.453+0500] {logging_mixin.py:154} INFO - [2023-12-16T12:41:25.452+0500] {dagbag.py:536} INFO - Filling up the DagBag from /home/amina/miniconda/lib/python3.11/site-packages/airflow/example_dags/example_kubernetes_executor.py
[2023-12-16T12:41:25.457+0500] {logging_mixin.py:154} INFO - [2023-12-16T12:41:25.457+0500] {example_kubernetes_executor.py:38} WARNING - The example_kubernetes_executor example DAG requires the kubernetes provider. Please install it with: pip install apache-airflow[cncf.kubernetes]
[2023-12-16T12:41:25.457+0500] {processor.py:841} WARNING - No viable dags retrieved from /home/amina/miniconda/lib/python3.11/site-packages/airflow/example_dags/example_kubernetes_executor.py
[2023-12-16T12:41:25.468+0500] {processor.py:179} INFO - Processing /home/amina/miniconda/lib/python3.11/site-packages/airflow/example_dags/example_kubernetes_executor.py took 0.024 seconds
