[2023-12-16T12:22:38.587+0500] {processor.py:157} INFO - Started process (PID=20182) to work on /home/amina/miniconda/lib/python3.11/site-packages/airflow/example_dags/example_setup_teardown_taskflow.py
[2023-12-16T12:22:38.588+0500] {processor.py:829} INFO - Processing file /home/amina/miniconda/lib/python3.11/site-packages/airflow/example_dags/example_setup_teardown_taskflow.py for tasks to queue
[2023-12-16T12:22:38.589+0500] {logging_mixin.py:154} INFO - [2023-12-16T12:22:38.589+0500] {dagbag.py:536} INFO - Filling up the DagBag from /home/amina/miniconda/lib/python3.11/site-packages/airflow/example_dags/example_setup_teardown_taskflow.py
[2023-12-16T12:22:38.600+0500] {processor.py:839} INFO - DAG(s) dict_keys(['example_setup_teardown_taskflow']) retrieved from /home/amina/miniconda/lib/python3.11/site-packages/airflow/example_dags/example_setup_teardown_taskflow.py
[2023-12-16T12:22:38.626+0500] {logging_mixin.py:154} INFO - [2023-12-16T12:22:38.626+0500] {dag.py:2941} INFO - Sync 1 DAGs
[2023-12-16T12:22:38.647+0500] {logging_mixin.py:154} INFO - [2023-12-16T12:22:38.647+0500] {dag.py:3722} INFO - Setting next_dagrun for example_setup_teardown_taskflow to 2023-12-15T07:22:38.647548+00:00, run_after=2023-12-16T07:22:38.647548+00:00
[2023-12-16T12:22:38.833+0500] {processor.py:179} INFO - Processing /home/amina/miniconda/lib/python3.11/site-packages/airflow/example_dags/example_setup_teardown_taskflow.py took 0.249 seconds
[2023-12-16T12:23:38.765+0500] {processor.py:157} INFO - Started process (PID=21356) to work on /home/amina/miniconda/lib/python3.11/site-packages/airflow/example_dags/example_setup_teardown_taskflow.py
[2023-12-16T12:23:38.773+0500] {processor.py:829} INFO - Processing file /home/amina/miniconda/lib/python3.11/site-packages/airflow/example_dags/example_setup_teardown_taskflow.py for tasks to queue
[2023-12-16T12:23:38.775+0500] {logging_mixin.py:154} INFO - [2023-12-16T12:23:38.774+0500] {dagbag.py:536} INFO - Filling up the DagBag from /home/amina/miniconda/lib/python3.11/site-packages/airflow/example_dags/example_setup_teardown_taskflow.py
[2023-12-16T12:23:38.787+0500] {processor.py:839} INFO - DAG(s) dict_keys(['example_setup_teardown_taskflow']) retrieved from /home/amina/miniconda/lib/python3.11/site-packages/airflow/example_dags/example_setup_teardown_taskflow.py
[2023-12-16T12:23:38.807+0500] {logging_mixin.py:154} INFO - [2023-12-16T12:23:38.807+0500] {dag.py:2941} INFO - Sync 1 DAGs
[2023-12-16T12:23:38.826+0500] {logging_mixin.py:154} INFO - [2023-12-16T12:23:38.826+0500] {dag.py:3722} INFO - Setting next_dagrun for example_setup_teardown_taskflow to 2023-12-15T07:23:38.826583+00:00, run_after=2023-12-16T07:23:38.826583+00:00
[2023-12-16T12:23:38.944+0500] {processor.py:179} INFO - Processing /home/amina/miniconda/lib/python3.11/site-packages/airflow/example_dags/example_setup_teardown_taskflow.py took 0.183 seconds
[2023-12-16T12:24:40.295+0500] {processor.py:157} INFO - Started process (PID=22796) to work on /home/amina/miniconda/lib/python3.11/site-packages/airflow/example_dags/example_setup_teardown_taskflow.py
[2023-12-16T12:24:40.446+0500] {processor.py:829} INFO - Processing file /home/amina/miniconda/lib/python3.11/site-packages/airflow/example_dags/example_setup_teardown_taskflow.py for tasks to queue
[2023-12-16T12:24:40.446+0500] {logging_mixin.py:154} INFO - [2023-12-16T12:24:40.446+0500] {dagbag.py:536} INFO - Filling up the DagBag from /home/amina/miniconda/lib/python3.11/site-packages/airflow/example_dags/example_setup_teardown_taskflow.py
[2023-12-16T12:24:40.455+0500] {processor.py:839} INFO - DAG(s) dict_keys(['example_setup_teardown_taskflow']) retrieved from /home/amina/miniconda/lib/python3.11/site-packages/airflow/example_dags/example_setup_teardown_taskflow.py
[2023-12-16T12:24:40.474+0500] {logging_mixin.py:154} INFO - [2023-12-16T12:24:40.474+0500] {dag.py:2941} INFO - Sync 1 DAGs
[2023-12-16T12:24:40.493+0500] {logging_mixin.py:154} INFO - [2023-12-16T12:24:40.492+0500] {dag.py:3722} INFO - Setting next_dagrun for example_setup_teardown_taskflow to 2023-12-15T07:24:40.492704+00:00, run_after=2023-12-16T07:24:40.492704+00:00
[2023-12-16T12:24:41.205+0500] {processor.py:179} INFO - Processing /home/amina/miniconda/lib/python3.11/site-packages/airflow/example_dags/example_setup_teardown_taskflow.py took 0.913 seconds
[2023-12-16T12:25:28.522+0500] {processor.py:157} INFO - Started process (PID=23761) to work on /home/amina/miniconda/lib/python3.11/site-packages/airflow/example_dags/example_setup_teardown_taskflow.py
[2023-12-16T12:25:28.560+0500] {processor.py:829} INFO - Processing file /home/amina/miniconda/lib/python3.11/site-packages/airflow/example_dags/example_setup_teardown_taskflow.py for tasks to queue
[2023-12-16T12:25:28.561+0500] {logging_mixin.py:154} INFO - [2023-12-16T12:25:28.561+0500] {dagbag.py:536} INFO - Filling up the DagBag from /home/amina/miniconda/lib/python3.11/site-packages/airflow/example_dags/example_setup_teardown_taskflow.py
[2023-12-16T12:25:28.570+0500] {processor.py:839} INFO - DAG(s) dict_keys(['example_setup_teardown_taskflow']) retrieved from /home/amina/miniconda/lib/python3.11/site-packages/airflow/example_dags/example_setup_teardown_taskflow.py
[2023-12-16T12:25:28.593+0500] {logging_mixin.py:154} INFO - [2023-12-16T12:25:28.592+0500] {dag.py:2941} INFO - Sync 1 DAGs
[2023-12-16T12:25:28.615+0500] {logging_mixin.py:154} INFO - [2023-12-16T12:25:28.615+0500] {dag.py:3722} INFO - Setting next_dagrun for example_setup_teardown_taskflow to 2023-12-15T07:25:28.615319+00:00, run_after=2023-12-16T07:25:28.615319+00:00
[2023-12-16T12:25:29.022+0500] {processor.py:179} INFO - Processing /home/amina/miniconda/lib/python3.11/site-packages/airflow/example_dags/example_setup_teardown_taskflow.py took 0.504 seconds
[2023-12-16T12:26:13.966+0500] {processor.py:157} INFO - Started process (PID=24601) to work on /home/amina/miniconda/lib/python3.11/site-packages/airflow/example_dags/example_setup_teardown_taskflow.py
[2023-12-16T12:26:13.989+0500] {processor.py:829} INFO - Processing file /home/amina/miniconda/lib/python3.11/site-packages/airflow/example_dags/example_setup_teardown_taskflow.py for tasks to queue
[2023-12-16T12:26:13.989+0500] {logging_mixin.py:154} INFO - [2023-12-16T12:26:13.989+0500] {dagbag.py:536} INFO - Filling up the DagBag from /home/amina/miniconda/lib/python3.11/site-packages/airflow/example_dags/example_setup_teardown_taskflow.py
[2023-12-16T12:26:14.003+0500] {processor.py:839} INFO - DAG(s) dict_keys(['example_setup_teardown_taskflow']) retrieved from /home/amina/miniconda/lib/python3.11/site-packages/airflow/example_dags/example_setup_teardown_taskflow.py
[2023-12-16T12:26:14.025+0500] {logging_mixin.py:154} INFO - [2023-12-16T12:26:14.025+0500] {dag.py:2941} INFO - Sync 1 DAGs
[2023-12-16T12:26:14.045+0500] {logging_mixin.py:154} INFO - [2023-12-16T12:26:14.045+0500] {dag.py:3722} INFO - Setting next_dagrun for example_setup_teardown_taskflow to 2023-12-15T07:26:14.044956+00:00, run_after=2023-12-16T07:26:14.044956+00:00
[2023-12-16T12:26:14.215+0500] {processor.py:179} INFO - Processing /home/amina/miniconda/lib/python3.11/site-packages/airflow/example_dags/example_setup_teardown_taskflow.py took 0.253 seconds
[2023-12-16T12:27:30.659+0500] {processor.py:157} INFO - Started process (PID=25982) to work on /home/amina/miniconda/lib/python3.11/site-packages/airflow/example_dags/example_setup_teardown_taskflow.py
[2023-12-16T12:27:30.699+0500] {processor.py:829} INFO - Processing file /home/amina/miniconda/lib/python3.11/site-packages/airflow/example_dags/example_setup_teardown_taskflow.py for tasks to queue
[2023-12-16T12:27:30.700+0500] {logging_mixin.py:154} INFO - [2023-12-16T12:27:30.700+0500] {dagbag.py:536} INFO - Filling up the DagBag from /home/amina/miniconda/lib/python3.11/site-packages/airflow/example_dags/example_setup_teardown_taskflow.py
[2023-12-16T12:27:30.716+0500] {processor.py:839} INFO - DAG(s) dict_keys(['example_setup_teardown_taskflow']) retrieved from /home/amina/miniconda/lib/python3.11/site-packages/airflow/example_dags/example_setup_teardown_taskflow.py
[2023-12-16T12:27:30.738+0500] {logging_mixin.py:154} INFO - [2023-12-16T12:27:30.738+0500] {dag.py:2941} INFO - Sync 1 DAGs
[2023-12-16T12:27:30.760+0500] {logging_mixin.py:154} INFO - [2023-12-16T12:27:30.760+0500] {dag.py:3722} INFO - Setting next_dagrun for example_setup_teardown_taskflow to 2023-12-15T07:27:30.759977+00:00, run_after=2023-12-16T07:27:30.759977+00:00
[2023-12-16T12:27:30.938+0500] {processor.py:179} INFO - Processing /home/amina/miniconda/lib/python3.11/site-packages/airflow/example_dags/example_setup_teardown_taskflow.py took 0.284 seconds
[2023-12-16T12:29:15.324+0500] {processor.py:157} INFO - Started process (PID=28180) to work on /home/amina/miniconda/lib/python3.11/site-packages/airflow/example_dags/example_setup_teardown_taskflow.py
[2023-12-16T12:29:15.352+0500] {processor.py:829} INFO - Processing file /home/amina/miniconda/lib/python3.11/site-packages/airflow/example_dags/example_setup_teardown_taskflow.py for tasks to queue
[2023-12-16T12:29:15.353+0500] {logging_mixin.py:154} INFO - [2023-12-16T12:29:15.352+0500] {dagbag.py:536} INFO - Filling up the DagBag from /home/amina/miniconda/lib/python3.11/site-packages/airflow/example_dags/example_setup_teardown_taskflow.py
[2023-12-16T12:29:15.369+0500] {processor.py:839} INFO - DAG(s) dict_keys(['example_setup_teardown_taskflow']) retrieved from /home/amina/miniconda/lib/python3.11/site-packages/airflow/example_dags/example_setup_teardown_taskflow.py
[2023-12-16T12:29:15.399+0500] {logging_mixin.py:154} INFO - [2023-12-16T12:29:15.399+0500] {dag.py:2941} INFO - Sync 1 DAGs
[2023-12-16T12:29:15.427+0500] {logging_mixin.py:154} INFO - [2023-12-16T12:29:15.427+0500] {dag.py:3722} INFO - Setting next_dagrun for example_setup_teardown_taskflow to 2023-12-15T07:29:15.427335+00:00, run_after=2023-12-16T07:29:15.427335+00:00
[2023-12-16T12:29:15.564+0500] {processor.py:179} INFO - Processing /home/amina/miniconda/lib/python3.11/site-packages/airflow/example_dags/example_setup_teardown_taskflow.py took 0.245 seconds
[2023-12-16T12:30:47.782+0500] {processor.py:157} INFO - Started process (PID=30177) to work on /home/amina/miniconda/lib/python3.11/site-packages/airflow/example_dags/example_setup_teardown_taskflow.py
[2023-12-16T12:30:47.820+0500] {processor.py:829} INFO - Processing file /home/amina/miniconda/lib/python3.11/site-packages/airflow/example_dags/example_setup_teardown_taskflow.py for tasks to queue
[2023-12-16T12:30:47.820+0500] {logging_mixin.py:154} INFO - [2023-12-16T12:30:47.820+0500] {dagbag.py:536} INFO - Filling up the DagBag from /home/amina/miniconda/lib/python3.11/site-packages/airflow/example_dags/example_setup_teardown_taskflow.py
[2023-12-16T12:30:47.835+0500] {processor.py:839} INFO - DAG(s) dict_keys(['example_setup_teardown_taskflow']) retrieved from /home/amina/miniconda/lib/python3.11/site-packages/airflow/example_dags/example_setup_teardown_taskflow.py
[2023-12-16T12:30:47.855+0500] {logging_mixin.py:154} INFO - [2023-12-16T12:30:47.855+0500] {dag.py:2941} INFO - Sync 1 DAGs
[2023-12-16T12:30:47.872+0500] {logging_mixin.py:154} INFO - [2023-12-16T12:30:47.871+0500] {dag.py:3722} INFO - Setting next_dagrun for example_setup_teardown_taskflow to 2023-12-15T07:30:47.871698+00:00, run_after=2023-12-16T07:30:47.871698+00:00
[2023-12-16T12:30:48.033+0500] {processor.py:179} INFO - Processing /home/amina/miniconda/lib/python3.11/site-packages/airflow/example_dags/example_setup_teardown_taskflow.py took 0.253 seconds
[2023-12-16T12:31:47.626+0500] {processor.py:157} INFO - Started process (PID=31707) to work on /home/amina/miniconda/lib/python3.11/site-packages/airflow/example_dags/example_setup_teardown_taskflow.py
[2023-12-16T12:31:47.661+0500] {processor.py:829} INFO - Processing file /home/amina/miniconda/lib/python3.11/site-packages/airflow/example_dags/example_setup_teardown_taskflow.py for tasks to queue
[2023-12-16T12:31:47.664+0500] {logging_mixin.py:154} INFO - [2023-12-16T12:31:47.663+0500] {dagbag.py:536} INFO - Filling up the DagBag from /home/amina/miniconda/lib/python3.11/site-packages/airflow/example_dags/example_setup_teardown_taskflow.py
[2023-12-16T12:31:47.684+0500] {processor.py:839} INFO - DAG(s) dict_keys(['example_setup_teardown_taskflow']) retrieved from /home/amina/miniconda/lib/python3.11/site-packages/airflow/example_dags/example_setup_teardown_taskflow.py
[2023-12-16T12:31:47.717+0500] {logging_mixin.py:154} INFO - [2023-12-16T12:31:47.716+0500] {dag.py:2941} INFO - Sync 1 DAGs
[2023-12-16T12:31:47.748+0500] {logging_mixin.py:154} INFO - [2023-12-16T12:31:47.747+0500] {dag.py:3722} INFO - Setting next_dagrun for example_setup_teardown_taskflow to 2023-12-15T07:31:47.747551+00:00, run_after=2023-12-16T07:31:47.747551+00:00
[2023-12-16T12:31:48.007+0500] {processor.py:179} INFO - Processing /home/amina/miniconda/lib/python3.11/site-packages/airflow/example_dags/example_setup_teardown_taskflow.py took 0.385 seconds
[2023-12-16T12:32:49.730+0500] {processor.py:157} INFO - Started process (PID=33125) to work on /home/amina/miniconda/lib/python3.11/site-packages/airflow/example_dags/example_setup_teardown_taskflow.py
[2023-12-16T12:32:49.777+0500] {processor.py:829} INFO - Processing file /home/amina/miniconda/lib/python3.11/site-packages/airflow/example_dags/example_setup_teardown_taskflow.py for tasks to queue
[2023-12-16T12:32:49.779+0500] {logging_mixin.py:154} INFO - [2023-12-16T12:32:49.778+0500] {dagbag.py:536} INFO - Filling up the DagBag from /home/amina/miniconda/lib/python3.11/site-packages/airflow/example_dags/example_setup_teardown_taskflow.py
[2023-12-16T12:32:49.790+0500] {processor.py:839} INFO - DAG(s) dict_keys(['example_setup_teardown_taskflow']) retrieved from /home/amina/miniconda/lib/python3.11/site-packages/airflow/example_dags/example_setup_teardown_taskflow.py
[2023-12-16T12:32:49.810+0500] {logging_mixin.py:154} INFO - [2023-12-16T12:32:49.809+0500] {dag.py:2941} INFO - Sync 1 DAGs
[2023-12-16T12:32:49.828+0500] {logging_mixin.py:154} INFO - [2023-12-16T12:32:49.828+0500] {dag.py:3722} INFO - Setting next_dagrun for example_setup_teardown_taskflow to 2023-12-15T07:32:49.828040+00:00, run_after=2023-12-16T07:32:49.828040+00:00
[2023-12-16T12:32:49.939+0500] {processor.py:179} INFO - Processing /home/amina/miniconda/lib/python3.11/site-packages/airflow/example_dags/example_setup_teardown_taskflow.py took 0.212 seconds
[2023-12-16T12:33:48.907+0500] {processor.py:157} INFO - Started process (PID=34762) to work on /home/amina/miniconda/lib/python3.11/site-packages/airflow/example_dags/example_setup_teardown_taskflow.py
[2023-12-16T12:33:48.974+0500] {processor.py:829} INFO - Processing file /home/amina/miniconda/lib/python3.11/site-packages/airflow/example_dags/example_setup_teardown_taskflow.py for tasks to queue
[2023-12-16T12:33:48.975+0500] {logging_mixin.py:154} INFO - [2023-12-16T12:33:48.975+0500] {dagbag.py:536} INFO - Filling up the DagBag from /home/amina/miniconda/lib/python3.11/site-packages/airflow/example_dags/example_setup_teardown_taskflow.py
[2023-12-16T12:33:48.983+0500] {processor.py:839} INFO - DAG(s) dict_keys(['example_setup_teardown_taskflow']) retrieved from /home/amina/miniconda/lib/python3.11/site-packages/airflow/example_dags/example_setup_teardown_taskflow.py
[2023-12-16T12:33:49.002+0500] {logging_mixin.py:154} INFO - [2023-12-16T12:33:49.002+0500] {dag.py:2941} INFO - Sync 1 DAGs
[2023-12-16T12:33:49.018+0500] {logging_mixin.py:154} INFO - [2023-12-16T12:33:49.018+0500] {dag.py:3722} INFO - Setting next_dagrun for example_setup_teardown_taskflow to 2023-12-15T07:33:49.018546+00:00, run_after=2023-12-16T07:33:49.018546+00:00
[2023-12-16T12:33:49.150+0500] {processor.py:179} INFO - Processing /home/amina/miniconda/lib/python3.11/site-packages/airflow/example_dags/example_setup_teardown_taskflow.py took 0.246 seconds
[2023-12-16T12:34:41.993+0500] {processor.py:157} INFO - Started process (PID=35936) to work on /home/amina/miniconda/lib/python3.11/site-packages/airflow/example_dags/example_setup_teardown_taskflow.py
[2023-12-16T12:34:42.037+0500] {processor.py:829} INFO - Processing file /home/amina/miniconda/lib/python3.11/site-packages/airflow/example_dags/example_setup_teardown_taskflow.py for tasks to queue
[2023-12-16T12:34:42.038+0500] {logging_mixin.py:154} INFO - [2023-12-16T12:34:42.038+0500] {dagbag.py:536} INFO - Filling up the DagBag from /home/amina/miniconda/lib/python3.11/site-packages/airflow/example_dags/example_setup_teardown_taskflow.py
[2023-12-16T12:34:42.048+0500] {processor.py:839} INFO - DAG(s) dict_keys(['example_setup_teardown_taskflow']) retrieved from /home/amina/miniconda/lib/python3.11/site-packages/airflow/example_dags/example_setup_teardown_taskflow.py
[2023-12-16T12:34:42.074+0500] {logging_mixin.py:154} INFO - [2023-12-16T12:34:42.074+0500] {dag.py:2941} INFO - Sync 1 DAGs
[2023-12-16T12:34:42.092+0500] {logging_mixin.py:154} INFO - [2023-12-16T12:34:42.092+0500] {dag.py:3722} INFO - Setting next_dagrun for example_setup_teardown_taskflow to 2023-12-15T07:34:42.092386+00:00, run_after=2023-12-16T07:34:42.092386+00:00
[2023-12-16T12:34:42.211+0500] {processor.py:179} INFO - Processing /home/amina/miniconda/lib/python3.11/site-packages/airflow/example_dags/example_setup_teardown_taskflow.py took 0.221 seconds
[2023-12-16T12:35:37.829+0500] {processor.py:157} INFO - Started process (PID=36358) to work on /home/amina/miniconda/lib/python3.11/site-packages/airflow/example_dags/example_setup_teardown_taskflow.py
[2023-12-16T12:35:37.897+0500] {processor.py:829} INFO - Processing file /home/amina/miniconda/lib/python3.11/site-packages/airflow/example_dags/example_setup_teardown_taskflow.py for tasks to queue
[2023-12-16T12:35:37.898+0500] {logging_mixin.py:154} INFO - [2023-12-16T12:35:37.898+0500] {dagbag.py:536} INFO - Filling up the DagBag from /home/amina/miniconda/lib/python3.11/site-packages/airflow/example_dags/example_setup_teardown_taskflow.py
[2023-12-16T12:35:37.906+0500] {processor.py:839} INFO - DAG(s) dict_keys(['example_setup_teardown_taskflow']) retrieved from /home/amina/miniconda/lib/python3.11/site-packages/airflow/example_dags/example_setup_teardown_taskflow.py
[2023-12-16T12:35:37.921+0500] {logging_mixin.py:154} INFO - [2023-12-16T12:35:37.921+0500] {dag.py:2941} INFO - Sync 1 DAGs
[2023-12-16T12:35:37.935+0500] {logging_mixin.py:154} INFO - [2023-12-16T12:35:37.935+0500] {dag.py:3722} INFO - Setting next_dagrun for example_setup_teardown_taskflow to 2023-12-15T07:35:37.935311+00:00, run_after=2023-12-16T07:35:37.935311+00:00
[2023-12-16T12:35:38.067+0500] {processor.py:179} INFO - Processing /home/amina/miniconda/lib/python3.11/site-packages/airflow/example_dags/example_setup_teardown_taskflow.py took 0.241 seconds
[2023-12-16T12:36:31.473+0500] {processor.py:157} INFO - Started process (PID=36418) to work on /home/amina/miniconda/lib/python3.11/site-packages/airflow/example_dags/example_setup_teardown_taskflow.py
[2023-12-16T12:36:31.527+0500] {processor.py:829} INFO - Processing file /home/amina/miniconda/lib/python3.11/site-packages/airflow/example_dags/example_setup_teardown_taskflow.py for tasks to queue
[2023-12-16T12:36:31.528+0500] {logging_mixin.py:154} INFO - [2023-12-16T12:36:31.527+0500] {dagbag.py:536} INFO - Filling up the DagBag from /home/amina/miniconda/lib/python3.11/site-packages/airflow/example_dags/example_setup_teardown_taskflow.py
[2023-12-16T12:36:31.536+0500] {processor.py:839} INFO - DAG(s) dict_keys(['example_setup_teardown_taskflow']) retrieved from /home/amina/miniconda/lib/python3.11/site-packages/airflow/example_dags/example_setup_teardown_taskflow.py
[2023-12-16T12:36:31.550+0500] {logging_mixin.py:154} INFO - [2023-12-16T12:36:31.550+0500] {dag.py:2941} INFO - Sync 1 DAGs
[2023-12-16T12:36:31.565+0500] {logging_mixin.py:154} INFO - [2023-12-16T12:36:31.564+0500] {dag.py:3722} INFO - Setting next_dagrun for example_setup_teardown_taskflow to 2023-12-15T07:36:31.564765+00:00, run_after=2023-12-16T07:36:31.564765+00:00
[2023-12-16T12:36:31.680+0500] {processor.py:179} INFO - Processing /home/amina/miniconda/lib/python3.11/site-packages/airflow/example_dags/example_setup_teardown_taskflow.py took 0.209 seconds
[2023-12-16T12:37:27.862+0500] {processor.py:157} INFO - Started process (PID=36718) to work on /home/amina/miniconda/lib/python3.11/site-packages/airflow/example_dags/example_setup_teardown_taskflow.py
[2023-12-16T12:37:27.874+0500] {processor.py:829} INFO - Processing file /home/amina/miniconda/lib/python3.11/site-packages/airflow/example_dags/example_setup_teardown_taskflow.py for tasks to queue
[2023-12-16T12:37:27.875+0500] {logging_mixin.py:154} INFO - [2023-12-16T12:37:27.875+0500] {dagbag.py:536} INFO - Filling up the DagBag from /home/amina/miniconda/lib/python3.11/site-packages/airflow/example_dags/example_setup_teardown_taskflow.py
[2023-12-16T12:37:27.886+0500] {processor.py:839} INFO - DAG(s) dict_keys(['example_setup_teardown_taskflow']) retrieved from /home/amina/miniconda/lib/python3.11/site-packages/airflow/example_dags/example_setup_teardown_taskflow.py
[2023-12-16T12:37:27.904+0500] {logging_mixin.py:154} INFO - [2023-12-16T12:37:27.904+0500] {dag.py:2941} INFO - Sync 1 DAGs
[2023-12-16T12:37:27.921+0500] {logging_mixin.py:154} INFO - [2023-12-16T12:37:27.921+0500] {dag.py:3722} INFO - Setting next_dagrun for example_setup_teardown_taskflow to 2023-12-15T07:37:27.921475+00:00, run_after=2023-12-16T07:37:27.921475+00:00
[2023-12-16T12:37:28.029+0500] {processor.py:179} INFO - Processing /home/amina/miniconda/lib/python3.11/site-packages/airflow/example_dags/example_setup_teardown_taskflow.py took 0.171 seconds
[2023-12-16T12:38:17.625+0500] {processor.py:157} INFO - Started process (PID=36764) to work on /home/amina/miniconda/lib/python3.11/site-packages/airflow/example_dags/example_setup_teardown_taskflow.py
[2023-12-16T12:38:17.670+0500] {processor.py:829} INFO - Processing file /home/amina/miniconda/lib/python3.11/site-packages/airflow/example_dags/example_setup_teardown_taskflow.py for tasks to queue
[2023-12-16T12:38:17.671+0500] {logging_mixin.py:154} INFO - [2023-12-16T12:38:17.670+0500] {dagbag.py:536} INFO - Filling up the DagBag from /home/amina/miniconda/lib/python3.11/site-packages/airflow/example_dags/example_setup_teardown_taskflow.py
[2023-12-16T12:38:17.679+0500] {processor.py:839} INFO - DAG(s) dict_keys(['example_setup_teardown_taskflow']) retrieved from /home/amina/miniconda/lib/python3.11/site-packages/airflow/example_dags/example_setup_teardown_taskflow.py
[2023-12-16T12:38:17.693+0500] {logging_mixin.py:154} INFO - [2023-12-16T12:38:17.693+0500] {dag.py:2941} INFO - Sync 1 DAGs
[2023-12-16T12:38:17.708+0500] {logging_mixin.py:154} INFO - [2023-12-16T12:38:17.708+0500] {dag.py:3722} INFO - Setting next_dagrun for example_setup_teardown_taskflow to 2023-12-15T07:38:17.707818+00:00, run_after=2023-12-16T07:38:17.707818+00:00
[2023-12-16T12:38:17.825+0500] {processor.py:179} INFO - Processing /home/amina/miniconda/lib/python3.11/site-packages/airflow/example_dags/example_setup_teardown_taskflow.py took 0.203 seconds
[2023-12-16T12:39:07.465+0500] {processor.py:157} INFO - Started process (PID=36812) to work on /home/amina/miniconda/lib/python3.11/site-packages/airflow/example_dags/example_setup_teardown_taskflow.py
[2023-12-16T12:39:07.499+0500] {processor.py:829} INFO - Processing file /home/amina/miniconda/lib/python3.11/site-packages/airflow/example_dags/example_setup_teardown_taskflow.py for tasks to queue
[2023-12-16T12:39:07.500+0500] {logging_mixin.py:154} INFO - [2023-12-16T12:39:07.500+0500] {dagbag.py:536} INFO - Filling up the DagBag from /home/amina/miniconda/lib/python3.11/site-packages/airflow/example_dags/example_setup_teardown_taskflow.py
[2023-12-16T12:39:07.508+0500] {processor.py:839} INFO - DAG(s) dict_keys(['example_setup_teardown_taskflow']) retrieved from /home/amina/miniconda/lib/python3.11/site-packages/airflow/example_dags/example_setup_teardown_taskflow.py
[2023-12-16T12:39:07.524+0500] {logging_mixin.py:154} INFO - [2023-12-16T12:39:07.523+0500] {dag.py:2941} INFO - Sync 1 DAGs
[2023-12-16T12:39:07.538+0500] {logging_mixin.py:154} INFO - [2023-12-16T12:39:07.538+0500] {dag.py:3722} INFO - Setting next_dagrun for example_setup_teardown_taskflow to 2023-12-15T07:39:07.538467+00:00, run_after=2023-12-16T07:39:07.538467+00:00
[2023-12-16T12:39:07.932+0500] {processor.py:179} INFO - Processing /home/amina/miniconda/lib/python3.11/site-packages/airflow/example_dags/example_setup_teardown_taskflow.py took 0.470 seconds
[2023-12-16T12:39:54.770+0500] {processor.py:157} INFO - Started process (PID=36864) to work on /home/amina/miniconda/lib/python3.11/site-packages/airflow/example_dags/example_setup_teardown_taskflow.py
[2023-12-16T12:39:54.784+0500] {processor.py:829} INFO - Processing file /home/amina/miniconda/lib/python3.11/site-packages/airflow/example_dags/example_setup_teardown_taskflow.py for tasks to queue
[2023-12-16T12:39:54.784+0500] {logging_mixin.py:154} INFO - [2023-12-16T12:39:54.784+0500] {dagbag.py:536} INFO - Filling up the DagBag from /home/amina/miniconda/lib/python3.11/site-packages/airflow/example_dags/example_setup_teardown_taskflow.py
[2023-12-16T12:39:54.792+0500] {processor.py:839} INFO - DAG(s) dict_keys(['example_setup_teardown_taskflow']) retrieved from /home/amina/miniconda/lib/python3.11/site-packages/airflow/example_dags/example_setup_teardown_taskflow.py
[2023-12-16T12:39:54.808+0500] {logging_mixin.py:154} INFO - [2023-12-16T12:39:54.808+0500] {dag.py:2941} INFO - Sync 1 DAGs
[2023-12-16T12:39:54.824+0500] {logging_mixin.py:154} INFO - [2023-12-16T12:39:54.824+0500] {dag.py:3722} INFO - Setting next_dagrun for example_setup_teardown_taskflow to 2023-12-15T07:39:54.824259+00:00, run_after=2023-12-16T07:39:54.824259+00:00
[2023-12-16T12:39:54.943+0500] {processor.py:179} INFO - Processing /home/amina/miniconda/lib/python3.11/site-packages/airflow/example_dags/example_setup_teardown_taskflow.py took 0.177 seconds
[2023-12-16T12:40:47.351+0500] {processor.py:157} INFO - Started process (PID=36996) to work on /home/amina/miniconda/lib/python3.11/site-packages/airflow/example_dags/example_setup_teardown_taskflow.py
[2023-12-16T12:40:47.369+0500] {processor.py:829} INFO - Processing file /home/amina/miniconda/lib/python3.11/site-packages/airflow/example_dags/example_setup_teardown_taskflow.py for tasks to queue
[2023-12-16T12:40:47.369+0500] {logging_mixin.py:154} INFO - [2023-12-16T12:40:47.369+0500] {dagbag.py:536} INFO - Filling up the DagBag from /home/amina/miniconda/lib/python3.11/site-packages/airflow/example_dags/example_setup_teardown_taskflow.py
[2023-12-16T12:40:47.377+0500] {processor.py:839} INFO - DAG(s) dict_keys(['example_setup_teardown_taskflow']) retrieved from /home/amina/miniconda/lib/python3.11/site-packages/airflow/example_dags/example_setup_teardown_taskflow.py
[2023-12-16T12:40:47.392+0500] {logging_mixin.py:154} INFO - [2023-12-16T12:40:47.392+0500] {dag.py:2941} INFO - Sync 1 DAGs
[2023-12-16T12:40:47.406+0500] {logging_mixin.py:154} INFO - [2023-12-16T12:40:47.406+0500] {dag.py:3722} INFO - Setting next_dagrun for example_setup_teardown_taskflow to 2023-12-15T07:40:47.406587+00:00, run_after=2023-12-16T07:40:47.406587+00:00
[2023-12-16T12:40:47.526+0500] {processor.py:179} INFO - Processing /home/amina/miniconda/lib/python3.11/site-packages/airflow/example_dags/example_setup_teardown_taskflow.py took 0.179 seconds
[2023-12-16T12:41:42.080+0500] {processor.py:157} INFO - Started process (PID=37078) to work on /home/amina/miniconda/lib/python3.11/site-packages/airflow/example_dags/example_setup_teardown_taskflow.py
[2023-12-16T12:41:42.121+0500] {processor.py:829} INFO - Processing file /home/amina/miniconda/lib/python3.11/site-packages/airflow/example_dags/example_setup_teardown_taskflow.py for tasks to queue
[2023-12-16T12:41:42.122+0500] {logging_mixin.py:154} INFO - [2023-12-16T12:41:42.121+0500] {dagbag.py:536} INFO - Filling up the DagBag from /home/amina/miniconda/lib/python3.11/site-packages/airflow/example_dags/example_setup_teardown_taskflow.py
[2023-12-16T12:41:42.133+0500] {processor.py:839} INFO - DAG(s) dict_keys(['example_setup_teardown_taskflow']) retrieved from /home/amina/miniconda/lib/python3.11/site-packages/airflow/example_dags/example_setup_teardown_taskflow.py
[2023-12-16T12:41:42.150+0500] {logging_mixin.py:154} INFO - [2023-12-16T12:41:42.150+0500] {dag.py:2941} INFO - Sync 1 DAGs
[2023-12-16T12:41:42.166+0500] {logging_mixin.py:154} INFO - [2023-12-16T12:41:42.166+0500] {dag.py:3722} INFO - Setting next_dagrun for example_setup_teardown_taskflow to 2023-12-15T07:41:42.166561+00:00, run_after=2023-12-16T07:41:42.166561+00:00
[2023-12-16T12:41:42.295+0500] {processor.py:179} INFO - Processing /home/amina/miniconda/lib/python3.11/site-packages/airflow/example_dags/example_setup_teardown_taskflow.py took 0.218 seconds
[2023-12-16T12:43:21.201+0500] {processor.py:157} INFO - Started process (PID=37210) to work on /home/amina/miniconda/lib/python3.11/site-packages/airflow/example_dags/example_setup_teardown_taskflow.py
[2023-12-16T12:43:21.202+0500] {processor.py:829} INFO - Processing file /home/amina/miniconda/lib/python3.11/site-packages/airflow/example_dags/example_setup_teardown_taskflow.py for tasks to queue
[2023-12-16T12:43:21.203+0500] {logging_mixin.py:154} INFO - [2023-12-16T12:43:21.203+0500] {dagbag.py:536} INFO - Filling up the DagBag from /home/amina/miniconda/lib/python3.11/site-packages/airflow/example_dags/example_setup_teardown_taskflow.py
[2023-12-16T12:43:21.213+0500] {processor.py:839} INFO - DAG(s) dict_keys(['example_setup_teardown_taskflow']) retrieved from /home/amina/miniconda/lib/python3.11/site-packages/airflow/example_dags/example_setup_teardown_taskflow.py
[2023-12-16T12:43:21.229+0500] {logging_mixin.py:154} INFO - [2023-12-16T12:43:21.229+0500] {dag.py:2941} INFO - Sync 1 DAGs
[2023-12-16T12:43:21.251+0500] {logging_mixin.py:154} INFO - [2023-12-16T12:43:21.251+0500] {dag.py:3722} INFO - Setting next_dagrun for example_setup_teardown_taskflow to 2023-12-15T07:43:21.250904+00:00, run_after=2023-12-16T07:43:21.250904+00:00
[2023-12-16T12:43:21.414+0500] {processor.py:179} INFO - Processing /home/amina/miniconda/lib/python3.11/site-packages/airflow/example_dags/example_setup_teardown_taskflow.py took 0.215 seconds
[2023-12-16T12:44:16.577+0500] {processor.py:157} INFO - Started process (PID=37263) to work on /home/amina/miniconda/lib/python3.11/site-packages/airflow/example_dags/example_setup_teardown_taskflow.py
[2023-12-16T12:44:16.598+0500] {processor.py:829} INFO - Processing file /home/amina/miniconda/lib/python3.11/site-packages/airflow/example_dags/example_setup_teardown_taskflow.py for tasks to queue
[2023-12-16T12:44:16.598+0500] {logging_mixin.py:154} INFO - [2023-12-16T12:44:16.598+0500] {dagbag.py:536} INFO - Filling up the DagBag from /home/amina/miniconda/lib/python3.11/site-packages/airflow/example_dags/example_setup_teardown_taskflow.py
[2023-12-16T12:44:16.608+0500] {processor.py:839} INFO - DAG(s) dict_keys(['example_setup_teardown_taskflow']) retrieved from /home/amina/miniconda/lib/python3.11/site-packages/airflow/example_dags/example_setup_teardown_taskflow.py
[2023-12-16T12:44:16.625+0500] {logging_mixin.py:154} INFO - [2023-12-16T12:44:16.625+0500] {dag.py:2941} INFO - Sync 1 DAGs
[2023-12-16T12:44:16.640+0500] {logging_mixin.py:154} INFO - [2023-12-16T12:44:16.639+0500] {dag.py:3722} INFO - Setting next_dagrun for example_setup_teardown_taskflow to 2023-12-15T07:44:16.639687+00:00, run_after=2023-12-16T07:44:16.639687+00:00
[2023-12-16T12:44:16.755+0500] {processor.py:179} INFO - Processing /home/amina/miniconda/lib/python3.11/site-packages/airflow/example_dags/example_setup_teardown_taskflow.py took 0.181 seconds
[2023-12-16T12:45:03.749+0500] {processor.py:157} INFO - Started process (PID=37357) to work on /home/amina/miniconda/lib/python3.11/site-packages/airflow/example_dags/example_setup_teardown_taskflow.py
[2023-12-16T12:45:03.782+0500] {processor.py:829} INFO - Processing file /home/amina/miniconda/lib/python3.11/site-packages/airflow/example_dags/example_setup_teardown_taskflow.py for tasks to queue
[2023-12-16T12:45:03.782+0500] {logging_mixin.py:154} INFO - [2023-12-16T12:45:03.782+0500] {dagbag.py:536} INFO - Filling up the DagBag from /home/amina/miniconda/lib/python3.11/site-packages/airflow/example_dags/example_setup_teardown_taskflow.py
[2023-12-16T12:45:03.791+0500] {processor.py:839} INFO - DAG(s) dict_keys(['example_setup_teardown_taskflow']) retrieved from /home/amina/miniconda/lib/python3.11/site-packages/airflow/example_dags/example_setup_teardown_taskflow.py
[2023-12-16T12:45:03.805+0500] {logging_mixin.py:154} INFO - [2023-12-16T12:45:03.805+0500] {dag.py:2941} INFO - Sync 1 DAGs
[2023-12-16T12:45:03.820+0500] {logging_mixin.py:154} INFO - [2023-12-16T12:45:03.820+0500] {dag.py:3722} INFO - Setting next_dagrun for example_setup_teardown_taskflow to 2023-12-15T07:45:03.819939+00:00, run_after=2023-12-16T07:45:03.819939+00:00
[2023-12-16T12:45:03.926+0500] {processor.py:179} INFO - Processing /home/amina/miniconda/lib/python3.11/site-packages/airflow/example_dags/example_setup_teardown_taskflow.py took 0.181 seconds
[2023-12-16T12:45:51.154+0500] {processor.py:157} INFO - Started process (PID=37409) to work on /home/amina/miniconda/lib/python3.11/site-packages/airflow/example_dags/example_setup_teardown_taskflow.py
[2023-12-16T12:45:51.200+0500] {processor.py:829} INFO - Processing file /home/amina/miniconda/lib/python3.11/site-packages/airflow/example_dags/example_setup_teardown_taskflow.py for tasks to queue
[2023-12-16T12:45:51.201+0500] {logging_mixin.py:154} INFO - [2023-12-16T12:45:51.200+0500] {dagbag.py:536} INFO - Filling up the DagBag from /home/amina/miniconda/lib/python3.11/site-packages/airflow/example_dags/example_setup_teardown_taskflow.py
[2023-12-16T12:45:51.209+0500] {processor.py:839} INFO - DAG(s) dict_keys(['example_setup_teardown_taskflow']) retrieved from /home/amina/miniconda/lib/python3.11/site-packages/airflow/example_dags/example_setup_teardown_taskflow.py
[2023-12-16T12:45:51.224+0500] {logging_mixin.py:154} INFO - [2023-12-16T12:45:51.223+0500] {dag.py:2941} INFO - Sync 1 DAGs
[2023-12-16T12:45:51.243+0500] {logging_mixin.py:154} INFO - [2023-12-16T12:45:51.243+0500] {dag.py:3722} INFO - Setting next_dagrun for example_setup_teardown_taskflow to 2023-12-15T07:45:51.243346+00:00, run_after=2023-12-16T07:45:51.243346+00:00
[2023-12-16T12:45:51.366+0500] {processor.py:179} INFO - Processing /home/amina/miniconda/lib/python3.11/site-packages/airflow/example_dags/example_setup_teardown_taskflow.py took 0.214 seconds
[2023-12-16T12:46:39.918+0500] {processor.py:157} INFO - Started process (PID=37463) to work on /home/amina/miniconda/lib/python3.11/site-packages/airflow/example_dags/example_setup_teardown_taskflow.py
[2023-12-16T12:46:39.962+0500] {processor.py:829} INFO - Processing file /home/amina/miniconda/lib/python3.11/site-packages/airflow/example_dags/example_setup_teardown_taskflow.py for tasks to queue
[2023-12-16T12:46:39.963+0500] {logging_mixin.py:154} INFO - [2023-12-16T12:46:39.963+0500] {dagbag.py:536} INFO - Filling up the DagBag from /home/amina/miniconda/lib/python3.11/site-packages/airflow/example_dags/example_setup_teardown_taskflow.py
[2023-12-16T12:46:39.971+0500] {processor.py:839} INFO - DAG(s) dict_keys(['example_setup_teardown_taskflow']) retrieved from /home/amina/miniconda/lib/python3.11/site-packages/airflow/example_dags/example_setup_teardown_taskflow.py
[2023-12-16T12:46:39.986+0500] {logging_mixin.py:154} INFO - [2023-12-16T12:46:39.986+0500] {dag.py:2941} INFO - Sync 1 DAGs
[2023-12-16T12:46:40.000+0500] {logging_mixin.py:154} INFO - [2023-12-16T12:46:40.000+0500] {dag.py:3722} INFO - Setting next_dagrun for example_setup_teardown_taskflow to 2023-12-15T07:46:39.999974+00:00, run_after=2023-12-16T07:46:39.999974+00:00
[2023-12-16T12:46:40.128+0500] {processor.py:179} INFO - Processing /home/amina/miniconda/lib/python3.11/site-packages/airflow/example_dags/example_setup_teardown_taskflow.py took 0.213 seconds
[2023-12-16T12:47:31.596+0500] {processor.py:157} INFO - Started process (PID=37517) to work on /home/amina/miniconda/lib/python3.11/site-packages/airflow/example_dags/example_setup_teardown_taskflow.py
[2023-12-16T12:47:31.636+0500] {processor.py:829} INFO - Processing file /home/amina/miniconda/lib/python3.11/site-packages/airflow/example_dags/example_setup_teardown_taskflow.py for tasks to queue
[2023-12-16T12:47:31.637+0500] {logging_mixin.py:154} INFO - [2023-12-16T12:47:31.636+0500] {dagbag.py:536} INFO - Filling up the DagBag from /home/amina/miniconda/lib/python3.11/site-packages/airflow/example_dags/example_setup_teardown_taskflow.py
[2023-12-16T12:47:31.646+0500] {processor.py:839} INFO - DAG(s) dict_keys(['example_setup_teardown_taskflow']) retrieved from /home/amina/miniconda/lib/python3.11/site-packages/airflow/example_dags/example_setup_teardown_taskflow.py
[2023-12-16T12:47:31.660+0500] {logging_mixin.py:154} INFO - [2023-12-16T12:47:31.660+0500] {dag.py:2941} INFO - Sync 1 DAGs
[2023-12-16T12:47:31.674+0500] {logging_mixin.py:154} INFO - [2023-12-16T12:47:31.674+0500] {dag.py:3722} INFO - Setting next_dagrun for example_setup_teardown_taskflow to 2023-12-15T07:47:31.674376+00:00, run_after=2023-12-16T07:47:31.674376+00:00
[2023-12-16T12:47:31.791+0500] {processor.py:179} INFO - Processing /home/amina/miniconda/lib/python3.11/site-packages/airflow/example_dags/example_setup_teardown_taskflow.py took 0.198 seconds
[2023-12-16T12:48:22.680+0500] {processor.py:157} INFO - Started process (PID=37576) to work on /home/amina/miniconda/lib/python3.11/site-packages/airflow/example_dags/example_setup_teardown_taskflow.py
[2023-12-16T12:48:22.703+0500] {processor.py:829} INFO - Processing file /home/amina/miniconda/lib/python3.11/site-packages/airflow/example_dags/example_setup_teardown_taskflow.py for tasks to queue
[2023-12-16T12:48:22.703+0500] {logging_mixin.py:154} INFO - [2023-12-16T12:48:22.703+0500] {dagbag.py:536} INFO - Filling up the DagBag from /home/amina/miniconda/lib/python3.11/site-packages/airflow/example_dags/example_setup_teardown_taskflow.py
[2023-12-16T12:48:22.712+0500] {processor.py:839} INFO - DAG(s) dict_keys(['example_setup_teardown_taskflow']) retrieved from /home/amina/miniconda/lib/python3.11/site-packages/airflow/example_dags/example_setup_teardown_taskflow.py
[2023-12-16T12:48:22.726+0500] {logging_mixin.py:154} INFO - [2023-12-16T12:48:22.726+0500] {dag.py:2941} INFO - Sync 1 DAGs
[2023-12-16T12:48:22.740+0500] {logging_mixin.py:154} INFO - [2023-12-16T12:48:22.740+0500] {dag.py:3722} INFO - Setting next_dagrun for example_setup_teardown_taskflow to 2023-12-15T07:48:22.740553+00:00, run_after=2023-12-16T07:48:22.740553+00:00
[2023-12-16T12:48:22.842+0500] {processor.py:179} INFO - Processing /home/amina/miniconda/lib/python3.11/site-packages/airflow/example_dags/example_setup_teardown_taskflow.py took 0.165 seconds
[2023-12-16T12:49:22.864+0500] {processor.py:157} INFO - Started process (PID=38304) to work on /home/amina/miniconda/lib/python3.11/site-packages/airflow/example_dags/example_setup_teardown_taskflow.py
[2023-12-16T12:49:22.941+0500] {processor.py:829} INFO - Processing file /home/amina/miniconda/lib/python3.11/site-packages/airflow/example_dags/example_setup_teardown_taskflow.py for tasks to queue
[2023-12-16T12:49:22.941+0500] {logging_mixin.py:154} INFO - [2023-12-16T12:49:22.941+0500] {dagbag.py:536} INFO - Filling up the DagBag from /home/amina/miniconda/lib/python3.11/site-packages/airflow/example_dags/example_setup_teardown_taskflow.py
[2023-12-16T12:49:22.950+0500] {processor.py:839} INFO - DAG(s) dict_keys(['example_setup_teardown_taskflow']) retrieved from /home/amina/miniconda/lib/python3.11/site-packages/airflow/example_dags/example_setup_teardown_taskflow.py
[2023-12-16T12:49:22.965+0500] {logging_mixin.py:154} INFO - [2023-12-16T12:49:22.965+0500] {dag.py:2941} INFO - Sync 1 DAGs
[2023-12-16T12:49:22.980+0500] {logging_mixin.py:154} INFO - [2023-12-16T12:49:22.980+0500] {dag.py:3722} INFO - Setting next_dagrun for example_setup_teardown_taskflow to 2023-12-15T07:49:22.979973+00:00, run_after=2023-12-16T07:49:22.979973+00:00
[2023-12-16T12:49:23.103+0500] {processor.py:179} INFO - Processing /home/amina/miniconda/lib/python3.11/site-packages/airflow/example_dags/example_setup_teardown_taskflow.py took 0.242 seconds
[2023-12-16T12:50:29.558+0500] {processor.py:157} INFO - Started process (PID=38451) to work on /home/amina/miniconda/lib/python3.11/site-packages/airflow/example_dags/example_setup_teardown_taskflow.py
[2023-12-16T12:50:29.576+0500] {processor.py:829} INFO - Processing file /home/amina/miniconda/lib/python3.11/site-packages/airflow/example_dags/example_setup_teardown_taskflow.py for tasks to queue
[2023-12-16T12:50:29.578+0500] {logging_mixin.py:154} INFO - [2023-12-16T12:50:29.577+0500] {dagbag.py:536} INFO - Filling up the DagBag from /home/amina/miniconda/lib/python3.11/site-packages/airflow/example_dags/example_setup_teardown_taskflow.py
[2023-12-16T12:50:29.587+0500] {processor.py:839} INFO - DAG(s) dict_keys(['example_setup_teardown_taskflow']) retrieved from /home/amina/miniconda/lib/python3.11/site-packages/airflow/example_dags/example_setup_teardown_taskflow.py
[2023-12-16T12:50:29.605+0500] {logging_mixin.py:154} INFO - [2023-12-16T12:50:29.605+0500] {dag.py:2941} INFO - Sync 1 DAGs
[2023-12-16T12:50:29.622+0500] {logging_mixin.py:154} INFO - [2023-12-16T12:50:29.622+0500] {dag.py:3722} INFO - Setting next_dagrun for example_setup_teardown_taskflow to 2023-12-15T07:50:29.622169+00:00, run_after=2023-12-16T07:50:29.622169+00:00
[2023-12-16T12:50:29.728+0500] {processor.py:179} INFO - Processing /home/amina/miniconda/lib/python3.11/site-packages/airflow/example_dags/example_setup_teardown_taskflow.py took 0.173 seconds
[2023-12-16T12:51:31.888+0500] {processor.py:157} INFO - Started process (PID=38527) to work on /home/amina/miniconda/lib/python3.11/site-packages/airflow/example_dags/example_setup_teardown_taskflow.py
[2023-12-16T12:51:31.926+0500] {processor.py:829} INFO - Processing file /home/amina/miniconda/lib/python3.11/site-packages/airflow/example_dags/example_setup_teardown_taskflow.py for tasks to queue
[2023-12-16T12:51:31.927+0500] {logging_mixin.py:154} INFO - [2023-12-16T12:51:31.927+0500] {dagbag.py:536} INFO - Filling up the DagBag from /home/amina/miniconda/lib/python3.11/site-packages/airflow/example_dags/example_setup_teardown_taskflow.py
[2023-12-16T12:51:31.937+0500] {processor.py:839} INFO - DAG(s) dict_keys(['example_setup_teardown_taskflow']) retrieved from /home/amina/miniconda/lib/python3.11/site-packages/airflow/example_dags/example_setup_teardown_taskflow.py
[2023-12-16T12:51:31.957+0500] {logging_mixin.py:154} INFO - [2023-12-16T12:51:31.956+0500] {dag.py:2941} INFO - Sync 1 DAGs
[2023-12-16T12:51:31.972+0500] {logging_mixin.py:154} INFO - [2023-12-16T12:51:31.971+0500] {dag.py:3722} INFO - Setting next_dagrun for example_setup_teardown_taskflow to 2023-12-15T07:51:31.971750+00:00, run_after=2023-12-16T07:51:31.971750+00:00
[2023-12-16T12:51:32.198+0500] {processor.py:179} INFO - Processing /home/amina/miniconda/lib/python3.11/site-packages/airflow/example_dags/example_setup_teardown_taskflow.py took 0.313 seconds
[2023-12-16T12:52:30.429+0500] {processor.py:157} INFO - Started process (PID=38576) to work on /home/amina/miniconda/lib/python3.11/site-packages/airflow/example_dags/example_setup_teardown_taskflow.py
[2023-12-16T12:52:30.433+0500] {processor.py:829} INFO - Processing file /home/amina/miniconda/lib/python3.11/site-packages/airflow/example_dags/example_setup_teardown_taskflow.py for tasks to queue
[2023-12-16T12:52:30.434+0500] {logging_mixin.py:154} INFO - [2023-12-16T12:52:30.433+0500] {dagbag.py:536} INFO - Filling up the DagBag from /home/amina/miniconda/lib/python3.11/site-packages/airflow/example_dags/example_setup_teardown_taskflow.py
[2023-12-16T12:52:30.443+0500] {processor.py:839} INFO - DAG(s) dict_keys(['example_setup_teardown_taskflow']) retrieved from /home/amina/miniconda/lib/python3.11/site-packages/airflow/example_dags/example_setup_teardown_taskflow.py
[2023-12-16T12:52:30.463+0500] {logging_mixin.py:154} INFO - [2023-12-16T12:52:30.463+0500] {dag.py:2941} INFO - Sync 1 DAGs
[2023-12-16T12:52:30.481+0500] {logging_mixin.py:154} INFO - [2023-12-16T12:52:30.481+0500] {dag.py:3722} INFO - Setting next_dagrun for example_setup_teardown_taskflow to 2023-12-15T07:52:30.481099+00:00, run_after=2023-12-16T07:52:30.481099+00:00
[2023-12-16T12:52:30.581+0500] {processor.py:179} INFO - Processing /home/amina/miniconda/lib/python3.11/site-packages/airflow/example_dags/example_setup_teardown_taskflow.py took 0.154 seconds
