[2023-12-16T12:23:28.790+0500] {processor.py:157} INFO - Started process (PID=21158) to work on /home/amina/miniconda/lib/python3.11/site-packages/airflow/example_dags/example_latest_only.py
[2023-12-16T12:23:28.791+0500] {processor.py:829} INFO - Processing file /home/amina/miniconda/lib/python3.11/site-packages/airflow/example_dags/example_latest_only.py for tasks to queue
[2023-12-16T12:23:28.792+0500] {logging_mixin.py:154} INFO - [2023-12-16T12:23:28.791+0500] {dagbag.py:536} INFO - Filling up the DagBag from /home/amina/miniconda/lib/python3.11/site-packages/airflow/example_dags/example_latest_only.py
[2023-12-16T12:23:28.796+0500] {processor.py:839} INFO - DAG(s) dict_keys(['latest_only']) retrieved from /home/amina/miniconda/lib/python3.11/site-packages/airflow/example_dags/example_latest_only.py
[2023-12-16T12:23:28.818+0500] {logging_mixin.py:154} INFO - [2023-12-16T12:23:28.818+0500] {dag.py:2941} INFO - Sync 1 DAGs
[2023-12-16T12:23:28.835+0500] {logging_mixin.py:154} INFO - [2023-12-16T12:23:28.835+0500] {dag.py:3722} INFO - Setting next_dagrun for latest_only to 2023-12-16T03:23:28.835448+00:00, run_after=2023-12-16T07:23:28.835448+00:00
[2023-12-16T12:23:29.025+0500] {processor.py:179} INFO - Processing /home/amina/miniconda/lib/python3.11/site-packages/airflow/example_dags/example_latest_only.py took 0.237 seconds
[2023-12-16T12:24:29.133+0500] {processor.py:157} INFO - Started process (PID=22625) to work on /home/amina/miniconda/lib/python3.11/site-packages/airflow/example_dags/example_latest_only.py
[2023-12-16T12:24:29.175+0500] {processor.py:829} INFO - Processing file /home/amina/miniconda/lib/python3.11/site-packages/airflow/example_dags/example_latest_only.py for tasks to queue
[2023-12-16T12:24:29.176+0500] {logging_mixin.py:154} INFO - [2023-12-16T12:24:29.176+0500] {dagbag.py:536} INFO - Filling up the DagBag from /home/amina/miniconda/lib/python3.11/site-packages/airflow/example_dags/example_latest_only.py
[2023-12-16T12:24:29.184+0500] {processor.py:839} INFO - DAG(s) dict_keys(['latest_only']) retrieved from /home/amina/miniconda/lib/python3.11/site-packages/airflow/example_dags/example_latest_only.py
[2023-12-16T12:24:29.207+0500] {logging_mixin.py:154} INFO - [2023-12-16T12:24:29.206+0500] {dag.py:2941} INFO - Sync 1 DAGs
[2023-12-16T12:24:29.238+0500] {logging_mixin.py:154} INFO - [2023-12-16T12:24:29.238+0500] {dag.py:3722} INFO - Setting next_dagrun for latest_only to 2023-12-16T03:24:29.237841+00:00, run_after=2023-12-16T07:24:29.237841+00:00
[2023-12-16T12:24:29.596+0500] {processor.py:179} INFO - Processing /home/amina/miniconda/lib/python3.11/site-packages/airflow/example_dags/example_latest_only.py took 0.466 seconds
[2023-12-16T12:26:02.501+0500] {processor.py:157} INFO - Started process (PID=24393) to work on /home/amina/miniconda/lib/python3.11/site-packages/airflow/example_dags/example_latest_only.py
[2023-12-16T12:26:02.554+0500] {processor.py:829} INFO - Processing file /home/amina/miniconda/lib/python3.11/site-packages/airflow/example_dags/example_latest_only.py for tasks to queue
[2023-12-16T12:26:02.555+0500] {logging_mixin.py:154} INFO - [2023-12-16T12:26:02.554+0500] {dagbag.py:536} INFO - Filling up the DagBag from /home/amina/miniconda/lib/python3.11/site-packages/airflow/example_dags/example_latest_only.py
[2023-12-16T12:26:02.560+0500] {processor.py:839} INFO - DAG(s) dict_keys(['latest_only']) retrieved from /home/amina/miniconda/lib/python3.11/site-packages/airflow/example_dags/example_latest_only.py
[2023-12-16T12:26:02.576+0500] {logging_mixin.py:154} INFO - [2023-12-16T12:26:02.576+0500] {dag.py:2941} INFO - Sync 1 DAGs
[2023-12-16T12:26:02.593+0500] {logging_mixin.py:154} INFO - [2023-12-16T12:26:02.592+0500] {dag.py:3722} INFO - Setting next_dagrun for latest_only to 2023-12-16T03:26:02.592644+00:00, run_after=2023-12-16T07:26:02.592644+00:00
[2023-12-16T12:26:03.270+0500] {processor.py:179} INFO - Processing /home/amina/miniconda/lib/python3.11/site-packages/airflow/example_dags/example_latest_only.py took 0.773 seconds
[2023-12-16T12:27:19.101+0500] {processor.py:157} INFO - Started process (PID=25755) to work on /home/amina/miniconda/lib/python3.11/site-packages/airflow/example_dags/example_latest_only.py
[2023-12-16T12:27:19.122+0500] {processor.py:829} INFO - Processing file /home/amina/miniconda/lib/python3.11/site-packages/airflow/example_dags/example_latest_only.py for tasks to queue
[2023-12-16T12:27:19.123+0500] {logging_mixin.py:154} INFO - [2023-12-16T12:27:19.122+0500] {dagbag.py:536} INFO - Filling up the DagBag from /home/amina/miniconda/lib/python3.11/site-packages/airflow/example_dags/example_latest_only.py
[2023-12-16T12:27:19.128+0500] {processor.py:839} INFO - DAG(s) dict_keys(['latest_only']) retrieved from /home/amina/miniconda/lib/python3.11/site-packages/airflow/example_dags/example_latest_only.py
[2023-12-16T12:27:19.142+0500] {logging_mixin.py:154} INFO - [2023-12-16T12:27:19.142+0500] {dag.py:2941} INFO - Sync 1 DAGs
[2023-12-16T12:27:19.158+0500] {logging_mixin.py:154} INFO - [2023-12-16T12:27:19.158+0500] {dag.py:3722} INFO - Setting next_dagrun for latest_only to 2023-12-16T03:27:19.158175+00:00, run_after=2023-12-16T07:27:19.158175+00:00
[2023-12-16T12:27:19.652+0500] {processor.py:179} INFO - Processing /home/amina/miniconda/lib/python3.11/site-packages/airflow/example_dags/example_latest_only.py took 0.555 seconds
[2023-12-16T12:30:37.582+0500] {processor.py:157} INFO - Started process (PID=29879) to work on /home/amina/miniconda/lib/python3.11/site-packages/airflow/example_dags/example_latest_only.py
[2023-12-16T12:30:37.645+0500] {processor.py:829} INFO - Processing file /home/amina/miniconda/lib/python3.11/site-packages/airflow/example_dags/example_latest_only.py for tasks to queue
[2023-12-16T12:30:37.646+0500] {logging_mixin.py:154} INFO - [2023-12-16T12:30:37.646+0500] {dagbag.py:536} INFO - Filling up the DagBag from /home/amina/miniconda/lib/python3.11/site-packages/airflow/example_dags/example_latest_only.py
[2023-12-16T12:30:37.651+0500] {processor.py:839} INFO - DAG(s) dict_keys(['latest_only']) retrieved from /home/amina/miniconda/lib/python3.11/site-packages/airflow/example_dags/example_latest_only.py
[2023-12-16T12:30:37.665+0500] {logging_mixin.py:154} INFO - [2023-12-16T12:30:37.665+0500] {dag.py:2941} INFO - Sync 1 DAGs
[2023-12-16T12:30:37.679+0500] {logging_mixin.py:154} INFO - [2023-12-16T12:30:37.679+0500] {dag.py:3722} INFO - Setting next_dagrun for latest_only to 2023-12-16T03:30:37.679139+00:00, run_after=2023-12-16T07:30:37.679139+00:00
[2023-12-16T12:30:37.810+0500] {processor.py:179} INFO - Processing /home/amina/miniconda/lib/python3.11/site-packages/airflow/example_dags/example_latest_only.py took 0.231 seconds
[2023-12-16T12:31:42.224+0500] {processor.py:157} INFO - Started process (PID=31575) to work on /home/amina/miniconda/lib/python3.11/site-packages/airflow/example_dags/example_latest_only.py
[2023-12-16T12:31:42.265+0500] {processor.py:829} INFO - Processing file /home/amina/miniconda/lib/python3.11/site-packages/airflow/example_dags/example_latest_only.py for tasks to queue
[2023-12-16T12:31:42.266+0500] {logging_mixin.py:154} INFO - [2023-12-16T12:31:42.266+0500] {dagbag.py:536} INFO - Filling up the DagBag from /home/amina/miniconda/lib/python3.11/site-packages/airflow/example_dags/example_latest_only.py
[2023-12-16T12:31:42.273+0500] {processor.py:839} INFO - DAG(s) dict_keys(['latest_only']) retrieved from /home/amina/miniconda/lib/python3.11/site-packages/airflow/example_dags/example_latest_only.py
[2023-12-16T12:31:42.289+0500] {logging_mixin.py:154} INFO - [2023-12-16T12:31:42.289+0500] {dag.py:2941} INFO - Sync 1 DAGs
[2023-12-16T12:31:42.306+0500] {logging_mixin.py:154} INFO - [2023-12-16T12:31:42.306+0500] {dag.py:3722} INFO - Setting next_dagrun for latest_only to 2023-12-16T03:31:42.306094+00:00, run_after=2023-12-16T07:31:42.306094+00:00
[2023-12-16T12:31:42.429+0500] {processor.py:179} INFO - Processing /home/amina/miniconda/lib/python3.11/site-packages/airflow/example_dags/example_latest_only.py took 0.208 seconds
[2023-12-16T12:32:41.934+0500] {processor.py:157} INFO - Started process (PID=32956) to work on /home/amina/miniconda/lib/python3.11/site-packages/airflow/example_dags/example_latest_only.py
[2023-12-16T12:32:41.973+0500] {processor.py:829} INFO - Processing file /home/amina/miniconda/lib/python3.11/site-packages/airflow/example_dags/example_latest_only.py for tasks to queue
[2023-12-16T12:32:41.974+0500] {logging_mixin.py:154} INFO - [2023-12-16T12:32:41.974+0500] {dagbag.py:536} INFO - Filling up the DagBag from /home/amina/miniconda/lib/python3.11/site-packages/airflow/example_dags/example_latest_only.py
[2023-12-16T12:32:41.981+0500] {processor.py:839} INFO - DAG(s) dict_keys(['latest_only']) retrieved from /home/amina/miniconda/lib/python3.11/site-packages/airflow/example_dags/example_latest_only.py
[2023-12-16T12:32:41.998+0500] {logging_mixin.py:154} INFO - [2023-12-16T12:32:41.998+0500] {dag.py:2941} INFO - Sync 1 DAGs
[2023-12-16T12:32:42.019+0500] {logging_mixin.py:154} INFO - [2023-12-16T12:32:42.019+0500] {dag.py:3722} INFO - Setting next_dagrun for latest_only to 2023-12-16T03:32:42.018835+00:00, run_after=2023-12-16T07:32:42.018835+00:00
[2023-12-16T12:32:42.142+0500] {processor.py:179} INFO - Processing /home/amina/miniconda/lib/python3.11/site-packages/airflow/example_dags/example_latest_only.py took 0.213 seconds
[2023-12-16T12:33:42.699+0500] {processor.py:157} INFO - Started process (PID=34625) to work on /home/amina/miniconda/lib/python3.11/site-packages/airflow/example_dags/example_latest_only.py
[2023-12-16T12:33:42.732+0500] {processor.py:829} INFO - Processing file /home/amina/miniconda/lib/python3.11/site-packages/airflow/example_dags/example_latest_only.py for tasks to queue
[2023-12-16T12:33:42.733+0500] {logging_mixin.py:154} INFO - [2023-12-16T12:33:42.733+0500] {dagbag.py:536} INFO - Filling up the DagBag from /home/amina/miniconda/lib/python3.11/site-packages/airflow/example_dags/example_latest_only.py
[2023-12-16T12:33:42.738+0500] {processor.py:839} INFO - DAG(s) dict_keys(['latest_only']) retrieved from /home/amina/miniconda/lib/python3.11/site-packages/airflow/example_dags/example_latest_only.py
[2023-12-16T12:33:42.753+0500] {logging_mixin.py:154} INFO - [2023-12-16T12:33:42.753+0500] {dag.py:2941} INFO - Sync 1 DAGs
[2023-12-16T12:33:42.772+0500] {logging_mixin.py:154} INFO - [2023-12-16T12:33:42.772+0500] {dag.py:3722} INFO - Setting next_dagrun for latest_only to 2023-12-16T03:33:42.772054+00:00, run_after=2023-12-16T07:33:42.772054+00:00
[2023-12-16T12:33:42.895+0500] {processor.py:179} INFO - Processing /home/amina/miniconda/lib/python3.11/site-packages/airflow/example_dags/example_latest_only.py took 0.198 seconds
[2023-12-16T12:35:03.941+0500] {processor.py:157} INFO - Started process (PID=36326) to work on /home/amina/miniconda/lib/python3.11/site-packages/airflow/example_dags/example_latest_only.py
[2023-12-16T12:35:04.001+0500] {processor.py:829} INFO - Processing file /home/amina/miniconda/lib/python3.11/site-packages/airflow/example_dags/example_latest_only.py for tasks to queue
[2023-12-16T12:35:04.002+0500] {logging_mixin.py:154} INFO - [2023-12-16T12:35:04.002+0500] {dagbag.py:536} INFO - Filling up the DagBag from /home/amina/miniconda/lib/python3.11/site-packages/airflow/example_dags/example_latest_only.py
[2023-12-16T12:35:04.007+0500] {processor.py:839} INFO - DAG(s) dict_keys(['latest_only']) retrieved from /home/amina/miniconda/lib/python3.11/site-packages/airflow/example_dags/example_latest_only.py
[2023-12-16T12:35:04.020+0500] {logging_mixin.py:154} INFO - [2023-12-16T12:35:04.020+0500] {dag.py:2941} INFO - Sync 1 DAGs
[2023-12-16T12:35:04.034+0500] {logging_mixin.py:154} INFO - [2023-12-16T12:35:04.034+0500] {dag.py:3722} INFO - Setting next_dagrun for latest_only to 2023-12-16T03:35:04.034566+00:00, run_after=2023-12-16T07:35:04.034566+00:00
[2023-12-16T12:35:04.143+0500] {processor.py:179} INFO - Processing /home/amina/miniconda/lib/python3.11/site-packages/airflow/example_dags/example_latest_only.py took 0.205 seconds
[2023-12-16T12:36:25.076+0500] {processor.py:157} INFO - Started process (PID=36411) to work on /home/amina/miniconda/lib/python3.11/site-packages/airflow/example_dags/example_latest_only.py
[2023-12-16T12:36:25.121+0500] {processor.py:829} INFO - Processing file /home/amina/miniconda/lib/python3.11/site-packages/airflow/example_dags/example_latest_only.py for tasks to queue
[2023-12-16T12:36:25.122+0500] {logging_mixin.py:154} INFO - [2023-12-16T12:36:25.121+0500] {dagbag.py:536} INFO - Filling up the DagBag from /home/amina/miniconda/lib/python3.11/site-packages/airflow/example_dags/example_latest_only.py
[2023-12-16T12:36:25.127+0500] {processor.py:839} INFO - DAG(s) dict_keys(['latest_only']) retrieved from /home/amina/miniconda/lib/python3.11/site-packages/airflow/example_dags/example_latest_only.py
[2023-12-16T12:36:25.140+0500] {logging_mixin.py:154} INFO - [2023-12-16T12:36:25.140+0500] {dag.py:2941} INFO - Sync 1 DAGs
[2023-12-16T12:36:25.154+0500] {logging_mixin.py:154} INFO - [2023-12-16T12:36:25.154+0500] {dag.py:3722} INFO - Setting next_dagrun for latest_only to 2023-12-16T03:36:25.154426+00:00, run_after=2023-12-16T07:36:25.154426+00:00
[2023-12-16T12:36:25.302+0500] {processor.py:179} INFO - Processing /home/amina/miniconda/lib/python3.11/site-packages/airflow/example_dags/example_latest_only.py took 0.229 seconds
[2023-12-16T12:37:22.572+0500] {processor.py:157} INFO - Started process (PID=36713) to work on /home/amina/miniconda/lib/python3.11/site-packages/airflow/example_dags/example_latest_only.py
[2023-12-16T12:37:22.580+0500] {processor.py:829} INFO - Processing file /home/amina/miniconda/lib/python3.11/site-packages/airflow/example_dags/example_latest_only.py for tasks to queue
[2023-12-16T12:37:22.581+0500] {logging_mixin.py:154} INFO - [2023-12-16T12:37:22.581+0500] {dagbag.py:536} INFO - Filling up the DagBag from /home/amina/miniconda/lib/python3.11/site-packages/airflow/example_dags/example_latest_only.py
[2023-12-16T12:37:22.586+0500] {processor.py:839} INFO - DAG(s) dict_keys(['latest_only']) retrieved from /home/amina/miniconda/lib/python3.11/site-packages/airflow/example_dags/example_latest_only.py
[2023-12-16T12:37:22.599+0500] {logging_mixin.py:154} INFO - [2023-12-16T12:37:22.599+0500] {dag.py:2941} INFO - Sync 1 DAGs
[2023-12-16T12:37:22.614+0500] {logging_mixin.py:154} INFO - [2023-12-16T12:37:22.614+0500] {dag.py:3722} INFO - Setting next_dagrun for latest_only to 2023-12-16T03:37:22.613990+00:00, run_after=2023-12-16T07:37:22.613990+00:00
[2023-12-16T12:37:22.717+0500] {processor.py:179} INFO - Processing /home/amina/miniconda/lib/python3.11/site-packages/airflow/example_dags/example_latest_only.py took 0.148 seconds
[2023-12-16T12:38:38.245+0500] {processor.py:157} INFO - Started process (PID=36781) to work on /home/amina/miniconda/lib/python3.11/site-packages/airflow/example_dags/example_latest_only.py
[2023-12-16T12:38:38.303+0500] {processor.py:829} INFO - Processing file /home/amina/miniconda/lib/python3.11/site-packages/airflow/example_dags/example_latest_only.py for tasks to queue
[2023-12-16T12:38:38.303+0500] {logging_mixin.py:154} INFO - [2023-12-16T12:38:38.303+0500] {dagbag.py:536} INFO - Filling up the DagBag from /home/amina/miniconda/lib/python3.11/site-packages/airflow/example_dags/example_latest_only.py
[2023-12-16T12:38:38.308+0500] {processor.py:839} INFO - DAG(s) dict_keys(['latest_only']) retrieved from /home/amina/miniconda/lib/python3.11/site-packages/airflow/example_dags/example_latest_only.py
[2023-12-16T12:38:38.321+0500] {logging_mixin.py:154} INFO - [2023-12-16T12:38:38.321+0500] {dag.py:2941} INFO - Sync 1 DAGs
[2023-12-16T12:38:38.336+0500] {logging_mixin.py:154} INFO - [2023-12-16T12:38:38.336+0500] {dag.py:3722} INFO - Setting next_dagrun for latest_only to 2023-12-16T03:38:38.336186+00:00, run_after=2023-12-16T07:38:38.336186+00:00
[2023-12-16T12:38:38.450+0500] {processor.py:179} INFO - Processing /home/amina/miniconda/lib/python3.11/site-packages/airflow/example_dags/example_latest_only.py took 0.208 seconds
[2023-12-16T12:39:49.580+0500] {processor.py:157} INFO - Started process (PID=36859) to work on /home/amina/miniconda/lib/python3.11/site-packages/airflow/example_dags/example_latest_only.py
[2023-12-16T12:39:49.635+0500] {processor.py:829} INFO - Processing file /home/amina/miniconda/lib/python3.11/site-packages/airflow/example_dags/example_latest_only.py for tasks to queue
[2023-12-16T12:39:49.636+0500] {logging_mixin.py:154} INFO - [2023-12-16T12:39:49.635+0500] {dagbag.py:536} INFO - Filling up the DagBag from /home/amina/miniconda/lib/python3.11/site-packages/airflow/example_dags/example_latest_only.py
[2023-12-16T12:39:49.640+0500] {processor.py:839} INFO - DAG(s) dict_keys(['latest_only']) retrieved from /home/amina/miniconda/lib/python3.11/site-packages/airflow/example_dags/example_latest_only.py
[2023-12-16T12:39:49.654+0500] {logging_mixin.py:154} INFO - [2023-12-16T12:39:49.653+0500] {dag.py:2941} INFO - Sync 1 DAGs
[2023-12-16T12:39:49.668+0500] {logging_mixin.py:154} INFO - [2023-12-16T12:39:49.668+0500] {dag.py:3722} INFO - Setting next_dagrun for latest_only to 2023-12-16T03:39:49.667891+00:00, run_after=2023-12-16T07:39:49.667891+00:00
[2023-12-16T12:39:49.797+0500] {processor.py:179} INFO - Processing /home/amina/miniconda/lib/python3.11/site-packages/airflow/example_dags/example_latest_only.py took 0.219 seconds
[2023-12-16T12:41:07.669+0500] {processor.py:157} INFO - Started process (PID=37038) to work on /home/amina/miniconda/lib/python3.11/site-packages/airflow/example_dags/example_latest_only.py
[2023-12-16T12:41:07.715+0500] {processor.py:829} INFO - Processing file /home/amina/miniconda/lib/python3.11/site-packages/airflow/example_dags/example_latest_only.py for tasks to queue
[2023-12-16T12:41:07.716+0500] {logging_mixin.py:154} INFO - [2023-12-16T12:41:07.716+0500] {dagbag.py:536} INFO - Filling up the DagBag from /home/amina/miniconda/lib/python3.11/site-packages/airflow/example_dags/example_latest_only.py
[2023-12-16T12:41:07.721+0500] {processor.py:839} INFO - DAG(s) dict_keys(['latest_only']) retrieved from /home/amina/miniconda/lib/python3.11/site-packages/airflow/example_dags/example_latest_only.py
[2023-12-16T12:41:07.739+0500] {logging_mixin.py:154} INFO - [2023-12-16T12:41:07.739+0500] {dag.py:2941} INFO - Sync 1 DAGs
[2023-12-16T12:41:07.758+0500] {logging_mixin.py:154} INFO - [2023-12-16T12:41:07.758+0500] {dag.py:3722} INFO - Setting next_dagrun for latest_only to 2023-12-16T03:41:07.757875+00:00, run_after=2023-12-16T07:41:07.757875+00:00
[2023-12-16T12:41:07.863+0500] {processor.py:179} INFO - Processing /home/amina/miniconda/lib/python3.11/site-packages/airflow/example_dags/example_latest_only.py took 0.197 seconds
[2023-12-16T12:43:12.357+0500] {processor.py:157} INFO - Started process (PID=37201) to work on /home/amina/miniconda/lib/python3.11/site-packages/airflow/example_dags/example_latest_only.py
[2023-12-16T12:43:12.400+0500] {processor.py:829} INFO - Processing file /home/amina/miniconda/lib/python3.11/site-packages/airflow/example_dags/example_latest_only.py for tasks to queue
[2023-12-16T12:43:12.401+0500] {logging_mixin.py:154} INFO - [2023-12-16T12:43:12.400+0500] {dagbag.py:536} INFO - Filling up the DagBag from /home/amina/miniconda/lib/python3.11/site-packages/airflow/example_dags/example_latest_only.py
[2023-12-16T12:43:12.405+0500] {processor.py:839} INFO - DAG(s) dict_keys(['latest_only']) retrieved from /home/amina/miniconda/lib/python3.11/site-packages/airflow/example_dags/example_latest_only.py
[2023-12-16T12:43:12.418+0500] {logging_mixin.py:154} INFO - [2023-12-16T12:43:12.418+0500] {dag.py:2941} INFO - Sync 1 DAGs
[2023-12-16T12:43:12.433+0500] {logging_mixin.py:154} INFO - [2023-12-16T12:43:12.433+0500] {dag.py:3722} INFO - Setting next_dagrun for latest_only to 2023-12-16T03:43:12.432851+00:00, run_after=2023-12-16T07:43:12.432851+00:00
[2023-12-16T12:43:12.578+0500] {processor.py:179} INFO - Processing /home/amina/miniconda/lib/python3.11/site-packages/airflow/example_dags/example_latest_only.py took 0.224 seconds
[2023-12-16T12:44:13.980+0500] {processor.py:157} INFO - Started process (PID=37261) to work on /home/amina/miniconda/lib/python3.11/site-packages/airflow/example_dags/example_latest_only.py
[2023-12-16T12:44:14.041+0500] {processor.py:829} INFO - Processing file /home/amina/miniconda/lib/python3.11/site-packages/airflow/example_dags/example_latest_only.py for tasks to queue
[2023-12-16T12:44:14.042+0500] {logging_mixin.py:154} INFO - [2023-12-16T12:44:14.041+0500] {dagbag.py:536} INFO - Filling up the DagBag from /home/amina/miniconda/lib/python3.11/site-packages/airflow/example_dags/example_latest_only.py
[2023-12-16T12:44:14.047+0500] {processor.py:839} INFO - DAG(s) dict_keys(['latest_only']) retrieved from /home/amina/miniconda/lib/python3.11/site-packages/airflow/example_dags/example_latest_only.py
[2023-12-16T12:44:14.061+0500] {logging_mixin.py:154} INFO - [2023-12-16T12:44:14.061+0500] {dag.py:2941} INFO - Sync 1 DAGs
[2023-12-16T12:44:14.083+0500] {logging_mixin.py:154} INFO - [2023-12-16T12:44:14.082+0500] {dag.py:3722} INFO - Setting next_dagrun for latest_only to 2023-12-16T03:44:14.082269+00:00, run_after=2023-12-16T07:44:14.082269+00:00
[2023-12-16T12:44:14.186+0500] {processor.py:179} INFO - Processing /home/amina/miniconda/lib/python3.11/site-packages/airflow/example_dags/example_latest_only.py took 0.209 seconds
[2023-12-16T12:45:24.256+0500] {processor.py:157} INFO - Started process (PID=37379) to work on /home/amina/miniconda/lib/python3.11/site-packages/airflow/example_dags/example_latest_only.py
[2023-12-16T12:45:24.307+0500] {processor.py:829} INFO - Processing file /home/amina/miniconda/lib/python3.11/site-packages/airflow/example_dags/example_latest_only.py for tasks to queue
[2023-12-16T12:45:24.308+0500] {logging_mixin.py:154} INFO - [2023-12-16T12:45:24.307+0500] {dagbag.py:536} INFO - Filling up the DagBag from /home/amina/miniconda/lib/python3.11/site-packages/airflow/example_dags/example_latest_only.py
[2023-12-16T12:45:24.312+0500] {processor.py:839} INFO - DAG(s) dict_keys(['latest_only']) retrieved from /home/amina/miniconda/lib/python3.11/site-packages/airflow/example_dags/example_latest_only.py
[2023-12-16T12:45:24.326+0500] {logging_mixin.py:154} INFO - [2023-12-16T12:45:24.326+0500] {dag.py:2941} INFO - Sync 1 DAGs
[2023-12-16T12:45:24.341+0500] {logging_mixin.py:154} INFO - [2023-12-16T12:45:24.341+0500] {dag.py:3722} INFO - Setting next_dagrun for latest_only to 2023-12-16T03:45:24.341168+00:00, run_after=2023-12-16T07:45:24.341168+00:00
[2023-12-16T12:45:24.440+0500] {processor.py:179} INFO - Processing /home/amina/miniconda/lib/python3.11/site-packages/airflow/example_dags/example_latest_only.py took 0.186 seconds
[2023-12-16T12:46:37.461+0500] {processor.py:157} INFO - Started process (PID=37460) to work on /home/amina/miniconda/lib/python3.11/site-packages/airflow/example_dags/example_latest_only.py
[2023-12-16T12:46:37.484+0500] {processor.py:829} INFO - Processing file /home/amina/miniconda/lib/python3.11/site-packages/airflow/example_dags/example_latest_only.py for tasks to queue
[2023-12-16T12:46:37.485+0500] {logging_mixin.py:154} INFO - [2023-12-16T12:46:37.484+0500] {dagbag.py:536} INFO - Filling up the DagBag from /home/amina/miniconda/lib/python3.11/site-packages/airflow/example_dags/example_latest_only.py
[2023-12-16T12:46:37.490+0500] {processor.py:839} INFO - DAG(s) dict_keys(['latest_only']) retrieved from /home/amina/miniconda/lib/python3.11/site-packages/airflow/example_dags/example_latest_only.py
[2023-12-16T12:46:37.508+0500] {logging_mixin.py:154} INFO - [2023-12-16T12:46:37.508+0500] {dag.py:2941} INFO - Sync 1 DAGs
[2023-12-16T12:46:37.529+0500] {logging_mixin.py:154} INFO - [2023-12-16T12:46:37.528+0500] {dag.py:3722} INFO - Setting next_dagrun for latest_only to 2023-12-16T03:46:37.528793+00:00, run_after=2023-12-16T07:46:37.528793+00:00
[2023-12-16T12:46:37.628+0500] {processor.py:179} INFO - Processing /home/amina/miniconda/lib/python3.11/site-packages/airflow/example_dags/example_latest_only.py took 0.171 seconds
[2023-12-16T12:47:54.439+0500] {processor.py:157} INFO - Started process (PID=37541) to work on /home/amina/miniconda/lib/python3.11/site-packages/airflow/example_dags/example_latest_only.py
[2023-12-16T12:47:54.461+0500] {processor.py:829} INFO - Processing file /home/amina/miniconda/lib/python3.11/site-packages/airflow/example_dags/example_latest_only.py for tasks to queue
[2023-12-16T12:47:54.462+0500] {logging_mixin.py:154} INFO - [2023-12-16T12:47:54.462+0500] {dagbag.py:536} INFO - Filling up the DagBag from /home/amina/miniconda/lib/python3.11/site-packages/airflow/example_dags/example_latest_only.py
[2023-12-16T12:47:54.467+0500] {processor.py:839} INFO - DAG(s) dict_keys(['latest_only']) retrieved from /home/amina/miniconda/lib/python3.11/site-packages/airflow/example_dags/example_latest_only.py
[2023-12-16T12:47:54.480+0500] {logging_mixin.py:154} INFO - [2023-12-16T12:47:54.480+0500] {dag.py:2941} INFO - Sync 1 DAGs
[2023-12-16T12:47:54.494+0500] {logging_mixin.py:154} INFO - [2023-12-16T12:47:54.494+0500] {dag.py:3722} INFO - Setting next_dagrun for latest_only to 2023-12-16T03:47:54.494193+00:00, run_after=2023-12-16T07:47:54.494193+00:00
[2023-12-16T12:47:54.691+0500] {processor.py:179} INFO - Processing /home/amina/miniconda/lib/python3.11/site-packages/airflow/example_dags/example_latest_only.py took 0.255 seconds
[2023-12-16T12:49:18.687+0500] {processor.py:157} INFO - Started process (PID=38261) to work on /home/amina/miniconda/lib/python3.11/site-packages/airflow/example_dags/example_latest_only.py
[2023-12-16T12:49:18.719+0500] {processor.py:829} INFO - Processing file /home/amina/miniconda/lib/python3.11/site-packages/airflow/example_dags/example_latest_only.py for tasks to queue
[2023-12-16T12:49:18.720+0500] {logging_mixin.py:154} INFO - [2023-12-16T12:49:18.720+0500] {dagbag.py:536} INFO - Filling up the DagBag from /home/amina/miniconda/lib/python3.11/site-packages/airflow/example_dags/example_latest_only.py
[2023-12-16T12:49:18.725+0500] {processor.py:839} INFO - DAG(s) dict_keys(['latest_only']) retrieved from /home/amina/miniconda/lib/python3.11/site-packages/airflow/example_dags/example_latest_only.py
[2023-12-16T12:49:18.743+0500] {logging_mixin.py:154} INFO - [2023-12-16T12:49:18.743+0500] {dag.py:2941} INFO - Sync 1 DAGs
[2023-12-16T12:49:18.759+0500] {logging_mixin.py:154} INFO - [2023-12-16T12:49:18.759+0500] {dag.py:3722} INFO - Setting next_dagrun for latest_only to 2023-12-16T03:49:18.759314+00:00, run_after=2023-12-16T07:49:18.759314+00:00
[2023-12-16T12:49:18.859+0500] {processor.py:179} INFO - Processing /home/amina/miniconda/lib/python3.11/site-packages/airflow/example_dags/example_latest_only.py took 0.176 seconds
[2023-12-16T12:50:24.559+0500] {processor.py:157} INFO - Started process (PID=38447) to work on /home/amina/miniconda/lib/python3.11/site-packages/airflow/example_dags/example_latest_only.py
[2023-12-16T12:50:24.560+0500] {processor.py:829} INFO - Processing file /home/amina/miniconda/lib/python3.11/site-packages/airflow/example_dags/example_latest_only.py for tasks to queue
[2023-12-16T12:50:24.561+0500] {logging_mixin.py:154} INFO - [2023-12-16T12:50:24.560+0500] {dagbag.py:536} INFO - Filling up the DagBag from /home/amina/miniconda/lib/python3.11/site-packages/airflow/example_dags/example_latest_only.py
[2023-12-16T12:50:24.566+0500] {processor.py:839} INFO - DAG(s) dict_keys(['latest_only']) retrieved from /home/amina/miniconda/lib/python3.11/site-packages/airflow/example_dags/example_latest_only.py
[2023-12-16T12:50:24.580+0500] {logging_mixin.py:154} INFO - [2023-12-16T12:50:24.579+0500] {dag.py:2941} INFO - Sync 1 DAGs
[2023-12-16T12:50:24.594+0500] {logging_mixin.py:154} INFO - [2023-12-16T12:50:24.594+0500] {dag.py:3722} INFO - Setting next_dagrun for latest_only to 2023-12-16T03:50:24.594302+00:00, run_after=2023-12-16T07:50:24.594302+00:00
[2023-12-16T12:50:24.756+0500] {processor.py:179} INFO - Processing /home/amina/miniconda/lib/python3.11/site-packages/airflow/example_dags/example_latest_only.py took 0.200 seconds
[2023-12-16T12:51:28.969+0500] {processor.py:157} INFO - Started process (PID=38524) to work on /home/amina/miniconda/lib/python3.11/site-packages/airflow/example_dags/example_latest_only.py
[2023-12-16T12:51:28.974+0500] {processor.py:829} INFO - Processing file /home/amina/miniconda/lib/python3.11/site-packages/airflow/example_dags/example_latest_only.py for tasks to queue
[2023-12-16T12:51:28.975+0500] {logging_mixin.py:154} INFO - [2023-12-16T12:51:28.975+0500] {dagbag.py:536} INFO - Filling up the DagBag from /home/amina/miniconda/lib/python3.11/site-packages/airflow/example_dags/example_latest_only.py
[2023-12-16T12:51:28.980+0500] {processor.py:839} INFO - DAG(s) dict_keys(['latest_only']) retrieved from /home/amina/miniconda/lib/python3.11/site-packages/airflow/example_dags/example_latest_only.py
[2023-12-16T12:51:28.996+0500] {logging_mixin.py:154} INFO - [2023-12-16T12:51:28.996+0500] {dag.py:2941} INFO - Sync 1 DAGs
[2023-12-16T12:51:29.014+0500] {logging_mixin.py:154} INFO - [2023-12-16T12:51:29.013+0500] {dag.py:3722} INFO - Setting next_dagrun for latest_only to 2023-12-16T03:51:29.013746+00:00, run_after=2023-12-16T07:51:29.013746+00:00
[2023-12-16T12:51:29.228+0500] {processor.py:179} INFO - Processing /home/amina/miniconda/lib/python3.11/site-packages/airflow/example_dags/example_latest_only.py took 0.262 seconds
[2023-12-16T12:52:29.178+0500] {processor.py:157} INFO - Started process (PID=38575) to work on /home/amina/miniconda/lib/python3.11/site-packages/airflow/example_dags/example_latest_only.py
[2023-12-16T12:52:29.225+0500] {processor.py:829} INFO - Processing file /home/amina/miniconda/lib/python3.11/site-packages/airflow/example_dags/example_latest_only.py for tasks to queue
[2023-12-16T12:52:29.226+0500] {logging_mixin.py:154} INFO - [2023-12-16T12:52:29.225+0500] {dagbag.py:536} INFO - Filling up the DagBag from /home/amina/miniconda/lib/python3.11/site-packages/airflow/example_dags/example_latest_only.py
[2023-12-16T12:52:29.231+0500] {processor.py:839} INFO - DAG(s) dict_keys(['latest_only']) retrieved from /home/amina/miniconda/lib/python3.11/site-packages/airflow/example_dags/example_latest_only.py
[2023-12-16T12:52:29.250+0500] {logging_mixin.py:154} INFO - [2023-12-16T12:52:29.250+0500] {dag.py:2941} INFO - Sync 1 DAGs
[2023-12-16T12:52:29.269+0500] {logging_mixin.py:154} INFO - [2023-12-16T12:52:29.269+0500] {dag.py:3722} INFO - Setting next_dagrun for latest_only to 2023-12-16T03:52:29.268615+00:00, run_after=2023-12-16T07:52:29.268615+00:00
[2023-12-16T12:52:29.370+0500] {processor.py:179} INFO - Processing /home/amina/miniconda/lib/python3.11/site-packages/airflow/example_dags/example_latest_only.py took 0.195 seconds
