[2023-12-16T12:23:21.165+0500] {processor.py:157} INFO - Started process (PID=21005) to work on /home/amina/miniconda/lib/python3.11/site-packages/airflow/example_dags/example_branch_python_dop_operator_3.py
[2023-12-16T12:23:21.166+0500] {processor.py:829} INFO - Processing file /home/amina/miniconda/lib/python3.11/site-packages/airflow/example_dags/example_branch_python_dop_operator_3.py for tasks to queue
[2023-12-16T12:23:21.167+0500] {logging_mixin.py:154} INFO - [2023-12-16T12:23:21.167+0500] {dagbag.py:536} INFO - Filling up the DagBag from /home/amina/miniconda/lib/python3.11/site-packages/airflow/example_dags/example_branch_python_dop_operator_3.py
[2023-12-16T12:23:21.176+0500] {processor.py:839} INFO - DAG(s) dict_keys(['example_branch_dop_operator_v3']) retrieved from /home/amina/miniconda/lib/python3.11/site-packages/airflow/example_dags/example_branch_python_dop_operator_3.py
[2023-12-16T12:23:21.196+0500] {logging_mixin.py:154} INFO - [2023-12-16T12:23:21.196+0500] {dag.py:2941} INFO - Sync 1 DAGs
[2023-12-16T12:23:21.218+0500] {logging_mixin.py:154} INFO - [2023-12-16T12:23:21.217+0500] {dag.py:3722} INFO - Setting next_dagrun for example_branch_dop_operator_v3 to 2023-12-16T07:22:00+00:00, run_after=2023-12-16T07:23:00+00:00
[2023-12-16T12:23:21.356+0500] {processor.py:179} INFO - Processing /home/amina/miniconda/lib/python3.11/site-packages/airflow/example_dags/example_branch_python_dop_operator_3.py took 0.194 seconds
[2023-12-16T12:24:19.065+0500] {processor.py:157} INFO - Started process (PID=22462) to work on /home/amina/miniconda/lib/python3.11/site-packages/airflow/example_dags/example_branch_python_dop_operator_3.py
[2023-12-16T12:24:19.232+0500] {processor.py:829} INFO - Processing file /home/amina/miniconda/lib/python3.11/site-packages/airflow/example_dags/example_branch_python_dop_operator_3.py for tasks to queue
[2023-12-16T12:24:19.232+0500] {logging_mixin.py:154} INFO - [2023-12-16T12:24:19.232+0500] {dagbag.py:536} INFO - Filling up the DagBag from /home/amina/miniconda/lib/python3.11/site-packages/airflow/example_dags/example_branch_python_dop_operator_3.py
[2023-12-16T12:24:19.243+0500] {processor.py:839} INFO - DAG(s) dict_keys(['example_branch_dop_operator_v3']) retrieved from /home/amina/miniconda/lib/python3.11/site-packages/airflow/example_dags/example_branch_python_dop_operator_3.py
[2023-12-16T12:24:19.259+0500] {logging_mixin.py:154} INFO - [2023-12-16T12:24:19.259+0500] {dag.py:2941} INFO - Sync 1 DAGs
[2023-12-16T12:24:19.278+0500] {logging_mixin.py:154} INFO - [2023-12-16T12:24:19.278+0500] {dag.py:3722} INFO - Setting next_dagrun for example_branch_dop_operator_v3 to 2023-12-16T07:23:00+00:00, run_after=2023-12-16T07:24:00+00:00
[2023-12-16T12:24:20.342+0500] {processor.py:179} INFO - Processing /home/amina/miniconda/lib/python3.11/site-packages/airflow/example_dags/example_branch_python_dop_operator_3.py took 1.279 seconds
[2023-12-16T12:25:51.773+0500] {processor.py:157} INFO - Started process (PID=24198) to work on /home/amina/miniconda/lib/python3.11/site-packages/airflow/example_dags/example_branch_python_dop_operator_3.py
[2023-12-16T12:25:51.802+0500] {processor.py:829} INFO - Processing file /home/amina/miniconda/lib/python3.11/site-packages/airflow/example_dags/example_branch_python_dop_operator_3.py for tasks to queue
[2023-12-16T12:25:51.804+0500] {logging_mixin.py:154} INFO - [2023-12-16T12:25:51.803+0500] {dagbag.py:536} INFO - Filling up the DagBag from /home/amina/miniconda/lib/python3.11/site-packages/airflow/example_dags/example_branch_python_dop_operator_3.py
[2023-12-16T12:25:51.817+0500] {processor.py:839} INFO - DAG(s) dict_keys(['example_branch_dop_operator_v3']) retrieved from /home/amina/miniconda/lib/python3.11/site-packages/airflow/example_dags/example_branch_python_dop_operator_3.py
[2023-12-16T12:25:51.839+0500] {logging_mixin.py:154} INFO - [2023-12-16T12:25:51.839+0500] {dag.py:2941} INFO - Sync 1 DAGs
[2023-12-16T12:25:51.875+0500] {logging_mixin.py:154} INFO - [2023-12-16T12:25:51.875+0500] {dag.py:3722} INFO - Setting next_dagrun for example_branch_dop_operator_v3 to 2023-12-16T07:24:00+00:00, run_after=2023-12-16T07:25:00+00:00
[2023-12-16T12:25:52.159+0500] {processor.py:179} INFO - Processing /home/amina/miniconda/lib/python3.11/site-packages/airflow/example_dags/example_branch_python_dop_operator_3.py took 0.391 seconds
[2023-12-16T12:27:09.615+0500] {processor.py:157} INFO - Started process (PID=25599) to work on /home/amina/miniconda/lib/python3.11/site-packages/airflow/example_dags/example_branch_python_dop_operator_3.py
[2023-12-16T12:27:09.665+0500] {processor.py:829} INFO - Processing file /home/amina/miniconda/lib/python3.11/site-packages/airflow/example_dags/example_branch_python_dop_operator_3.py for tasks to queue
[2023-12-16T12:27:09.666+0500] {logging_mixin.py:154} INFO - [2023-12-16T12:27:09.665+0500] {dagbag.py:536} INFO - Filling up the DagBag from /home/amina/miniconda/lib/python3.11/site-packages/airflow/example_dags/example_branch_python_dop_operator_3.py
[2023-12-16T12:27:09.675+0500] {processor.py:839} INFO - DAG(s) dict_keys(['example_branch_dop_operator_v3']) retrieved from /home/amina/miniconda/lib/python3.11/site-packages/airflow/example_dags/example_branch_python_dop_operator_3.py
[2023-12-16T12:27:09.690+0500] {logging_mixin.py:154} INFO - [2023-12-16T12:27:09.690+0500] {dag.py:2941} INFO - Sync 1 DAGs
[2023-12-16T12:27:09.711+0500] {logging_mixin.py:154} INFO - [2023-12-16T12:27:09.711+0500] {dag.py:3722} INFO - Setting next_dagrun for example_branch_dop_operator_v3 to 2023-12-16T07:26:00+00:00, run_after=2023-12-16T07:27:00+00:00
[2023-12-16T12:27:10.087+0500] {processor.py:179} INFO - Processing /home/amina/miniconda/lib/python3.11/site-packages/airflow/example_dags/example_branch_python_dop_operator_3.py took 0.475 seconds
[2023-12-16T12:30:31.574+0500] {processor.py:157} INFO - Started process (PID=29633) to work on /home/amina/miniconda/lib/python3.11/site-packages/airflow/example_dags/example_branch_python_dop_operator_3.py
[2023-12-16T12:30:31.603+0500] {processor.py:829} INFO - Processing file /home/amina/miniconda/lib/python3.11/site-packages/airflow/example_dags/example_branch_python_dop_operator_3.py for tasks to queue
[2023-12-16T12:30:31.604+0500] {logging_mixin.py:154} INFO - [2023-12-16T12:30:31.604+0500] {dagbag.py:536} INFO - Filling up the DagBag from /home/amina/miniconda/lib/python3.11/site-packages/airflow/example_dags/example_branch_python_dop_operator_3.py
[2023-12-16T12:30:31.612+0500] {processor.py:839} INFO - DAG(s) dict_keys(['example_branch_dop_operator_v3']) retrieved from /home/amina/miniconda/lib/python3.11/site-packages/airflow/example_dags/example_branch_python_dop_operator_3.py
[2023-12-16T12:30:31.625+0500] {logging_mixin.py:154} INFO - [2023-12-16T12:30:31.625+0500] {dag.py:2941} INFO - Sync 1 DAGs
[2023-12-16T12:30:31.644+0500] {logging_mixin.py:154} INFO - [2023-12-16T12:30:31.643+0500] {dag.py:3722} INFO - Setting next_dagrun for example_branch_dop_operator_v3 to 2023-12-16T07:29:00+00:00, run_after=2023-12-16T07:30:00+00:00
[2023-12-16T12:30:31.862+0500] {processor.py:179} INFO - Processing /home/amina/miniconda/lib/python3.11/site-packages/airflow/example_dags/example_branch_python_dop_operator_3.py took 0.290 seconds
[2023-12-16T12:31:34.006+0500] {processor.py:157} INFO - Started process (PID=31441) to work on /home/amina/miniconda/lib/python3.11/site-packages/airflow/example_dags/example_branch_python_dop_operator_3.py
[2023-12-16T12:31:34.056+0500] {processor.py:829} INFO - Processing file /home/amina/miniconda/lib/python3.11/site-packages/airflow/example_dags/example_branch_python_dop_operator_3.py for tasks to queue
[2023-12-16T12:31:34.057+0500] {logging_mixin.py:154} INFO - [2023-12-16T12:31:34.056+0500] {dagbag.py:536} INFO - Filling up the DagBag from /home/amina/miniconda/lib/python3.11/site-packages/airflow/example_dags/example_branch_python_dop_operator_3.py
[2023-12-16T12:31:34.065+0500] {processor.py:839} INFO - DAG(s) dict_keys(['example_branch_dop_operator_v3']) retrieved from /home/amina/miniconda/lib/python3.11/site-packages/airflow/example_dags/example_branch_python_dop_operator_3.py
[2023-12-16T12:31:34.079+0500] {logging_mixin.py:154} INFO - [2023-12-16T12:31:34.079+0500] {dag.py:2941} INFO - Sync 1 DAGs
[2023-12-16T12:31:34.099+0500] {logging_mixin.py:154} INFO - [2023-12-16T12:31:34.099+0500] {dag.py:3722} INFO - Setting next_dagrun for example_branch_dop_operator_v3 to 2023-12-16T07:30:00+00:00, run_after=2023-12-16T07:31:00+00:00
[2023-12-16T12:31:34.229+0500] {processor.py:179} INFO - Processing /home/amina/miniconda/lib/python3.11/site-packages/airflow/example_dags/example_branch_python_dop_operator_3.py took 0.225 seconds
[2023-12-16T12:32:35.078+0500] {processor.py:157} INFO - Started process (PID=32860) to work on /home/amina/miniconda/lib/python3.11/site-packages/airflow/example_dags/example_branch_python_dop_operator_3.py
[2023-12-16T12:32:35.087+0500] {processor.py:829} INFO - Processing file /home/amina/miniconda/lib/python3.11/site-packages/airflow/example_dags/example_branch_python_dop_operator_3.py for tasks to queue
[2023-12-16T12:32:35.088+0500] {logging_mixin.py:154} INFO - [2023-12-16T12:32:35.088+0500] {dagbag.py:536} INFO - Filling up the DagBag from /home/amina/miniconda/lib/python3.11/site-packages/airflow/example_dags/example_branch_python_dop_operator_3.py
[2023-12-16T12:32:35.101+0500] {processor.py:839} INFO - DAG(s) dict_keys(['example_branch_dop_operator_v3']) retrieved from /home/amina/miniconda/lib/python3.11/site-packages/airflow/example_dags/example_branch_python_dop_operator_3.py
[2023-12-16T12:32:35.122+0500] {logging_mixin.py:154} INFO - [2023-12-16T12:32:35.122+0500] {dag.py:2941} INFO - Sync 1 DAGs
[2023-12-16T12:32:35.155+0500] {logging_mixin.py:154} INFO - [2023-12-16T12:32:35.154+0500] {dag.py:3722} INFO - Setting next_dagrun for example_branch_dop_operator_v3 to 2023-12-16T07:31:00+00:00, run_after=2023-12-16T07:32:00+00:00
[2023-12-16T12:32:35.315+0500] {processor.py:179} INFO - Processing /home/amina/miniconda/lib/python3.11/site-packages/airflow/example_dags/example_branch_python_dop_operator_3.py took 0.241 seconds
[2023-12-16T12:33:36.128+0500] {processor.py:157} INFO - Started process (PID=33984) to work on /home/amina/miniconda/lib/python3.11/site-packages/airflow/example_dags/example_branch_python_dop_operator_3.py
[2023-12-16T12:33:36.157+0500] {processor.py:829} INFO - Processing file /home/amina/miniconda/lib/python3.11/site-packages/airflow/example_dags/example_branch_python_dop_operator_3.py for tasks to queue
[2023-12-16T12:33:36.158+0500] {logging_mixin.py:154} INFO - [2023-12-16T12:33:36.157+0500] {dagbag.py:536} INFO - Filling up the DagBag from /home/amina/miniconda/lib/python3.11/site-packages/airflow/example_dags/example_branch_python_dop_operator_3.py
[2023-12-16T12:33:36.169+0500] {processor.py:839} INFO - DAG(s) dict_keys(['example_branch_dop_operator_v3']) retrieved from /home/amina/miniconda/lib/python3.11/site-packages/airflow/example_dags/example_branch_python_dop_operator_3.py
[2023-12-16T12:33:36.187+0500] {logging_mixin.py:154} INFO - [2023-12-16T12:33:36.187+0500] {dag.py:2941} INFO - Sync 1 DAGs
[2023-12-16T12:33:36.211+0500] {logging_mixin.py:154} INFO - [2023-12-16T12:33:36.211+0500] {dag.py:3722} INFO - Setting next_dagrun for example_branch_dop_operator_v3 to 2023-12-16T07:32:00+00:00, run_after=2023-12-16T07:33:00+00:00
[2023-12-16T12:33:36.471+0500] {processor.py:179} INFO - Processing /home/amina/miniconda/lib/python3.11/site-packages/airflow/example_dags/example_branch_python_dop_operator_3.py took 0.346 seconds
[2023-12-16T12:34:31.780+0500] {processor.py:157} INFO - Started process (PID=35752) to work on /home/amina/miniconda/lib/python3.11/site-packages/airflow/example_dags/example_branch_python_dop_operator_3.py
[2023-12-16T12:34:31.797+0500] {processor.py:829} INFO - Processing file /home/amina/miniconda/lib/python3.11/site-packages/airflow/example_dags/example_branch_python_dop_operator_3.py for tasks to queue
[2023-12-16T12:34:31.798+0500] {logging_mixin.py:154} INFO - [2023-12-16T12:34:31.798+0500] {dagbag.py:536} INFO - Filling up the DagBag from /home/amina/miniconda/lib/python3.11/site-packages/airflow/example_dags/example_branch_python_dop_operator_3.py
[2023-12-16T12:34:31.806+0500] {processor.py:839} INFO - DAG(s) dict_keys(['example_branch_dop_operator_v3']) retrieved from /home/amina/miniconda/lib/python3.11/site-packages/airflow/example_dags/example_branch_python_dop_operator_3.py
[2023-12-16T12:34:31.820+0500] {logging_mixin.py:154} INFO - [2023-12-16T12:34:31.820+0500] {dag.py:2941} INFO - Sync 1 DAGs
[2023-12-16T12:34:31.840+0500] {logging_mixin.py:154} INFO - [2023-12-16T12:34:31.840+0500] {dag.py:3722} INFO - Setting next_dagrun for example_branch_dop_operator_v3 to 2023-12-16T07:33:00+00:00, run_after=2023-12-16T07:34:00+00:00
[2023-12-16T12:34:31.983+0500] {processor.py:179} INFO - Processing /home/amina/miniconda/lib/python3.11/site-packages/airflow/example_dags/example_branch_python_dop_operator_3.py took 0.206 seconds
[2023-12-16T12:35:26.991+0500] {processor.py:157} INFO - Started process (PID=36348) to work on /home/amina/miniconda/lib/python3.11/site-packages/airflow/example_dags/example_branch_python_dop_operator_3.py
[2023-12-16T12:35:26.992+0500] {processor.py:829} INFO - Processing file /home/amina/miniconda/lib/python3.11/site-packages/airflow/example_dags/example_branch_python_dop_operator_3.py for tasks to queue
[2023-12-16T12:35:26.992+0500] {logging_mixin.py:154} INFO - [2023-12-16T12:35:26.992+0500] {dagbag.py:536} INFO - Filling up the DagBag from /home/amina/miniconda/lib/python3.11/site-packages/airflow/example_dags/example_branch_python_dop_operator_3.py
[2023-12-16T12:35:27.000+0500] {processor.py:839} INFO - DAG(s) dict_keys(['example_branch_dop_operator_v3']) retrieved from /home/amina/miniconda/lib/python3.11/site-packages/airflow/example_dags/example_branch_python_dop_operator_3.py
[2023-12-16T12:35:27.014+0500] {logging_mixin.py:154} INFO - [2023-12-16T12:35:27.014+0500] {dag.py:2941} INFO - Sync 1 DAGs
[2023-12-16T12:35:27.033+0500] {logging_mixin.py:154} INFO - [2023-12-16T12:35:27.033+0500] {dag.py:3722} INFO - Setting next_dagrun for example_branch_dop_operator_v3 to 2023-12-16T07:34:00+00:00, run_after=2023-12-16T07:35:00+00:00
[2023-12-16T12:35:27.169+0500] {processor.py:179} INFO - Processing /home/amina/miniconda/lib/python3.11/site-packages/airflow/example_dags/example_branch_python_dop_operator_3.py took 0.180 seconds
[2023-12-16T12:36:22.352+0500] {processor.py:157} INFO - Started process (PID=36409) to work on /home/amina/miniconda/lib/python3.11/site-packages/airflow/example_dags/example_branch_python_dop_operator_3.py
[2023-12-16T12:36:22.376+0500] {processor.py:829} INFO - Processing file /home/amina/miniconda/lib/python3.11/site-packages/airflow/example_dags/example_branch_python_dop_operator_3.py for tasks to queue
[2023-12-16T12:36:22.377+0500] {logging_mixin.py:154} INFO - [2023-12-16T12:36:22.377+0500] {dagbag.py:536} INFO - Filling up the DagBag from /home/amina/miniconda/lib/python3.11/site-packages/airflow/example_dags/example_branch_python_dop_operator_3.py
[2023-12-16T12:36:22.385+0500] {processor.py:839} INFO - DAG(s) dict_keys(['example_branch_dop_operator_v3']) retrieved from /home/amina/miniconda/lib/python3.11/site-packages/airflow/example_dags/example_branch_python_dop_operator_3.py
[2023-12-16T12:36:22.398+0500] {logging_mixin.py:154} INFO - [2023-12-16T12:36:22.398+0500] {dag.py:2941} INFO - Sync 1 DAGs
[2023-12-16T12:36:22.416+0500] {logging_mixin.py:154} INFO - [2023-12-16T12:36:22.416+0500] {dag.py:3722} INFO - Setting next_dagrun for example_branch_dop_operator_v3 to 2023-12-16T07:35:00+00:00, run_after=2023-12-16T07:36:00+00:00
[2023-12-16T12:36:22.547+0500] {processor.py:179} INFO - Processing /home/amina/miniconda/lib/python3.11/site-packages/airflow/example_dags/example_branch_python_dop_operator_3.py took 0.198 seconds
[2023-12-16T12:37:18.572+0500] {processor.py:157} INFO - Started process (PID=36710) to work on /home/amina/miniconda/lib/python3.11/site-packages/airflow/example_dags/example_branch_python_dop_operator_3.py
[2023-12-16T12:37:18.606+0500] {processor.py:829} INFO - Processing file /home/amina/miniconda/lib/python3.11/site-packages/airflow/example_dags/example_branch_python_dop_operator_3.py for tasks to queue
[2023-12-16T12:37:18.607+0500] {logging_mixin.py:154} INFO - [2023-12-16T12:37:18.607+0500] {dagbag.py:536} INFO - Filling up the DagBag from /home/amina/miniconda/lib/python3.11/site-packages/airflow/example_dags/example_branch_python_dop_operator_3.py
[2023-12-16T12:37:18.615+0500] {processor.py:839} INFO - DAG(s) dict_keys(['example_branch_dop_operator_v3']) retrieved from /home/amina/miniconda/lib/python3.11/site-packages/airflow/example_dags/example_branch_python_dop_operator_3.py
[2023-12-16T12:37:18.628+0500] {logging_mixin.py:154} INFO - [2023-12-16T12:37:18.628+0500] {dag.py:2941} INFO - Sync 1 DAGs
[2023-12-16T12:37:18.646+0500] {logging_mixin.py:154} INFO - [2023-12-16T12:37:18.646+0500] {dag.py:3722} INFO - Setting next_dagrun for example_branch_dop_operator_v3 to 2023-12-16T07:36:00+00:00, run_after=2023-12-16T07:37:00+00:00
[2023-12-16T12:37:18.772+0500] {processor.py:179} INFO - Processing /home/amina/miniconda/lib/python3.11/site-packages/airflow/example_dags/example_branch_python_dop_operator_3.py took 0.203 seconds
[2023-12-16T12:38:34.358+0500] {processor.py:157} INFO - Started process (PID=36778) to work on /home/amina/miniconda/lib/python3.11/site-packages/airflow/example_dags/example_branch_python_dop_operator_3.py
[2023-12-16T12:38:34.383+0500] {processor.py:829} INFO - Processing file /home/amina/miniconda/lib/python3.11/site-packages/airflow/example_dags/example_branch_python_dop_operator_3.py for tasks to queue
[2023-12-16T12:38:34.384+0500] {logging_mixin.py:154} INFO - [2023-12-16T12:38:34.384+0500] {dagbag.py:536} INFO - Filling up the DagBag from /home/amina/miniconda/lib/python3.11/site-packages/airflow/example_dags/example_branch_python_dop_operator_3.py
[2023-12-16T12:38:34.392+0500] {processor.py:839} INFO - DAG(s) dict_keys(['example_branch_dop_operator_v3']) retrieved from /home/amina/miniconda/lib/python3.11/site-packages/airflow/example_dags/example_branch_python_dop_operator_3.py
[2023-12-16T12:38:34.405+0500] {logging_mixin.py:154} INFO - [2023-12-16T12:38:34.405+0500] {dag.py:2941} INFO - Sync 1 DAGs
[2023-12-16T12:38:34.424+0500] {logging_mixin.py:154} INFO - [2023-12-16T12:38:34.424+0500] {dag.py:3722} INFO - Setting next_dagrun for example_branch_dop_operator_v3 to 2023-12-16T07:37:00+00:00, run_after=2023-12-16T07:38:00+00:00
[2023-12-16T12:38:34.549+0500] {processor.py:179} INFO - Processing /home/amina/miniconda/lib/python3.11/site-packages/airflow/example_dags/example_branch_python_dop_operator_3.py took 0.194 seconds
[2023-12-16T12:39:45.582+0500] {processor.py:157} INFO - Started process (PID=36854) to work on /home/amina/miniconda/lib/python3.11/site-packages/airflow/example_dags/example_branch_python_dop_operator_3.py
[2023-12-16T12:39:45.604+0500] {processor.py:829} INFO - Processing file /home/amina/miniconda/lib/python3.11/site-packages/airflow/example_dags/example_branch_python_dop_operator_3.py for tasks to queue
[2023-12-16T12:39:45.605+0500] {logging_mixin.py:154} INFO - [2023-12-16T12:39:45.605+0500] {dagbag.py:536} INFO - Filling up the DagBag from /home/amina/miniconda/lib/python3.11/site-packages/airflow/example_dags/example_branch_python_dop_operator_3.py
[2023-12-16T12:39:45.613+0500] {processor.py:839} INFO - DAG(s) dict_keys(['example_branch_dop_operator_v3']) retrieved from /home/amina/miniconda/lib/python3.11/site-packages/airflow/example_dags/example_branch_python_dop_operator_3.py
[2023-12-16T12:39:45.626+0500] {logging_mixin.py:154} INFO - [2023-12-16T12:39:45.626+0500] {dag.py:2941} INFO - Sync 1 DAGs
[2023-12-16T12:39:45.645+0500] {logging_mixin.py:154} INFO - [2023-12-16T12:39:45.644+0500] {dag.py:3722} INFO - Setting next_dagrun for example_branch_dop_operator_v3 to 2023-12-16T07:38:00+00:00, run_after=2023-12-16T07:39:00+00:00
[2023-12-16T12:39:45.777+0500] {processor.py:179} INFO - Processing /home/amina/miniconda/lib/python3.11/site-packages/airflow/example_dags/example_branch_python_dop_operator_3.py took 0.197 seconds
[2023-12-16T12:40:38.491+0500] {processor.py:157} INFO - Started process (PID=36971) to work on /home/amina/miniconda/lib/python3.11/site-packages/airflow/example_dags/example_branch_python_dop_operator_3.py
[2023-12-16T12:40:38.503+0500] {processor.py:829} INFO - Processing file /home/amina/miniconda/lib/python3.11/site-packages/airflow/example_dags/example_branch_python_dop_operator_3.py for tasks to queue
[2023-12-16T12:40:38.503+0500] {logging_mixin.py:154} INFO - [2023-12-16T12:40:38.503+0500] {dagbag.py:536} INFO - Filling up the DagBag from /home/amina/miniconda/lib/python3.11/site-packages/airflow/example_dags/example_branch_python_dop_operator_3.py
[2023-12-16T12:40:38.511+0500] {processor.py:839} INFO - DAG(s) dict_keys(['example_branch_dop_operator_v3']) retrieved from /home/amina/miniconda/lib/python3.11/site-packages/airflow/example_dags/example_branch_python_dop_operator_3.py
[2023-12-16T12:40:38.524+0500] {logging_mixin.py:154} INFO - [2023-12-16T12:40:38.524+0500] {dag.py:2941} INFO - Sync 1 DAGs
[2023-12-16T12:40:38.543+0500] {logging_mixin.py:154} INFO - [2023-12-16T12:40:38.543+0500] {dag.py:3722} INFO - Setting next_dagrun for example_branch_dop_operator_v3 to 2023-12-16T07:39:00+00:00, run_after=2023-12-16T07:40:00+00:00
[2023-12-16T12:40:38.670+0500] {processor.py:179} INFO - Processing /home/amina/miniconda/lib/python3.11/site-packages/airflow/example_dags/example_branch_python_dop_operator_3.py took 0.181 seconds
[2023-12-16T12:41:33.194+0500] {processor.py:157} INFO - Started process (PID=37071) to work on /home/amina/miniconda/lib/python3.11/site-packages/airflow/example_dags/example_branch_python_dop_operator_3.py
[2023-12-16T12:41:33.208+0500] {processor.py:829} INFO - Processing file /home/amina/miniconda/lib/python3.11/site-packages/airflow/example_dags/example_branch_python_dop_operator_3.py for tasks to queue
[2023-12-16T12:41:33.209+0500] {logging_mixin.py:154} INFO - [2023-12-16T12:41:33.209+0500] {dagbag.py:536} INFO - Filling up the DagBag from /home/amina/miniconda/lib/python3.11/site-packages/airflow/example_dags/example_branch_python_dop_operator_3.py
[2023-12-16T12:41:33.217+0500] {processor.py:839} INFO - DAG(s) dict_keys(['example_branch_dop_operator_v3']) retrieved from /home/amina/miniconda/lib/python3.11/site-packages/airflow/example_dags/example_branch_python_dop_operator_3.py
[2023-12-16T12:41:33.230+0500] {logging_mixin.py:154} INFO - [2023-12-16T12:41:33.230+0500] {dag.py:2941} INFO - Sync 1 DAGs
[2023-12-16T12:41:33.248+0500] {logging_mixin.py:154} INFO - [2023-12-16T12:41:33.248+0500] {dag.py:3722} INFO - Setting next_dagrun for example_branch_dop_operator_v3 to 2023-12-16T07:40:00+00:00, run_after=2023-12-16T07:41:00+00:00
[2023-12-16T12:41:33.377+0500] {processor.py:179} INFO - Processing /home/amina/miniconda/lib/python3.11/site-packages/airflow/example_dags/example_branch_python_dop_operator_3.py took 0.186 seconds
[2023-12-16T12:43:08.592+0500] {processor.py:157} INFO - Started process (PID=37198) to work on /home/amina/miniconda/lib/python3.11/site-packages/airflow/example_dags/example_branch_python_dop_operator_3.py
[2023-12-16T12:43:08.599+0500] {processor.py:829} INFO - Processing file /home/amina/miniconda/lib/python3.11/site-packages/airflow/example_dags/example_branch_python_dop_operator_3.py for tasks to queue
[2023-12-16T12:43:08.600+0500] {logging_mixin.py:154} INFO - [2023-12-16T12:43:08.600+0500] {dagbag.py:536} INFO - Filling up the DagBag from /home/amina/miniconda/lib/python3.11/site-packages/airflow/example_dags/example_branch_python_dop_operator_3.py
[2023-12-16T12:43:08.608+0500] {processor.py:839} INFO - DAG(s) dict_keys(['example_branch_dop_operator_v3']) retrieved from /home/amina/miniconda/lib/python3.11/site-packages/airflow/example_dags/example_branch_python_dop_operator_3.py
[2023-12-16T12:43:08.621+0500] {logging_mixin.py:154} INFO - [2023-12-16T12:43:08.621+0500] {dag.py:2941} INFO - Sync 1 DAGs
[2023-12-16T12:43:08.641+0500] {logging_mixin.py:154} INFO - [2023-12-16T12:43:08.640+0500] {dag.py:3722} INFO - Setting next_dagrun for example_branch_dop_operator_v3 to 2023-12-16T07:42:00+00:00, run_after=2023-12-16T07:43:00+00:00
[2023-12-16T12:43:08.777+0500] {processor.py:179} INFO - Processing /home/amina/miniconda/lib/python3.11/site-packages/airflow/example_dags/example_branch_python_dop_operator_3.py took 0.189 seconds
[2023-12-16T12:44:11.038+0500] {processor.py:157} INFO - Started process (PID=37258) to work on /home/amina/miniconda/lib/python3.11/site-packages/airflow/example_dags/example_branch_python_dop_operator_3.py
[2023-12-16T12:44:11.039+0500] {processor.py:829} INFO - Processing file /home/amina/miniconda/lib/python3.11/site-packages/airflow/example_dags/example_branch_python_dop_operator_3.py for tasks to queue
[2023-12-16T12:44:11.039+0500] {logging_mixin.py:154} INFO - [2023-12-16T12:44:11.039+0500] {dagbag.py:536} INFO - Filling up the DagBag from /home/amina/miniconda/lib/python3.11/site-packages/airflow/example_dags/example_branch_python_dop_operator_3.py
[2023-12-16T12:44:11.050+0500] {processor.py:839} INFO - DAG(s) dict_keys(['example_branch_dop_operator_v3']) retrieved from /home/amina/miniconda/lib/python3.11/site-packages/airflow/example_dags/example_branch_python_dop_operator_3.py
[2023-12-16T12:44:11.063+0500] {logging_mixin.py:154} INFO - [2023-12-16T12:44:11.063+0500] {dag.py:2941} INFO - Sync 1 DAGs
[2023-12-16T12:44:11.082+0500] {logging_mixin.py:154} INFO - [2023-12-16T12:44:11.082+0500] {dag.py:3722} INFO - Setting next_dagrun for example_branch_dop_operator_v3 to 2023-12-16T07:43:00+00:00, run_after=2023-12-16T07:44:00+00:00
[2023-12-16T12:44:11.220+0500] {processor.py:179} INFO - Processing /home/amina/miniconda/lib/python3.11/site-packages/airflow/example_dags/example_branch_python_dop_operator_3.py took 0.184 seconds
[2023-12-16T12:45:21.771+0500] {processor.py:157} INFO - Started process (PID=37376) to work on /home/amina/miniconda/lib/python3.11/site-packages/airflow/example_dags/example_branch_python_dop_operator_3.py
[2023-12-16T12:45:21.775+0500] {processor.py:829} INFO - Processing file /home/amina/miniconda/lib/python3.11/site-packages/airflow/example_dags/example_branch_python_dop_operator_3.py for tasks to queue
[2023-12-16T12:45:21.776+0500] {logging_mixin.py:154} INFO - [2023-12-16T12:45:21.776+0500] {dagbag.py:536} INFO - Filling up the DagBag from /home/amina/miniconda/lib/python3.11/site-packages/airflow/example_dags/example_branch_python_dop_operator_3.py
[2023-12-16T12:45:21.784+0500] {processor.py:839} INFO - DAG(s) dict_keys(['example_branch_dop_operator_v3']) retrieved from /home/amina/miniconda/lib/python3.11/site-packages/airflow/example_dags/example_branch_python_dop_operator_3.py
[2023-12-16T12:45:21.797+0500] {logging_mixin.py:154} INFO - [2023-12-16T12:45:21.796+0500] {dag.py:2941} INFO - Sync 1 DAGs
[2023-12-16T12:45:21.815+0500] {logging_mixin.py:154} INFO - [2023-12-16T12:45:21.815+0500] {dag.py:3722} INFO - Setting next_dagrun for example_branch_dop_operator_v3 to 2023-12-16T07:44:00+00:00, run_after=2023-12-16T07:45:00+00:00
[2023-12-16T12:45:21.928+0500] {processor.py:179} INFO - Processing /home/amina/miniconda/lib/python3.11/site-packages/airflow/example_dags/example_branch_python_dop_operator_3.py took 0.160 seconds
[2023-12-16T12:46:33.451+0500] {processor.py:157} INFO - Started process (PID=37456) to work on /home/amina/miniconda/lib/python3.11/site-packages/airflow/example_dags/example_branch_python_dop_operator_3.py
[2023-12-16T12:46:33.472+0500] {processor.py:829} INFO - Processing file /home/amina/miniconda/lib/python3.11/site-packages/airflow/example_dags/example_branch_python_dop_operator_3.py for tasks to queue
[2023-12-16T12:46:33.473+0500] {logging_mixin.py:154} INFO - [2023-12-16T12:46:33.473+0500] {dagbag.py:536} INFO - Filling up the DagBag from /home/amina/miniconda/lib/python3.11/site-packages/airflow/example_dags/example_branch_python_dop_operator_3.py
[2023-12-16T12:46:33.481+0500] {processor.py:839} INFO - DAG(s) dict_keys(['example_branch_dop_operator_v3']) retrieved from /home/amina/miniconda/lib/python3.11/site-packages/airflow/example_dags/example_branch_python_dop_operator_3.py
[2023-12-16T12:46:33.494+0500] {logging_mixin.py:154} INFO - [2023-12-16T12:46:33.494+0500] {dag.py:2941} INFO - Sync 1 DAGs
[2023-12-16T12:46:33.513+0500] {logging_mixin.py:154} INFO - [2023-12-16T12:46:33.513+0500] {dag.py:3722} INFO - Setting next_dagrun for example_branch_dop_operator_v3 to 2023-12-16T07:45:00+00:00, run_after=2023-12-16T07:46:00+00:00
[2023-12-16T12:46:33.649+0500] {processor.py:179} INFO - Processing /home/amina/miniconda/lib/python3.11/site-packages/airflow/example_dags/example_branch_python_dop_operator_3.py took 0.201 seconds
[2023-12-16T12:47:25.979+0500] {processor.py:157} INFO - Started process (PID=37512) to work on /home/amina/miniconda/lib/python3.11/site-packages/airflow/example_dags/example_branch_python_dop_operator_3.py
[2023-12-16T12:47:26.013+0500] {processor.py:829} INFO - Processing file /home/amina/miniconda/lib/python3.11/site-packages/airflow/example_dags/example_branch_python_dop_operator_3.py for tasks to queue
[2023-12-16T12:47:26.014+0500] {logging_mixin.py:154} INFO - [2023-12-16T12:47:26.013+0500] {dagbag.py:536} INFO - Filling up the DagBag from /home/amina/miniconda/lib/python3.11/site-packages/airflow/example_dags/example_branch_python_dop_operator_3.py
[2023-12-16T12:47:26.022+0500] {processor.py:839} INFO - DAG(s) dict_keys(['example_branch_dop_operator_v3']) retrieved from /home/amina/miniconda/lib/python3.11/site-packages/airflow/example_dags/example_branch_python_dop_operator_3.py
[2023-12-16T12:47:26.035+0500] {logging_mixin.py:154} INFO - [2023-12-16T12:47:26.034+0500] {dag.py:2941} INFO - Sync 1 DAGs
[2023-12-16T12:47:26.053+0500] {logging_mixin.py:154} INFO - [2023-12-16T12:47:26.053+0500] {dag.py:3722} INFO - Setting next_dagrun for example_branch_dop_operator_v3 to 2023-12-16T07:46:00+00:00, run_after=2023-12-16T07:47:00+00:00
[2023-12-16T12:47:26.179+0500] {processor.py:179} INFO - Processing /home/amina/miniconda/lib/python3.11/site-packages/airflow/example_dags/example_branch_python_dop_operator_3.py took 0.202 seconds
[2023-12-16T12:48:43.708+0500] {processor.py:157} INFO - Started process (PID=37620) to work on /home/amina/miniconda/lib/python3.11/site-packages/airflow/example_dags/example_branch_python_dop_operator_3.py
[2023-12-16T12:48:43.731+0500] {processor.py:829} INFO - Processing file /home/amina/miniconda/lib/python3.11/site-packages/airflow/example_dags/example_branch_python_dop_operator_3.py for tasks to queue
[2023-12-16T12:48:43.732+0500] {logging_mixin.py:154} INFO - [2023-12-16T12:48:43.732+0500] {dagbag.py:536} INFO - Filling up the DagBag from /home/amina/miniconda/lib/python3.11/site-packages/airflow/example_dags/example_branch_python_dop_operator_3.py
[2023-12-16T12:48:43.740+0500] {processor.py:839} INFO - DAG(s) dict_keys(['example_branch_dop_operator_v3']) retrieved from /home/amina/miniconda/lib/python3.11/site-packages/airflow/example_dags/example_branch_python_dop_operator_3.py
[2023-12-16T12:48:43.754+0500] {logging_mixin.py:154} INFO - [2023-12-16T12:48:43.754+0500] {dag.py:2941} INFO - Sync 1 DAGs
[2023-12-16T12:48:43.775+0500] {logging_mixin.py:154} INFO - [2023-12-16T12:48:43.774+0500] {dag.py:3722} INFO - Setting next_dagrun for example_branch_dop_operator_v3 to 2023-12-16T07:47:00+00:00, run_after=2023-12-16T07:48:00+00:00
[2023-12-16T12:48:43.924+0500] {processor.py:179} INFO - Processing /home/amina/miniconda/lib/python3.11/site-packages/airflow/example_dags/example_branch_python_dop_operator_3.py took 0.219 seconds
[2023-12-16T12:49:45.190+0500] {processor.py:157} INFO - Started process (PID=38339) to work on /home/amina/miniconda/lib/python3.11/site-packages/airflow/example_dags/example_branch_python_dop_operator_3.py
[2023-12-16T12:49:45.198+0500] {processor.py:829} INFO - Processing file /home/amina/miniconda/lib/python3.11/site-packages/airflow/example_dags/example_branch_python_dop_operator_3.py for tasks to queue
[2023-12-16T12:49:45.199+0500] {logging_mixin.py:154} INFO - [2023-12-16T12:49:45.199+0500] {dagbag.py:536} INFO - Filling up the DagBag from /home/amina/miniconda/lib/python3.11/site-packages/airflow/example_dags/example_branch_python_dop_operator_3.py
[2023-12-16T12:49:45.208+0500] {processor.py:839} INFO - DAG(s) dict_keys(['example_branch_dop_operator_v3']) retrieved from /home/amina/miniconda/lib/python3.11/site-packages/airflow/example_dags/example_branch_python_dop_operator_3.py
[2023-12-16T12:49:45.221+0500] {logging_mixin.py:154} INFO - [2023-12-16T12:49:45.221+0500] {dag.py:2941} INFO - Sync 1 DAGs
[2023-12-16T12:49:45.241+0500] {logging_mixin.py:154} INFO - [2023-12-16T12:49:45.241+0500] {dag.py:3722} INFO - Setting next_dagrun for example_branch_dop_operator_v3 to 2023-12-16T07:48:00+00:00, run_after=2023-12-16T07:49:00+00:00
[2023-12-16T12:49:45.497+0500] {processor.py:179} INFO - Processing /home/amina/miniconda/lib/python3.11/site-packages/airflow/example_dags/example_branch_python_dop_operator_3.py took 0.311 seconds
[2023-12-16T12:50:52.793+0500] {processor.py:157} INFO - Started process (PID=38495) to work on /home/amina/miniconda/lib/python3.11/site-packages/airflow/example_dags/example_branch_python_dop_operator_3.py
[2023-12-16T12:50:52.807+0500] {processor.py:829} INFO - Processing file /home/amina/miniconda/lib/python3.11/site-packages/airflow/example_dags/example_branch_python_dop_operator_3.py for tasks to queue
[2023-12-16T12:50:52.808+0500] {logging_mixin.py:154} INFO - [2023-12-16T12:50:52.808+0500] {dagbag.py:536} INFO - Filling up the DagBag from /home/amina/miniconda/lib/python3.11/site-packages/airflow/example_dags/example_branch_python_dop_operator_3.py
[2023-12-16T12:50:52.818+0500] {processor.py:839} INFO - DAG(s) dict_keys(['example_branch_dop_operator_v3']) retrieved from /home/amina/miniconda/lib/python3.11/site-packages/airflow/example_dags/example_branch_python_dop_operator_3.py
[2023-12-16T12:50:52.835+0500] {logging_mixin.py:154} INFO - [2023-12-16T12:50:52.835+0500] {dag.py:2941} INFO - Sync 1 DAGs
[2023-12-16T12:50:52.859+0500] {logging_mixin.py:154} INFO - [2023-12-16T12:50:52.859+0500] {dag.py:3722} INFO - Setting next_dagrun for example_branch_dop_operator_v3 to 2023-12-16T07:49:00+00:00, run_after=2023-12-16T07:50:00+00:00
[2023-12-16T12:50:52.987+0500] {processor.py:179} INFO - Processing /home/amina/miniconda/lib/python3.11/site-packages/airflow/example_dags/example_branch_python_dop_operator_3.py took 0.198 seconds
[2023-12-16T12:51:54.511+0500] {processor.py:157} INFO - Started process (PID=38545) to work on /home/amina/miniconda/lib/python3.11/site-packages/airflow/example_dags/example_branch_python_dop_operator_3.py
[2023-12-16T12:51:54.550+0500] {processor.py:829} INFO - Processing file /home/amina/miniconda/lib/python3.11/site-packages/airflow/example_dags/example_branch_python_dop_operator_3.py for tasks to queue
[2023-12-16T12:51:54.551+0500] {logging_mixin.py:154} INFO - [2023-12-16T12:51:54.550+0500] {dagbag.py:536} INFO - Filling up the DagBag from /home/amina/miniconda/lib/python3.11/site-packages/airflow/example_dags/example_branch_python_dop_operator_3.py
[2023-12-16T12:51:54.559+0500] {processor.py:839} INFO - DAG(s) dict_keys(['example_branch_dop_operator_v3']) retrieved from /home/amina/miniconda/lib/python3.11/site-packages/airflow/example_dags/example_branch_python_dop_operator_3.py
[2023-12-16T12:51:54.574+0500] {logging_mixin.py:154} INFO - [2023-12-16T12:51:54.574+0500] {dag.py:2941} INFO - Sync 1 DAGs
[2023-12-16T12:51:54.595+0500] {logging_mixin.py:154} INFO - [2023-12-16T12:51:54.595+0500] {dag.py:3722} INFO - Setting next_dagrun for example_branch_dop_operator_v3 to 2023-12-16T07:50:00+00:00, run_after=2023-12-16T07:51:00+00:00
[2023-12-16T12:51:54.702+0500] {processor.py:179} INFO - Processing /home/amina/miniconda/lib/python3.11/site-packages/airflow/example_dags/example_branch_python_dop_operator_3.py took 0.195 seconds
[2023-12-16T12:52:49.781+0500] {processor.py:157} INFO - Started process (PID=38595) to work on /home/amina/miniconda/lib/python3.11/site-packages/airflow/example_dags/example_branch_python_dop_operator_3.py
[2023-12-16T12:52:49.833+0500] {processor.py:829} INFO - Processing file /home/amina/miniconda/lib/python3.11/site-packages/airflow/example_dags/example_branch_python_dop_operator_3.py for tasks to queue
[2023-12-16T12:52:49.835+0500] {logging_mixin.py:154} INFO - [2023-12-16T12:52:49.834+0500] {dagbag.py:536} INFO - Filling up the DagBag from /home/amina/miniconda/lib/python3.11/site-packages/airflow/example_dags/example_branch_python_dop_operator_3.py
[2023-12-16T12:52:49.844+0500] {processor.py:839} INFO - DAG(s) dict_keys(['example_branch_dop_operator_v3']) retrieved from /home/amina/miniconda/lib/python3.11/site-packages/airflow/example_dags/example_branch_python_dop_operator_3.py
[2023-12-16T12:52:49.858+0500] {logging_mixin.py:154} INFO - [2023-12-16T12:52:49.858+0500] {dag.py:2941} INFO - Sync 1 DAGs
[2023-12-16T12:52:49.878+0500] {logging_mixin.py:154} INFO - [2023-12-16T12:52:49.878+0500] {dag.py:3722} INFO - Setting next_dagrun for example_branch_dop_operator_v3 to 2023-12-16T07:51:00+00:00, run_after=2023-12-16T07:52:00+00:00
[2023-12-16T12:52:49.998+0500] {processor.py:179} INFO - Processing /home/amina/miniconda/lib/python3.11/site-packages/airflow/example_dags/example_branch_python_dop_operator_3.py took 0.220 seconds
