[2023-12-16T12:23:14.780+0500] {processor.py:157} INFO - Started process (PID=20886) to work on /home/amina/miniconda/lib/python3.11/site-packages/airflow/example_dags/example_nested_branch_dag.py
[2023-12-16T12:23:14.781+0500] {processor.py:829} INFO - Processing file /home/amina/miniconda/lib/python3.11/site-packages/airflow/example_dags/example_nested_branch_dag.py for tasks to queue
[2023-12-16T12:23:14.781+0500] {logging_mixin.py:154} INFO - [2023-12-16T12:23:14.781+0500] {dagbag.py:536} INFO - Filling up the DagBag from /home/amina/miniconda/lib/python3.11/site-packages/airflow/example_dags/example_nested_branch_dag.py
[2023-12-16T12:23:14.790+0500] {processor.py:839} INFO - DAG(s) dict_keys(['example_nested_branch_dag']) retrieved from /home/amina/miniconda/lib/python3.11/site-packages/airflow/example_dags/example_nested_branch_dag.py
[2023-12-16T12:23:14.807+0500] {logging_mixin.py:154} INFO - [2023-12-16T12:23:14.807+0500] {dag.py:2941} INFO - Sync 1 DAGs
[2023-12-16T12:23:14.824+0500] {logging_mixin.py:154} INFO - [2023-12-16T12:23:14.824+0500] {dag.py:3722} INFO - Setting next_dagrun for example_nested_branch_dag to 2023-12-15T00:00:00+00:00, run_after=2023-12-16T00:00:00+00:00
[2023-12-16T12:23:15.068+0500] {processor.py:179} INFO - Processing /home/amina/miniconda/lib/python3.11/site-packages/airflow/example_dags/example_nested_branch_dag.py took 0.290 seconds
[2023-12-16T12:24:11.005+0500] {processor.py:157} INFO - Started process (PID=22203) to work on /home/amina/miniconda/lib/python3.11/site-packages/airflow/example_dags/example_nested_branch_dag.py
[2023-12-16T12:24:11.064+0500] {processor.py:829} INFO - Processing file /home/amina/miniconda/lib/python3.11/site-packages/airflow/example_dags/example_nested_branch_dag.py for tasks to queue
[2023-12-16T12:24:11.065+0500] {logging_mixin.py:154} INFO - [2023-12-16T12:24:11.064+0500] {dagbag.py:536} INFO - Filling up the DagBag from /home/amina/miniconda/lib/python3.11/site-packages/airflow/example_dags/example_nested_branch_dag.py
[2023-12-16T12:24:11.083+0500] {processor.py:839} INFO - DAG(s) dict_keys(['example_nested_branch_dag']) retrieved from /home/amina/miniconda/lib/python3.11/site-packages/airflow/example_dags/example_nested_branch_dag.py
[2023-12-16T12:24:11.108+0500] {logging_mixin.py:154} INFO - [2023-12-16T12:24:11.108+0500] {dag.py:2941} INFO - Sync 1 DAGs
[2023-12-16T12:24:11.138+0500] {logging_mixin.py:154} INFO - [2023-12-16T12:24:11.138+0500] {dag.py:3722} INFO - Setting next_dagrun for example_nested_branch_dag to 2023-12-15T00:00:00+00:00, run_after=2023-12-16T00:00:00+00:00
[2023-12-16T12:24:11.373+0500] {processor.py:179} INFO - Processing /home/amina/miniconda/lib/python3.11/site-packages/airflow/example_dags/example_nested_branch_dag.py took 0.373 seconds
[2023-12-16T12:25:44.961+0500] {processor.py:157} INFO - Started process (PID=24042) to work on /home/amina/miniconda/lib/python3.11/site-packages/airflow/example_dags/example_nested_branch_dag.py
[2023-12-16T12:25:44.999+0500] {processor.py:829} INFO - Processing file /home/amina/miniconda/lib/python3.11/site-packages/airflow/example_dags/example_nested_branch_dag.py for tasks to queue
[2023-12-16T12:25:45.000+0500] {logging_mixin.py:154} INFO - [2023-12-16T12:25:45.000+0500] {dagbag.py:536} INFO - Filling up the DagBag from /home/amina/miniconda/lib/python3.11/site-packages/airflow/example_dags/example_nested_branch_dag.py
[2023-12-16T12:25:45.010+0500] {processor.py:839} INFO - DAG(s) dict_keys(['example_nested_branch_dag']) retrieved from /home/amina/miniconda/lib/python3.11/site-packages/airflow/example_dags/example_nested_branch_dag.py
[2023-12-16T12:25:45.028+0500] {logging_mixin.py:154} INFO - [2023-12-16T12:25:45.028+0500] {dag.py:2941} INFO - Sync 1 DAGs
[2023-12-16T12:25:45.050+0500] {logging_mixin.py:154} INFO - [2023-12-16T12:25:45.050+0500] {dag.py:3722} INFO - Setting next_dagrun for example_nested_branch_dag to 2023-12-15T00:00:00+00:00, run_after=2023-12-16T00:00:00+00:00
[2023-12-16T12:25:45.413+0500] {processor.py:179} INFO - Processing /home/amina/miniconda/lib/python3.11/site-packages/airflow/example_dags/example_nested_branch_dag.py took 0.454 seconds
[2023-12-16T12:27:00.485+0500] {processor.py:157} INFO - Started process (PID=25396) to work on /home/amina/miniconda/lib/python3.11/site-packages/airflow/example_dags/example_nested_branch_dag.py
[2023-12-16T12:27:00.522+0500] {processor.py:829} INFO - Processing file /home/amina/miniconda/lib/python3.11/site-packages/airflow/example_dags/example_nested_branch_dag.py for tasks to queue
[2023-12-16T12:27:00.523+0500] {logging_mixin.py:154} INFO - [2023-12-16T12:27:00.522+0500] {dagbag.py:536} INFO - Filling up the DagBag from /home/amina/miniconda/lib/python3.11/site-packages/airflow/example_dags/example_nested_branch_dag.py
[2023-12-16T12:27:00.532+0500] {processor.py:839} INFO - DAG(s) dict_keys(['example_nested_branch_dag']) retrieved from /home/amina/miniconda/lib/python3.11/site-packages/airflow/example_dags/example_nested_branch_dag.py
[2023-12-16T12:27:00.549+0500] {logging_mixin.py:154} INFO - [2023-12-16T12:27:00.549+0500] {dag.py:2941} INFO - Sync 1 DAGs
[2023-12-16T12:27:00.569+0500] {logging_mixin.py:154} INFO - [2023-12-16T12:27:00.569+0500] {dag.py:3722} INFO - Setting next_dagrun for example_nested_branch_dag to 2023-12-15T00:00:00+00:00, run_after=2023-12-16T00:00:00+00:00
[2023-12-16T12:27:00.976+0500] {processor.py:179} INFO - Processing /home/amina/miniconda/lib/python3.11/site-packages/airflow/example_dags/example_nested_branch_dag.py took 0.494 seconds
[2023-12-16T12:30:24.623+0500] {processor.py:157} INFO - Started process (PID=29480) to work on /home/amina/miniconda/lib/python3.11/site-packages/airflow/example_dags/example_nested_branch_dag.py
[2023-12-16T12:30:24.661+0500] {processor.py:829} INFO - Processing file /home/amina/miniconda/lib/python3.11/site-packages/airflow/example_dags/example_nested_branch_dag.py for tasks to queue
[2023-12-16T12:30:24.662+0500] {logging_mixin.py:154} INFO - [2023-12-16T12:30:24.662+0500] {dagbag.py:536} INFO - Filling up the DagBag from /home/amina/miniconda/lib/python3.11/site-packages/airflow/example_dags/example_nested_branch_dag.py
[2023-12-16T12:30:24.674+0500] {processor.py:839} INFO - DAG(s) dict_keys(['example_nested_branch_dag']) retrieved from /home/amina/miniconda/lib/python3.11/site-packages/airflow/example_dags/example_nested_branch_dag.py
[2023-12-16T12:30:24.695+0500] {logging_mixin.py:154} INFO - [2023-12-16T12:30:24.694+0500] {dag.py:2941} INFO - Sync 1 DAGs
[2023-12-16T12:30:24.720+0500] {logging_mixin.py:154} INFO - [2023-12-16T12:30:24.719+0500] {dag.py:3722} INFO - Setting next_dagrun for example_nested_branch_dag to 2023-12-15T00:00:00+00:00, run_after=2023-12-16T00:00:00+00:00
[2023-12-16T12:30:24.906+0500] {processor.py:179} INFO - Processing /home/amina/miniconda/lib/python3.11/site-packages/airflow/example_dags/example_nested_branch_dag.py took 0.286 seconds
[2023-12-16T12:31:27.359+0500] {processor.py:157} INFO - Started process (PID=31283) to work on /home/amina/miniconda/lib/python3.11/site-packages/airflow/example_dags/example_nested_branch_dag.py
[2023-12-16T12:31:27.381+0500] {processor.py:829} INFO - Processing file /home/amina/miniconda/lib/python3.11/site-packages/airflow/example_dags/example_nested_branch_dag.py for tasks to queue
[2023-12-16T12:31:27.381+0500] {logging_mixin.py:154} INFO - [2023-12-16T12:31:27.381+0500] {dagbag.py:536} INFO - Filling up the DagBag from /home/amina/miniconda/lib/python3.11/site-packages/airflow/example_dags/example_nested_branch_dag.py
[2023-12-16T12:31:27.392+0500] {processor.py:839} INFO - DAG(s) dict_keys(['example_nested_branch_dag']) retrieved from /home/amina/miniconda/lib/python3.11/site-packages/airflow/example_dags/example_nested_branch_dag.py
[2023-12-16T12:31:27.408+0500] {logging_mixin.py:154} INFO - [2023-12-16T12:31:27.407+0500] {dag.py:2941} INFO - Sync 1 DAGs
[2023-12-16T12:31:27.425+0500] {logging_mixin.py:154} INFO - [2023-12-16T12:31:27.425+0500] {dag.py:3722} INFO - Setting next_dagrun for example_nested_branch_dag to 2023-12-15T00:00:00+00:00, run_after=2023-12-16T00:00:00+00:00
[2023-12-16T12:31:27.536+0500] {processor.py:179} INFO - Processing /home/amina/miniconda/lib/python3.11/site-packages/airflow/example_dags/example_nested_branch_dag.py took 0.181 seconds
[2023-12-16T12:32:28.122+0500] {processor.py:157} INFO - Started process (PID=32716) to work on /home/amina/miniconda/lib/python3.11/site-packages/airflow/example_dags/example_nested_branch_dag.py
[2023-12-16T12:32:28.155+0500] {processor.py:829} INFO - Processing file /home/amina/miniconda/lib/python3.11/site-packages/airflow/example_dags/example_nested_branch_dag.py for tasks to queue
[2023-12-16T12:32:28.156+0500] {logging_mixin.py:154} INFO - [2023-12-16T12:32:28.156+0500] {dagbag.py:536} INFO - Filling up the DagBag from /home/amina/miniconda/lib/python3.11/site-packages/airflow/example_dags/example_nested_branch_dag.py
[2023-12-16T12:32:28.167+0500] {processor.py:839} INFO - DAG(s) dict_keys(['example_nested_branch_dag']) retrieved from /home/amina/miniconda/lib/python3.11/site-packages/airflow/example_dags/example_nested_branch_dag.py
[2023-12-16T12:32:28.183+0500] {logging_mixin.py:154} INFO - [2023-12-16T12:32:28.183+0500] {dag.py:2941} INFO - Sync 1 DAGs
[2023-12-16T12:32:28.202+0500] {logging_mixin.py:154} INFO - [2023-12-16T12:32:28.202+0500] {dag.py:3722} INFO - Setting next_dagrun for example_nested_branch_dag to 2023-12-15T00:00:00+00:00, run_after=2023-12-16T00:00:00+00:00
[2023-12-16T12:32:28.329+0500] {processor.py:179} INFO - Processing /home/amina/miniconda/lib/python3.11/site-packages/airflow/example_dags/example_nested_branch_dag.py took 0.213 seconds
[2023-12-16T12:33:29.393+0500] {processor.py:157} INFO - Started process (PID=33839) to work on /home/amina/miniconda/lib/python3.11/site-packages/airflow/example_dags/example_nested_branch_dag.py
[2023-12-16T12:33:29.408+0500] {processor.py:829} INFO - Processing file /home/amina/miniconda/lib/python3.11/site-packages/airflow/example_dags/example_nested_branch_dag.py for tasks to queue
[2023-12-16T12:33:29.409+0500] {logging_mixin.py:154} INFO - [2023-12-16T12:33:29.409+0500] {dagbag.py:536} INFO - Filling up the DagBag from /home/amina/miniconda/lib/python3.11/site-packages/airflow/example_dags/example_nested_branch_dag.py
[2023-12-16T12:33:29.419+0500] {processor.py:839} INFO - DAG(s) dict_keys(['example_nested_branch_dag']) retrieved from /home/amina/miniconda/lib/python3.11/site-packages/airflow/example_dags/example_nested_branch_dag.py
[2023-12-16T12:33:29.438+0500] {logging_mixin.py:154} INFO - [2023-12-16T12:33:29.437+0500] {dag.py:2941} INFO - Sync 1 DAGs
[2023-12-16T12:33:29.458+0500] {logging_mixin.py:154} INFO - [2023-12-16T12:33:29.458+0500] {dag.py:3722} INFO - Setting next_dagrun for example_nested_branch_dag to 2023-12-15T00:00:00+00:00, run_after=2023-12-16T00:00:00+00:00
[2023-12-16T12:33:29.579+0500] {processor.py:179} INFO - Processing /home/amina/miniconda/lib/python3.11/site-packages/airflow/example_dags/example_nested_branch_dag.py took 0.189 seconds
[2023-12-16T12:34:26.651+0500] {processor.py:157} INFO - Started process (PID=35609) to work on /home/amina/miniconda/lib/python3.11/site-packages/airflow/example_dags/example_nested_branch_dag.py
[2023-12-16T12:34:26.652+0500] {processor.py:829} INFO - Processing file /home/amina/miniconda/lib/python3.11/site-packages/airflow/example_dags/example_nested_branch_dag.py for tasks to queue
[2023-12-16T12:34:26.653+0500] {logging_mixin.py:154} INFO - [2023-12-16T12:34:26.652+0500] {dagbag.py:536} INFO - Filling up the DagBag from /home/amina/miniconda/lib/python3.11/site-packages/airflow/example_dags/example_nested_branch_dag.py
[2023-12-16T12:34:26.663+0500] {processor.py:839} INFO - DAG(s) dict_keys(['example_nested_branch_dag']) retrieved from /home/amina/miniconda/lib/python3.11/site-packages/airflow/example_dags/example_nested_branch_dag.py
[2023-12-16T12:34:26.680+0500] {logging_mixin.py:154} INFO - [2023-12-16T12:34:26.680+0500] {dag.py:2941} INFO - Sync 1 DAGs
[2023-12-16T12:34:26.700+0500] {logging_mixin.py:154} INFO - [2023-12-16T12:34:26.700+0500] {dag.py:3722} INFO - Setting next_dagrun for example_nested_branch_dag to 2023-12-15T00:00:00+00:00, run_after=2023-12-16T00:00:00+00:00
[2023-12-16T12:34:26.781+0500] {processor.py:179} INFO - Processing /home/amina/miniconda/lib/python3.11/site-packages/airflow/example_dags/example_nested_branch_dag.py took 0.133 seconds
[2023-12-16T12:35:20.325+0500] {processor.py:157} INFO - Started process (PID=36342) to work on /home/amina/miniconda/lib/python3.11/site-packages/airflow/example_dags/example_nested_branch_dag.py
[2023-12-16T12:35:20.337+0500] {processor.py:829} INFO - Processing file /home/amina/miniconda/lib/python3.11/site-packages/airflow/example_dags/example_nested_branch_dag.py for tasks to queue
[2023-12-16T12:35:20.338+0500] {logging_mixin.py:154} INFO - [2023-12-16T12:35:20.337+0500] {dagbag.py:536} INFO - Filling up the DagBag from /home/amina/miniconda/lib/python3.11/site-packages/airflow/example_dags/example_nested_branch_dag.py
[2023-12-16T12:35:20.347+0500] {processor.py:839} INFO - DAG(s) dict_keys(['example_nested_branch_dag']) retrieved from /home/amina/miniconda/lib/python3.11/site-packages/airflow/example_dags/example_nested_branch_dag.py
[2023-12-16T12:35:20.361+0500] {logging_mixin.py:154} INFO - [2023-12-16T12:35:20.361+0500] {dag.py:2941} INFO - Sync 1 DAGs
[2023-12-16T12:35:20.377+0500] {logging_mixin.py:154} INFO - [2023-12-16T12:35:20.377+0500] {dag.py:3722} INFO - Setting next_dagrun for example_nested_branch_dag to 2023-12-15T00:00:00+00:00, run_after=2023-12-16T00:00:00+00:00
[2023-12-16T12:35:20.489+0500] {processor.py:179} INFO - Processing /home/amina/miniconda/lib/python3.11/site-packages/airflow/example_dags/example_nested_branch_dag.py took 0.168 seconds
[2023-12-16T12:36:15.678+0500] {processor.py:157} INFO - Started process (PID=36404) to work on /home/amina/miniconda/lib/python3.11/site-packages/airflow/example_dags/example_nested_branch_dag.py
[2023-12-16T12:36:15.686+0500] {processor.py:829} INFO - Processing file /home/amina/miniconda/lib/python3.11/site-packages/airflow/example_dags/example_nested_branch_dag.py for tasks to queue
[2023-12-16T12:36:15.687+0500] {logging_mixin.py:154} INFO - [2023-12-16T12:36:15.687+0500] {dagbag.py:536} INFO - Filling up the DagBag from /home/amina/miniconda/lib/python3.11/site-packages/airflow/example_dags/example_nested_branch_dag.py
[2023-12-16T12:36:15.697+0500] {processor.py:839} INFO - DAG(s) dict_keys(['example_nested_branch_dag']) retrieved from /home/amina/miniconda/lib/python3.11/site-packages/airflow/example_dags/example_nested_branch_dag.py
[2023-12-16T12:36:15.715+0500] {logging_mixin.py:154} INFO - [2023-12-16T12:36:15.715+0500] {dag.py:2941} INFO - Sync 1 DAGs
[2023-12-16T12:36:15.735+0500] {logging_mixin.py:154} INFO - [2023-12-16T12:36:15.735+0500] {dag.py:3722} INFO - Setting next_dagrun for example_nested_branch_dag to 2023-12-15T00:00:00+00:00, run_after=2023-12-16T00:00:00+00:00
[2023-12-16T12:36:15.852+0500] {processor.py:179} INFO - Processing /home/amina/miniconda/lib/python3.11/site-packages/airflow/example_dags/example_nested_branch_dag.py took 0.176 seconds
[2023-12-16T12:37:11.823+0500] {processor.py:157} INFO - Started process (PID=36702) to work on /home/amina/miniconda/lib/python3.11/site-packages/airflow/example_dags/example_nested_branch_dag.py
[2023-12-16T12:37:11.852+0500] {processor.py:829} INFO - Processing file /home/amina/miniconda/lib/python3.11/site-packages/airflow/example_dags/example_nested_branch_dag.py for tasks to queue
[2023-12-16T12:37:11.853+0500] {logging_mixin.py:154} INFO - [2023-12-16T12:37:11.852+0500] {dagbag.py:536} INFO - Filling up the DagBag from /home/amina/miniconda/lib/python3.11/site-packages/airflow/example_dags/example_nested_branch_dag.py
[2023-12-16T12:37:11.863+0500] {processor.py:839} INFO - DAG(s) dict_keys(['example_nested_branch_dag']) retrieved from /home/amina/miniconda/lib/python3.11/site-packages/airflow/example_dags/example_nested_branch_dag.py
[2023-12-16T12:37:11.881+0500] {logging_mixin.py:154} INFO - [2023-12-16T12:37:11.881+0500] {dag.py:2941} INFO - Sync 1 DAGs
[2023-12-16T12:37:11.909+0500] {logging_mixin.py:154} INFO - [2023-12-16T12:37:11.909+0500] {dag.py:3722} INFO - Setting next_dagrun for example_nested_branch_dag to 2023-12-15T00:00:00+00:00, run_after=2023-12-16T00:00:00+00:00
[2023-12-16T12:37:12.202+0500] {processor.py:179} INFO - Processing /home/amina/miniconda/lib/python3.11/site-packages/airflow/example_dags/example_nested_branch_dag.py took 0.383 seconds
[2023-12-16T12:38:04.591+0500] {processor.py:157} INFO - Started process (PID=36753) to work on /home/amina/miniconda/lib/python3.11/site-packages/airflow/example_dags/example_nested_branch_dag.py
[2023-12-16T12:38:04.613+0500] {processor.py:829} INFO - Processing file /home/amina/miniconda/lib/python3.11/site-packages/airflow/example_dags/example_nested_branch_dag.py for tasks to queue
[2023-12-16T12:38:04.613+0500] {logging_mixin.py:154} INFO - [2023-12-16T12:38:04.613+0500] {dagbag.py:536} INFO - Filling up the DagBag from /home/amina/miniconda/lib/python3.11/site-packages/airflow/example_dags/example_nested_branch_dag.py
[2023-12-16T12:38:04.622+0500] {processor.py:839} INFO - DAG(s) dict_keys(['example_nested_branch_dag']) retrieved from /home/amina/miniconda/lib/python3.11/site-packages/airflow/example_dags/example_nested_branch_dag.py
[2023-12-16T12:38:04.637+0500] {logging_mixin.py:154} INFO - [2023-12-16T12:38:04.637+0500] {dag.py:2941} INFO - Sync 1 DAGs
[2023-12-16T12:38:04.653+0500] {logging_mixin.py:154} INFO - [2023-12-16T12:38:04.653+0500] {dag.py:3722} INFO - Setting next_dagrun for example_nested_branch_dag to 2023-12-15T00:00:00+00:00, run_after=2023-12-16T00:00:00+00:00
[2023-12-16T12:38:04.765+0500] {processor.py:179} INFO - Processing /home/amina/miniconda/lib/python3.11/site-packages/airflow/example_dags/example_nested_branch_dag.py took 0.177 seconds
[2023-12-16T12:38:56.766+0500] {processor.py:157} INFO - Started process (PID=36801) to work on /home/amina/miniconda/lib/python3.11/site-packages/airflow/example_dags/example_nested_branch_dag.py
[2023-12-16T12:38:56.773+0500] {processor.py:829} INFO - Processing file /home/amina/miniconda/lib/python3.11/site-packages/airflow/example_dags/example_nested_branch_dag.py for tasks to queue
[2023-12-16T12:38:56.774+0500] {logging_mixin.py:154} INFO - [2023-12-16T12:38:56.774+0500] {dagbag.py:536} INFO - Filling up the DagBag from /home/amina/miniconda/lib/python3.11/site-packages/airflow/example_dags/example_nested_branch_dag.py
[2023-12-16T12:38:56.783+0500] {processor.py:839} INFO - DAG(s) dict_keys(['example_nested_branch_dag']) retrieved from /home/amina/miniconda/lib/python3.11/site-packages/airflow/example_dags/example_nested_branch_dag.py
[2023-12-16T12:38:56.797+0500] {logging_mixin.py:154} INFO - [2023-12-16T12:38:56.797+0500] {dag.py:2941} INFO - Sync 1 DAGs
[2023-12-16T12:38:56.813+0500] {logging_mixin.py:154} INFO - [2023-12-16T12:38:56.813+0500] {dag.py:3722} INFO - Setting next_dagrun for example_nested_branch_dag to 2023-12-15T00:00:00+00:00, run_after=2023-12-16T00:00:00+00:00
[2023-12-16T12:38:56.928+0500] {processor.py:179} INFO - Processing /home/amina/miniconda/lib/python3.11/site-packages/airflow/example_dags/example_nested_branch_dag.py took 0.166 seconds
[2023-12-16T12:40:10.842+0500] {processor.py:157} INFO - Started process (PID=36908) to work on /home/amina/miniconda/lib/python3.11/site-packages/airflow/example_dags/example_nested_branch_dag.py
[2023-12-16T12:40:10.857+0500] {processor.py:829} INFO - Processing file /home/amina/miniconda/lib/python3.11/site-packages/airflow/example_dags/example_nested_branch_dag.py for tasks to queue
[2023-12-16T12:40:10.857+0500] {logging_mixin.py:154} INFO - [2023-12-16T12:40:10.857+0500] {dagbag.py:536} INFO - Filling up the DagBag from /home/amina/miniconda/lib/python3.11/site-packages/airflow/example_dags/example_nested_branch_dag.py
[2023-12-16T12:40:10.866+0500] {processor.py:839} INFO - DAG(s) dict_keys(['example_nested_branch_dag']) retrieved from /home/amina/miniconda/lib/python3.11/site-packages/airflow/example_dags/example_nested_branch_dag.py
[2023-12-16T12:40:10.881+0500] {logging_mixin.py:154} INFO - [2023-12-16T12:40:10.881+0500] {dag.py:2941} INFO - Sync 1 DAGs
[2023-12-16T12:40:10.899+0500] {logging_mixin.py:154} INFO - [2023-12-16T12:40:10.898+0500] {dag.py:3722} INFO - Setting next_dagrun for example_nested_branch_dag to 2023-12-15T00:00:00+00:00, run_after=2023-12-16T00:00:00+00:00
[2023-12-16T12:40:11.005+0500] {processor.py:179} INFO - Processing /home/amina/miniconda/lib/python3.11/site-packages/airflow/example_dags/example_nested_branch_dag.py took 0.165 seconds
[2023-12-16T12:41:03.595+0500] {processor.py:157} INFO - Started process (PID=37034) to work on /home/amina/miniconda/lib/python3.11/site-packages/airflow/example_dags/example_nested_branch_dag.py
[2023-12-16T12:41:03.651+0500] {processor.py:829} INFO - Processing file /home/amina/miniconda/lib/python3.11/site-packages/airflow/example_dags/example_nested_branch_dag.py for tasks to queue
[2023-12-16T12:41:03.652+0500] {logging_mixin.py:154} INFO - [2023-12-16T12:41:03.652+0500] {dagbag.py:536} INFO - Filling up the DagBag from /home/amina/miniconda/lib/python3.11/site-packages/airflow/example_dags/example_nested_branch_dag.py
[2023-12-16T12:41:03.661+0500] {processor.py:839} INFO - DAG(s) dict_keys(['example_nested_branch_dag']) retrieved from /home/amina/miniconda/lib/python3.11/site-packages/airflow/example_dags/example_nested_branch_dag.py
[2023-12-16T12:41:03.675+0500] {logging_mixin.py:154} INFO - [2023-12-16T12:41:03.675+0500] {dag.py:2941} INFO - Sync 1 DAGs
[2023-12-16T12:41:03.691+0500] {logging_mixin.py:154} INFO - [2023-12-16T12:41:03.691+0500] {dag.py:3722} INFO - Setting next_dagrun for example_nested_branch_dag to 2023-12-15T00:00:00+00:00, run_after=2023-12-16T00:00:00+00:00
[2023-12-16T12:41:03.803+0500] {processor.py:179} INFO - Processing /home/amina/miniconda/lib/python3.11/site-packages/airflow/example_dags/example_nested_branch_dag.py took 0.210 seconds
[2023-12-16T12:41:58.109+0500] {processor.py:157} INFO - Started process (PID=37099) to work on /home/amina/miniconda/lib/python3.11/site-packages/airflow/example_dags/example_nested_branch_dag.py
[2023-12-16T12:41:58.123+0500] {processor.py:829} INFO - Processing file /home/amina/miniconda/lib/python3.11/site-packages/airflow/example_dags/example_nested_branch_dag.py for tasks to queue
[2023-12-16T12:41:58.124+0500] {logging_mixin.py:154} INFO - [2023-12-16T12:41:58.123+0500] {dagbag.py:536} INFO - Filling up the DagBag from /home/amina/miniconda/lib/python3.11/site-packages/airflow/example_dags/example_nested_branch_dag.py
[2023-12-16T12:41:58.133+0500] {processor.py:839} INFO - DAG(s) dict_keys(['example_nested_branch_dag']) retrieved from /home/amina/miniconda/lib/python3.11/site-packages/airflow/example_dags/example_nested_branch_dag.py
[2023-12-16T12:41:58.147+0500] {logging_mixin.py:154} INFO - [2023-12-16T12:41:58.147+0500] {dag.py:2941} INFO - Sync 1 DAGs
[2023-12-16T12:41:58.162+0500] {logging_mixin.py:154} INFO - [2023-12-16T12:41:58.162+0500] {dag.py:3722} INFO - Setting next_dagrun for example_nested_branch_dag to 2023-12-15T00:00:00+00:00, run_after=2023-12-16T00:00:00+00:00
[2023-12-16T12:41:58.278+0500] {processor.py:179} INFO - Processing /home/amina/miniconda/lib/python3.11/site-packages/airflow/example_dags/example_nested_branch_dag.py took 0.171 seconds
[2023-12-16T12:43:43.120+0500] {processor.py:157} INFO - Started process (PID=37229) to work on /home/amina/miniconda/lib/python3.11/site-packages/airflow/example_dags/example_nested_branch_dag.py
[2023-12-16T12:43:43.137+0500] {processor.py:829} INFO - Processing file /home/amina/miniconda/lib/python3.11/site-packages/airflow/example_dags/example_nested_branch_dag.py for tasks to queue
[2023-12-16T12:43:43.138+0500] {logging_mixin.py:154} INFO - [2023-12-16T12:43:43.138+0500] {dagbag.py:536} INFO - Filling up the DagBag from /home/amina/miniconda/lib/python3.11/site-packages/airflow/example_dags/example_nested_branch_dag.py
[2023-12-16T12:43:43.149+0500] {processor.py:839} INFO - DAG(s) dict_keys(['example_nested_branch_dag']) retrieved from /home/amina/miniconda/lib/python3.11/site-packages/airflow/example_dags/example_nested_branch_dag.py
[2023-12-16T12:43:43.170+0500] {logging_mixin.py:154} INFO - [2023-12-16T12:43:43.170+0500] {dag.py:2941} INFO - Sync 1 DAGs
[2023-12-16T12:43:43.196+0500] {logging_mixin.py:154} INFO - [2023-12-16T12:43:43.196+0500] {dag.py:3722} INFO - Setting next_dagrun for example_nested_branch_dag to 2023-12-15T00:00:00+00:00, run_after=2023-12-16T00:00:00+00:00
[2023-12-16T12:43:43.340+0500] {processor.py:179} INFO - Processing /home/amina/miniconda/lib/python3.11/site-packages/airflow/example_dags/example_nested_branch_dag.py took 0.224 seconds
[2023-12-16T12:44:37.151+0500] {processor.py:157} INFO - Started process (PID=37296) to work on /home/amina/miniconda/lib/python3.11/site-packages/airflow/example_dags/example_nested_branch_dag.py
[2023-12-16T12:44:37.214+0500] {processor.py:829} INFO - Processing file /home/amina/miniconda/lib/python3.11/site-packages/airflow/example_dags/example_nested_branch_dag.py for tasks to queue
[2023-12-16T12:44:37.215+0500] {logging_mixin.py:154} INFO - [2023-12-16T12:44:37.215+0500] {dagbag.py:536} INFO - Filling up the DagBag from /home/amina/miniconda/lib/python3.11/site-packages/airflow/example_dags/example_nested_branch_dag.py
[2023-12-16T12:44:37.224+0500] {processor.py:839} INFO - DAG(s) dict_keys(['example_nested_branch_dag']) retrieved from /home/amina/miniconda/lib/python3.11/site-packages/airflow/example_dags/example_nested_branch_dag.py
[2023-12-16T12:44:37.239+0500] {logging_mixin.py:154} INFO - [2023-12-16T12:44:37.239+0500] {dag.py:2941} INFO - Sync 1 DAGs
[2023-12-16T12:44:37.256+0500] {logging_mixin.py:154} INFO - [2023-12-16T12:44:37.256+0500] {dag.py:3722} INFO - Setting next_dagrun for example_nested_branch_dag to 2023-12-15T00:00:00+00:00, run_after=2023-12-16T00:00:00+00:00
[2023-12-16T12:44:37.353+0500] {processor.py:179} INFO - Processing /home/amina/miniconda/lib/python3.11/site-packages/airflow/example_dags/example_nested_branch_dag.py took 0.205 seconds
[2023-12-16T12:45:47.371+0500] {processor.py:157} INFO - Started process (PID=37406) to work on /home/amina/miniconda/lib/python3.11/site-packages/airflow/example_dags/example_nested_branch_dag.py
[2023-12-16T12:45:47.413+0500] {processor.py:829} INFO - Processing file /home/amina/miniconda/lib/python3.11/site-packages/airflow/example_dags/example_nested_branch_dag.py for tasks to queue
[2023-12-16T12:45:47.414+0500] {logging_mixin.py:154} INFO - [2023-12-16T12:45:47.414+0500] {dagbag.py:536} INFO - Filling up the DagBag from /home/amina/miniconda/lib/python3.11/site-packages/airflow/example_dags/example_nested_branch_dag.py
[2023-12-16T12:45:47.423+0500] {processor.py:839} INFO - DAG(s) dict_keys(['example_nested_branch_dag']) retrieved from /home/amina/miniconda/lib/python3.11/site-packages/airflow/example_dags/example_nested_branch_dag.py
[2023-12-16T12:45:47.437+0500] {logging_mixin.py:154} INFO - [2023-12-16T12:45:47.437+0500] {dag.py:2941} INFO - Sync 1 DAGs
[2023-12-16T12:45:47.453+0500] {logging_mixin.py:154} INFO - [2023-12-16T12:45:47.452+0500] {dag.py:3722} INFO - Setting next_dagrun for example_nested_branch_dag to 2023-12-15T00:00:00+00:00, run_after=2023-12-16T00:00:00+00:00
[2023-12-16T12:45:47.552+0500] {processor.py:179} INFO - Processing /home/amina/miniconda/lib/python3.11/site-packages/airflow/example_dags/example_nested_branch_dag.py took 0.183 seconds
[2023-12-16T12:47:00.851+0500] {processor.py:157} INFO - Started process (PID=37481) to work on /home/amina/miniconda/lib/python3.11/site-packages/airflow/example_dags/example_nested_branch_dag.py
[2023-12-16T12:47:00.868+0500] {processor.py:829} INFO - Processing file /home/amina/miniconda/lib/python3.11/site-packages/airflow/example_dags/example_nested_branch_dag.py for tasks to queue
[2023-12-16T12:47:00.869+0500] {logging_mixin.py:154} INFO - [2023-12-16T12:47:00.868+0500] {dagbag.py:536} INFO - Filling up the DagBag from /home/amina/miniconda/lib/python3.11/site-packages/airflow/example_dags/example_nested_branch_dag.py
[2023-12-16T12:47:00.878+0500] {processor.py:839} INFO - DAG(s) dict_keys(['example_nested_branch_dag']) retrieved from /home/amina/miniconda/lib/python3.11/site-packages/airflow/example_dags/example_nested_branch_dag.py
[2023-12-16T12:47:00.892+0500] {logging_mixin.py:154} INFO - [2023-12-16T12:47:00.892+0500] {dag.py:2941} INFO - Sync 1 DAGs
[2023-12-16T12:47:00.908+0500] {logging_mixin.py:154} INFO - [2023-12-16T12:47:00.908+0500] {dag.py:3722} INFO - Setting next_dagrun for example_nested_branch_dag to 2023-12-15T00:00:00+00:00, run_after=2023-12-16T00:00:00+00:00
[2023-12-16T12:47:01.006+0500] {processor.py:179} INFO - Processing /home/amina/miniconda/lib/python3.11/site-packages/airflow/example_dags/example_nested_branch_dag.py took 0.158 seconds
[2023-12-16T12:48:15.157+0500] {processor.py:157} INFO - Started process (PID=37568) to work on /home/amina/miniconda/lib/python3.11/site-packages/airflow/example_dags/example_nested_branch_dag.py
[2023-12-16T12:48:15.209+0500] {processor.py:829} INFO - Processing file /home/amina/miniconda/lib/python3.11/site-packages/airflow/example_dags/example_nested_branch_dag.py for tasks to queue
[2023-12-16T12:48:15.210+0500] {logging_mixin.py:154} INFO - [2023-12-16T12:48:15.210+0500] {dagbag.py:536} INFO - Filling up the DagBag from /home/amina/miniconda/lib/python3.11/site-packages/airflow/example_dags/example_nested_branch_dag.py
[2023-12-16T12:48:15.219+0500] {processor.py:839} INFO - DAG(s) dict_keys(['example_nested_branch_dag']) retrieved from /home/amina/miniconda/lib/python3.11/site-packages/airflow/example_dags/example_nested_branch_dag.py
[2023-12-16T12:48:15.234+0500] {logging_mixin.py:154} INFO - [2023-12-16T12:48:15.233+0500] {dag.py:2941} INFO - Sync 1 DAGs
[2023-12-16T12:48:15.249+0500] {logging_mixin.py:154} INFO - [2023-12-16T12:48:15.249+0500] {dag.py:3722} INFO - Setting next_dagrun for example_nested_branch_dag to 2023-12-15T00:00:00+00:00, run_after=2023-12-16T00:00:00+00:00
[2023-12-16T12:48:15.373+0500] {processor.py:179} INFO - Processing /home/amina/miniconda/lib/python3.11/site-packages/airflow/example_dags/example_nested_branch_dag.py took 0.219 seconds
[2023-12-16T12:49:08.264+0500] {processor.py:157} INFO - Started process (PID=38074) to work on /home/amina/miniconda/lib/python3.11/site-packages/airflow/example_dags/example_nested_branch_dag.py
[2023-12-16T12:49:08.297+0500] {processor.py:829} INFO - Processing file /home/amina/miniconda/lib/python3.11/site-packages/airflow/example_dags/example_nested_branch_dag.py for tasks to queue
[2023-12-16T12:49:08.298+0500] {logging_mixin.py:154} INFO - [2023-12-16T12:49:08.298+0500] {dagbag.py:536} INFO - Filling up the DagBag from /home/amina/miniconda/lib/python3.11/site-packages/airflow/example_dags/example_nested_branch_dag.py
[2023-12-16T12:49:08.314+0500] {processor.py:839} INFO - DAG(s) dict_keys(['example_nested_branch_dag']) retrieved from /home/amina/miniconda/lib/python3.11/site-packages/airflow/example_dags/example_nested_branch_dag.py
[2023-12-16T12:49:08.343+0500] {logging_mixin.py:154} INFO - [2023-12-16T12:49:08.343+0500] {dag.py:2941} INFO - Sync 1 DAGs
[2023-12-16T12:49:08.376+0500] {logging_mixin.py:154} INFO - [2023-12-16T12:49:08.376+0500] {dag.py:3722} INFO - Setting next_dagrun for example_nested_branch_dag to 2023-12-15T00:00:00+00:00, run_after=2023-12-16T00:00:00+00:00
[2023-12-16T12:49:09.742+0500] {processor.py:179} INFO - Processing /home/amina/miniconda/lib/python3.11/site-packages/airflow/example_dags/example_nested_branch_dag.py took 1.483 seconds
[2023-12-16T12:50:16.900+0500] {processor.py:157} INFO - Started process (PID=38416) to work on /home/amina/miniconda/lib/python3.11/site-packages/airflow/example_dags/example_nested_branch_dag.py
[2023-12-16T12:50:16.926+0500] {processor.py:829} INFO - Processing file /home/amina/miniconda/lib/python3.11/site-packages/airflow/example_dags/example_nested_branch_dag.py for tasks to queue
[2023-12-16T12:50:16.927+0500] {logging_mixin.py:154} INFO - [2023-12-16T12:50:16.926+0500] {dagbag.py:536} INFO - Filling up the DagBag from /home/amina/miniconda/lib/python3.11/site-packages/airflow/example_dags/example_nested_branch_dag.py
[2023-12-16T12:50:16.936+0500] {processor.py:839} INFO - DAG(s) dict_keys(['example_nested_branch_dag']) retrieved from /home/amina/miniconda/lib/python3.11/site-packages/airflow/example_dags/example_nested_branch_dag.py
[2023-12-16T12:50:16.953+0500] {logging_mixin.py:154} INFO - [2023-12-16T12:50:16.953+0500] {dag.py:2941} INFO - Sync 1 DAGs
[2023-12-16T12:50:16.979+0500] {logging_mixin.py:154} INFO - [2023-12-16T12:50:16.979+0500] {dag.py:3722} INFO - Setting next_dagrun for example_nested_branch_dag to 2023-12-15T00:00:00+00:00, run_after=2023-12-16T00:00:00+00:00
[2023-12-16T12:50:17.106+0500] {processor.py:179} INFO - Processing /home/amina/miniconda/lib/python3.11/site-packages/airflow/example_dags/example_nested_branch_dag.py took 0.209 seconds
[2023-12-16T12:51:20.387+0500] {processor.py:157} INFO - Started process (PID=38518) to work on /home/amina/miniconda/lib/python3.11/site-packages/airflow/example_dags/example_nested_branch_dag.py
[2023-12-16T12:51:20.451+0500] {processor.py:829} INFO - Processing file /home/amina/miniconda/lib/python3.11/site-packages/airflow/example_dags/example_nested_branch_dag.py for tasks to queue
[2023-12-16T12:51:20.451+0500] {logging_mixin.py:154} INFO - [2023-12-16T12:51:20.451+0500] {dagbag.py:536} INFO - Filling up the DagBag from /home/amina/miniconda/lib/python3.11/site-packages/airflow/example_dags/example_nested_branch_dag.py
[2023-12-16T12:51:20.462+0500] {processor.py:839} INFO - DAG(s) dict_keys(['example_nested_branch_dag']) retrieved from /home/amina/miniconda/lib/python3.11/site-packages/airflow/example_dags/example_nested_branch_dag.py
[2023-12-16T12:51:20.478+0500] {logging_mixin.py:154} INFO - [2023-12-16T12:51:20.478+0500] {dag.py:2941} INFO - Sync 1 DAGs
[2023-12-16T12:51:20.501+0500] {logging_mixin.py:154} INFO - [2023-12-16T12:51:20.501+0500] {dag.py:3722} INFO - Setting next_dagrun for example_nested_branch_dag to 2023-12-15T00:00:00+00:00, run_after=2023-12-16T00:00:00+00:00
[2023-12-16T12:51:20.766+0500] {processor.py:179} INFO - Processing /home/amina/miniconda/lib/python3.11/site-packages/airflow/example_dags/example_nested_branch_dag.py took 0.382 seconds
[2023-12-16T12:52:21.118+0500] {processor.py:157} INFO - Started process (PID=38569) to work on /home/amina/miniconda/lib/python3.11/site-packages/airflow/example_dags/example_nested_branch_dag.py
[2023-12-16T12:52:21.163+0500] {processor.py:829} INFO - Processing file /home/amina/miniconda/lib/python3.11/site-packages/airflow/example_dags/example_nested_branch_dag.py for tasks to queue
[2023-12-16T12:52:21.164+0500] {logging_mixin.py:154} INFO - [2023-12-16T12:52:21.163+0500] {dagbag.py:536} INFO - Filling up the DagBag from /home/amina/miniconda/lib/python3.11/site-packages/airflow/example_dags/example_nested_branch_dag.py
[2023-12-16T12:52:21.174+0500] {processor.py:839} INFO - DAG(s) dict_keys(['example_nested_branch_dag']) retrieved from /home/amina/miniconda/lib/python3.11/site-packages/airflow/example_dags/example_nested_branch_dag.py
[2023-12-16T12:52:21.190+0500] {logging_mixin.py:154} INFO - [2023-12-16T12:52:21.189+0500] {dag.py:2941} INFO - Sync 1 DAGs
[2023-12-16T12:52:21.207+0500] {logging_mixin.py:154} INFO - [2023-12-16T12:52:21.207+0500] {dag.py:3722} INFO - Setting next_dagrun for example_nested_branch_dag to 2023-12-15T00:00:00+00:00, run_after=2023-12-16T00:00:00+00:00
[2023-12-16T12:52:21.299+0500] {processor.py:179} INFO - Processing /home/amina/miniconda/lib/python3.11/site-packages/airflow/example_dags/example_nested_branch_dag.py took 0.185 seconds
[2023-12-16T12:53:48.648+0500] {processor.py:157} INFO - Started process (PID=38697) to work on /home/amina/miniconda/lib/python3.11/site-packages/airflow/example_dags/example_nested_branch_dag.py
[2023-12-16T12:53:48.678+0500] {processor.py:829} INFO - Processing file /home/amina/miniconda/lib/python3.11/site-packages/airflow/example_dags/example_nested_branch_dag.py for tasks to queue
[2023-12-16T12:53:48.679+0500] {logging_mixin.py:154} INFO - [2023-12-16T12:53:48.678+0500] {dagbag.py:536} INFO - Filling up the DagBag from /home/amina/miniconda/lib/python3.11/site-packages/airflow/example_dags/example_nested_branch_dag.py
[2023-12-16T12:53:48.691+0500] {processor.py:839} INFO - DAG(s) dict_keys(['example_nested_branch_dag']) retrieved from /home/amina/miniconda/lib/python3.11/site-packages/airflow/example_dags/example_nested_branch_dag.py
[2023-12-16T12:53:48.714+0500] {logging_mixin.py:154} INFO - [2023-12-16T12:53:48.714+0500] {dag.py:2941} INFO - Sync 1 DAGs
[2023-12-16T12:53:48.741+0500] {logging_mixin.py:154} INFO - [2023-12-16T12:53:48.741+0500] {dag.py:3722} INFO - Setting next_dagrun for example_nested_branch_dag to 2023-12-15T00:00:00+00:00, run_after=2023-12-16T00:00:00+00:00
[2023-12-16T12:53:48.840+0500] {processor.py:179} INFO - Processing /home/amina/miniconda/lib/python3.11/site-packages/airflow/example_dags/example_nested_branch_dag.py took 0.196 seconds
[2023-12-16T12:54:57.011+0500] {processor.py:157} INFO - Started process (PID=39046) to work on /home/amina/miniconda/lib/python3.11/site-packages/airflow/example_dags/example_nested_branch_dag.py
[2023-12-16T12:54:57.024+0500] {processor.py:829} INFO - Processing file /home/amina/miniconda/lib/python3.11/site-packages/airflow/example_dags/example_nested_branch_dag.py for tasks to queue
[2023-12-16T12:54:57.025+0500] {logging_mixin.py:154} INFO - [2023-12-16T12:54:57.025+0500] {dagbag.py:536} INFO - Filling up the DagBag from /home/amina/miniconda/lib/python3.11/site-packages/airflow/example_dags/example_nested_branch_dag.py
[2023-12-16T12:54:57.035+0500] {processor.py:839} INFO - DAG(s) dict_keys(['example_nested_branch_dag']) retrieved from /home/amina/miniconda/lib/python3.11/site-packages/airflow/example_dags/example_nested_branch_dag.py
[2023-12-16T12:54:57.055+0500] {logging_mixin.py:154} INFO - [2023-12-16T12:54:57.055+0500] {dag.py:2941} INFO - Sync 1 DAGs
[2023-12-16T12:54:57.075+0500] {logging_mixin.py:154} INFO - [2023-12-16T12:54:57.075+0500] {dag.py:3722} INFO - Setting next_dagrun for example_nested_branch_dag to 2023-12-15T00:00:00+00:00, run_after=2023-12-16T00:00:00+00:00
[2023-12-16T12:54:57.169+0500] {processor.py:179} INFO - Processing /home/amina/miniconda/lib/python3.11/site-packages/airflow/example_dags/example_nested_branch_dag.py took 0.161 seconds
[2023-12-16T12:55:50.643+0500] {processor.py:157} INFO - Started process (PID=39095) to work on /home/amina/miniconda/lib/python3.11/site-packages/airflow/example_dags/example_nested_branch_dag.py
[2023-12-16T12:55:50.651+0500] {processor.py:829} INFO - Processing file /home/amina/miniconda/lib/python3.11/site-packages/airflow/example_dags/example_nested_branch_dag.py for tasks to queue
[2023-12-16T12:55:50.652+0500] {logging_mixin.py:154} INFO - [2023-12-16T12:55:50.652+0500] {dagbag.py:536} INFO - Filling up the DagBag from /home/amina/miniconda/lib/python3.11/site-packages/airflow/example_dags/example_nested_branch_dag.py
[2023-12-16T12:55:50.663+0500] {processor.py:839} INFO - DAG(s) dict_keys(['example_nested_branch_dag']) retrieved from /home/amina/miniconda/lib/python3.11/site-packages/airflow/example_dags/example_nested_branch_dag.py
[2023-12-16T12:55:50.680+0500] {logging_mixin.py:154} INFO - [2023-12-16T12:55:50.680+0500] {dag.py:2941} INFO - Sync 1 DAGs
[2023-12-16T12:55:50.699+0500] {logging_mixin.py:154} INFO - [2023-12-16T12:55:50.698+0500] {dag.py:3722} INFO - Setting next_dagrun for example_nested_branch_dag to 2023-12-15T00:00:00+00:00, run_after=2023-12-16T00:00:00+00:00
[2023-12-16T12:55:50.797+0500] {processor.py:179} INFO - Processing /home/amina/miniconda/lib/python3.11/site-packages/airflow/example_dags/example_nested_branch_dag.py took 0.157 seconds
[2023-12-16T12:57:00.439+0500] {processor.py:157} INFO - Started process (PID=39191) to work on /home/amina/miniconda/lib/python3.11/site-packages/airflow/example_dags/example_nested_branch_dag.py
[2023-12-16T12:57:00.497+0500] {processor.py:829} INFO - Processing file /home/amina/miniconda/lib/python3.11/site-packages/airflow/example_dags/example_nested_branch_dag.py for tasks to queue
[2023-12-16T12:57:00.499+0500] {logging_mixin.py:154} INFO - [2023-12-16T12:57:00.498+0500] {dagbag.py:536} INFO - Filling up the DagBag from /home/amina/miniconda/lib/python3.11/site-packages/airflow/example_dags/example_nested_branch_dag.py
[2023-12-16T12:57:00.509+0500] {processor.py:839} INFO - DAG(s) dict_keys(['example_nested_branch_dag']) retrieved from /home/amina/miniconda/lib/python3.11/site-packages/airflow/example_dags/example_nested_branch_dag.py
[2023-12-16T12:57:00.529+0500] {logging_mixin.py:154} INFO - [2023-12-16T12:57:00.529+0500] {dag.py:2941} INFO - Sync 1 DAGs
[2023-12-16T12:57:00.550+0500] {logging_mixin.py:154} INFO - [2023-12-16T12:57:00.550+0500] {dag.py:3722} INFO - Setting next_dagrun for example_nested_branch_dag to 2023-12-15T00:00:00+00:00, run_after=2023-12-16T00:00:00+00:00
[2023-12-16T12:57:00.637+0500] {processor.py:179} INFO - Processing /home/amina/miniconda/lib/python3.11/site-packages/airflow/example_dags/example_nested_branch_dag.py took 0.201 seconds
[2023-12-16T12:57:54.565+0500] {processor.py:157} INFO - Started process (PID=39240) to work on /home/amina/miniconda/lib/python3.11/site-packages/airflow/example_dags/example_nested_branch_dag.py
[2023-12-16T12:57:54.566+0500] {processor.py:829} INFO - Processing file /home/amina/miniconda/lib/python3.11/site-packages/airflow/example_dags/example_nested_branch_dag.py for tasks to queue
[2023-12-16T12:57:54.567+0500] {logging_mixin.py:154} INFO - [2023-12-16T12:57:54.566+0500] {dagbag.py:536} INFO - Filling up the DagBag from /home/amina/miniconda/lib/python3.11/site-packages/airflow/example_dags/example_nested_branch_dag.py
[2023-12-16T12:57:54.581+0500] {processor.py:839} INFO - DAG(s) dict_keys(['example_nested_branch_dag']) retrieved from /home/amina/miniconda/lib/python3.11/site-packages/airflow/example_dags/example_nested_branch_dag.py
[2023-12-16T12:57:54.597+0500] {logging_mixin.py:154} INFO - [2023-12-16T12:57:54.597+0500] {dag.py:2941} INFO - Sync 1 DAGs
[2023-12-16T12:57:54.615+0500] {logging_mixin.py:154} INFO - [2023-12-16T12:57:54.615+0500] {dag.py:3722} INFO - Setting next_dagrun for example_nested_branch_dag to 2023-12-15T00:00:00+00:00, run_after=2023-12-16T00:00:00+00:00
[2023-12-16T12:57:54.730+0500] {processor.py:179} INFO - Processing /home/amina/miniconda/lib/python3.11/site-packages/airflow/example_dags/example_nested_branch_dag.py took 0.167 seconds
[2023-12-16T12:59:06.500+0500] {processor.py:157} INFO - Started process (PID=39308) to work on /home/amina/miniconda/lib/python3.11/site-packages/airflow/example_dags/example_nested_branch_dag.py
[2023-12-16T12:59:06.532+0500] {processor.py:829} INFO - Processing file /home/amina/miniconda/lib/python3.11/site-packages/airflow/example_dags/example_nested_branch_dag.py for tasks to queue
[2023-12-16T12:59:06.533+0500] {logging_mixin.py:154} INFO - [2023-12-16T12:59:06.532+0500] {dagbag.py:536} INFO - Filling up the DagBag from /home/amina/miniconda/lib/python3.11/site-packages/airflow/example_dags/example_nested_branch_dag.py
[2023-12-16T12:59:06.543+0500] {processor.py:839} INFO - DAG(s) dict_keys(['example_nested_branch_dag']) retrieved from /home/amina/miniconda/lib/python3.11/site-packages/airflow/example_dags/example_nested_branch_dag.py
[2023-12-16T12:59:06.568+0500] {logging_mixin.py:154} INFO - [2023-12-16T12:59:06.568+0500] {dag.py:2941} INFO - Sync 1 DAGs
[2023-12-16T12:59:06.587+0500] {logging_mixin.py:154} INFO - [2023-12-16T12:59:06.587+0500] {dag.py:3722} INFO - Setting next_dagrun for example_nested_branch_dag to 2023-12-15T00:00:00+00:00, run_after=2023-12-16T00:00:00+00:00
[2023-12-16T12:59:06.677+0500] {processor.py:179} INFO - Processing /home/amina/miniconda/lib/python3.11/site-packages/airflow/example_dags/example_nested_branch_dag.py took 0.179 seconds
[2023-12-16T12:59:58.727+0500] {processor.py:157} INFO - Started process (PID=39372) to work on /home/amina/miniconda/lib/python3.11/site-packages/airflow/example_dags/example_nested_branch_dag.py
[2023-12-16T12:59:58.775+0500] {processor.py:829} INFO - Processing file /home/amina/miniconda/lib/python3.11/site-packages/airflow/example_dags/example_nested_branch_dag.py for tasks to queue
[2023-12-16T12:59:58.776+0500] {logging_mixin.py:154} INFO - [2023-12-16T12:59:58.776+0500] {dagbag.py:536} INFO - Filling up the DagBag from /home/amina/miniconda/lib/python3.11/site-packages/airflow/example_dags/example_nested_branch_dag.py
[2023-12-16T12:59:58.787+0500] {processor.py:839} INFO - DAG(s) dict_keys(['example_nested_branch_dag']) retrieved from /home/amina/miniconda/lib/python3.11/site-packages/airflow/example_dags/example_nested_branch_dag.py
[2023-12-16T12:59:58.804+0500] {logging_mixin.py:154} INFO - [2023-12-16T12:59:58.804+0500] {dag.py:2941} INFO - Sync 1 DAGs
[2023-12-16T12:59:58.824+0500] {logging_mixin.py:154} INFO - [2023-12-16T12:59:58.824+0500] {dag.py:3722} INFO - Setting next_dagrun for example_nested_branch_dag to 2023-12-15T00:00:00+00:00, run_after=2023-12-16T00:00:00+00:00
[2023-12-16T12:59:58.919+0500] {processor.py:179} INFO - Processing /home/amina/miniconda/lib/python3.11/site-packages/airflow/example_dags/example_nested_branch_dag.py took 0.197 seconds
[2023-12-16T13:00:49.219+0500] {processor.py:157} INFO - Started process (PID=39417) to work on /home/amina/miniconda/lib/python3.11/site-packages/airflow/example_dags/example_nested_branch_dag.py
[2023-12-16T13:00:49.263+0500] {processor.py:829} INFO - Processing file /home/amina/miniconda/lib/python3.11/site-packages/airflow/example_dags/example_nested_branch_dag.py for tasks to queue
[2023-12-16T13:00:49.265+0500] {logging_mixin.py:154} INFO - [2023-12-16T13:00:49.264+0500] {dagbag.py:536} INFO - Filling up the DagBag from /home/amina/miniconda/lib/python3.11/site-packages/airflow/example_dags/example_nested_branch_dag.py
[2023-12-16T13:00:49.281+0500] {processor.py:839} INFO - DAG(s) dict_keys(['example_nested_branch_dag']) retrieved from /home/amina/miniconda/lib/python3.11/site-packages/airflow/example_dags/example_nested_branch_dag.py
[2023-12-16T13:00:49.311+0500] {logging_mixin.py:154} INFO - [2023-12-16T13:00:49.310+0500] {dag.py:2941} INFO - Sync 1 DAGs
[2023-12-16T13:00:49.344+0500] {logging_mixin.py:154} INFO - [2023-12-16T13:00:49.344+0500] {dag.py:3722} INFO - Setting next_dagrun for example_nested_branch_dag to 2023-12-15T00:00:00+00:00, run_after=2023-12-16T00:00:00+00:00
[2023-12-16T13:00:49.454+0500] {processor.py:179} INFO - Processing /home/amina/miniconda/lib/python3.11/site-packages/airflow/example_dags/example_nested_branch_dag.py took 0.238 seconds
[2023-12-16T13:01:41.501+0500] {processor.py:157} INFO - Started process (PID=39486) to work on /home/amina/miniconda/lib/python3.11/site-packages/airflow/example_dags/example_nested_branch_dag.py
[2023-12-16T13:01:41.507+0500] {processor.py:829} INFO - Processing file /home/amina/miniconda/lib/python3.11/site-packages/airflow/example_dags/example_nested_branch_dag.py for tasks to queue
[2023-12-16T13:01:41.508+0500] {logging_mixin.py:154} INFO - [2023-12-16T13:01:41.508+0500] {dagbag.py:536} INFO - Filling up the DagBag from /home/amina/miniconda/lib/python3.11/site-packages/airflow/example_dags/example_nested_branch_dag.py
[2023-12-16T13:01:41.520+0500] {processor.py:839} INFO - DAG(s) dict_keys(['example_nested_branch_dag']) retrieved from /home/amina/miniconda/lib/python3.11/site-packages/airflow/example_dags/example_nested_branch_dag.py
[2023-12-16T13:01:41.539+0500] {logging_mixin.py:154} INFO - [2023-12-16T13:01:41.538+0500] {dag.py:2941} INFO - Sync 1 DAGs
[2023-12-16T13:01:41.557+0500] {logging_mixin.py:154} INFO - [2023-12-16T13:01:41.557+0500] {dag.py:3722} INFO - Setting next_dagrun for example_nested_branch_dag to 2023-12-15T00:00:00+00:00, run_after=2023-12-16T00:00:00+00:00
[2023-12-16T13:01:41.663+0500] {processor.py:179} INFO - Processing /home/amina/miniconda/lib/python3.11/site-packages/airflow/example_dags/example_nested_branch_dag.py took 0.165 seconds
[2023-12-16T13:02:56.254+0500] {processor.py:157} INFO - Started process (PID=39577) to work on /home/amina/miniconda/lib/python3.11/site-packages/airflow/example_dags/example_nested_branch_dag.py
[2023-12-16T13:02:56.291+0500] {processor.py:829} INFO - Processing file /home/amina/miniconda/lib/python3.11/site-packages/airflow/example_dags/example_nested_branch_dag.py for tasks to queue
[2023-12-16T13:02:56.292+0500] {logging_mixin.py:154} INFO - [2023-12-16T13:02:56.292+0500] {dagbag.py:536} INFO - Filling up the DagBag from /home/amina/miniconda/lib/python3.11/site-packages/airflow/example_dags/example_nested_branch_dag.py
[2023-12-16T13:02:56.304+0500] {processor.py:839} INFO - DAG(s) dict_keys(['example_nested_branch_dag']) retrieved from /home/amina/miniconda/lib/python3.11/site-packages/airflow/example_dags/example_nested_branch_dag.py
[2023-12-16T13:02:56.321+0500] {logging_mixin.py:154} INFO - [2023-12-16T13:02:56.321+0500] {dag.py:2941} INFO - Sync 1 DAGs
[2023-12-16T13:02:56.342+0500] {logging_mixin.py:154} INFO - [2023-12-16T13:02:56.342+0500] {dag.py:3722} INFO - Setting next_dagrun for example_nested_branch_dag to 2023-12-15T00:00:00+00:00, run_after=2023-12-16T00:00:00+00:00
[2023-12-16T13:02:56.445+0500] {processor.py:179} INFO - Processing /home/amina/miniconda/lib/python3.11/site-packages/airflow/example_dags/example_nested_branch_dag.py took 0.194 seconds
[2023-12-16T13:03:47.142+0500] {processor.py:157} INFO - Started process (PID=39793) to work on /home/amina/miniconda/lib/python3.11/site-packages/airflow/example_dags/example_nested_branch_dag.py
[2023-12-16T13:03:47.155+0500] {processor.py:829} INFO - Processing file /home/amina/miniconda/lib/python3.11/site-packages/airflow/example_dags/example_nested_branch_dag.py for tasks to queue
[2023-12-16T13:03:47.155+0500] {logging_mixin.py:154} INFO - [2023-12-16T13:03:47.155+0500] {dagbag.py:536} INFO - Filling up the DagBag from /home/amina/miniconda/lib/python3.11/site-packages/airflow/example_dags/example_nested_branch_dag.py
[2023-12-16T13:03:47.169+0500] {processor.py:839} INFO - DAG(s) dict_keys(['example_nested_branch_dag']) retrieved from /home/amina/miniconda/lib/python3.11/site-packages/airflow/example_dags/example_nested_branch_dag.py
[2023-12-16T13:03:47.187+0500] {logging_mixin.py:154} INFO - [2023-12-16T13:03:47.187+0500] {dag.py:2941} INFO - Sync 1 DAGs
[2023-12-16T13:03:47.205+0500] {logging_mixin.py:154} INFO - [2023-12-16T13:03:47.205+0500] {dag.py:3722} INFO - Setting next_dagrun for example_nested_branch_dag to 2023-12-15T00:00:00+00:00, run_after=2023-12-16T00:00:00+00:00
[2023-12-16T13:03:47.406+0500] {processor.py:179} INFO - Processing /home/amina/miniconda/lib/python3.11/site-packages/airflow/example_dags/example_nested_branch_dag.py took 0.267 seconds
[2023-12-16T13:04:43.570+0500] {processor.py:157} INFO - Started process (PID=39899) to work on /home/amina/miniconda/lib/python3.11/site-packages/airflow/example_dags/example_nested_branch_dag.py
[2023-12-16T13:04:43.607+0500] {processor.py:829} INFO - Processing file /home/amina/miniconda/lib/python3.11/site-packages/airflow/example_dags/example_nested_branch_dag.py for tasks to queue
[2023-12-16T13:04:43.608+0500] {logging_mixin.py:154} INFO - [2023-12-16T13:04:43.608+0500] {dagbag.py:536} INFO - Filling up the DagBag from /home/amina/miniconda/lib/python3.11/site-packages/airflow/example_dags/example_nested_branch_dag.py
[2023-12-16T13:04:43.618+0500] {processor.py:839} INFO - DAG(s) dict_keys(['example_nested_branch_dag']) retrieved from /home/amina/miniconda/lib/python3.11/site-packages/airflow/example_dags/example_nested_branch_dag.py
[2023-12-16T13:04:43.640+0500] {logging_mixin.py:154} INFO - [2023-12-16T13:04:43.639+0500] {dag.py:2941} INFO - Sync 1 DAGs
[2023-12-16T13:04:43.660+0500] {logging_mixin.py:154} INFO - [2023-12-16T13:04:43.660+0500] {dag.py:3722} INFO - Setting next_dagrun for example_nested_branch_dag to 2023-12-15T00:00:00+00:00, run_after=2023-12-16T00:00:00+00:00
[2023-12-16T13:04:43.759+0500] {processor.py:179} INFO - Processing /home/amina/miniconda/lib/python3.11/site-packages/airflow/example_dags/example_nested_branch_dag.py took 0.193 seconds
[2023-12-16T13:05:36.682+0500] {processor.py:157} INFO - Started process (PID=40013) to work on /home/amina/miniconda/lib/python3.11/site-packages/airflow/example_dags/example_nested_branch_dag.py
[2023-12-16T13:05:36.726+0500] {processor.py:829} INFO - Processing file /home/amina/miniconda/lib/python3.11/site-packages/airflow/example_dags/example_nested_branch_dag.py for tasks to queue
[2023-12-16T13:05:36.727+0500] {logging_mixin.py:154} INFO - [2023-12-16T13:05:36.727+0500] {dagbag.py:536} INFO - Filling up the DagBag from /home/amina/miniconda/lib/python3.11/site-packages/airflow/example_dags/example_nested_branch_dag.py
[2023-12-16T13:05:36.736+0500] {processor.py:839} INFO - DAG(s) dict_keys(['example_nested_branch_dag']) retrieved from /home/amina/miniconda/lib/python3.11/site-packages/airflow/example_dags/example_nested_branch_dag.py
[2023-12-16T13:05:36.750+0500] {logging_mixin.py:154} INFO - [2023-12-16T13:05:36.750+0500] {dag.py:2941} INFO - Sync 1 DAGs
[2023-12-16T13:05:36.766+0500] {logging_mixin.py:154} INFO - [2023-12-16T13:05:36.766+0500] {dag.py:3722} INFO - Setting next_dagrun for example_nested_branch_dag to 2023-12-15T00:00:00+00:00, run_after=2023-12-16T00:00:00+00:00
[2023-12-16T13:05:36.882+0500] {processor.py:179} INFO - Processing /home/amina/miniconda/lib/python3.11/site-packages/airflow/example_dags/example_nested_branch_dag.py took 0.202 seconds
[2023-12-16T13:06:26.091+0500] {processor.py:157} INFO - Started process (PID=40065) to work on /home/amina/miniconda/lib/python3.11/site-packages/airflow/example_dags/example_nested_branch_dag.py
[2023-12-16T13:06:26.103+0500] {processor.py:829} INFO - Processing file /home/amina/miniconda/lib/python3.11/site-packages/airflow/example_dags/example_nested_branch_dag.py for tasks to queue
[2023-12-16T13:06:26.104+0500] {logging_mixin.py:154} INFO - [2023-12-16T13:06:26.104+0500] {dagbag.py:536} INFO - Filling up the DagBag from /home/amina/miniconda/lib/python3.11/site-packages/airflow/example_dags/example_nested_branch_dag.py
[2023-12-16T13:06:26.113+0500] {processor.py:839} INFO - DAG(s) dict_keys(['example_nested_branch_dag']) retrieved from /home/amina/miniconda/lib/python3.11/site-packages/airflow/example_dags/example_nested_branch_dag.py
[2023-12-16T13:06:26.129+0500] {logging_mixin.py:154} INFO - [2023-12-16T13:06:26.129+0500] {dag.py:2941} INFO - Sync 1 DAGs
[2023-12-16T13:06:26.146+0500] {logging_mixin.py:154} INFO - [2023-12-16T13:06:26.145+0500] {dag.py:3722} INFO - Setting next_dagrun for example_nested_branch_dag to 2023-12-15T00:00:00+00:00, run_after=2023-12-16T00:00:00+00:00
[2023-12-16T13:06:26.245+0500] {processor.py:179} INFO - Processing /home/amina/miniconda/lib/python3.11/site-packages/airflow/example_dags/example_nested_branch_dag.py took 0.157 seconds
[2023-12-16T13:07:39.212+0500] {processor.py:157} INFO - Started process (PID=40152) to work on /home/amina/miniconda/lib/python3.11/site-packages/airflow/example_dags/example_nested_branch_dag.py
[2023-12-16T13:07:39.245+0500] {processor.py:829} INFO - Processing file /home/amina/miniconda/lib/python3.11/site-packages/airflow/example_dags/example_nested_branch_dag.py for tasks to queue
[2023-12-16T13:07:39.246+0500] {logging_mixin.py:154} INFO - [2023-12-16T13:07:39.245+0500] {dagbag.py:536} INFO - Filling up the DagBag from /home/amina/miniconda/lib/python3.11/site-packages/airflow/example_dags/example_nested_branch_dag.py
[2023-12-16T13:07:39.255+0500] {processor.py:839} INFO - DAG(s) dict_keys(['example_nested_branch_dag']) retrieved from /home/amina/miniconda/lib/python3.11/site-packages/airflow/example_dags/example_nested_branch_dag.py
[2023-12-16T13:07:39.269+0500] {logging_mixin.py:154} INFO - [2023-12-16T13:07:39.269+0500] {dag.py:2941} INFO - Sync 1 DAGs
[2023-12-16T13:07:39.288+0500] {logging_mixin.py:154} INFO - [2023-12-16T13:07:39.288+0500] {dag.py:3722} INFO - Setting next_dagrun for example_nested_branch_dag to 2023-12-15T00:00:00+00:00, run_after=2023-12-16T00:00:00+00:00
[2023-12-16T13:07:39.375+0500] {processor.py:179} INFO - Processing /home/amina/miniconda/lib/python3.11/site-packages/airflow/example_dags/example_nested_branch_dag.py took 0.166 seconds
