[2023-12-16T12:23:18.655+0500] {processor.py:157} INFO - Started process (PID=20951) to work on /home/amina/miniconda/lib/python3.11/site-packages/airflow/example_dags/example_bash_operator.py
[2023-12-16T12:23:18.655+0500] {processor.py:829} INFO - Processing file /home/amina/miniconda/lib/python3.11/site-packages/airflow/example_dags/example_bash_operator.py for tasks to queue
[2023-12-16T12:23:18.656+0500] {logging_mixin.py:154} INFO - [2023-12-16T12:23:18.656+0500] {dagbag.py:536} INFO - Filling up the DagBag from /home/amina/miniconda/lib/python3.11/site-packages/airflow/example_dags/example_bash_operator.py
[2023-12-16T12:23:18.669+0500] {processor.py:839} INFO - DAG(s) dict_keys(['example_bash_operator']) retrieved from /home/amina/miniconda/lib/python3.11/site-packages/airflow/example_dags/example_bash_operator.py
[2023-12-16T12:23:18.695+0500] {logging_mixin.py:154} INFO - [2023-12-16T12:23:18.695+0500] {dag.py:2941} INFO - Sync 1 DAGs
[2023-12-16T12:23:18.714+0500] {logging_mixin.py:154} INFO - [2023-12-16T12:23:18.714+0500] {dag.py:3722} INFO - Setting next_dagrun for example_bash_operator to 2023-12-15T00:00:00+00:00, run_after=2023-12-16T00:00:00+00:00
[2023-12-16T12:23:18.852+0500] {processor.py:179} INFO - Processing /home/amina/miniconda/lib/python3.11/site-packages/airflow/example_dags/example_bash_operator.py took 0.200 seconds
[2023-12-16T12:24:16.070+0500] {processor.py:157} INFO - Started process (PID=22435) to work on /home/amina/miniconda/lib/python3.11/site-packages/airflow/example_dags/example_bash_operator.py
[2023-12-16T12:24:16.109+0500] {processor.py:829} INFO - Processing file /home/amina/miniconda/lib/python3.11/site-packages/airflow/example_dags/example_bash_operator.py for tasks to queue
[2023-12-16T12:24:16.110+0500] {logging_mixin.py:154} INFO - [2023-12-16T12:24:16.109+0500] {dagbag.py:536} INFO - Filling up the DagBag from /home/amina/miniconda/lib/python3.11/site-packages/airflow/example_dags/example_bash_operator.py
[2023-12-16T12:24:16.121+0500] {processor.py:839} INFO - DAG(s) dict_keys(['example_bash_operator']) retrieved from /home/amina/miniconda/lib/python3.11/site-packages/airflow/example_dags/example_bash_operator.py
[2023-12-16T12:24:16.145+0500] {logging_mixin.py:154} INFO - [2023-12-16T12:24:16.145+0500] {dag.py:2941} INFO - Sync 1 DAGs
[2023-12-16T12:24:16.163+0500] {logging_mixin.py:154} INFO - [2023-12-16T12:24:16.163+0500] {dag.py:3722} INFO - Setting next_dagrun for example_bash_operator to 2023-12-15T00:00:00+00:00, run_after=2023-12-16T00:00:00+00:00
[2023-12-16T12:24:16.501+0500] {processor.py:179} INFO - Processing /home/amina/miniconda/lib/python3.11/site-packages/airflow/example_dags/example_bash_operator.py took 0.436 seconds
[2023-12-16T12:25:48.965+0500] {processor.py:157} INFO - Started process (PID=24111) to work on /home/amina/miniconda/lib/python3.11/site-packages/airflow/example_dags/example_bash_operator.py
[2023-12-16T12:25:48.968+0500] {processor.py:829} INFO - Processing file /home/amina/miniconda/lib/python3.11/site-packages/airflow/example_dags/example_bash_operator.py for tasks to queue
[2023-12-16T12:25:48.969+0500] {logging_mixin.py:154} INFO - [2023-12-16T12:25:48.969+0500] {dagbag.py:536} INFO - Filling up the DagBag from /home/amina/miniconda/lib/python3.11/site-packages/airflow/example_dags/example_bash_operator.py
[2023-12-16T12:25:48.982+0500] {processor.py:839} INFO - DAG(s) dict_keys(['example_bash_operator']) retrieved from /home/amina/miniconda/lib/python3.11/site-packages/airflow/example_dags/example_bash_operator.py
[2023-12-16T12:25:49.003+0500] {logging_mixin.py:154} INFO - [2023-12-16T12:25:49.003+0500] {dag.py:2941} INFO - Sync 1 DAGs
[2023-12-16T12:25:49.022+0500] {logging_mixin.py:154} INFO - [2023-12-16T12:25:49.022+0500] {dag.py:3722} INFO - Setting next_dagrun for example_bash_operator to 2023-12-15T00:00:00+00:00, run_after=2023-12-16T00:00:00+00:00
[2023-12-16T12:25:49.299+0500] {processor.py:179} INFO - Processing /home/amina/miniconda/lib/python3.11/site-packages/airflow/example_dags/example_bash_operator.py took 0.337 seconds
[2023-12-16T12:27:05.986+0500] {processor.py:157} INFO - Started process (PID=25535) to work on /home/amina/miniconda/lib/python3.11/site-packages/airflow/example_dags/example_bash_operator.py
[2023-12-16T12:27:06.062+0500] {processor.py:829} INFO - Processing file /home/amina/miniconda/lib/python3.11/site-packages/airflow/example_dags/example_bash_operator.py for tasks to queue
[2023-12-16T12:27:06.063+0500] {logging_mixin.py:154} INFO - [2023-12-16T12:27:06.063+0500] {dagbag.py:536} INFO - Filling up the DagBag from /home/amina/miniconda/lib/python3.11/site-packages/airflow/example_dags/example_bash_operator.py
[2023-12-16T12:27:06.084+0500] {processor.py:839} INFO - DAG(s) dict_keys(['example_bash_operator']) retrieved from /home/amina/miniconda/lib/python3.11/site-packages/airflow/example_dags/example_bash_operator.py
[2023-12-16T12:27:06.123+0500] {logging_mixin.py:154} INFO - [2023-12-16T12:27:06.122+0500] {dag.py:2941} INFO - Sync 1 DAGs
[2023-12-16T12:27:06.153+0500] {logging_mixin.py:154} INFO - [2023-12-16T12:27:06.153+0500] {dag.py:3722} INFO - Setting next_dagrun for example_bash_operator to 2023-12-15T00:00:00+00:00, run_after=2023-12-16T00:00:00+00:00
[2023-12-16T12:27:06.445+0500] {processor.py:179} INFO - Processing /home/amina/miniconda/lib/python3.11/site-packages/airflow/example_dags/example_bash_operator.py took 0.463 seconds
[2023-12-16T12:30:28.623+0500] {processor.py:157} INFO - Started process (PID=29582) to work on /home/amina/miniconda/lib/python3.11/site-packages/airflow/example_dags/example_bash_operator.py
[2023-12-16T12:30:28.645+0500] {processor.py:829} INFO - Processing file /home/amina/miniconda/lib/python3.11/site-packages/airflow/example_dags/example_bash_operator.py for tasks to queue
[2023-12-16T12:30:28.646+0500] {logging_mixin.py:154} INFO - [2023-12-16T12:30:28.645+0500] {dagbag.py:536} INFO - Filling up the DagBag from /home/amina/miniconda/lib/python3.11/site-packages/airflow/example_dags/example_bash_operator.py
[2023-12-16T12:30:28.660+0500] {processor.py:839} INFO - DAG(s) dict_keys(['example_bash_operator']) retrieved from /home/amina/miniconda/lib/python3.11/site-packages/airflow/example_dags/example_bash_operator.py
[2023-12-16T12:30:28.693+0500] {logging_mixin.py:154} INFO - [2023-12-16T12:30:28.693+0500] {dag.py:2941} INFO - Sync 1 DAGs
[2023-12-16T12:30:28.720+0500] {logging_mixin.py:154} INFO - [2023-12-16T12:30:28.720+0500] {dag.py:3722} INFO - Setting next_dagrun for example_bash_operator to 2023-12-15T00:00:00+00:00, run_after=2023-12-16T00:00:00+00:00
[2023-12-16T12:30:28.842+0500] {processor.py:179} INFO - Processing /home/amina/miniconda/lib/python3.11/site-packages/airflow/example_dags/example_bash_operator.py took 0.222 seconds
[2023-12-16T12:31:31.519+0500] {processor.py:157} INFO - Started process (PID=31379) to work on /home/amina/miniconda/lib/python3.11/site-packages/airflow/example_dags/example_bash_operator.py
[2023-12-16T12:31:31.542+0500] {processor.py:829} INFO - Processing file /home/amina/miniconda/lib/python3.11/site-packages/airflow/example_dags/example_bash_operator.py for tasks to queue
[2023-12-16T12:31:31.543+0500] {logging_mixin.py:154} INFO - [2023-12-16T12:31:31.543+0500] {dagbag.py:536} INFO - Filling up the DagBag from /home/amina/miniconda/lib/python3.11/site-packages/airflow/example_dags/example_bash_operator.py
[2023-12-16T12:31:31.556+0500] {processor.py:839} INFO - DAG(s) dict_keys(['example_bash_operator']) retrieved from /home/amina/miniconda/lib/python3.11/site-packages/airflow/example_dags/example_bash_operator.py
[2023-12-16T12:31:31.579+0500] {logging_mixin.py:154} INFO - [2023-12-16T12:31:31.579+0500] {dag.py:2941} INFO - Sync 1 DAGs
[2023-12-16T12:31:31.599+0500] {logging_mixin.py:154} INFO - [2023-12-16T12:31:31.599+0500] {dag.py:3722} INFO - Setting next_dagrun for example_bash_operator to 2023-12-15T00:00:00+00:00, run_after=2023-12-16T00:00:00+00:00
[2023-12-16T12:31:31.713+0500] {processor.py:179} INFO - Processing /home/amina/miniconda/lib/python3.11/site-packages/airflow/example_dags/example_bash_operator.py took 0.197 seconds
[2023-12-16T12:32:32.362+0500] {processor.py:157} INFO - Started process (PID=32796) to work on /home/amina/miniconda/lib/python3.11/site-packages/airflow/example_dags/example_bash_operator.py
[2023-12-16T12:32:32.426+0500] {processor.py:829} INFO - Processing file /home/amina/miniconda/lib/python3.11/site-packages/airflow/example_dags/example_bash_operator.py for tasks to queue
[2023-12-16T12:32:32.427+0500] {logging_mixin.py:154} INFO - [2023-12-16T12:32:32.426+0500] {dagbag.py:536} INFO - Filling up the DagBag from /home/amina/miniconda/lib/python3.11/site-packages/airflow/example_dags/example_bash_operator.py
[2023-12-16T12:32:32.441+0500] {processor.py:839} INFO - DAG(s) dict_keys(['example_bash_operator']) retrieved from /home/amina/miniconda/lib/python3.11/site-packages/airflow/example_dags/example_bash_operator.py
[2023-12-16T12:32:32.469+0500] {logging_mixin.py:154} INFO - [2023-12-16T12:32:32.469+0500] {dag.py:2941} INFO - Sync 1 DAGs
[2023-12-16T12:32:32.488+0500] {logging_mixin.py:154} INFO - [2023-12-16T12:32:32.488+0500] {dag.py:3722} INFO - Setting next_dagrun for example_bash_operator to 2023-12-15T00:00:00+00:00, run_after=2023-12-16T00:00:00+00:00
[2023-12-16T12:32:32.606+0500] {processor.py:179} INFO - Processing /home/amina/miniconda/lib/python3.11/site-packages/airflow/example_dags/example_bash_operator.py took 0.248 seconds
[2023-12-16T12:33:33.324+0500] {processor.py:157} INFO - Started process (PID=33950) to work on /home/amina/miniconda/lib/python3.11/site-packages/airflow/example_dags/example_bash_operator.py
[2023-12-16T12:33:33.389+0500] {processor.py:829} INFO - Processing file /home/amina/miniconda/lib/python3.11/site-packages/airflow/example_dags/example_bash_operator.py for tasks to queue
[2023-12-16T12:33:33.390+0500] {logging_mixin.py:154} INFO - [2023-12-16T12:33:33.390+0500] {dagbag.py:536} INFO - Filling up the DagBag from /home/amina/miniconda/lib/python3.11/site-packages/airflow/example_dags/example_bash_operator.py
[2023-12-16T12:33:33.405+0500] {processor.py:839} INFO - DAG(s) dict_keys(['example_bash_operator']) retrieved from /home/amina/miniconda/lib/python3.11/site-packages/airflow/example_dags/example_bash_operator.py
[2023-12-16T12:33:33.437+0500] {logging_mixin.py:154} INFO - [2023-12-16T12:33:33.436+0500] {dag.py:2941} INFO - Sync 1 DAGs
[2023-12-16T12:33:33.462+0500] {logging_mixin.py:154} INFO - [2023-12-16T12:33:33.462+0500] {dag.py:3722} INFO - Setting next_dagrun for example_bash_operator to 2023-12-15T00:00:00+00:00, run_after=2023-12-16T00:00:00+00:00
[2023-12-16T12:33:33.576+0500] {processor.py:179} INFO - Processing /home/amina/miniconda/lib/python3.11/site-packages/airflow/example_dags/example_bash_operator.py took 0.256 seconds
[2023-12-16T12:34:29.717+0500] {processor.py:157} INFO - Started process (PID=35681) to work on /home/amina/miniconda/lib/python3.11/site-packages/airflow/example_dags/example_bash_operator.py
[2023-12-16T12:34:29.730+0500] {processor.py:829} INFO - Processing file /home/amina/miniconda/lib/python3.11/site-packages/airflow/example_dags/example_bash_operator.py for tasks to queue
[2023-12-16T12:34:29.731+0500] {logging_mixin.py:154} INFO - [2023-12-16T12:34:29.731+0500] {dagbag.py:536} INFO - Filling up the DagBag from /home/amina/miniconda/lib/python3.11/site-packages/airflow/example_dags/example_bash_operator.py
[2023-12-16T12:34:29.743+0500] {processor.py:839} INFO - DAG(s) dict_keys(['example_bash_operator']) retrieved from /home/amina/miniconda/lib/python3.11/site-packages/airflow/example_dags/example_bash_operator.py
[2023-12-16T12:34:29.766+0500] {logging_mixin.py:154} INFO - [2023-12-16T12:34:29.766+0500] {dag.py:2941} INFO - Sync 1 DAGs
[2023-12-16T12:34:29.785+0500] {logging_mixin.py:154} INFO - [2023-12-16T12:34:29.785+0500] {dag.py:3722} INFO - Setting next_dagrun for example_bash_operator to 2023-12-15T00:00:00+00:00, run_after=2023-12-16T00:00:00+00:00
[2023-12-16T12:34:30.172+0500] {processor.py:179} INFO - Processing /home/amina/miniconda/lib/python3.11/site-packages/airflow/example_dags/example_bash_operator.py took 0.458 seconds
[2023-12-16T12:35:24.248+0500] {processor.py:157} INFO - Started process (PID=36345) to work on /home/amina/miniconda/lib/python3.11/site-packages/airflow/example_dags/example_bash_operator.py
[2023-12-16T12:35:24.266+0500] {processor.py:829} INFO - Processing file /home/amina/miniconda/lib/python3.11/site-packages/airflow/example_dags/example_bash_operator.py for tasks to queue
[2023-12-16T12:35:24.267+0500] {logging_mixin.py:154} INFO - [2023-12-16T12:35:24.267+0500] {dagbag.py:536} INFO - Filling up the DagBag from /home/amina/miniconda/lib/python3.11/site-packages/airflow/example_dags/example_bash_operator.py
[2023-12-16T12:35:24.277+0500] {processor.py:839} INFO - DAG(s) dict_keys(['example_bash_operator']) retrieved from /home/amina/miniconda/lib/python3.11/site-packages/airflow/example_dags/example_bash_operator.py
[2023-12-16T12:35:24.297+0500] {logging_mixin.py:154} INFO - [2023-12-16T12:35:24.297+0500] {dag.py:2941} INFO - Sync 1 DAGs
[2023-12-16T12:35:24.313+0500] {logging_mixin.py:154} INFO - [2023-12-16T12:35:24.313+0500] {dag.py:3722} INFO - Setting next_dagrun for example_bash_operator to 2023-12-15T00:00:00+00:00, run_after=2023-12-16T00:00:00+00:00
[2023-12-16T12:35:24.421+0500] {processor.py:179} INFO - Processing /home/amina/miniconda/lib/python3.11/site-packages/airflow/example_dags/example_bash_operator.py took 0.176 seconds
[2023-12-16T12:36:19.751+0500] {processor.py:157} INFO - Started process (PID=36407) to work on /home/amina/miniconda/lib/python3.11/site-packages/airflow/example_dags/example_bash_operator.py
[2023-12-16T12:36:19.798+0500] {processor.py:829} INFO - Processing file /home/amina/miniconda/lib/python3.11/site-packages/airflow/example_dags/example_bash_operator.py for tasks to queue
[2023-12-16T12:36:19.799+0500] {logging_mixin.py:154} INFO - [2023-12-16T12:36:19.799+0500] {dagbag.py:536} INFO - Filling up the DagBag from /home/amina/miniconda/lib/python3.11/site-packages/airflow/example_dags/example_bash_operator.py
[2023-12-16T12:36:19.809+0500] {processor.py:839} INFO - DAG(s) dict_keys(['example_bash_operator']) retrieved from /home/amina/miniconda/lib/python3.11/site-packages/airflow/example_dags/example_bash_operator.py
[2023-12-16T12:36:19.829+0500] {logging_mixin.py:154} INFO - [2023-12-16T12:36:19.829+0500] {dag.py:2941} INFO - Sync 1 DAGs
[2023-12-16T12:36:19.845+0500] {logging_mixin.py:154} INFO - [2023-12-16T12:36:19.845+0500] {dag.py:3722} INFO - Setting next_dagrun for example_bash_operator to 2023-12-15T00:00:00+00:00, run_after=2023-12-16T00:00:00+00:00
[2023-12-16T12:36:19.977+0500] {processor.py:179} INFO - Processing /home/amina/miniconda/lib/python3.11/site-packages/airflow/example_dags/example_bash_operator.py took 0.230 seconds
[2023-12-16T12:37:15.838+0500] {processor.py:157} INFO - Started process (PID=36708) to work on /home/amina/miniconda/lib/python3.11/site-packages/airflow/example_dags/example_bash_operator.py
[2023-12-16T12:37:15.908+0500] {processor.py:829} INFO - Processing file /home/amina/miniconda/lib/python3.11/site-packages/airflow/example_dags/example_bash_operator.py for tasks to queue
[2023-12-16T12:37:15.909+0500] {logging_mixin.py:154} INFO - [2023-12-16T12:37:15.909+0500] {dagbag.py:536} INFO - Filling up the DagBag from /home/amina/miniconda/lib/python3.11/site-packages/airflow/example_dags/example_bash_operator.py
[2023-12-16T12:37:15.919+0500] {processor.py:839} INFO - DAG(s) dict_keys(['example_bash_operator']) retrieved from /home/amina/miniconda/lib/python3.11/site-packages/airflow/example_dags/example_bash_operator.py
[2023-12-16T12:37:15.938+0500] {logging_mixin.py:154} INFO - [2023-12-16T12:37:15.938+0500] {dag.py:2941} INFO - Sync 1 DAGs
[2023-12-16T12:37:15.954+0500] {logging_mixin.py:154} INFO - [2023-12-16T12:37:15.954+0500] {dag.py:3722} INFO - Setting next_dagrun for example_bash_operator to 2023-12-15T00:00:00+00:00, run_after=2023-12-16T00:00:00+00:00
[2023-12-16T12:37:16.058+0500] {processor.py:179} INFO - Processing /home/amina/miniconda/lib/python3.11/site-packages/airflow/example_dags/example_bash_operator.py took 0.222 seconds
[2023-12-16T12:38:08.624+0500] {processor.py:157} INFO - Started process (PID=36756) to work on /home/amina/miniconda/lib/python3.11/site-packages/airflow/example_dags/example_bash_operator.py
[2023-12-16T12:38:08.658+0500] {processor.py:829} INFO - Processing file /home/amina/miniconda/lib/python3.11/site-packages/airflow/example_dags/example_bash_operator.py for tasks to queue
[2023-12-16T12:38:08.658+0500] {logging_mixin.py:154} INFO - [2023-12-16T12:38:08.658+0500] {dagbag.py:536} INFO - Filling up the DagBag from /home/amina/miniconda/lib/python3.11/site-packages/airflow/example_dags/example_bash_operator.py
[2023-12-16T12:38:08.669+0500] {processor.py:839} INFO - DAG(s) dict_keys(['example_bash_operator']) retrieved from /home/amina/miniconda/lib/python3.11/site-packages/airflow/example_dags/example_bash_operator.py
[2023-12-16T12:38:08.689+0500] {logging_mixin.py:154} INFO - [2023-12-16T12:38:08.689+0500] {dag.py:2941} INFO - Sync 1 DAGs
[2023-12-16T12:38:08.706+0500] {logging_mixin.py:154} INFO - [2023-12-16T12:38:08.705+0500] {dag.py:3722} INFO - Setting next_dagrun for example_bash_operator to 2023-12-15T00:00:00+00:00, run_after=2023-12-16T00:00:00+00:00
[2023-12-16T12:38:08.825+0500] {processor.py:179} INFO - Processing /home/amina/miniconda/lib/python3.11/site-packages/airflow/example_dags/example_bash_operator.py took 0.203 seconds
[2023-12-16T12:39:20.825+0500] {processor.py:157} INFO - Started process (PID=36825) to work on /home/amina/miniconda/lib/python3.11/site-packages/airflow/example_dags/example_bash_operator.py
[2023-12-16T12:39:20.870+0500] {processor.py:829} INFO - Processing file /home/amina/miniconda/lib/python3.11/site-packages/airflow/example_dags/example_bash_operator.py for tasks to queue
[2023-12-16T12:39:20.871+0500] {logging_mixin.py:154} INFO - [2023-12-16T12:39:20.871+0500] {dagbag.py:536} INFO - Filling up the DagBag from /home/amina/miniconda/lib/python3.11/site-packages/airflow/example_dags/example_bash_operator.py
[2023-12-16T12:39:20.882+0500] {processor.py:839} INFO - DAG(s) dict_keys(['example_bash_operator']) retrieved from /home/amina/miniconda/lib/python3.11/site-packages/airflow/example_dags/example_bash_operator.py
[2023-12-16T12:39:20.901+0500] {logging_mixin.py:154} INFO - [2023-12-16T12:39:20.901+0500] {dag.py:2941} INFO - Sync 1 DAGs
[2023-12-16T12:39:20.917+0500] {logging_mixin.py:154} INFO - [2023-12-16T12:39:20.917+0500] {dag.py:3722} INFO - Setting next_dagrun for example_bash_operator to 2023-12-15T00:00:00+00:00, run_after=2023-12-16T00:00:00+00:00
[2023-12-16T12:39:21.031+0500] {processor.py:179} INFO - Processing /home/amina/miniconda/lib/python3.11/site-packages/airflow/example_dags/example_bash_operator.py took 0.209 seconds
[2023-12-16T12:40:35.891+0500] {processor.py:157} INFO - Started process (PID=36969) to work on /home/amina/miniconda/lib/python3.11/site-packages/airflow/example_dags/example_bash_operator.py
[2023-12-16T12:40:35.959+0500] {processor.py:829} INFO - Processing file /home/amina/miniconda/lib/python3.11/site-packages/airflow/example_dags/example_bash_operator.py for tasks to queue
[2023-12-16T12:40:35.960+0500] {logging_mixin.py:154} INFO - [2023-12-16T12:40:35.959+0500] {dagbag.py:536} INFO - Filling up the DagBag from /home/amina/miniconda/lib/python3.11/site-packages/airflow/example_dags/example_bash_operator.py
[2023-12-16T12:40:35.970+0500] {processor.py:839} INFO - DAG(s) dict_keys(['example_bash_operator']) retrieved from /home/amina/miniconda/lib/python3.11/site-packages/airflow/example_dags/example_bash_operator.py
[2023-12-16T12:40:35.992+0500] {logging_mixin.py:154} INFO - [2023-12-16T12:40:35.992+0500] {dag.py:2941} INFO - Sync 1 DAGs
[2023-12-16T12:40:36.010+0500] {logging_mixin.py:154} INFO - [2023-12-16T12:40:36.010+0500] {dag.py:3722} INFO - Setting next_dagrun for example_bash_operator to 2023-12-15T00:00:00+00:00, run_after=2023-12-16T00:00:00+00:00
[2023-12-16T12:40:36.108+0500] {processor.py:179} INFO - Processing /home/amina/miniconda/lib/python3.11/site-packages/airflow/example_dags/example_bash_operator.py took 0.220 seconds
[2023-12-16T12:41:30.452+0500] {processor.py:157} INFO - Started process (PID=37068) to work on /home/amina/miniconda/lib/python3.11/site-packages/airflow/example_dags/example_bash_operator.py
[2023-12-16T12:41:30.475+0500] {processor.py:829} INFO - Processing file /home/amina/miniconda/lib/python3.11/site-packages/airflow/example_dags/example_bash_operator.py for tasks to queue
[2023-12-16T12:41:30.475+0500] {logging_mixin.py:154} INFO - [2023-12-16T12:41:30.475+0500] {dagbag.py:536} INFO - Filling up the DagBag from /home/amina/miniconda/lib/python3.11/site-packages/airflow/example_dags/example_bash_operator.py
[2023-12-16T12:41:30.488+0500] {processor.py:839} INFO - DAG(s) dict_keys(['example_bash_operator']) retrieved from /home/amina/miniconda/lib/python3.11/site-packages/airflow/example_dags/example_bash_operator.py
[2023-12-16T12:41:30.512+0500] {logging_mixin.py:154} INFO - [2023-12-16T12:41:30.511+0500] {dag.py:2941} INFO - Sync 1 DAGs
[2023-12-16T12:41:30.532+0500] {logging_mixin.py:154} INFO - [2023-12-16T12:41:30.532+0500] {dag.py:3722} INFO - Setting next_dagrun for example_bash_operator to 2023-12-15T00:00:00+00:00, run_after=2023-12-16T00:00:00+00:00
[2023-12-16T12:41:30.667+0500] {processor.py:179} INFO - Processing /home/amina/miniconda/lib/python3.11/site-packages/airflow/example_dags/example_bash_operator.py took 0.218 seconds
[2023-12-16T12:43:05.848+0500] {processor.py:157} INFO - Started process (PID=37196) to work on /home/amina/miniconda/lib/python3.11/site-packages/airflow/example_dags/example_bash_operator.py
[2023-12-16T12:43:05.888+0500] {processor.py:829} INFO - Processing file /home/amina/miniconda/lib/python3.11/site-packages/airflow/example_dags/example_bash_operator.py for tasks to queue
[2023-12-16T12:43:05.889+0500] {logging_mixin.py:154} INFO - [2023-12-16T12:43:05.888+0500] {dagbag.py:536} INFO - Filling up the DagBag from /home/amina/miniconda/lib/python3.11/site-packages/airflow/example_dags/example_bash_operator.py
[2023-12-16T12:43:05.899+0500] {processor.py:839} INFO - DAG(s) dict_keys(['example_bash_operator']) retrieved from /home/amina/miniconda/lib/python3.11/site-packages/airflow/example_dags/example_bash_operator.py
[2023-12-16T12:43:05.920+0500] {logging_mixin.py:154} INFO - [2023-12-16T12:43:05.920+0500] {dag.py:2941} INFO - Sync 1 DAGs
[2023-12-16T12:43:05.940+0500] {logging_mixin.py:154} INFO - [2023-12-16T12:43:05.939+0500] {dag.py:3722} INFO - Setting next_dagrun for example_bash_operator to 2023-12-15T00:00:00+00:00, run_after=2023-12-16T00:00:00+00:00
[2023-12-16T12:43:06.052+0500] {processor.py:179} INFO - Processing /home/amina/miniconda/lib/python3.11/site-packages/airflow/example_dags/example_bash_operator.py took 0.207 seconds
[2023-12-16T12:44:08.437+0500] {processor.py:157} INFO - Started process (PID=37255) to work on /home/amina/miniconda/lib/python3.11/site-packages/airflow/example_dags/example_bash_operator.py
[2023-12-16T12:44:08.474+0500] {processor.py:829} INFO - Processing file /home/amina/miniconda/lib/python3.11/site-packages/airflow/example_dags/example_bash_operator.py for tasks to queue
[2023-12-16T12:44:08.475+0500] {logging_mixin.py:154} INFO - [2023-12-16T12:44:08.475+0500] {dagbag.py:536} INFO - Filling up the DagBag from /home/amina/miniconda/lib/python3.11/site-packages/airflow/example_dags/example_bash_operator.py
[2023-12-16T12:44:08.485+0500] {processor.py:839} INFO - DAG(s) dict_keys(['example_bash_operator']) retrieved from /home/amina/miniconda/lib/python3.11/site-packages/airflow/example_dags/example_bash_operator.py
[2023-12-16T12:44:08.507+0500] {logging_mixin.py:154} INFO - [2023-12-16T12:44:08.506+0500] {dag.py:2941} INFO - Sync 1 DAGs
[2023-12-16T12:44:08.522+0500] {logging_mixin.py:154} INFO - [2023-12-16T12:44:08.522+0500] {dag.py:3722} INFO - Setting next_dagrun for example_bash_operator to 2023-12-15T00:00:00+00:00, run_after=2023-12-16T00:00:00+00:00
[2023-12-16T12:44:08.651+0500] {processor.py:179} INFO - Processing /home/amina/miniconda/lib/python3.11/site-packages/airflow/example_dags/example_bash_operator.py took 0.216 seconds
[2023-12-16T12:45:19.683+0500] {processor.py:157} INFO - Started process (PID=37372) to work on /home/amina/miniconda/lib/python3.11/site-packages/airflow/example_dags/example_bash_operator.py
[2023-12-16T12:45:19.722+0500] {processor.py:829} INFO - Processing file /home/amina/miniconda/lib/python3.11/site-packages/airflow/example_dags/example_bash_operator.py for tasks to queue
[2023-12-16T12:45:19.723+0500] {logging_mixin.py:154} INFO - [2023-12-16T12:45:19.722+0500] {dagbag.py:536} INFO - Filling up the DagBag from /home/amina/miniconda/lib/python3.11/site-packages/airflow/example_dags/example_bash_operator.py
[2023-12-16T12:45:19.734+0500] {processor.py:839} INFO - DAG(s) dict_keys(['example_bash_operator']) retrieved from /home/amina/miniconda/lib/python3.11/site-packages/airflow/example_dags/example_bash_operator.py
[2023-12-16T12:45:19.754+0500] {logging_mixin.py:154} INFO - [2023-12-16T12:45:19.754+0500] {dag.py:2941} INFO - Sync 1 DAGs
[2023-12-16T12:45:19.771+0500] {logging_mixin.py:154} INFO - [2023-12-16T12:45:19.771+0500] {dag.py:3722} INFO - Setting next_dagrun for example_bash_operator to 2023-12-15T00:00:00+00:00, run_after=2023-12-16T00:00:00+00:00
[2023-12-16T12:45:19.881+0500] {processor.py:179} INFO - Processing /home/amina/miniconda/lib/python3.11/site-packages/airflow/example_dags/example_bash_operator.py took 0.200 seconds
[2023-12-16T12:46:30.728+0500] {processor.py:157} INFO - Started process (PID=37454) to work on /home/amina/miniconda/lib/python3.11/site-packages/airflow/example_dags/example_bash_operator.py
[2023-12-16T12:46:30.810+0500] {processor.py:829} INFO - Processing file /home/amina/miniconda/lib/python3.11/site-packages/airflow/example_dags/example_bash_operator.py for tasks to queue
[2023-12-16T12:46:30.811+0500] {logging_mixin.py:154} INFO - [2023-12-16T12:46:30.810+0500] {dagbag.py:536} INFO - Filling up the DagBag from /home/amina/miniconda/lib/python3.11/site-packages/airflow/example_dags/example_bash_operator.py
[2023-12-16T12:46:30.821+0500] {processor.py:839} INFO - DAG(s) dict_keys(['example_bash_operator']) retrieved from /home/amina/miniconda/lib/python3.11/site-packages/airflow/example_dags/example_bash_operator.py
[2023-12-16T12:46:30.841+0500] {logging_mixin.py:154} INFO - [2023-12-16T12:46:30.841+0500] {dag.py:2941} INFO - Sync 1 DAGs
[2023-12-16T12:46:30.857+0500] {logging_mixin.py:154} INFO - [2023-12-16T12:46:30.857+0500] {dag.py:3722} INFO - Setting next_dagrun for example_bash_operator to 2023-12-15T00:00:00+00:00, run_after=2023-12-16T00:00:00+00:00
[2023-12-16T12:46:30.948+0500] {processor.py:179} INFO - Processing /home/amina/miniconda/lib/python3.11/site-packages/airflow/example_dags/example_bash_operator.py took 0.223 seconds
[2023-12-16T12:47:23.588+0500] {processor.py:157} INFO - Started process (PID=37510) to work on /home/amina/miniconda/lib/python3.11/site-packages/airflow/example_dags/example_bash_operator.py
[2023-12-16T12:47:23.628+0500] {processor.py:829} INFO - Processing file /home/amina/miniconda/lib/python3.11/site-packages/airflow/example_dags/example_bash_operator.py for tasks to queue
[2023-12-16T12:47:23.629+0500] {logging_mixin.py:154} INFO - [2023-12-16T12:47:23.628+0500] {dagbag.py:536} INFO - Filling up the DagBag from /home/amina/miniconda/lib/python3.11/site-packages/airflow/example_dags/example_bash_operator.py
[2023-12-16T12:47:23.640+0500] {processor.py:839} INFO - DAG(s) dict_keys(['example_bash_operator']) retrieved from /home/amina/miniconda/lib/python3.11/site-packages/airflow/example_dags/example_bash_operator.py
[2023-12-16T12:47:23.661+0500] {logging_mixin.py:154} INFO - [2023-12-16T12:47:23.661+0500] {dag.py:2941} INFO - Sync 1 DAGs
[2023-12-16T12:47:23.682+0500] {logging_mixin.py:154} INFO - [2023-12-16T12:47:23.681+0500] {dag.py:3722} INFO - Setting next_dagrun for example_bash_operator to 2023-12-15T00:00:00+00:00, run_after=2023-12-16T00:00:00+00:00
[2023-12-16T12:47:23.776+0500] {processor.py:179} INFO - Processing /home/amina/miniconda/lib/python3.11/site-packages/airflow/example_dags/example_bash_operator.py took 0.192 seconds
[2023-12-16T12:48:18.686+0500] {processor.py:157} INFO - Started process (PID=37571) to work on /home/amina/miniconda/lib/python3.11/site-packages/airflow/example_dags/example_bash_operator.py
[2023-12-16T12:48:18.706+0500] {processor.py:829} INFO - Processing file /home/amina/miniconda/lib/python3.11/site-packages/airflow/example_dags/example_bash_operator.py for tasks to queue
[2023-12-16T12:48:18.707+0500] {logging_mixin.py:154} INFO - [2023-12-16T12:48:18.707+0500] {dagbag.py:536} INFO - Filling up the DagBag from /home/amina/miniconda/lib/python3.11/site-packages/airflow/example_dags/example_bash_operator.py
[2023-12-16T12:48:18.717+0500] {processor.py:839} INFO - DAG(s) dict_keys(['example_bash_operator']) retrieved from /home/amina/miniconda/lib/python3.11/site-packages/airflow/example_dags/example_bash_operator.py
[2023-12-16T12:48:18.737+0500] {logging_mixin.py:154} INFO - [2023-12-16T12:48:18.737+0500] {dag.py:2941} INFO - Sync 1 DAGs
[2023-12-16T12:48:18.756+0500] {logging_mixin.py:154} INFO - [2023-12-16T12:48:18.756+0500] {dag.py:3722} INFO - Setting next_dagrun for example_bash_operator to 2023-12-15T00:00:00+00:00, run_after=2023-12-16T00:00:00+00:00
[2023-12-16T12:48:18.884+0500] {processor.py:179} INFO - Processing /home/amina/miniconda/lib/python3.11/site-packages/airflow/example_dags/example_bash_operator.py took 0.201 seconds
[2023-12-16T12:49:14.310+0500] {processor.py:157} INFO - Started process (PID=38255) to work on /home/amina/miniconda/lib/python3.11/site-packages/airflow/example_dags/example_bash_operator.py
[2023-12-16T12:49:14.323+0500] {processor.py:829} INFO - Processing file /home/amina/miniconda/lib/python3.11/site-packages/airflow/example_dags/example_bash_operator.py for tasks to queue
[2023-12-16T12:49:14.324+0500] {logging_mixin.py:154} INFO - [2023-12-16T12:49:14.323+0500] {dagbag.py:536} INFO - Filling up the DagBag from /home/amina/miniconda/lib/python3.11/site-packages/airflow/example_dags/example_bash_operator.py
[2023-12-16T12:49:14.336+0500] {processor.py:839} INFO - DAG(s) dict_keys(['example_bash_operator']) retrieved from /home/amina/miniconda/lib/python3.11/site-packages/airflow/example_dags/example_bash_operator.py
[2023-12-16T12:49:14.363+0500] {logging_mixin.py:154} INFO - [2023-12-16T12:49:14.362+0500] {dag.py:2941} INFO - Sync 1 DAGs
[2023-12-16T12:49:14.383+0500] {logging_mixin.py:154} INFO - [2023-12-16T12:49:14.382+0500] {dag.py:3722} INFO - Setting next_dagrun for example_bash_operator to 2023-12-15T00:00:00+00:00, run_after=2023-12-16T00:00:00+00:00
[2023-12-16T12:49:14.790+0500] {processor.py:179} INFO - Processing /home/amina/miniconda/lib/python3.11/site-packages/airflow/example_dags/example_bash_operator.py took 0.483 seconds
[2023-12-16T12:50:20.902+0500] {processor.py:157} INFO - Started process (PID=38440) to work on /home/amina/miniconda/lib/python3.11/site-packages/airflow/example_dags/example_bash_operator.py
[2023-12-16T12:50:20.968+0500] {processor.py:829} INFO - Processing file /home/amina/miniconda/lib/python3.11/site-packages/airflow/example_dags/example_bash_operator.py for tasks to queue
[2023-12-16T12:50:20.969+0500] {logging_mixin.py:154} INFO - [2023-12-16T12:50:20.968+0500] {dagbag.py:536} INFO - Filling up the DagBag from /home/amina/miniconda/lib/python3.11/site-packages/airflow/example_dags/example_bash_operator.py
[2023-12-16T12:50:20.980+0500] {processor.py:839} INFO - DAG(s) dict_keys(['example_bash_operator']) retrieved from /home/amina/miniconda/lib/python3.11/site-packages/airflow/example_dags/example_bash_operator.py
[2023-12-16T12:50:21.001+0500] {logging_mixin.py:154} INFO - [2023-12-16T12:50:21.000+0500] {dag.py:2941} INFO - Sync 1 DAGs
[2023-12-16T12:50:21.017+0500] {logging_mixin.py:154} INFO - [2023-12-16T12:50:21.017+0500] {dag.py:3722} INFO - Setting next_dagrun for example_bash_operator to 2023-12-15T00:00:00+00:00, run_after=2023-12-16T00:00:00+00:00
[2023-12-16T12:50:21.310+0500] {processor.py:179} INFO - Processing /home/amina/miniconda/lib/python3.11/site-packages/airflow/example_dags/example_bash_operator.py took 0.411 seconds
[2023-12-16T12:51:24.758+0500] {processor.py:157} INFO - Started process (PID=38521) to work on /home/amina/miniconda/lib/python3.11/site-packages/airflow/example_dags/example_bash_operator.py
[2023-12-16T12:51:24.774+0500] {processor.py:829} INFO - Processing file /home/amina/miniconda/lib/python3.11/site-packages/airflow/example_dags/example_bash_operator.py for tasks to queue
[2023-12-16T12:51:24.775+0500] {logging_mixin.py:154} INFO - [2023-12-16T12:51:24.774+0500] {dagbag.py:536} INFO - Filling up the DagBag from /home/amina/miniconda/lib/python3.11/site-packages/airflow/example_dags/example_bash_operator.py
[2023-12-16T12:51:24.792+0500] {processor.py:839} INFO - DAG(s) dict_keys(['example_bash_operator']) retrieved from /home/amina/miniconda/lib/python3.11/site-packages/airflow/example_dags/example_bash_operator.py
[2023-12-16T12:51:24.820+0500] {logging_mixin.py:154} INFO - [2023-12-16T12:51:24.820+0500] {dag.py:2941} INFO - Sync 1 DAGs
[2023-12-16T12:51:24.842+0500] {logging_mixin.py:154} INFO - [2023-12-16T12:51:24.842+0500] {dag.py:3722} INFO - Setting next_dagrun for example_bash_operator to 2023-12-15T00:00:00+00:00, run_after=2023-12-16T00:00:00+00:00
[2023-12-16T12:51:25.127+0500] {processor.py:179} INFO - Processing /home/amina/miniconda/lib/python3.11/site-packages/airflow/example_dags/example_bash_operator.py took 0.372 seconds
[2023-12-16T12:52:25.203+0500] {processor.py:157} INFO - Started process (PID=38572) to work on /home/amina/miniconda/lib/python3.11/site-packages/airflow/example_dags/example_bash_operator.py
[2023-12-16T12:52:25.235+0500] {processor.py:829} INFO - Processing file /home/amina/miniconda/lib/python3.11/site-packages/airflow/example_dags/example_bash_operator.py for tasks to queue
[2023-12-16T12:52:25.236+0500] {logging_mixin.py:154} INFO - [2023-12-16T12:52:25.235+0500] {dagbag.py:536} INFO - Filling up the DagBag from /home/amina/miniconda/lib/python3.11/site-packages/airflow/example_dags/example_bash_operator.py
[2023-12-16T12:52:25.246+0500] {processor.py:839} INFO - DAG(s) dict_keys(['example_bash_operator']) retrieved from /home/amina/miniconda/lib/python3.11/site-packages/airflow/example_dags/example_bash_operator.py
[2023-12-16T12:52:25.269+0500] {logging_mixin.py:154} INFO - [2023-12-16T12:52:25.269+0500] {dag.py:2941} INFO - Sync 1 DAGs
[2023-12-16T12:52:25.287+0500] {logging_mixin.py:154} INFO - [2023-12-16T12:52:25.286+0500] {dag.py:3722} INFO - Setting next_dagrun for example_bash_operator to 2023-12-15T00:00:00+00:00, run_after=2023-12-16T00:00:00+00:00
[2023-12-16T12:52:25.388+0500] {processor.py:179} INFO - Processing /home/amina/miniconda/lib/python3.11/site-packages/airflow/example_dags/example_bash_operator.py took 0.190 seconds
[2023-12-16T12:53:52.526+0500] {processor.py:157} INFO - Started process (PID=38712) to work on /home/amina/miniconda/lib/python3.11/site-packages/airflow/example_dags/example_bash_operator.py
[2023-12-16T12:53:52.639+0500] {processor.py:829} INFO - Processing file /home/amina/miniconda/lib/python3.11/site-packages/airflow/example_dags/example_bash_operator.py for tasks to queue
[2023-12-16T12:53:52.640+0500] {logging_mixin.py:154} INFO - [2023-12-16T12:53:52.639+0500] {dagbag.py:536} INFO - Filling up the DagBag from /home/amina/miniconda/lib/python3.11/site-packages/airflow/example_dags/example_bash_operator.py
[2023-12-16T12:53:52.658+0500] {processor.py:839} INFO - DAG(s) dict_keys(['example_bash_operator']) retrieved from /home/amina/miniconda/lib/python3.11/site-packages/airflow/example_dags/example_bash_operator.py
[2023-12-16T12:53:52.688+0500] {logging_mixin.py:154} INFO - [2023-12-16T12:53:52.688+0500] {dag.py:2941} INFO - Sync 1 DAGs
[2023-12-16T12:53:52.712+0500] {logging_mixin.py:154} INFO - [2023-12-16T12:53:52.712+0500] {dag.py:3722} INFO - Setting next_dagrun for example_bash_operator to 2023-12-15T00:00:00+00:00, run_after=2023-12-16T00:00:00+00:00
[2023-12-16T12:53:53.140+0500] {processor.py:179} INFO - Processing /home/amina/miniconda/lib/python3.11/site-packages/airflow/example_dags/example_bash_operator.py took 0.618 seconds
[2023-12-16T12:55:00.841+0500] {processor.py:157} INFO - Started process (PID=39049) to work on /home/amina/miniconda/lib/python3.11/site-packages/airflow/example_dags/example_bash_operator.py
[2023-12-16T12:55:00.888+0500] {processor.py:829} INFO - Processing file /home/amina/miniconda/lib/python3.11/site-packages/airflow/example_dags/example_bash_operator.py for tasks to queue
[2023-12-16T12:55:00.889+0500] {logging_mixin.py:154} INFO - [2023-12-16T12:55:00.888+0500] {dagbag.py:536} INFO - Filling up the DagBag from /home/amina/miniconda/lib/python3.11/site-packages/airflow/example_dags/example_bash_operator.py
[2023-12-16T12:55:00.902+0500] {processor.py:839} INFO - DAG(s) dict_keys(['example_bash_operator']) retrieved from /home/amina/miniconda/lib/python3.11/site-packages/airflow/example_dags/example_bash_operator.py
[2023-12-16T12:55:00.924+0500] {logging_mixin.py:154} INFO - [2023-12-16T12:55:00.924+0500] {dag.py:2941} INFO - Sync 1 DAGs
[2023-12-16T12:55:00.944+0500] {logging_mixin.py:154} INFO - [2023-12-16T12:55:00.943+0500] {dag.py:3722} INFO - Setting next_dagrun for example_bash_operator to 2023-12-15T00:00:00+00:00, run_after=2023-12-16T00:00:00+00:00
[2023-12-16T12:55:01.026+0500] {processor.py:179} INFO - Processing /home/amina/miniconda/lib/python3.11/site-packages/airflow/example_dags/example_bash_operator.py took 0.188 seconds
[2023-12-16T12:56:14.793+0500] {processor.py:157} INFO - Started process (PID=39149) to work on /home/amina/miniconda/lib/python3.11/site-packages/airflow/example_dags/example_bash_operator.py
[2023-12-16T12:56:14.817+0500] {processor.py:829} INFO - Processing file /home/amina/miniconda/lib/python3.11/site-packages/airflow/example_dags/example_bash_operator.py for tasks to queue
[2023-12-16T12:56:14.818+0500] {logging_mixin.py:154} INFO - [2023-12-16T12:56:14.818+0500] {dagbag.py:536} INFO - Filling up the DagBag from /home/amina/miniconda/lib/python3.11/site-packages/airflow/example_dags/example_bash_operator.py
[2023-12-16T12:56:14.829+0500] {processor.py:839} INFO - DAG(s) dict_keys(['example_bash_operator']) retrieved from /home/amina/miniconda/lib/python3.11/site-packages/airflow/example_dags/example_bash_operator.py
[2023-12-16T12:56:14.851+0500] {logging_mixin.py:154} INFO - [2023-12-16T12:56:14.850+0500] {dag.py:2941} INFO - Sync 1 DAGs
[2023-12-16T12:56:14.869+0500] {logging_mixin.py:154} INFO - [2023-12-16T12:56:14.869+0500] {dag.py:3722} INFO - Setting next_dagrun for example_bash_operator to 2023-12-15T00:00:00+00:00, run_after=2023-12-16T00:00:00+00:00
[2023-12-16T12:56:14.962+0500] {processor.py:179} INFO - Processing /home/amina/miniconda/lib/python3.11/site-packages/airflow/example_dags/example_bash_operator.py took 0.172 seconds
[2023-12-16T12:57:24.797+0500] {processor.py:157} INFO - Started process (PID=39212) to work on /home/amina/miniconda/lib/python3.11/site-packages/airflow/example_dags/example_bash_operator.py
[2023-12-16T12:57:24.864+0500] {processor.py:829} INFO - Processing file /home/amina/miniconda/lib/python3.11/site-packages/airflow/example_dags/example_bash_operator.py for tasks to queue
[2023-12-16T12:57:24.865+0500] {logging_mixin.py:154} INFO - [2023-12-16T12:57:24.865+0500] {dagbag.py:536} INFO - Filling up the DagBag from /home/amina/miniconda/lib/python3.11/site-packages/airflow/example_dags/example_bash_operator.py
[2023-12-16T12:57:24.877+0500] {processor.py:839} INFO - DAG(s) dict_keys(['example_bash_operator']) retrieved from /home/amina/miniconda/lib/python3.11/site-packages/airflow/example_dags/example_bash_operator.py
[2023-12-16T12:57:24.900+0500] {logging_mixin.py:154} INFO - [2023-12-16T12:57:24.900+0500] {dag.py:2941} INFO - Sync 1 DAGs
[2023-12-16T12:57:24.922+0500] {logging_mixin.py:154} INFO - [2023-12-16T12:57:24.921+0500] {dag.py:3722} INFO - Setting next_dagrun for example_bash_operator to 2023-12-15T00:00:00+00:00, run_after=2023-12-16T00:00:00+00:00
[2023-12-16T12:57:25.032+0500] {processor.py:179} INFO - Processing /home/amina/miniconda/lib/python3.11/site-packages/airflow/example_dags/example_bash_operator.py took 0.239 seconds
[2023-12-16T12:58:17.903+0500] {processor.py:157} INFO - Started process (PID=39261) to work on /home/amina/miniconda/lib/python3.11/site-packages/airflow/example_dags/example_bash_operator.py
[2023-12-16T12:58:17.938+0500] {processor.py:829} INFO - Processing file /home/amina/miniconda/lib/python3.11/site-packages/airflow/example_dags/example_bash_operator.py for tasks to queue
[2023-12-16T12:58:17.939+0500] {logging_mixin.py:154} INFO - [2023-12-16T12:58:17.939+0500] {dagbag.py:536} INFO - Filling up the DagBag from /home/amina/miniconda/lib/python3.11/site-packages/airflow/example_dags/example_bash_operator.py
[2023-12-16T12:58:17.951+0500] {processor.py:839} INFO - DAG(s) dict_keys(['example_bash_operator']) retrieved from /home/amina/miniconda/lib/python3.11/site-packages/airflow/example_dags/example_bash_operator.py
[2023-12-16T12:58:17.975+0500] {logging_mixin.py:154} INFO - [2023-12-16T12:58:17.975+0500] {dag.py:2941} INFO - Sync 1 DAGs
[2023-12-16T12:58:17.994+0500] {logging_mixin.py:154} INFO - [2023-12-16T12:58:17.993+0500] {dag.py:3722} INFO - Setting next_dagrun for example_bash_operator to 2023-12-15T00:00:00+00:00, run_after=2023-12-16T00:00:00+00:00
[2023-12-16T12:58:18.081+0500] {processor.py:179} INFO - Processing /home/amina/miniconda/lib/python3.11/site-packages/airflow/example_dags/example_bash_operator.py took 0.180 seconds
[2023-12-16T12:59:10.465+0500] {processor.py:157} INFO - Started process (PID=39313) to work on /home/amina/miniconda/lib/python3.11/site-packages/airflow/example_dags/example_bash_operator.py
[2023-12-16T12:59:10.526+0500] {processor.py:829} INFO - Processing file /home/amina/miniconda/lib/python3.11/site-packages/airflow/example_dags/example_bash_operator.py for tasks to queue
[2023-12-16T12:59:10.527+0500] {logging_mixin.py:154} INFO - [2023-12-16T12:59:10.527+0500] {dagbag.py:536} INFO - Filling up the DagBag from /home/amina/miniconda/lib/python3.11/site-packages/airflow/example_dags/example_bash_operator.py
[2023-12-16T12:59:10.537+0500] {processor.py:839} INFO - DAG(s) dict_keys(['example_bash_operator']) retrieved from /home/amina/miniconda/lib/python3.11/site-packages/airflow/example_dags/example_bash_operator.py
[2023-12-16T12:59:10.556+0500] {logging_mixin.py:154} INFO - [2023-12-16T12:59:10.556+0500] {dag.py:2941} INFO - Sync 1 DAGs
[2023-12-16T12:59:10.573+0500] {logging_mixin.py:154} INFO - [2023-12-16T12:59:10.573+0500] {dag.py:3722} INFO - Setting next_dagrun for example_bash_operator to 2023-12-15T00:00:00+00:00, run_after=2023-12-16T00:00:00+00:00
[2023-12-16T12:59:10.665+0500] {processor.py:179} INFO - Processing /home/amina/miniconda/lib/python3.11/site-packages/airflow/example_dags/example_bash_operator.py took 0.202 seconds
[2023-12-16T13:00:01.895+0500] {processor.py:157} INFO - Started process (PID=39375) to work on /home/amina/miniconda/lib/python3.11/site-packages/airflow/example_dags/example_bash_operator.py
[2023-12-16T13:00:01.935+0500] {processor.py:829} INFO - Processing file /home/amina/miniconda/lib/python3.11/site-packages/airflow/example_dags/example_bash_operator.py for tasks to queue
[2023-12-16T13:00:01.936+0500] {logging_mixin.py:154} INFO - [2023-12-16T13:00:01.936+0500] {dagbag.py:536} INFO - Filling up the DagBag from /home/amina/miniconda/lib/python3.11/site-packages/airflow/example_dags/example_bash_operator.py
[2023-12-16T13:00:01.949+0500] {processor.py:839} INFO - DAG(s) dict_keys(['example_bash_operator']) retrieved from /home/amina/miniconda/lib/python3.11/site-packages/airflow/example_dags/example_bash_operator.py
[2023-12-16T13:00:01.970+0500] {logging_mixin.py:154} INFO - [2023-12-16T13:00:01.970+0500] {dag.py:2941} INFO - Sync 1 DAGs
[2023-12-16T13:00:01.990+0500] {logging_mixin.py:154} INFO - [2023-12-16T13:00:01.990+0500] {dag.py:3722} INFO - Setting next_dagrun for example_bash_operator to 2023-12-15T00:00:00+00:00, run_after=2023-12-16T00:00:00+00:00
[2023-12-16T13:00:02.077+0500] {processor.py:179} INFO - Processing /home/amina/miniconda/lib/python3.11/site-packages/airflow/example_dags/example_bash_operator.py took 0.185 seconds
[2023-12-16T13:01:16.474+0500] {processor.py:157} INFO - Started process (PID=39459) to work on /home/amina/miniconda/lib/python3.11/site-packages/airflow/example_dags/example_bash_operator.py
[2023-12-16T13:01:16.514+0500] {processor.py:829} INFO - Processing file /home/amina/miniconda/lib/python3.11/site-packages/airflow/example_dags/example_bash_operator.py for tasks to queue
[2023-12-16T13:01:16.515+0500] {logging_mixin.py:154} INFO - [2023-12-16T13:01:16.515+0500] {dagbag.py:536} INFO - Filling up the DagBag from /home/amina/miniconda/lib/python3.11/site-packages/airflow/example_dags/example_bash_operator.py
[2023-12-16T13:01:16.533+0500] {processor.py:839} INFO - DAG(s) dict_keys(['example_bash_operator']) retrieved from /home/amina/miniconda/lib/python3.11/site-packages/airflow/example_dags/example_bash_operator.py
[2023-12-16T13:01:16.556+0500] {logging_mixin.py:154} INFO - [2023-12-16T13:01:16.556+0500] {dag.py:2941} INFO - Sync 1 DAGs
[2023-12-16T13:01:16.575+0500] {logging_mixin.py:154} INFO - [2023-12-16T13:01:16.575+0500] {dag.py:3722} INFO - Setting next_dagrun for example_bash_operator to 2023-12-15T00:00:00+00:00, run_after=2023-12-16T00:00:00+00:00
[2023-12-16T13:01:16.668+0500] {processor.py:179} INFO - Processing /home/amina/miniconda/lib/python3.11/site-packages/airflow/example_dags/example_bash_operator.py took 0.197 seconds
[2023-12-16T13:02:31.381+0500] {processor.py:157} INFO - Started process (PID=39553) to work on /home/amina/miniconda/lib/python3.11/site-packages/airflow/example_dags/example_bash_operator.py
[2023-12-16T13:02:31.415+0500] {processor.py:829} INFO - Processing file /home/amina/miniconda/lib/python3.11/site-packages/airflow/example_dags/example_bash_operator.py for tasks to queue
[2023-12-16T13:02:31.416+0500] {logging_mixin.py:154} INFO - [2023-12-16T13:02:31.415+0500] {dagbag.py:536} INFO - Filling up the DagBag from /home/amina/miniconda/lib/python3.11/site-packages/airflow/example_dags/example_bash_operator.py
[2023-12-16T13:02:31.430+0500] {processor.py:839} INFO - DAG(s) dict_keys(['example_bash_operator']) retrieved from /home/amina/miniconda/lib/python3.11/site-packages/airflow/example_dags/example_bash_operator.py
[2023-12-16T13:02:31.454+0500] {logging_mixin.py:154} INFO - [2023-12-16T13:02:31.453+0500] {dag.py:2941} INFO - Sync 1 DAGs
[2023-12-16T13:02:31.475+0500] {logging_mixin.py:154} INFO - [2023-12-16T13:02:31.475+0500] {dag.py:3722} INFO - Setting next_dagrun for example_bash_operator to 2023-12-15T00:00:00+00:00, run_after=2023-12-16T00:00:00+00:00
[2023-12-16T13:02:31.571+0500] {processor.py:179} INFO - Processing /home/amina/miniconda/lib/python3.11/site-packages/airflow/example_dags/example_bash_operator.py took 0.192 seconds
[2023-12-16T13:03:49.707+0500] {processor.py:157} INFO - Started process (PID=39797) to work on /home/amina/miniconda/lib/python3.11/site-packages/airflow/example_dags/example_bash_operator.py
[2023-12-16T13:03:49.740+0500] {processor.py:829} INFO - Processing file /home/amina/miniconda/lib/python3.11/site-packages/airflow/example_dags/example_bash_operator.py for tasks to queue
[2023-12-16T13:03:49.741+0500] {logging_mixin.py:154} INFO - [2023-12-16T13:03:49.741+0500] {dagbag.py:536} INFO - Filling up the DagBag from /home/amina/miniconda/lib/python3.11/site-packages/airflow/example_dags/example_bash_operator.py
[2023-12-16T13:03:49.753+0500] {processor.py:839} INFO - DAG(s) dict_keys(['example_bash_operator']) retrieved from /home/amina/miniconda/lib/python3.11/site-packages/airflow/example_dags/example_bash_operator.py
[2023-12-16T13:03:49.778+0500] {logging_mixin.py:154} INFO - [2023-12-16T13:03:49.778+0500] {dag.py:2941} INFO - Sync 1 DAGs
[2023-12-16T13:03:49.798+0500] {logging_mixin.py:154} INFO - [2023-12-16T13:03:49.798+0500] {dag.py:3722} INFO - Setting next_dagrun for example_bash_operator to 2023-12-15T00:00:00+00:00, run_after=2023-12-16T00:00:00+00:00
[2023-12-16T13:03:49.880+0500] {processor.py:179} INFO - Processing /home/amina/miniconda/lib/python3.11/site-packages/airflow/example_dags/example_bash_operator.py took 0.177 seconds
[2023-12-16T13:04:46.061+0500] {processor.py:157} INFO - Started process (PID=39945) to work on /home/amina/miniconda/lib/python3.11/site-packages/airflow/example_dags/example_bash_operator.py
[2023-12-16T13:04:46.075+0500] {processor.py:829} INFO - Processing file /home/amina/miniconda/lib/python3.11/site-packages/airflow/example_dags/example_bash_operator.py for tasks to queue
[2023-12-16T13:04:46.076+0500] {logging_mixin.py:154} INFO - [2023-12-16T13:04:46.076+0500] {dagbag.py:536} INFO - Filling up the DagBag from /home/amina/miniconda/lib/python3.11/site-packages/airflow/example_dags/example_bash_operator.py
[2023-12-16T13:04:46.089+0500] {processor.py:839} INFO - DAG(s) dict_keys(['example_bash_operator']) retrieved from /home/amina/miniconda/lib/python3.11/site-packages/airflow/example_dags/example_bash_operator.py
[2023-12-16T13:04:46.116+0500] {logging_mixin.py:154} INFO - [2023-12-16T13:04:46.116+0500] {dag.py:2941} INFO - Sync 1 DAGs
[2023-12-16T13:04:46.138+0500] {logging_mixin.py:154} INFO - [2023-12-16T13:04:46.138+0500] {dag.py:3722} INFO - Setting next_dagrun for example_bash_operator to 2023-12-15T00:00:00+00:00, run_after=2023-12-16T00:00:00+00:00
[2023-12-16T13:04:46.240+0500] {processor.py:179} INFO - Processing /home/amina/miniconda/lib/python3.11/site-packages/airflow/example_dags/example_bash_operator.py took 0.183 seconds
[2023-12-16T13:05:38.638+0500] {processor.py:157} INFO - Started process (PID=40015) to work on /home/amina/miniconda/lib/python3.11/site-packages/airflow/example_dags/example_bash_operator.py
[2023-12-16T13:05:38.676+0500] {processor.py:829} INFO - Processing file /home/amina/miniconda/lib/python3.11/site-packages/airflow/example_dags/example_bash_operator.py for tasks to queue
[2023-12-16T13:05:38.677+0500] {logging_mixin.py:154} INFO - [2023-12-16T13:05:38.677+0500] {dagbag.py:536} INFO - Filling up the DagBag from /home/amina/miniconda/lib/python3.11/site-packages/airflow/example_dags/example_bash_operator.py
[2023-12-16T13:05:38.687+0500] {processor.py:839} INFO - DAG(s) dict_keys(['example_bash_operator']) retrieved from /home/amina/miniconda/lib/python3.11/site-packages/airflow/example_dags/example_bash_operator.py
[2023-12-16T13:05:38.707+0500] {logging_mixin.py:154} INFO - [2023-12-16T13:05:38.707+0500] {dag.py:2941} INFO - Sync 1 DAGs
[2023-12-16T13:05:38.723+0500] {logging_mixin.py:154} INFO - [2023-12-16T13:05:38.722+0500] {dag.py:3722} INFO - Setting next_dagrun for example_bash_operator to 2023-12-15T00:00:00+00:00, run_after=2023-12-16T00:00:00+00:00
[2023-12-16T13:05:38.816+0500] {processor.py:179} INFO - Processing /home/amina/miniconda/lib/python3.11/site-packages/airflow/example_dags/example_bash_operator.py took 0.182 seconds
[2023-12-16T13:06:49.970+0500] {processor.py:157} INFO - Started process (PID=40089) to work on /home/amina/miniconda/lib/python3.11/site-packages/airflow/example_dags/example_bash_operator.py
[2023-12-16T13:06:50.005+0500] {processor.py:829} INFO - Processing file /home/amina/miniconda/lib/python3.11/site-packages/airflow/example_dags/example_bash_operator.py for tasks to queue
[2023-12-16T13:06:50.006+0500] {logging_mixin.py:154} INFO - [2023-12-16T13:06:50.005+0500] {dagbag.py:536} INFO - Filling up the DagBag from /home/amina/miniconda/lib/python3.11/site-packages/airflow/example_dags/example_bash_operator.py
[2023-12-16T13:06:50.016+0500] {processor.py:839} INFO - DAG(s) dict_keys(['example_bash_operator']) retrieved from /home/amina/miniconda/lib/python3.11/site-packages/airflow/example_dags/example_bash_operator.py
[2023-12-16T13:06:50.036+0500] {logging_mixin.py:154} INFO - [2023-12-16T13:06:50.035+0500] {dag.py:2941} INFO - Sync 1 DAGs
[2023-12-16T13:06:50.052+0500] {logging_mixin.py:154} INFO - [2023-12-16T13:06:50.052+0500] {dag.py:3722} INFO - Setting next_dagrun for example_bash_operator to 2023-12-15T00:00:00+00:00, run_after=2023-12-16T00:00:00+00:00
[2023-12-16T13:06:50.146+0500] {processor.py:179} INFO - Processing /home/amina/miniconda/lib/python3.11/site-packages/airflow/example_dags/example_bash_operator.py took 0.178 seconds
[2023-12-16T13:07:41.527+0500] {processor.py:157} INFO - Started process (PID=40164) to work on /home/amina/miniconda/lib/python3.11/site-packages/airflow/example_dags/example_bash_operator.py
[2023-12-16T13:07:41.533+0500] {processor.py:829} INFO - Processing file /home/amina/miniconda/lib/python3.11/site-packages/airflow/example_dags/example_bash_operator.py for tasks to queue
[2023-12-16T13:07:41.534+0500] {logging_mixin.py:154} INFO - [2023-12-16T13:07:41.534+0500] {dagbag.py:536} INFO - Filling up the DagBag from /home/amina/miniconda/lib/python3.11/site-packages/airflow/example_dags/example_bash_operator.py
[2023-12-16T13:07:41.547+0500] {processor.py:839} INFO - DAG(s) dict_keys(['example_bash_operator']) retrieved from /home/amina/miniconda/lib/python3.11/site-packages/airflow/example_dags/example_bash_operator.py
[2023-12-16T13:07:41.566+0500] {logging_mixin.py:154} INFO - [2023-12-16T13:07:41.566+0500] {dag.py:2941} INFO - Sync 1 DAGs
[2023-12-16T13:07:41.582+0500] {logging_mixin.py:154} INFO - [2023-12-16T13:07:41.581+0500] {dag.py:3722} INFO - Setting next_dagrun for example_bash_operator to 2023-12-15T00:00:00+00:00, run_after=2023-12-16T00:00:00+00:00
[2023-12-16T13:07:41.734+0500] {processor.py:179} INFO - Processing /home/amina/miniconda/lib/python3.11/site-packages/airflow/example_dags/example_bash_operator.py took 0.210 seconds
