[2023-12-16T12:23:04.309+0500] {processor.py:157} INFO - Started process (PID=20693) to work on /home/amina/miniconda/lib/python3.11/site-packages/airflow/example_dags/tutorial_taskflow_api_virtualenv.py
[2023-12-16T12:23:04.309+0500] {processor.py:829} INFO - Processing file /home/amina/miniconda/lib/python3.11/site-packages/airflow/example_dags/tutorial_taskflow_api_virtualenv.py for tasks to queue
[2023-12-16T12:23:04.310+0500] {logging_mixin.py:154} INFO - [2023-12-16T12:23:04.310+0500] {dagbag.py:536} INFO - Filling up the DagBag from /home/amina/miniconda/lib/python3.11/site-packages/airflow/example_dags/tutorial_taskflow_api_virtualenv.py
[2023-12-16T12:23:04.313+0500] {logging_mixin.py:154} INFO - [2023-12-16T12:23:04.313+0500] {tutorial_taskflow_api_virtualenv.py:29} WARNING - The tutorial_taskflow_api_virtualenv example DAG requires virtualenv, please install it.
[2023-12-16T12:23:04.314+0500] {processor.py:841} WARNING - No viable dags retrieved from /home/amina/miniconda/lib/python3.11/site-packages/airflow/example_dags/tutorial_taskflow_api_virtualenv.py
[2023-12-16T12:23:04.326+0500] {processor.py:179} INFO - Processing /home/amina/miniconda/lib/python3.11/site-packages/airflow/example_dags/tutorial_taskflow_api_virtualenv.py took 0.022 seconds
[2023-12-16T12:24:02.005+0500] {processor.py:157} INFO - Started process (PID=21976) to work on /home/amina/miniconda/lib/python3.11/site-packages/airflow/example_dags/tutorial_taskflow_api_virtualenv.py
[2023-12-16T12:24:02.009+0500] {processor.py:829} INFO - Processing file /home/amina/miniconda/lib/python3.11/site-packages/airflow/example_dags/tutorial_taskflow_api_virtualenv.py for tasks to queue
[2023-12-16T12:24:02.010+0500] {logging_mixin.py:154} INFO - [2023-12-16T12:24:02.010+0500] {dagbag.py:536} INFO - Filling up the DagBag from /home/amina/miniconda/lib/python3.11/site-packages/airflow/example_dags/tutorial_taskflow_api_virtualenv.py
[2023-12-16T12:24:02.013+0500] {logging_mixin.py:154} INFO - [2023-12-16T12:24:02.013+0500] {tutorial_taskflow_api_virtualenv.py:29} WARNING - The tutorial_taskflow_api_virtualenv example DAG requires virtualenv, please install it.
[2023-12-16T12:24:02.013+0500] {processor.py:841} WARNING - No viable dags retrieved from /home/amina/miniconda/lib/python3.11/site-packages/airflow/example_dags/tutorial_taskflow_api_virtualenv.py
[2023-12-16T12:24:02.023+0500] {processor.py:179} INFO - Processing /home/amina/miniconda/lib/python3.11/site-packages/airflow/example_dags/tutorial_taskflow_api_virtualenv.py took 0.020 seconds
[2023-12-16T12:25:35.383+0500] {processor.py:157} INFO - Started process (PID=23902) to work on /home/amina/miniconda/lib/python3.11/site-packages/airflow/example_dags/tutorial_taskflow_api_virtualenv.py
[2023-12-16T12:25:35.407+0500] {processor.py:829} INFO - Processing file /home/amina/miniconda/lib/python3.11/site-packages/airflow/example_dags/tutorial_taskflow_api_virtualenv.py for tasks to queue
[2023-12-16T12:25:35.408+0500] {logging_mixin.py:154} INFO - [2023-12-16T12:25:35.408+0500] {dagbag.py:536} INFO - Filling up the DagBag from /home/amina/miniconda/lib/python3.11/site-packages/airflow/example_dags/tutorial_taskflow_api_virtualenv.py
[2023-12-16T12:25:35.412+0500] {logging_mixin.py:154} INFO - [2023-12-16T12:25:35.412+0500] {tutorial_taskflow_api_virtualenv.py:29} WARNING - The tutorial_taskflow_api_virtualenv example DAG requires virtualenv, please install it.
[2023-12-16T12:25:35.412+0500] {processor.py:841} WARNING - No viable dags retrieved from /home/amina/miniconda/lib/python3.11/site-packages/airflow/example_dags/tutorial_taskflow_api_virtualenv.py
[2023-12-16T12:25:35.425+0500] {processor.py:179} INFO - Processing /home/amina/miniconda/lib/python3.11/site-packages/airflow/example_dags/tutorial_taskflow_api_virtualenv.py took 0.046 seconds
[2023-12-16T12:26:48.860+0500] {processor.py:157} INFO - Started process (PID=25255) to work on /home/amina/miniconda/lib/python3.11/site-packages/airflow/example_dags/tutorial_taskflow_api_virtualenv.py
[2023-12-16T12:26:48.906+0500] {processor.py:829} INFO - Processing file /home/amina/miniconda/lib/python3.11/site-packages/airflow/example_dags/tutorial_taskflow_api_virtualenv.py for tasks to queue
[2023-12-16T12:26:48.907+0500] {logging_mixin.py:154} INFO - [2023-12-16T12:26:48.907+0500] {dagbag.py:536} INFO - Filling up the DagBag from /home/amina/miniconda/lib/python3.11/site-packages/airflow/example_dags/tutorial_taskflow_api_virtualenv.py
[2023-12-16T12:26:48.910+0500] {logging_mixin.py:154} INFO - [2023-12-16T12:26:48.910+0500] {tutorial_taskflow_api_virtualenv.py:29} WARNING - The tutorial_taskflow_api_virtualenv example DAG requires virtualenv, please install it.
[2023-12-16T12:26:48.911+0500] {processor.py:841} WARNING - No viable dags retrieved from /home/amina/miniconda/lib/python3.11/site-packages/airflow/example_dags/tutorial_taskflow_api_virtualenv.py
[2023-12-16T12:26:48.921+0500] {processor.py:179} INFO - Processing /home/amina/miniconda/lib/python3.11/site-packages/airflow/example_dags/tutorial_taskflow_api_virtualenv.py took 0.064 seconds
[2023-12-16T12:28:59.441+0500] {processor.py:157} INFO - Started process (PID=27866) to work on /home/amina/miniconda/lib/python3.11/site-packages/airflow/example_dags/tutorial_taskflow_api_virtualenv.py
[2023-12-16T12:28:59.450+0500] {processor.py:829} INFO - Processing file /home/amina/miniconda/lib/python3.11/site-packages/airflow/example_dags/tutorial_taskflow_api_virtualenv.py for tasks to queue
[2023-12-16T12:28:59.452+0500] {logging_mixin.py:154} INFO - [2023-12-16T12:28:59.451+0500] {dagbag.py:536} INFO - Filling up the DagBag from /home/amina/miniconda/lib/python3.11/site-packages/airflow/example_dags/tutorial_taskflow_api_virtualenv.py
[2023-12-16T12:28:59.456+0500] {logging_mixin.py:154} INFO - [2023-12-16T12:28:59.455+0500] {tutorial_taskflow_api_virtualenv.py:29} WARNING - The tutorial_taskflow_api_virtualenv example DAG requires virtualenv, please install it.
[2023-12-16T12:28:59.456+0500] {processor.py:841} WARNING - No viable dags retrieved from /home/amina/miniconda/lib/python3.11/site-packages/airflow/example_dags/tutorial_taskflow_api_virtualenv.py
[2023-12-16T12:28:59.471+0500] {processor.py:179} INFO - Processing /home/amina/miniconda/lib/python3.11/site-packages/airflow/example_dags/tutorial_taskflow_api_virtualenv.py took 0.035 seconds
[2023-12-16T12:31:10.284+0500] {processor.py:157} INFO - Started process (PID=30764) to work on /home/amina/miniconda/lib/python3.11/site-packages/airflow/example_dags/tutorial_taskflow_api_virtualenv.py
[2023-12-16T12:31:10.335+0500] {processor.py:829} INFO - Processing file /home/amina/miniconda/lib/python3.11/site-packages/airflow/example_dags/tutorial_taskflow_api_virtualenv.py for tasks to queue
[2023-12-16T12:31:10.336+0500] {logging_mixin.py:154} INFO - [2023-12-16T12:31:10.335+0500] {dagbag.py:536} INFO - Filling up the DagBag from /home/amina/miniconda/lib/python3.11/site-packages/airflow/example_dags/tutorial_taskflow_api_virtualenv.py
[2023-12-16T12:31:10.338+0500] {logging_mixin.py:154} INFO - [2023-12-16T12:31:10.338+0500] {tutorial_taskflow_api_virtualenv.py:29} WARNING - The tutorial_taskflow_api_virtualenv example DAG requires virtualenv, please install it.
[2023-12-16T12:31:10.338+0500] {processor.py:841} WARNING - No viable dags retrieved from /home/amina/miniconda/lib/python3.11/site-packages/airflow/example_dags/tutorial_taskflow_api_virtualenv.py
[2023-12-16T12:31:10.348+0500] {processor.py:179} INFO - Processing /home/amina/miniconda/lib/python3.11/site-packages/airflow/example_dags/tutorial_taskflow_api_virtualenv.py took 0.067 seconds
[2023-12-16T12:32:10.407+0500] {processor.py:157} INFO - Started process (PID=32364) to work on /home/amina/miniconda/lib/python3.11/site-packages/airflow/example_dags/tutorial_taskflow_api_virtualenv.py
[2023-12-16T12:32:10.432+0500] {processor.py:829} INFO - Processing file /home/amina/miniconda/lib/python3.11/site-packages/airflow/example_dags/tutorial_taskflow_api_virtualenv.py for tasks to queue
[2023-12-16T12:32:10.432+0500] {logging_mixin.py:154} INFO - [2023-12-16T12:32:10.432+0500] {dagbag.py:536} INFO - Filling up the DagBag from /home/amina/miniconda/lib/python3.11/site-packages/airflow/example_dags/tutorial_taskflow_api_virtualenv.py
[2023-12-16T12:32:10.435+0500] {logging_mixin.py:154} INFO - [2023-12-16T12:32:10.435+0500] {tutorial_taskflow_api_virtualenv.py:29} WARNING - The tutorial_taskflow_api_virtualenv example DAG requires virtualenv, please install it.
[2023-12-16T12:32:10.435+0500] {processor.py:841} WARNING - No viable dags retrieved from /home/amina/miniconda/lib/python3.11/site-packages/airflow/example_dags/tutorial_taskflow_api_virtualenv.py
[2023-12-16T12:32:10.444+0500] {processor.py:179} INFO - Processing /home/amina/miniconda/lib/python3.11/site-packages/airflow/example_dags/tutorial_taskflow_api_virtualenv.py took 0.040 seconds
[2023-12-16T12:33:11.538+0500] {processor.py:157} INFO - Started process (PID=33507) to work on /home/amina/miniconda/lib/python3.11/site-packages/airflow/example_dags/tutorial_taskflow_api_virtualenv.py
[2023-12-16T12:33:11.561+0500] {processor.py:829} INFO - Processing file /home/amina/miniconda/lib/python3.11/site-packages/airflow/example_dags/tutorial_taskflow_api_virtualenv.py for tasks to queue
[2023-12-16T12:33:11.562+0500] {logging_mixin.py:154} INFO - [2023-12-16T12:33:11.562+0500] {dagbag.py:536} INFO - Filling up the DagBag from /home/amina/miniconda/lib/python3.11/site-packages/airflow/example_dags/tutorial_taskflow_api_virtualenv.py
[2023-12-16T12:33:11.565+0500] {logging_mixin.py:154} INFO - [2023-12-16T12:33:11.565+0500] {tutorial_taskflow_api_virtualenv.py:29} WARNING - The tutorial_taskflow_api_virtualenv example DAG requires virtualenv, please install it.
[2023-12-16T12:33:11.565+0500] {processor.py:841} WARNING - No viable dags retrieved from /home/amina/miniconda/lib/python3.11/site-packages/airflow/example_dags/tutorial_taskflow_api_virtualenv.py
[2023-12-16T12:33:11.575+0500] {processor.py:179} INFO - Processing /home/amina/miniconda/lib/python3.11/site-packages/airflow/example_dags/tutorial_taskflow_api_virtualenv.py took 0.041 seconds
[2023-12-16T12:34:09.156+0500] {processor.py:157} INFO - Started process (PID=35293) to work on /home/amina/miniconda/lib/python3.11/site-packages/airflow/example_dags/tutorial_taskflow_api_virtualenv.py
[2023-12-16T12:34:09.189+0500] {processor.py:829} INFO - Processing file /home/amina/miniconda/lib/python3.11/site-packages/airflow/example_dags/tutorial_taskflow_api_virtualenv.py for tasks to queue
[2023-12-16T12:34:09.190+0500] {logging_mixin.py:154} INFO - [2023-12-16T12:34:09.190+0500] {dagbag.py:536} INFO - Filling up the DagBag from /home/amina/miniconda/lib/python3.11/site-packages/airflow/example_dags/tutorial_taskflow_api_virtualenv.py
[2023-12-16T12:34:09.193+0500] {logging_mixin.py:154} INFO - [2023-12-16T12:34:09.193+0500] {tutorial_taskflow_api_virtualenv.py:29} WARNING - The tutorial_taskflow_api_virtualenv example DAG requires virtualenv, please install it.
[2023-12-16T12:34:09.193+0500] {processor.py:841} WARNING - No viable dags retrieved from /home/amina/miniconda/lib/python3.11/site-packages/airflow/example_dags/tutorial_taskflow_api_virtualenv.py
[2023-12-16T12:34:09.204+0500] {processor.py:179} INFO - Processing /home/amina/miniconda/lib/python3.11/site-packages/airflow/example_dags/tutorial_taskflow_api_virtualenv.py took 0.054 seconds
[2023-12-16T12:35:11.693+0500] {processor.py:157} INFO - Started process (PID=36334) to work on /home/amina/miniconda/lib/python3.11/site-packages/airflow/example_dags/tutorial_taskflow_api_virtualenv.py
[2023-12-16T12:35:11.744+0500] {processor.py:829} INFO - Processing file /home/amina/miniconda/lib/python3.11/site-packages/airflow/example_dags/tutorial_taskflow_api_virtualenv.py for tasks to queue
[2023-12-16T12:35:11.745+0500] {logging_mixin.py:154} INFO - [2023-12-16T12:35:11.745+0500] {dagbag.py:536} INFO - Filling up the DagBag from /home/amina/miniconda/lib/python3.11/site-packages/airflow/example_dags/tutorial_taskflow_api_virtualenv.py
[2023-12-16T12:35:11.747+0500] {logging_mixin.py:154} INFO - [2023-12-16T12:35:11.747+0500] {tutorial_taskflow_api_virtualenv.py:29} WARNING - The tutorial_taskflow_api_virtualenv example DAG requires virtualenv, please install it.
[2023-12-16T12:35:11.748+0500] {processor.py:841} WARNING - No viable dags retrieved from /home/amina/miniconda/lib/python3.11/site-packages/airflow/example_dags/tutorial_taskflow_api_virtualenv.py
[2023-12-16T12:35:11.756+0500] {processor.py:179} INFO - Processing /home/amina/miniconda/lib/python3.11/site-packages/airflow/example_dags/tutorial_taskflow_api_virtualenv.py took 0.066 seconds
[2023-12-16T12:36:06.901+0500] {processor.py:157} INFO - Started process (PID=36392) to work on /home/amina/miniconda/lib/python3.11/site-packages/airflow/example_dags/tutorial_taskflow_api_virtualenv.py
[2023-12-16T12:36:06.944+0500] {processor.py:829} INFO - Processing file /home/amina/miniconda/lib/python3.11/site-packages/airflow/example_dags/tutorial_taskflow_api_virtualenv.py for tasks to queue
[2023-12-16T12:36:06.945+0500] {logging_mixin.py:154} INFO - [2023-12-16T12:36:06.944+0500] {dagbag.py:536} INFO - Filling up the DagBag from /home/amina/miniconda/lib/python3.11/site-packages/airflow/example_dags/tutorial_taskflow_api_virtualenv.py
[2023-12-16T12:36:06.947+0500] {logging_mixin.py:154} INFO - [2023-12-16T12:36:06.947+0500] {tutorial_taskflow_api_virtualenv.py:29} WARNING - The tutorial_taskflow_api_virtualenv example DAG requires virtualenv, please install it.
[2023-12-16T12:36:06.947+0500] {processor.py:841} WARNING - No viable dags retrieved from /home/amina/miniconda/lib/python3.11/site-packages/airflow/example_dags/tutorial_taskflow_api_virtualenv.py
[2023-12-16T12:36:06.956+0500] {processor.py:179} INFO - Processing /home/amina/miniconda/lib/python3.11/site-packages/airflow/example_dags/tutorial_taskflow_api_virtualenv.py took 0.057 seconds
[2023-12-16T12:37:03.729+0500] {processor.py:157} INFO - Started process (PID=36627) to work on /home/amina/miniconda/lib/python3.11/site-packages/airflow/example_dags/tutorial_taskflow_api_virtualenv.py
[2023-12-16T12:37:03.757+0500] {processor.py:829} INFO - Processing file /home/amina/miniconda/lib/python3.11/site-packages/airflow/example_dags/tutorial_taskflow_api_virtualenv.py for tasks to queue
[2023-12-16T12:37:03.758+0500] {logging_mixin.py:154} INFO - [2023-12-16T12:37:03.758+0500] {dagbag.py:536} INFO - Filling up the DagBag from /home/amina/miniconda/lib/python3.11/site-packages/airflow/example_dags/tutorial_taskflow_api_virtualenv.py
[2023-12-16T12:37:03.762+0500] {logging_mixin.py:154} INFO - [2023-12-16T12:37:03.761+0500] {tutorial_taskflow_api_virtualenv.py:29} WARNING - The tutorial_taskflow_api_virtualenv example DAG requires virtualenv, please install it.
[2023-12-16T12:37:03.762+0500] {processor.py:841} WARNING - No viable dags retrieved from /home/amina/miniconda/lib/python3.11/site-packages/airflow/example_dags/tutorial_taskflow_api_virtualenv.py
[2023-12-16T12:37:03.774+0500] {processor.py:179} INFO - Processing /home/amina/miniconda/lib/python3.11/site-packages/airflow/example_dags/tutorial_taskflow_api_virtualenv.py took 0.048 seconds
[2023-12-16T12:37:55.373+0500] {processor.py:157} INFO - Started process (PID=36743) to work on /home/amina/miniconda/lib/python3.11/site-packages/airflow/example_dags/tutorial_taskflow_api_virtualenv.py
[2023-12-16T12:37:55.389+0500] {processor.py:829} INFO - Processing file /home/amina/miniconda/lib/python3.11/site-packages/airflow/example_dags/tutorial_taskflow_api_virtualenv.py for tasks to queue
[2023-12-16T12:37:55.390+0500] {logging_mixin.py:154} INFO - [2023-12-16T12:37:55.390+0500] {dagbag.py:536} INFO - Filling up the DagBag from /home/amina/miniconda/lib/python3.11/site-packages/airflow/example_dags/tutorial_taskflow_api_virtualenv.py
[2023-12-16T12:37:55.393+0500] {logging_mixin.py:154} INFO - [2023-12-16T12:37:55.393+0500] {tutorial_taskflow_api_virtualenv.py:29} WARNING - The tutorial_taskflow_api_virtualenv example DAG requires virtualenv, please install it.
[2023-12-16T12:37:55.393+0500] {processor.py:841} WARNING - No viable dags retrieved from /home/amina/miniconda/lib/python3.11/site-packages/airflow/example_dags/tutorial_taskflow_api_virtualenv.py
[2023-12-16T12:37:55.404+0500] {processor.py:179} INFO - Processing /home/amina/miniconda/lib/python3.11/site-packages/airflow/example_dags/tutorial_taskflow_api_virtualenv.py took 0.034 seconds
[2023-12-16T12:38:47.709+0500] {processor.py:157} INFO - Started process (PID=36793) to work on /home/amina/miniconda/lib/python3.11/site-packages/airflow/example_dags/tutorial_taskflow_api_virtualenv.py
[2023-12-16T12:38:47.722+0500] {processor.py:829} INFO - Processing file /home/amina/miniconda/lib/python3.11/site-packages/airflow/example_dags/tutorial_taskflow_api_virtualenv.py for tasks to queue
[2023-12-16T12:38:47.723+0500] {logging_mixin.py:154} INFO - [2023-12-16T12:38:47.722+0500] {dagbag.py:536} INFO - Filling up the DagBag from /home/amina/miniconda/lib/python3.11/site-packages/airflow/example_dags/tutorial_taskflow_api_virtualenv.py
[2023-12-16T12:38:47.725+0500] {logging_mixin.py:154} INFO - [2023-12-16T12:38:47.725+0500] {tutorial_taskflow_api_virtualenv.py:29} WARNING - The tutorial_taskflow_api_virtualenv example DAG requires virtualenv, please install it.
[2023-12-16T12:38:47.725+0500] {processor.py:841} WARNING - No viable dags retrieved from /home/amina/miniconda/lib/python3.11/site-packages/airflow/example_dags/tutorial_taskflow_api_virtualenv.py
[2023-12-16T12:38:47.734+0500] {processor.py:179} INFO - Processing /home/amina/miniconda/lib/python3.11/site-packages/airflow/example_dags/tutorial_taskflow_api_virtualenv.py took 0.027 seconds
[2023-12-16T12:39:37.695+0500] {processor.py:157} INFO - Started process (PID=36840) to work on /home/amina/miniconda/lib/python3.11/site-packages/airflow/example_dags/tutorial_taskflow_api_virtualenv.py
[2023-12-16T12:39:37.795+0500] {processor.py:829} INFO - Processing file /home/amina/miniconda/lib/python3.11/site-packages/airflow/example_dags/tutorial_taskflow_api_virtualenv.py for tasks to queue
[2023-12-16T12:39:37.797+0500] {logging_mixin.py:154} INFO - [2023-12-16T12:39:37.796+0500] {dagbag.py:536} INFO - Filling up the DagBag from /home/amina/miniconda/lib/python3.11/site-packages/airflow/example_dags/tutorial_taskflow_api_virtualenv.py
[2023-12-16T12:39:37.799+0500] {logging_mixin.py:154} INFO - [2023-12-16T12:39:37.799+0500] {tutorial_taskflow_api_virtualenv.py:29} WARNING - The tutorial_taskflow_api_virtualenv example DAG requires virtualenv, please install it.
[2023-12-16T12:39:37.800+0500] {processor.py:841} WARNING - No viable dags retrieved from /home/amina/miniconda/lib/python3.11/site-packages/airflow/example_dags/tutorial_taskflow_api_virtualenv.py
[2023-12-16T12:39:37.810+0500] {processor.py:179} INFO - Processing /home/amina/miniconda/lib/python3.11/site-packages/airflow/example_dags/tutorial_taskflow_api_virtualenv.py took 0.117 seconds
[2023-12-16T12:40:28.085+0500] {processor.py:157} INFO - Started process (PID=36944) to work on /home/amina/miniconda/lib/python3.11/site-packages/airflow/example_dags/tutorial_taskflow_api_virtualenv.py
[2023-12-16T12:40:28.125+0500] {processor.py:829} INFO - Processing file /home/amina/miniconda/lib/python3.11/site-packages/airflow/example_dags/tutorial_taskflow_api_virtualenv.py for tasks to queue
[2023-12-16T12:40:28.126+0500] {logging_mixin.py:154} INFO - [2023-12-16T12:40:28.125+0500] {dagbag.py:536} INFO - Filling up the DagBag from /home/amina/miniconda/lib/python3.11/site-packages/airflow/example_dags/tutorial_taskflow_api_virtualenv.py
[2023-12-16T12:40:28.128+0500] {logging_mixin.py:154} INFO - [2023-12-16T12:40:28.128+0500] {tutorial_taskflow_api_virtualenv.py:29} WARNING - The tutorial_taskflow_api_virtualenv example DAG requires virtualenv, please install it.
[2023-12-16T12:40:28.128+0500] {processor.py:841} WARNING - No viable dags retrieved from /home/amina/miniconda/lib/python3.11/site-packages/airflow/example_dags/tutorial_taskflow_api_virtualenv.py
[2023-12-16T12:40:28.140+0500] {processor.py:179} INFO - Processing /home/amina/miniconda/lib/python3.11/site-packages/airflow/example_dags/tutorial_taskflow_api_virtualenv.py took 0.058 seconds
[2023-12-16T12:41:19.182+0500] {processor.py:157} INFO - Started process (PID=37052) to work on /home/amina/miniconda/lib/python3.11/site-packages/airflow/example_dags/tutorial_taskflow_api_virtualenv.py
[2023-12-16T12:41:19.265+0500] {processor.py:829} INFO - Processing file /home/amina/miniconda/lib/python3.11/site-packages/airflow/example_dags/tutorial_taskflow_api_virtualenv.py for tasks to queue
[2023-12-16T12:41:19.266+0500] {logging_mixin.py:154} INFO - [2023-12-16T12:41:19.266+0500] {dagbag.py:536} INFO - Filling up the DagBag from /home/amina/miniconda/lib/python3.11/site-packages/airflow/example_dags/tutorial_taskflow_api_virtualenv.py
[2023-12-16T12:41:19.269+0500] {logging_mixin.py:154} INFO - [2023-12-16T12:41:19.269+0500] {tutorial_taskflow_api_virtualenv.py:29} WARNING - The tutorial_taskflow_api_virtualenv example DAG requires virtualenv, please install it.
[2023-12-16T12:41:19.270+0500] {processor.py:841} WARNING - No viable dags retrieved from /home/amina/miniconda/lib/python3.11/site-packages/airflow/example_dags/tutorial_taskflow_api_virtualenv.py
[2023-12-16T12:41:19.280+0500] {processor.py:179} INFO - Processing /home/amina/miniconda/lib/python3.11/site-packages/airflow/example_dags/tutorial_taskflow_api_virtualenv.py took 0.101 seconds
