[2023-12-16T12:22:34.798+0500] {processor.py:157} INFO - Started process (PID=20098) to work on /home/amina/miniconda/lib/python3.11/site-packages/airflow/example_dags/subdags/subdag.py
[2023-12-16T12:22:34.799+0500] {processor.py:829} INFO - Processing file /home/amina/miniconda/lib/python3.11/site-packages/airflow/example_dags/subdags/subdag.py for tasks to queue
[2023-12-16T12:22:34.800+0500] {logging_mixin.py:154} INFO - [2023-12-16T12:22:34.800+0500] {dagbag.py:536} INFO - Filling up the DagBag from /home/amina/miniconda/lib/python3.11/site-packages/airflow/example_dags/subdags/subdag.py
[2023-12-16T12:22:34.802+0500] {processor.py:841} WARNING - No viable dags retrieved from /home/amina/miniconda/lib/python3.11/site-packages/airflow/example_dags/subdags/subdag.py
[2023-12-16T12:22:34.816+0500] {processor.py:179} INFO - Processing /home/amina/miniconda/lib/python3.11/site-packages/airflow/example_dags/subdags/subdag.py took 0.020 seconds
[2023-12-16T12:23:35.903+0500] {processor.py:157} INFO - Started process (PID=21297) to work on /home/amina/miniconda/lib/python3.11/site-packages/airflow/example_dags/subdags/subdag.py
[2023-12-16T12:23:35.979+0500] {processor.py:829} INFO - Processing file /home/amina/miniconda/lib/python3.11/site-packages/airflow/example_dags/subdags/subdag.py for tasks to queue
[2023-12-16T12:23:35.980+0500] {logging_mixin.py:154} INFO - [2023-12-16T12:23:35.980+0500] {dagbag.py:536} INFO - Filling up the DagBag from /home/amina/miniconda/lib/python3.11/site-packages/airflow/example_dags/subdags/subdag.py
[2023-12-16T12:23:35.983+0500] {processor.py:841} WARNING - No viable dags retrieved from /home/amina/miniconda/lib/python3.11/site-packages/airflow/example_dags/subdags/subdag.py
[2023-12-16T12:23:35.996+0500] {processor.py:179} INFO - Processing /home/amina/miniconda/lib/python3.11/site-packages/airflow/example_dags/subdags/subdag.py took 0.096 seconds
[2023-12-16T12:24:35.457+0500] {processor.py:157} INFO - Started process (PID=22760) to work on /home/amina/miniconda/lib/python3.11/site-packages/airflow/example_dags/subdags/subdag.py
[2023-12-16T12:24:35.498+0500] {processor.py:829} INFO - Processing file /home/amina/miniconda/lib/python3.11/site-packages/airflow/example_dags/subdags/subdag.py for tasks to queue
[2023-12-16T12:24:35.500+0500] {logging_mixin.py:154} INFO - [2023-12-16T12:24:35.499+0500] {dagbag.py:536} INFO - Filling up the DagBag from /home/amina/miniconda/lib/python3.11/site-packages/airflow/example_dags/subdags/subdag.py
[2023-12-16T12:24:35.502+0500] {processor.py:841} WARNING - No viable dags retrieved from /home/amina/miniconda/lib/python3.11/site-packages/airflow/example_dags/subdags/subdag.py
[2023-12-16T12:24:35.518+0500] {processor.py:179} INFO - Processing /home/amina/miniconda/lib/python3.11/site-packages/airflow/example_dags/subdags/subdag.py took 0.064 seconds
[2023-12-16T12:25:23.058+0500] {processor.py:157} INFO - Started process (PID=23729) to work on /home/amina/miniconda/lib/python3.11/site-packages/airflow/example_dags/subdags/subdag.py
[2023-12-16T12:25:23.116+0500] {processor.py:829} INFO - Processing file /home/amina/miniconda/lib/python3.11/site-packages/airflow/example_dags/subdags/subdag.py for tasks to queue
[2023-12-16T12:25:23.117+0500] {logging_mixin.py:154} INFO - [2023-12-16T12:25:23.116+0500] {dagbag.py:536} INFO - Filling up the DagBag from /home/amina/miniconda/lib/python3.11/site-packages/airflow/example_dags/subdags/subdag.py
[2023-12-16T12:25:23.119+0500] {processor.py:841} WARNING - No viable dags retrieved from /home/amina/miniconda/lib/python3.11/site-packages/airflow/example_dags/subdags/subdag.py
[2023-12-16T12:25:23.127+0500] {processor.py:179} INFO - Processing /home/amina/miniconda/lib/python3.11/site-packages/airflow/example_dags/subdags/subdag.py took 0.072 seconds
[2023-12-16T12:26:09.952+0500] {processor.py:157} INFO - Started process (PID=24503) to work on /home/amina/miniconda/lib/python3.11/site-packages/airflow/example_dags/subdags/subdag.py
[2023-12-16T12:26:10.033+0500] {processor.py:829} INFO - Processing file /home/amina/miniconda/lib/python3.11/site-packages/airflow/example_dags/subdags/subdag.py for tasks to queue
[2023-12-16T12:26:10.034+0500] {logging_mixin.py:154} INFO - [2023-12-16T12:26:10.034+0500] {dagbag.py:536} INFO - Filling up the DagBag from /home/amina/miniconda/lib/python3.11/site-packages/airflow/example_dags/subdags/subdag.py
[2023-12-16T12:26:10.036+0500] {processor.py:841} WARNING - No viable dags retrieved from /home/amina/miniconda/lib/python3.11/site-packages/airflow/example_dags/subdags/subdag.py
[2023-12-16T12:26:10.049+0500] {processor.py:179} INFO - Processing /home/amina/miniconda/lib/python3.11/site-packages/airflow/example_dags/subdags/subdag.py took 0.101 seconds
[2023-12-16T12:26:46.178+0500] {processor.py:157} INFO - Started process (PID=25195) to work on /home/amina/miniconda/lib/python3.11/site-packages/airflow/example_dags/subdags/subdag.py
[2023-12-16T12:26:46.217+0500] {processor.py:829} INFO - Processing file /home/amina/miniconda/lib/python3.11/site-packages/airflow/example_dags/subdags/subdag.py for tasks to queue
[2023-12-16T12:26:46.219+0500] {logging_mixin.py:154} INFO - [2023-12-16T12:26:46.218+0500] {dagbag.py:536} INFO - Filling up the DagBag from /home/amina/miniconda/lib/python3.11/site-packages/airflow/example_dags/subdags/subdag.py
[2023-12-16T12:26:46.222+0500] {processor.py:841} WARNING - No viable dags retrieved from /home/amina/miniconda/lib/python3.11/site-packages/airflow/example_dags/subdags/subdag.py
[2023-12-16T12:26:46.231+0500] {processor.py:179} INFO - Processing /home/amina/miniconda/lib/python3.11/site-packages/airflow/example_dags/subdags/subdag.py took 0.057 seconds
[2023-12-16T12:27:26.284+0500] {processor.py:157} INFO - Started process (PID=25917) to work on /home/amina/miniconda/lib/python3.11/site-packages/airflow/example_dags/subdags/subdag.py
[2023-12-16T12:27:26.367+0500] {processor.py:829} INFO - Processing file /home/amina/miniconda/lib/python3.11/site-packages/airflow/example_dags/subdags/subdag.py for tasks to queue
[2023-12-16T12:27:26.367+0500] {logging_mixin.py:154} INFO - [2023-12-16T12:27:26.367+0500] {dagbag.py:536} INFO - Filling up the DagBag from /home/amina/miniconda/lib/python3.11/site-packages/airflow/example_dags/subdags/subdag.py
[2023-12-16T12:27:26.370+0500] {processor.py:841} WARNING - No viable dags retrieved from /home/amina/miniconda/lib/python3.11/site-packages/airflow/example_dags/subdags/subdag.py
[2023-12-16T12:27:26.379+0500] {processor.py:179} INFO - Processing /home/amina/miniconda/lib/python3.11/site-packages/airflow/example_dags/subdags/subdag.py took 0.099 seconds
[2023-12-16T12:29:11.489+0500] {processor.py:157} INFO - Started process (PID=28067) to work on /home/amina/miniconda/lib/python3.11/site-packages/airflow/example_dags/subdags/subdag.py
[2023-12-16T12:29:11.514+0500] {processor.py:829} INFO - Processing file /home/amina/miniconda/lib/python3.11/site-packages/airflow/example_dags/subdags/subdag.py for tasks to queue
[2023-12-16T12:29:11.516+0500] {logging_mixin.py:154} INFO - [2023-12-16T12:29:11.515+0500] {dagbag.py:536} INFO - Filling up the DagBag from /home/amina/miniconda/lib/python3.11/site-packages/airflow/example_dags/subdags/subdag.py
[2023-12-16T12:29:11.519+0500] {processor.py:841} WARNING - No viable dags retrieved from /home/amina/miniconda/lib/python3.11/site-packages/airflow/example_dags/subdags/subdag.py
[2023-12-16T12:29:11.537+0500] {processor.py:179} INFO - Processing /home/amina/miniconda/lib/python3.11/site-packages/airflow/example_dags/subdags/subdag.py took 0.054 seconds
[2023-12-16T12:30:43.431+0500] {processor.py:157} INFO - Started process (PID=30080) to work on /home/amina/miniconda/lib/python3.11/site-packages/airflow/example_dags/subdags/subdag.py
[2023-12-16T12:30:43.449+0500] {processor.py:829} INFO - Processing file /home/amina/miniconda/lib/python3.11/site-packages/airflow/example_dags/subdags/subdag.py for tasks to queue
[2023-12-16T12:30:43.450+0500] {logging_mixin.py:154} INFO - [2023-12-16T12:30:43.449+0500] {dagbag.py:536} INFO - Filling up the DagBag from /home/amina/miniconda/lib/python3.11/site-packages/airflow/example_dags/subdags/subdag.py
[2023-12-16T12:30:43.452+0500] {processor.py:841} WARNING - No viable dags retrieved from /home/amina/miniconda/lib/python3.11/site-packages/airflow/example_dags/subdags/subdag.py
[2023-12-16T12:30:43.463+0500] {processor.py:179} INFO - Processing /home/amina/miniconda/lib/python3.11/site-packages/airflow/example_dags/subdags/subdag.py took 0.034 seconds
[2023-12-16T12:31:45.235+0500] {processor.py:157} INFO - Started process (PID=31640) to work on /home/amina/miniconda/lib/python3.11/site-packages/airflow/example_dags/subdags/subdag.py
[2023-12-16T12:31:45.287+0500] {processor.py:829} INFO - Processing file /home/amina/miniconda/lib/python3.11/site-packages/airflow/example_dags/subdags/subdag.py for tasks to queue
[2023-12-16T12:31:45.289+0500] {logging_mixin.py:154} INFO - [2023-12-16T12:31:45.288+0500] {dagbag.py:536} INFO - Filling up the DagBag from /home/amina/miniconda/lib/python3.11/site-packages/airflow/example_dags/subdags/subdag.py
[2023-12-16T12:31:45.291+0500] {processor.py:841} WARNING - No viable dags retrieved from /home/amina/miniconda/lib/python3.11/site-packages/airflow/example_dags/subdags/subdag.py
[2023-12-16T12:31:45.306+0500] {processor.py:179} INFO - Processing /home/amina/miniconda/lib/python3.11/site-packages/airflow/example_dags/subdags/subdag.py took 0.075 seconds
[2023-12-16T12:32:45.879+0500] {processor.py:157} INFO - Started process (PID=33031) to work on /home/amina/miniconda/lib/python3.11/site-packages/airflow/example_dags/subdags/subdag.py
[2023-12-16T12:32:45.906+0500] {processor.py:829} INFO - Processing file /home/amina/miniconda/lib/python3.11/site-packages/airflow/example_dags/subdags/subdag.py for tasks to queue
[2023-12-16T12:32:45.907+0500] {logging_mixin.py:154} INFO - [2023-12-16T12:32:45.907+0500] {dagbag.py:536} INFO - Filling up the DagBag from /home/amina/miniconda/lib/python3.11/site-packages/airflow/example_dags/subdags/subdag.py
[2023-12-16T12:32:45.910+0500] {processor.py:841} WARNING - No viable dags retrieved from /home/amina/miniconda/lib/python3.11/site-packages/airflow/example_dags/subdags/subdag.py
[2023-12-16T12:32:45.924+0500] {processor.py:179} INFO - Processing /home/amina/miniconda/lib/python3.11/site-packages/airflow/example_dags/subdags/subdag.py took 0.049 seconds
[2023-12-16T12:33:45.195+0500] {processor.py:157} INFO - Started process (PID=34681) to work on /home/amina/miniconda/lib/python3.11/site-packages/airflow/example_dags/subdags/subdag.py
[2023-12-16T12:33:45.259+0500] {processor.py:829} INFO - Processing file /home/amina/miniconda/lib/python3.11/site-packages/airflow/example_dags/subdags/subdag.py for tasks to queue
[2023-12-16T12:33:45.260+0500] {logging_mixin.py:154} INFO - [2023-12-16T12:33:45.260+0500] {dagbag.py:536} INFO - Filling up the DagBag from /home/amina/miniconda/lib/python3.11/site-packages/airflow/example_dags/subdags/subdag.py
[2023-12-16T12:33:45.262+0500] {processor.py:841} WARNING - No viable dags retrieved from /home/amina/miniconda/lib/python3.11/site-packages/airflow/example_dags/subdags/subdag.py
[2023-12-16T12:33:45.271+0500] {processor.py:179} INFO - Processing /home/amina/miniconda/lib/python3.11/site-packages/airflow/example_dags/subdags/subdag.py took 0.079 seconds
[2023-12-16T12:34:38.263+0500] {processor.py:157} INFO - Started process (PID=35849) to work on /home/amina/miniconda/lib/python3.11/site-packages/airflow/example_dags/subdags/subdag.py
[2023-12-16T12:34:38.322+0500] {processor.py:829} INFO - Processing file /home/amina/miniconda/lib/python3.11/site-packages/airflow/example_dags/subdags/subdag.py for tasks to queue
[2023-12-16T12:34:38.323+0500] {logging_mixin.py:154} INFO - [2023-12-16T12:34:38.322+0500] {dagbag.py:536} INFO - Filling up the DagBag from /home/amina/miniconda/lib/python3.11/site-packages/airflow/example_dags/subdags/subdag.py
[2023-12-16T12:34:38.325+0500] {processor.py:841} WARNING - No viable dags retrieved from /home/amina/miniconda/lib/python3.11/site-packages/airflow/example_dags/subdags/subdag.py
[2023-12-16T12:34:38.335+0500] {processor.py:179} INFO - Processing /home/amina/miniconda/lib/python3.11/site-packages/airflow/example_dags/subdags/subdag.py took 0.074 seconds
[2023-12-16T12:35:34.861+0500] {processor.py:157} INFO - Started process (PID=36354) to work on /home/amina/miniconda/lib/python3.11/site-packages/airflow/example_dags/subdags/subdag.py
[2023-12-16T12:35:34.897+0500] {processor.py:829} INFO - Processing file /home/amina/miniconda/lib/python3.11/site-packages/airflow/example_dags/subdags/subdag.py for tasks to queue
[2023-12-16T12:35:34.897+0500] {logging_mixin.py:154} INFO - [2023-12-16T12:35:34.897+0500] {dagbag.py:536} INFO - Filling up the DagBag from /home/amina/miniconda/lib/python3.11/site-packages/airflow/example_dags/subdags/subdag.py
[2023-12-16T12:35:34.899+0500] {processor.py:841} WARNING - No viable dags retrieved from /home/amina/miniconda/lib/python3.11/site-packages/airflow/example_dags/subdags/subdag.py
[2023-12-16T12:35:34.908+0500] {processor.py:179} INFO - Processing /home/amina/miniconda/lib/python3.11/site-packages/airflow/example_dags/subdags/subdag.py took 0.050 seconds
[2023-12-16T12:36:27.588+0500] {processor.py:157} INFO - Started process (PID=36413) to work on /home/amina/miniconda/lib/python3.11/site-packages/airflow/example_dags/subdags/subdag.py
[2023-12-16T12:36:27.626+0500] {processor.py:829} INFO - Processing file /home/amina/miniconda/lib/python3.11/site-packages/airflow/example_dags/subdags/subdag.py for tasks to queue
[2023-12-16T12:36:27.627+0500] {logging_mixin.py:154} INFO - [2023-12-16T12:36:27.627+0500] {dagbag.py:536} INFO - Filling up the DagBag from /home/amina/miniconda/lib/python3.11/site-packages/airflow/example_dags/subdags/subdag.py
[2023-12-16T12:36:27.629+0500] {processor.py:841} WARNING - No viable dags retrieved from /home/amina/miniconda/lib/python3.11/site-packages/airflow/example_dags/subdags/subdag.py
[2023-12-16T12:36:27.638+0500] {processor.py:179} INFO - Processing /home/amina/miniconda/lib/python3.11/site-packages/airflow/example_dags/subdags/subdag.py took 0.052 seconds
[2023-12-16T12:37:25.089+0500] {processor.py:157} INFO - Started process (PID=36715) to work on /home/amina/miniconda/lib/python3.11/site-packages/airflow/example_dags/subdags/subdag.py
[2023-12-16T12:37:25.134+0500] {processor.py:829} INFO - Processing file /home/amina/miniconda/lib/python3.11/site-packages/airflow/example_dags/subdags/subdag.py for tasks to queue
[2023-12-16T12:37:25.135+0500] {logging_mixin.py:154} INFO - [2023-12-16T12:37:25.135+0500] {dagbag.py:536} INFO - Filling up the DagBag from /home/amina/miniconda/lib/python3.11/site-packages/airflow/example_dags/subdags/subdag.py
[2023-12-16T12:37:25.137+0500] {processor.py:841} WARNING - No viable dags retrieved from /home/amina/miniconda/lib/python3.11/site-packages/airflow/example_dags/subdags/subdag.py
[2023-12-16T12:37:25.149+0500] {processor.py:179} INFO - Processing /home/amina/miniconda/lib/python3.11/site-packages/airflow/example_dags/subdags/subdag.py took 0.063 seconds
[2023-12-16T12:38:14.681+0500] {processor.py:157} INFO - Started process (PID=36761) to work on /home/amina/miniconda/lib/python3.11/site-packages/airflow/example_dags/subdags/subdag.py
[2023-12-16T12:38:14.697+0500] {processor.py:829} INFO - Processing file /home/amina/miniconda/lib/python3.11/site-packages/airflow/example_dags/subdags/subdag.py for tasks to queue
[2023-12-16T12:38:14.698+0500] {logging_mixin.py:154} INFO - [2023-12-16T12:38:14.697+0500] {dagbag.py:536} INFO - Filling up the DagBag from /home/amina/miniconda/lib/python3.11/site-packages/airflow/example_dags/subdags/subdag.py
[2023-12-16T12:38:14.701+0500] {processor.py:841} WARNING - No viable dags retrieved from /home/amina/miniconda/lib/python3.11/site-packages/airflow/example_dags/subdags/subdag.py
[2023-12-16T12:38:14.711+0500] {processor.py:179} INFO - Processing /home/amina/miniconda/lib/python3.11/site-packages/airflow/example_dags/subdags/subdag.py took 0.033 seconds
[2023-12-16T12:39:03.500+0500] {processor.py:157} INFO - Started process (PID=36808) to work on /home/amina/miniconda/lib/python3.11/site-packages/airflow/example_dags/subdags/subdag.py
[2023-12-16T12:39:03.548+0500] {processor.py:829} INFO - Processing file /home/amina/miniconda/lib/python3.11/site-packages/airflow/example_dags/subdags/subdag.py for tasks to queue
[2023-12-16T12:39:03.549+0500] {logging_mixin.py:154} INFO - [2023-12-16T12:39:03.548+0500] {dagbag.py:536} INFO - Filling up the DagBag from /home/amina/miniconda/lib/python3.11/site-packages/airflow/example_dags/subdags/subdag.py
[2023-12-16T12:39:03.551+0500] {processor.py:841} WARNING - No viable dags retrieved from /home/amina/miniconda/lib/python3.11/site-packages/airflow/example_dags/subdags/subdag.py
[2023-12-16T12:39:03.559+0500] {processor.py:179} INFO - Processing /home/amina/miniconda/lib/python3.11/site-packages/airflow/example_dags/subdags/subdag.py took 0.062 seconds
[2023-12-16T12:39:50.981+0500] {processor.py:157} INFO - Started process (PID=36861) to work on /home/amina/miniconda/lib/python3.11/site-packages/airflow/example_dags/subdags/subdag.py
[2023-12-16T12:39:51.033+0500] {processor.py:829} INFO - Processing file /home/amina/miniconda/lib/python3.11/site-packages/airflow/example_dags/subdags/subdag.py for tasks to queue
[2023-12-16T12:39:51.034+0500] {logging_mixin.py:154} INFO - [2023-12-16T12:39:51.034+0500] {dagbag.py:536} INFO - Filling up the DagBag from /home/amina/miniconda/lib/python3.11/site-packages/airflow/example_dags/subdags/subdag.py
[2023-12-16T12:39:51.036+0500] {processor.py:841} WARNING - No viable dags retrieved from /home/amina/miniconda/lib/python3.11/site-packages/airflow/example_dags/subdags/subdag.py
[2023-12-16T12:39:51.044+0500] {processor.py:179} INFO - Processing /home/amina/miniconda/lib/python3.11/site-packages/airflow/example_dags/subdags/subdag.py took 0.066 seconds
[2023-12-16T12:40:43.876+0500] {processor.py:157} INFO - Started process (PID=36993) to work on /home/amina/miniconda/lib/python3.11/site-packages/airflow/example_dags/subdags/subdag.py
[2023-12-16T12:40:43.930+0500] {processor.py:829} INFO - Processing file /home/amina/miniconda/lib/python3.11/site-packages/airflow/example_dags/subdags/subdag.py for tasks to queue
[2023-12-16T12:40:43.930+0500] {logging_mixin.py:154} INFO - [2023-12-16T12:40:43.930+0500] {dagbag.py:536} INFO - Filling up the DagBag from /home/amina/miniconda/lib/python3.11/site-packages/airflow/example_dags/subdags/subdag.py
[2023-12-16T12:40:43.932+0500] {processor.py:841} WARNING - No viable dags retrieved from /home/amina/miniconda/lib/python3.11/site-packages/airflow/example_dags/subdags/subdag.py
[2023-12-16T12:40:43.941+0500] {processor.py:179} INFO - Processing /home/amina/miniconda/lib/python3.11/site-packages/airflow/example_dags/subdags/subdag.py took 0.068 seconds
[2023-12-16T12:41:38.432+0500] {processor.py:157} INFO - Started process (PID=37075) to work on /home/amina/miniconda/lib/python3.11/site-packages/airflow/example_dags/subdags/subdag.py
[2023-12-16T12:41:38.465+0500] {processor.py:829} INFO - Processing file /home/amina/miniconda/lib/python3.11/site-packages/airflow/example_dags/subdags/subdag.py for tasks to queue
[2023-12-16T12:41:38.465+0500] {logging_mixin.py:154} INFO - [2023-12-16T12:41:38.465+0500] {dagbag.py:536} INFO - Filling up the DagBag from /home/amina/miniconda/lib/python3.11/site-packages/airflow/example_dags/subdags/subdag.py
[2023-12-16T12:41:38.467+0500] {processor.py:841} WARNING - No viable dags retrieved from /home/amina/miniconda/lib/python3.11/site-packages/airflow/example_dags/subdags/subdag.py
[2023-12-16T12:41:38.476+0500] {processor.py:179} INFO - Processing /home/amina/miniconda/lib/python3.11/site-packages/airflow/example_dags/subdags/subdag.py took 0.047 seconds
[2023-12-16T12:43:18.186+0500] {processor.py:157} INFO - Started process (PID=37207) to work on /home/amina/miniconda/lib/python3.11/site-packages/airflow/example_dags/subdags/subdag.py
[2023-12-16T12:43:18.206+0500] {processor.py:829} INFO - Processing file /home/amina/miniconda/lib/python3.11/site-packages/airflow/example_dags/subdags/subdag.py for tasks to queue
[2023-12-16T12:43:18.207+0500] {logging_mixin.py:154} INFO - [2023-12-16T12:43:18.207+0500] {dagbag.py:536} INFO - Filling up the DagBag from /home/amina/miniconda/lib/python3.11/site-packages/airflow/example_dags/subdags/subdag.py
[2023-12-16T12:43:18.209+0500] {processor.py:841} WARNING - No viable dags retrieved from /home/amina/miniconda/lib/python3.11/site-packages/airflow/example_dags/subdags/subdag.py
[2023-12-16T12:43:18.217+0500] {processor.py:179} INFO - Processing /home/amina/miniconda/lib/python3.11/site-packages/airflow/example_dags/subdags/subdag.py took 0.035 seconds
[2023-12-16T12:43:53.269+0500] {processor.py:157} INFO - Started process (PID=37239) to work on /home/amina/miniconda/lib/python3.11/site-packages/airflow/example_dags/subdags/subdag.py
[2023-12-16T12:43:53.323+0500] {processor.py:829} INFO - Processing file /home/amina/miniconda/lib/python3.11/site-packages/airflow/example_dags/subdags/subdag.py for tasks to queue
[2023-12-16T12:43:53.323+0500] {logging_mixin.py:154} INFO - [2023-12-16T12:43:53.323+0500] {dagbag.py:536} INFO - Filling up the DagBag from /home/amina/miniconda/lib/python3.11/site-packages/airflow/example_dags/subdags/subdag.py
[2023-12-16T12:43:53.325+0500] {processor.py:841} WARNING - No viable dags retrieved from /home/amina/miniconda/lib/python3.11/site-packages/airflow/example_dags/subdags/subdag.py
[2023-12-16T12:43:53.334+0500] {processor.py:179} INFO - Processing /home/amina/miniconda/lib/python3.11/site-packages/airflow/example_dags/subdags/subdag.py took 0.068 seconds
[2023-12-16T12:44:43.444+0500] {processor.py:157} INFO - Started process (PID=37314) to work on /home/amina/miniconda/lib/python3.11/site-packages/airflow/example_dags/subdags/subdag.py
[2023-12-16T12:44:43.496+0500] {processor.py:829} INFO - Processing file /home/amina/miniconda/lib/python3.11/site-packages/airflow/example_dags/subdags/subdag.py for tasks to queue
[2023-12-16T12:44:43.497+0500] {logging_mixin.py:154} INFO - [2023-12-16T12:44:43.497+0500] {dagbag.py:536} INFO - Filling up the DagBag from /home/amina/miniconda/lib/python3.11/site-packages/airflow/example_dags/subdags/subdag.py
[2023-12-16T12:44:43.499+0500] {processor.py:841} WARNING - No viable dags retrieved from /home/amina/miniconda/lib/python3.11/site-packages/airflow/example_dags/subdags/subdag.py
[2023-12-16T12:44:43.509+0500] {processor.py:179} INFO - Processing /home/amina/miniconda/lib/python3.11/site-packages/airflow/example_dags/subdags/subdag.py took 0.069 seconds
[2023-12-16T12:45:30.646+0500] {processor.py:157} INFO - Started process (PID=37384) to work on /home/amina/miniconda/lib/python3.11/site-packages/airflow/example_dags/subdags/subdag.py
[2023-12-16T12:45:30.669+0500] {processor.py:829} INFO - Processing file /home/amina/miniconda/lib/python3.11/site-packages/airflow/example_dags/subdags/subdag.py for tasks to queue
[2023-12-16T12:45:30.670+0500] {logging_mixin.py:154} INFO - [2023-12-16T12:45:30.670+0500] {dagbag.py:536} INFO - Filling up the DagBag from /home/amina/miniconda/lib/python3.11/site-packages/airflow/example_dags/subdags/subdag.py
[2023-12-16T12:45:30.672+0500] {processor.py:841} WARNING - No viable dags retrieved from /home/amina/miniconda/lib/python3.11/site-packages/airflow/example_dags/subdags/subdag.py
[2023-12-16T12:45:30.681+0500] {processor.py:179} INFO - Processing /home/amina/miniconda/lib/python3.11/site-packages/airflow/example_dags/subdags/subdag.py took 0.037 seconds
[2023-12-16T12:46:18.476+0500] {processor.py:157} INFO - Started process (PID=37434) to work on /home/amina/miniconda/lib/python3.11/site-packages/airflow/example_dags/subdags/subdag.py
[2023-12-16T12:46:18.543+0500] {processor.py:829} INFO - Processing file /home/amina/miniconda/lib/python3.11/site-packages/airflow/example_dags/subdags/subdag.py for tasks to queue
[2023-12-16T12:46:18.544+0500] {logging_mixin.py:154} INFO - [2023-12-16T12:46:18.543+0500] {dagbag.py:536} INFO - Filling up the DagBag from /home/amina/miniconda/lib/python3.11/site-packages/airflow/example_dags/subdags/subdag.py
[2023-12-16T12:46:18.546+0500] {processor.py:841} WARNING - No viable dags retrieved from /home/amina/miniconda/lib/python3.11/site-packages/airflow/example_dags/subdags/subdag.py
[2023-12-16T12:46:18.554+0500] {processor.py:179} INFO - Processing /home/amina/miniconda/lib/python3.11/site-packages/airflow/example_dags/subdags/subdag.py took 0.082 seconds
[2023-12-16T12:47:09.881+0500] {processor.py:157} INFO - Started process (PID=37492) to work on /home/amina/miniconda/lib/python3.11/site-packages/airflow/example_dags/subdags/subdag.py
[2023-12-16T12:47:09.922+0500] {processor.py:829} INFO - Processing file /home/amina/miniconda/lib/python3.11/site-packages/airflow/example_dags/subdags/subdag.py for tasks to queue
[2023-12-16T12:47:09.923+0500] {logging_mixin.py:154} INFO - [2023-12-16T12:47:09.923+0500] {dagbag.py:536} INFO - Filling up the DagBag from /home/amina/miniconda/lib/python3.11/site-packages/airflow/example_dags/subdags/subdag.py
[2023-12-16T12:47:09.925+0500] {processor.py:841} WARNING - No viable dags retrieved from /home/amina/miniconda/lib/python3.11/site-packages/airflow/example_dags/subdags/subdag.py
[2023-12-16T12:47:09.939+0500] {processor.py:179} INFO - Processing /home/amina/miniconda/lib/python3.11/site-packages/airflow/example_dags/subdags/subdag.py took 0.062 seconds
[2023-12-16T12:48:00.010+0500] {processor.py:157} INFO - Started process (PID=37546) to work on /home/amina/miniconda/lib/python3.11/site-packages/airflow/example_dags/subdags/subdag.py
[2023-12-16T12:48:00.036+0500] {processor.py:829} INFO - Processing file /home/amina/miniconda/lib/python3.11/site-packages/airflow/example_dags/subdags/subdag.py for tasks to queue
[2023-12-16T12:48:00.037+0500] {logging_mixin.py:154} INFO - [2023-12-16T12:48:00.037+0500] {dagbag.py:536} INFO - Filling up the DagBag from /home/amina/miniconda/lib/python3.11/site-packages/airflow/example_dags/subdags/subdag.py
[2023-12-16T12:48:00.039+0500] {processor.py:841} WARNING - No viable dags retrieved from /home/amina/miniconda/lib/python3.11/site-packages/airflow/example_dags/subdags/subdag.py
[2023-12-16T12:48:00.048+0500] {processor.py:179} INFO - Processing /home/amina/miniconda/lib/python3.11/site-packages/airflow/example_dags/subdags/subdag.py took 0.040 seconds
[2023-12-16T12:48:53.247+0500] {processor.py:157} INFO - Started process (PID=37698) to work on /home/amina/miniconda/lib/python3.11/site-packages/airflow/example_dags/subdags/subdag.py
[2023-12-16T12:48:53.267+0500] {processor.py:829} INFO - Processing file /home/amina/miniconda/lib/python3.11/site-packages/airflow/example_dags/subdags/subdag.py for tasks to queue
[2023-12-16T12:48:53.268+0500] {logging_mixin.py:154} INFO - [2023-12-16T12:48:53.267+0500] {dagbag.py:536} INFO - Filling up the DagBag from /home/amina/miniconda/lib/python3.11/site-packages/airflow/example_dags/subdags/subdag.py
[2023-12-16T12:48:53.270+0500] {processor.py:841} WARNING - No viable dags retrieved from /home/amina/miniconda/lib/python3.11/site-packages/airflow/example_dags/subdags/subdag.py
[2023-12-16T12:48:53.279+0500] {processor.py:179} INFO - Processing /home/amina/miniconda/lib/python3.11/site-packages/airflow/example_dags/subdags/subdag.py took 0.035 seconds
[2023-12-16T12:49:57.477+0500] {processor.py:157} INFO - Started process (PID=38349) to work on /home/amina/miniconda/lib/python3.11/site-packages/airflow/example_dags/subdags/subdag.py
[2023-12-16T12:49:57.485+0500] {processor.py:829} INFO - Processing file /home/amina/miniconda/lib/python3.11/site-packages/airflow/example_dags/subdags/subdag.py for tasks to queue
[2023-12-16T12:49:57.486+0500] {logging_mixin.py:154} INFO - [2023-12-16T12:49:57.486+0500] {dagbag.py:536} INFO - Filling up the DagBag from /home/amina/miniconda/lib/python3.11/site-packages/airflow/example_dags/subdags/subdag.py
[2023-12-16T12:49:57.488+0500] {processor.py:841} WARNING - No viable dags retrieved from /home/amina/miniconda/lib/python3.11/site-packages/airflow/example_dags/subdags/subdag.py
[2023-12-16T12:49:57.496+0500] {processor.py:179} INFO - Processing /home/amina/miniconda/lib/python3.11/site-packages/airflow/example_dags/subdags/subdag.py took 0.023 seconds
[2023-12-16T12:51:04.899+0500] {processor.py:157} INFO - Started process (PID=38504) to work on /home/amina/miniconda/lib/python3.11/site-packages/airflow/example_dags/subdags/subdag.py
[2023-12-16T12:51:04.922+0500] {processor.py:829} INFO - Processing file /home/amina/miniconda/lib/python3.11/site-packages/airflow/example_dags/subdags/subdag.py for tasks to queue
[2023-12-16T12:51:04.923+0500] {logging_mixin.py:154} INFO - [2023-12-16T12:51:04.923+0500] {dagbag.py:536} INFO - Filling up the DagBag from /home/amina/miniconda/lib/python3.11/site-packages/airflow/example_dags/subdags/subdag.py
[2023-12-16T12:51:04.925+0500] {processor.py:841} WARNING - No viable dags retrieved from /home/amina/miniconda/lib/python3.11/site-packages/airflow/example_dags/subdags/subdag.py
[2023-12-16T12:51:04.935+0500] {processor.py:179} INFO - Processing /home/amina/miniconda/lib/python3.11/site-packages/airflow/example_dags/subdags/subdag.py took 0.039 seconds
[2023-12-16T12:52:06.480+0500] {processor.py:157} INFO - Started process (PID=38554) to work on /home/amina/miniconda/lib/python3.11/site-packages/airflow/example_dags/subdags/subdag.py
[2023-12-16T12:52:06.498+0500] {processor.py:829} INFO - Processing file /home/amina/miniconda/lib/python3.11/site-packages/airflow/example_dags/subdags/subdag.py for tasks to queue
[2023-12-16T12:52:06.500+0500] {logging_mixin.py:154} INFO - [2023-12-16T12:52:06.499+0500] {dagbag.py:536} INFO - Filling up the DagBag from /home/amina/miniconda/lib/python3.11/site-packages/airflow/example_dags/subdags/subdag.py
[2023-12-16T12:52:06.503+0500] {processor.py:841} WARNING - No viable dags retrieved from /home/amina/miniconda/lib/python3.11/site-packages/airflow/example_dags/subdags/subdag.py
[2023-12-16T12:52:06.514+0500] {processor.py:179} INFO - Processing /home/amina/miniconda/lib/python3.11/site-packages/airflow/example_dags/subdags/subdag.py took 0.037 seconds
[2023-12-16T12:53:09.382+0500] {processor.py:157} INFO - Started process (PID=38627) to work on /home/amina/miniconda/lib/python3.11/site-packages/airflow/example_dags/subdags/subdag.py
[2023-12-16T12:53:09.397+0500] {processor.py:829} INFO - Processing file /home/amina/miniconda/lib/python3.11/site-packages/airflow/example_dags/subdags/subdag.py for tasks to queue
[2023-12-16T12:53:09.398+0500] {logging_mixin.py:154} INFO - [2023-12-16T12:53:09.398+0500] {dagbag.py:536} INFO - Filling up the DagBag from /home/amina/miniconda/lib/python3.11/site-packages/airflow/example_dags/subdags/subdag.py
[2023-12-16T12:53:09.401+0500] {processor.py:841} WARNING - No viable dags retrieved from /home/amina/miniconda/lib/python3.11/site-packages/airflow/example_dags/subdags/subdag.py
[2023-12-16T12:53:09.418+0500] {processor.py:179} INFO - Processing /home/amina/miniconda/lib/python3.11/site-packages/airflow/example_dags/subdags/subdag.py took 0.041 seconds
