[2023-12-15T21:42:50.955+0500] {processor.py:157} INFO - Started process (PID=7462) to work on /home/amina/airflow/dags/airflow_dag.py
[2023-12-15T21:42:50.957+0500] {processor.py:829} INFO - Processing file /home/amina/airflow/dags/airflow_dag.py for tasks to queue
[2023-12-15T21:42:50.958+0500] {logging_mixin.py:154} INFO - [2023-12-15T21:42:50.957+0500] {dagbag.py:536} INFO - Filling up the DagBag from /home/amina/airflow/dags/airflow_dag.py
[2023-12-15T21:42:51.404+0500] {logging_mixin.py:154} INFO - [2023-12-15T21:42:51.403+0500] {dagbag.py:346} ERROR - Failed to import: /home/amina/airflow/dags/airflow_dag.py
Traceback (most recent call last):
  File "/home/amina/miniconda/lib/python3.11/site-packages/airflow/models/dagbag.py", line 342, in parse
    loader.exec_module(new_module)
  File "<frozen importlib._bootstrap_external>", line 940, in exec_module
  File "<frozen importlib._bootstrap>", line 241, in _call_with_frames_removed
  File "/home/amina/airflow/dags/airflow_dag.py", line 76, in <module>
    then
NameError: name 'then' is not defined
[2023-12-15T21:42:51.404+0500] {processor.py:841} WARNING - No viable dags retrieved from /home/amina/airflow/dags/airflow_dag.py
[2023-12-15T21:42:51.512+0500] {processor.py:179} INFO - Processing /home/amina/airflow/dags/airflow_dag.py took 0.560 seconds
[2023-12-15T21:43:50.910+0500] {processor.py:157} INFO - Started process (PID=7525) to work on /home/amina/airflow/dags/airflow_dag.py
[2023-12-15T21:43:50.963+0500] {processor.py:829} INFO - Processing file /home/amina/airflow/dags/airflow_dag.py for tasks to queue
[2023-12-15T21:43:50.964+0500] {logging_mixin.py:154} INFO - [2023-12-15T21:43:50.964+0500] {dagbag.py:536} INFO - Filling up the DagBag from /home/amina/airflow/dags/airflow_dag.py
[2023-12-15T21:43:51.393+0500] {logging_mixin.py:154} INFO - [2023-12-15T21:43:51.392+0500] {dagbag.py:346} ERROR - Failed to import: /home/amina/airflow/dags/airflow_dag.py
Traceback (most recent call last):
  File "/home/amina/miniconda/lib/python3.11/site-packages/airflow/models/dagbag.py", line 342, in parse
    loader.exec_module(new_module)
  File "<frozen importlib._bootstrap_external>", line 940, in exec_module
  File "<frozen importlib._bootstrap>", line 241, in _call_with_frames_removed
  File "/home/amina/airflow/dags/airflow_dag.py", line 76, in <module>
    then
NameError: name 'then' is not defined
[2023-12-15T21:43:51.393+0500] {processor.py:841} WARNING - No viable dags retrieved from /home/amina/airflow/dags/airflow_dag.py
[2023-12-15T21:43:51.488+0500] {processor.py:179} INFO - Processing /home/amina/airflow/dags/airflow_dag.py took 0.581 seconds
[2023-12-15T21:44:44.011+0500] {processor.py:157} INFO - Started process (PID=7584) to work on /home/amina/airflow/dags/airflow_dag.py
[2023-12-15T21:44:44.053+0500] {processor.py:829} INFO - Processing file /home/amina/airflow/dags/airflow_dag.py for tasks to queue
[2023-12-15T21:44:44.054+0500] {logging_mixin.py:154} INFO - [2023-12-15T21:44:44.053+0500] {dagbag.py:536} INFO - Filling up the DagBag from /home/amina/airflow/dags/airflow_dag.py
[2023-12-15T21:44:44.633+0500] {processor.py:839} INFO - DAG(s) dict_keys(['etl_dag2']) retrieved from /home/amina/airflow/dags/airflow_dag.py
[2023-12-15T21:44:44.744+0500] {logging_mixin.py:154} INFO - [2023-12-15T21:44:44.743+0500] {dag.py:2941} INFO - Sync 1 DAGs
[2023-12-15T21:44:44.765+0500] {logging_mixin.py:154} INFO - [2023-12-15T21:44:44.765+0500] {dag.py:3722} INFO - Setting next_dagrun for etl_dag2 to 2023-12-06T00:00:00+00:00, run_after=2023-12-07T00:00:00+00:00
[2023-12-15T21:44:45.073+0500] {processor.py:179} INFO - Processing /home/amina/airflow/dags/airflow_dag.py took 1.064 seconds
[2023-12-15T21:47:41.112+0500] {processor.py:157} INFO - Started process (PID=7728) to work on /home/amina/airflow/dags/airflow_dag.py
[2023-12-15T21:47:41.135+0500] {processor.py:829} INFO - Processing file /home/amina/airflow/dags/airflow_dag.py for tasks to queue
[2023-12-15T21:47:41.137+0500] {logging_mixin.py:154} INFO - [2023-12-15T21:47:41.136+0500] {dagbag.py:536} INFO - Filling up the DagBag from /home/amina/airflow/dags/airflow_dag.py
[2023-12-15T21:47:41.660+0500] {processor.py:839} INFO - DAG(s) dict_keys(['etl_dag2']) retrieved from /home/amina/airflow/dags/airflow_dag.py
[2023-12-15T21:47:41.675+0500] {logging_mixin.py:154} INFO - [2023-12-15T21:47:41.675+0500] {dag.py:2941} INFO - Sync 1 DAGs
[2023-12-15T21:47:41.697+0500] {logging_mixin.py:154} INFO - [2023-12-15T21:47:41.697+0500] {dag.py:3722} INFO - Setting next_dagrun for etl_dag2 to 2023-12-15T00:00:00+00:00, run_after=2023-12-16T00:00:00+00:00
[2023-12-15T21:47:41.874+0500] {processor.py:179} INFO - Processing /home/amina/airflow/dags/airflow_dag.py took 0.766 seconds
[2023-12-15T21:48:27.940+0500] {processor.py:157} INFO - Started process (PID=7790) to work on /home/amina/airflow/dags/airflow_dag.py
[2023-12-15T21:48:27.966+0500] {processor.py:829} INFO - Processing file /home/amina/airflow/dags/airflow_dag.py for tasks to queue
[2023-12-15T21:48:27.967+0500] {logging_mixin.py:154} INFO - [2023-12-15T21:48:27.967+0500] {dagbag.py:536} INFO - Filling up the DagBag from /home/amina/airflow/dags/airflow_dag.py
[2023-12-15T21:48:28.369+0500] {processor.py:839} INFO - DAG(s) dict_keys(['etl_dag2']) retrieved from /home/amina/airflow/dags/airflow_dag.py
[2023-12-15T21:48:28.392+0500] {logging_mixin.py:154} INFO - [2023-12-15T21:48:28.392+0500] {dag.py:2941} INFO - Sync 1 DAGs
[2023-12-15T21:48:28.423+0500] {logging_mixin.py:154} INFO - [2023-12-15T21:48:28.422+0500] {dag.py:3722} INFO - Setting next_dagrun for etl_dag2 to 2023-12-15T00:00:00+00:00, run_after=2023-12-16T00:00:00+00:00
[2023-12-15T21:48:28.580+0500] {processor.py:179} INFO - Processing /home/amina/airflow/dags/airflow_dag.py took 0.643 seconds
[2023-12-15T21:49:04.053+0500] {processor.py:157} INFO - Started process (PID=7839) to work on /home/amina/airflow/dags/airflow_dag.py
[2023-12-15T21:49:04.083+0500] {processor.py:829} INFO - Processing file /home/amina/airflow/dags/airflow_dag.py for tasks to queue
[2023-12-15T21:49:04.083+0500] {logging_mixin.py:154} INFO - [2023-12-15T21:49:04.083+0500] {dagbag.py:536} INFO - Filling up the DagBag from /home/amina/airflow/dags/airflow_dag.py
[2023-12-15T21:49:04.430+0500] {processor.py:839} INFO - DAG(s) dict_keys(['etl_dag2']) retrieved from /home/amina/airflow/dags/airflow_dag.py
[2023-12-15T21:49:04.445+0500] {logging_mixin.py:154} INFO - [2023-12-15T21:49:04.444+0500] {dag.py:2941} INFO - Sync 1 DAGs
[2023-12-15T21:49:04.467+0500] {logging_mixin.py:154} INFO - [2023-12-15T21:49:04.466+0500] {dag.py:3722} INFO - Setting next_dagrun for etl_dag2 to 2023-12-15T00:00:00+00:00, run_after=2023-12-16T00:00:00+00:00
[2023-12-15T21:49:04.634+0500] {processor.py:179} INFO - Processing /home/amina/airflow/dags/airflow_dag.py took 0.584 seconds
[2023-12-15T21:49:36.943+0500] {processor.py:157} INFO - Started process (PID=7872) to work on /home/amina/airflow/dags/airflow_dag.py
[2023-12-15T21:49:36.964+0500] {processor.py:829} INFO - Processing file /home/amina/airflow/dags/airflow_dag.py for tasks to queue
[2023-12-15T21:49:36.965+0500] {logging_mixin.py:154} INFO - [2023-12-15T21:49:36.964+0500] {dagbag.py:536} INFO - Filling up the DagBag from /home/amina/airflow/dags/airflow_dag.py
[2023-12-15T21:49:37.285+0500] {processor.py:839} INFO - DAG(s) dict_keys(['etl_dag2']) retrieved from /home/amina/airflow/dags/airflow_dag.py
[2023-12-15T21:49:37.298+0500] {logging_mixin.py:154} INFO - [2023-12-15T21:49:37.298+0500] {dag.py:2941} INFO - Sync 1 DAGs
[2023-12-15T21:49:37.317+0500] {logging_mixin.py:154} INFO - [2023-12-15T21:49:37.317+0500] {dag.py:3722} INFO - Setting next_dagrun for etl_dag2 to 2023-12-15T00:00:00+00:00, run_after=2023-12-16T00:00:00+00:00
[2023-12-15T21:49:37.464+0500] {processor.py:179} INFO - Processing /home/amina/airflow/dags/airflow_dag.py took 0.525 seconds
[2023-12-15T21:50:08.225+0500] {processor.py:157} INFO - Started process (PID=7901) to work on /home/amina/airflow/dags/airflow_dag.py
[2023-12-15T21:50:08.226+0500] {processor.py:829} INFO - Processing file /home/amina/airflow/dags/airflow_dag.py for tasks to queue
[2023-12-15T21:50:08.227+0500] {logging_mixin.py:154} INFO - [2023-12-15T21:50:08.226+0500] {dagbag.py:536} INFO - Filling up the DagBag from /home/amina/airflow/dags/airflow_dag.py
[2023-12-15T21:50:08.509+0500] {processor.py:839} INFO - DAG(s) dict_keys(['etl_dag2']) retrieved from /home/amina/airflow/dags/airflow_dag.py
[2023-12-15T21:50:08.523+0500] {logging_mixin.py:154} INFO - [2023-12-15T21:50:08.522+0500] {dag.py:2941} INFO - Sync 1 DAGs
[2023-12-15T21:50:08.543+0500] {logging_mixin.py:154} INFO - [2023-12-15T21:50:08.543+0500] {dag.py:3722} INFO - Setting next_dagrun for etl_dag2 to 2023-12-15T00:00:00+00:00, run_after=2023-12-16T00:00:00+00:00
[2023-12-15T21:50:08.671+0500] {processor.py:179} INFO - Processing /home/amina/airflow/dags/airflow_dag.py took 0.450 seconds
[2023-12-15T21:50:51.841+0500] {processor.py:157} INFO - Started process (PID=7940) to work on /home/amina/airflow/dags/airflow_dag.py
[2023-12-15T21:50:51.877+0500] {processor.py:829} INFO - Processing file /home/amina/airflow/dags/airflow_dag.py for tasks to queue
[2023-12-15T21:50:51.878+0500] {logging_mixin.py:154} INFO - [2023-12-15T21:50:51.878+0500] {dagbag.py:536} INFO - Filling up the DagBag from /home/amina/airflow/dags/airflow_dag.py
[2023-12-15T21:50:52.288+0500] {processor.py:839} INFO - DAG(s) dict_keys(['etl_dag2']) retrieved from /home/amina/airflow/dags/airflow_dag.py
[2023-12-15T21:50:52.304+0500] {logging_mixin.py:154} INFO - [2023-12-15T21:50:52.304+0500] {dag.py:2941} INFO - Sync 1 DAGs
[2023-12-15T21:50:52.324+0500] {logging_mixin.py:154} INFO - [2023-12-15T21:50:52.324+0500] {dag.py:3722} INFO - Setting next_dagrun for etl_dag2 to 2023-12-15T00:00:00+00:00, run_after=2023-12-16T00:00:00+00:00
[2023-12-15T21:50:52.449+0500] {processor.py:179} INFO - Processing /home/amina/airflow/dags/airflow_dag.py took 0.611 seconds
[2023-12-15T21:51:44.184+0500] {processor.py:157} INFO - Started process (PID=8060) to work on /home/amina/airflow/dags/airflow_dag.py
[2023-12-15T21:51:44.185+0500] {processor.py:829} INFO - Processing file /home/amina/airflow/dags/airflow_dag.py for tasks to queue
[2023-12-15T21:51:44.186+0500] {logging_mixin.py:154} INFO - [2023-12-15T21:51:44.186+0500] {dagbag.py:536} INFO - Filling up the DagBag from /home/amina/airflow/dags/airflow_dag.py
[2023-12-15T21:51:44.475+0500] {processor.py:839} INFO - DAG(s) dict_keys(['etl_dag2']) retrieved from /home/amina/airflow/dags/airflow_dag.py
[2023-12-15T21:51:44.488+0500] {logging_mixin.py:154} INFO - [2023-12-15T21:51:44.488+0500] {dag.py:2941} INFO - Sync 1 DAGs
[2023-12-15T21:51:44.507+0500] {logging_mixin.py:154} INFO - [2023-12-15T21:51:44.507+0500] {dag.py:3722} INFO - Setting next_dagrun for etl_dag2 to 2023-12-15T00:00:00+00:00, run_after=2023-12-16T00:00:00+00:00
[2023-12-15T21:51:44.651+0500] {processor.py:179} INFO - Processing /home/amina/airflow/dags/airflow_dag.py took 0.472 seconds
[2023-12-15T21:52:40.578+0500] {processor.py:157} INFO - Started process (PID=8109) to work on /home/amina/airflow/dags/airflow_dag.py
[2023-12-15T21:52:40.599+0500] {processor.py:829} INFO - Processing file /home/amina/airflow/dags/airflow_dag.py for tasks to queue
[2023-12-15T21:52:40.600+0500] {logging_mixin.py:154} INFO - [2023-12-15T21:52:40.600+0500] {dagbag.py:536} INFO - Filling up the DagBag from /home/amina/airflow/dags/airflow_dag.py
[2023-12-15T21:52:40.882+0500] {processor.py:839} INFO - DAG(s) dict_keys(['etl_dag2']) retrieved from /home/amina/airflow/dags/airflow_dag.py
[2023-12-15T21:52:40.896+0500] {logging_mixin.py:154} INFO - [2023-12-15T21:52:40.895+0500] {dag.py:2941} INFO - Sync 1 DAGs
[2023-12-15T21:52:40.918+0500] {logging_mixin.py:154} INFO - [2023-12-15T21:52:40.918+0500] {dag.py:3722} INFO - Setting next_dagrun for etl_dag2 to 2023-12-15T00:00:00+00:00, run_after=2023-12-16T00:00:00+00:00
[2023-12-15T21:52:41.045+0500] {processor.py:179} INFO - Processing /home/amina/airflow/dags/airflow_dag.py took 0.471 seconds
[2023-12-15T21:53:20.227+0500] {processor.py:157} INFO - Started process (PID=8153) to work on /home/amina/airflow/dags/airflow_dag.py
[2023-12-15T21:53:20.240+0500] {processor.py:829} INFO - Processing file /home/amina/airflow/dags/airflow_dag.py for tasks to queue
[2023-12-15T21:53:20.241+0500] {logging_mixin.py:154} INFO - [2023-12-15T21:53:20.241+0500] {dagbag.py:536} INFO - Filling up the DagBag from /home/amina/airflow/dags/airflow_dag.py
[2023-12-15T21:53:20.510+0500] {processor.py:839} INFO - DAG(s) dict_keys(['etl_dag2']) retrieved from /home/amina/airflow/dags/airflow_dag.py
[2023-12-15T21:53:20.524+0500] {logging_mixin.py:154} INFO - [2023-12-15T21:53:20.524+0500] {dag.py:2941} INFO - Sync 1 DAGs
[2023-12-15T21:53:20.543+0500] {logging_mixin.py:154} INFO - [2023-12-15T21:53:20.542+0500] {dag.py:3722} INFO - Setting next_dagrun for etl_dag2 to 2023-12-15T00:00:00+00:00, run_after=2023-12-16T00:00:00+00:00
[2023-12-15T21:53:20.674+0500] {processor.py:179} INFO - Processing /home/amina/airflow/dags/airflow_dag.py took 0.451 seconds
[2023-12-15T21:54:12.379+0500] {processor.py:157} INFO - Started process (PID=8215) to work on /home/amina/airflow/dags/airflow_dag.py
[2023-12-15T21:54:12.422+0500] {processor.py:829} INFO - Processing file /home/amina/airflow/dags/airflow_dag.py for tasks to queue
[2023-12-15T21:54:12.423+0500] {logging_mixin.py:154} INFO - [2023-12-15T21:54:12.422+0500] {dagbag.py:536} INFO - Filling up the DagBag from /home/amina/airflow/dags/airflow_dag.py
[2023-12-15T21:54:12.708+0500] {processor.py:839} INFO - DAG(s) dict_keys(['etl_dag2']) retrieved from /home/amina/airflow/dags/airflow_dag.py
[2023-12-15T21:54:12.721+0500] {logging_mixin.py:154} INFO - [2023-12-15T21:54:12.721+0500] {dag.py:2941} INFO - Sync 1 DAGs
[2023-12-15T21:54:12.739+0500] {logging_mixin.py:154} INFO - [2023-12-15T21:54:12.739+0500] {dag.py:3722} INFO - Setting next_dagrun for etl_dag2 to 2023-12-15T00:00:00+00:00, run_after=2023-12-16T00:00:00+00:00
[2023-12-15T21:54:12.909+0500] {processor.py:179} INFO - Processing /home/amina/airflow/dags/airflow_dag.py took 0.533 seconds
[2023-12-15T21:54:55.426+0500] {processor.py:157} INFO - Started process (PID=8270) to work on /home/amina/airflow/dags/airflow_dag.py
[2023-12-15T21:54:55.495+0500] {processor.py:829} INFO - Processing file /home/amina/airflow/dags/airflow_dag.py for tasks to queue
[2023-12-15T21:54:55.496+0500] {logging_mixin.py:154} INFO - [2023-12-15T21:54:55.496+0500] {dagbag.py:536} INFO - Filling up the DagBag from /home/amina/airflow/dags/airflow_dag.py
[2023-12-15T21:54:55.766+0500] {processor.py:839} INFO - DAG(s) dict_keys(['etl_dag2']) retrieved from /home/amina/airflow/dags/airflow_dag.py
[2023-12-15T21:54:55.780+0500] {logging_mixin.py:154} INFO - [2023-12-15T21:54:55.780+0500] {dag.py:2941} INFO - Sync 1 DAGs
[2023-12-15T21:54:55.798+0500] {logging_mixin.py:154} INFO - [2023-12-15T21:54:55.798+0500] {dag.py:3722} INFO - Setting next_dagrun for etl_dag2 to 2023-12-15T00:00:00+00:00, run_after=2023-12-16T00:00:00+00:00
[2023-12-15T21:54:55.929+0500] {processor.py:179} INFO - Processing /home/amina/airflow/dags/airflow_dag.py took 0.506 seconds
[2023-12-15T21:55:39.539+0500] {processor.py:157} INFO - Started process (PID=8318) to work on /home/amina/airflow/dags/airflow_dag.py
[2023-12-15T21:55:39.549+0500] {processor.py:829} INFO - Processing file /home/amina/airflow/dags/airflow_dag.py for tasks to queue
[2023-12-15T21:55:39.550+0500] {logging_mixin.py:154} INFO - [2023-12-15T21:55:39.550+0500] {dagbag.py:536} INFO - Filling up the DagBag from /home/amina/airflow/dags/airflow_dag.py
[2023-12-15T21:55:39.820+0500] {processor.py:839} INFO - DAG(s) dict_keys(['etl_dag2']) retrieved from /home/amina/airflow/dags/airflow_dag.py
[2023-12-15T21:55:39.833+0500] {logging_mixin.py:154} INFO - [2023-12-15T21:55:39.833+0500] {dag.py:2941} INFO - Sync 1 DAGs
[2023-12-15T21:55:39.851+0500] {logging_mixin.py:154} INFO - [2023-12-15T21:55:39.851+0500] {dag.py:3722} INFO - Setting next_dagrun for etl_dag2 to 2023-12-15T00:00:00+00:00, run_after=2023-12-16T00:00:00+00:00
[2023-12-15T21:55:40.014+0500] {processor.py:179} INFO - Processing /home/amina/airflow/dags/airflow_dag.py took 0.479 seconds
[2023-12-15T21:56:29.470+0500] {processor.py:157} INFO - Started process (PID=8367) to work on /home/amina/airflow/dags/airflow_dag.py
[2023-12-15T21:56:29.501+0500] {processor.py:829} INFO - Processing file /home/amina/airflow/dags/airflow_dag.py for tasks to queue
[2023-12-15T21:56:29.502+0500] {logging_mixin.py:154} INFO - [2023-12-15T21:56:29.501+0500] {dagbag.py:536} INFO - Filling up the DagBag from /home/amina/airflow/dags/airflow_dag.py
[2023-12-15T21:56:29.840+0500] {processor.py:839} INFO - DAG(s) dict_keys(['etl_dag2']) retrieved from /home/amina/airflow/dags/airflow_dag.py
[2023-12-15T21:56:29.857+0500] {logging_mixin.py:154} INFO - [2023-12-15T21:56:29.857+0500] {dag.py:2941} INFO - Sync 1 DAGs
[2023-12-15T21:56:29.883+0500] {logging_mixin.py:154} INFO - [2023-12-15T21:56:29.883+0500] {dag.py:3722} INFO - Setting next_dagrun for etl_dag2 to 2023-12-15T00:00:00+00:00, run_after=2023-12-16T00:00:00+00:00
[2023-12-15T21:56:30.014+0500] {processor.py:179} INFO - Processing /home/amina/airflow/dags/airflow_dag.py took 0.546 seconds
[2023-12-15T21:57:22.076+0500] {processor.py:157} INFO - Started process (PID=8430) to work on /home/amina/airflow/dags/airflow_dag.py
[2023-12-15T21:57:22.078+0500] {processor.py:829} INFO - Processing file /home/amina/airflow/dags/airflow_dag.py for tasks to queue
[2023-12-15T21:57:22.078+0500] {logging_mixin.py:154} INFO - [2023-12-15T21:57:22.078+0500] {dagbag.py:536} INFO - Filling up the DagBag from /home/amina/airflow/dags/airflow_dag.py
[2023-12-15T21:57:22.367+0500] {processor.py:839} INFO - DAG(s) dict_keys(['etl_dag2']) retrieved from /home/amina/airflow/dags/airflow_dag.py
[2023-12-15T21:57:22.380+0500] {logging_mixin.py:154} INFO - [2023-12-15T21:57:22.380+0500] {dag.py:2941} INFO - Sync 1 DAGs
[2023-12-15T21:57:22.398+0500] {logging_mixin.py:154} INFO - [2023-12-15T21:57:22.398+0500] {dag.py:3722} INFO - Setting next_dagrun for etl_dag2 to 2023-12-15T00:00:00+00:00, run_after=2023-12-16T00:00:00+00:00
[2023-12-15T21:57:22.561+0500] {processor.py:179} INFO - Processing /home/amina/airflow/dags/airflow_dag.py took 0.488 seconds
[2023-12-15T21:58:16.374+0500] {processor.py:157} INFO - Started process (PID=8488) to work on /home/amina/airflow/dags/airflow_dag.py
[2023-12-15T21:58:16.398+0500] {processor.py:829} INFO - Processing file /home/amina/airflow/dags/airflow_dag.py for tasks to queue
[2023-12-15T21:58:16.399+0500] {logging_mixin.py:154} INFO - [2023-12-15T21:58:16.399+0500] {dagbag.py:536} INFO - Filling up the DagBag from /home/amina/airflow/dags/airflow_dag.py
[2023-12-15T21:58:16.665+0500] {processor.py:839} INFO - DAG(s) dict_keys(['etl_dag2']) retrieved from /home/amina/airflow/dags/airflow_dag.py
[2023-12-15T21:58:16.679+0500] {logging_mixin.py:154} INFO - [2023-12-15T21:58:16.679+0500] {dag.py:2941} INFO - Sync 1 DAGs
[2023-12-15T21:58:16.696+0500] {logging_mixin.py:154} INFO - [2023-12-15T21:58:16.696+0500] {dag.py:3722} INFO - Setting next_dagrun for etl_dag2 to 2023-12-15T00:00:00+00:00, run_after=2023-12-16T00:00:00+00:00
[2023-12-15T21:58:16.851+0500] {processor.py:179} INFO - Processing /home/amina/airflow/dags/airflow_dag.py took 0.480 seconds
[2023-12-15T21:59:11.205+0500] {processor.py:157} INFO - Started process (PID=8546) to work on /home/amina/airflow/dags/airflow_dag.py
[2023-12-15T21:59:11.245+0500] {processor.py:829} INFO - Processing file /home/amina/airflow/dags/airflow_dag.py for tasks to queue
[2023-12-15T21:59:11.246+0500] {logging_mixin.py:154} INFO - [2023-12-15T21:59:11.246+0500] {dagbag.py:536} INFO - Filling up the DagBag from /home/amina/airflow/dags/airflow_dag.py
[2023-12-15T21:59:11.597+0500] {processor.py:839} INFO - DAG(s) dict_keys(['etl_dag2']) retrieved from /home/amina/airflow/dags/airflow_dag.py
[2023-12-15T21:59:11.615+0500] {logging_mixin.py:154} INFO - [2023-12-15T21:59:11.615+0500] {dag.py:2941} INFO - Sync 1 DAGs
[2023-12-15T21:59:11.641+0500] {logging_mixin.py:154} INFO - [2023-12-15T21:59:11.641+0500] {dag.py:3722} INFO - Setting next_dagrun for etl_dag2 to 2023-12-15T00:00:00+00:00, run_after=2023-12-16T00:00:00+00:00
[2023-12-15T21:59:11.776+0500] {processor.py:179} INFO - Processing /home/amina/airflow/dags/airflow_dag.py took 0.574 seconds
[2023-12-15T22:00:03.002+0500] {processor.py:157} INFO - Started process (PID=8610) to work on /home/amina/airflow/dags/airflow_dag.py
[2023-12-15T22:00:03.030+0500] {processor.py:829} INFO - Processing file /home/amina/airflow/dags/airflow_dag.py for tasks to queue
[2023-12-15T22:00:03.032+0500] {logging_mixin.py:154} INFO - [2023-12-15T22:00:03.031+0500] {dagbag.py:536} INFO - Filling up the DagBag from /home/amina/airflow/dags/airflow_dag.py
[2023-12-15T22:00:03.594+0500] {processor.py:839} INFO - DAG(s) dict_keys(['etl_dag2']) retrieved from /home/amina/airflow/dags/airflow_dag.py
[2023-12-15T22:00:03.612+0500] {logging_mixin.py:154} INFO - [2023-12-15T22:00:03.611+0500] {dag.py:2941} INFO - Sync 1 DAGs
[2023-12-15T22:00:03.640+0500] {logging_mixin.py:154} INFO - [2023-12-15T22:00:03.640+0500] {dag.py:3722} INFO - Setting next_dagrun for etl_dag2 to 2023-12-15T00:00:00+00:00, run_after=2023-12-16T00:00:00+00:00
[2023-12-15T22:00:03.781+0500] {processor.py:179} INFO - Processing /home/amina/airflow/dags/airflow_dag.py took 0.783 seconds
[2023-12-15T22:01:00.047+0500] {processor.py:157} INFO - Started process (PID=8683) to work on /home/amina/airflow/dags/airflow_dag.py
[2023-12-15T22:01:00.071+0500] {processor.py:829} INFO - Processing file /home/amina/airflow/dags/airflow_dag.py for tasks to queue
[2023-12-15T22:01:00.072+0500] {logging_mixin.py:154} INFO - [2023-12-15T22:01:00.072+0500] {dagbag.py:536} INFO - Filling up the DagBag from /home/amina/airflow/dags/airflow_dag.py
[2023-12-15T22:01:00.342+0500] {processor.py:839} INFO - DAG(s) dict_keys(['etl_dag2']) retrieved from /home/amina/airflow/dags/airflow_dag.py
[2023-12-15T22:01:00.354+0500] {logging_mixin.py:154} INFO - [2023-12-15T22:01:00.354+0500] {dag.py:2941} INFO - Sync 1 DAGs
[2023-12-15T22:01:00.374+0500] {logging_mixin.py:154} INFO - [2023-12-15T22:01:00.374+0500] {dag.py:3722} INFO - Setting next_dagrun for etl_dag2 to 2023-12-15T00:00:00+00:00, run_after=2023-12-16T00:00:00+00:00
[2023-12-15T22:01:00.512+0500] {processor.py:179} INFO - Processing /home/amina/airflow/dags/airflow_dag.py took 0.468 seconds
[2023-12-15T22:01:50.061+0500] {processor.py:157} INFO - Started process (PID=8743) to work on /home/amina/airflow/dags/airflow_dag.py
[2023-12-15T22:01:50.063+0500] {processor.py:829} INFO - Processing file /home/amina/airflow/dags/airflow_dag.py for tasks to queue
[2023-12-15T22:01:50.064+0500] {logging_mixin.py:154} INFO - [2023-12-15T22:01:50.064+0500] {dagbag.py:536} INFO - Filling up the DagBag from /home/amina/airflow/dags/airflow_dag.py
[2023-12-15T22:01:50.332+0500] {processor.py:839} INFO - DAG(s) dict_keys(['etl_dag2']) retrieved from /home/amina/airflow/dags/airflow_dag.py
[2023-12-15T22:01:50.344+0500] {logging_mixin.py:154} INFO - [2023-12-15T22:01:50.344+0500] {dag.py:2941} INFO - Sync 1 DAGs
[2023-12-15T22:01:50.363+0500] {logging_mixin.py:154} INFO - [2023-12-15T22:01:50.362+0500] {dag.py:3722} INFO - Setting next_dagrun for etl_dag2 to 2023-12-15T00:00:00+00:00, run_after=2023-12-16T00:00:00+00:00
[2023-12-15T22:01:50.496+0500] {processor.py:179} INFO - Processing /home/amina/airflow/dags/airflow_dag.py took 0.438 seconds
[2023-12-15T22:02:41.642+0500] {processor.py:157} INFO - Started process (PID=8807) to work on /home/amina/airflow/dags/airflow_dag.py
[2023-12-15T22:02:41.688+0500] {processor.py:829} INFO - Processing file /home/amina/airflow/dags/airflow_dag.py for tasks to queue
[2023-12-15T22:02:41.689+0500] {logging_mixin.py:154} INFO - [2023-12-15T22:02:41.689+0500] {dagbag.py:536} INFO - Filling up the DagBag from /home/amina/airflow/dags/airflow_dag.py
[2023-12-15T22:02:41.953+0500] {processor.py:839} INFO - DAG(s) dict_keys(['etl_dag2']) retrieved from /home/amina/airflow/dags/airflow_dag.py
[2023-12-15T22:02:41.965+0500] {logging_mixin.py:154} INFO - [2023-12-15T22:02:41.965+0500] {dag.py:2941} INFO - Sync 1 DAGs
[2023-12-15T22:02:41.984+0500] {logging_mixin.py:154} INFO - [2023-12-15T22:02:41.983+0500] {dag.py:3722} INFO - Setting next_dagrun for etl_dag2 to 2023-12-15T00:00:00+00:00, run_after=2023-12-16T00:00:00+00:00
[2023-12-15T22:02:42.099+0500] {processor.py:179} INFO - Processing /home/amina/airflow/dags/airflow_dag.py took 0.459 seconds
[2023-12-15T22:03:32.325+0500] {processor.py:157} INFO - Started process (PID=8865) to work on /home/amina/airflow/dags/airflow_dag.py
[2023-12-15T22:03:32.345+0500] {processor.py:829} INFO - Processing file /home/amina/airflow/dags/airflow_dag.py for tasks to queue
[2023-12-15T22:03:32.346+0500] {logging_mixin.py:154} INFO - [2023-12-15T22:03:32.345+0500] {dagbag.py:536} INFO - Filling up the DagBag from /home/amina/airflow/dags/airflow_dag.py
[2023-12-15T22:03:32.669+0500] {processor.py:839} INFO - DAG(s) dict_keys(['etl_dag2']) retrieved from /home/amina/airflow/dags/airflow_dag.py
[2023-12-15T22:03:32.739+0500] {logging_mixin.py:154} INFO - [2023-12-15T22:03:32.738+0500] {dag.py:2941} INFO - Sync 1 DAGs
[2023-12-15T22:03:33.196+0500] {logging_mixin.py:154} INFO - [2023-12-15T22:03:33.196+0500] {dag.py:3722} INFO - Setting next_dagrun for etl_dag2 to 2023-12-15T00:00:00+00:00, run_after=2023-12-16T00:00:00+00:00
[2023-12-15T22:03:33.294+0500] {processor.py:179} INFO - Processing /home/amina/airflow/dags/airflow_dag.py took 0.973 seconds
[2023-12-15T22:04:18.332+0500] {processor.py:157} INFO - Started process (PID=8912) to work on /home/amina/airflow/dags/airflow_dag.py
[2023-12-15T22:04:18.372+0500] {processor.py:829} INFO - Processing file /home/amina/airflow/dags/airflow_dag.py for tasks to queue
[2023-12-15T22:04:18.373+0500] {logging_mixin.py:154} INFO - [2023-12-15T22:04:18.373+0500] {dagbag.py:536} INFO - Filling up the DagBag from /home/amina/airflow/dags/airflow_dag.py
[2023-12-15T22:04:18.682+0500] {processor.py:839} INFO - DAG(s) dict_keys(['etl_dag2']) retrieved from /home/amina/airflow/dags/airflow_dag.py
[2023-12-15T22:04:18.696+0500] {logging_mixin.py:154} INFO - [2023-12-15T22:04:18.696+0500] {dag.py:2941} INFO - Sync 1 DAGs
[2023-12-15T22:04:18.724+0500] {logging_mixin.py:154} INFO - [2023-12-15T22:04:18.723+0500] {dag.py:3722} INFO - Setting next_dagrun for etl_dag2 to 2023-12-15T00:00:00+00:00, run_after=2023-12-16T00:00:00+00:00
[2023-12-15T22:04:18.821+0500] {processor.py:179} INFO - Processing /home/amina/airflow/dags/airflow_dag.py took 0.492 seconds
[2023-12-15T22:04:53.330+0500] {processor.py:157} INFO - Started process (PID=8954) to work on /home/amina/airflow/dags/airflow_dag.py
[2023-12-15T22:04:53.358+0500] {processor.py:829} INFO - Processing file /home/amina/airflow/dags/airflow_dag.py for tasks to queue
[2023-12-15T22:04:53.359+0500] {logging_mixin.py:154} INFO - [2023-12-15T22:04:53.359+0500] {dagbag.py:536} INFO - Filling up the DagBag from /home/amina/airflow/dags/airflow_dag.py
[2023-12-15T22:04:53.690+0500] {processor.py:839} INFO - DAG(s) dict_keys(['etl_dag2']) retrieved from /home/amina/airflow/dags/airflow_dag.py
[2023-12-15T22:04:53.820+0500] {logging_mixin.py:154} INFO - [2023-12-15T22:04:53.819+0500] {dag.py:2941} INFO - Sync 1 DAGs
[2023-12-15T22:04:53.848+0500] {logging_mixin.py:154} INFO - [2023-12-15T22:04:53.848+0500] {dag.py:3722} INFO - Setting next_dagrun for etl_dag2 to 2023-12-15T00:00:00+00:00, run_after=2023-12-16T00:00:00+00:00
[2023-12-15T22:04:53.966+0500] {processor.py:179} INFO - Processing /home/amina/airflow/dags/airflow_dag.py took 0.638 seconds
[2023-12-15T22:05:53.808+0500] {processor.py:157} INFO - Started process (PID=9020) to work on /home/amina/airflow/dags/airflow_dag.py
[2023-12-15T22:05:53.836+0500] {processor.py:829} INFO - Processing file /home/amina/airflow/dags/airflow_dag.py for tasks to queue
[2023-12-15T22:05:53.837+0500] {logging_mixin.py:154} INFO - [2023-12-15T22:05:53.836+0500] {dagbag.py:536} INFO - Filling up the DagBag from /home/amina/airflow/dags/airflow_dag.py
[2023-12-15T22:05:54.141+0500] {processor.py:839} INFO - DAG(s) dict_keys(['etl_dag2']) retrieved from /home/amina/airflow/dags/airflow_dag.py
[2023-12-15T22:05:54.154+0500] {logging_mixin.py:154} INFO - [2023-12-15T22:05:54.154+0500] {dag.py:2941} INFO - Sync 1 DAGs
[2023-12-15T22:05:54.175+0500] {logging_mixin.py:154} INFO - [2023-12-15T22:05:54.175+0500] {dag.py:3722} INFO - Setting next_dagrun for etl_dag2 to 2023-12-15T00:00:00+00:00, run_after=2023-12-16T00:00:00+00:00
[2023-12-15T22:05:54.409+0500] {processor.py:179} INFO - Processing /home/amina/airflow/dags/airflow_dag.py took 0.605 seconds
[2023-12-15T22:06:52.020+0500] {processor.py:157} INFO - Started process (PID=9074) to work on /home/amina/airflow/dags/airflow_dag.py
[2023-12-15T22:06:52.032+0500] {processor.py:829} INFO - Processing file /home/amina/airflow/dags/airflow_dag.py for tasks to queue
[2023-12-15T22:06:52.033+0500] {logging_mixin.py:154} INFO - [2023-12-15T22:06:52.033+0500] {dagbag.py:536} INFO - Filling up the DagBag from /home/amina/airflow/dags/airflow_dag.py
[2023-12-15T22:06:52.389+0500] {processor.py:839} INFO - DAG(s) dict_keys(['etl_dag2']) retrieved from /home/amina/airflow/dags/airflow_dag.py
[2023-12-15T22:06:52.406+0500] {logging_mixin.py:154} INFO - [2023-12-15T22:06:52.405+0500] {dag.py:2941} INFO - Sync 1 DAGs
[2023-12-15T22:06:52.439+0500] {logging_mixin.py:154} INFO - [2023-12-15T22:06:52.438+0500] {dag.py:3722} INFO - Setting next_dagrun for etl_dag2 to 2023-12-15T00:00:00+00:00, run_after=2023-12-16T00:00:00+00:00
[2023-12-15T22:06:52.570+0500] {processor.py:179} INFO - Processing /home/amina/airflow/dags/airflow_dag.py took 0.553 seconds
[2023-12-15T22:07:25.637+0500] {processor.py:157} INFO - Started process (PID=9105) to work on /home/amina/airflow/dags/airflow_dag.py
[2023-12-15T22:07:25.637+0500] {processor.py:829} INFO - Processing file /home/amina/airflow/dags/airflow_dag.py for tasks to queue
[2023-12-15T22:07:25.639+0500] {logging_mixin.py:154} INFO - [2023-12-15T22:07:25.638+0500] {dagbag.py:536} INFO - Filling up the DagBag from /home/amina/airflow/dags/airflow_dag.py
[2023-12-15T22:07:25.953+0500] {processor.py:839} INFO - DAG(s) dict_keys(['etl_dag2']) retrieved from /home/amina/airflow/dags/airflow_dag.py
[2023-12-15T22:07:25.967+0500] {logging_mixin.py:154} INFO - [2023-12-15T22:07:25.967+0500] {dag.py:2941} INFO - Sync 1 DAGs
[2023-12-15T22:07:25.991+0500] {logging_mixin.py:154} INFO - [2023-12-15T22:07:25.991+0500] {dag.py:3722} INFO - Setting next_dagrun for etl_dag2 to 2023-12-15T00:00:00+00:00, run_after=2023-12-16T00:00:00+00:00
[2023-12-15T22:07:26.114+0500] {processor.py:179} INFO - Processing /home/amina/airflow/dags/airflow_dag.py took 0.481 seconds
[2023-12-15T22:07:58.355+0500] {processor.py:157} INFO - Started process (PID=9144) to work on /home/amina/airflow/dags/airflow_dag.py
[2023-12-15T22:07:58.358+0500] {processor.py:829} INFO - Processing file /home/amina/airflow/dags/airflow_dag.py for tasks to queue
[2023-12-15T22:07:58.359+0500] {logging_mixin.py:154} INFO - [2023-12-15T22:07:58.358+0500] {dagbag.py:536} INFO - Filling up the DagBag from /home/amina/airflow/dags/airflow_dag.py
[2023-12-15T22:07:58.696+0500] {processor.py:839} INFO - DAG(s) dict_keys(['etl_dag2']) retrieved from /home/amina/airflow/dags/airflow_dag.py
[2023-12-15T22:07:58.712+0500] {logging_mixin.py:154} INFO - [2023-12-15T22:07:58.712+0500] {dag.py:2941} INFO - Sync 1 DAGs
[2023-12-15T22:07:58.737+0500] {logging_mixin.py:154} INFO - [2023-12-15T22:07:58.736+0500] {dag.py:3722} INFO - Setting next_dagrun for etl_dag2 to 2023-12-15T00:00:00+00:00, run_after=2023-12-16T00:00:00+00:00
[2023-12-15T22:07:58.863+0500] {processor.py:179} INFO - Processing /home/amina/airflow/dags/airflow_dag.py took 0.512 seconds
[2023-12-15T22:09:01.240+0500] {processor.py:157} INFO - Started process (PID=9217) to work on /home/amina/airflow/dags/airflow_dag.py
[2023-12-15T22:09:01.248+0500] {processor.py:829} INFO - Processing file /home/amina/airflow/dags/airflow_dag.py for tasks to queue
[2023-12-15T22:09:01.249+0500] {logging_mixin.py:154} INFO - [2023-12-15T22:09:01.249+0500] {dagbag.py:536} INFO - Filling up the DagBag from /home/amina/airflow/dags/airflow_dag.py
[2023-12-15T22:09:01.556+0500] {processor.py:839} INFO - DAG(s) dict_keys(['etl_dag2']) retrieved from /home/amina/airflow/dags/airflow_dag.py
[2023-12-15T22:09:01.570+0500] {logging_mixin.py:154} INFO - [2023-12-15T22:09:01.570+0500] {dag.py:2941} INFO - Sync 1 DAGs
[2023-12-15T22:09:01.590+0500] {logging_mixin.py:154} INFO - [2023-12-15T22:09:01.590+0500] {dag.py:3722} INFO - Setting next_dagrun for etl_dag2 to 2023-12-15T00:00:00+00:00, run_after=2023-12-16T00:00:00+00:00
[2023-12-15T22:09:01.722+0500] {processor.py:179} INFO - Processing /home/amina/airflow/dags/airflow_dag.py took 0.485 seconds
[2023-12-15T22:09:32.733+0500] {processor.py:157} INFO - Started process (PID=9250) to work on /home/amina/airflow/dags/airflow_dag.py
[2023-12-15T22:09:32.734+0500] {processor.py:829} INFO - Processing file /home/amina/airflow/dags/airflow_dag.py for tasks to queue
[2023-12-15T22:09:32.735+0500] {logging_mixin.py:154} INFO - [2023-12-15T22:09:32.735+0500] {dagbag.py:536} INFO - Filling up the DagBag from /home/amina/airflow/dags/airflow_dag.py
[2023-12-15T22:09:33.056+0500] {processor.py:839} INFO - DAG(s) dict_keys(['etl_dag2']) retrieved from /home/amina/airflow/dags/airflow_dag.py
[2023-12-15T22:09:33.985+0500] {logging_mixin.py:154} INFO - [2023-12-15T22:09:33.984+0500] {dag.py:2941} INFO - Sync 1 DAGs
[2023-12-15T22:09:35.974+0500] {logging_mixin.py:154} INFO - [2023-12-15T22:09:35.973+0500] {dag.py:3722} INFO - Setting next_dagrun for etl_dag2 to 2023-12-15T00:00:00+00:00, run_after=2023-12-16T00:00:00+00:00
[2023-12-15T22:09:36.086+0500] {processor.py:179} INFO - Processing /home/amina/airflow/dags/airflow_dag.py took 3.355 seconds
[2023-12-15T22:10:37.262+0500] {processor.py:157} INFO - Started process (PID=9312) to work on /home/amina/airflow/dags/airflow_dag.py
[2023-12-15T22:10:37.335+0500] {processor.py:829} INFO - Processing file /home/amina/airflow/dags/airflow_dag.py for tasks to queue
[2023-12-15T22:10:37.336+0500] {logging_mixin.py:154} INFO - [2023-12-15T22:10:37.335+0500] {dagbag.py:536} INFO - Filling up the DagBag from /home/amina/airflow/dags/airflow_dag.py
[2023-12-15T22:10:37.655+0500] {processor.py:839} INFO - DAG(s) dict_keys(['etl_dag2']) retrieved from /home/amina/airflow/dags/airflow_dag.py
[2023-12-15T22:10:37.671+0500] {logging_mixin.py:154} INFO - [2023-12-15T22:10:37.670+0500] {dag.py:2941} INFO - Sync 1 DAGs
[2023-12-15T22:10:37.692+0500] {logging_mixin.py:154} INFO - [2023-12-15T22:10:37.692+0500] {dag.py:3722} INFO - Setting next_dagrun for etl_dag2 to 2023-12-15T00:00:00+00:00, run_after=2023-12-16T00:00:00+00:00
[2023-12-15T22:10:37.820+0500] {processor.py:179} INFO - Processing /home/amina/airflow/dags/airflow_dag.py took 0.561 seconds
[2023-12-15T22:11:08.776+0500] {processor.py:157} INFO - Started process (PID=9346) to work on /home/amina/airflow/dags/airflow_dag.py
[2023-12-15T22:11:08.776+0500] {processor.py:829} INFO - Processing file /home/amina/airflow/dags/airflow_dag.py for tasks to queue
[2023-12-15T22:11:08.778+0500] {logging_mixin.py:154} INFO - [2023-12-15T22:11:08.777+0500] {dagbag.py:536} INFO - Filling up the DagBag from /home/amina/airflow/dags/airflow_dag.py
[2023-12-15T22:11:09.132+0500] {processor.py:839} INFO - DAG(s) dict_keys(['etl_dag2']) retrieved from /home/amina/airflow/dags/airflow_dag.py
[2023-12-15T22:11:09.147+0500] {logging_mixin.py:154} INFO - [2023-12-15T22:11:09.147+0500] {dag.py:2941} INFO - Sync 1 DAGs
[2023-12-15T22:11:09.168+0500] {logging_mixin.py:154} INFO - [2023-12-15T22:11:09.168+0500] {dag.py:3722} INFO - Setting next_dagrun for etl_dag2 to 2023-12-15T00:00:00+00:00, run_after=2023-12-16T00:00:00+00:00
[2023-12-15T22:11:09.301+0500] {processor.py:179} INFO - Processing /home/amina/airflow/dags/airflow_dag.py took 0.528 seconds
[2023-12-15T22:12:03.855+0500] {processor.py:157} INFO - Started process (PID=9404) to work on /home/amina/airflow/dags/airflow_dag.py
[2023-12-15T22:12:03.907+0500] {processor.py:829} INFO - Processing file /home/amina/airflow/dags/airflow_dag.py for tasks to queue
[2023-12-15T22:12:03.908+0500] {logging_mixin.py:154} INFO - [2023-12-15T22:12:03.908+0500] {dagbag.py:536} INFO - Filling up the DagBag from /home/amina/airflow/dags/airflow_dag.py
[2023-12-15T22:12:04.213+0500] {processor.py:839} INFO - DAG(s) dict_keys(['etl_dag2']) retrieved from /home/amina/airflow/dags/airflow_dag.py
[2023-12-15T22:12:04.227+0500] {logging_mixin.py:154} INFO - [2023-12-15T22:12:04.227+0500] {dag.py:2941} INFO - Sync 1 DAGs
[2023-12-15T22:12:04.247+0500] {logging_mixin.py:154} INFO - [2023-12-15T22:12:04.246+0500] {dag.py:3722} INFO - Setting next_dagrun for etl_dag2 to 2023-12-15T00:00:00+00:00, run_after=2023-12-16T00:00:00+00:00
[2023-12-15T22:12:04.368+0500] {processor.py:179} INFO - Processing /home/amina/airflow/dags/airflow_dag.py took 0.516 seconds
[2023-12-15T22:12:36.268+0500] {processor.py:157} INFO - Started process (PID=9439) to work on /home/amina/airflow/dags/airflow_dag.py
[2023-12-15T22:12:36.269+0500] {processor.py:829} INFO - Processing file /home/amina/airflow/dags/airflow_dag.py for tasks to queue
[2023-12-15T22:12:36.270+0500] {logging_mixin.py:154} INFO - [2023-12-15T22:12:36.269+0500] {dagbag.py:536} INFO - Filling up the DagBag from /home/amina/airflow/dags/airflow_dag.py
[2023-12-15T22:12:36.568+0500] {processor.py:839} INFO - DAG(s) dict_keys(['etl_dag2']) retrieved from /home/amina/airflow/dags/airflow_dag.py
[2023-12-15T22:12:36.583+0500] {logging_mixin.py:154} INFO - [2023-12-15T22:12:36.583+0500] {dag.py:2941} INFO - Sync 1 DAGs
[2023-12-15T22:12:36.607+0500] {logging_mixin.py:154} INFO - [2023-12-15T22:12:36.607+0500] {dag.py:3722} INFO - Setting next_dagrun for etl_dag2 to 2023-12-15T00:00:00+00:00, run_after=2023-12-16T00:00:00+00:00
[2023-12-15T22:12:36.719+0500] {processor.py:179} INFO - Processing /home/amina/airflow/dags/airflow_dag.py took 0.454 seconds
[2023-12-15T22:13:27.169+0500] {processor.py:157} INFO - Started process (PID=9491) to work on /home/amina/airflow/dags/airflow_dag.py
[2023-12-15T22:13:27.215+0500] {processor.py:829} INFO - Processing file /home/amina/airflow/dags/airflow_dag.py for tasks to queue
[2023-12-15T22:13:27.216+0500] {logging_mixin.py:154} INFO - [2023-12-15T22:13:27.215+0500] {dagbag.py:536} INFO - Filling up the DagBag from /home/amina/airflow/dags/airflow_dag.py
[2023-12-15T22:13:27.486+0500] {processor.py:839} INFO - DAG(s) dict_keys(['etl_dag2']) retrieved from /home/amina/airflow/dags/airflow_dag.py
[2023-12-15T22:13:27.498+0500] {logging_mixin.py:154} INFO - [2023-12-15T22:13:27.498+0500] {dag.py:2941} INFO - Sync 1 DAGs
[2023-12-15T22:13:27.516+0500] {logging_mixin.py:154} INFO - [2023-12-15T22:13:27.516+0500] {dag.py:3722} INFO - Setting next_dagrun for etl_dag2 to 2023-12-15T00:00:00+00:00, run_after=2023-12-16T00:00:00+00:00
[2023-12-15T22:13:27.653+0500] {processor.py:179} INFO - Processing /home/amina/airflow/dags/airflow_dag.py took 0.487 seconds
[2023-12-15T22:14:14.940+0500] {processor.py:157} INFO - Started process (PID=9552) to work on /home/amina/airflow/dags/airflow_dag.py
[2023-12-15T22:14:14.980+0500] {processor.py:829} INFO - Processing file /home/amina/airflow/dags/airflow_dag.py for tasks to queue
[2023-12-15T22:14:14.981+0500] {logging_mixin.py:154} INFO - [2023-12-15T22:14:14.981+0500] {dagbag.py:536} INFO - Filling up the DagBag from /home/amina/airflow/dags/airflow_dag.py
[2023-12-15T22:14:15.258+0500] {processor.py:839} INFO - DAG(s) dict_keys(['etl_dag2']) retrieved from /home/amina/airflow/dags/airflow_dag.py
[2023-12-15T22:14:15.270+0500] {logging_mixin.py:154} INFO - [2023-12-15T22:14:15.270+0500] {dag.py:2941} INFO - Sync 1 DAGs
[2023-12-15T22:14:15.289+0500] {logging_mixin.py:154} INFO - [2023-12-15T22:14:15.289+0500] {dag.py:3722} INFO - Setting next_dagrun for etl_dag2 to 2023-12-15T00:00:00+00:00, run_after=2023-12-16T00:00:00+00:00
[2023-12-15T22:14:15.451+0500] {processor.py:179} INFO - Processing /home/amina/airflow/dags/airflow_dag.py took 0.514 seconds
[2023-12-15T22:14:42.132+0500] {processor.py:157} INFO - Started process (PID=9583) to work on /home/amina/airflow/dags/airflow_dag.py
[2023-12-15T22:14:42.133+0500] {processor.py:829} INFO - Processing file /home/amina/airflow/dags/airflow_dag.py for tasks to queue
[2023-12-15T22:14:42.134+0500] {logging_mixin.py:154} INFO - [2023-12-15T22:14:42.134+0500] {dagbag.py:536} INFO - Filling up the DagBag from /home/amina/airflow/dags/airflow_dag.py
[2023-12-15T22:14:42.470+0500] {processor.py:839} INFO - DAG(s) dict_keys(['etl_dag2']) retrieved from /home/amina/airflow/dags/airflow_dag.py
[2023-12-15T22:14:42.489+0500] {logging_mixin.py:154} INFO - [2023-12-15T22:14:42.489+0500] {dag.py:2941} INFO - Sync 1 DAGs
[2023-12-15T22:14:42.633+0500] {logging_mixin.py:154} INFO - [2023-12-15T22:14:42.632+0500] {dag.py:3722} INFO - Setting next_dagrun for etl_dag2 to 2023-12-15T00:00:00+00:00, run_after=2023-12-16T00:00:00+00:00
[2023-12-15T22:14:42.760+0500] {processor.py:179} INFO - Processing /home/amina/airflow/dags/airflow_dag.py took 0.632 seconds
[2023-12-15T22:15:30.691+0500] {processor.py:157} INFO - Started process (PID=9636) to work on /home/amina/airflow/dags/airflow_dag.py
[2023-12-15T22:15:30.737+0500] {processor.py:829} INFO - Processing file /home/amina/airflow/dags/airflow_dag.py for tasks to queue
[2023-12-15T22:15:30.738+0500] {logging_mixin.py:154} INFO - [2023-12-15T22:15:30.738+0500] {dagbag.py:536} INFO - Filling up the DagBag from /home/amina/airflow/dags/airflow_dag.py
[2023-12-15T22:15:31.036+0500] {processor.py:839} INFO - DAG(s) dict_keys(['etl_dag2']) retrieved from /home/amina/airflow/dags/airflow_dag.py
[2023-12-15T22:15:31.052+0500] {logging_mixin.py:154} INFO - [2023-12-15T22:15:31.052+0500] {dag.py:2941} INFO - Sync 1 DAGs
[2023-12-15T22:15:31.073+0500] {logging_mixin.py:154} INFO - [2023-12-15T22:15:31.073+0500] {dag.py:3722} INFO - Setting next_dagrun for etl_dag2 to 2023-12-15T00:00:00+00:00, run_after=2023-12-16T00:00:00+00:00
[2023-12-15T22:15:31.207+0500] {processor.py:179} INFO - Processing /home/amina/airflow/dags/airflow_dag.py took 0.520 seconds
[2023-12-15T22:16:08.496+0500] {processor.py:157} INFO - Started process (PID=9677) to work on /home/amina/airflow/dags/airflow_dag.py
[2023-12-15T22:16:08.529+0500] {processor.py:829} INFO - Processing file /home/amina/airflow/dags/airflow_dag.py for tasks to queue
[2023-12-15T22:16:08.530+0500] {logging_mixin.py:154} INFO - [2023-12-15T22:16:08.529+0500] {dagbag.py:536} INFO - Filling up the DagBag from /home/amina/airflow/dags/airflow_dag.py
[2023-12-15T22:16:08.841+0500] {processor.py:839} INFO - DAG(s) dict_keys(['etl_dag2']) retrieved from /home/amina/airflow/dags/airflow_dag.py
[2023-12-15T22:16:08.857+0500] {logging_mixin.py:154} INFO - [2023-12-15T22:16:08.857+0500] {dag.py:2941} INFO - Sync 1 DAGs
[2023-12-15T22:16:08.882+0500] {logging_mixin.py:154} INFO - [2023-12-15T22:16:08.882+0500] {dag.py:3722} INFO - Setting next_dagrun for etl_dag2 to 2023-12-15T00:00:00+00:00, run_after=2023-12-16T00:00:00+00:00
[2023-12-15T22:16:08.999+0500] {processor.py:179} INFO - Processing /home/amina/airflow/dags/airflow_dag.py took 0.506 seconds
[2023-12-15T22:16:39.396+0500] {processor.py:157} INFO - Started process (PID=9712) to work on /home/amina/airflow/dags/airflow_dag.py
[2023-12-15T22:16:39.397+0500] {processor.py:829} INFO - Processing file /home/amina/airflow/dags/airflow_dag.py for tasks to queue
[2023-12-15T22:16:39.398+0500] {logging_mixin.py:154} INFO - [2023-12-15T22:16:39.397+0500] {dagbag.py:536} INFO - Filling up the DagBag from /home/amina/airflow/dags/airflow_dag.py
[2023-12-15T22:16:39.729+0500] {processor.py:839} INFO - DAG(s) dict_keys(['etl_dag2']) retrieved from /home/amina/airflow/dags/airflow_dag.py
[2023-12-15T22:16:39.745+0500] {logging_mixin.py:154} INFO - [2023-12-15T22:16:39.745+0500] {dag.py:2941} INFO - Sync 1 DAGs
[2023-12-15T22:16:39.884+0500] {logging_mixin.py:154} INFO - [2023-12-15T22:16:39.884+0500] {dag.py:3722} INFO - Setting next_dagrun for etl_dag2 to 2023-12-15T00:00:00+00:00, run_after=2023-12-16T00:00:00+00:00
[2023-12-15T22:16:40.025+0500] {processor.py:179} INFO - Processing /home/amina/airflow/dags/airflow_dag.py took 0.632 seconds
[2023-12-15T22:17:12.093+0500] {processor.py:157} INFO - Started process (PID=9749) to work on /home/amina/airflow/dags/airflow_dag.py
[2023-12-15T22:17:12.116+0500] {processor.py:829} INFO - Processing file /home/amina/airflow/dags/airflow_dag.py for tasks to queue
[2023-12-15T22:17:12.117+0500] {logging_mixin.py:154} INFO - [2023-12-15T22:17:12.116+0500] {dagbag.py:536} INFO - Filling up the DagBag from /home/amina/airflow/dags/airflow_dag.py
[2023-12-15T22:17:12.666+0500] {processor.py:839} INFO - DAG(s) dict_keys(['etl_dag2']) retrieved from /home/amina/airflow/dags/airflow_dag.py
[2023-12-15T22:17:12.692+0500] {logging_mixin.py:154} INFO - [2023-12-15T22:17:12.692+0500] {dag.py:2941} INFO - Sync 1 DAGs
[2023-12-15T22:17:12.727+0500] {logging_mixin.py:154} INFO - [2023-12-15T22:17:12.727+0500] {dag.py:3722} INFO - Setting next_dagrun for etl_dag2 to 2023-12-15T00:00:00+00:00, run_after=2023-12-16T00:00:00+00:00
[2023-12-15T22:17:12.865+0500] {processor.py:179} INFO - Processing /home/amina/airflow/dags/airflow_dag.py took 0.775 seconds
[2023-12-15T22:17:45.369+0500] {processor.py:157} INFO - Started process (PID=9779) to work on /home/amina/airflow/dags/airflow_dag.py
[2023-12-15T22:17:45.370+0500] {processor.py:829} INFO - Processing file /home/amina/airflow/dags/airflow_dag.py for tasks to queue
[2023-12-15T22:17:45.371+0500] {logging_mixin.py:154} INFO - [2023-12-15T22:17:45.371+0500] {dagbag.py:536} INFO - Filling up the DagBag from /home/amina/airflow/dags/airflow_dag.py
[2023-12-15T22:17:45.661+0500] {processor.py:839} INFO - DAG(s) dict_keys(['etl_dag2']) retrieved from /home/amina/airflow/dags/airflow_dag.py
[2023-12-15T22:17:45.677+0500] {logging_mixin.py:154} INFO - [2023-12-15T22:17:45.677+0500] {dag.py:2941} INFO - Sync 1 DAGs
[2023-12-15T22:17:45.710+0500] {logging_mixin.py:154} INFO - [2023-12-15T22:17:45.710+0500] {dag.py:3722} INFO - Setting next_dagrun for etl_dag2 to 2023-12-15T00:00:00+00:00, run_after=2023-12-16T00:00:00+00:00
[2023-12-15T22:17:45.849+0500] {processor.py:179} INFO - Processing /home/amina/airflow/dags/airflow_dag.py took 0.484 seconds
[2023-12-15T22:18:16.001+0500] {processor.py:157} INFO - Started process (PID=9820) to work on /home/amina/airflow/dags/airflow_dag.py
[2023-12-15T22:18:16.031+0500] {processor.py:829} INFO - Processing file /home/amina/airflow/dags/airflow_dag.py for tasks to queue
[2023-12-15T22:18:16.032+0500] {logging_mixin.py:154} INFO - [2023-12-15T22:18:16.032+0500] {dagbag.py:536} INFO - Filling up the DagBag from /home/amina/airflow/dags/airflow_dag.py
[2023-12-15T22:18:16.338+0500] {processor.py:839} INFO - DAG(s) dict_keys(['etl_dag2']) retrieved from /home/amina/airflow/dags/airflow_dag.py
[2023-12-15T22:18:16.352+0500] {logging_mixin.py:154} INFO - [2023-12-15T22:18:16.352+0500] {dag.py:2941} INFO - Sync 1 DAGs
[2023-12-15T22:18:16.490+0500] {logging_mixin.py:154} INFO - [2023-12-15T22:18:16.490+0500] {dag.py:3722} INFO - Setting next_dagrun for etl_dag2 to 2023-12-15T00:00:00+00:00, run_after=2023-12-16T00:00:00+00:00
[2023-12-15T22:18:16.628+0500] {processor.py:179} INFO - Processing /home/amina/airflow/dags/airflow_dag.py took 0.630 seconds
[2023-12-15T22:18:47.056+0500] {processor.py:157} INFO - Started process (PID=9855) to work on /home/amina/airflow/dags/airflow_dag.py
[2023-12-15T22:18:47.056+0500] {processor.py:829} INFO - Processing file /home/amina/airflow/dags/airflow_dag.py for tasks to queue
[2023-12-15T22:18:47.057+0500] {logging_mixin.py:154} INFO - [2023-12-15T22:18:47.057+0500] {dagbag.py:536} INFO - Filling up the DagBag from /home/amina/airflow/dags/airflow_dag.py
[2023-12-15T22:18:47.363+0500] {processor.py:839} INFO - DAG(s) dict_keys(['etl_dag2']) retrieved from /home/amina/airflow/dags/airflow_dag.py
[2023-12-15T22:18:47.378+0500] {logging_mixin.py:154} INFO - [2023-12-15T22:18:47.378+0500] {dag.py:2941} INFO - Sync 1 DAGs
[2023-12-15T22:18:47.400+0500] {logging_mixin.py:154} INFO - [2023-12-15T22:18:47.400+0500] {dag.py:3722} INFO - Setting next_dagrun for etl_dag2 to 2023-12-15T00:00:00+00:00, run_after=2023-12-16T00:00:00+00:00
[2023-12-15T22:18:47.545+0500] {processor.py:179} INFO - Processing /home/amina/airflow/dags/airflow_dag.py took 0.492 seconds
[2023-12-15T22:19:18.471+0500] {processor.py:157} INFO - Started process (PID=9899) to work on /home/amina/airflow/dags/airflow_dag.py
[2023-12-15T22:19:18.506+0500] {processor.py:829} INFO - Processing file /home/amina/airflow/dags/airflow_dag.py for tasks to queue
[2023-12-15T22:19:18.507+0500] {logging_mixin.py:154} INFO - [2023-12-15T22:19:18.506+0500] {dagbag.py:536} INFO - Filling up the DagBag from /home/amina/airflow/dags/airflow_dag.py
[2023-12-15T22:19:18.811+0500] {processor.py:839} INFO - DAG(s) dict_keys(['etl_dag2']) retrieved from /home/amina/airflow/dags/airflow_dag.py
[2023-12-15T22:19:18.825+0500] {logging_mixin.py:154} INFO - [2023-12-15T22:19:18.825+0500] {dag.py:2941} INFO - Sync 1 DAGs
[2023-12-15T22:19:18.846+0500] {logging_mixin.py:154} INFO - [2023-12-15T22:19:18.846+0500] {dag.py:3722} INFO - Setting next_dagrun for etl_dag2 to 2023-12-15T00:00:00+00:00, run_after=2023-12-16T00:00:00+00:00
[2023-12-15T22:19:19.008+0500] {processor.py:179} INFO - Processing /home/amina/airflow/dags/airflow_dag.py took 0.540 seconds
[2023-12-15T22:19:50.468+0500] {processor.py:157} INFO - Started process (PID=9965) to work on /home/amina/airflow/dags/airflow_dag.py
[2023-12-15T22:19:50.494+0500] {processor.py:829} INFO - Processing file /home/amina/airflow/dags/airflow_dag.py for tasks to queue
[2023-12-15T22:19:50.495+0500] {logging_mixin.py:154} INFO - [2023-12-15T22:19:50.495+0500] {dagbag.py:536} INFO - Filling up the DagBag from /home/amina/airflow/dags/airflow_dag.py
[2023-12-15T22:19:50.848+0500] {processor.py:839} INFO - DAG(s) dict_keys(['etl_dag2']) retrieved from /home/amina/airflow/dags/airflow_dag.py
[2023-12-15T22:19:50.866+0500] {logging_mixin.py:154} INFO - [2023-12-15T22:19:50.865+0500] {dag.py:2941} INFO - Sync 1 DAGs
[2023-12-15T22:19:50.893+0500] {logging_mixin.py:154} INFO - [2023-12-15T22:19:50.893+0500] {dag.py:3722} INFO - Setting next_dagrun for etl_dag2 to 2023-12-15T00:00:00+00:00, run_after=2023-12-16T00:00:00+00:00
[2023-12-15T22:19:51.031+0500] {processor.py:179} INFO - Processing /home/amina/airflow/dags/airflow_dag.py took 0.566 seconds
[2023-12-15T22:20:27.596+0500] {processor.py:157} INFO - Started process (PID=10093) to work on /home/amina/airflow/dags/airflow_dag.py
[2023-12-15T22:20:27.612+0500] {processor.py:829} INFO - Processing file /home/amina/airflow/dags/airflow_dag.py for tasks to queue
[2023-12-15T22:20:27.613+0500] {logging_mixin.py:154} INFO - [2023-12-15T22:20:27.612+0500] {dagbag.py:536} INFO - Filling up the DagBag from /home/amina/airflow/dags/airflow_dag.py
[2023-12-15T22:20:27.913+0500] {processor.py:839} INFO - DAG(s) dict_keys(['etl_dag2']) retrieved from /home/amina/airflow/dags/airflow_dag.py
[2023-12-15T22:20:27.932+0500] {logging_mixin.py:154} INFO - [2023-12-15T22:20:27.932+0500] {dag.py:2941} INFO - Sync 1 DAGs
[2023-12-15T22:20:27.956+0500] {logging_mixin.py:154} INFO - [2023-12-15T22:20:27.956+0500] {dag.py:3722} INFO - Setting next_dagrun for etl_dag2 to 2023-12-15T00:00:00+00:00, run_after=2023-12-16T00:00:00+00:00
[2023-12-15T22:20:28.071+0500] {processor.py:179} INFO - Processing /home/amina/airflow/dags/airflow_dag.py took 0.478 seconds
[2023-12-15T22:21:02.364+0500] {processor.py:157} INFO - Started process (PID=10138) to work on /home/amina/airflow/dags/airflow_dag.py
[2023-12-15T22:21:02.395+0500] {processor.py:829} INFO - Processing file /home/amina/airflow/dags/airflow_dag.py for tasks to queue
[2023-12-15T22:21:02.396+0500] {logging_mixin.py:154} INFO - [2023-12-15T22:21:02.396+0500] {dagbag.py:536} INFO - Filling up the DagBag from /home/amina/airflow/dags/airflow_dag.py
[2023-12-15T22:21:02.711+0500] {processor.py:839} INFO - DAG(s) dict_keys(['etl_dag2']) retrieved from /home/amina/airflow/dags/airflow_dag.py
[2023-12-15T22:21:02.726+0500] {logging_mixin.py:154} INFO - [2023-12-15T22:21:02.725+0500] {dag.py:2941} INFO - Sync 1 DAGs
[2023-12-15T22:21:02.745+0500] {logging_mixin.py:154} INFO - [2023-12-15T22:21:02.745+0500] {dag.py:3722} INFO - Setting next_dagrun for etl_dag2 to 2023-12-15T00:00:00+00:00, run_after=2023-12-16T00:00:00+00:00
[2023-12-15T22:21:02.877+0500] {processor.py:179} INFO - Processing /home/amina/airflow/dags/airflow_dag.py took 0.516 seconds
[2023-12-15T22:21:52.911+0500] {processor.py:157} INFO - Started process (PID=10195) to work on /home/amina/airflow/dags/airflow_dag.py
[2023-12-15T22:21:52.962+0500] {processor.py:829} INFO - Processing file /home/amina/airflow/dags/airflow_dag.py for tasks to queue
[2023-12-15T22:21:52.963+0500] {logging_mixin.py:154} INFO - [2023-12-15T22:21:52.963+0500] {dagbag.py:536} INFO - Filling up the DagBag from /home/amina/airflow/dags/airflow_dag.py
[2023-12-15T22:21:53.241+0500] {processor.py:839} INFO - DAG(s) dict_keys(['etl_dag2']) retrieved from /home/amina/airflow/dags/airflow_dag.py
[2023-12-15T22:21:53.256+0500] {logging_mixin.py:154} INFO - [2023-12-15T22:21:53.256+0500] {dag.py:2941} INFO - Sync 1 DAGs
[2023-12-15T22:21:53.383+0500] {logging_mixin.py:154} INFO - [2023-12-15T22:21:53.382+0500] {dag.py:3722} INFO - Setting next_dagrun for etl_dag2 to 2023-12-15T00:00:00+00:00, run_after=2023-12-16T00:00:00+00:00
[2023-12-15T22:21:53.524+0500] {processor.py:179} INFO - Processing /home/amina/airflow/dags/airflow_dag.py took 0.618 seconds
[2023-12-15T22:22:46.316+0500] {processor.py:157} INFO - Started process (PID=10252) to work on /home/amina/airflow/dags/airflow_dag.py
[2023-12-15T22:22:46.340+0500] {processor.py:829} INFO - Processing file /home/amina/airflow/dags/airflow_dag.py for tasks to queue
[2023-12-15T22:22:46.342+0500] {logging_mixin.py:154} INFO - [2023-12-15T22:22:46.341+0500] {dagbag.py:536} INFO - Filling up the DagBag from /home/amina/airflow/dags/airflow_dag.py
[2023-12-15T22:22:46.671+0500] {processor.py:839} INFO - DAG(s) dict_keys(['etl_dag2']) retrieved from /home/amina/airflow/dags/airflow_dag.py
[2023-12-15T22:22:46.687+0500] {logging_mixin.py:154} INFO - [2023-12-15T22:22:46.687+0500] {dag.py:2941} INFO - Sync 1 DAGs
[2023-12-15T22:22:46.712+0500] {logging_mixin.py:154} INFO - [2023-12-15T22:22:46.711+0500] {dag.py:3722} INFO - Setting next_dagrun for etl_dag2 to 2023-12-15T00:00:00+00:00, run_after=2023-12-16T00:00:00+00:00
[2023-12-15T22:22:46.855+0500] {processor.py:179} INFO - Processing /home/amina/airflow/dags/airflow_dag.py took 0.543 seconds
[2023-12-15T22:23:39.607+0500] {processor.py:157} INFO - Started process (PID=10315) to work on /home/amina/airflow/dags/airflow_dag.py
[2023-12-15T22:23:39.619+0500] {processor.py:829} INFO - Processing file /home/amina/airflow/dags/airflow_dag.py for tasks to queue
[2023-12-15T22:23:39.620+0500] {logging_mixin.py:154} INFO - [2023-12-15T22:23:39.620+0500] {dagbag.py:536} INFO - Filling up the DagBag from /home/amina/airflow/dags/airflow_dag.py
[2023-12-15T22:23:39.905+0500] {processor.py:839} INFO - DAG(s) dict_keys(['etl_dag2']) retrieved from /home/amina/airflow/dags/airflow_dag.py
[2023-12-15T22:23:39.918+0500] {logging_mixin.py:154} INFO - [2023-12-15T22:23:39.918+0500] {dag.py:2941} INFO - Sync 1 DAGs
[2023-12-15T22:23:39.938+0500] {logging_mixin.py:154} INFO - [2023-12-15T22:23:39.938+0500] {dag.py:3722} INFO - Setting next_dagrun for etl_dag2 to 2023-12-15T00:00:00+00:00, run_after=2023-12-16T00:00:00+00:00
[2023-12-15T22:23:40.075+0500] {processor.py:179} INFO - Processing /home/amina/airflow/dags/airflow_dag.py took 0.471 seconds
[2023-12-15T22:24:30.689+0500] {processor.py:157} INFO - Started process (PID=10368) to work on /home/amina/airflow/dags/airflow_dag.py
[2023-12-15T22:24:30.725+0500] {processor.py:829} INFO - Processing file /home/amina/airflow/dags/airflow_dag.py for tasks to queue
[2023-12-15T22:24:30.726+0500] {logging_mixin.py:154} INFO - [2023-12-15T22:24:30.726+0500] {dagbag.py:536} INFO - Filling up the DagBag from /home/amina/airflow/dags/airflow_dag.py
[2023-12-15T22:24:31.070+0500] {processor.py:839} INFO - DAG(s) dict_keys(['etl_dag2']) retrieved from /home/amina/airflow/dags/airflow_dag.py
[2023-12-15T22:24:31.086+0500] {logging_mixin.py:154} INFO - [2023-12-15T22:24:31.086+0500] {dag.py:2941} INFO - Sync 1 DAGs
[2023-12-15T22:24:31.226+0500] {logging_mixin.py:154} INFO - [2023-12-15T22:24:31.226+0500] {dag.py:3722} INFO - Setting next_dagrun for etl_dag2 to 2023-12-15T00:00:00+00:00, run_after=2023-12-16T00:00:00+00:00
[2023-12-15T22:24:31.365+0500] {processor.py:179} INFO - Processing /home/amina/airflow/dags/airflow_dag.py took 0.679 seconds
[2023-12-15T22:25:26.801+0500] {processor.py:157} INFO - Started process (PID=10431) to work on /home/amina/airflow/dags/airflow_dag.py
[2023-12-15T22:25:26.857+0500] {processor.py:829} INFO - Processing file /home/amina/airflow/dags/airflow_dag.py for tasks to queue
[2023-12-15T22:25:26.858+0500] {logging_mixin.py:154} INFO - [2023-12-15T22:25:26.858+0500] {dagbag.py:536} INFO - Filling up the DagBag from /home/amina/airflow/dags/airflow_dag.py
[2023-12-15T22:25:27.183+0500] {processor.py:839} INFO - DAG(s) dict_keys(['etl_dag2']) retrieved from /home/amina/airflow/dags/airflow_dag.py
[2023-12-15T22:25:27.199+0500] {logging_mixin.py:154} INFO - [2023-12-15T22:25:27.199+0500] {dag.py:2941} INFO - Sync 1 DAGs
[2023-12-15T22:25:27.220+0500] {logging_mixin.py:154} INFO - [2023-12-15T22:25:27.220+0500] {dag.py:3722} INFO - Setting next_dagrun for etl_dag2 to 2023-12-15T00:00:00+00:00, run_after=2023-12-16T00:00:00+00:00
[2023-12-15T22:25:27.350+0500] {processor.py:179} INFO - Processing /home/amina/airflow/dags/airflow_dag.py took 0.552 seconds
[2023-12-15T22:26:24.019+0500] {processor.py:157} INFO - Started process (PID=10483) to work on /home/amina/airflow/dags/airflow_dag.py
[2023-12-15T22:26:24.049+0500] {processor.py:829} INFO - Processing file /home/amina/airflow/dags/airflow_dag.py for tasks to queue
[2023-12-15T22:26:24.050+0500] {logging_mixin.py:154} INFO - [2023-12-15T22:26:24.050+0500] {dagbag.py:536} INFO - Filling up the DagBag from /home/amina/airflow/dags/airflow_dag.py
[2023-12-15T22:26:24.429+0500] {processor.py:839} INFO - DAG(s) dict_keys(['etl_dag2']) retrieved from /home/amina/airflow/dags/airflow_dag.py
[2023-12-15T22:26:24.452+0500] {logging_mixin.py:154} INFO - [2023-12-15T22:26:24.451+0500] {dag.py:2941} INFO - Sync 1 DAGs
[2023-12-15T22:26:24.625+0500] {logging_mixin.py:154} INFO - [2023-12-15T22:26:24.624+0500] {dag.py:3722} INFO - Setting next_dagrun for etl_dag2 to 2023-12-15T00:00:00+00:00, run_after=2023-12-16T00:00:00+00:00
[2023-12-15T22:26:24.762+0500] {processor.py:179} INFO - Processing /home/amina/airflow/dags/airflow_dag.py took 0.746 seconds
[2023-12-15T22:27:17.409+0500] {processor.py:157} INFO - Started process (PID=10540) to work on /home/amina/airflow/dags/airflow_dag.py
[2023-12-15T22:27:17.443+0500] {processor.py:829} INFO - Processing file /home/amina/airflow/dags/airflow_dag.py for tasks to queue
[2023-12-15T22:27:17.444+0500] {logging_mixin.py:154} INFO - [2023-12-15T22:27:17.443+0500] {dagbag.py:536} INFO - Filling up the DagBag from /home/amina/airflow/dags/airflow_dag.py
[2023-12-15T22:27:17.828+0500] {processor.py:839} INFO - DAG(s) dict_keys(['etl_dag2']) retrieved from /home/amina/airflow/dags/airflow_dag.py
[2023-12-15T22:27:17.846+0500] {logging_mixin.py:154} INFO - [2023-12-15T22:27:17.846+0500] {dag.py:2941} INFO - Sync 1 DAGs
[2023-12-15T22:27:17.869+0500] {logging_mixin.py:154} INFO - [2023-12-15T22:27:17.869+0500] {dag.py:3722} INFO - Setting next_dagrun for etl_dag2 to 2023-12-15T00:00:00+00:00, run_after=2023-12-16T00:00:00+00:00
[2023-12-15T22:27:18.020+0500] {processor.py:179} INFO - Processing /home/amina/airflow/dags/airflow_dag.py took 0.615 seconds
[2023-12-15T22:28:09.459+0500] {processor.py:157} INFO - Started process (PID=10594) to work on /home/amina/airflow/dags/airflow_dag.py
[2023-12-15T22:28:09.484+0500] {processor.py:829} INFO - Processing file /home/amina/airflow/dags/airflow_dag.py for tasks to queue
[2023-12-15T22:28:09.486+0500] {logging_mixin.py:154} INFO - [2023-12-15T22:28:09.485+0500] {dagbag.py:536} INFO - Filling up the DagBag from /home/amina/airflow/dags/airflow_dag.py
[2023-12-15T22:28:09.809+0500] {processor.py:839} INFO - DAG(s) dict_keys(['etl_dag2']) retrieved from /home/amina/airflow/dags/airflow_dag.py
[2023-12-15T22:28:09.826+0500] {logging_mixin.py:154} INFO - [2023-12-15T22:28:09.825+0500] {dag.py:2941} INFO - Sync 1 DAGs
[2023-12-15T22:28:09.956+0500] {logging_mixin.py:154} INFO - [2023-12-15T22:28:09.956+0500] {dag.py:3722} INFO - Setting next_dagrun for etl_dag2 to 2023-12-15T00:00:00+00:00, run_after=2023-12-16T00:00:00+00:00
[2023-12-15T22:28:10.101+0500] {processor.py:179} INFO - Processing /home/amina/airflow/dags/airflow_dag.py took 0.645 seconds
[2023-12-15T22:29:03.605+0500] {processor.py:157} INFO - Started process (PID=10665) to work on /home/amina/airflow/dags/airflow_dag.py
[2023-12-15T22:29:03.626+0500] {processor.py:829} INFO - Processing file /home/amina/airflow/dags/airflow_dag.py for tasks to queue
[2023-12-15T22:29:03.627+0500] {logging_mixin.py:154} INFO - [2023-12-15T22:29:03.626+0500] {dagbag.py:536} INFO - Filling up the DagBag from /home/amina/airflow/dags/airflow_dag.py
[2023-12-15T22:29:03.981+0500] {processor.py:839} INFO - DAG(s) dict_keys(['etl_dag2']) retrieved from /home/amina/airflow/dags/airflow_dag.py
[2023-12-15T22:29:03.996+0500] {logging_mixin.py:154} INFO - [2023-12-15T22:29:03.996+0500] {dag.py:2941} INFO - Sync 1 DAGs
[2023-12-15T22:29:04.018+0500] {logging_mixin.py:154} INFO - [2023-12-15T22:29:04.018+0500] {dag.py:3722} INFO - Setting next_dagrun for etl_dag2 to 2023-12-15T00:00:00+00:00, run_after=2023-12-16T00:00:00+00:00
[2023-12-15T22:29:04.279+0500] {processor.py:179} INFO - Processing /home/amina/airflow/dags/airflow_dag.py took 0.677 seconds
[2023-12-15T22:30:19.923+0500] {processor.py:157} INFO - Started process (PID=10769) to work on /home/amina/airflow/dags/airflow_dag.py
[2023-12-15T22:30:19.929+0500] {processor.py:829} INFO - Processing file /home/amina/airflow/dags/airflow_dag.py for tasks to queue
[2023-12-15T22:30:19.930+0500] {logging_mixin.py:154} INFO - [2023-12-15T22:30:19.929+0500] {dagbag.py:536} INFO - Filling up the DagBag from /home/amina/airflow/dags/airflow_dag.py
[2023-12-15T22:30:20.382+0500] {processor.py:839} INFO - DAG(s) dict_keys(['etl_dag2']) retrieved from /home/amina/airflow/dags/airflow_dag.py
[2023-12-15T22:30:20.559+0500] {logging_mixin.py:154} INFO - [2023-12-15T22:30:20.559+0500] {dag.py:2941} INFO - Sync 1 DAGs
[2023-12-15T22:30:20.583+0500] {logging_mixin.py:154} INFO - [2023-12-15T22:30:20.583+0500] {dag.py:3722} INFO - Setting next_dagrun for etl_dag2 to 2023-12-15T00:00:00+00:00, run_after=2023-12-16T00:00:00+00:00
[2023-12-15T22:30:20.966+0500] {processor.py:179} INFO - Processing /home/amina/airflow/dags/airflow_dag.py took 1.048 seconds
[2023-12-15T22:30:59.893+0500] {processor.py:157} INFO - Started process (PID=10807) to work on /home/amina/airflow/dags/airflow_dag.py
[2023-12-15T22:30:59.912+0500] {processor.py:829} INFO - Processing file /home/amina/airflow/dags/airflow_dag.py for tasks to queue
[2023-12-15T22:30:59.913+0500] {logging_mixin.py:154} INFO - [2023-12-15T22:30:59.913+0500] {dagbag.py:536} INFO - Filling up the DagBag from /home/amina/airflow/dags/airflow_dag.py
[2023-12-15T22:31:00.362+0500] {processor.py:839} INFO - DAG(s) dict_keys(['etl_dag2']) retrieved from /home/amina/airflow/dags/airflow_dag.py
[2023-12-15T22:31:00.379+0500] {logging_mixin.py:154} INFO - [2023-12-15T22:31:00.379+0500] {dag.py:2941} INFO - Sync 1 DAGs
[2023-12-15T22:31:00.406+0500] {logging_mixin.py:154} INFO - [2023-12-15T22:31:00.406+0500] {dag.py:3722} INFO - Setting next_dagrun for etl_dag2 to 2023-12-15T00:00:00+00:00, run_after=2023-12-16T00:00:00+00:00
[2023-12-15T22:31:00.555+0500] {processor.py:179} INFO - Processing /home/amina/airflow/dags/airflow_dag.py took 0.665 seconds
[2023-12-15T22:31:51.211+0500] {processor.py:157} INFO - Started process (PID=10859) to work on /home/amina/airflow/dags/airflow_dag.py
[2023-12-15T22:31:51.268+0500] {processor.py:829} INFO - Processing file /home/amina/airflow/dags/airflow_dag.py for tasks to queue
[2023-12-15T22:31:51.269+0500] {logging_mixin.py:154} INFO - [2023-12-15T22:31:51.269+0500] {dagbag.py:536} INFO - Filling up the DagBag from /home/amina/airflow/dags/airflow_dag.py
[2023-12-15T22:31:51.607+0500] {processor.py:839} INFO - DAG(s) dict_keys(['etl_dag2']) retrieved from /home/amina/airflow/dags/airflow_dag.py
[2023-12-15T22:31:51.742+0500] {logging_mixin.py:154} INFO - [2023-12-15T22:31:51.742+0500] {dag.py:2941} INFO - Sync 1 DAGs
[2023-12-15T22:31:51.763+0500] {logging_mixin.py:154} INFO - [2023-12-15T22:31:51.763+0500] {dag.py:3722} INFO - Setting next_dagrun for etl_dag2 to 2023-12-15T00:00:00+00:00, run_after=2023-12-16T00:00:00+00:00
[2023-12-15T22:31:51.899+0500] {processor.py:179} INFO - Processing /home/amina/airflow/dags/airflow_dag.py took 0.691 seconds
[2023-12-15T22:32:45.255+0500] {processor.py:157} INFO - Started process (PID=10921) to work on /home/amina/airflow/dags/airflow_dag.py
[2023-12-15T22:32:45.340+0500] {processor.py:829} INFO - Processing file /home/amina/airflow/dags/airflow_dag.py for tasks to queue
[2023-12-15T22:32:45.341+0500] {logging_mixin.py:154} INFO - [2023-12-15T22:32:45.341+0500] {dagbag.py:536} INFO - Filling up the DagBag from /home/amina/airflow/dags/airflow_dag.py
[2023-12-15T22:32:45.659+0500] {processor.py:839} INFO - DAG(s) dict_keys(['etl_dag2']) retrieved from /home/amina/airflow/dags/airflow_dag.py
[2023-12-15T22:32:45.675+0500] {logging_mixin.py:154} INFO - [2023-12-15T22:32:45.675+0500] {dag.py:2941} INFO - Sync 1 DAGs
[2023-12-15T22:32:45.701+0500] {logging_mixin.py:154} INFO - [2023-12-15T22:32:45.701+0500] {dag.py:3722} INFO - Setting next_dagrun for etl_dag2 to 2023-12-15T00:00:00+00:00, run_after=2023-12-16T00:00:00+00:00
[2023-12-15T22:32:45.957+0500] {processor.py:179} INFO - Processing /home/amina/airflow/dags/airflow_dag.py took 0.705 seconds
[2023-12-15T22:33:39.555+0500] {processor.py:157} INFO - Started process (PID=10973) to work on /home/amina/airflow/dags/airflow_dag.py
[2023-12-15T22:33:39.618+0500] {processor.py:829} INFO - Processing file /home/amina/airflow/dags/airflow_dag.py for tasks to queue
[2023-12-15T22:33:39.619+0500] {logging_mixin.py:154} INFO - [2023-12-15T22:33:39.618+0500] {dagbag.py:536} INFO - Filling up the DagBag from /home/amina/airflow/dags/airflow_dag.py
[2023-12-15T22:33:39.965+0500] {processor.py:839} INFO - DAG(s) dict_keys(['etl_dag2']) retrieved from /home/amina/airflow/dags/airflow_dag.py
[2023-12-15T22:33:39.983+0500] {logging_mixin.py:154} INFO - [2023-12-15T22:33:39.982+0500] {dag.py:2941} INFO - Sync 1 DAGs
[2023-12-15T22:33:40.011+0500] {logging_mixin.py:154} INFO - [2023-12-15T22:33:40.011+0500] {dag.py:3722} INFO - Setting next_dagrun for etl_dag2 to 2023-12-15T00:00:00+00:00, run_after=2023-12-16T00:00:00+00:00
[2023-12-15T22:33:40.162+0500] {processor.py:179} INFO - Processing /home/amina/airflow/dags/airflow_dag.py took 0.610 seconds
[2023-12-15T22:34:33.101+0500] {processor.py:157} INFO - Started process (PID=11037) to work on /home/amina/airflow/dags/airflow_dag.py
[2023-12-15T22:34:33.103+0500] {processor.py:829} INFO - Processing file /home/amina/airflow/dags/airflow_dag.py for tasks to queue
[2023-12-15T22:34:33.104+0500] {logging_mixin.py:154} INFO - [2023-12-15T22:34:33.104+0500] {dagbag.py:536} INFO - Filling up the DagBag from /home/amina/airflow/dags/airflow_dag.py
[2023-12-15T22:34:33.442+0500] {processor.py:839} INFO - DAG(s) dict_keys(['etl_dag2']) retrieved from /home/amina/airflow/dags/airflow_dag.py
[2023-12-15T22:34:33.462+0500] {logging_mixin.py:154} INFO - [2023-12-15T22:34:33.462+0500] {dag.py:2941} INFO - Sync 1 DAGs
[2023-12-15T22:34:33.618+0500] {logging_mixin.py:154} INFO - [2023-12-15T22:34:33.618+0500] {dag.py:3722} INFO - Setting next_dagrun for etl_dag2 to 2023-12-15T00:00:00+00:00, run_after=2023-12-16T00:00:00+00:00
[2023-12-15T22:34:33.762+0500] {processor.py:179} INFO - Processing /home/amina/airflow/dags/airflow_dag.py took 0.664 seconds
[2023-12-15T22:35:28.780+0500] {processor.py:157} INFO - Started process (PID=11106) to work on /home/amina/airflow/dags/airflow_dag.py
[2023-12-15T22:35:28.797+0500] {processor.py:829} INFO - Processing file /home/amina/airflow/dags/airflow_dag.py for tasks to queue
[2023-12-15T22:35:28.798+0500] {logging_mixin.py:154} INFO - [2023-12-15T22:35:28.798+0500] {dagbag.py:536} INFO - Filling up the DagBag from /home/amina/airflow/dags/airflow_dag.py
[2023-12-15T22:35:29.134+0500] {processor.py:839} INFO - DAG(s) dict_keys(['etl_dag2']) retrieved from /home/amina/airflow/dags/airflow_dag.py
[2023-12-15T22:35:29.152+0500] {logging_mixin.py:154} INFO - [2023-12-15T22:35:29.152+0500] {dag.py:2941} INFO - Sync 1 DAGs
[2023-12-15T22:35:29.177+0500] {logging_mixin.py:154} INFO - [2023-12-15T22:35:29.177+0500] {dag.py:3722} INFO - Setting next_dagrun for etl_dag2 to 2023-12-15T00:00:00+00:00, run_after=2023-12-16T00:00:00+00:00
[2023-12-15T22:35:29.324+0500] {processor.py:179} INFO - Processing /home/amina/airflow/dags/airflow_dag.py took 0.548 seconds
[2023-12-15T22:36:24.127+0500] {processor.py:157} INFO - Started process (PID=11164) to work on /home/amina/airflow/dags/airflow_dag.py
[2023-12-15T22:36:24.140+0500] {processor.py:829} INFO - Processing file /home/amina/airflow/dags/airflow_dag.py for tasks to queue
[2023-12-15T22:36:24.141+0500] {logging_mixin.py:154} INFO - [2023-12-15T22:36:24.141+0500] {dagbag.py:536} INFO - Filling up the DagBag from /home/amina/airflow/dags/airflow_dag.py
[2023-12-15T22:36:24.414+0500] {processor.py:839} INFO - DAG(s) dict_keys(['etl_dag2']) retrieved from /home/amina/airflow/dags/airflow_dag.py
[2023-12-15T22:36:24.541+0500] {logging_mixin.py:154} INFO - [2023-12-15T22:36:24.540+0500] {dag.py:2941} INFO - Sync 1 DAGs
[2023-12-15T22:36:24.561+0500] {logging_mixin.py:154} INFO - [2023-12-15T22:36:24.561+0500] {dag.py:3722} INFO - Setting next_dagrun for etl_dag2 to 2023-12-15T00:00:00+00:00, run_after=2023-12-16T00:00:00+00:00
[2023-12-15T22:36:24.716+0500] {processor.py:179} INFO - Processing /home/amina/airflow/dags/airflow_dag.py took 0.592 seconds
[2023-12-15T22:37:20.826+0500] {processor.py:157} INFO - Started process (PID=11221) to work on /home/amina/airflow/dags/airflow_dag.py
[2023-12-15T22:37:20.844+0500] {processor.py:829} INFO - Processing file /home/amina/airflow/dags/airflow_dag.py for tasks to queue
[2023-12-15T22:37:20.845+0500] {logging_mixin.py:154} INFO - [2023-12-15T22:37:20.845+0500] {dagbag.py:536} INFO - Filling up the DagBag from /home/amina/airflow/dags/airflow_dag.py
[2023-12-15T22:37:21.252+0500] {processor.py:839} INFO - DAG(s) dict_keys(['etl_dag2']) retrieved from /home/amina/airflow/dags/airflow_dag.py
[2023-12-15T22:37:21.263+0500] {logging_mixin.py:154} INFO - [2023-12-15T22:37:21.263+0500] {dag.py:2941} INFO - Sync 1 DAGs
[2023-12-15T22:37:21.289+0500] {logging_mixin.py:154} INFO - [2023-12-15T22:37:21.288+0500] {dag.py:3722} INFO - Setting next_dagrun for etl_dag2 to 2023-12-15T00:00:00+00:00, run_after=2023-12-16T00:00:00+00:00
[2023-12-15T22:37:21.459+0500] {processor.py:179} INFO - Processing /home/amina/airflow/dags/airflow_dag.py took 0.637 seconds
[2023-12-15T22:38:15.131+0500] {processor.py:157} INFO - Started process (PID=11276) to work on /home/amina/airflow/dags/airflow_dag.py
[2023-12-15T22:38:15.179+0500] {processor.py:829} INFO - Processing file /home/amina/airflow/dags/airflow_dag.py for tasks to queue
[2023-12-15T22:38:15.180+0500] {logging_mixin.py:154} INFO - [2023-12-15T22:38:15.179+0500] {dagbag.py:536} INFO - Filling up the DagBag from /home/amina/airflow/dags/airflow_dag.py
[2023-12-15T22:38:15.538+0500] {processor.py:839} INFO - DAG(s) dict_keys(['etl_dag2']) retrieved from /home/amina/airflow/dags/airflow_dag.py
[2023-12-15T22:38:15.548+0500] {logging_mixin.py:154} INFO - [2023-12-15T22:38:15.548+0500] {dag.py:2941} INFO - Sync 1 DAGs
[2023-12-15T22:38:15.564+0500] {logging_mixin.py:154} INFO - [2023-12-15T22:38:15.563+0500] {dag.py:3722} INFO - Setting next_dagrun for etl_dag2 to 2023-12-15T00:00:00+00:00, run_after=2023-12-16T00:00:00+00:00
[2023-12-15T22:38:15.701+0500] {processor.py:179} INFO - Processing /home/amina/airflow/dags/airflow_dag.py took 0.574 seconds
[2023-12-15T22:39:06.115+0500] {processor.py:157} INFO - Started process (PID=11329) to work on /home/amina/airflow/dags/airflow_dag.py
[2023-12-15T22:39:06.141+0500] {processor.py:829} INFO - Processing file /home/amina/airflow/dags/airflow_dag.py for tasks to queue
[2023-12-15T22:39:06.142+0500] {logging_mixin.py:154} INFO - [2023-12-15T22:39:06.142+0500] {dagbag.py:536} INFO - Filling up the DagBag from /home/amina/airflow/dags/airflow_dag.py
[2023-12-15T22:39:06.514+0500] {processor.py:839} INFO - DAG(s) dict_keys(['etl_dag2']) retrieved from /home/amina/airflow/dags/airflow_dag.py
[2023-12-15T22:39:06.525+0500] {logging_mixin.py:154} INFO - [2023-12-15T22:39:06.525+0500] {dag.py:2941} INFO - Sync 1 DAGs
[2023-12-15T22:39:06.544+0500] {logging_mixin.py:154} INFO - [2023-12-15T22:39:06.544+0500] {dag.py:3722} INFO - Setting next_dagrun for etl_dag2 to 2023-12-15T00:00:00+00:00, run_after=2023-12-16T00:00:00+00:00
[2023-12-15T22:39:06.670+0500] {processor.py:179} INFO - Processing /home/amina/airflow/dags/airflow_dag.py took 0.560 seconds
[2023-12-15T22:40:00.349+0500] {processor.py:157} INFO - Started process (PID=11390) to work on /home/amina/airflow/dags/airflow_dag.py
[2023-12-15T22:40:00.386+0500] {processor.py:829} INFO - Processing file /home/amina/airflow/dags/airflow_dag.py for tasks to queue
[2023-12-15T22:40:00.387+0500] {logging_mixin.py:154} INFO - [2023-12-15T22:40:00.387+0500] {dagbag.py:536} INFO - Filling up the DagBag from /home/amina/airflow/dags/airflow_dag.py
[2023-12-15T22:40:00.834+0500] {processor.py:839} INFO - DAG(s) dict_keys(['etl_dag2']) retrieved from /home/amina/airflow/dags/airflow_dag.py
[2023-12-15T22:40:00.856+0500] {logging_mixin.py:154} INFO - [2023-12-15T22:40:00.856+0500] {dag.py:2941} INFO - Sync 1 DAGs
[2023-12-15T22:40:00.888+0500] {logging_mixin.py:154} INFO - [2023-12-15T22:40:00.887+0500] {dag.py:3722} INFO - Setting next_dagrun for etl_dag2 to 2023-12-15T00:00:00+00:00, run_after=2023-12-16T00:00:00+00:00
[2023-12-15T22:40:01.069+0500] {processor.py:179} INFO - Processing /home/amina/airflow/dags/airflow_dag.py took 0.723 seconds
[2023-12-15T22:40:58.121+0500] {processor.py:157} INFO - Started process (PID=11528) to work on /home/amina/airflow/dags/airflow_dag.py
[2023-12-15T22:40:58.138+0500] {processor.py:829} INFO - Processing file /home/amina/airflow/dags/airflow_dag.py for tasks to queue
[2023-12-15T22:40:58.139+0500] {logging_mixin.py:154} INFO - [2023-12-15T22:40:58.139+0500] {dagbag.py:536} INFO - Filling up the DagBag from /home/amina/airflow/dags/airflow_dag.py
[2023-12-15T22:40:58.413+0500] {processor.py:839} INFO - DAG(s) dict_keys(['etl_dag2']) retrieved from /home/amina/airflow/dags/airflow_dag.py
[2023-12-15T22:40:58.528+0500] {logging_mixin.py:154} INFO - [2023-12-15T22:40:58.527+0500] {dag.py:2941} INFO - Sync 1 DAGs
[2023-12-15T22:40:58.548+0500] {logging_mixin.py:154} INFO - [2023-12-15T22:40:58.547+0500] {dag.py:3722} INFO - Setting next_dagrun for etl_dag2 to 2023-12-15T00:00:00+00:00, run_after=2023-12-16T00:00:00+00:00
[2023-12-15T22:40:58.707+0500] {processor.py:179} INFO - Processing /home/amina/airflow/dags/airflow_dag.py took 0.589 seconds
[2023-12-15T22:41:51.355+0500] {processor.py:157} INFO - Started process (PID=11602) to work on /home/amina/airflow/dags/airflow_dag.py
[2023-12-15T22:41:51.365+0500] {processor.py:829} INFO - Processing file /home/amina/airflow/dags/airflow_dag.py for tasks to queue
[2023-12-15T22:41:51.365+0500] {logging_mixin.py:154} INFO - [2023-12-15T22:41:51.365+0500] {dagbag.py:536} INFO - Filling up the DagBag from /home/amina/airflow/dags/airflow_dag.py
[2023-12-15T22:41:51.725+0500] {processor.py:839} INFO - DAG(s) dict_keys(['etl_dag2']) retrieved from /home/amina/airflow/dags/airflow_dag.py
[2023-12-15T22:41:51.735+0500] {logging_mixin.py:154} INFO - [2023-12-15T22:41:51.735+0500] {dag.py:2941} INFO - Sync 1 DAGs
[2023-12-15T22:41:51.753+0500] {logging_mixin.py:154} INFO - [2023-12-15T22:41:51.752+0500] {dag.py:3722} INFO - Setting next_dagrun for etl_dag2 to 2023-12-15T00:00:00+00:00, run_after=2023-12-16T00:00:00+00:00
[2023-12-15T22:41:51.907+0500] {processor.py:179} INFO - Processing /home/amina/airflow/dags/airflow_dag.py took 0.554 seconds
[2023-12-15T22:42:43.567+0500] {processor.py:157} INFO - Started process (PID=11657) to work on /home/amina/airflow/dags/airflow_dag.py
[2023-12-15T22:42:43.579+0500] {processor.py:829} INFO - Processing file /home/amina/airflow/dags/airflow_dag.py for tasks to queue
[2023-12-15T22:42:43.580+0500] {logging_mixin.py:154} INFO - [2023-12-15T22:42:43.580+0500] {dagbag.py:536} INFO - Filling up the DagBag from /home/amina/airflow/dags/airflow_dag.py
[2023-12-15T22:42:43.959+0500] {processor.py:839} INFO - DAG(s) dict_keys(['etl_dag2']) retrieved from /home/amina/airflow/dags/airflow_dag.py
[2023-12-15T22:42:43.969+0500] {logging_mixin.py:154} INFO - [2023-12-15T22:42:43.969+0500] {dag.py:2941} INFO - Sync 1 DAGs
[2023-12-15T22:42:43.986+0500] {logging_mixin.py:154} INFO - [2023-12-15T22:42:43.986+0500] {dag.py:3722} INFO - Setting next_dagrun for etl_dag2 to 2023-12-15T00:00:00+00:00, run_after=2023-12-16T00:00:00+00:00
[2023-12-15T22:42:44.110+0500] {processor.py:179} INFO - Processing /home/amina/airflow/dags/airflow_dag.py took 0.547 seconds
[2023-12-15T22:43:18.456+0500] {processor.py:157} INFO - Started process (PID=11684) to work on /home/amina/airflow/dags/airflow_dag.py
[2023-12-15T22:43:18.622+0500] {processor.py:829} INFO - Processing file /home/amina/airflow/dags/airflow_dag.py for tasks to queue
[2023-12-15T22:43:18.623+0500] {logging_mixin.py:154} INFO - [2023-12-15T22:43:18.623+0500] {dagbag.py:536} INFO - Filling up the DagBag from /home/amina/airflow/dags/airflow_dag.py
[2023-12-15T22:43:18.888+0500] {processor.py:839} INFO - DAG(s) dict_keys(['etl_dag2']) retrieved from /home/amina/airflow/dags/airflow_dag.py
[2023-12-15T22:43:18.901+0500] {logging_mixin.py:154} INFO - [2023-12-15T22:43:18.900+0500] {dag.py:2941} INFO - Sync 1 DAGs
[2023-12-15T22:43:18.919+0500] {logging_mixin.py:154} INFO - [2023-12-15T22:43:18.918+0500] {dag.py:3722} INFO - Setting next_dagrun for etl_dag2 to 2023-12-15T00:00:00+00:00, run_after=2023-12-16T00:00:00+00:00
[2023-12-15T22:43:19.816+0500] {processor.py:179} INFO - Processing /home/amina/airflow/dags/airflow_dag.py took 1.363 seconds
[2023-12-15T22:43:52.382+0500] {processor.py:157} INFO - Started process (PID=11733) to work on /home/amina/airflow/dags/airflow_dag.py
[2023-12-15T22:43:52.382+0500] {processor.py:829} INFO - Processing file /home/amina/airflow/dags/airflow_dag.py for tasks to queue
[2023-12-15T22:43:52.383+0500] {logging_mixin.py:154} INFO - [2023-12-15T22:43:52.383+0500] {dagbag.py:536} INFO - Filling up the DagBag from /home/amina/airflow/dags/airflow_dag.py
[2023-12-15T22:43:52.757+0500] {processor.py:839} INFO - DAG(s) dict_keys(['etl_dag2']) retrieved from /home/amina/airflow/dags/airflow_dag.py
[2023-12-15T22:43:52.766+0500] {logging_mixin.py:154} INFO - [2023-12-15T22:43:52.766+0500] {dag.py:2941} INFO - Sync 1 DAGs
[2023-12-15T22:43:52.784+0500] {logging_mixin.py:154} INFO - [2023-12-15T22:43:52.783+0500] {dag.py:3722} INFO - Setting next_dagrun for etl_dag2 to 2023-12-15T00:00:00+00:00, run_after=2023-12-16T00:00:00+00:00
[2023-12-15T22:43:52.870+0500] {processor.py:179} INFO - Processing /home/amina/airflow/dags/airflow_dag.py took 0.491 seconds
[2023-12-15T22:44:43.847+0500] {processor.py:157} INFO - Started process (PID=11786) to work on /home/amina/airflow/dags/airflow_dag.py
[2023-12-15T22:44:43.882+0500] {processor.py:829} INFO - Processing file /home/amina/airflow/dags/airflow_dag.py for tasks to queue
[2023-12-15T22:44:43.883+0500] {logging_mixin.py:154} INFO - [2023-12-15T22:44:43.882+0500] {dagbag.py:536} INFO - Filling up the DagBag from /home/amina/airflow/dags/airflow_dag.py
[2023-12-15T22:44:44.253+0500] {processor.py:839} INFO - DAG(s) dict_keys(['etl_dag2']) retrieved from /home/amina/airflow/dags/airflow_dag.py
[2023-12-15T22:44:44.262+0500] {logging_mixin.py:154} INFO - [2023-12-15T22:44:44.262+0500] {dag.py:2941} INFO - Sync 1 DAGs
[2023-12-15T22:44:44.279+0500] {logging_mixin.py:154} INFO - [2023-12-15T22:44:44.278+0500] {dag.py:3722} INFO - Setting next_dagrun for etl_dag2 to 2023-12-15T00:00:00+00:00, run_after=2023-12-16T00:00:00+00:00
[2023-12-15T22:44:44.406+0500] {processor.py:179} INFO - Processing /home/amina/airflow/dags/airflow_dag.py took 0.561 seconds
[2023-12-15T22:45:38.490+0500] {processor.py:157} INFO - Started process (PID=11855) to work on /home/amina/airflow/dags/airflow_dag.py
[2023-12-15T22:45:38.499+0500] {processor.py:829} INFO - Processing file /home/amina/airflow/dags/airflow_dag.py for tasks to queue
[2023-12-15T22:45:38.500+0500] {logging_mixin.py:154} INFO - [2023-12-15T22:45:38.500+0500] {dagbag.py:536} INFO - Filling up the DagBag from /home/amina/airflow/dags/airflow_dag.py
[2023-12-15T22:45:38.938+0500] {processor.py:839} INFO - DAG(s) dict_keys(['etl_dag2']) retrieved from /home/amina/airflow/dags/airflow_dag.py
[2023-12-15T22:45:38.951+0500] {logging_mixin.py:154} INFO - [2023-12-15T22:45:38.951+0500] {dag.py:2941} INFO - Sync 1 DAGs
[2023-12-15T22:45:38.970+0500] {logging_mixin.py:154} INFO - [2023-12-15T22:45:38.970+0500] {dag.py:3722} INFO - Setting next_dagrun for etl_dag2 to 2023-12-15T00:00:00+00:00, run_after=2023-12-16T00:00:00+00:00
[2023-12-15T22:45:39.097+0500] {processor.py:179} INFO - Processing /home/amina/airflow/dags/airflow_dag.py took 0.611 seconds
[2023-12-15T22:46:33.812+0500] {processor.py:157} INFO - Started process (PID=11909) to work on /home/amina/airflow/dags/airflow_dag.py
[2023-12-15T22:46:33.837+0500] {processor.py:829} INFO - Processing file /home/amina/airflow/dags/airflow_dag.py for tasks to queue
[2023-12-15T22:46:33.838+0500] {logging_mixin.py:154} INFO - [2023-12-15T22:46:33.837+0500] {dagbag.py:536} INFO - Filling up the DagBag from /home/amina/airflow/dags/airflow_dag.py
[2023-12-15T22:46:34.208+0500] {processor.py:839} INFO - DAG(s) dict_keys(['etl_dag2']) retrieved from /home/amina/airflow/dags/airflow_dag.py
[2023-12-15T22:46:34.218+0500] {logging_mixin.py:154} INFO - [2023-12-15T22:46:34.218+0500] {dag.py:2941} INFO - Sync 1 DAGs
[2023-12-15T22:46:34.236+0500] {logging_mixin.py:154} INFO - [2023-12-15T22:46:34.236+0500] {dag.py:3722} INFO - Setting next_dagrun for etl_dag2 to 2023-12-15T00:00:00+00:00, run_after=2023-12-16T00:00:00+00:00
[2023-12-15T22:46:34.344+0500] {processor.py:179} INFO - Processing /home/amina/airflow/dags/airflow_dag.py took 0.535 seconds
[2023-12-15T22:47:32.533+0500] {processor.py:157} INFO - Started process (PID=11991) to work on /home/amina/airflow/dags/airflow_dag.py
[2023-12-15T22:47:32.562+0500] {processor.py:829} INFO - Processing file /home/amina/airflow/dags/airflow_dag.py for tasks to queue
[2023-12-15T22:47:32.563+0500] {logging_mixin.py:154} INFO - [2023-12-15T22:47:32.562+0500] {dagbag.py:536} INFO - Filling up the DagBag from /home/amina/airflow/dags/airflow_dag.py
[2023-12-15T22:47:32.946+0500] {processor.py:839} INFO - DAG(s) dict_keys(['etl_dag2']) retrieved from /home/amina/airflow/dags/airflow_dag.py
[2023-12-15T22:47:32.957+0500] {logging_mixin.py:154} INFO - [2023-12-15T22:47:32.957+0500] {dag.py:2941} INFO - Sync 1 DAGs
[2023-12-15T22:47:32.973+0500] {logging_mixin.py:154} INFO - [2023-12-15T22:47:32.972+0500] {dag.py:3722} INFO - Setting next_dagrun for etl_dag2 to 2023-12-15T00:00:00+00:00, run_after=2023-12-16T00:00:00+00:00
[2023-12-15T22:47:33.080+0500] {processor.py:179} INFO - Processing /home/amina/airflow/dags/airflow_dag.py took 0.550 seconds
[2023-12-15T22:48:00.833+0500] {processor.py:157} INFO - Started process (PID=12047) to work on /home/amina/airflow/dags/airflow_dag.py
[2023-12-15T22:48:00.834+0500] {processor.py:829} INFO - Processing file /home/amina/airflow/dags/airflow_dag.py for tasks to queue
[2023-12-15T22:48:00.834+0500] {logging_mixin.py:154} INFO - [2023-12-15T22:48:00.834+0500] {dagbag.py:536} INFO - Filling up the DagBag from /home/amina/airflow/dags/airflow_dag.py
[2023-12-15T22:48:01.203+0500] {processor.py:839} INFO - DAG(s) dict_keys(['etl_dag2']) retrieved from /home/amina/airflow/dags/airflow_dag.py
[2023-12-15T22:48:01.212+0500] {logging_mixin.py:154} INFO - [2023-12-15T22:48:01.212+0500] {dag.py:2941} INFO - Sync 1 DAGs
[2023-12-15T22:48:01.228+0500] {logging_mixin.py:154} INFO - [2023-12-15T22:48:01.228+0500] {dag.py:3722} INFO - Setting next_dagrun for etl_dag2 to 2023-12-15T00:00:00+00:00, run_after=2023-12-16T00:00:00+00:00
[2023-12-15T22:48:01.337+0500] {processor.py:179} INFO - Processing /home/amina/airflow/dags/airflow_dag.py took 0.506 seconds
[2023-12-15T22:49:26.674+0500] {processor.py:157} INFO - Started process (PID=12166) to work on /home/amina/airflow/dags/airflow_dag.py
[2023-12-15T22:49:26.703+0500] {processor.py:829} INFO - Processing file /home/amina/airflow/dags/airflow_dag.py for tasks to queue
[2023-12-15T22:49:26.704+0500] {logging_mixin.py:154} INFO - [2023-12-15T22:49:26.703+0500] {dagbag.py:536} INFO - Filling up the DagBag from /home/amina/airflow/dags/airflow_dag.py
[2023-12-15T22:49:27.138+0500] {processor.py:839} INFO - DAG(s) dict_keys(['etl_dag2']) retrieved from /home/amina/airflow/dags/airflow_dag.py
[2023-12-15T22:49:27.149+0500] {logging_mixin.py:154} INFO - [2023-12-15T22:49:27.149+0500] {dag.py:2941} INFO - Sync 1 DAGs
[2023-12-15T22:49:27.172+0500] {logging_mixin.py:154} INFO - [2023-12-15T22:49:27.171+0500] {dag.py:3722} INFO - Setting next_dagrun for etl_dag2 to 2023-12-15T00:00:00+00:00, run_after=2023-12-16T00:00:00+00:00
[2023-12-15T22:49:27.322+0500] {processor.py:179} INFO - Processing /home/amina/airflow/dags/airflow_dag.py took 0.650 seconds
[2023-12-15T22:50:06.207+0500] {processor.py:157} INFO - Started process (PID=12245) to work on /home/amina/airflow/dags/airflow_dag.py
[2023-12-15T22:50:06.271+0500] {processor.py:829} INFO - Processing file /home/amina/airflow/dags/airflow_dag.py for tasks to queue
[2023-12-15T22:50:06.272+0500] {logging_mixin.py:154} INFO - [2023-12-15T22:50:06.272+0500] {dagbag.py:536} INFO - Filling up the DagBag from /home/amina/airflow/dags/airflow_dag.py
[2023-12-15T22:50:06.742+0500] {processor.py:839} INFO - DAG(s) dict_keys(['etl_dag2']) retrieved from /home/amina/airflow/dags/airflow_dag.py
[2023-12-15T22:50:06.757+0500] {logging_mixin.py:154} INFO - [2023-12-15T22:50:06.756+0500] {dag.py:2941} INFO - Sync 1 DAGs
[2023-12-15T22:50:06.779+0500] {logging_mixin.py:154} INFO - [2023-12-15T22:50:06.779+0500] {dag.py:3722} INFO - Setting next_dagrun for etl_dag2 to 2023-12-15T00:00:00+00:00, run_after=2023-12-16T00:00:00+00:00
[2023-12-15T22:50:06.903+0500] {processor.py:179} INFO - Processing /home/amina/airflow/dags/airflow_dag.py took 0.699 seconds
[2023-12-15T22:50:33.511+0500] {processor.py:157} INFO - Started process (PID=12306) to work on /home/amina/airflow/dags/airflow_dag.py
[2023-12-15T22:50:33.511+0500] {processor.py:829} INFO - Processing file /home/amina/airflow/dags/airflow_dag.py for tasks to queue
[2023-12-15T22:50:33.514+0500] {logging_mixin.py:154} INFO - [2023-12-15T22:50:33.513+0500] {dagbag.py:536} INFO - Filling up the DagBag from /home/amina/airflow/dags/airflow_dag.py
[2023-12-15T22:50:33.918+0500] {processor.py:839} INFO - DAG(s) dict_keys(['etl_dag2']) retrieved from /home/amina/airflow/dags/airflow_dag.py
[2023-12-15T22:50:33.929+0500] {logging_mixin.py:154} INFO - [2023-12-15T22:50:33.929+0500] {dag.py:2941} INFO - Sync 1 DAGs
[2023-12-15T22:50:33.946+0500] {logging_mixin.py:154} INFO - [2023-12-15T22:50:33.946+0500] {dag.py:3722} INFO - Setting next_dagrun for etl_dag2 to 2023-12-15T00:00:00+00:00, run_after=2023-12-16T00:00:00+00:00
[2023-12-15T22:50:34.123+0500] {processor.py:179} INFO - Processing /home/amina/airflow/dags/airflow_dag.py took 0.616 seconds
[2023-12-15T22:51:28.793+0500] {processor.py:157} INFO - Started process (PID=12363) to work on /home/amina/airflow/dags/airflow_dag.py
[2023-12-15T22:51:28.820+0500] {processor.py:829} INFO - Processing file /home/amina/airflow/dags/airflow_dag.py for tasks to queue
[2023-12-15T22:51:28.821+0500] {logging_mixin.py:154} INFO - [2023-12-15T22:51:28.821+0500] {dagbag.py:536} INFO - Filling up the DagBag from /home/amina/airflow/dags/airflow_dag.py
[2023-12-15T22:51:29.226+0500] {processor.py:839} INFO - DAG(s) dict_keys(['etl_dag2']) retrieved from /home/amina/airflow/dags/airflow_dag.py
[2023-12-15T22:51:29.239+0500] {logging_mixin.py:154} INFO - [2023-12-15T22:51:29.239+0500] {dag.py:2941} INFO - Sync 1 DAGs
[2023-12-15T22:51:29.257+0500] {logging_mixin.py:154} INFO - [2023-12-15T22:51:29.257+0500] {dag.py:3722} INFO - Setting next_dagrun for etl_dag2 to 2023-12-15T00:00:00+00:00, run_after=2023-12-16T00:00:00+00:00
[2023-12-15T22:51:29.408+0500] {processor.py:179} INFO - Processing /home/amina/airflow/dags/airflow_dag.py took 0.619 seconds
[2023-12-15T22:52:23.404+0500] {processor.py:157} INFO - Started process (PID=12420) to work on /home/amina/airflow/dags/airflow_dag.py
[2023-12-15T22:52:23.425+0500] {processor.py:829} INFO - Processing file /home/amina/airflow/dags/airflow_dag.py for tasks to queue
[2023-12-15T22:52:23.426+0500] {logging_mixin.py:154} INFO - [2023-12-15T22:52:23.425+0500] {dagbag.py:536} INFO - Filling up the DagBag from /home/amina/airflow/dags/airflow_dag.py
[2023-12-15T22:52:23.867+0500] {processor.py:839} INFO - DAG(s) dict_keys(['etl_dag2']) retrieved from /home/amina/airflow/dags/airflow_dag.py
[2023-12-15T22:52:23.879+0500] {logging_mixin.py:154} INFO - [2023-12-15T22:52:23.878+0500] {dag.py:2941} INFO - Sync 1 DAGs
[2023-12-15T22:52:23.901+0500] {logging_mixin.py:154} INFO - [2023-12-15T22:52:23.901+0500] {dag.py:3722} INFO - Setting next_dagrun for etl_dag2 to 2023-12-15T00:00:00+00:00, run_after=2023-12-16T00:00:00+00:00
[2023-12-15T22:52:24.042+0500] {processor.py:179} INFO - Processing /home/amina/airflow/dags/airflow_dag.py took 0.642 seconds
[2023-12-15T22:53:18.620+0500] {processor.py:157} INFO - Started process (PID=12499) to work on /home/amina/airflow/dags/airflow_dag.py
[2023-12-15T22:53:18.661+0500] {processor.py:829} INFO - Processing file /home/amina/airflow/dags/airflow_dag.py for tasks to queue
[2023-12-15T22:53:18.662+0500] {logging_mixin.py:154} INFO - [2023-12-15T22:53:18.662+0500] {dagbag.py:536} INFO - Filling up the DagBag from /home/amina/airflow/dags/airflow_dag.py
[2023-12-15T22:53:19.106+0500] {processor.py:839} INFO - DAG(s) dict_keys(['etl_dag2']) retrieved from /home/amina/airflow/dags/airflow_dag.py
[2023-12-15T22:53:19.118+0500] {logging_mixin.py:154} INFO - [2023-12-15T22:53:19.118+0500] {dag.py:2941} INFO - Sync 1 DAGs
[2023-12-15T22:53:19.137+0500] {logging_mixin.py:154} INFO - [2023-12-15T22:53:19.137+0500] {dag.py:3722} INFO - Setting next_dagrun for etl_dag2 to 2023-12-15T00:00:00+00:00, run_after=2023-12-16T00:00:00+00:00
[2023-12-15T22:53:19.290+0500] {processor.py:179} INFO - Processing /home/amina/airflow/dags/airflow_dag.py took 0.673 seconds
[2023-12-15T22:54:10.287+0500] {processor.py:157} INFO - Started process (PID=12544) to work on /home/amina/airflow/dags/airflow_dag.py
[2023-12-15T22:54:10.315+0500] {processor.py:829} INFO - Processing file /home/amina/airflow/dags/airflow_dag.py for tasks to queue
[2023-12-15T22:54:10.316+0500] {logging_mixin.py:154} INFO - [2023-12-15T22:54:10.316+0500] {dagbag.py:536} INFO - Filling up the DagBag from /home/amina/airflow/dags/airflow_dag.py
[2023-12-15T22:54:10.774+0500] {processor.py:839} INFO - DAG(s) dict_keys(['etl_dag2']) retrieved from /home/amina/airflow/dags/airflow_dag.py
[2023-12-15T22:54:10.788+0500] {logging_mixin.py:154} INFO - [2023-12-15T22:54:10.787+0500] {dag.py:2941} INFO - Sync 1 DAGs
[2023-12-15T22:54:10.809+0500] {logging_mixin.py:154} INFO - [2023-12-15T22:54:10.809+0500] {dag.py:3722} INFO - Setting next_dagrun for etl_dag2 to 2023-12-15T00:00:00+00:00, run_after=2023-12-16T00:00:00+00:00
[2023-12-15T22:54:10.958+0500] {processor.py:179} INFO - Processing /home/amina/airflow/dags/airflow_dag.py took 0.674 seconds
[2023-12-15T22:54:59.752+0500] {processor.py:157} INFO - Started process (PID=12601) to work on /home/amina/airflow/dags/airflow_dag.py
[2023-12-15T22:54:59.762+0500] {processor.py:829} INFO - Processing file /home/amina/airflow/dags/airflow_dag.py for tasks to queue
[2023-12-15T22:54:59.764+0500] {logging_mixin.py:154} INFO - [2023-12-15T22:54:59.763+0500] {dagbag.py:536} INFO - Filling up the DagBag from /home/amina/airflow/dags/airflow_dag.py
[2023-12-15T22:55:00.210+0500] {processor.py:839} INFO - DAG(s) dict_keys(['etl_dag2']) retrieved from /home/amina/airflow/dags/airflow_dag.py
[2023-12-15T22:55:00.221+0500] {logging_mixin.py:154} INFO - [2023-12-15T22:55:00.220+0500] {dag.py:2941} INFO - Sync 1 DAGs
[2023-12-15T22:55:00.242+0500] {logging_mixin.py:154} INFO - [2023-12-15T22:55:00.242+0500] {dag.py:3722} INFO - Setting next_dagrun for etl_dag2 to 2023-12-15T00:00:00+00:00, run_after=2023-12-16T00:00:00+00:00
[2023-12-15T22:55:00.663+0500] {processor.py:179} INFO - Processing /home/amina/airflow/dags/airflow_dag.py took 0.914 seconds
