[2023-12-06T22:52:49.760+0500] {taskinstance.py:1159} INFO - Dependencies all met for dep_context=non-requeueable deps ti=<TaskInstance: etl_dag2.extract_data scheduled__2023-03-19T00:00:00+00:00 [queued]>
[2023-12-06T22:52:49.766+0500] {taskinstance.py:1159} INFO - Dependencies all met for dep_context=requeueable deps ti=<TaskInstance: etl_dag2.extract_data scheduled__2023-03-19T00:00:00+00:00 [queued]>
[2023-12-06T22:52:49.767+0500] {taskinstance.py:1361} INFO - Starting attempt 1 of 2
[2023-12-06T22:52:49.955+0500] {taskinstance.py:1382} INFO - Executing <Task(PythonOperator): extract_data> on 2023-03-19 00:00:00+00:00
[2023-12-06T22:52:49.957+0500] {standard_task_runner.py:57} INFO - Started process 27221 to run task
[2023-12-06T22:52:49.962+0500] {standard_task_runner.py:84} INFO - Running: ['airflow', 'tasks', 'run', 'etl_dag2', 'extract_data', 'scheduled__2023-03-19T00:00:00+00:00', '--job-id', '234', '--raw', '--subdir', 'DAGS_FOLDER/airflow_dag.py', '--cfg-path', '/tmp/tmp8c7f390_']
[2023-12-06T22:52:49.962+0500] {standard_task_runner.py:85} INFO - Job 234: Subtask extract_data
[2023-12-06T22:52:50.129+0500] {task_command.py:416} INFO - Running <TaskInstance: etl_dag2.extract_data scheduled__2023-03-19T00:00:00+00:00 [running]> on host amina-HP-ProBook-450-G2
[2023-12-06T22:52:50.524+0500] {taskinstance.py:1662} INFO - Exporting env vars: AIRFLOW_CTX_DAG_OWNER='amina_bibi' AIRFLOW_CTX_DAG_ID='etl_dag2' AIRFLOW_CTX_TASK_ID='extract_data' AIRFLOW_CTX_EXECUTION_DATE='2023-03-19T00:00:00+00:00' AIRFLOW_CTX_TRY_NUMBER='1' AIRFLOW_CTX_DAG_RUN_ID='scheduled__2023-03-19T00:00:00+00:00'
[2023-12-06T22:52:50.527+0500] {taskinstance.py:1937} ERROR - Task failed with exception
Traceback (most recent call last):
  File "/home/amina/miniconda/lib/python3.11/site-packages/airflow/operators/python.py", line 192, in execute
    return_value = self.execute_callable()
                   ^^^^^^^^^^^^^^^^^^^^^^^
  File "/home/amina/miniconda/lib/python3.11/site-packages/airflow/operators/python.py", line 209, in execute_callable
    return self.python_callable(*self.op_args, **self.op_kwargs)
           ^^^^^^^^^^^^^^^^^^^^^^^^^^^^^^^^^^^^^^^^^^^^^^^^^^^^^
  File "/home/amina/airflow/dags/airflow_dag.py", line 45, in extract_data
    with open(data_source_path, 'r') as file:
         ^^^^^^^^^^^^^^^^^^^^^^^^^^^
FileNotFoundError: [Errno 2] No such file or directory: '/home/amina/airflow/dags/data.csv'
[2023-12-06T22:52:50.531+0500] {taskinstance.py:1400} INFO - Marking task as UP_FOR_RETRY. dag_id=etl_dag2, task_id=extract_data, execution_date=20230319T000000, start_date=20231206T175249, end_date=20231206T175250
[2023-12-06T22:52:50.689+0500] {standard_task_runner.py:104} ERROR - Failed to execute job 234 for task extract_data ([Errno 2] No such file or directory: '/home/amina/airflow/dags/data.csv'; 27221)
[2023-12-06T22:52:50.735+0500] {local_task_job_runner.py:228} INFO - Task exited with return code 1
[2023-12-06T22:52:50.762+0500] {taskinstance.py:2778} INFO - 0 downstream tasks scheduled from follow-on schedule check
