[2023-12-16T12:21:15.806+0500] {processor.py:157} INFO - Started process (PID=18123) to work on /home/amina/airflow/dags/airflow_dag.py
[2023-12-16T12:21:15.807+0500] {processor.py:829} INFO - Processing file /home/amina/airflow/dags/airflow_dag.py for tasks to queue
[2023-12-16T12:21:15.808+0500] {logging_mixin.py:154} INFO - [2023-12-16T12:21:15.808+0500] {dagbag.py:536} INFO - Filling up the DagBag from /home/amina/airflow/dags/airflow_dag.py
[2023-12-16T12:21:16.790+0500] {processor.py:839} INFO - DAG(s) dict_keys(['etl_dag2']) retrieved from /home/amina/airflow/dags/airflow_dag.py
[2023-12-16T12:21:16.973+0500] {logging_mixin.py:154} INFO - [2023-12-16T12:21:16.973+0500] {dag.py:2941} INFO - Sync 1 DAGs
[2023-12-16T12:21:16.991+0500] {logging_mixin.py:154} INFO - [2023-12-16T12:21:16.991+0500] {dag.py:3722} INFO - Setting next_dagrun for etl_dag2 to 2023-12-15T00:00:00+00:00, run_after=2023-12-16T00:00:00+00:00
[2023-12-16T12:21:17.160+0500] {processor.py:179} INFO - Processing /home/amina/airflow/dags/airflow_dag.py took 1.358 seconds
[2023-12-16T12:22:28.963+0500] {processor.py:157} INFO - Started process (PID=19994) to work on /home/amina/airflow/dags/airflow_dag.py
[2023-12-16T12:22:29.001+0500] {processor.py:829} INFO - Processing file /home/amina/airflow/dags/airflow_dag.py for tasks to queue
[2023-12-16T12:22:29.003+0500] {logging_mixin.py:154} INFO - [2023-12-16T12:22:29.002+0500] {dagbag.py:536} INFO - Filling up the DagBag from /home/amina/airflow/dags/airflow_dag.py
[2023-12-16T12:22:29.458+0500] {processor.py:839} INFO - DAG(s) dict_keys(['etl_dag2']) retrieved from /home/amina/airflow/dags/airflow_dag.py
[2023-12-16T12:22:29.479+0500] {logging_mixin.py:154} INFO - [2023-12-16T12:22:29.478+0500] {dag.py:2941} INFO - Sync 1 DAGs
[2023-12-16T12:22:29.495+0500] {logging_mixin.py:154} INFO - [2023-12-16T12:22:29.495+0500] {dag.py:3722} INFO - Setting next_dagrun for etl_dag2 to 2023-12-16T00:00:00+00:00, run_after=2023-12-17T00:00:00+00:00
[2023-12-16T12:22:29.636+0500] {processor.py:179} INFO - Processing /home/amina/airflow/dags/airflow_dag.py took 0.677 seconds
[2023-12-16T12:23:31.151+0500] {processor.py:157} INFO - Started process (PID=21206) to work on /home/amina/airflow/dags/airflow_dag.py
[2023-12-16T12:23:31.187+0500] {processor.py:829} INFO - Processing file /home/amina/airflow/dags/airflow_dag.py for tasks to queue
[2023-12-16T12:23:31.188+0500] {logging_mixin.py:154} INFO - [2023-12-16T12:23:31.188+0500] {dagbag.py:536} INFO - Filling up the DagBag from /home/amina/airflow/dags/airflow_dag.py
[2023-12-16T12:23:31.478+0500] {processor.py:839} INFO - DAG(s) dict_keys(['etl_dag2']) retrieved from /home/amina/airflow/dags/airflow_dag.py
[2023-12-16T12:23:31.492+0500] {logging_mixin.py:154} INFO - [2023-12-16T12:23:31.491+0500] {dag.py:2941} INFO - Sync 1 DAGs
[2023-12-16T12:23:31.507+0500] {logging_mixin.py:154} INFO - [2023-12-16T12:23:31.507+0500] {dag.py:3722} INFO - Setting next_dagrun for etl_dag2 to 2023-12-16T00:00:00+00:00, run_after=2023-12-17T00:00:00+00:00
[2023-12-16T12:23:31.676+0500] {processor.py:179} INFO - Processing /home/amina/airflow/dags/airflow_dag.py took 0.528 seconds
[2023-12-16T12:24:30.714+0500] {processor.py:157} INFO - Started process (PID=22650) to work on /home/amina/airflow/dags/airflow_dag.py
[2023-12-16T12:24:30.751+0500] {processor.py:829} INFO - Processing file /home/amina/airflow/dags/airflow_dag.py for tasks to queue
[2023-12-16T12:24:30.752+0500] {logging_mixin.py:154} INFO - [2023-12-16T12:24:30.752+0500] {dagbag.py:536} INFO - Filling up the DagBag from /home/amina/airflow/dags/airflow_dag.py
[2023-12-16T12:24:31.172+0500] {processor.py:839} INFO - DAG(s) dict_keys(['etl_dag2']) retrieved from /home/amina/airflow/dags/airflow_dag.py
[2023-12-16T12:24:31.186+0500] {logging_mixin.py:154} INFO - [2023-12-16T12:24:31.186+0500] {dag.py:2941} INFO - Sync 1 DAGs
[2023-12-16T12:24:31.202+0500] {logging_mixin.py:154} INFO - [2023-12-16T12:24:31.201+0500] {dag.py:3722} INFO - Setting next_dagrun for etl_dag2 to 2023-12-16T00:00:00+00:00, run_after=2023-12-17T00:00:00+00:00
[2023-12-16T12:24:31.708+0500] {processor.py:179} INFO - Processing /home/amina/airflow/dags/airflow_dag.py took 0.998 seconds
[2023-12-16T12:25:18.242+0500] {processor.py:157} INFO - Started process (PID=23612) to work on /home/amina/airflow/dags/airflow_dag.py
[2023-12-16T12:25:18.284+0500] {processor.py:829} INFO - Processing file /home/amina/airflow/dags/airflow_dag.py for tasks to queue
[2023-12-16T12:25:18.286+0500] {logging_mixin.py:154} INFO - [2023-12-16T12:25:18.285+0500] {dagbag.py:536} INFO - Filling up the DagBag from /home/amina/airflow/dags/airflow_dag.py
[2023-12-16T12:25:18.702+0500] {processor.py:839} INFO - DAG(s) dict_keys(['etl_dag2']) retrieved from /home/amina/airflow/dags/airflow_dag.py
[2023-12-16T12:25:18.715+0500] {logging_mixin.py:154} INFO - [2023-12-16T12:25:18.715+0500] {dag.py:2941} INFO - Sync 1 DAGs
[2023-12-16T12:25:18.731+0500] {logging_mixin.py:154} INFO - [2023-12-16T12:25:18.731+0500] {dag.py:3722} INFO - Setting next_dagrun for etl_dag2 to 2023-12-16T00:00:00+00:00, run_after=2023-12-17T00:00:00+00:00
[2023-12-16T12:25:18.892+0500] {processor.py:179} INFO - Processing /home/amina/airflow/dags/airflow_dag.py took 0.653 seconds
[2023-12-16T12:26:04.341+0500] {processor.py:157} INFO - Started process (PID=24401) to work on /home/amina/airflow/dags/airflow_dag.py
[2023-12-16T12:26:04.380+0500] {processor.py:829} INFO - Processing file /home/amina/airflow/dags/airflow_dag.py for tasks to queue
[2023-12-16T12:26:04.381+0500] {logging_mixin.py:154} INFO - [2023-12-16T12:26:04.380+0500] {dagbag.py:536} INFO - Filling up the DagBag from /home/amina/airflow/dags/airflow_dag.py
[2023-12-16T12:26:04.775+0500] {processor.py:839} INFO - DAG(s) dict_keys(['etl_dag2']) retrieved from /home/amina/airflow/dags/airflow_dag.py
[2023-12-16T12:26:04.788+0500] {logging_mixin.py:154} INFO - [2023-12-16T12:26:04.788+0500] {dag.py:2941} INFO - Sync 1 DAGs
[2023-12-16T12:26:04.805+0500] {logging_mixin.py:154} INFO - [2023-12-16T12:26:04.805+0500] {dag.py:3722} INFO - Setting next_dagrun for etl_dag2 to 2023-12-16T00:00:00+00:00, run_after=2023-12-17T00:00:00+00:00
[2023-12-16T12:26:05.457+0500] {processor.py:179} INFO - Processing /home/amina/airflow/dags/airflow_dag.py took 1.118 seconds
[2023-12-16T12:26:40.986+0500] {processor.py:157} INFO - Started process (PID=25093) to work on /home/amina/airflow/dags/airflow_dag.py
[2023-12-16T12:26:41.029+0500] {processor.py:829} INFO - Processing file /home/amina/airflow/dags/airflow_dag.py for tasks to queue
[2023-12-16T12:26:41.030+0500] {logging_mixin.py:154} INFO - [2023-12-16T12:26:41.029+0500] {dagbag.py:536} INFO - Filling up the DagBag from /home/amina/airflow/dags/airflow_dag.py
[2023-12-16T12:26:41.314+0500] {processor.py:839} INFO - DAG(s) dict_keys(['etl_dag2']) retrieved from /home/amina/airflow/dags/airflow_dag.py
[2023-12-16T12:26:41.328+0500] {logging_mixin.py:154} INFO - [2023-12-16T12:26:41.327+0500] {dag.py:2941} INFO - Sync 1 DAGs
[2023-12-16T12:26:41.345+0500] {logging_mixin.py:154} INFO - [2023-12-16T12:26:41.345+0500] {dag.py:3722} INFO - Setting next_dagrun for etl_dag2 to 2023-12-16T00:00:00+00:00, run_after=2023-12-17T00:00:00+00:00
[2023-12-16T12:26:41.709+0500] {processor.py:179} INFO - Processing /home/amina/airflow/dags/airflow_dag.py took 0.727 seconds
[2023-12-16T12:27:20.752+0500] {processor.py:157} INFO - Started process (PID=25799) to work on /home/amina/airflow/dags/airflow_dag.py
[2023-12-16T12:27:20.823+0500] {processor.py:829} INFO - Processing file /home/amina/airflow/dags/airflow_dag.py for tasks to queue
[2023-12-16T12:27:20.825+0500] {logging_mixin.py:154} INFO - [2023-12-16T12:27:20.824+0500] {dagbag.py:536} INFO - Filling up the DagBag from /home/amina/airflow/dags/airflow_dag.py
[2023-12-16T12:27:21.241+0500] {processor.py:839} INFO - DAG(s) dict_keys(['etl_dag2']) retrieved from /home/amina/airflow/dags/airflow_dag.py
[2023-12-16T12:27:21.257+0500] {logging_mixin.py:154} INFO - [2023-12-16T12:27:21.257+0500] {dag.py:2941} INFO - Sync 1 DAGs
[2023-12-16T12:27:21.275+0500] {logging_mixin.py:154} INFO - [2023-12-16T12:27:21.275+0500] {dag.py:3722} INFO - Setting next_dagrun for etl_dag2 to 2023-12-16T00:00:00+00:00, run_after=2023-12-17T00:00:00+00:00
[2023-12-16T12:27:21.571+0500] {processor.py:179} INFO - Processing /home/amina/airflow/dags/airflow_dag.py took 0.823 seconds
[2023-12-16T12:29:01.454+0500] {processor.py:157} INFO - Started process (PID=27899) to work on /home/amina/airflow/dags/airflow_dag.py
[2023-12-16T12:29:01.488+0500] {processor.py:829} INFO - Processing file /home/amina/airflow/dags/airflow_dag.py for tasks to queue
[2023-12-16T12:29:01.489+0500] {logging_mixin.py:154} INFO - [2023-12-16T12:29:01.489+0500] {dagbag.py:536} INFO - Filling up the DagBag from /home/amina/airflow/dags/airflow_dag.py
[2023-12-16T12:29:01.830+0500] {processor.py:839} INFO - DAG(s) dict_keys(['etl_dag2']) retrieved from /home/amina/airflow/dags/airflow_dag.py
[2023-12-16T12:29:01.847+0500] {logging_mixin.py:154} INFO - [2023-12-16T12:29:01.846+0500] {dag.py:2941} INFO - Sync 1 DAGs
[2023-12-16T12:29:01.873+0500] {logging_mixin.py:154} INFO - [2023-12-16T12:29:01.873+0500] {dag.py:3722} INFO - Setting next_dagrun for etl_dag2 to 2023-12-16T00:00:00+00:00, run_after=2023-12-17T00:00:00+00:00
[2023-12-16T12:29:02.234+0500] {processor.py:179} INFO - Processing /home/amina/airflow/dags/airflow_dag.py took 0.783 seconds
[2023-12-16T12:30:38.924+0500] {processor.py:157} INFO - Started process (PID=29886) to work on /home/amina/airflow/dags/airflow_dag.py
[2023-12-16T12:30:38.930+0500] {processor.py:829} INFO - Processing file /home/amina/airflow/dags/airflow_dag.py for tasks to queue
[2023-12-16T12:30:38.931+0500] {logging_mixin.py:154} INFO - [2023-12-16T12:30:38.930+0500] {dagbag.py:536} INFO - Filling up the DagBag from /home/amina/airflow/dags/airflow_dag.py
[2023-12-16T12:30:39.202+0500] {processor.py:839} INFO - DAG(s) dict_keys(['etl_dag2']) retrieved from /home/amina/airflow/dags/airflow_dag.py
[2023-12-16T12:30:39.215+0500] {logging_mixin.py:154} INFO - [2023-12-16T12:30:39.215+0500] {dag.py:2941} INFO - Sync 1 DAGs
[2023-12-16T12:30:39.232+0500] {logging_mixin.py:154} INFO - [2023-12-16T12:30:39.231+0500] {dag.py:3722} INFO - Setting next_dagrun for etl_dag2 to 2023-12-16T00:00:00+00:00, run_after=2023-12-17T00:00:00+00:00
[2023-12-16T12:30:39.341+0500] {processor.py:179} INFO - Processing /home/amina/airflow/dags/airflow_dag.py took 0.420 seconds
[2023-12-16T12:31:12.864+0500] {processor.py:157} INFO - Started process (PID=30807) to work on /home/amina/airflow/dags/airflow_dag.py
[2023-12-16T12:31:12.901+0500] {processor.py:829} INFO - Processing file /home/amina/airflow/dags/airflow_dag.py for tasks to queue
[2023-12-16T12:31:12.902+0500] {logging_mixin.py:154} INFO - [2023-12-16T12:31:12.902+0500] {dagbag.py:536} INFO - Filling up the DagBag from /home/amina/airflow/dags/airflow_dag.py
[2023-12-16T12:31:13.194+0500] {processor.py:839} INFO - DAG(s) dict_keys(['etl_dag2']) retrieved from /home/amina/airflow/dags/airflow_dag.py
[2023-12-16T12:31:13.215+0500] {logging_mixin.py:154} INFO - [2023-12-16T12:31:13.214+0500] {dag.py:2941} INFO - Sync 1 DAGs
[2023-12-16T12:31:13.240+0500] {logging_mixin.py:154} INFO - [2023-12-16T12:31:13.239+0500] {dag.py:3722} INFO - Setting next_dagrun for etl_dag2 to 2023-12-16T00:00:00+00:00, run_after=2023-12-17T00:00:00+00:00
[2023-12-16T12:31:13.376+0500] {processor.py:179} INFO - Processing /home/amina/airflow/dags/airflow_dag.py took 0.515 seconds
[2023-12-16T12:31:43.573+0500] {processor.py:157} INFO - Started process (PID=31604) to work on /home/amina/airflow/dags/airflow_dag.py
[2023-12-16T12:31:43.574+0500] {processor.py:829} INFO - Processing file /home/amina/airflow/dags/airflow_dag.py for tasks to queue
[2023-12-16T12:31:43.575+0500] {logging_mixin.py:154} INFO - [2023-12-16T12:31:43.575+0500] {dagbag.py:536} INFO - Filling up the DagBag from /home/amina/airflow/dags/airflow_dag.py
[2023-12-16T12:31:43.878+0500] {processor.py:839} INFO - DAG(s) dict_keys(['etl_dag2']) retrieved from /home/amina/airflow/dags/airflow_dag.py
[2023-12-16T12:31:43.892+0500] {logging_mixin.py:154} INFO - [2023-12-16T12:31:43.891+0500] {dag.py:2941} INFO - Sync 1 DAGs
[2023-12-16T12:31:43.911+0500] {logging_mixin.py:154} INFO - [2023-12-16T12:31:43.910+0500] {dag.py:3722} INFO - Setting next_dagrun for etl_dag2 to 2023-12-16T00:00:00+00:00, run_after=2023-12-17T00:00:00+00:00
[2023-12-16T12:31:44.115+0500] {processor.py:179} INFO - Processing /home/amina/airflow/dags/airflow_dag.py took 0.546 seconds
[2023-12-16T12:32:43.282+0500] {processor.py:157} INFO - Started process (PID=32982) to work on /home/amina/airflow/dags/airflow_dag.py
[2023-12-16T12:32:43.313+0500] {processor.py:829} INFO - Processing file /home/amina/airflow/dags/airflow_dag.py for tasks to queue
[2023-12-16T12:32:43.315+0500] {logging_mixin.py:154} INFO - [2023-12-16T12:32:43.314+0500] {dagbag.py:536} INFO - Filling up the DagBag from /home/amina/airflow/dags/airflow_dag.py
[2023-12-16T12:32:43.638+0500] {processor.py:839} INFO - DAG(s) dict_keys(['etl_dag2']) retrieved from /home/amina/airflow/dags/airflow_dag.py
[2023-12-16T12:32:43.654+0500] {logging_mixin.py:154} INFO - [2023-12-16T12:32:43.654+0500] {dag.py:2941} INFO - Sync 1 DAGs
[2023-12-16T12:32:43.674+0500] {logging_mixin.py:154} INFO - [2023-12-16T12:32:43.674+0500] {dag.py:3722} INFO - Setting next_dagrun for etl_dag2 to 2023-12-16T00:00:00+00:00, run_after=2023-12-17T00:00:00+00:00
[2023-12-16T12:32:43.832+0500] {processor.py:179} INFO - Processing /home/amina/airflow/dags/airflow_dag.py took 0.554 seconds
[2023-12-16T12:33:14.075+0500] {processor.py:157} INFO - Started process (PID=33562) to work on /home/amina/airflow/dags/airflow_dag.py
[2023-12-16T12:33:14.076+0500] {processor.py:829} INFO - Processing file /home/amina/airflow/dags/airflow_dag.py for tasks to queue
[2023-12-16T12:33:14.077+0500] {logging_mixin.py:154} INFO - [2023-12-16T12:33:14.076+0500] {dagbag.py:536} INFO - Filling up the DagBag from /home/amina/airflow/dags/airflow_dag.py
[2023-12-16T12:33:14.362+0500] {processor.py:839} INFO - DAG(s) dict_keys(['etl_dag2']) retrieved from /home/amina/airflow/dags/airflow_dag.py
[2023-12-16T12:33:14.376+0500] {logging_mixin.py:154} INFO - [2023-12-16T12:33:14.376+0500] {dag.py:2941} INFO - Sync 1 DAGs
[2023-12-16T12:33:14.393+0500] {logging_mixin.py:154} INFO - [2023-12-16T12:33:14.392+0500] {dag.py:3722} INFO - Setting next_dagrun for etl_dag2 to 2023-12-16T00:00:00+00:00, run_after=2023-12-17T00:00:00+00:00
[2023-12-16T12:33:14.539+0500] {processor.py:179} INFO - Processing /home/amina/airflow/dags/airflow_dag.py took 0.467 seconds
[2023-12-16T12:34:10.812+0500] {processor.py:157} INFO - Started process (PID=35301) to work on /home/amina/airflow/dags/airflow_dag.py
[2023-12-16T12:34:10.887+0500] {processor.py:829} INFO - Processing file /home/amina/airflow/dags/airflow_dag.py for tasks to queue
[2023-12-16T12:34:10.888+0500] {logging_mixin.py:154} INFO - [2023-12-16T12:34:10.887+0500] {dagbag.py:536} INFO - Filling up the DagBag from /home/amina/airflow/dags/airflow_dag.py
[2023-12-16T12:34:11.192+0500] {processor.py:839} INFO - DAG(s) dict_keys(['etl_dag2']) retrieved from /home/amina/airflow/dags/airflow_dag.py
[2023-12-16T12:34:11.205+0500] {logging_mixin.py:154} INFO - [2023-12-16T12:34:11.205+0500] {dag.py:2941} INFO - Sync 1 DAGs
[2023-12-16T12:34:11.222+0500] {logging_mixin.py:154} INFO - [2023-12-16T12:34:11.222+0500] {dag.py:3722} INFO - Setting next_dagrun for etl_dag2 to 2023-12-16T00:00:00+00:00, run_after=2023-12-17T00:00:00+00:00
[2023-12-16T12:34:11.380+0500] {processor.py:179} INFO - Processing /home/amina/airflow/dags/airflow_dag.py took 0.571 seconds
[2023-12-16T12:35:05.421+0500] {processor.py:157} INFO - Started process (PID=36327) to work on /home/amina/airflow/dags/airflow_dag.py
[2023-12-16T12:35:05.455+0500] {processor.py:829} INFO - Processing file /home/amina/airflow/dags/airflow_dag.py for tasks to queue
[2023-12-16T12:35:05.455+0500] {logging_mixin.py:154} INFO - [2023-12-16T12:35:05.455+0500] {dagbag.py:536} INFO - Filling up the DagBag from /home/amina/airflow/dags/airflow_dag.py
[2023-12-16T12:35:05.720+0500] {processor.py:839} INFO - DAG(s) dict_keys(['etl_dag2']) retrieved from /home/amina/airflow/dags/airflow_dag.py
[2023-12-16T12:35:05.733+0500] {logging_mixin.py:154} INFO - [2023-12-16T12:35:05.732+0500] {dag.py:2941} INFO - Sync 1 DAGs
[2023-12-16T12:35:05.747+0500] {logging_mixin.py:154} INFO - [2023-12-16T12:35:05.747+0500] {dag.py:3722} INFO - Setting next_dagrun for etl_dag2 to 2023-12-16T00:00:00+00:00, run_after=2023-12-17T00:00:00+00:00
[2023-12-16T12:35:05.841+0500] {processor.py:179} INFO - Processing /home/amina/airflow/dags/airflow_dag.py took 0.423 seconds
[2023-12-16T12:35:58.638+0500] {processor.py:157} INFO - Started process (PID=36384) to work on /home/amina/airflow/dags/airflow_dag.py
[2023-12-16T12:35:58.701+0500] {processor.py:829} INFO - Processing file /home/amina/airflow/dags/airflow_dag.py for tasks to queue
[2023-12-16T12:35:58.702+0500] {logging_mixin.py:154} INFO - [2023-12-16T12:35:58.701+0500] {dagbag.py:536} INFO - Filling up the DagBag from /home/amina/airflow/dags/airflow_dag.py
[2023-12-16T12:35:58.956+0500] {processor.py:839} INFO - DAG(s) dict_keys(['etl_dag2']) retrieved from /home/amina/airflow/dags/airflow_dag.py
[2023-12-16T12:35:58.969+0500] {logging_mixin.py:154} INFO - [2023-12-16T12:35:58.968+0500] {dag.py:2941} INFO - Sync 1 DAGs
[2023-12-16T12:35:58.983+0500] {logging_mixin.py:154} INFO - [2023-12-16T12:35:58.982+0500] {dag.py:3722} INFO - Setting next_dagrun for etl_dag2 to 2023-12-16T00:00:00+00:00, run_after=2023-12-17T00:00:00+00:00
[2023-12-16T12:35:59.137+0500] {processor.py:179} INFO - Processing /home/amina/airflow/dags/airflow_dag.py took 0.502 seconds
[2023-12-16T12:36:55.808+0500] {processor.py:157} INFO - Started process (PID=36468) to work on /home/amina/airflow/dags/airflow_dag.py
[2023-12-16T12:36:55.831+0500] {processor.py:829} INFO - Processing file /home/amina/airflow/dags/airflow_dag.py for tasks to queue
[2023-12-16T12:36:55.832+0500] {logging_mixin.py:154} INFO - [2023-12-16T12:36:55.831+0500] {dagbag.py:536} INFO - Filling up the DagBag from /home/amina/airflow/dags/airflow_dag.py
[2023-12-16T12:36:56.119+0500] {processor.py:839} INFO - DAG(s) dict_keys(['etl_dag2']) retrieved from /home/amina/airflow/dags/airflow_dag.py
[2023-12-16T12:36:56.133+0500] {logging_mixin.py:154} INFO - [2023-12-16T12:36:56.132+0500] {dag.py:2941} INFO - Sync 1 DAGs
[2023-12-16T12:36:56.149+0500] {logging_mixin.py:154} INFO - [2023-12-16T12:36:56.149+0500] {dag.py:3722} INFO - Setting next_dagrun for etl_dag2 to 2023-12-16T00:00:00+00:00, run_after=2023-12-17T00:00:00+00:00
[2023-12-16T12:36:56.292+0500] {processor.py:179} INFO - Processing /home/amina/airflow/dags/airflow_dag.py took 0.488 seconds
[2023-12-16T12:37:48.156+0500] {processor.py:157} INFO - Started process (PID=36736) to work on /home/amina/airflow/dags/airflow_dag.py
[2023-12-16T12:37:48.183+0500] {processor.py:829} INFO - Processing file /home/amina/airflow/dags/airflow_dag.py for tasks to queue
[2023-12-16T12:37:48.183+0500] {logging_mixin.py:154} INFO - [2023-12-16T12:37:48.183+0500] {dagbag.py:536} INFO - Filling up the DagBag from /home/amina/airflow/dags/airflow_dag.py
[2023-12-16T12:37:48.441+0500] {processor.py:839} INFO - DAG(s) dict_keys(['etl_dag2']) retrieved from /home/amina/airflow/dags/airflow_dag.py
[2023-12-16T12:37:48.453+0500] {logging_mixin.py:154} INFO - [2023-12-16T12:37:48.453+0500] {dag.py:2941} INFO - Sync 1 DAGs
[2023-12-16T12:37:48.470+0500] {logging_mixin.py:154} INFO - [2023-12-16T12:37:48.470+0500] {dag.py:3722} INFO - Setting next_dagrun for etl_dag2 to 2023-12-16T00:00:00+00:00, run_after=2023-12-17T00:00:00+00:00
[2023-12-16T12:37:48.597+0500] {processor.py:179} INFO - Processing /home/amina/airflow/dags/airflow_dag.py took 0.444 seconds
[2023-12-16T12:38:38.722+0500] {processor.py:157} INFO - Started process (PID=36782) to work on /home/amina/airflow/dags/airflow_dag.py
[2023-12-16T12:38:38.767+0500] {processor.py:829} INFO - Processing file /home/amina/airflow/dags/airflow_dag.py for tasks to queue
[2023-12-16T12:38:38.768+0500] {logging_mixin.py:154} INFO - [2023-12-16T12:38:38.768+0500] {dagbag.py:536} INFO - Filling up the DagBag from /home/amina/airflow/dags/airflow_dag.py
[2023-12-16T12:38:39.022+0500] {processor.py:839} INFO - DAG(s) dict_keys(['etl_dag2']) retrieved from /home/amina/airflow/dags/airflow_dag.py
[2023-12-16T12:38:39.037+0500] {logging_mixin.py:154} INFO - [2023-12-16T12:38:39.037+0500] {dag.py:2941} INFO - Sync 1 DAGs
[2023-12-16T12:38:39.052+0500] {logging_mixin.py:154} INFO - [2023-12-16T12:38:39.052+0500] {dag.py:3722} INFO - Setting next_dagrun for etl_dag2 to 2023-12-16T00:00:00+00:00, run_after=2023-12-17T00:00:00+00:00
[2023-12-16T12:38:39.193+0500] {processor.py:179} INFO - Processing /home/amina/airflow/dags/airflow_dag.py took 0.475 seconds
[2023-12-16T12:39:26.145+0500] {processor.py:157} INFO - Started process (PID=36829) to work on /home/amina/airflow/dags/airflow_dag.py
[2023-12-16T12:39:26.189+0500] {processor.py:829} INFO - Processing file /home/amina/airflow/dags/airflow_dag.py for tasks to queue
[2023-12-16T12:39:26.190+0500] {logging_mixin.py:154} INFO - [2023-12-16T12:39:26.190+0500] {dagbag.py:536} INFO - Filling up the DagBag from /home/amina/airflow/dags/airflow_dag.py
[2023-12-16T12:39:26.452+0500] {processor.py:839} INFO - DAG(s) dict_keys(['etl_dag2']) retrieved from /home/amina/airflow/dags/airflow_dag.py
[2023-12-16T12:39:26.464+0500] {logging_mixin.py:154} INFO - [2023-12-16T12:39:26.464+0500] {dag.py:2941} INFO - Sync 1 DAGs
[2023-12-16T12:39:26.479+0500] {logging_mixin.py:154} INFO - [2023-12-16T12:39:26.479+0500] {dag.py:3722} INFO - Setting next_dagrun for etl_dag2 to 2023-12-16T00:00:00+00:00, run_after=2023-12-17T00:00:00+00:00
[2023-12-16T12:39:26.600+0500] {processor.py:179} INFO - Processing /home/amina/airflow/dags/airflow_dag.py took 0.457 seconds
[2023-12-16T12:40:17.020+0500] {processor.py:157} INFO - Started process (PID=36921) to work on /home/amina/airflow/dags/airflow_dag.py
[2023-12-16T12:40:17.021+0500] {processor.py:829} INFO - Processing file /home/amina/airflow/dags/airflow_dag.py for tasks to queue
[2023-12-16T12:40:17.022+0500] {logging_mixin.py:154} INFO - [2023-12-16T12:40:17.022+0500] {dagbag.py:536} INFO - Filling up the DagBag from /home/amina/airflow/dags/airflow_dag.py
[2023-12-16T12:40:17.283+0500] {processor.py:839} INFO - DAG(s) dict_keys(['etl_dag2']) retrieved from /home/amina/airflow/dags/airflow_dag.py
[2023-12-16T12:40:17.297+0500] {logging_mixin.py:154} INFO - [2023-12-16T12:40:17.297+0500] {dag.py:2941} INFO - Sync 1 DAGs
[2023-12-16T12:40:17.316+0500] {logging_mixin.py:154} INFO - [2023-12-16T12:40:17.316+0500] {dag.py:3722} INFO - Setting next_dagrun for etl_dag2 to 2023-12-16T00:00:00+00:00, run_after=2023-12-17T00:00:00+00:00
[2023-12-16T12:40:17.526+0500] {processor.py:179} INFO - Processing /home/amina/airflow/dags/airflow_dag.py took 0.509 seconds
[2023-12-16T12:40:41.710+0500] {processor.py:157} INFO - Started process (PID=36981) to work on /home/amina/airflow/dags/airflow_dag.py
[2023-12-16T12:40:41.711+0500] {processor.py:829} INFO - Processing file /home/amina/airflow/dags/airflow_dag.py for tasks to queue
[2023-12-16T12:40:41.712+0500] {logging_mixin.py:154} INFO - [2023-12-16T12:40:41.712+0500] {dagbag.py:536} INFO - Filling up the DagBag from /home/amina/airflow/dags/airflow_dag.py
[2023-12-16T12:40:41.971+0500] {processor.py:839} INFO - DAG(s) dict_keys(['etl_dag2']) retrieved from /home/amina/airflow/dags/airflow_dag.py
[2023-12-16T12:40:41.983+0500] {logging_mixin.py:154} INFO - [2023-12-16T12:40:41.983+0500] {dag.py:2941} INFO - Sync 1 DAGs
[2023-12-16T12:40:41.997+0500] {logging_mixin.py:154} INFO - [2023-12-16T12:40:41.997+0500] {dag.py:3722} INFO - Setting next_dagrun for etl_dag2 to 2023-12-16T00:00:00+00:00, run_after=2023-12-17T00:00:00+00:00
[2023-12-16T12:40:42.156+0500] {processor.py:179} INFO - Processing /home/amina/airflow/dags/airflow_dag.py took 0.448 seconds
[2023-12-16T12:41:08.930+0500] {processor.py:157} INFO - Started process (PID=37043) to work on /home/amina/airflow/dags/airflow_dag.py
[2023-12-16T12:41:08.965+0500] {processor.py:829} INFO - Processing file /home/amina/airflow/dags/airflow_dag.py for tasks to queue
[2023-12-16T12:41:08.966+0500] {logging_mixin.py:154} INFO - [2023-12-16T12:41:08.966+0500] {dagbag.py:536} INFO - Filling up the DagBag from /home/amina/airflow/dags/airflow_dag.py
[2023-12-16T12:41:09.363+0500] {processor.py:839} INFO - DAG(s) dict_keys(['etl_dag2']) retrieved from /home/amina/airflow/dags/airflow_dag.py
[2023-12-16T12:41:09.375+0500] {logging_mixin.py:154} INFO - [2023-12-16T12:41:09.375+0500] {dag.py:2941} INFO - Sync 1 DAGs
[2023-12-16T12:41:09.390+0500] {logging_mixin.py:154} INFO - [2023-12-16T12:41:09.389+0500] {dag.py:3722} INFO - Setting next_dagrun for etl_dag2 to 2023-12-16T00:00:00+00:00, run_after=2023-12-17T00:00:00+00:00
[2023-12-16T12:41:09.593+0500] {processor.py:179} INFO - Processing /home/amina/airflow/dags/airflow_dag.py took 0.666 seconds
[2023-12-16T12:42:08.206+0500] {processor.py:157} INFO - Started process (PID=37106) to work on /home/amina/airflow/dags/airflow_dag.py
[2023-12-16T12:42:08.251+0500] {processor.py:829} INFO - Processing file /home/amina/airflow/dags/airflow_dag.py for tasks to queue
[2023-12-16T12:42:08.252+0500] {logging_mixin.py:154} INFO - [2023-12-16T12:42:08.252+0500] {dagbag.py:536} INFO - Filling up the DagBag from /home/amina/airflow/dags/airflow_dag.py
[2023-12-16T12:42:08.546+0500] {processor.py:839} INFO - DAG(s) dict_keys(['etl_dag2']) retrieved from /home/amina/airflow/dags/airflow_dag.py
[2023-12-16T12:42:08.561+0500] {logging_mixin.py:154} INFO - [2023-12-16T12:42:08.561+0500] {dag.py:2941} INFO - Sync 1 DAGs
[2023-12-16T12:42:08.582+0500] {logging_mixin.py:154} INFO - [2023-12-16T12:42:08.582+0500] {dag.py:3722} INFO - Setting next_dagrun for etl_dag2 to 2023-12-16T00:00:00+00:00, run_after=2023-12-17T00:00:00+00:00
[2023-12-16T12:42:08.738+0500] {processor.py:179} INFO - Processing /home/amina/airflow/dags/airflow_dag.py took 0.535 seconds
[2023-12-16T12:43:13.845+0500] {processor.py:157} INFO - Started process (PID=37202) to work on /home/amina/airflow/dags/airflow_dag.py
[2023-12-16T12:43:13.893+0500] {processor.py:829} INFO - Processing file /home/amina/airflow/dags/airflow_dag.py for tasks to queue
[2023-12-16T12:43:13.894+0500] {logging_mixin.py:154} INFO - [2023-12-16T12:43:13.894+0500] {dagbag.py:536} INFO - Filling up the DagBag from /home/amina/airflow/dags/airflow_dag.py
[2023-12-16T12:43:14.211+0500] {processor.py:839} INFO - DAG(s) dict_keys(['etl_dag2']) retrieved from /home/amina/airflow/dags/airflow_dag.py
[2023-12-16T12:43:14.228+0500] {logging_mixin.py:154} INFO - [2023-12-16T12:43:14.228+0500] {dag.py:2941} INFO - Sync 1 DAGs
[2023-12-16T12:43:14.247+0500] {logging_mixin.py:154} INFO - [2023-12-16T12:43:14.247+0500] {dag.py:3722} INFO - Setting next_dagrun for etl_dag2 to 2023-12-16T00:00:00+00:00, run_after=2023-12-17T00:00:00+00:00
[2023-12-16T12:43:14.398+0500] {processor.py:179} INFO - Processing /home/amina/airflow/dags/airflow_dag.py took 0.556 seconds
[2023-12-16T12:43:50.104+0500] {processor.py:157} INFO - Started process (PID=37235) to work on /home/amina/airflow/dags/airflow_dag.py
[2023-12-16T12:43:50.108+0500] {processor.py:829} INFO - Processing file /home/amina/airflow/dags/airflow_dag.py for tasks to queue
[2023-12-16T12:43:50.108+0500] {logging_mixin.py:154} INFO - [2023-12-16T12:43:50.108+0500] {dagbag.py:536} INFO - Filling up the DagBag from /home/amina/airflow/dags/airflow_dag.py
[2023-12-16T12:43:50.377+0500] {processor.py:839} INFO - DAG(s) dict_keys(['etl_dag2']) retrieved from /home/amina/airflow/dags/airflow_dag.py
[2023-12-16T12:43:50.396+0500] {logging_mixin.py:154} INFO - [2023-12-16T12:43:50.396+0500] {dag.py:2941} INFO - Sync 1 DAGs
[2023-12-16T12:43:50.413+0500] {logging_mixin.py:154} INFO - [2023-12-16T12:43:50.413+0500] {dag.py:3722} INFO - Setting next_dagrun for etl_dag2 to 2023-12-16T00:00:00+00:00, run_after=2023-12-17T00:00:00+00:00
[2023-12-16T12:43:50.570+0500] {processor.py:179} INFO - Processing /home/amina/airflow/dags/airflow_dag.py took 0.468 seconds
[2023-12-16T12:44:38.446+0500] {processor.py:157} INFO - Started process (PID=37300) to work on /home/amina/airflow/dags/airflow_dag.py
[2023-12-16T12:44:38.463+0500] {processor.py:829} INFO - Processing file /home/amina/airflow/dags/airflow_dag.py for tasks to queue
[2023-12-16T12:44:38.464+0500] {logging_mixin.py:154} INFO - [2023-12-16T12:44:38.464+0500] {dagbag.py:536} INFO - Filling up the DagBag from /home/amina/airflow/dags/airflow_dag.py
[2023-12-16T12:44:38.736+0500] {processor.py:839} INFO - DAG(s) dict_keys(['etl_dag2']) retrieved from /home/amina/airflow/dags/airflow_dag.py
[2023-12-16T12:44:38.748+0500] {logging_mixin.py:154} INFO - [2023-12-16T12:44:38.748+0500] {dag.py:2941} INFO - Sync 1 DAGs
[2023-12-16T12:44:38.763+0500] {logging_mixin.py:154} INFO - [2023-12-16T12:44:38.762+0500] {dag.py:3722} INFO - Setting next_dagrun for etl_dag2 to 2023-12-16T00:00:00+00:00, run_after=2023-12-17T00:00:00+00:00
[2023-12-16T12:44:38.882+0500] {processor.py:179} INFO - Processing /home/amina/airflow/dags/airflow_dag.py took 0.439 seconds
[2023-12-16T12:45:25.510+0500] {processor.py:157} INFO - Started process (PID=37380) to work on /home/amina/airflow/dags/airflow_dag.py
[2023-12-16T12:45:25.541+0500] {processor.py:829} INFO - Processing file /home/amina/airflow/dags/airflow_dag.py for tasks to queue
[2023-12-16T12:45:25.541+0500] {logging_mixin.py:154} INFO - [2023-12-16T12:45:25.541+0500] {dagbag.py:536} INFO - Filling up the DagBag from /home/amina/airflow/dags/airflow_dag.py
[2023-12-16T12:45:25.794+0500] {processor.py:839} INFO - DAG(s) dict_keys(['etl_dag2']) retrieved from /home/amina/airflow/dags/airflow_dag.py
[2023-12-16T12:45:25.808+0500] {logging_mixin.py:154} INFO - [2023-12-16T12:45:25.808+0500] {dag.py:2941} INFO - Sync 1 DAGs
[2023-12-16T12:45:25.822+0500] {logging_mixin.py:154} INFO - [2023-12-16T12:45:25.822+0500] {dag.py:3722} INFO - Setting next_dagrun for etl_dag2 to 2023-12-16T00:00:00+00:00, run_after=2023-12-17T00:00:00+00:00
[2023-12-16T12:45:25.950+0500] {processor.py:179} INFO - Processing /home/amina/airflow/dags/airflow_dag.py took 0.444 seconds
[2023-12-16T12:46:14.404+0500] {processor.py:157} INFO - Started process (PID=37430) to work on /home/amina/airflow/dags/airflow_dag.py
[2023-12-16T12:46:14.412+0500] {processor.py:829} INFO - Processing file /home/amina/airflow/dags/airflow_dag.py for tasks to queue
[2023-12-16T12:46:14.413+0500] {logging_mixin.py:154} INFO - [2023-12-16T12:46:14.413+0500] {dagbag.py:536} INFO - Filling up the DagBag from /home/amina/airflow/dags/airflow_dag.py
[2023-12-16T12:46:14.668+0500] {processor.py:839} INFO - DAG(s) dict_keys(['etl_dag2']) retrieved from /home/amina/airflow/dags/airflow_dag.py
[2023-12-16T12:46:14.681+0500] {logging_mixin.py:154} INFO - [2023-12-16T12:46:14.680+0500] {dag.py:2941} INFO - Sync 1 DAGs
[2023-12-16T12:46:14.695+0500] {logging_mixin.py:154} INFO - [2023-12-16T12:46:14.695+0500] {dag.py:3722} INFO - Setting next_dagrun for etl_dag2 to 2023-12-16T00:00:00+00:00, run_after=2023-12-17T00:00:00+00:00
[2023-12-16T12:46:14.813+0500] {processor.py:179} INFO - Processing /home/amina/airflow/dags/airflow_dag.py took 0.412 seconds
[2023-12-16T12:47:04.921+0500] {processor.py:157} INFO - Started process (PID=37484) to work on /home/amina/airflow/dags/airflow_dag.py
[2023-12-16T12:47:04.977+0500] {processor.py:829} INFO - Processing file /home/amina/airflow/dags/airflow_dag.py for tasks to queue
[2023-12-16T12:47:04.978+0500] {logging_mixin.py:154} INFO - [2023-12-16T12:47:04.978+0500] {dagbag.py:536} INFO - Filling up the DagBag from /home/amina/airflow/dags/airflow_dag.py
[2023-12-16T12:47:05.271+0500] {processor.py:839} INFO - DAG(s) dict_keys(['etl_dag2']) retrieved from /home/amina/airflow/dags/airflow_dag.py
[2023-12-16T12:47:05.285+0500] {logging_mixin.py:154} INFO - [2023-12-16T12:47:05.285+0500] {dag.py:2941} INFO - Sync 1 DAGs
[2023-12-16T12:47:05.300+0500] {logging_mixin.py:154} INFO - [2023-12-16T12:47:05.300+0500] {dag.py:3722} INFO - Setting next_dagrun for etl_dag2 to 2023-12-16T00:00:00+00:00, run_after=2023-12-17T00:00:00+00:00
[2023-12-16T12:47:05.455+0500] {processor.py:179} INFO - Processing /home/amina/airflow/dags/airflow_dag.py took 0.536 seconds
[2023-12-16T12:47:55.789+0500] {processor.py:157} INFO - Started process (PID=37542) to work on /home/amina/airflow/dags/airflow_dag.py
[2023-12-16T12:47:55.846+0500] {processor.py:829} INFO - Processing file /home/amina/airflow/dags/airflow_dag.py for tasks to queue
[2023-12-16T12:47:55.847+0500] {logging_mixin.py:154} INFO - [2023-12-16T12:47:55.847+0500] {dagbag.py:536} INFO - Filling up the DagBag from /home/amina/airflow/dags/airflow_dag.py
[2023-12-16T12:47:56.111+0500] {processor.py:839} INFO - DAG(s) dict_keys(['etl_dag2']) retrieved from /home/amina/airflow/dags/airflow_dag.py
[2023-12-16T12:47:56.124+0500] {logging_mixin.py:154} INFO - [2023-12-16T12:47:56.124+0500] {dag.py:2941} INFO - Sync 1 DAGs
[2023-12-16T12:47:56.139+0500] {logging_mixin.py:154} INFO - [2023-12-16T12:47:56.139+0500] {dag.py:3722} INFO - Setting next_dagrun for etl_dag2 to 2023-12-16T00:00:00+00:00, run_after=2023-12-17T00:00:00+00:00
[2023-12-16T12:47:56.274+0500] {processor.py:179} INFO - Processing /home/amina/airflow/dags/airflow_dag.py took 0.488 seconds
[2023-12-16T12:48:49.202+0500] {processor.py:157} INFO - Started process (PID=37642) to work on /home/amina/airflow/dags/airflow_dag.py
[2023-12-16T12:48:49.260+0500] {processor.py:829} INFO - Processing file /home/amina/airflow/dags/airflow_dag.py for tasks to queue
[2023-12-16T12:48:49.261+0500] {logging_mixin.py:154} INFO - [2023-12-16T12:48:49.261+0500] {dagbag.py:536} INFO - Filling up the DagBag from /home/amina/airflow/dags/airflow_dag.py
[2023-12-16T12:48:49.553+0500] {processor.py:839} INFO - DAG(s) dict_keys(['etl_dag2']) retrieved from /home/amina/airflow/dags/airflow_dag.py
[2023-12-16T12:48:49.568+0500] {logging_mixin.py:154} INFO - [2023-12-16T12:48:49.567+0500] {dag.py:2941} INFO - Sync 1 DAGs
[2023-12-16T12:48:49.583+0500] {logging_mixin.py:154} INFO - [2023-12-16T12:48:49.583+0500] {dag.py:3722} INFO - Setting next_dagrun for etl_dag2 to 2023-12-16T00:00:00+00:00, run_after=2023-12-17T00:00:00+00:00
[2023-12-16T12:48:49.782+0500] {processor.py:179} INFO - Processing /home/amina/airflow/dags/airflow_dag.py took 0.582 seconds
[2023-12-16T12:49:19.934+0500] {processor.py:157} INFO - Started process (PID=38263) to work on /home/amina/airflow/dags/airflow_dag.py
[2023-12-16T12:49:19.935+0500] {processor.py:829} INFO - Processing file /home/amina/airflow/dags/airflow_dag.py for tasks to queue
[2023-12-16T12:49:19.935+0500] {logging_mixin.py:154} INFO - [2023-12-16T12:49:19.935+0500] {dagbag.py:536} INFO - Filling up the DagBag from /home/amina/airflow/dags/airflow_dag.py
[2023-12-16T12:49:20.255+0500] {processor.py:839} INFO - DAG(s) dict_keys(['etl_dag2']) retrieved from /home/amina/airflow/dags/airflow_dag.py
[2023-12-16T12:49:20.276+0500] {logging_mixin.py:154} INFO - [2023-12-16T12:49:20.276+0500] {dag.py:2941} INFO - Sync 1 DAGs
[2023-12-16T12:49:20.291+0500] {logging_mixin.py:154} INFO - [2023-12-16T12:49:20.290+0500] {dag.py:3722} INFO - Setting next_dagrun for etl_dag2 to 2023-12-16T00:00:00+00:00, run_after=2023-12-17T00:00:00+00:00
[2023-12-16T12:49:20.417+0500] {processor.py:179} INFO - Processing /home/amina/airflow/dags/airflow_dag.py took 0.486 seconds
[2023-12-16T12:49:52.240+0500] {processor.py:157} INFO - Started process (PID=38345) to work on /home/amina/airflow/dags/airflow_dag.py
[2023-12-16T12:49:52.241+0500] {processor.py:829} INFO - Processing file /home/amina/airflow/dags/airflow_dag.py for tasks to queue
[2023-12-16T12:49:52.242+0500] {logging_mixin.py:154} INFO - [2023-12-16T12:49:52.241+0500] {dagbag.py:536} INFO - Filling up the DagBag from /home/amina/airflow/dags/airflow_dag.py
[2023-12-16T12:49:52.504+0500] {processor.py:839} INFO - DAG(s) dict_keys(['etl_dag2']) retrieved from /home/amina/airflow/dags/airflow_dag.py
[2023-12-16T12:49:52.517+0500] {logging_mixin.py:154} INFO - [2023-12-16T12:49:52.516+0500] {dag.py:2941} INFO - Sync 1 DAGs
[2023-12-16T12:49:52.531+0500] {logging_mixin.py:154} INFO - [2023-12-16T12:49:52.531+0500] {dag.py:3722} INFO - Setting next_dagrun for etl_dag2 to 2023-12-16T00:00:00+00:00, run_after=2023-12-17T00:00:00+00:00
[2023-12-16T12:49:52.662+0500] {processor.py:179} INFO - Processing /home/amina/airflow/dags/airflow_dag.py took 0.425 seconds
[2023-12-16T12:50:25.923+0500] {processor.py:157} INFO - Started process (PID=38448) to work on /home/amina/airflow/dags/airflow_dag.py
[2023-12-16T12:50:25.938+0500] {processor.py:829} INFO - Processing file /home/amina/airflow/dags/airflow_dag.py for tasks to queue
[2023-12-16T12:50:25.939+0500] {logging_mixin.py:154} INFO - [2023-12-16T12:50:25.938+0500] {dagbag.py:536} INFO - Filling up the DagBag from /home/amina/airflow/dags/airflow_dag.py
[2023-12-16T12:50:26.190+0500] {processor.py:839} INFO - DAG(s) dict_keys(['etl_dag2']) retrieved from /home/amina/airflow/dags/airflow_dag.py
[2023-12-16T12:50:26.204+0500] {logging_mixin.py:154} INFO - [2023-12-16T12:50:26.203+0500] {dag.py:2941} INFO - Sync 1 DAGs
[2023-12-16T12:50:26.218+0500] {logging_mixin.py:154} INFO - [2023-12-16T12:50:26.217+0500] {dag.py:3722} INFO - Setting next_dagrun for etl_dag2 to 2023-12-16T00:00:00+00:00, run_after=2023-12-17T00:00:00+00:00
[2023-12-16T12:50:26.489+0500] {processor.py:179} INFO - Processing /home/amina/airflow/dags/airflow_dag.py took 0.568 seconds
[2023-12-16T12:50:59.481+0500] {processor.py:157} INFO - Started process (PID=38500) to work on /home/amina/airflow/dags/airflow_dag.py
[2023-12-16T12:50:59.517+0500] {processor.py:829} INFO - Processing file /home/amina/airflow/dags/airflow_dag.py for tasks to queue
[2023-12-16T12:50:59.518+0500] {logging_mixin.py:154} INFO - [2023-12-16T12:50:59.518+0500] {dagbag.py:536} INFO - Filling up the DagBag from /home/amina/airflow/dags/airflow_dag.py
[2023-12-16T12:50:59.832+0500] {processor.py:839} INFO - DAG(s) dict_keys(['etl_dag2']) retrieved from /home/amina/airflow/dags/airflow_dag.py
[2023-12-16T12:50:59.846+0500] {logging_mixin.py:154} INFO - [2023-12-16T12:50:59.846+0500] {dag.py:2941} INFO - Sync 1 DAGs
[2023-12-16T12:50:59.863+0500] {logging_mixin.py:154} INFO - [2023-12-16T12:50:59.863+0500] {dag.py:3722} INFO - Setting next_dagrun for etl_dag2 to 2023-12-16T00:00:00+00:00, run_after=2023-12-17T00:00:00+00:00
[2023-12-16T12:51:00.195+0500] {processor.py:179} INFO - Processing /home/amina/airflow/dags/airflow_dag.py took 0.717 seconds
[2023-12-16T12:51:30.333+0500] {processor.py:157} INFO - Started process (PID=38526) to work on /home/amina/airflow/dags/airflow_dag.py
[2023-12-16T12:51:30.334+0500] {processor.py:829} INFO - Processing file /home/amina/airflow/dags/airflow_dag.py for tasks to queue
[2023-12-16T12:51:30.334+0500] {logging_mixin.py:154} INFO - [2023-12-16T12:51:30.334+0500] {dagbag.py:536} INFO - Filling up the DagBag from /home/amina/airflow/dags/airflow_dag.py
[2023-12-16T12:51:30.646+0500] {processor.py:839} INFO - DAG(s) dict_keys(['etl_dag2']) retrieved from /home/amina/airflow/dags/airflow_dag.py
[2023-12-16T12:51:30.659+0500] {logging_mixin.py:154} INFO - [2023-12-16T12:51:30.659+0500] {dag.py:2941} INFO - Sync 1 DAGs
[2023-12-16T12:51:30.676+0500] {logging_mixin.py:154} INFO - [2023-12-16T12:51:30.675+0500] {dag.py:3722} INFO - Setting next_dagrun for etl_dag2 to 2023-12-16T00:00:00+00:00, run_after=2023-12-17T00:00:00+00:00
[2023-12-16T12:51:30.809+0500] {processor.py:179} INFO - Processing /home/amina/airflow/dags/airflow_dag.py took 0.479 seconds
[2023-12-16T12:52:01.146+0500] {processor.py:157} INFO - Started process (PID=38550) to work on /home/amina/airflow/dags/airflow_dag.py
[2023-12-16T12:52:01.187+0500] {processor.py:829} INFO - Processing file /home/amina/airflow/dags/airflow_dag.py for tasks to queue
[2023-12-16T12:52:01.188+0500] {logging_mixin.py:154} INFO - [2023-12-16T12:52:01.188+0500] {dagbag.py:536} INFO - Filling up the DagBag from /home/amina/airflow/dags/airflow_dag.py
[2023-12-16T12:52:01.526+0500] {processor.py:839} INFO - DAG(s) dict_keys(['etl_dag2']) retrieved from /home/amina/airflow/dags/airflow_dag.py
[2023-12-16T12:52:01.543+0500] {logging_mixin.py:154} INFO - [2023-12-16T12:52:01.542+0500] {dag.py:2941} INFO - Sync 1 DAGs
[2023-12-16T12:52:01.564+0500] {logging_mixin.py:154} INFO - [2023-12-16T12:52:01.563+0500] {dag.py:3722} INFO - Setting next_dagrun for etl_dag2 to 2023-12-16T00:00:00+00:00, run_after=2023-12-17T00:00:00+00:00
[2023-12-16T12:52:01.825+0500] {processor.py:179} INFO - Processing /home/amina/airflow/dags/airflow_dag.py took 0.682 seconds
[2023-12-16T12:52:55.887+0500] {processor.py:157} INFO - Started process (PID=38601) to work on /home/amina/airflow/dags/airflow_dag.py
[2023-12-16T12:52:55.932+0500] {processor.py:829} INFO - Processing file /home/amina/airflow/dags/airflow_dag.py for tasks to queue
[2023-12-16T12:52:55.933+0500] {logging_mixin.py:154} INFO - [2023-12-16T12:52:55.933+0500] {dagbag.py:536} INFO - Filling up the DagBag from /home/amina/airflow/dags/airflow_dag.py
[2023-12-16T12:52:56.275+0500] {processor.py:839} INFO - DAG(s) dict_keys(['etl_dag2']) retrieved from /home/amina/airflow/dags/airflow_dag.py
[2023-12-16T12:52:56.288+0500] {logging_mixin.py:154} INFO - [2023-12-16T12:52:56.288+0500] {dag.py:2941} INFO - Sync 1 DAGs
[2023-12-16T12:52:56.307+0500] {logging_mixin.py:154} INFO - [2023-12-16T12:52:56.306+0500] {dag.py:3722} INFO - Setting next_dagrun for etl_dag2 to 2023-12-16T00:00:00+00:00, run_after=2023-12-17T00:00:00+00:00
[2023-12-16T12:52:56.401+0500] {processor.py:179} INFO - Processing /home/amina/airflow/dags/airflow_dag.py took 0.517 seconds
